#
# There is insufficient memory for the Java Runtime Environment to continue.
# Native memory allocation (malloc) failed to allocate 2026736 bytes. Error detail: Chunk::new
# Possible reasons:
#   The system is out of physical RAM or swap space
#   This process is running with CompressedOops enabled, and the Java Heap may be blocking the growth of the native heap
# Possible solutions:
#   Reduce memory load on the system
#   Increase physical memory or swap space
#   Check if swap backing store is full
#   Decrease Java heap size (-Xmx/-Xms)
#   Decrease number of Java threads
#   Decrease Java thread stack sizes (-Xss)
#   Set larger code cache with -XX:ReservedCodeCacheSize=
#   JVM is running with Unscaled Compressed Oops mode in which the Java heap is
#     placed in the first 4GB address space. The Java Heap base address is the
#     maximum limit for the native heap growth. Please use -XX:HeapBaseMinAddress
#     to set the Java Heap base and to place the Java Heap above 4GB virtual address.
# This output file may be truncated or incomplete.
#
#  Out of Memory Error (arena.cpp:168), pid=21156, tid=23652
#
# JRE version: OpenJDK Runtime Environment Temurin-21.0.7+6 (21.0.7+6) (build 21.0.7+6-LTS)
# Java VM: OpenJDK 64-Bit Server VM Temurin-21.0.7+6 (21.0.7+6-LTS, mixed mode, sharing, tiered, compressed oops, compressed class ptrs, parallel gc, windows-amd64)
# No core dump will be written. Minidumps are not enabled by default on client versions of Windows
#

---------------  S U M M A R Y ------------

Command Line: --add-modules=ALL-SYSTEM --add-opens=java.base/java.util=ALL-UNNAMED --add-opens=java.base/java.lang=ALL-UNNAMED --add-opens=java.base/sun.nio.fs=ALL-UNNAMED -Declipse.application=org.eclipse.jdt.ls.core.id1 -Dosgi.bundles.defaultStartLevel=4 -Declipse.product=org.eclipse.jdt.ls.core.product -Djava.import.generatesMetadataFilesAtProjectRoot=false -DDetectVMInstallationsJob.disabled=true -Dfile.encoding=utf8 -XX:+UseParallelGC -XX:GCTimeRatio=4 -XX:AdaptiveSizePolicyWeight=90 -Dsun.zip.disableMemoryMapping=true -Xmx2G -Xms100m -Xlog:disable -javaagent:c:\Users\Admin\.vscode\extensions\redhat.java-1.43.1-win32-x64\lombok\lombok-1.18.39-4050.jar -XX:+HeapDumpOnOutOfMemoryError -XX:HeapDumpPath=c:\Users\Admin\AppData\Roaming\Code\User\workspaceStorage\91bfc2bb926e85cacc8896de9206306c\redhat.java -Daether.dependencyCollector.impl=bf c:\Users\Admin\.vscode\extensions\redhat.java-1.43.1-win32-x64\server\plugins\org.eclipse.equinox.launcher_1.7.0.v20250519-0528.jar -configuration c:\Users\Admin\AppData\Roaming\Code\User\globalStorage\redhat.java\1.43.1\config_win -data c:\Users\Admin\AppData\Roaming\Code\User\workspaceStorage\91bfc2bb926e85cacc8896de9206306c\redhat.java\jdt_ws --pipe=\\.\pipe\lsp-96d00de9abce40f40313296c4121b71d-sock

Host: AMD Ryzen 5 5500U with Radeon Graphics         , 12 cores, 5G,  Windows 11 , 64 bit Build 26100 (10.0.26100.3323)
Time: Thu Jul 10 12:10:07 2025 W. Central Africa Standard Time elapsed time: 66.055565 seconds (0d 0h 1m 6s)

---------------  T H R E A D  ---------------

Current thread (0x00000292076a26e0):  JavaThread "C2 CompilerThread0" daemon [_thread_in_native, id=23652, stack(0x000000bd97c00000,0x000000bd97d00000) (1024K)]


Current CompileTask:
C2:66055 15866 %     4       org.eclipse.jdt.internal.core.search.indexing.BinaryIndexer::extractReferenceFromConstantPool @ 15 (358 bytes)

Stack: [0x000000bd97c00000,0x000000bd97d00000]
Native frames: (J=compiled Java code, j=interpreted, Vv=VM code, C=native code)
V  [jvm.dll+0x6ce119]
V  [jvm.dll+0x8a84a1]
V  [jvm.dll+0x8aa9ce]
V  [jvm.dll+0x8ab0b3]
V  [jvm.dll+0x27f8a6]
V  [jvm.dll+0xc507d]
V  [jvm.dll+0xc55b3]
V  [jvm.dll+0x3b68f2]
V  [jvm.dll+0x382aa5]
V  [jvm.dll+0x381f0a]
V  [jvm.dll+0x247af0]
V  [jvm.dll+0x2470cf]
V  [jvm.dll+0x1c760e]
V  [jvm.dll+0x25695a]
V  [jvm.dll+0x254efa]
V  [jvm.dll+0x3f03f6]
V  [jvm.dll+0x851f6b]
V  [jvm.dll+0x6cc7dd]
C  [ucrtbase.dll+0x37b0]
C  [KERNEL32.DLL+0x2e8d7]
C  [ntdll.dll+0xbbf6c]


---------------  P R O C E S S  ---------------

Threads class SMR info:
_java_thread_list=0x0000029266247780, length=89, elements={
0x00000292075edef0, 0x0000029207696fb0, 0x00000292076995c0, 0x000002920769b5a0,
0x000002920769c1f0, 0x000002920769ce40, 0x000002920769f8a0, 0x00000292076a26e0,
0x0000029260387da0, 0x0000029260438fd0, 0x00000292606763a0, 0x00000292618d26b0,
0x00000292660812d0, 0x0000029261aed0b0, 0x0000029261a18100, 0x0000029261ade9b0,
0x00000292666114a0, 0x00000292660d1850, 0x00000292660d1ee0, 0x00000292660d2570,
0x00000292660d2c00, 0x00000292660d3920, 0x0000029266d0d800, 0x0000029266d0de90,
0x0000029266d0b730, 0x0000029266d0c450, 0x0000029266d0aa10, 0x0000029266d0e520,
0x0000029266d0cae0, 0x0000029266d0b0a0, 0x0000029266d105f0, 0x0000029266d0ebb0,
0x0000029266d0f240, 0x0000029266d0d170, 0x0000029266d0f8d0, 0x0000029266d0ff60,
0x0000029266d10c80, 0x0000029266d11310, 0x0000029266d119a0, 0x0000029266d12030,
0x00000292680c9b40, 0x00000292680caef0, 0x00000292680c8100, 0x00000292680ca1d0,
0x00000292680c94b0, 0x00000292660d3290, 0x0000029267af99e0, 0x0000029267afa070,
0x0000029267afbab0, 0x0000029267af8cc0, 0x0000029267afa700, 0x0000029267af9350,
0x0000029267afb420, 0x0000029267afad90, 0x0000029267af8630, 0x0000029267f3e660,
0x0000029267f3d940, 0x0000029267f3dfd0, 0x0000029267f3d2b0, 0x0000029267f3ecf0,
0x0000029267f3f380, 0x0000029267f3bf00, 0x0000029267f3fa10, 0x0000029267f3cc20,
0x0000029267f3c590, 0x0000029267f40730, 0x0000029267f43520, 0x0000029267f42170,
0x0000029267f40dc0, 0x0000029267f42800, 0x00000292682ea6c0, 0x00000292682eba70,
0x00000292682eb3e0, 0x00000292682ec100, 0x00000292682ec790, 0x00000292682ea030,
0x00000292682ece20, 0x00000292682e99a0, 0x0000029267ac1560, 0x0000029267ac3630,
0x0000029267ac3cc0, 0x0000029267ac5070, 0x0000029267ac1bf0, 0x0000029267ac5700,
0x0000029267ac2280, 0x0000029267ac2910, 0x0000029267ac5d90, 0x0000029267ac49e0,
0x0000029267ac4350
}

Java Threads: ( => current thread )
  0x00000292075edef0 JavaThread "main"                              [_thread_blocked, id=31984, stack(0x000000bd97200000,0x000000bd97300000) (1024K)]
  0x0000029207696fb0 JavaThread "Reference Handler"          daemon [_thread_blocked, id=32328, stack(0x000000bd97600000,0x000000bd97700000) (1024K)]
  0x00000292076995c0 JavaThread "Finalizer"                  daemon [_thread_blocked, id=26280, stack(0x000000bd97700000,0x000000bd97800000) (1024K)]
  0x000002920769b5a0 JavaThread "Signal Dispatcher"          daemon [_thread_blocked, id=29552, stack(0x000000bd97800000,0x000000bd97900000) (1024K)]
  0x000002920769c1f0 JavaThread "Attach Listener"            daemon [_thread_blocked, id=20928, stack(0x000000bd97900000,0x000000bd97a00000) (1024K)]
  0x000002920769ce40 JavaThread "Service Thread"             daemon [_thread_blocked, id=17864, stack(0x000000bd97a00000,0x000000bd97b00000) (1024K)]
  0x000002920769f8a0 JavaThread "Monitor Deflation Thread"   daemon [_thread_blocked, id=30932, stack(0x000000bd97b00000,0x000000bd97c00000) (1024K)]
=>0x00000292076a26e0 JavaThread "C2 CompilerThread0"         daemon [_thread_in_native, id=23652, stack(0x000000bd97c00000,0x000000bd97d00000) (1024K)]
  0x0000029260387da0 JavaThread "C1 CompilerThread0"         daemon [_thread_blocked, id=19916, stack(0x000000bd97d00000,0x000000bd97e00000) (1024K)]
  0x0000029260438fd0 JavaThread "Common-Cleaner"             daemon [_thread_blocked, id=22760, stack(0x000000bd97e00000,0x000000bd97f00000) (1024K)]
  0x00000292606763a0 JavaThread "Notification Thread"        daemon [_thread_blocked, id=18764, stack(0x000000bd98000000,0x000000bd98100000) (1024K)]
  0x00000292618d26b0 JavaThread "Active Thread: Equinox Container: 2822cc4a-583f-4148-b497-210da44051f5"        [_thread_blocked, id=8576, stack(0x000000bd97f00000,0x000000bd98000000) (1024K)]
  0x00000292660812d0 JavaThread "Refresh Thread: Equinox Container: 2822cc4a-583f-4148-b497-210da44051f5" daemon [_thread_blocked, id=11140, stack(0x000000bd98700000,0x000000bd98800000) (1024K)]
  0x0000029261aed0b0 JavaThread "Framework Event Dispatcher: Equinox Container: 2822cc4a-583f-4148-b497-210da44051f5" daemon [_thread_blocked, id=30604, stack(0x000000bd98900000,0x000000bd98a00000) (1024K)]
  0x0000029261a18100 JavaThread "Start Level: Equinox Container: 2822cc4a-583f-4148-b497-210da44051f5" daemon [_thread_blocked, id=31908, stack(0x000000bd98a00000,0x000000bd98b00000) (1024K)]
  0x0000029261ade9b0 JavaThread "Bundle File Closer"         daemon [_thread_blocked, id=24460, stack(0x000000bd98d00000,0x000000bd98e00000) (1024K)]
  0x00000292666114a0 JavaThread "SCR Component Actor"        daemon [_thread_blocked, id=18692, stack(0x000000bd98e00000,0x000000bd98f00000) (1024K)]
  0x00000292660d1850 JavaThread "Worker-JM"                         [_thread_blocked, id=21704, stack(0x000000bd99000000,0x000000bd99100000) (1024K)]
  0x00000292660d1ee0 JavaThread "JNA Cleaner"                daemon [_thread_blocked, id=10288, stack(0x000000bd98f00000,0x000000bd99000000) (1024K)]
  0x00000292660d2570 JavaThread "Worker-0"                          [_thread_blocked, id=6808, stack(0x000000bd99100000,0x000000bd99200000) (1024K)]
  0x00000292660d2c00 JavaThread "Worker-1"                          [_thread_blocked, id=24960, stack(0x000000bd99200000,0x000000bd99300000) (1024K)]
  0x00000292660d3920 JavaThread "Worker-2: Publish Diagnostics"        [_thread_blocked, id=25028, stack(0x000000bd99400000,0x000000bd99500000) (1024K)]
  0x0000029266d0d800 JavaThread "Java indexing"              daemon [_thread_blocked, id=5564, stack(0x000000bd99600000,0x000000bd99700000) (1024K)]
  0x0000029266d0de90 JavaThread "Worker-3: Initialize workspace"        [_thread_blocked, id=29744, stack(0x000000bd99700000,0x000000bd99800000) (1024K)]
  0x0000029266d0b730 JavaThread "Worker-4"                          [_thread_blocked, id=21280, stack(0x000000bd99800000,0x000000bd99900000) (1024K)]
  0x0000029266d0c450 JavaThread "Worker-5: Java indexing... "        [_thread_blocked, id=7076, stack(0x000000bd99c00000,0x000000bd99d00000) (1024K)]
  0x0000029266d0aa10 JavaThread "Thread-3"                   daemon [_thread_in_native, id=13712, stack(0x000000bd99d00000,0x000000bd99e00000) (1024K)]
  0x0000029266d0e520 JavaThread "Thread-4"                   daemon [_thread_in_native, id=31088, stack(0x000000bd99e00000,0x000000bd99f00000) (1024K)]
  0x0000029266d0cae0 JavaThread "Thread-5"                   daemon [_thread_in_native, id=12940, stack(0x000000bd99f00000,0x000000bd9a000000) (1024K)]
  0x0000029266d0b0a0 JavaThread "Thread-6"                   daemon [_thread_in_native, id=23208, stack(0x000000bd9a000000,0x000000bd9a100000) (1024K)]
  0x0000029266d105f0 JavaThread "Thread-7"                   daemon [_thread_in_native, id=19200, stack(0x000000bd9a100000,0x000000bd9a200000) (1024K)]
  0x0000029266d0ebb0 JavaThread "Thread-8"                   daemon [_thread_in_native, id=29208, stack(0x000000bd9a200000,0x000000bd9a300000) (1024K)]
  0x0000029266d0f240 JavaThread "Thread-9"                   daemon [_thread_in_native, id=6148, stack(0x000000bd9a300000,0x000000bd9a400000) (1024K)]
  0x0000029266d0d170 JavaThread "Thread-10"                  daemon [_thread_in_native, id=22772, stack(0x000000bd9a400000,0x000000bd9a500000) (1024K)]
  0x0000029266d0f8d0 JavaThread "Thread-11"                  daemon [_thread_in_native, id=26940, stack(0x000000bd9a500000,0x000000bd9a600000) (1024K)]
  0x0000029266d0ff60 JavaThread "Thread-12"                  daemon [_thread_in_native, id=4072, stack(0x000000bd9a600000,0x000000bd9a700000) (1024K)]
  0x0000029266d10c80 JavaThread "Thread-13"                  daemon [_thread_in_native, id=26468, stack(0x000000bd9a700000,0x000000bd9a800000) (1024K)]
  0x0000029266d11310 JavaThread "Thread-14"                  daemon [_thread_in_native, id=28520, stack(0x000000bd9a800000,0x000000bd9a900000) (1024K)]
  0x0000029266d119a0 JavaThread "Thread-15"                  daemon [_thread_in_native, id=19752, stack(0x000000bd9a900000,0x000000bd9aa00000) (1024K)]
  0x0000029266d12030 JavaThread "pool-2-thread-1"                   [_thread_blocked, id=29648, stack(0x000000bd9aa00000,0x000000bd9ab00000) (1024K)]
  0x00000292680c9b40 JavaThread "Worker-6"                          [_thread_blocked, id=20236, stack(0x000000bd9ab00000,0x000000bd9ac00000) (1024K)]
  0x00000292680caef0 JavaThread "Worker-7"                          [_thread_blocked, id=23244, stack(0x000000bd9ac00000,0x000000bd9ad00000) (1024K)]
  0x00000292680c8100 JavaThread "WorkspaceEventsHandler"            [_thread_blocked, id=32476, stack(0x000000bd9ae00000,0x000000bd9af00000) (1024K)]
  0x00000292680ca1d0 JavaThread "pool-1-thread-1"                   [_thread_blocked, id=18392, stack(0x000000bd9af00000,0x000000bd9b000000) (1024K)]
  0x00000292680c94b0 JavaThread "Worker-8"                          [_thread_blocked, id=22688, stack(0x000000bd9b000000,0x000000bd9b100000) (1024K)]
  0x00000292660d3290 JavaThread "LocalFile Deleter"          daemon [_thread_blocked, id=27976, stack(0x000000bd99300000,0x000000bd99400000) (1024K)]
  0x0000029267af99e0 JavaThread "LocalFile Deleter"          daemon [_thread_blocked, id=11924, stack(0x000000bd9b100000,0x000000bd9b200000) (1024K)]
  0x0000029267afa070 JavaThread "LocalFile Deleter"          daemon [_thread_blocked, id=27660, stack(0x000000bd9b200000,0x000000bd9b300000) (1024K)]
  0x0000029267afbab0 JavaThread "LocalFile Deleter"          daemon [_thread_blocked, id=25040, stack(0x000000bd9b300000,0x000000bd9b400000) (1024K)]
  0x0000029267af8cc0 JavaThread "LocalFile Deleter"          daemon [_thread_blocked, id=31944, stack(0x000000bd9b400000,0x000000bd9b500000) (1024K)]
  0x0000029267afa700 JavaThread "LocalFile Deleter"          daemon [_thread_blocked, id=30064, stack(0x000000bd9b500000,0x000000bd9b600000) (1024K)]
  0x0000029267af9350 JavaThread "LocalFile Deleter"          daemon [_thread_blocked, id=23308, stack(0x000000bd9b600000,0x000000bd9b700000) (1024K)]
  0x0000029267afb420 JavaThread "LocalFile Deleter"          daemon [_thread_blocked, id=9316, stack(0x000000bd9b700000,0x000000bd9b800000) (1024K)]
  0x0000029267afad90 JavaThread "LocalFile Deleter"          daemon [_thread_blocked, id=13040, stack(0x000000bd9b800000,0x000000bd9b900000) (1024K)]
  0x0000029267af8630 JavaThread "LocalFile Deleter"          daemon [_thread_blocked, id=27008, stack(0x000000bd9b900000,0x000000bd9ba00000) (1024K)]
  0x0000029267f3e660 JavaThread "LocalFile Deleter"          daemon [_thread_blocked, id=5188, stack(0x000000bd9ba00000,0x000000bd9bb00000) (1024K)]
  0x0000029267f3d940 JavaThread "LocalFile Deleter"          daemon [_thread_blocked, id=31472, stack(0x000000bd9bb00000,0x000000bd9bc00000) (1024K)]
  0x0000029267f3dfd0 JavaThread "Compiler Source File Reader" daemon [_thread_blocked, id=3724, stack(0x000000bd9bc00000,0x000000bd9bd00000) (1024K)]
  0x0000029267f3d2b0 JavaThread "Compiler Source File Reader" daemon [_thread_blocked, id=21484, stack(0x000000bd9bd00000,0x000000bd9be00000) (1024K)]
  0x0000029267f3ecf0 JavaThread "Compiler Source File Reader" daemon [_thread_blocked, id=23916, stack(0x000000bd9be00000,0x000000bd9bf00000) (1024K)]
  0x0000029267f3f380 JavaThread "Compiler Source File Reader" daemon [_thread_blocked, id=26396, stack(0x000000bd9bf00000,0x000000bd9c000000) (1024K)]
  0x0000029267f3bf00 JavaThread "Compiler Source File Reader" daemon [_thread_blocked, id=16404, stack(0x000000bd9c000000,0x000000bd9c100000) (1024K)]
  0x0000029267f3fa10 JavaThread "Compiler Source File Reader" daemon [_thread_blocked, id=7540, stack(0x000000bd9c100000,0x000000bd9c200000) (1024K)]
  0x0000029267f3cc20 JavaThread "Compiler Source File Reader" daemon [_thread_blocked, id=30460, stack(0x000000bd9c200000,0x000000bd9c300000) (1024K)]
  0x0000029267f3c590 JavaThread "Compiler Source File Reader" daemon [_thread_blocked, id=3764, stack(0x000000bd9c300000,0x000000bd9c400000) (1024K)]
  0x0000029267f40730 JavaThread "Compiler Source File Reader" daemon [_thread_blocked, id=14976, stack(0x000000bd9c400000,0x000000bd9c500000) (1024K)]
  0x0000029267f43520 JavaThread "Compiler Source File Reader" daemon [_thread_blocked, id=28208, stack(0x000000bd9c500000,0x000000bd9c600000) (1024K)]
  0x0000029267f42170 JavaThread "Compiler Processing Task"   daemon [_thread_blocked, id=20020, stack(0x000000bd99500000,0x000000bd99600000) (1024K)]
  0x0000029267f40dc0 JavaThread "Compiler Class File Writer" daemon [_thread_blocked, id=28028, stack(0x000000bd9c600000,0x000000bd9c700000) (1024K)]
  0x0000029267f42800 JavaThread "Compiler Class File Writer" daemon [_thread_blocked, id=31824, stack(0x000000bd9c700000,0x000000bd9c800000) (1024K)]
  0x00000292682ea6c0 JavaThread "Compiler Class File Writer" daemon [_thread_blocked, id=26960, stack(0x000000bd9c800000,0x000000bd9c900000) (1024K)]
  0x00000292682eba70 JavaThread "Compiler Class File Writer" daemon [_thread_blocked, id=18740, stack(0x000000bd9c900000,0x000000bd9ca00000) (1024K)]
  0x00000292682eb3e0 JavaThread "Compiler Class File Writer" daemon [_thread_blocked, id=31968, stack(0x000000bd9ca00000,0x000000bd9cb00000) (1024K)]
  0x00000292682ec100 JavaThread "Compiler Class File Writer" daemon [_thread_blocked, id=24696, stack(0x000000bd9cb00000,0x000000bd9cc00000) (1024K)]
  0x00000292682ec790 JavaThread "Compiler Class File Writer" daemon [_thread_blocked, id=28376, stack(0x000000bd9cc00000,0x000000bd9cd00000) (1024K)]
  0x00000292682ea030 JavaThread "Compiler Class File Writer" daemon [_thread_blocked, id=16024, stack(0x000000bd9cd00000,0x000000bd9ce00000) (1024K)]
  0x00000292682ece20 JavaThread "Compiler Class File Writer" daemon [_thread_blocked, id=25716, stack(0x000000bd9ce00000,0x000000bd9cf00000) (1024K)]
  0x00000292682e99a0 JavaThread "Compiler Class File Writer" daemon [_thread_blocked, id=20432, stack(0x000000bd9cf00000,0x000000bd9d000000) (1024K)]
  0x0000029267ac1560 JavaThread "ForkJoinPool.commonPool-worker-1" daemon [_thread_blocked, id=17352, stack(0x000000bd9d000000,0x000000bd9d100000) (1024K)]
  0x0000029267ac3630 JavaThread "ForkJoinPool.commonPool-worker-2" daemon [_thread_blocked, id=9404, stack(0x000000bd9d100000,0x000000bd9d200000) (1024K)]
  0x0000029267ac3cc0 JavaThread "ForkJoinPool.commonPool-worker-3" daemon [_thread_blocked, id=32456, stack(0x000000bd9d200000,0x000000bd9d300000) (1024K)]
  0x0000029267ac5070 JavaThread "ForkJoinPool.commonPool-worker-4" daemon [_thread_blocked, id=18004, stack(0x000000bd9d300000,0x000000bd9d400000) (1024K)]
  0x0000029267ac1bf0 JavaThread "ForkJoinPool.commonPool-worker-5" daemon [_thread_blocked, id=4916, stack(0x000000bd9d400000,0x000000bd9d500000) (1024K)]
  0x0000029267ac5700 JavaThread "ForkJoinPool.commonPool-worker-6" daemon [_thread_blocked, id=28004, stack(0x000000bd9d500000,0x000000bd9d600000) (1024K)]
  0x0000029267ac2280 JavaThread "ForkJoinPool.commonPool-worker-7" daemon [_thread_blocked, id=21304, stack(0x000000bd9d600000,0x000000bd9d700000) (1024K)]
  0x0000029267ac2910 JavaThread "ForkJoinPool.commonPool-worker-8" daemon [_thread_blocked, id=11780, stack(0x000000bd9d700000,0x000000bd9d800000) (1024K)]
  0x0000029267ac5d90 JavaThread "ForkJoinPool.commonPool-worker-9" daemon [_thread_blocked, id=19108, stack(0x000000bd9d800000,0x000000bd9d900000) (1024K)]
  0x0000029267ac49e0 JavaThread "ForkJoinPool.commonPool-worker-10" daemon [_thread_blocked, id=16236, stack(0x000000bd9d900000,0x000000bd9da00000) (1024K)]
  0x0000029267ac4350 JavaThread "ForkJoinPool.commonPool-worker-11" daemon [_thread_blocked, id=29940, stack(0x000000bd9da00000,0x000000bd9db00000) (1024K)]
Total: 89

Other Threads:
  0x000002920768f820 VMThread "VM Thread"                           [id=22564, stack(0x000000bd97500000,0x000000bd97600000) (1024K)]
  0x000002920747ca00 WatcherThread "VM Periodic Task Thread"        [id=24244, stack(0x000000bd97400000,0x000000bd97500000) (1024K)]
  0x000002920760c140 WorkerThread "GC Thread#0"                     [id=11136, stack(0x000000bd97300000,0x000000bd97400000) (1024K)]
  0x00000292614e2190 WorkerThread "GC Thread#1"                     [id=31312, stack(0x000000bd98100000,0x000000bd98200000) (1024K)]
  0x00000292619b0600 WorkerThread "GC Thread#2"                     [id=22692, stack(0x000000bd98200000,0x000000bd98300000) (1024K)]
  0x00000292615c3640 WorkerThread "GC Thread#3"                     [id=29692, stack(0x000000bd98300000,0x000000bd98400000) (1024K)]
  0x00000292615c39e0 WorkerThread "GC Thread#4"                     [id=6164, stack(0x000000bd98400000,0x000000bd98500000) (1024K)]
  0x0000029261557220 WorkerThread "GC Thread#5"                     [id=26364, stack(0x000000bd98500000,0x000000bd98600000) (1024K)]
  0x00000292615575c0 WorkerThread "GC Thread#6"                     [id=28924, stack(0x000000bd98600000,0x000000bd98700000) (1024K)]
  0x0000029266081930 WorkerThread "GC Thread#7"                     [id=7884, stack(0x000000bd98800000,0x000000bd98900000) (1024K)]
  0x0000029266316530 WorkerThread "GC Thread#8"                     [id=20960, stack(0x000000bd98b00000,0x000000bd98c00000) (1024K)]
  0x00000292663168d0 WorkerThread "GC Thread#9"                     [id=10212, stack(0x000000bd98c00000,0x000000bd98d00000) (1024K)]
Total: 12

Threads with active compile tasks:
C2 CompilerThread0  66877 15866 %     4       org.eclipse.jdt.internal.core.search.indexing.BinaryIndexer::extractReferenceFromConstantPool @ 15 (358 bytes)
Total: 1

VM state: at safepoint (normal execution)

VM Mutex/Monitor currently owned by a thread:  ([mutex/lock_event])
[0x00007ffd9abee308] Threads_lock - owner thread: 0x000002920768f820
[0x00007ffd9abee408] Heap_lock - owner thread: 0x00000292660d3920

Heap address: 0x0000000080000000, size: 2048 MB, Compressed Oops mode: 32-bit

CDS archive(s) mapped at: [0x000002921e000000-0x000002921eba0000-0x000002921eba0000), size 12189696, SharedBaseAddress: 0x000002921e000000, ArchiveRelocationMode: 1.
Compressed class space mapped at: 0x000002921f000000-0x000002925f000000, reserved size: 1073741824
Narrow klass base: 0x000002921e000000, Narrow klass shift: 0, Narrow klass range: 0x100000000

GC Precious Log:
 CardTable entry size: 512
 CPUs: 12 total, 12 available
 Memory: 6005M
 Large Page Support: Disabled
 NUMA Support: Disabled
 Compressed Oops: Enabled (32-bit)
 Alignments: Space 512K, Generation 512K, Heap 2M
 Heap Min Capacity: 100M
 Heap Initial Capacity: 100M
 Heap Max Capacity: 2G
 Pre-touch: Disabled
 Parallel Workers: 10

Heap:
 PSYoungGen      total 9728K, used 963K [0x00000000d5580000, 0x00000000d6080000, 0x0000000100000000)
  eden space 8704K, 0% used [0x00000000d5580000,0x00000000d5580000,0x00000000d5e00000)
  from space 1024K, 94% used [0x00000000d5e00000,0x00000000d5ef0c58,0x00000000d5f00000)
  to   space 1024K, 0% used [0x00000000d5f00000,0x00000000d5f00000,0x00000000d6000000)
 ParOldGen       total 507392K, used 507135K [0x0000000080000000, 0x000000009ef80000, 0x00000000d5580000)
  object space 507392K, 99% used [0x0000000080000000,0x000000009ef3fdd8,0x000000009ef80000)
 Metaspace       used 73828K, committed 75328K, reserved 1179648K
  class space    used 7425K, committed 8064K, reserved 1048576K

Card table byte_map: [0x0000029206f90000,0x00000292073a0000] _byte_map_base: 0x0000029206b90000

Marking Bits: (ParMarkBitMap*) 0x00007ffd9abf31f0
 Begin Bits: [0x0000029219a90000, 0x000002921ba90000)
 End Bits:   [0x000002921ba90000, 0x000002921da90000)

Polling page: 0x0000029205470000

Metaspace:

Usage:
  Non-class:     64.85 MB used.
      Class:      7.25 MB used.
       Both:     72.10 MB used.

Virtual space:
  Non-class space:      128.00 MB reserved,      65.69 MB ( 51%) committed,  2 nodes.
      Class space:        1.00 GB reserved,       7.88 MB ( <1%) committed,  1 nodes.
             Both:        1.12 GB reserved,      73.56 MB (  6%) committed. 

Chunk freelists:
   Non-Class:  14.12 MB
       Class:  8.06 MB
        Both:  22.19 MB

MaxMetaspaceSize: unlimited
CompressedClassSpaceSize: 1.00 GB
Initial GC threshold: 21.00 MB
Current GC threshold: 97.31 MB
CDS: on
 - commit_granule_bytes: 65536.
 - commit_granule_words: 8192.
 - virtual_space_node_default_size: 8388608.
 - enlarge_chunks_in_place: 1.
 - use_allocation_guard: 0.


Internal statistics:

num_allocs_failed_limit: 11.
num_arena_births: 1376.
num_arena_deaths: 14.
num_vsnodes_births: 3.
num_vsnodes_deaths: 0.
num_space_committed: 1177.
num_space_uncommitted: 0.
num_chunks_returned_to_freelist: 25.
num_chunks_taken_from_freelist: 4939.
num_chunk_merges: 15.
num_chunk_splits: 2879.
num_chunks_enlarged: 1423.
num_inconsistent_stats: 0.

CodeHeap 'non-profiled nmethods': size=120000Kb used=7586Kb max_used=7586Kb free=112413Kb
 bounds [0x00000292122b0000, 0x0000029212a20000, 0x00000292197e0000]
CodeHeap 'profiled nmethods': size=120000Kb used=33413Kb max_used=33413Kb free=86586Kb
 bounds [0x000002920a7e0000, 0x000002920c890000, 0x0000029211d10000]
CodeHeap 'non-nmethods': size=5760Kb used=1494Kb max_used=1546Kb free=4265Kb
 bounds [0x0000029211d10000, 0x0000029211f80000, 0x00000292122b0000]
 total_blobs=15845 nmethods=15034 adapters=715
 compilation: enabled
              stopped_count=0, restarted_count=0
 full_count=0

Compilation events (20 events):
Event: 64.601 Thread 0x0000029260387da0 15964       3       java.text.MessageFormat::format (12 bytes)
Event: 64.602 Thread 0x0000029260387da0 nmethod 15964 0x000002920c86e590 code [0x000002920c86e740, 0x000002920c86e978]
Event: 64.602 Thread 0x0000029260387da0 15967       3       org.eclipse.core.runtime.Status::setSeverity (40 bytes)
Event: 64.603 Thread 0x0000029260387da0 nmethod 15967 0x000002920c86ea90 code [0x000002920c86ec60, 0x000002920c86f048]
Event: 64.603 Thread 0x0000029260387da0 15968       3       org.eclipse.core.runtime.Status::<init> (48 bytes)
Event: 64.606 Thread 0x0000029260387da0 nmethod 15968 0x000002920c86f190 code [0x000002920c86f3c0, 0x000002920c86fdc8]
Event: 64.606 Thread 0x0000029260387da0 15969       3       org.eclipse.core.runtime.Status::interpolateMessage (41 bytes)
Event: 64.609 Thread 0x0000029260387da0 nmethod 15969 0x000002920c870110 code [0x000002920c870300, 0x000002920c8708a0]
Event: 64.609 Thread 0x0000029260387da0 15976 % !   3       org.eclipse.jdt.internal.core.JarPackageFragmentRoot::computeChildren @ 246 (605 bytes)
Event: 64.668 Thread 0x0000029260387da0 nmethod 15976% 0x000002920c870b10 code [0x000002920c871520, 0x000002920c879058]
Event: 64.669 Thread 0x0000029260387da0 15975       3       org.eclipse.jdt.internal.core.util.Messages::bind (13 bytes)
Event: 64.670 Thread 0x0000029260387da0 nmethod 15975 0x000002920c87c790 code [0x000002920c87c960, 0x000002920c87cdd0]
Event: 64.670 Thread 0x0000029260387da0 15974       3       org.eclipse.jdt.internal.core.JarPackageFragmentRoot::getPackageFragment (10 bytes)
Event: 64.845 Thread 0x0000029260387da0 nmethod 15974 0x000002920c87cf90 code [0x000002920c87d160, 0x000002920c87d4c0]
Event: 64.863 Thread 0x0000029260387da0 15977 %     3       java.util.Iterator::forEachRemaining @ 5 (30 bytes)
Event: 64.865 Thread 0x0000029260387da0 nmethod 15977% 0x000002920c87d690 code [0x000002920c87d8a0, 0x000002920c87de98]
Event: 64.890 Thread 0x0000029260387da0 15978   !   2       org.eclipse.jdt.internal.core.util.Util::getJdkLevel (220 bytes)
Event: 64.897 Thread 0x0000029260387da0 nmethod 15978 0x000002920c87e090 code [0x000002920c87e420, 0x000002920c87f338]
Event: 64.898 Thread 0x0000029260387da0 15979       1       org.eclipse.m2e.jdt.internal.ClasspathEntryDescriptor::getEntryKind (5 bytes)
Event: 64.898 Thread 0x0000029260387da0 nmethod 15979 0x0000029212a18790 code [0x0000029212a18920, 0x0000029212a189e8]

GC Heap History (20 events):
Event: 62.928 GC heap after
{Heap after GC invocations=803 (full 3):
 PSYoungGen      total 7680K, used 497K [0x00000000d5580000, 0x00000000d5e80000, 0x0000000100000000)
  eden space 7168K, 0% used [0x00000000d5580000,0x00000000d5580000,0x00000000d5c80000)
  from space 512K, 97% used [0x00000000d5d80000,0x00000000d5dfc6a8,0x00000000d5e00000)
  to   space 1024K, 0% used [0x00000000d5c80000,0x00000000d5c80000,0x00000000d5d80000)
 ParOldGen       total 503296K, used 502832K [0x0000000080000000, 0x000000009eb80000, 0x00000000d5580000)
  object space 503296K, 99% used [0x0000000080000000,0x000000009eb0c0e8,0x000000009eb80000)
 Metaspace       used 73813K, committed 75328K, reserved 1179648K
  class space    used 7425K, committed 8064K, reserved 1048576K
}
Event: 62.987 GC heap before
{Heap before GC invocations=804 (full 3):
 PSYoungGen      total 7680K, used 7665K [0x00000000d5580000, 0x00000000d5e80000, 0x0000000100000000)
  eden space 7168K, 100% used [0x00000000d5580000,0x00000000d5c80000,0x00000000d5c80000)
  from space 512K, 97% used [0x00000000d5d80000,0x00000000d5dfc6a8,0x00000000d5e00000)
  to   space 1024K, 0% used [0x00000000d5c80000,0x00000000d5c80000,0x00000000d5d80000)
 ParOldGen       total 503296K, used 502832K [0x0000000080000000, 0x000000009eb80000, 0x00000000d5580000)
  object space 503296K, 99% used [0x0000000080000000,0x000000009eb0c0e8,0x000000009eb80000)
 Metaspace       used 73815K, committed 75328K, reserved 1179648K
  class space    used 7425K, committed 8064K, reserved 1048576K
}
Event: 62.991 GC heap after
{Heap after GC invocations=804 (full 3):
 PSYoungGen      total 8192K, used 605K [0x00000000d5580000, 0x00000000d6000000, 0x0000000100000000)
  eden space 7168K, 0% used [0x00000000d5580000,0x00000000d5580000,0x00000000d5c80000)
  from space 1024K, 59% used [0x00000000d5c80000,0x00000000d5d17448,0x00000000d5d80000)
  to   space 1024K, 0% used [0x00000000d5f00000,0x00000000d5f00000,0x00000000d6000000)
 ParOldGen       total 503296K, used 503139K [0x0000000080000000, 0x000000009eb80000, 0x00000000d5580000)
  object space 503296K, 99% used [0x0000000080000000,0x000000009eb58e28,0x000000009eb80000)
 Metaspace       used 73815K, committed 75328K, reserved 1179648K
  class space    used 7425K, committed 8064K, reserved 1048576K
}
Event: 63.238 GC heap before
{Heap before GC invocations=805 (full 3):
 PSYoungGen      total 8192K, used 7773K [0x00000000d5580000, 0x00000000d6000000, 0x0000000100000000)
  eden space 7168K, 100% used [0x00000000d5580000,0x00000000d5c80000,0x00000000d5c80000)
  from space 1024K, 59% used [0x00000000d5c80000,0x00000000d5d17448,0x00000000d5d80000)
  to   space 1024K, 0% used [0x00000000d5f00000,0x00000000d5f00000,0x00000000d6000000)
 ParOldGen       total 503296K, used 503139K [0x0000000080000000, 0x000000009eb80000, 0x00000000d5580000)
  object space 503296K, 99% used [0x0000000080000000,0x000000009eb58e28,0x000000009eb80000)
 Metaspace       used 73815K, committed 75328K, reserved 1179648K
  class space    used 7425K, committed 8064K, reserved 1048576K
}
Event: 63.253 GC heap after
{Heap after GC invocations=805 (full 3):
 PSYoungGen      total 7680K, used 320K [0x00000000d5580000, 0x00000000d5f80000, 0x0000000100000000)
  eden space 7168K, 0% used [0x00000000d5580000,0x00000000d5580000,0x00000000d5c80000)
  from space 512K, 62% used [0x00000000d5f00000,0x00000000d5f50000,0x00000000d5f80000)
  to   space 512K, 0% used [0x00000000d5e80000,0x00000000d5e80000,0x00000000d5f00000)
 ParOldGen       total 503808K, used 503487K [0x0000000080000000, 0x000000009ec00000, 0x00000000d5580000)
  object space 503808K, 99% used [0x0000000080000000,0x000000009ebafc18,0x000000009ec00000)
 Metaspace       used 73815K, committed 75328K, reserved 1179648K
  class space    used 7425K, committed 8064K, reserved 1048576K
}
Event: 63.284 GC heap before
{Heap before GC invocations=806 (full 3):
 PSYoungGen      total 7680K, used 7392K [0x00000000d5580000, 0x00000000d5f80000, 0x0000000100000000)
  eden space 7168K, 98% used [0x00000000d5580000,0x00000000d5c680b0,0x00000000d5c80000)
  from space 512K, 62% used [0x00000000d5f00000,0x00000000d5f50000,0x00000000d5f80000)
  to   space 512K, 0% used [0x00000000d5e80000,0x00000000d5e80000,0x00000000d5f00000)
 ParOldGen       total 503808K, used 503487K [0x0000000080000000, 0x000000009ec00000, 0x00000000d5580000)
  object space 503808K, 99% used [0x0000000080000000,0x000000009ebafc18,0x000000009ec00000)
 Metaspace       used 73819K, committed 75328K, reserved 1179648K
  class space    used 7425K, committed 8064K, reserved 1048576K
}
Event: 63.288 GC heap after
{Heap after GC invocations=806 (full 3):
 PSYoungGen      total 7680K, used 455K [0x00000000d5580000, 0x00000000d5f80000, 0x0000000100000000)
  eden space 7168K, 0% used [0x00000000d5580000,0x00000000d5580000,0x00000000d5c80000)
  from space 512K, 88% used [0x00000000d5e80000,0x00000000d5ef1c48,0x00000000d5f00000)
  to   space 512K, 0% used [0x00000000d5f00000,0x00000000d5f00000,0x00000000d5f80000)
 ParOldGen       total 503808K, used 503687K [0x0000000080000000, 0x000000009ec00000, 0x00000000d5580000)
  object space 503808K, 99% used [0x0000000080000000,0x000000009ebe1c18,0x000000009ec00000)
 Metaspace       used 73819K, committed 75328K, reserved 1179648K
  class space    used 7425K, committed 8064K, reserved 1048576K
}
Event: 63.312 GC heap before
{Heap before GC invocations=807 (full 3):
 PSYoungGen      total 7680K, used 7623K [0x00000000d5580000, 0x00000000d5f80000, 0x0000000100000000)
  eden space 7168K, 100% used [0x00000000d5580000,0x00000000d5c80000,0x00000000d5c80000)
  from space 512K, 88% used [0x00000000d5e80000,0x00000000d5ef1c48,0x00000000d5f00000)
  to   space 512K, 0% used [0x00000000d5f00000,0x00000000d5f00000,0x00000000d5f80000)
 ParOldGen       total 503808K, used 503687K [0x0000000080000000, 0x000000009ec00000, 0x00000000d5580000)
  object space 503808K, 99% used [0x0000000080000000,0x000000009ebe1c18,0x000000009ec00000)
 Metaspace       used 73819K, committed 75328K, reserved 1179648K
  class space    used 7425K, committed 8064K, reserved 1048576K
}
Event: 63.315 GC heap after
{Heap after GC invocations=807 (full 3):
 PSYoungGen      total 7680K, used 505K [0x00000000d5580000, 0x00000000d5f80000, 0x0000000100000000)
  eden space 7168K, 0% used [0x00000000d5580000,0x00000000d5580000,0x00000000d5c80000)
  from space 512K, 98% used [0x00000000d5f00000,0x00000000d5f7e750,0x00000000d5f80000)
  to   space 1024K, 0% used [0x00000000d5d80000,0x00000000d5d80000,0x00000000d5e80000)
 ParOldGen       total 504320K, used 504002K [0x0000000080000000, 0x000000009ec80000, 0x00000000d5580000)
  object space 504320K, 99% used [0x0000000080000000,0x000000009ec30ab0,0x000000009ec80000)
 Metaspace       used 73819K, committed 75328K, reserved 1179648K
  class space    used 7425K, committed 8064K, reserved 1048576K
}
Event: 63.352 GC heap before
{Heap before GC invocations=808 (full 3):
 PSYoungGen      total 7680K, used 7673K [0x00000000d5580000, 0x00000000d5f80000, 0x0000000100000000)
  eden space 7168K, 100% used [0x00000000d5580000,0x00000000d5c80000,0x00000000d5c80000)
  from space 512K, 98% used [0x00000000d5f00000,0x00000000d5f7e750,0x00000000d5f80000)
  to   space 1024K, 0% used [0x00000000d5d80000,0x00000000d5d80000,0x00000000d5e80000)
 ParOldGen       total 504320K, used 504002K [0x0000000080000000, 0x000000009ec80000, 0x00000000d5580000)
  object space 504320K, 99% used [0x0000000080000000,0x000000009ec30ab0,0x000000009ec80000)
 Metaspace       used 73819K, committed 75328K, reserved 1179648K
  class space    used 7425K, committed 8064K, reserved 1048576K
}
Event: 63.355 GC heap after
{Heap after GC invocations=808 (full 3):
 PSYoungGen      total 8192K, used 448K [0x00000000d5580000, 0x00000000d5f80000, 0x0000000100000000)
  eden space 7168K, 0% used [0x00000000d5580000,0x00000000d5580000,0x00000000d5c80000)
  from space 1024K, 43% used [0x00000000d5d80000,0x00000000d5df0000,0x00000000d5e80000)
  to   space 1024K, 0% used [0x00000000d5e80000,0x00000000d5e80000,0x00000000d5f80000)
 ParOldGen       total 504320K, used 504226K [0x0000000080000000, 0x000000009ec80000, 0x00000000d5580000)
  object space 504320K, 99% used [0x0000000080000000,0x000000009ec68b90,0x000000009ec80000)
 Metaspace       used 73819K, committed 75328K, reserved 1179648K
  class space    used 7425K, committed 8064K, reserved 1048576K
}
Event: 63.399 GC heap before
{Heap before GC invocations=809 (full 3):
 PSYoungGen      total 8192K, used 7616K [0x00000000d5580000, 0x00000000d5f80000, 0x0000000100000000)
  eden space 7168K, 100% used [0x00000000d5580000,0x00000000d5c80000,0x00000000d5c80000)
  from space 1024K, 43% used [0x00000000d5d80000,0x00000000d5df0000,0x00000000d5e80000)
  to   space 1024K, 0% used [0x00000000d5e80000,0x00000000d5e80000,0x00000000d5f80000)
 ParOldGen       total 504320K, used 504226K [0x0000000080000000, 0x000000009ec80000, 0x00000000d5580000)
  object space 504320K, 99% used [0x0000000080000000,0x000000009ec68b90,0x000000009ec80000)
 Metaspace       used 73826K, committed 75328K, reserved 1179648K
  class space    used 7425K, committed 8064K, reserved 1048576K
}
Event: 63.403 GC heap after
{Heap after GC invocations=809 (full 3):
 PSYoungGen      total 8192K, used 521K [0x00000000d5580000, 0x00000000d5f80000, 0x0000000100000000)
  eden space 7168K, 0% used [0x00000000d5580000,0x00000000d5580000,0x00000000d5c80000)
  from space 1024K, 50% used [0x00000000d5e80000,0x00000000d5f027e0,0x00000000d5f80000)
  to   space 1024K, 0% used [0x00000000d5d80000,0x00000000d5d80000,0x00000000d5e80000)
 ParOldGen       total 504832K, used 504523K [0x0000000080000000, 0x000000009ed00000, 0x00000000d5580000)
  object space 504832K, 99% used [0x0000000080000000,0x000000009ecb2d80,0x000000009ed00000)
 Metaspace       used 73826K, committed 75328K, reserved 1179648K
  class space    used 7425K, committed 8064K, reserved 1048576K
}
Event: 63.456 GC heap before
{Heap before GC invocations=810 (full 3):
 PSYoungGen      total 8192K, used 7689K [0x00000000d5580000, 0x00000000d5f80000, 0x0000000100000000)
  eden space 7168K, 100% used [0x00000000d5580000,0x00000000d5c80000,0x00000000d5c80000)
  from space 1024K, 50% used [0x00000000d5e80000,0x00000000d5f027e0,0x00000000d5f80000)
  to   space 1024K, 0% used [0x00000000d5d80000,0x00000000d5d80000,0x00000000d5e80000)
 ParOldGen       total 505344K, used 505232K [0x0000000080000000, 0x000000009ed80000, 0x00000000d5580000)
  object space 505344K, 99% used [0x0000000080000000,0x000000009ed64300,0x000000009ed80000)
 Metaspace       used 73826K, committed 75328K, reserved 1179648K
  class space    used 7425K, committed 8064K, reserved 1048576K
}
Event: 63.523 GC heap after
{Heap after GC invocations=810 (full 3):
 PSYoungGen      total 7680K, used 511K [0x00000000d5580000, 0x00000000d5f00000, 0x0000000100000000)
  eden space 7168K, 0% used [0x00000000d5580000,0x00000000d5580000,0x00000000d5c80000)
  from space 512K, 99% used [0x00000000d5d80000,0x00000000d5dffcc8,0x00000000d5e00000)
  to   space 1024K, 0% used [0x00000000d5e00000,0x00000000d5e00000,0x00000000d5f00000)
 ParOldGen       total 505856K, used 505551K [0x0000000080000000, 0x000000009ee00000, 0x00000000d5580000)
  object space 505856K, 99% used [0x0000000080000000,0x000000009edb3e90,0x000000009ee00000)
 Metaspace       used 73826K, committed 75328K, reserved 1179648K
  class space    used 7425K, committed 8064K, reserved 1048576K
}
Event: 64.614 GC heap before
{Heap before GC invocations=811 (full 3):
 PSYoungGen      total 7680K, used 7679K [0x00000000d5580000, 0x00000000d5f00000, 0x0000000100000000)
  eden space 7168K, 100% used [0x00000000d5580000,0x00000000d5c80000,0x00000000d5c80000)
  from space 512K, 99% used [0x00000000d5d80000,0x00000000d5dffcc8,0x00000000d5e00000)
  to   space 1024K, 0% used [0x00000000d5e00000,0x00000000d5e00000,0x00000000d5f00000)
 ParOldGen       total 505856K, used 505566K [0x0000000080000000, 0x000000009ee00000, 0x00000000d5580000)
  object space 505856K, 99% used [0x0000000080000000,0x000000009edb7a18,0x000000009ee00000)
 Metaspace       used 73826K, committed 75328K, reserved 1179648K
  class space    used 7425K, committed 8064K, reserved 1048576K
}
Event: 64.649 GC heap after
{Heap after GC invocations=811 (full 3):
 PSYoungGen      total 8192K, used 834K [0x00000000d5580000, 0x00000000d5f00000, 0x0000000100000000)
  eden space 7168K, 0% used [0x00000000d5580000,0x00000000d5580000,0x00000000d5c80000)
  from space 1024K, 81% used [0x00000000d5e00000,0x00000000d5ed0900,0x00000000d5f00000)
  to   space 1024K, 0% used [0x00000000d5d00000,0x00000000d5d00000,0x00000000d5e00000)
 ParOldGen       total 505856K, used 505666K [0x0000000080000000, 0x000000009ee00000, 0x00000000d5580000)
  object space 505856K, 99% used [0x0000000080000000,0x000000009edd0a00,0x000000009ee00000)
 Metaspace       used 73826K, committed 75328K, reserved 1179648K
  class space    used 7425K, committed 8064K, reserved 1048576K
}
Event: 64.689 GC heap before
{Heap before GC invocations=812 (full 3):
 PSYoungGen      total 8192K, used 8002K [0x00000000d5580000, 0x00000000d5f00000, 0x0000000100000000)
  eden space 7168K, 100% used [0x00000000d5580000,0x00000000d5c80000,0x00000000d5c80000)
  from space 1024K, 81% used [0x00000000d5e00000,0x00000000d5ed0900,0x00000000d5f00000)
  to   space 1024K, 0% used [0x00000000d5d00000,0x00000000d5d00000,0x00000000d5e00000)
 ParOldGen       total 505856K, used 505666K [0x0000000080000000, 0x000000009ee00000, 0x00000000d5580000)
  object space 505856K, 99% used [0x0000000080000000,0x000000009edd0a00,0x000000009ee00000)
 Metaspace       used 73826K, committed 75328K, reserved 1179648K
  class space    used 7425K, committed 8064K, reserved 1048576K
}
Event: 64.842 GC heap after
{Heap after GC invocations=812 (full 3):
 PSYoungGen      total 8704K, used 507K [0x00000000d5580000, 0x00000000d6000000, 0x0000000100000000)
  eden space 7680K, 0% used [0x00000000d5580000,0x00000000d5580000,0x00000000d5d00000)
  from space 1024K, 49% used [0x00000000d5d00000,0x00000000d5d7ef08,0x00000000d5e00000)
  to   space 1024K, 0% used [0x00000000d5f00000,0x00000000d5f00000,0x00000000d6000000)
 ParOldGen       total 506880K, used 506414K [0x0000000080000000, 0x000000009ef00000, 0x00000000d5580000)
  object space 506880K, 99% used [0x0000000080000000,0x000000009ee8b8f0,0x000000009ef00000)
 Metaspace       used 73826K, committed 75328K, reserved 1179648K
  class space    used 7425K, committed 8064K, reserved 1048576K
}
Event: 64.936 GC heap before
{Heap before GC invocations=813 (full 3):
 PSYoungGen      total 8704K, used 8187K [0x00000000d5580000, 0x00000000d6000000, 0x0000000100000000)
  eden space 7680K, 100% used [0x00000000d5580000,0x00000000d5d00000,0x00000000d5d00000)
  from space 1024K, 49% used [0x00000000d5d00000,0x00000000d5d7ef08,0x00000000d5e00000)
  to   space 1024K, 0% used [0x00000000d5f00000,0x00000000d5f00000,0x00000000d6000000)
 ParOldGen       total 506880K, used 506414K [0x0000000080000000, 0x000000009ef00000, 0x00000000d5580000)
  object space 506880K, 99% used [0x0000000080000000,0x000000009ee8b8f0,0x000000009ef00000)
 Metaspace       used 73827K, committed 75328K, reserved 1179648K
  class space    used 7425K, committed 8064K, reserved 1048576K
}

Dll operation events (12 events):
Event: 0.054 Loaded shared library c:\Users\Admin\.vscode\extensions\redhat.java-1.43.1-win32-x64\jre\21.0.7-win32-x86_64\bin\java.dll
Event: 0.268 Loaded shared library c:\Users\Admin\.vscode\extensions\redhat.java-1.43.1-win32-x64\jre\21.0.7-win32-x86_64\bin\zip.dll
Event: 0.323 Loaded shared library C:\Users\Admin\.vscode\extensions\redhat.java-1.43.1-win32-x64\jre\21.0.7-win32-x86_64\bin\instrument.dll
Event: 0.341 Loaded shared library C:\Users\Admin\.vscode\extensions\redhat.java-1.43.1-win32-x64\jre\21.0.7-win32-x86_64\bin\net.dll
Event: 0.348 Loaded shared library C:\Users\Admin\.vscode\extensions\redhat.java-1.43.1-win32-x64\jre\21.0.7-win32-x86_64\bin\nio.dll
Event: 0.358 Loaded shared library C:\Users\Admin\.vscode\extensions\redhat.java-1.43.1-win32-x64\jre\21.0.7-win32-x86_64\bin\zip.dll
Event: 0.412 Loaded shared library C:\Users\Admin\.vscode\extensions\redhat.java-1.43.1-win32-x64\jre\21.0.7-win32-x86_64\bin\jimage.dll
Event: 0.530 Loaded shared library c:\Users\Admin\.vscode\extensions\redhat.java-1.43.1-win32-x64\jre\21.0.7-win32-x86_64\bin\verify.dll
Event: 4.243 Loaded shared library C:\Users\Admin\AppData\Roaming\Code\User\globalStorage\redhat.java\1.43.1\config_win\org.eclipse.equinox.launcher\org.eclipse.equinox.launcher.win32.win32.x86_64_1.2.1300.v20250331-1702\eclipse_11911.dll
Event: 12.999 Loaded shared library C:\Users\Admin\AppData\Local\Temp\jna-63116079\jna10269738280557813866.dll
Event: 19.023 Loaded shared library C:\Users\Admin\.vscode\extensions\redhat.java-1.43.1-win32-x64\jre\21.0.7-win32-x86_64\bin\sunmscapi.dll
Event: 19.263 Loaded shared library C:\Users\Admin\.vscode\extensions\redhat.java-1.43.1-win32-x64\jre\21.0.7-win32-x86_64\bin\extnet.dll

Deoptimization events (20 events):
Event: 63.275 Thread 0x0000029266d0d800 DEOPT PACKING pc=0x000002920b29bd6f sp=0x000000bd996fe740
Event: 63.276 Thread 0x0000029266d0d800 DEOPT UNPACKING pc=0x0000029211d64242 sp=0x000000bd996fdbc8 mode 0
Event: 63.318 Thread 0x0000029266d0d800 DEOPT PACKING pc=0x000002920b29bd6f sp=0x000000bd996fe760
Event: 63.318 Thread 0x0000029266d0d800 DEOPT UNPACKING pc=0x0000029211d64242 sp=0x000000bd996fdbe8 mode 0
Event: 63.320 Thread 0x0000029266d0d800 DEOPT PACKING pc=0x000002920b2cc91a sp=0x000000bd996fe860
Event: 63.320 Thread 0x0000029266d0d800 DEOPT UNPACKING pc=0x0000029211d64242 sp=0x000000bd996fdc78 mode 0
Event: 63.394 Thread 0x0000029266d0d800 Uncommon trap: trap_request=0xffffff45 fr.pc=0x00000292125fab64 relative=0x0000000000006e24
Event: 63.394 Thread 0x0000029266d0d800 Uncommon trap: reason=unstable_if action=reinterpret pc=0x00000292125fab64 method=org.eclipse.jdt.internal.compiler.classfmt.ClassFileReader.<init>([B[CZ)V @ 1364 c2
Event: 63.394 Thread 0x0000029266d0d800 DEOPT PACKING pc=0x00000292125fab64 sp=0x000000bd996fe9f0
Event: 63.394 Thread 0x0000029266d0d800 DEOPT UNPACKING pc=0x0000029211d63aa2 sp=0x000000bd996fe9a0 mode 2
Event: 63.395 Thread 0x0000029266d0d800 DEOPT PACKING pc=0x000002920b29bd6f sp=0x000000bd996fe8d0
Event: 63.395 Thread 0x0000029266d0d800 DEOPT UNPACKING pc=0x0000029211d64242 sp=0x000000bd996fdd58 mode 0
Event: 63.422 Thread 0x0000029266d0d800 DEOPT PACKING pc=0x000002920c2904c7 sp=0x000000bd996feba0
Event: 63.422 Thread 0x0000029266d0d800 DEOPT UNPACKING pc=0x0000029211d64242 sp=0x000000bd996fe098 mode 0
Event: 63.524 Thread 0x0000029266d0de90 DEOPT PACKING pc=0x000002920b0adefb sp=0x000000bd997fe3c0
Event: 63.524 Thread 0x0000029266d0de90 DEOPT UNPACKING pc=0x0000029211d64242 sp=0x000000bd997fd830 mode 0
Event: 64.861 Thread 0x0000029266d0d800 DEOPT PACKING pc=0x000002920b2cc91a sp=0x000000bd996fe880
Event: 64.861 Thread 0x0000029266d0d800 DEOPT UNPACKING pc=0x0000029211d64242 sp=0x000000bd996fdc98 mode 0
Event: 64.897 Thread 0x0000029266d0d800 DEOPT PACKING pc=0x000002920b29bd6f sp=0x000000bd996fe840
Event: 64.897 Thread 0x0000029266d0d800 DEOPT UNPACKING pc=0x0000029211d64242 sp=0x000000bd996fdcc8 mode 0

Classes loaded (20 events):
Event: 55.645 Loading class java/util/TreeMap$TreeMapSpliterator done
Event: 55.645 Loading class java/util/TreeMap$ValueSpliterator done
Event: 55.732 Loading class java/util/concurrent/CompletionException
Event: 55.739 Loading class java/util/concurrent/CompletionException done
Event: 55.769 Loading class java/nio/file/FileTreeWalker$1
Event: 55.771 Loading class java/nio/file/FileTreeWalker$1 done
Event: 56.079 Loading class java/util/Collections$SynchronizedRandomAccessList
Event: 56.110 Loading class java/util/Collections$SynchronizedList
Event: 56.111 Loading class java/util/Collections$SynchronizedList done
Event: 56.112 Loading class java/util/Collections$SynchronizedRandomAccessList done
Event: 56.126 Loading class java/util/concurrent/CompletableFuture$Signaller
Event: 56.128 Loading class java/util/concurrent/CompletableFuture$Signaller done
Event: 56.148 Loading class java/util/concurrent/CompletableFuture$UniApply
Event: 56.150 Loading class java/util/concurrent/CompletableFuture$UniApply done
Event: 56.160 Loading class java/util/concurrent/CompletableFuture$UniExceptionally
Event: 56.161 Loading class java/util/concurrent/CompletableFuture$UniExceptionally done
Event: 59.401 Loading class java/lang/UnsupportedClassVersionError
Event: 59.409 Loading class java/lang/UnsupportedClassVersionError done
Event: 60.354 Loading class java/util/Hashtable$KeySet
Event: 60.359 Loading class java/util/Hashtable$KeySet done

Classes unloaded (7 events):
Event: 15.047 Thread 0x000002920768f820 Unloading class 0x000002921f1a5000 'java/lang/invoke/LambdaForm$MH+0x000002921f1a5000'
Event: 15.047 Thread 0x000002920768f820 Unloading class 0x000002921f1a4c00 'java/lang/invoke/LambdaForm$MH+0x000002921f1a4c00'
Event: 15.047 Thread 0x000002920768f820 Unloading class 0x000002921f1a4800 'java/lang/invoke/LambdaForm$MH+0x000002921f1a4800'
Event: 15.047 Thread 0x000002920768f820 Unloading class 0x000002921f1a4400 'java/lang/invoke/LambdaForm$MH+0x000002921f1a4400'
Event: 15.047 Thread 0x000002920768f820 Unloading class 0x000002921f1a4000 'java/lang/invoke/LambdaForm$BMH+0x000002921f1a4000'
Event: 15.047 Thread 0x000002920768f820 Unloading class 0x000002921f1a3c00 'java/lang/invoke/LambdaForm$DMH+0x000002921f1a3c00'
Event: 15.047 Thread 0x000002920768f820 Unloading class 0x000002921f1a2800 'java/lang/invoke/LambdaForm$DMH+0x000002921f1a2800'

Classes redefined (0 events):
No events

Internal exceptions (20 events):
Event: 59.034 Thread 0x00000292680ca1d0 Exception <a 'sun/nio/fs/WindowsException'{0x00000000d563c390}> (0x00000000d563c390) 
thrown [s\src\hotspot\share\prims\jni.cpp, line 520]
Event: 59.126 Thread 0x00000292680ca1d0 Exception <a 'java/lang/IncompatibleClassChangeError'{0x00000000d55f3fb8}: Found class java.lang.Object, but interface was expected> (0x00000000d55f3fb8) 
thrown [s\src\hotspot\share\interpreter\linkResolver.cpp, line 840]
Event: 59.280 Thread 0x00000292660d3920 Exception <a 'java/lang/NoSuchMethodError'{0x00000000d55a9b38}: 'java.lang.Object java.lang.invoke.DirectMethodHandle$Holder.invokeSpecial(java.lang.Object, java.lang.Object, int, long)'> (0x00000000d55a9b38) 
thrown [s\src\hotspot\share\interpreter\linkResolver.cpp, line 773]
Event: 59.506 Thread 0x0000029267ac49e0 Exception <a 'java/lang/NoSuchMethodError'{0x00000000d55ea808}: 'int java.lang.invoke.Invokers$Holder.invokeExact_MT(java.lang.Object, java.lang.Object)'> (0x00000000d55ea808) 
thrown [s\src\hotspot\share\interpreter\linkResolver.cpp, line 773]
Event: 59.647 Thread 0x00000292680ca1d0 Exception <a 'java/lang/IncompatibleClassChangeError'{0x00000000d5586f88}: Found class java.lang.Object, but interface was expected> (0x00000000d5586f88) 
thrown [s\src\hotspot\share\interpreter\linkResolver.cpp, line 840]
Event: 59.698 Thread 0x00000292680ca1d0 Exception <a 'java/lang/IncompatibleClassChangeError'{0x00000000d563dbe8}: Found class java.lang.Object, but interface was expected> (0x00000000d563dbe8) 
thrown [s\src\hotspot\share\interpreter\linkResolver.cpp, line 840]
Event: 60.213 Thread 0x00000292680ca1d0 Exception <a 'java/lang/IncompatibleClassChangeError'{0x00000000d5666ef8}: Found class java.lang.Object, but interface was expected> (0x00000000d5666ef8) 
thrown [s\src\hotspot\share\interpreter\linkResolver.cpp, line 840]
Event: 60.215 Thread 0x00000292680ca1d0 Exception <a 'java/lang/IncompatibleClassChangeError'{0x00000000d57292b8}: Found class java.lang.Object, but interface was expected> (0x00000000d57292b8) 
thrown [s\src\hotspot\share\interpreter\linkResolver.cpp, line 840]
Event: 60.301 Thread 0x0000029267ac3cc0 Exception <a 'java/lang/ArrayIndexOutOfBoundsException'{0x00000000d5664920}> (0x00000000d5664920) 
thrown [s\src\hotspot\share\runtime\sharedRuntime.cpp, line 625]
Event: 60.464 Thread 0x0000029266d0de90 Exception <a 'sun/nio/fs/WindowsException'{0x00000000d55ae730}> (0x00000000d55ae730) 
thrown [s\src\hotspot\share\prims\jni.cpp, line 520]
Event: 60.465 Thread 0x0000029266d0de90 Exception <a 'sun/nio/fs/WindowsException'{0x00000000d5651250}> (0x00000000d5651250) 
thrown [s\src\hotspot\share\prims\jni.cpp, line 520]
Event: 60.467 Thread 0x0000029266d0de90 Exception <a 'sun/nio/fs/WindowsException'{0x00000000d5679ff8}> (0x00000000d5679ff8) 
thrown [s\src\hotspot\share\prims\jni.cpp, line 520]
Event: 60.467 Thread 0x0000029266d0de90 Exception <a 'sun/nio/fs/WindowsException'{0x00000000d56eccc0}> (0x00000000d56eccc0) 
thrown [s\src\hotspot\share\prims\jni.cpp, line 520]
Event: 60.481 Thread 0x0000029266d0de90 Exception <a 'java/io/FileNotFoundException'{0x00000000d5615d00}> (0x00000000d5615d00) 
thrown [s\src\hotspot\share\prims\jni.cpp, line 520]
Event: 60.483 Thread 0x0000029266d0de90 Exception <a 'java/io/FileNotFoundException'{0x00000000d565c838}> (0x00000000d565c838) 
thrown [s\src\hotspot\share\prims\jni.cpp, line 520]
Event: 60.514 Thread 0x0000029266d0de90 Exception <a 'sun/nio/fs/WindowsException'{0x00000000d55f3810}> (0x00000000d55f3810) 
thrown [s\src\hotspot\share\prims\jni.cpp, line 520]
Event: 60.515 Thread 0x0000029266d0de90 Exception <a 'sun/nio/fs/WindowsException'{0x00000000d55f3e40}> (0x00000000d55f3e40) 
thrown [s\src\hotspot\share\prims\jni.cpp, line 520]
Event: 60.671 Thread 0x0000029266d0de90 Exception <a 'sun/nio/fs/WindowsException'{0x00000000d56c3d90}> (0x00000000d56c3d90) 
thrown [s\src\hotspot\share\prims\jni.cpp, line 520]
Event: 60.671 Thread 0x0000029266d0de90 Exception <a 'sun/nio/fs/WindowsException'{0x00000000d56e6678}> (0x00000000d56e6678) 
thrown [s\src\hotspot\share\prims\jni.cpp, line 520]
Event: 64.354 Thread 0x0000029266d0d800 Exception <a 'sun/nio/fs/WindowsException'{0x00000000d5907308}> (0x00000000d5907308) 
thrown [s\src\hotspot\share\prims\jni.cpp, line 520]

ZGC Phase Switch (0 events):
No events

VM Operations (20 events):
Event: 62.991 Executing VM operation: ParallelGCFailedAllocation (Allocation Failure) done
Event: 63.238 Executing VM operation: ParallelGCFailedAllocation (Allocation Failure)
Event: 63.253 Executing VM operation: ParallelGCFailedAllocation (Allocation Failure) done
Event: 63.284 Executing VM operation: ParallelGCFailedAllocation (Allocation Failure)
Event: 63.288 Executing VM operation: ParallelGCFailedAllocation (Allocation Failure) done
Event: 63.312 Executing VM operation: ParallelGCFailedAllocation (Allocation Failure)
Event: 63.315 Executing VM operation: ParallelGCFailedAllocation (Allocation Failure) done
Event: 63.352 Executing VM operation: ParallelGCFailedAllocation (Allocation Failure)
Event: 63.356 Executing VM operation: ParallelGCFailedAllocation (Allocation Failure) done
Event: 63.399 Executing VM operation: ParallelGCFailedAllocation (Allocation Failure)
Event: 63.403 Executing VM operation: ParallelGCFailedAllocation (Allocation Failure) done
Event: 63.443 Executing VM operation: ParallelGCFailedAllocation (Allocation Failure)
Event: 63.443 Executing VM operation: ParallelGCFailedAllocation (Allocation Failure) done
Event: 63.456 Executing VM operation: ParallelGCSystemGC (GCLocker Initiated GC)
Event: 63.523 Executing VM operation: ParallelGCSystemGC (GCLocker Initiated GC) done
Event: 64.614 Executing VM operation: ParallelGCFailedAllocation (Allocation Failure)
Event: 64.649 Executing VM operation: ParallelGCFailedAllocation (Allocation Failure) done
Event: 64.670 Executing VM operation: ParallelGCFailedAllocation (Allocation Failure)
Event: 64.843 Executing VM operation: ParallelGCFailedAllocation (Allocation Failure) done
Event: 64.924 Executing VM operation: ParallelGCFailedAllocation (Allocation Failure)

Memory protections (0 events):
No events

Nmethod flushes (20 events):
Event: 25.346 Thread 0x000002920768f820 flushing  nmethod 0x000002920b1e2b90
Event: 25.346 Thread 0x000002920768f820 flushing  nmethod 0x000002920b1e3890
Event: 25.346 Thread 0x000002920768f820 flushing  nmethod 0x000002920b1eea10
Event: 25.346 Thread 0x000002920768f820 flushing  nmethod 0x000002920b1ef310
Event: 25.346 Thread 0x000002920768f820 flushing  nmethod 0x000002920b1f4610
Event: 25.346 Thread 0x000002920768f820 flushing  nmethod 0x000002920b202810
Event: 25.346 Thread 0x000002920768f820 flushing  nmethod 0x000002920b202c90
Event: 25.346 Thread 0x000002920768f820 flushing  nmethod 0x000002920b209e90
Event: 25.346 Thread 0x000002920768f820 flushing  nmethod 0x000002920b20e310
Event: 25.346 Thread 0x000002920768f820 flushing  nmethod 0x000002920b227910
Event: 25.346 Thread 0x000002920768f820 flushing  nmethod 0x000002920b230c90
Event: 25.346 Thread 0x000002920768f820 flushing  nmethod 0x000002920b253010
Event: 25.346 Thread 0x000002920768f820 flushing  nmethod 0x000002920b253490
Event: 25.346 Thread 0x000002920768f820 flushing  nmethod 0x000002920b253a10
Event: 25.346 Thread 0x000002920768f820 flushing  nmethod 0x000002920b253f90
Event: 25.346 Thread 0x000002920768f820 flushing  nmethod 0x000002920b254a90
Event: 25.346 Thread 0x000002920768f820 flushing  nmethod 0x000002920b254e10
Event: 25.346 Thread 0x000002920768f820 flushing  nmethod 0x000002920b256c90
Event: 25.346 Thread 0x000002920768f820 flushing  nmethod 0x000002920b261410
Event: 25.346 Thread 0x000002920768f820 flushing  nmethod 0x000002920b263a10

Events (20 events):
Event: 53.942 Thread 0x00000292680c9b40 Thread added: 0x0000029267ac49e0
Event: 53.942 Thread 0x00000292680c9b40 Thread added: 0x0000029267ac3630
Event: 53.943 Thread 0x00000292680c9b40 Thread added: 0x0000029267ac1560
Event: 54.041 Thread 0x0000029267ac3630 Thread exited: 0x0000029267ac3630
Event: 54.041 Thread 0x0000029267ac2fa0 Thread exited: 0x0000029267ac2fa0
Event: 54.041 Thread 0x0000029267ac49e0 Thread exited: 0x0000029267ac49e0
Event: 54.041 Thread 0x0000029267ac1560 Thread exited: 0x0000029267ac1560
Event: 54.041 Thread 0x0000029267ac2910 Thread exited: 0x0000029267ac2910
Event: 56.154 Thread 0x00000292680ca1d0 Thread added: 0x0000029267ac1560
Event: 56.163 Thread 0x0000029267ac1560 Thread added: 0x0000029267ac3630
Event: 56.165 Thread 0x00000292680ca1d0 Thread added: 0x0000029267ac3cc0
Event: 56.167 Thread 0x0000029267ac3cc0 Thread added: 0x0000029267ac5070
Event: 56.181 Thread 0x00000292680ca1d0 Thread added: 0x0000029267ac1bf0
Event: 56.184 Thread 0x00000292680ca1d0 Thread added: 0x0000029267ac5700
Event: 56.196 Thread 0x0000029267ac5700 Thread added: 0x0000029267ac2280
Event: 56.200 Thread 0x0000029267ac2280 Thread added: 0x0000029267ac2910
Event: 56.203 Thread 0x0000029267ac2910 Thread added: 0x0000029267ac5d90
Event: 56.217 Thread 0x0000029267ac5d90 Thread added: 0x0000029267ac49e0
Event: 56.219 Thread 0x0000029267ac49e0 Thread added: 0x0000029267ac4350
Event: 60.612 Thread 0x0000029266d0de90 Thread added: 0x0000029267ac6420


Dynamic libraries:
0x00007ff687190000 - 0x00007ff68719e000 	c:\Users\Admin\.vscode\extensions\redhat.java-1.43.1-win32-x64\jre\21.0.7-win32-x86_64\bin\java.exe
0x00007ffe128e0000 - 0x00007ffe12b43000 	C:\WINDOWS\SYSTEM32\ntdll.dll
0x00007ffe120f0000 - 0x00007ffe121b7000 	C:\WINDOWS\System32\KERNEL32.DLL
0x00007ffe0ff30000 - 0x00007ffe102f9000 	C:\WINDOWS\System32\KERNELBASE.dll
0x00007ffe10390000 - 0x00007ffe104dc000 	C:\WINDOWS\System32\ucrtbase.dll
0x00007ffe044e0000 - 0x00007ffe044f8000 	c:\Users\Admin\.vscode\extensions\redhat.java-1.43.1-win32-x64\jre\21.0.7-win32-x86_64\bin\jli.dll
0x00007ffe045d0000 - 0x00007ffe045ee000 	c:\Users\Admin\.vscode\extensions\redhat.java-1.43.1-win32-x64\jre\21.0.7-win32-x86_64\bin\VCRUNTIME140.dll
0x00007ffe11ea0000 - 0x00007ffe1206a000 	C:\WINDOWS\System32\USER32.dll
0x00007ffe0fd20000 - 0x00007ffe0fd47000 	C:\WINDOWS\System32\win32u.dll
0x00007ffe10c60000 - 0x00007ffe10c8a000 	C:\WINDOWS\System32\GDI32.dll
0x00007ffdf9ff0000 - 0x00007ffdfa280000 	C:\WINDOWS\WinSxS\amd64_microsoft.windows.common-controls_6595b64144ccf1df_6.0.26100.3323_none_3e088096e3344490\COMCTL32.dll
0x00007ffe0fd50000 - 0x00007ffe0fe81000 	C:\WINDOWS\System32\gdi32full.dll
0x00007ffe10ee0000 - 0x00007ffe10f89000 	C:\WINDOWS\System32\msvcrt.dll
0x00007ffe10650000 - 0x00007ffe106f3000 	C:\WINDOWS\System32\msvcp_win.dll
0x00007ffe116b0000 - 0x00007ffe116df000 	C:\WINDOWS\System32\IMM32.DLL
0x00007ffe07be0000 - 0x00007ffe07bec000 	c:\Users\Admin\.vscode\extensions\redhat.java-1.43.1-win32-x64\jre\21.0.7-win32-x86_64\bin\vcruntime140_1.dll
0x00007ffdcb4f0000 - 0x00007ffdcb57d000 	c:\Users\Admin\.vscode\extensions\redhat.java-1.43.1-win32-x64\jre\21.0.7-win32-x86_64\bin\msvcp140.dll
0x00007ffd99f40000 - 0x00007ffd9acd0000 	c:\Users\Admin\.vscode\extensions\redhat.java-1.43.1-win32-x64\jre\21.0.7-win32-x86_64\bin\server\jvm.dll
0x00007ffe122f0000 - 0x00007ffe123a2000 	C:\WINDOWS\System32\ADVAPI32.dll
0x00007ffe10870000 - 0x00007ffe10916000 	C:\WINDOWS\System32\sechost.dll
0x00007ffe121d0000 - 0x00007ffe122e6000 	C:\WINDOWS\System32\RPCRT4.dll
0x00007ffe10be0000 - 0x00007ffe10c54000 	C:\WINDOWS\System32\WS2_32.dll
0x00007ffe07090000 - 0x00007ffe070c6000 	C:\WINDOWS\SYSTEM32\WINMM.dll
0x00007ffe0f970000 - 0x00007ffe0f9be000 	C:\WINDOWS\SYSTEM32\POWRPROF.dll
0x00007ffe070d0000 - 0x00007ffe070db000 	C:\WINDOWS\SYSTEM32\VERSION.dll
0x00007ffe0f950000 - 0x00007ffe0f964000 	C:\WINDOWS\SYSTEM32\UMPDC.dll
0x00007ffe0e8c0000 - 0x00007ffe0e8da000 	C:\WINDOWS\SYSTEM32\kernel.appcore.dll
0x00007ffe045c0000 - 0x00007ffe045ca000 	c:\Users\Admin\.vscode\extensions\redhat.java-1.43.1-win32-x64\jre\21.0.7-win32-x86_64\bin\jimage.dll
0x00007ffe02d40000 - 0x00007ffe02f81000 	C:\WINDOWS\SYSTEM32\DBGHELP.DLL
0x00007ffe118e0000 - 0x00007ffe11c62000 	C:\WINDOWS\System32\combase.dll
0x00007ffe10790000 - 0x00007ffe10866000 	C:\WINDOWS\System32\OLEAUT32.dll
0x00007ffdffb30000 - 0x00007ffdffb69000 	C:\WINDOWS\SYSTEM32\dbgcore.DLL
0x00007ffe0fe90000 - 0x00007ffe0ff29000 	C:\WINDOWS\System32\bcryptPrimitives.dll
0x00007ffe0ad50000 - 0x00007ffe0ad5f000 	c:\Users\Admin\.vscode\extensions\redhat.java-1.43.1-win32-x64\jre\21.0.7-win32-x86_64\bin\instrument.dll
0x00007ffe03cb0000 - 0x00007ffe03ccf000 	c:\Users\Admin\.vscode\extensions\redhat.java-1.43.1-win32-x64\jre\21.0.7-win32-x86_64\bin\java.dll
0x00007ffe10f90000 - 0x00007ffe116a5000 	C:\WINDOWS\System32\SHELL32.dll
0x00007ffe104e0000 - 0x00007ffe10648000 	C:\WINDOWS\System32\wintypes.dll
0x00007ffe0d7a0000 - 0x00007ffe0dfe5000 	C:\WINDOWS\SYSTEM32\windows.storage.dll
0x00007ffe117f0000 - 0x00007ffe118db000 	C:\WINDOWS\System32\SHCORE.dll
0x00007ffe109d0000 - 0x00007ffe10a2d000 	C:\WINDOWS\System32\shlwapi.dll
0x00007ffe0f9f0000 - 0x00007ffe0fa1f000 	C:\WINDOWS\SYSTEM32\profapi.dll
0x00007ffdfd570000 - 0x00007ffdfd588000 	c:\Users\Admin\.vscode\extensions\redhat.java-1.43.1-win32-x64\jre\21.0.7-win32-x86_64\bin\zip.dll
0x00007ffe03c70000 - 0x00007ffe03c80000 	C:\Users\Admin\.vscode\extensions\redhat.java-1.43.1-win32-x64\jre\21.0.7-win32-x86_64\bin\net.dll
0x00007ffe081c0000 - 0x00007ffe082de000 	C:\WINDOWS\SYSTEM32\WINHTTP.dll
0x00007ffe0edc0000 - 0x00007ffe0ee2a000 	C:\WINDOWS\system32\mswsock.dll
0x00007ffdfcbe0000 - 0x00007ffdfcbf6000 	C:\Users\Admin\.vscode\extensions\redhat.java-1.43.1-win32-x64\jre\21.0.7-win32-x86_64\bin\nio.dll
0x00007ffe07c30000 - 0x00007ffe07c40000 	c:\Users\Admin\.vscode\extensions\redhat.java-1.43.1-win32-x64\jre\21.0.7-win32-x86_64\bin\verify.dll
0x00007ffdf5160000 - 0x00007ffdf51a5000 	C:\Users\Admin\AppData\Roaming\Code\User\globalStorage\redhat.java\1.43.1\config_win\org.eclipse.equinox.launcher\org.eclipse.equinox.launcher.win32.win32.x86_64_1.2.1300.v20250331-1702\eclipse_11911.dll
0x00007ffe10d30000 - 0x00007ffe10ec5000 	C:\WINDOWS\System32\ole32.dll
0x00007ffe0f170000 - 0x00007ffe0f18c000 	C:\WINDOWS\SYSTEM32\CRYPTSP.dll
0x00007ffe0e820000 - 0x00007ffe0e85a000 	C:\WINDOWS\system32\rsaenh.dll
0x00007ffe0ee60000 - 0x00007ffe0ee8b000 	C:\WINDOWS\SYSTEM32\USERENV.dll
0x00007ffe0f300000 - 0x00007ffe0f326000 	C:\WINDOWS\SYSTEM32\bcrypt.dll
0x00007ffe0eff0000 - 0x00007ffe0effc000 	C:\WINDOWS\SYSTEM32\CRYPTBASE.dll
0x00007ffe0e2e0000 - 0x00007ffe0e313000 	C:\WINDOWS\SYSTEM32\IPHLPAPI.DLL
0x00007ffe10ed0000 - 0x00007ffe10eda000 	C:\WINDOWS\System32\NSI.dll
0x00007ffdef190000 - 0x00007ffdef1d9000 	C:\Users\Admin\AppData\Local\Temp\jna-63116079\jna10269738280557813866.dll
0x00007ffe10b90000 - 0x00007ffe10b98000 	C:\WINDOWS\System32\PSAPI.DLL
0x00007ffe08630000 - 0x00007ffe0864f000 	C:\WINDOWS\SYSTEM32\dhcpcsvc6.DLL
0x00007ffe08940000 - 0x00007ffe08965000 	C:\WINDOWS\SYSTEM32\dhcpcsvc.DLL
0x00007ffe073f0000 - 0x00007ffe073fe000 	C:\Users\Admin\.vscode\extensions\redhat.java-1.43.1-win32-x64\jre\21.0.7-win32-x86_64\bin\sunmscapi.dll
0x00007ffe0fba0000 - 0x00007ffe0fd17000 	C:\WINDOWS\System32\CRYPT32.dll
0x00007ffe0f2c0000 - 0x00007ffe0f2f0000 	C:\WINDOWS\SYSTEM32\ncrypt.dll
0x00007ffe0f270000 - 0x00007ffe0f2af000 	C:\WINDOWS\SYSTEM32\NTASN1.dll
0x00007ffe0e370000 - 0x00007ffe0e495000 	C:\WINDOWS\SYSTEM32\DNSAPI.dll
0x00007ffe08930000 - 0x00007ffe0893b000 	C:\Windows\System32\rasadhlp.dll
0x00007ffe04ac0000 - 0x00007ffe04b45000 	C:\WINDOWS\System32\fwpuclnt.dll
0x00007ffe073e0000 - 0x00007ffe073e9000 	C:\Users\Admin\.vscode\extensions\redhat.java-1.43.1-win32-x64\jre\21.0.7-win32-x86_64\bin\extnet.dll
0x00007ffe0e9e0000 - 0x00007ffe0ea15000 	C:\WINDOWS\SYSTEM32\ntmarta.dll

dbghelp: loaded successfully - version: 4.0.5 - missing functions: none
symbol engine: initialized successfully - sym options: 0x614 - pdb path: .;c:\Users\Admin\.vscode\extensions\redhat.java-1.43.1-win32-x64\jre\21.0.7-win32-x86_64\bin;C:\WINDOWS\SYSTEM32;C:\WINDOWS\WinSxS\amd64_microsoft.windows.common-controls_6595b64144ccf1df_6.0.26100.3323_none_3e088096e3344490;c:\Users\Admin\.vscode\extensions\redhat.java-1.43.1-win32-x64\jre\21.0.7-win32-x86_64\bin\server;C:\Users\Admin\AppData\Roaming\Code\User\globalStorage\redhat.java\1.43.1\config_win\org.eclipse.equinox.launcher\org.eclipse.equinox.launcher.win32.win32.x86_64_1.2.1300.v20250331-1702;C:\Users\Admin\AppData\Local\Temp\jna-63116079

VM Arguments:
jvm_args: --add-modules=ALL-SYSTEM --add-opens=java.base/java.util=ALL-UNNAMED --add-opens=java.base/java.lang=ALL-UNNAMED --add-opens=java.base/sun.nio.fs=ALL-UNNAMED -Declipse.application=org.eclipse.jdt.ls.core.id1 -Dosgi.bundles.defaultStartLevel=4 -Declipse.product=org.eclipse.jdt.ls.core.product -Djava.import.generatesMetadataFilesAtProjectRoot=false -DDetectVMInstallationsJob.disabled=true -Dfile.encoding=utf8 -XX:+UseParallelGC -XX:GCTimeRatio=4 -XX:AdaptiveSizePolicyWeight=90 -Dsun.zip.disableMemoryMapping=true -Xmx2G -Xms100m -Xlog:disable -javaagent:c:\Users\Admin\.vscode\extensions\redhat.java-1.43.1-win32-x64\lombok\lombok-1.18.39-4050.jar -XX:+HeapDumpOnOutOfMemoryError -XX:HeapDumpPath=c:\Users\Admin\AppData\Roaming\Code\User\workspaceStorage\91bfc2bb926e85cacc8896de9206306c\redhat.java -Daether.dependencyCollector.impl=bf 
java_command: c:\Users\Admin\.vscode\extensions\redhat.java-1.43.1-win32-x64\server\plugins\org.eclipse.equinox.launcher_1.7.0.v20250519-0528.jar -configuration c:\Users\Admin\AppData\Roaming\Code\User\globalStorage\redhat.java\1.43.1\config_win -data c:\Users\Admin\AppData\Roaming\Code\User\workspaceStorage\91bfc2bb926e85cacc8896de9206306c\redhat.java\jdt_ws --pipe=\\.\pipe\lsp-96d00de9abce40f40313296c4121b71d-sock
java_class_path (initial): c:\Users\Admin\.vscode\extensions\redhat.java-1.43.1-win32-x64\server\plugins\org.eclipse.equinox.launcher_1.7.0.v20250519-0528.jar
Launcher Type: SUN_STANDARD

[Global flags]
    uintx AdaptiveSizePolicyWeight                 = 90                                        {product} {command line}
     intx CICompilerCount                          = 4                                         {product} {ergonomic}
    uintx GCTimeRatio                              = 4                                         {product} {command line}
     bool HeapDumpOnOutOfMemoryError               = true                                   {manageable} {command line}
    ccstr HeapDumpPath                             = c:\Users\Admin\AppData\Roaming\Code\User\workspaceStorage\91bfc2bb926e85cacc8896de9206306c\redhat.java         {manageable} {command line}
   size_t InitialHeapSize                          = 104857600                                 {product} {command line}
   size_t MaxHeapSize                              = 2147483648                                {product} {command line}
   size_t MaxNewSize                               = 715653120                                 {product} {ergonomic}
   size_t MinHeapDeltaBytes                        = 524288                                    {product} {ergonomic}
   size_t MinHeapSize                              = 104857600                                 {product} {command line}
   size_t NewSize                                  = 34603008                                  {product} {ergonomic}
    uintx NonNMethodCodeHeapSize                   = 5839372                                {pd product} {ergonomic}
    uintx NonProfiledCodeHeapSize                  = 122909434                              {pd product} {ergonomic}
   size_t OldSize                                  = 70254592                                  {product} {ergonomic}
    uintx ProfiledCodeHeapSize                     = 122909434                              {pd product} {ergonomic}
    uintx ReservedCodeCacheSize                    = 251658240                              {pd product} {ergonomic}
     bool SegmentedCodeCache                       = true                                      {product} {ergonomic}
   size_t SoftMaxHeapSize                          = 2147483648                             {manageable} {ergonomic}
     bool UseCompressedOops                        = true                           {product lp64_product} {ergonomic}
     bool UseLargePagesIndividualAllocation        = false                                  {pd product} {ergonomic}
     bool UseParallelGC                            = true                                      {product} {command line}

Logging:
Log output configuration:
 #0: stdout all=off uptime,level,tags foldmultilines=false
 #1: stderr all=off uptime,level,tags foldmultilines=false

Environment Variables:
JAVA_HOME=C:\Program Files\Java\jdk-17
PATH=C:\Program Files\Java\jdk-17\bin;C:\Program Files\Java\jdk-21\bin;C:\Users\Admin\Downloads\kafka-3.9.0-src\kafka-3.9.0-src\bin;C:\Users\Admin\Downloads\gradle-8.11-bin\gradle-8.11\bin;D:\JDk\jdk1.8.0_281\bin;C:\Program Files\Common Files\Oracle\Java\javapath;C:\Program Files (x86)\Common Files\Oracle\Java\javapath;C:\WINDOWS\system32;C:\WINDOWS;C:\WINDOWS\System32\Wbem;C:\WINDOWS\System32\WindowsPowerShell\v1.0\;C:\WINDOWS\System32\OpenSSH\;C:\Program Files\nodejs\;C:\Program Files\Java\jdk-17\\bin;C:\Program Files\Git\cmd;C:\Program Files\PuTTY\;C:\Users\Admin\Desktop\mvn\apache-maven-3.9.4-bin\apache-maven-3.9.4\bin;C:\Program Files\Docker\Docker\resources\bin;C:\Users\Admin\Downloads\New folder (19)\strawberry-perl-5.40.0.1-64bit-portable\perl\bin;C:\Program Files\Maven\apache-maven-3.9.9-bin\apache-maven-3.9.9\bin;C:\Program Files\Java\jdk-17\bin;C:\Program Files\Java\jdk-21\bin;C:\Users\Admin\Downloads\kafka-3.9.0-src\kafka-3.9.0-src\bin;C:\Users\Admin\Downloads\gradle-8.11-bin\gradle-8.11\bin;D:\JDk\jdk1.8.0_281\bin;C:\Users\Admin\AppData\Local\Microsoft\WindowsApps;C:\Users\Admin\AppData\Local\Programs\Microsoft VS Code\bin;C:\Users\Admin\AppData\Roaming\npm;C:\Program Files\JetBrains\IntelliJ IDEA 2024.1.2\bin;;C:\Program Files\PHP;C:\Users\Admin\AppData\Local\Programs\MiKTeX\miktex\bin\x64\;C:\Users\Admin\Downloads\New folder (19)\strawberry-perl-5.40.0.1-64bit-portable\perl\bin;C:\Program Files\Maven\apache-maven-3.9.9-bin\apache-maven-3.9.9\bin;
USERNAME=Admin
OS=Windows_NT
PROCESSOR_IDENTIFIER=AMD64 Family 23 Model 104 Stepping 1, AuthenticAMD
TMP=C:\Users\Admin\AppData\Local\Temp
TEMP=C:\Users\Admin\AppData\Local\Temp




Periodic native trim disabled

---------------  S Y S T E M  ---------------

OS:
 Windows 11 , 64 bit Build 26100 (10.0.26100.3323)
OS uptime: 0 days 18:10 hours
Hyper-V role detected

CPU: total 12 (initial active 12) (12 cores per cpu, 2 threads per core) family 23 model 104 stepping 1 microcode 0x8608103, cx8, cmov, fxsr, ht, mmx, 3dnowpref, sse, sse2, sse3, ssse3, sse4a, sse4.1, sse4.2, popcnt, lzcnt, tsc, tscinvbit, avx, avx2, aes, clmul, bmi1, bmi2, adx, sha, fma, vzeroupper, clflush, clflushopt, hv, rdtscp, rdpid, f16c
Processor Information for the first 12 processors :
  Max Mhz: 2100, Current Mhz: 1988, Mhz Limit: 2100

Memory: 4k page, system-wide physical 6005M (1M free)
TotalPageFile size 24437M (AvailPageFile size 10M)
current process WorkingSet (physical memory assigned to process): 3M, peak: 425M
current process commit charge ("private bytes"): 830M, peak: 830M

vm_info: OpenJDK 64-Bit Server VM (21.0.7+6-LTS) for windows-amd64 JRE (21.0.7+6-LTS), built on 2025-04-15T00:00:00Z by "admin" with MS VC++ 17.7 (VS2022)

END.
