#
# There is insufficient memory for the Java Runtime Environment to continue.
# Native memory allocation (malloc) failed to allocate 262160 bytes. Error detail: Chunk::new
# Possible reasons:
#   The system is out of physical RAM or swap space
#   This process is running with CompressedOops enabled, and the Java Heap may be blocking the growth of the native heap
# Possible solutions:
#   Reduce memory load on the system
#   Increase physical memory or swap space
#   Check if swap backing store is full
#   Decrease Java heap size (-Xmx/-Xms)
#   Decrease number of Java threads
#   Decrease Java thread stack sizes (-Xss)
#   Set larger code cache with -XX:ReservedCodeCacheSize=
#   JVM is running with Unscaled Compressed Oops mode in which the Java heap is
#     placed in the first 4GB address space. The Java Heap base address is the
#     maximum limit for the native heap growth. Please use -XX:HeapBaseMinAddress
#     to set the Java Heap base and to place the Java Heap above 4GB virtual address.
# This output file may be truncated or incomplete.
#
#  Out of Memory Error (arena.cpp:168), pid=2188, tid=13804
#
# JRE version: OpenJDK Runtime Environment Temurin-21.0.7+6 (21.0.7+6) (build 21.0.7+6-LTS)
# Java VM: OpenJDK 64-Bit Server VM Temurin-21.0.7+6 (21.0.7+6-LTS, mixed mode, sharing, tiered, compressed oops, compressed class ptrs, parallel gc, windows-amd64)
# No core dump will be written. Minidumps are not enabled by default on client versions of Windows
#

---------------  S U M M A R Y ------------

Command Line: --add-modules=ALL-SYSTEM --add-opens=java.base/java.util=ALL-UNNAMED --add-opens=java.base/java.lang=ALL-UNNAMED --add-opens=java.base/sun.nio.fs=ALL-UNNAMED -Declipse.application=org.eclipse.jdt.ls.core.id1 -Dosgi.bundles.defaultStartLevel=4 -Declipse.product=org.eclipse.jdt.ls.core.product -Djava.import.generatesMetadataFilesAtProjectRoot=false -DDetectVMInstallationsJob.disabled=true -Dfile.encoding=utf8 -XX:+UseParallelGC -XX:GCTimeRatio=4 -XX:AdaptiveSizePolicyWeight=90 -Dsun.zip.disableMemoryMapping=true -Xmx2G -Xms100m -Xlog:disable -javaagent:c:\Users\Admin\.vscode\extensions\redhat.java-1.43.1-win32-x64\lombok\lombok-1.18.39-4050.jar -XX:+HeapDumpOnOutOfMemoryError -XX:HeapDumpPath=c:\Users\Admin\AppData\Roaming\Code\User\workspaceStorage\91bfc2bb926e85cacc8896de9206306c\redhat.java -Daether.dependencyCollector.impl=bf c:\Users\Admin\.vscode\extensions\redhat.java-1.43.1-win32-x64\server\plugins\org.eclipse.equinox.launcher_1.7.0.v20250519-0528.jar -configuration c:\Users\Admin\AppData\Roaming\Code\User\globalStorage\redhat.java\1.43.1\config_win -data c:\Users\Admin\AppData\Roaming\Code\User\workspaceStorage\91bfc2bb926e85cacc8896de9206306c\redhat.java\jdt_ws --pipe=\\.\pipe\lsp-4d45407c73c18d369754902bcdfe80f1-sock

Host: AMD Ryzen 5 5500U with Radeon Graphics         , 12 cores, 5G,  Windows 11 , 64 bit Build 26100 (10.0.26100.3323)
Time: Thu Jul 10 12:14:48 2025 W. Central Africa Standard Time elapsed time: 89.592760 seconds (0d 0h 1m 29s)

---------------  T H R E A D  ---------------

Current thread (0x0000028e1aac1cd0):  JavaThread "C2 CompilerThread0" daemon [_thread_in_native, id=13804, stack(0x000000b58ca00000,0x000000b58cb00000) (1024K)]


Current CompileTask:
C2:89592 16483   !   4       org.eclipse.jdt.internal.compiler.classfmt.ClassFileReader::<init> (2135 bytes)

Stack: [0x000000b58ca00000,0x000000b58cb00000]
Native frames: (J=compiled Java code, j=interpreted, Vv=VM code, C=native code)
V  [jvm.dll+0x6ce119]
V  [jvm.dll+0x8a84a1]
V  [jvm.dll+0x8aa9ce]
V  [jvm.dll+0x8ab0b3]
V  [jvm.dll+0x27f8a6]
V  [jvm.dll+0xc507d]
V  [jvm.dll+0xc55b3]
V  [jvm.dll+0xc51a5]
V  [jvm.dll+0x6a96fc]
V  [jvm.dll+0x6051ee]
V  [jvm.dll+0x5ed76b]
V  [jvm.dll+0x5edf0c]
V  [jvm.dll+0x5f05a5]
V  [jvm.dll+0x5f003d]
V  [jvm.dll+0x5eff20]
V  [jvm.dll+0x5f00a0]
V  [jvm.dll+0x5f00a0]
V  [jvm.dll+0x5f00a0]
V  [jvm.dll+0x5f00a0]
V  [jvm.dll+0x5f00a0]
V  [jvm.dll+0x5f00a0]
V  [jvm.dll+0x5f00a0]
V  [jvm.dll+0x5f00a0]
V  [jvm.dll+0x5f00a0]
V  [jvm.dll+0x5f00a0]
V  [jvm.dll+0x5f00a0]
V  [jvm.dll+0x5f00a0]
V  [jvm.dll+0x5eff20]
V  [jvm.dll+0x5f00a0]
V  [jvm.dll+0x5f00a0]
V  [jvm.dll+0x5f00a0]
V  [jvm.dll+0x5f00a0]
V  [jvm.dll+0x5f00a0]
V  [jvm.dll+0x5f00a0]
V  [jvm.dll+0x5f00a0]
V  [jvm.dll+0x5f00a0]
V  [jvm.dll+0x5f00a0]
V  [jvm.dll+0x5f00a0]
V  [jvm.dll+0x5f00a0]
V  [jvm.dll+0x5f73a4]
V  [jvm.dll+0x250cb2]
V  [jvm.dll+0x25106f]
V  [jvm.dll+0x249934]
V  [jvm.dll+0x246fc4]
V  [jvm.dll+0x1c760e]
V  [jvm.dll+0x25695a]
V  [jvm.dll+0x254efa]
V  [jvm.dll+0x3f03f6]
V  [jvm.dll+0x851f6b]
V  [jvm.dll+0x6cc7dd]
C  [ucrtbase.dll+0x37b0]
C  [KERNEL32.DLL+0x2e8d7]
C  [ntdll.dll+0xbbf6c]


---------------  P R O C E S S  ---------------

Threads class SMR info:
_java_thread_list=0x0000028e7e051dd0, length=79, elements={
0x0000028e1aa102d0, 0x0000028e1a9bb9e0, 0x0000028e1aab3f70, 0x0000028e1aab89d0,
0x0000028e1aab9620, 0x0000028e1aaba270, 0x0000028e1aabd0d0, 0x0000028e1aac1cd0,
0x0000028e1aac9770, 0x0000028e738bfff0, 0x0000028e73af0ba0, 0x0000028e74b7a000,
0x0000028e7915ebb0, 0x0000028e791c7a40, 0x0000028e791c6000, 0x0000028e791c5970,
0x0000028e791c6690, 0x0000028e791c73b0, 0x0000028e791c80d0, 0x0000028e791c4c50,
0x0000028e798760b0, 0x0000028e79875390, 0x0000028e79874d00, 0x0000028e79878810,
0x0000028e79878ea0, 0x0000028e79877af0, 0x0000028e79876740, 0x0000028e79876dd0,
0x0000028e79877460, 0x0000028e79875a20, 0x0000028e7987b600, 0x0000028e7987bc90,
0x0000028e79879530, 0x0000028e79879bc0, 0x0000028e7987a250, 0x0000028e7987af70,
0x0000028e7987a8e0, 0x0000028e7987c320, 0x0000028e7bfbe080, 0x0000028e7bfbccd0,
0x0000028e7bfbb920, 0x0000028e7bfbe710, 0x0000028e7bfbc640, 0x0000028e7bfc07e0,
0x0000028e7bfbd9f0, 0x0000028e7bfbd360, 0x0000028e7bfc1b90, 0x0000028e7bfc0150,
0x0000028e7bfc28b0, 0x0000028e7bfc0e70, 0x0000028e7bfc1500, 0x0000028e7bfc2220,
0x0000028e7bfbf430, 0x0000028e7bfc2f40, 0x0000028e791c6d20, 0x0000028e7be989a0,
0x0000028e7be9a3e0, 0x0000028e7be99030, 0x0000028e7be98310, 0x0000028e7be9aa70,
0x0000028e7be9b100, 0x0000028e7be97c80, 0x0000028e7be9c4b0, 0x0000028e7be9cb40,
0x0000028e7be9d1d0, 0x0000028e7be9ec10, 0x0000028e7be9def0, 0x0000028e7be9d860,
0x0000028e7be9f2a0, 0x0000028e7c4f07c0, 0x0000028e7c4f2f20, 0x0000028e7c4f14e0,
0x0000028e7c4f2200, 0x0000028e7c4f2890, 0x0000028e7c4f63a0, 0x0000028e7c4f6a30,
0x0000028e7c4f35b0, 0x0000028e7be99d50, 0x0000028e7be9e580
}

Java Threads: ( => current thread )
  0x0000028e1aa102d0 JavaThread "main"                              [_thread_blocked, id=32088, stack(0x000000b58c000000,0x000000b58c100000) (1024K)]
  0x0000028e1a9bb9e0 JavaThread "Reference Handler"          daemon [_thread_blocked, id=27944, stack(0x000000b58c400000,0x000000b58c500000) (1024K)]
  0x0000028e1aab3f70 JavaThread "Finalizer"                  daemon [_thread_blocked, id=28940, stack(0x000000b58c500000,0x000000b58c600000) (1024K)]
  0x0000028e1aab89d0 JavaThread "Signal Dispatcher"          daemon [_thread_blocked, id=29620, stack(0x000000b58c600000,0x000000b58c700000) (1024K)]
  0x0000028e1aab9620 JavaThread "Attach Listener"            daemon [_thread_blocked, id=15892, stack(0x000000b58c700000,0x000000b58c800000) (1024K)]
  0x0000028e1aaba270 JavaThread "Service Thread"             daemon [_thread_blocked, id=12504, stack(0x000000b58c800000,0x000000b58c900000) (1024K)]
  0x0000028e1aabd0d0 JavaThread "Monitor Deflation Thread"   daemon [_thread_blocked, id=32372, stack(0x000000b58c900000,0x000000b58ca00000) (1024K)]
=>0x0000028e1aac1cd0 JavaThread "C2 CompilerThread0"         daemon [_thread_in_native, id=13804, stack(0x000000b58ca00000,0x000000b58cb00000) (1024K)]
  0x0000028e1aac9770 JavaThread "C1 CompilerThread0"         daemon [_thread_blocked, id=17656, stack(0x000000b58cb00000,0x000000b58cc00000) (1024K)]
  0x0000028e738bfff0 JavaThread "Common-Cleaner"             daemon [_thread_blocked, id=4004, stack(0x000000b58cc00000,0x000000b58cd00000) (1024K)]
  0x0000028e73af0ba0 JavaThread "Notification Thread"        daemon [_thread_blocked, id=12588, stack(0x000000b58cd00000,0x000000b58ce00000) (1024K)]
  0x0000028e74b7a000 JavaThread "Active Thread: Equinox Container: aad7a7bd-dbfe-4154-85cb-e30f665235be"        [_thread_blocked, id=24228, stack(0x000000b58d400000,0x000000b58d500000) (1024K)]
  0x0000028e7915ebb0 JavaThread "Refresh Thread: Equinox Container: aad7a7bd-dbfe-4154-85cb-e30f665235be" daemon [_thread_blocked, id=21728, stack(0x000000b58d600000,0x000000b58d700000) (1024K)]
  0x0000028e791c7a40 JavaThread "Framework Event Dispatcher: Equinox Container: aad7a7bd-dbfe-4154-85cb-e30f665235be" daemon [_thread_blocked, id=31012, stack(0x000000b58d700000,0x000000b58d800000) (1024K)]
  0x0000028e791c6000 JavaThread "Start Level: Equinox Container: aad7a7bd-dbfe-4154-85cb-e30f665235be" daemon [_thread_blocked, id=22640, stack(0x000000b58d800000,0x000000b58d900000) (1024K)]
  0x0000028e791c5970 JavaThread "Bundle File Closer"         daemon [_thread_blocked, id=21856, stack(0x000000b58db00000,0x000000b58dc00000) (1024K)]
  0x0000028e791c6690 JavaThread "SCR Component Actor"        daemon [_thread_blocked, id=30932, stack(0x000000b58dc00000,0x000000b58dd00000) (1024K)]
  0x0000028e791c73b0 JavaThread "Worker-JM"                         [_thread_blocked, id=30604, stack(0x000000b58de00000,0x000000b58df00000) (1024K)]
  0x0000028e791c80d0 JavaThread "JNA Cleaner"                daemon [_thread_blocked, id=20960, stack(0x000000b58df00000,0x000000b58e000000) (1024K)]
  0x0000028e791c4c50 JavaThread "Worker-0"                          [_thread_blocked, id=28376, stack(0x000000b58e000000,0x000000b58e100000) (1024K)]
  0x0000028e798760b0 JavaThread "Worker-1"                          [_thread_blocked, id=22772, stack(0x000000b58e100000,0x000000b58e200000) (1024K)]
  0x0000028e79875390 JavaThread "Worker-2"                          [_thread_blocked, id=6148, stack(0x000000b58e200000,0x000000b58e300000) (1024K)]
  0x0000028e79874d00 JavaThread "Java indexing"              daemon [_thread_blocked, id=12940, stack(0x000000b58e300000,0x000000b58e400000) (1024K)]
  0x0000028e79878810 JavaThread "Worker-3: Initialize workspace"        [_thread_blocked, id=23208, stack(0x000000b58e400000,0x000000b58e500000) (1024K)]
  0x0000028e79878ea0 JavaThread "Worker-4"                          [_thread_blocked, id=26468, stack(0x000000b58e500000,0x000000b58e600000) (1024K)]
  0x0000028e79877af0 JavaThread "Worker-5"                          [_thread_blocked, id=9404, stack(0x000000b58e900000,0x000000b58ea00000) (1024K)]
  0x0000028e79876740 JavaThread "Thread-2"                   daemon [_thread_in_native, id=16236, stack(0x000000b58ea00000,0x000000b58eb00000) (1024K)]
  0x0000028e79876dd0 JavaThread "Thread-3"                   daemon [_thread_in_native, id=29744, stack(0x000000b58eb00000,0x000000b58ec00000) (1024K)]
  0x0000028e79877460 JavaThread "Thread-4"                   daemon [_thread_in_native, id=23916, stack(0x000000b58ec00000,0x000000b58ed00000) (1024K)]
  0x0000028e79875a20 JavaThread "Thread-5"                   daemon [_thread_in_native, id=3724, stack(0x000000b58ed00000,0x000000b58ee00000) (1024K)]
  0x0000028e7987b600 JavaThread "Thread-6"                   daemon [_thread_in_native, id=30460, stack(0x000000b58ee00000,0x000000b58ef00000) (1024K)]
  0x0000028e7987bc90 JavaThread "Thread-7"                   daemon [_thread_in_native, id=7540, stack(0x000000b58ef00000,0x000000b58f000000) (1024K)]
  0x0000028e79879530 JavaThread "Thread-8"                   daemon [_thread_in_native, id=31472, stack(0x000000b58f000000,0x000000b58f100000) (1024K)]
  0x0000028e79879bc0 JavaThread "Thread-9"                   daemon [_thread_in_native, id=5188, stack(0x000000b58f100000,0x000000b58f200000) (1024K)]
  0x0000028e7987a250 JavaThread "Thread-10"                  daemon [_thread_in_native, id=9316, stack(0x000000b58f200000,0x000000b58f300000) (1024K)]
  0x0000028e7987af70 JavaThread "Thread-11"                  daemon [_thread_in_native, id=23244, stack(0x000000b58f300000,0x000000b58f400000) (1024K)]
  0x0000028e7987a8e0 JavaThread "Thread-12"                  daemon [_thread_in_native, id=23308, stack(0x000000b58f400000,0x000000b58f500000) (1024K)]
  0x0000028e7987c320 JavaThread "Thread-13"                  daemon [_thread_in_native, id=31944, stack(0x000000b58f500000,0x000000b58f600000) (1024K)]
  0x0000028e7bfbe080 JavaThread "Thread-14"                  daemon [_thread_in_native, id=28520, stack(0x000000b58f600000,0x000000b58f700000) (1024K)]
  0x0000028e7bfbccd0 JavaThread "pool-2-thread-1"                   [_thread_blocked, id=25872, stack(0x000000b58f700000,0x000000b58f800000) (1024K)]
  0x0000028e7bfbb920 JavaThread "Worker-6"                          [_thread_blocked, id=24696, stack(0x000000b58f800000,0x000000b58f900000) (1024K)]
  0x0000028e7bfbe710 JavaThread "WorkspaceEventsHandler"            [_thread_blocked, id=31968, stack(0x000000b58f900000,0x000000b58fa00000) (1024K)]
  0x0000028e7bfbc640 JavaThread "pool-1-thread-1"                   [_thread_blocked, id=20432, stack(0x000000b58fa00000,0x000000b58fb00000) (1024K)]
  0x0000028e7bfc07e0 JavaThread "LocalFile Deleter"          daemon [_thread_blocked, id=28208, stack(0x000000b58dd00000,0x000000b58de00000) (1024K)]
  0x0000028e7bfbd9f0 JavaThread "LocalFile Deleter"          daemon [_thread_blocked, id=27008, stack(0x000000b58fb00000,0x000000b58fc00000) (1024K)]
  0x0000028e7bfbd360 JavaThread "LocalFile Deleter"          daemon [_thread_blocked, id=29784, stack(0x000000b58fc00000,0x000000b58fd00000) (1024K)]
  0x0000028e7bfc1b90 JavaThread "LocalFile Deleter"          daemon [_thread_blocked, id=23260, stack(0x000000b58fd00000,0x000000b58fe00000) (1024K)]
  0x0000028e7bfc0150 JavaThread "LocalFile Deleter"          daemon [_thread_blocked, id=14084, stack(0x000000b58fe00000,0x000000b58ff00000) (1024K)]
  0x0000028e7bfc28b0 JavaThread "LocalFile Deleter"          daemon [_thread_blocked, id=18224, stack(0x000000b58ff00000,0x000000b590000000) (1024K)]
  0x0000028e7bfc0e70 JavaThread "LocalFile Deleter"          daemon [_thread_blocked, id=11836, stack(0x000000b590000000,0x000000b590100000) (1024K)]
  0x0000028e7bfc1500 JavaThread "LocalFile Deleter"          daemon [_thread_blocked, id=18824, stack(0x000000b590100000,0x000000b590200000) (1024K)]
  0x0000028e7bfc2220 JavaThread "LocalFile Deleter"          daemon [_thread_blocked, id=32500, stack(0x000000b590200000,0x000000b590300000) (1024K)]
  0x0000028e7bfbf430 JavaThread "LocalFile Deleter"          daemon [_thread_blocked, id=32660, stack(0x000000b590400000,0x000000b590500000) (1024K)]
  0x0000028e7bfc2f40 JavaThread "LocalFile Deleter"          daemon [_thread_blocked, id=22852, stack(0x000000b590500000,0x000000b590600000) (1024K)]
  0x0000028e791c6d20 JavaThread "Compiler Source File Reader" daemon [_thread_blocked, id=1144, stack(0x000000b590600000,0x000000b590700000) (1024K)]
  0x0000028e7be989a0 JavaThread "Compiler Source File Reader" daemon [_thread_blocked, id=29684, stack(0x000000b590700000,0x000000b590800000) (1024K)]
  0x0000028e7be9a3e0 JavaThread "Compiler Source File Reader" daemon [_thread_blocked, id=1116, stack(0x000000b590800000,0x000000b590900000) (1024K)]
  0x0000028e7be99030 JavaThread "Compiler Source File Reader" daemon [_thread_blocked, id=27172, stack(0x000000b590900000,0x000000b590a00000) (1024K)]
  0x0000028e7be98310 JavaThread "Compiler Source File Reader" daemon [_thread_blocked, id=14480, stack(0x000000b590a00000,0x000000b590b00000) (1024K)]
  0x0000028e7be9aa70 JavaThread "Compiler Source File Reader" daemon [_thread_blocked, id=22988, stack(0x000000b590b00000,0x000000b590c00000) (1024K)]
  0x0000028e7be9b100 JavaThread "Compiler Source File Reader" daemon [_thread_blocked, id=16240, stack(0x000000b590c00000,0x000000b590d00000) (1024K)]
  0x0000028e7be97c80 JavaThread "Compiler Source File Reader" daemon [_thread_blocked, id=15560, stack(0x000000b590d00000,0x000000b590e00000) (1024K)]
  0x0000028e7be9c4b0 JavaThread "Compiler Source File Reader" daemon [_thread_blocked, id=30252, stack(0x000000b590e00000,0x000000b590f00000) (1024K)]
  0x0000028e7be9cb40 JavaThread "Compiler Source File Reader" daemon [_thread_blocked, id=28580, stack(0x000000b590f00000,0x000000b591000000) (1024K)]
  0x0000028e7be9d1d0 JavaThread "Compiler Class File Writer" daemon [_thread_blocked, id=3500, stack(0x000000b591100000,0x000000b591200000) (1024K)]
  0x0000028e7be9ec10 JavaThread "Compiler Class File Writer" daemon [_thread_blocked, id=31404, stack(0x000000b591200000,0x000000b591300000) (1024K)]
  0x0000028e7be9def0 JavaThread "Compiler Class File Writer" daemon [_thread_blocked, id=3348, stack(0x000000b591300000,0x000000b591400000) (1024K)]
  0x0000028e7be9d860 JavaThread "Compiler Class File Writer" daemon [_thread_blocked, id=10292, stack(0x000000b591400000,0x000000b591500000) (1024K)]
  0x0000028e7be9f2a0 JavaThread "Compiler Class File Writer" daemon [_thread_blocked, id=20080, stack(0x000000b591500000,0x000000b591600000) (1024K)]
  0x0000028e7c4f07c0 JavaThread "Compiler Class File Writer" daemon [_thread_blocked, id=7512, stack(0x000000b591600000,0x000000b591700000) (1024K)]
  0x0000028e7c4f2f20 JavaThread "Compiler Class File Writer" daemon [_thread_blocked, id=14956, stack(0x000000b591700000,0x000000b591800000) (1024K)]
  0x0000028e7c4f14e0 JavaThread "Compiler Class File Writer" daemon [_thread_blocked, id=23436, stack(0x000000b591800000,0x000000b591900000) (1024K)]
  0x0000028e7c4f2200 JavaThread "Compiler Class File Writer" daemon [_thread_blocked, id=3884, stack(0x000000b591900000,0x000000b591a00000) (1024K)]
  0x0000028e7c4f2890 JavaThread "Compiler Class File Writer" daemon [_thread_blocked, id=21144, stack(0x000000b591a00000,0x000000b591b00000) (1024K)]
  0x0000028e7c4f63a0 JavaThread "Worker-7: Java indexing... "        [_thread_blocked, id=14624, stack(0x000000b591b00000,0x000000b591c00000) (1024K)]
  0x0000028e7c4f6a30 JavaThread "ForkJoinPool.commonPool-worker-1" daemon [_thread_blocked, id=21744, stack(0x000000b58be00000,0x000000b58bf00000) (1024K)]
  0x0000028e7c4f35b0 JavaThread "ForkJoinPool.commonPool-worker-2" daemon [_thread_blocked, id=15492, stack(0x000000b58bf00000,0x000000b58c000000) (1024K)]
  0x0000028e7be99d50 JavaThread "ForkJoinPool.commonPool-worker-4" daemon [_thread_blocked, id=13240, stack(0x000000b591c00000,0x000000b591d00000) (1024K)]
  0x0000028e7be9e580 JavaThread "ForkJoinPool.commonPool-worker-3" daemon [_thread_blocked, id=5892, stack(0x000000b591d00000,0x000000b591e00000) (1024K)]
Total: 79

Other Threads:
  0x0000028e1aaaeab0 VMThread "VM Thread"                           [id=32144, stack(0x000000b58c300000,0x000000b58c400000) (1024K)]
  0x0000028e1a89ca00 WatcherThread "VM Periodic Task Thread"        [id=12932, stack(0x000000b58c200000,0x000000b58c300000) (1024K)]
  0x0000028e1aa2e890 WorkerThread "GC Thread#0"                     [id=20112, stack(0x000000b58c100000,0x000000b58c200000) (1024K)]
  0x0000028e74afc440 WorkerThread "GC Thread#1"                     [id=30444, stack(0x000000b58ce00000,0x000000b58cf00000) (1024K)]
  0x0000028e74afd350 WorkerThread "GC Thread#2"                     [id=22844, stack(0x000000b58cf00000,0x000000b58d000000) (1024K)]
  0x0000028e73afb9f0 WorkerThread "GC Thread#3"                     [id=32724, stack(0x000000b58d000000,0x000000b58d100000) (1024K)]
  0x0000028e73afc900 WorkerThread "GC Thread#4"                     [id=15116, stack(0x000000b58d100000,0x000000b58d200000) (1024K)]
  0x0000028e74d9d2e0 WorkerThread "GC Thread#5"                     [id=18344, stack(0x000000b58d200000,0x000000b58d300000) (1024K)]
  0x0000028e74d9d680 WorkerThread "GC Thread#6"                     [id=6208, stack(0x000000b58d300000,0x000000b58d400000) (1024K)]
  0x0000028e791cb880 WorkerThread "GC Thread#7"                     [id=27860, stack(0x000000b58d500000,0x000000b58d600000) (1024K)]
  0x0000028e7918d2b0 WorkerThread "GC Thread#8"                     [id=14132, stack(0x000000b58d900000,0x000000b58da00000) (1024K)]
  0x0000028e7918d650 WorkerThread "GC Thread#9"                     [id=30472, stack(0x000000b58da00000,0x000000b58db00000) (1024K)]
Total: 12

Threads with active compile tasks:
C2 CompilerThread0  92447 16483   !   4       org.eclipse.jdt.internal.compiler.classfmt.ClassFileReader::<init> (2135 bytes)
Total: 1

VM state: at safepoint (normal execution)

VM Mutex/Monitor currently owned by a thread:  ([mutex/lock_event])
[0x00007ffd9abee308] Threads_lock - owner thread: 0x0000028e1aaaeab0
[0x00007ffd9abee408] Heap_lock - owner thread: 0x0000028e79878810
[0x00007ffd9abee888] PSOldGenExpand_lock - owner thread: 0x0000028e7918d650

Heap address: 0x0000000080000000, size: 2048 MB, Compressed Oops mode: 32-bit

CDS archive(s) mapped at: [0x0000028e32000000-0x0000028e32ba0000-0x0000028e32ba0000), size 12189696, SharedBaseAddress: 0x0000028e32000000, ArchiveRelocationMode: 1.
Compressed class space mapped at: 0x0000028e33000000-0x0000028e73000000, reserved size: 1073741824
Narrow klass base: 0x0000028e32000000, Narrow klass shift: 0, Narrow klass range: 0x100000000

GC Precious Log:
 CardTable entry size: 512
 CPUs: 12 total, 12 available
 Memory: 6005M
 Large Page Support: Disabled
 NUMA Support: Disabled
 Compressed Oops: Enabled (32-bit)
 Alignments: Space 512K, Generation 512K, Heap 2M
 Heap Min Capacity: 100M
 Heap Initial Capacity: 100M
 Heap Max Capacity: 2G
 Pre-touch: Disabled
 Parallel Workers: 10

Heap:
 PSYoungGen      total 24064K, used 23684K [0x00000000d5580000, 0x00000000d7200000, 0x0000000100000000)
  eden space 20480K, 100% used [0x00000000d5580000,0x00000000d6980000,0x00000000d6980000)
  from space 3584K, 89% used [0x00000000d6e80000,0x00000000d71a1040,0x00000000d7200000)
  to   space 4096K, 34% used [0x00000000d6a00000,0x00000000d6b62ea0,0x00000000d6e00000)
 ParOldGen       total 524800K, used 524792K [0x0000000080000000, 0x00000000a0080000, 0x00000000d5580000)
  object space 524800K, 99% used [0x0000000080000000,0x00000000a007e340,0x00000000a0080000)
 Metaspace       used 70188K, committed 71744K, reserved 1114112K
  class space    used 6938K, committed 7680K, reserved 1048576K

Card table byte_map: [0x0000028e1a3b0000,0x0000028e1a7c0000] _byte_map_base: 0x0000028e19fb0000

Marking Bits: (ParMarkBitMap*) 0x00007ffd9abf31f0
 Begin Bits: [0x0000028e2ceb0000, 0x0000028e2eeb0000)
 End Bits:   [0x0000028e2eeb0000, 0x0000028e30eb0000)

Polling page: 0x0000028e18840000

Metaspace:

Usage:
  Non-class:     61.77 MB used.
      Class:      6.78 MB used.
       Both:     68.54 MB used.

Virtual space:
  Non-class space:       64.00 MB reserved,      62.56 MB ( 98%) committed,  1 nodes.
      Class space:        1.00 GB reserved,       7.50 MB ( <1%) committed,  1 nodes.
             Both:        1.06 GB reserved,      70.06 MB (  6%) committed. 

Chunk freelists:
   Non-Class:  320.00 KB
       Class:  8.48 MB
        Both:  8.80 MB

MaxMetaspaceSize: unlimited
CompressedClassSpaceSize: 1.00 GB
Initial GC threshold: 21.00 MB
Current GC threshold: 102.62 MB
CDS: on
 - commit_granule_bytes: 65536.
 - commit_granule_words: 8192.
 - virtual_space_node_default_size: 8388608.
 - enlarge_chunks_in_place: 1.
 - use_allocation_guard: 0.


Internal statistics:

num_allocs_failed_limit: 9.
num_arena_births: 1352.
num_arena_deaths: 14.
num_vsnodes_births: 2.
num_vsnodes_deaths: 0.
num_space_committed: 1121.
num_space_uncommitted: 0.
num_chunks_returned_to_freelist: 23.
num_chunks_taken_from_freelist: 4879.
num_chunk_merges: 10.
num_chunk_splits: 2897.
num_chunks_enlarged: 1511.
num_inconsistent_stats: 0.

CodeHeap 'non-profiled nmethods': size=120000Kb used=6989Kb max_used=6989Kb free=113010Kb
 bounds [0x0000028e256d0000, 0x0000028e25db0000, 0x0000028e2cc00000]
CodeHeap 'profiled nmethods': size=120000Kb used=32987Kb max_used=32987Kb free=87012Kb
 bounds [0x0000028e1dc00000, 0x0000028e1fc40000, 0x0000028e25130000]
CodeHeap 'non-nmethods': size=5760Kb used=1452Kb max_used=1502Kb free=4307Kb
 bounds [0x0000028e25130000, 0x0000028e253a0000, 0x0000028e256d0000]
 total_blobs=15289 nmethods=14517 adapters=675
 compilation: enabled
              stopped_count=0, restarted_count=0
 full_count=0

Compilation events (20 events):
Event: 88.153 Thread 0x0000028e1aac9770 16634       3       org.eclipse.jdt.core.IClasspathEntry::isTest (61 bytes)
Event: 88.155 Thread 0x0000028e1aac9770 nmethod 16634 0x0000028e1fc2f490 code [0x0000028e1fc2f680, 0x0000028e1fc2fa78]
Event: 88.168 Thread 0x0000028e1aac9770 16635       3       org.eclipse.jdt.internal.core.JavaElementRequestor::acceptPackageFragment (28 bytes)
Event: 88.171 Thread 0x0000028e1aac9770 nmethod 16635 0x0000028e1fc2fc90 code [0x0000028e1fc2fea0, 0x0000028e1fc305a8]
Event: 88.171 Thread 0x0000028e1aac9770 16636       3       org.eclipse.jdt.internal.core.ClassFile::getType (28 bytes)
Event: 88.172 Thread 0x0000028e1aac9770 nmethod 16636 0x0000028e1fc30890 code [0x0000028e1fc30a60, 0x0000028e1fc30ea8]
Event: 88.172 Thread 0x0000028e1aac9770 16637       3       org.eclipse.jdt.internal.core.SourceRefElement::equals (40 bytes)
Event: 88.173 Thread 0x0000028e1aac9770 nmethod 16637 0x0000028e1fc31090 code [0x0000028e1fc31260, 0x0000028e1fc31698]
Event: 88.178 Thread 0x0000028e1aac9770 16638       2       com.sun.org.apache.xerces.internal.util.ParserConfigurationSettings::getFeature (31 bytes)
Event: 88.179 Thread 0x0000028e1aac9770 nmethod 16638 0x0000028e1fc31790 code [0x0000028e1fc31960, 0x0000028e1fc31b40]
Event: 88.182 Thread 0x0000028e1aac9770 16639       2       org.eclipse.core.internal.jobs.OrderedLock::acquire (7 bytes)
Event: 88.182 Thread 0x0000028e1aac9770 nmethod 16639 0x0000028e1fc31c90 code [0x0000028e1fc31e40, 0x0000028e1fc31f70]
Event: 88.182 Thread 0x0000028e1aac9770 16640       2       org.eclipse.core.internal.jobs.OrderedLock::acquire (83 bytes)
Event: 88.196 Thread 0x0000028e1aac9770 nmethod 16640 0x0000028e1fc32010 code [0x0000028e1fc32240, 0x0000028e1fc32890]
Event: 88.196 Thread 0x0000028e1aac9770 16641       2       org.eclipse.core.internal.jobs.OrderedLock::release (60 bytes)
Event: 88.197 Thread 0x0000028e1aac9770 nmethod 16641 0x0000028e1fc32c10 code [0x0000028e1fc32e00, 0x0000028e1fc33100]
Event: 88.214 Thread 0x0000028e1aac9770 16642       2       org.eclipse.core.internal.jobs.JobQueue::enqueue (83 bytes)
Event: 88.229 Thread 0x0000028e1aac9770 nmethod 16642 0x0000028e1fc33290 code [0x0000028e1fc334a0, 0x0000028e1fc33978]
Event: 88.266 Thread 0x0000028e1aac9770 16643       2       org.eclipse.sisu.inject.RankedSequence$Itr::hasNext (119 bytes)
Event: 89.585 Thread 0x0000028e1aac9770 nmethod 16643 0x0000028e1fc33c90 code [0x0000028e1fc33e40, 0x0000028e1fc340d8]

GC Heap History (20 events):
Event: 83.212 GC heap before
{Heap before GC invocations=847 (full 4):
 PSYoungGen      total 24576K, used 24310K [0x00000000d5580000, 0x00000000d7400000, 0x0000000100000000)
  eden space 22528K, 100% used [0x00000000d5580000,0x00000000d6b80000,0x00000000d6b80000)
  from space 2048K, 87% used [0x00000000d7200000,0x00000000d73bd848,0x00000000d7400000)
  to   space 2560K, 0% used [0x00000000d6f00000,0x00000000d6f00000,0x00000000d7180000)
 ParOldGen       total 503296K, used 502804K [0x0000000080000000, 0x000000009eb80000, 0x00000000d5580000)
  object space 503296K, 99% used [0x0000000080000000,0x000000009eb050b0,0x000000009eb80000)
 Metaspace       used 68932K, committed 70464K, reserved 1114112K
  class space    used 6848K, committed 7552K, reserved 1048576K
}
Event: 83.227 GC heap after
{Heap after GC invocations=847 (full 4):
 PSYoungGen      total 25088K, used 2231K [0x00000000d5580000, 0x00000000d7280000, 0x0000000100000000)
  eden space 22528K, 0% used [0x00000000d5580000,0x00000000d5580000,0x00000000d6b80000)
  from space 2560K, 87% used [0x00000000d6f00000,0x00000000d712dfe8,0x00000000d7180000)
  to   space 1024K, 0% used [0x00000000d7180000,0x00000000d7180000,0x00000000d7280000)
 ParOldGen       total 504832K, used 504482K [0x0000000080000000, 0x000000009ed00000, 0x00000000d5580000)
  object space 504832K, 99% used [0x0000000080000000,0x000000009eca88f8,0x000000009ed00000)
 Metaspace       used 68932K, committed 70464K, reserved 1114112K
  class space    used 6848K, committed 7552K, reserved 1048576K
}
Event: 83.378 GC heap before
{Heap before GC invocations=848 (full 4):
 PSYoungGen      total 25088K, used 24759K [0x00000000d5580000, 0x00000000d7280000, 0x0000000100000000)
  eden space 22528K, 100% used [0x00000000d5580000,0x00000000d6b80000,0x00000000d6b80000)
  from space 2560K, 87% used [0x00000000d6f00000,0x00000000d712dfe8,0x00000000d7180000)
  to   space 1024K, 0% used [0x00000000d7180000,0x00000000d7180000,0x00000000d7280000)
 ParOldGen       total 504832K, used 504483K [0x0000000080000000, 0x000000009ed00000, 0x00000000d5580000)
  object space 504832K, 99% used [0x0000000080000000,0x000000009eca8e20,0x000000009ed00000)
 Metaspace       used 68943K, committed 70464K, reserved 1114112K
  class space    used 6848K, committed 7552K, reserved 1048576K
}
Event: 83.387 GC heap after
{Heap after GC invocations=848 (full 4):
 PSYoungGen      total 23552K, used 1024K [0x00000000d5580000, 0x00000000d7580000, 0x0000000100000000)
  eden space 22528K, 0% used [0x00000000d5580000,0x00000000d5580000,0x00000000d6b80000)
  from space 1024K, 100% used [0x00000000d7180000,0x00000000d7280000,0x00000000d7280000)
  to   space 5120K, 0% used [0x00000000d6b80000,0x00000000d6b80000,0x00000000d7080000)
 ParOldGen       total 507904K, used 507827K [0x0000000080000000, 0x000000009f000000, 0x00000000d5580000)
  object space 507904K, 99% used [0x0000000080000000,0x000000009efecfd8,0x000000009f000000)
 Metaspace       used 68943K, committed 70464K, reserved 1114112K
  class space    used 6848K, committed 7552K, reserved 1048576K
}
Event: 83.701 GC heap before
{Heap before GC invocations=849 (full 4):
 PSYoungGen      total 23552K, used 23552K [0x00000000d5580000, 0x00000000d7580000, 0x0000000100000000)
  eden space 22528K, 100% used [0x00000000d5580000,0x00000000d6b80000,0x00000000d6b80000)
  from space 1024K, 100% used [0x00000000d7180000,0x00000000d7280000,0x00000000d7280000)
  to   space 5120K, 0% used [0x00000000d6b80000,0x00000000d6b80000,0x00000000d7080000)
 ParOldGen       total 507904K, used 507845K [0x0000000080000000, 0x000000009f000000, 0x00000000d5580000)
  object space 507904K, 99% used [0x0000000080000000,0x000000009eff17e0,0x000000009f000000)
 Metaspace       used 68977K, committed 70528K, reserved 1114112K
  class space    used 6848K, committed 7552K, reserved 1048576K
}
Event: 83.711 GC heap after
{Heap after GC invocations=849 (full 4):
 PSYoungGen      total 26112K, used 3130K [0x00000000d5580000, 0x00000000d7280000, 0x0000000100000000)
  eden space 22528K, 0% used [0x00000000d5580000,0x00000000d5580000,0x00000000d6b80000)
  from space 3584K, 87% used [0x00000000d6b80000,0x00000000d6e8e818,0x00000000d6f00000)
  to   space 3584K, 0% used [0x00000000d6f00000,0x00000000d6f00000,0x00000000d7280000)
 ParOldGen       total 508928K, used 508845K [0x0000000080000000, 0x000000009f100000, 0x00000000d5580000)
  object space 508928K, 99% used [0x0000000080000000,0x000000009f0eb7e0,0x000000009f100000)
 Metaspace       used 68977K, committed 70528K, reserved 1114112K
  class space    used 6848K, committed 7552K, reserved 1048576K
}
Event: 84.035 GC heap before
{Heap before GC invocations=850 (full 4):
 PSYoungGen      total 26112K, used 25658K [0x00000000d5580000, 0x00000000d7280000, 0x0000000100000000)
  eden space 22528K, 100% used [0x00000000d5580000,0x00000000d6b80000,0x00000000d6b80000)
  from space 3584K, 87% used [0x00000000d6b80000,0x00000000d6e8e818,0x00000000d6f00000)
  to   space 3584K, 0% used [0x00000000d6f00000,0x00000000d6f00000,0x00000000d7280000)
 ParOldGen       total 508928K, used 508845K [0x0000000080000000, 0x000000009f100000, 0x00000000d5580000)
  object space 508928K, 99% used [0x0000000080000000,0x000000009f0eb7e0,0x000000009f100000)
 Metaspace       used 69004K, committed 70528K, reserved 1114112K
  class space    used 6848K, committed 7552K, reserved 1048576K
}
Event: 84.045 GC heap after
{Heap after GC invocations=850 (full 4):
 PSYoungGen      total 25088K, used 2353K [0x00000000d5580000, 0x00000000d7180000, 0x0000000100000000)
  eden space 22528K, 0% used [0x00000000d5580000,0x00000000d5580000,0x00000000d6b80000)
  from space 2560K, 91% used [0x00000000d6f00000,0x00000000d714c780,0x00000000d7180000)
  to   space 3072K, 0% used [0x00000000d6b80000,0x00000000d6b80000,0x00000000d6e80000)
 ParOldGen       total 511488K, used 511450K [0x0000000080000000, 0x000000009f380000, 0x00000000d5580000)
  object space 511488K, 99% used [0x0000000080000000,0x000000009f376ba0,0x000000009f380000)
 Metaspace       used 69004K, committed 70528K, reserved 1114112K
  class space    used 6848K, committed 7552K, reserved 1048576K
}
Event: 84.674 GC heap before
{Heap before GC invocations=851 (full 4):
 PSYoungGen      total 25088K, used 24881K [0x00000000d5580000, 0x00000000d7180000, 0x0000000100000000)
  eden space 22528K, 100% used [0x00000000d5580000,0x00000000d6b80000,0x00000000d6b80000)
  from space 2560K, 91% used [0x00000000d6f00000,0x00000000d714c780,0x00000000d7180000)
  to   space 3072K, 0% used [0x00000000d6b80000,0x00000000d6b80000,0x00000000d6e80000)
 ParOldGen       total 511488K, used 511450K [0x0000000080000000, 0x000000009f380000, 0x00000000d5580000)
  object space 511488K, 99% used [0x0000000080000000,0x000000009f376ba0,0x000000009f380000)
 Metaspace       used 69173K, committed 70656K, reserved 1114112K
  class space    used 6862K, committed 7552K, reserved 1048576K
}
Event: 84.697 GC heap after
{Heap after GC invocations=851 (full 4):
 PSYoungGen      total 25088K, used 2377K [0x00000000d5580000, 0x00000000d7080000, 0x0000000100000000)
  eden space 22528K, 0% used [0x00000000d5580000,0x00000000d5580000,0x00000000d6b80000)
  from space 2560K, 92% used [0x00000000d6b80000,0x00000000d6dd2400,0x00000000d6e00000)
  to   space 2560K, 0% used [0x00000000d6e00000,0x00000000d6e00000,0x00000000d7080000)
 ParOldGen       total 514048K, used 513645K [0x0000000080000000, 0x000000009f600000, 0x00000000d5580000)
  object space 514048K, 99% used [0x0000000080000000,0x000000009f59b590,0x000000009f600000)
 Metaspace       used 69173K, committed 70656K, reserved 1114112K
  class space    used 6862K, committed 7552K, reserved 1048576K
}
Event: 84.891 GC heap before
{Heap before GC invocations=852 (full 4):
 PSYoungGen      total 25088K, used 24905K [0x00000000d5580000, 0x00000000d7080000, 0x0000000100000000)
  eden space 22528K, 100% used [0x00000000d5580000,0x00000000d6b80000,0x00000000d6b80000)
  from space 2560K, 92% used [0x00000000d6b80000,0x00000000d6dd2400,0x00000000d6e00000)
  to   space 2560K, 0% used [0x00000000d6e00000,0x00000000d6e00000,0x00000000d7080000)
 ParOldGen       total 514048K, used 513645K [0x0000000080000000, 0x000000009f600000, 0x00000000d5580000)
  object space 514048K, 99% used [0x0000000080000000,0x000000009f59b590,0x000000009f600000)
 Metaspace       used 69311K, committed 70784K, reserved 1114112K
  class space    used 6870K, committed 7552K, reserved 1048576K
}
Event: 84.898 GC heap after
{Heap after GC invocations=852 (full 4):
 PSYoungGen      total 22528K, used 2545K [0x00000000d5580000, 0x00000000d7580000, 0x0000000100000000)
  eden space 19968K, 0% used [0x00000000d5580000,0x00000000d5580000,0x00000000d6900000)
  from space 2560K, 99% used [0x00000000d6e00000,0x00000000d707c418,0x00000000d7080000)
  to   space 5120K, 0% used [0x00000000d6900000,0x00000000d6900000,0x00000000d6e00000)
 ParOldGen       total 515584K, used 515509K [0x0000000080000000, 0x000000009f780000, 0x00000000d5580000)
  object space 515584K, 99% used [0x0000000080000000,0x000000009f76d6e8,0x000000009f780000)
 Metaspace       used 69311K, committed 70784K, reserved 1114112K
  class space    used 6870K, committed 7552K, reserved 1048576K
}
Event: 85.143 GC heap before
{Heap before GC invocations=853 (full 4):
 PSYoungGen      total 22528K, used 22513K [0x00000000d5580000, 0x00000000d7580000, 0x0000000100000000)
  eden space 19968K, 99% used [0x00000000d5580000,0x00000000d68ffff8,0x00000000d6900000)
  from space 2560K, 99% used [0x00000000d6e00000,0x00000000d707c418,0x00000000d7080000)
  to   space 5120K, 0% used [0x00000000d6900000,0x00000000d6900000,0x00000000d6e00000)
 ParOldGen       total 515584K, used 515509K [0x0000000080000000, 0x000000009f780000, 0x00000000d5580000)
  object space 515584K, 99% used [0x0000000080000000,0x000000009f76d6e8,0x000000009f780000)
 Metaspace       used 69568K, committed 71104K, reserved 1114112K
  class space    used 6892K, committed 7616K, reserved 1048576K
}
Event: 86.160 GC heap after
{Heap after GC invocations=853 (full 4):
 PSYoungGen      total 25088K, used 2300K [0x00000000d5580000, 0x00000000d7280000, 0x0000000100000000)
  eden space 19968K, 0% used [0x00000000d5580000,0x00000000d5580000,0x00000000d6900000)
  from space 5120K, 44% used [0x00000000d6900000,0x00000000d6b3f008,0x00000000d6e00000)
  to   space 3072K, 0% used [0x00000000d6f80000,0x00000000d6f80000,0x00000000d7280000)
 ParOldGen       total 518144K, used 517921K [0x0000000080000000, 0x000000009fa00000, 0x00000000d5580000)
  object space 518144K, 99% used [0x0000000080000000,0x000000009f9c8468,0x000000009fa00000)
 Metaspace       used 69568K, committed 71104K, reserved 1114112K
  class space    used 6892K, committed 7616K, reserved 1048576K
}
Event: 86.757 GC heap before
{Heap before GC invocations=854 (full 4):
 PSYoungGen      total 25088K, used 22268K [0x00000000d5580000, 0x00000000d7280000, 0x0000000100000000)
  eden space 19968K, 100% used [0x00000000d5580000,0x00000000d6900000,0x00000000d6900000)
  from space 5120K, 44% used [0x00000000d6900000,0x00000000d6b3f008,0x00000000d6e00000)
  to   space 3072K, 0% used [0x00000000d6f80000,0x00000000d6f80000,0x00000000d7280000)
 ParOldGen       total 518144K, used 517921K [0x0000000080000000, 0x000000009fa00000, 0x00000000d5580000)
  object space 518144K, 99% used [0x0000000080000000,0x000000009f9c8468,0x000000009fa00000)
 Metaspace       used 70047K, committed 71616K, reserved 1114112K
  class space    used 6934K, committed 7680K, reserved 1048576K
}
Event: 86.767 GC heap after
{Heap after GC invocations=854 (full 4):
 PSYoungGen      total 23552K, used 3056K [0x00000000d5580000, 0x00000000d7880000, 0x0000000100000000)
  eden space 20480K, 0% used [0x00000000d5580000,0x00000000d5580000,0x00000000d6980000)
  from space 3072K, 99% used [0x00000000d6f80000,0x00000000d727c098,0x00000000d7280000)
  to   space 6144K, 0% used [0x00000000d6980000,0x00000000d6980000,0x00000000d6f80000)
 ParOldGen       total 520192K, used 520167K [0x0000000080000000, 0x000000009fc00000, 0x00000000d5580000)
  object space 520192K, 99% used [0x0000000080000000,0x000000009fbf9fa0,0x000000009fc00000)
 Metaspace       used 70047K, committed 71616K, reserved 1114112K
  class space    used 6934K, committed 7680K, reserved 1048576K
}
Event: 87.174 GC heap before
{Heap before GC invocations=855 (full 4):
 PSYoungGen      total 23552K, used 23536K [0x00000000d5580000, 0x00000000d7880000, 0x0000000100000000)
  eden space 20480K, 100% used [0x00000000d5580000,0x00000000d6980000,0x00000000d6980000)
  from space 3072K, 99% used [0x00000000d6f80000,0x00000000d727c098,0x00000000d7280000)
  to   space 6144K, 0% used [0x00000000d6980000,0x00000000d6980000,0x00000000d6f80000)
 ParOldGen       total 520192K, used 520167K [0x0000000080000000, 0x000000009fc00000, 0x00000000d5580000)
  object space 520192K, 99% used [0x0000000080000000,0x000000009fbf9fa0,0x000000009fc00000)
 Metaspace       used 70105K, committed 71680K, reserved 1114112K
  class space    used 6935K, committed 7680K, reserved 1048576K
}
Event: 87.180 GC heap after
{Heap after GC invocations=855 (full 4):
 PSYoungGen      total 25088K, used 4242K [0x00000000d5580000, 0x00000000d7380000, 0x0000000100000000)
  eden space 20480K, 0% used [0x00000000d5580000,0x00000000d5580000,0x00000000d6980000)
  from space 4608K, 92% used [0x00000000d6980000,0x00000000d6da49c0,0x00000000d6e00000)
  to   space 5120K, 0% used [0x00000000d6e80000,0x00000000d6e80000,0x00000000d7380000)
 ParOldGen       total 521728K, used 521712K [0x0000000080000000, 0x000000009fd80000, 0x00000000d5580000)
  object space 521728K, 99% used [0x0000000080000000,0x000000009fd7c380,0x000000009fd80000)
 Metaspace       used 70105K, committed 71680K, reserved 1114112K
  class space    used 6935K, committed 7680K, reserved 1048576K
}
Event: 87.392 GC heap before
{Heap before GC invocations=856 (full 4):
 PSYoungGen      total 25088K, used 24720K [0x00000000d5580000, 0x00000000d7380000, 0x0000000100000000)
  eden space 20480K, 99% used [0x00000000d5580000,0x00000000d697f7f8,0x00000000d6980000)
  from space 4608K, 92% used [0x00000000d6980000,0x00000000d6da49c0,0x00000000d6e00000)
  to   space 5120K, 0% used [0x00000000d6e80000,0x00000000d6e80000,0x00000000d7380000)
 ParOldGen       total 521728K, used 521712K [0x0000000080000000, 0x000000009fd80000, 0x00000000d5580000)
  object space 521728K, 99% used [0x0000000080000000,0x000000009fd7c380,0x000000009fd80000)
 Metaspace       used 70132K, committed 71680K, reserved 1114112K
  class space    used 6935K, committed 7680K, reserved 1048576K
}
Event: 87.401 GC heap after
{Heap after GC invocations=856 (full 4):
 PSYoungGen      total 24064K, used 3204K [0x00000000d5580000, 0x00000000d7200000, 0x0000000100000000)
  eden space 20480K, 0% used [0x00000000d5580000,0x00000000d5580000,0x00000000d6980000)
  from space 3584K, 89% used [0x00000000d6e80000,0x00000000d71a1040,0x00000000d7200000)
  to   space 4096K, 0% used [0x00000000d6a00000,0x00000000d6a00000,0x00000000d6e00000)
 ParOldGen       total 524288K, used 524221K [0x0000000080000000, 0x00000000a0000000, 0x00000000d5580000)
  object space 524288K, 99% used [0x0000000080000000,0x000000009ffef660,0x00000000a0000000)
 Metaspace       used 70132K, committed 71680K, reserved 1114112K
  class space    used 6935K, committed 7680K, reserved 1048576K
}

Dll operation events (10 events):
Event: 0.054 Loaded shared library c:\Users\Admin\.vscode\extensions\redhat.java-1.43.1-win32-x64\jre\21.0.7-win32-x86_64\bin\java.dll
Event: 0.303 Loaded shared library c:\Users\Admin\.vscode\extensions\redhat.java-1.43.1-win32-x64\jre\21.0.7-win32-x86_64\bin\zip.dll
Event: 0.360 Loaded shared library C:\Users\Admin\.vscode\extensions\redhat.java-1.43.1-win32-x64\jre\21.0.7-win32-x86_64\bin\instrument.dll
Event: 0.374 Loaded shared library C:\Users\Admin\.vscode\extensions\redhat.java-1.43.1-win32-x64\jre\21.0.7-win32-x86_64\bin\net.dll
Event: 0.382 Loaded shared library C:\Users\Admin\.vscode\extensions\redhat.java-1.43.1-win32-x64\jre\21.0.7-win32-x86_64\bin\nio.dll
Event: 0.395 Loaded shared library C:\Users\Admin\.vscode\extensions\redhat.java-1.43.1-win32-x64\jre\21.0.7-win32-x86_64\bin\zip.dll
Event: 0.456 Loaded shared library C:\Users\Admin\.vscode\extensions\redhat.java-1.43.1-win32-x64\jre\21.0.7-win32-x86_64\bin\jimage.dll
Event: 0.655 Loaded shared library c:\Users\Admin\.vscode\extensions\redhat.java-1.43.1-win32-x64\jre\21.0.7-win32-x86_64\bin\verify.dll
Event: 3.945 Loaded shared library C:\Users\Admin\AppData\Roaming\Code\User\globalStorage\redhat.java\1.43.1\config_win\org.eclipse.equinox.launcher\org.eclipse.equinox.launcher.win32.win32.x86_64_1.2.1300.v20250331-1702\eclipse_11911.dll
Event: 8.991 Loaded shared library C:\Users\Admin\AppData\Local\Temp\jna-63116079\jna482202833487946402.dll

Deoptimization events (20 events):
Event: 87.334 Thread 0x0000028e7c4f35b0 DEOPT PACKING pc=0x0000028e1fb32967 sp=0x000000b58bffc5e0
Event: 87.334 Thread 0x0000028e7c4f35b0 DEOPT UNPACKING pc=0x0000028e25184242 sp=0x000000b58bffbb50 mode 0
Event: 87.349 Thread 0x0000028e7c4f35b0 DEOPT PACKING pc=0x0000028e1ecfe99f sp=0x000000b58bffc890
Event: 87.349 Thread 0x0000028e7c4f35b0 DEOPT UNPACKING pc=0x0000028e25184242 sp=0x000000b58bffbda8 mode 0
Event: 87.362 Thread 0x0000028e7c4f35b0 DEOPT PACKING pc=0x0000028e1ecfeab0 sp=0x000000b58bffc890
Event: 87.362 Thread 0x0000028e7c4f35b0 DEOPT UNPACKING pc=0x0000028e25184242 sp=0x000000b58bffbda0 mode 0
Event: 87.366 Thread 0x0000028e7c4f35b0 DEOPT PACKING pc=0x0000028e1fbbbca5 sp=0x000000b58bffc8c0
Event: 87.366 Thread 0x0000028e7c4f35b0 DEOPT UNPACKING pc=0x0000028e25184242 sp=0x000000b58bffbd58 mode 0
Event: 87.366 Thread 0x0000028e79874d00 DEOPT PACKING pc=0x0000028e1f961c1a sp=0x000000b58e3ff090
Event: 87.366 Thread 0x0000028e79874d00 DEOPT UNPACKING pc=0x0000028e25184242 sp=0x000000b58e3fe618 mode 0
Event: 87.385 Thread 0x0000028e7c4f35b0 Uncommon trap: trap_request=0xffffff45 fr.pc=0x0000028e25d7e450 relative=0x00000000000000b0
Event: 87.385 Thread 0x0000028e7c4f35b0 Uncommon trap: reason=unstable_if action=reinterpret pc=0x0000028e25d7e450 method=org.eclipse.jdt.internal.compiler.parser.Scanner.getNextChar()I @ 23 c2
Event: 87.385 Thread 0x0000028e7c4f35b0 DEOPT PACKING pc=0x0000028e25d7e450 sp=0x000000b58bffc7d0
Event: 87.385 Thread 0x0000028e7c4f35b0 DEOPT UNPACKING pc=0x0000028e25183aa2 sp=0x000000b58bffc758 mode 2
Event: 87.408 Thread 0x0000028e7c4f35b0 DEOPT PACKING pc=0x0000028e1f6ff1f0 sp=0x000000b58bffc2e0
Event: 87.408 Thread 0x0000028e7c4f35b0 DEOPT UNPACKING pc=0x0000028e25184242 sp=0x000000b58bffb788 mode 0
Event: 87.425 Thread 0x0000028e79874d00 DEOPT PACKING pc=0x0000028e1f961c1a sp=0x000000b58e3ff090
Event: 87.425 Thread 0x0000028e79874d00 DEOPT UNPACKING pc=0x0000028e25184242 sp=0x000000b58e3fe618 mode 0
Event: 87.546 Thread 0x0000028e79874d00 DEOPT PACKING pc=0x0000028e1f961c1a sp=0x000000b58e3ff090
Event: 87.546 Thread 0x0000028e79874d00 DEOPT UNPACKING pc=0x0000028e25184242 sp=0x000000b58e3fe618 mode 0

Classes loaded (20 events):
Event: 63.349 Loading class java/util/Collections$SynchronizedRandomAccessList
Event: 63.350 Loading class java/util/Collections$SynchronizedList
Event: 63.351 Loading class java/util/Collections$SynchronizedList done
Event: 63.351 Loading class java/util/Collections$SynchronizedRandomAccessList done
Event: 63.371 Loading class java/util/concurrent/CompletableFuture$Signaller
Event: 63.372 Loading class java/util/concurrent/CompletableFuture$Signaller done
Event: 64.654 Loading class java/nio/charset/CharacterCodingException
Event: 64.655 Loading class java/nio/charset/CharacterCodingException done
Event: 64.656 Loading class java/io/SequenceInputStream
Event: 64.657 Loading class java/io/SequenceInputStream done
Event: 64.901 Loading class java/util/concurrent/CompletableFuture$UniApply
Event: 64.904 Loading class java/util/concurrent/CompletableFuture$UniApply done
Event: 64.908 Loading class java/util/concurrent/CompletableFuture$UniExceptionally
Event: 64.909 Loading class java/util/concurrent/CompletableFuture$UniExceptionally done
Event: 64.997 Loading class java/util/Hashtable$KeySet
Event: 64.998 Loading class java/util/Hashtable$KeySet done
Event: 65.774 Loading class java/lang/UnsupportedClassVersionError
Event: 65.775 Loading class java/lang/UnsupportedClassVersionError done
Event: 71.162 Loading class java/lang/invoke/MethodHandleImpl$CountingWrapper$1
Event: 71.163 Loading class java/lang/invoke/MethodHandleImpl$CountingWrapper$1 done

Classes unloaded (7 events):
Event: 10.542 Thread 0x0000028e1aaaeab0 Unloading class 0x0000028e331a4800 'java/lang/invoke/LambdaForm$MH+0x0000028e331a4800'
Event: 10.542 Thread 0x0000028e1aaaeab0 Unloading class 0x0000028e331a4400 'java/lang/invoke/LambdaForm$MH+0x0000028e331a4400'
Event: 10.542 Thread 0x0000028e1aaaeab0 Unloading class 0x0000028e331a4000 'java/lang/invoke/LambdaForm$MH+0x0000028e331a4000'
Event: 10.542 Thread 0x0000028e1aaaeab0 Unloading class 0x0000028e331a3c00 'java/lang/invoke/LambdaForm$MH+0x0000028e331a3c00'
Event: 10.542 Thread 0x0000028e1aaaeab0 Unloading class 0x0000028e331a3800 'java/lang/invoke/LambdaForm$BMH+0x0000028e331a3800'
Event: 10.542 Thread 0x0000028e1aaaeab0 Unloading class 0x0000028e331a3400 'java/lang/invoke/LambdaForm$DMH+0x0000028e331a3400'
Event: 10.542 Thread 0x0000028e1aaaeab0 Unloading class 0x0000028e331a2000 'java/lang/invoke/LambdaForm$DMH+0x0000028e331a2000'

Classes redefined (0 events):
No events

Internal exceptions (20 events):
Event: 79.837 Thread 0x0000028e79878810 Exception <a 'sun/nio/fs/WindowsException'{0x00000000d635f828}> (0x00000000d635f828) 
thrown [s\src\hotspot\share\prims\jni.cpp, line 520]
Event: 79.837 Thread 0x0000028e79878810 Exception <a 'sun/nio/fs/WindowsException'{0x00000000d635fe58}> (0x00000000d635fe58) 
thrown [s\src\hotspot\share\prims\jni.cpp, line 520]
Event: 79.840 Thread 0x0000028e79878810 Exception <a 'sun/nio/fs/WindowsException'{0x00000000d6921e68}> (0x00000000d6921e68) 
thrown [s\src\hotspot\share\prims\jni.cpp, line 520]
Event: 79.841 Thread 0x0000028e79878810 Exception <a 'sun/nio/fs/WindowsException'{0x00000000d6922498}> (0x00000000d6922498) 
thrown [s\src\hotspot\share\prims\jni.cpp, line 520]
Event: 79.887 Thread 0x0000028e79878810 Exception <a 'sun/nio/fs/WindowsException'{0x00000000d69fa2e0}> (0x00000000d69fa2e0) 
thrown [s\src\hotspot\share\prims\jni.cpp, line 520]
Event: 79.888 Thread 0x0000028e79878810 Exception <a 'sun/nio/fs/WindowsException'{0x00000000d69fabc0}> (0x00000000d69fabc0) 
thrown [s\src\hotspot\share\prims\jni.cpp, line 520]
Event: 79.911 Thread 0x0000028e79874d00 Exception <a 'sun/nio/fs/WindowsException'{0x00000000d5709920}> (0x00000000d5709920) 
thrown [s\src\hotspot\share\prims\jni.cpp, line 520]
Event: 79.961 Thread 0x0000028e79874d00 Exception <a 'sun/nio/fs/WindowsException'{0x00000000d55ef200}> (0x00000000d55ef200) 
thrown [s\src\hotspot\share\prims\jni.cpp, line 520]
Event: 80.299 Thread 0x0000028e79874d00 Exception <a 'sun/nio/fs/WindowsException'{0x00000000d5d681a0}> (0x00000000d5d681a0) 
thrown [s\src\hotspot\share\prims\jni.cpp, line 520]
Event: 81.673 Thread 0x0000028e79874d00 Exception <a 'sun/nio/fs/WindowsException'{0x00000000d5bdeb48}> (0x00000000d5bdeb48) 
thrown [s\src\hotspot\share\prims\jni.cpp, line 520]
Event: 83.098 Thread 0x0000028e79874d00 Exception <a 'sun/nio/fs/WindowsException'{0x00000000d64d94b8}> (0x00000000d64d94b8) 
thrown [s\src\hotspot\share\prims\jni.cpp, line 520]
Event: 86.666 Thread 0x0000028e7c4f35b0 Implicit null exception at 0x0000028e25d6785a to 0x0000028e25d678b3
Event: 86.690 Thread 0x0000028e79874d00 Exception <a 'sun/nio/fs/WindowsException'{0x00000000d63f94d8}> (0x00000000d63f94d8) 
thrown [s\src\hotspot\share\prims\jni.cpp, line 520]
Event: 88.181 Thread 0x0000028e79874d00 Exception <a 'sun/nio/fs/WindowsException'{0x00000000d640be48}> (0x00000000d640be48) 
thrown [s\src\hotspot\share\prims\jni.cpp, line 520]
Event: 88.196 Thread 0x0000028e79878810 Exception <a 'sun/nio/fs/WindowsException'{0x00000000d649bfb0}> (0x00000000d649bfb0) 
thrown [s\src\hotspot\share\prims\jni.cpp, line 520]
Event: 88.228 Thread 0x0000028e79878810 Exception <a 'sun/nio/fs/WindowsException'{0x00000000d649c5e0}> (0x00000000d649c5e0) 
thrown [s\src\hotspot\share\prims\jni.cpp, line 520]
Event: 88.230 Thread 0x0000028e79878810 Exception <a 'sun/nio/fs/WindowsException'{0x00000000d649d078}> (0x00000000d649d078) 
thrown [s\src\hotspot\share\prims\jni.cpp, line 520]
Event: 88.230 Thread 0x0000028e79878810 Exception <a 'sun/nio/fs/WindowsException'{0x00000000d649d6a8}> (0x00000000d649d6a8) 
thrown [s\src\hotspot\share\prims\jni.cpp, line 520]
Event: 88.231 Thread 0x0000028e79878810 Exception <a 'sun/nio/fs/WindowsException'{0x00000000d64bef30}> (0x00000000d64bef30) 
thrown [s\src\hotspot\share\prims\jni.cpp, line 520]
Event: 88.231 Thread 0x0000028e79878810 Exception <a 'sun/nio/fs/WindowsException'{0x00000000d64bf560}> (0x00000000d64bf560) 
thrown [s\src\hotspot\share\prims\jni.cpp, line 520]

ZGC Phase Switch (0 events):
No events

VM Operations (20 events):
Event: 83.711 Executing VM operation: ParallelGCFailedAllocation (Allocation Failure) done
Event: 84.034 Executing VM operation: ParallelGCFailedAllocation (Allocation Failure)
Event: 84.045 Executing VM operation: ParallelGCFailedAllocation (Allocation Failure) done
Event: 84.673 Executing VM operation: ParallelGCFailedAllocation (Allocation Failure)
Event: 84.698 Executing VM operation: ParallelGCFailedAllocation (Allocation Failure) done
Event: 84.885 Executing VM operation: ParallelGCFailedAllocation (Allocation Failure)
Event: 84.898 Executing VM operation: ParallelGCFailedAllocation (Allocation Failure) done
Event: 85.143 Executing VM operation: ParallelGCFailedAllocation (Allocation Failure)
Event: 86.160 Executing VM operation: ParallelGCFailedAllocation (Allocation Failure) done
Event: 86.757 Executing VM operation: ParallelGCFailedAllocation (Allocation Failure)
Event: 86.767 Executing VM operation: ParallelGCFailedAllocation (Allocation Failure) done
Event: 86.884 Executing VM operation: HandshakeAllThreads (Deoptimize)
Event: 86.885 Executing VM operation: HandshakeAllThreads (Deoptimize) done
Event: 87.116 Executing VM operation: HandshakeAllThreads (Deoptimize)
Event: 87.116 Executing VM operation: HandshakeAllThreads (Deoptimize) done
Event: 87.173 Executing VM operation: ParallelGCFailedAllocation (Allocation Failure)
Event: 87.180 Executing VM operation: ParallelGCFailedAllocation (Allocation Failure) done
Event: 87.392 Executing VM operation: ParallelGCFailedAllocation (Allocation Failure)
Event: 87.401 Executing VM operation: ParallelGCFailedAllocation (Allocation Failure) done
Event: 88.412 Executing VM operation: Cleanup

Memory protections (0 events):
No events

Nmethod flushes (20 events):
Event: 42.273 Thread 0x0000028e1aaaeab0 flushing  nmethod 0x0000028e1ef88d10
Event: 42.273 Thread 0x0000028e1aaaeab0 flushing  nmethod 0x0000028e1ef90190
Event: 42.273 Thread 0x0000028e1aaaeab0 flushing  nmethod 0x0000028e1ef92610
Event: 42.273 Thread 0x0000028e1aaaeab0 flushing  nmethod 0x0000028e1ef99990
Event: 42.273 Thread 0x0000028e1aaaeab0 flushing  nmethod 0x0000028e1ef9a910
Event: 42.273 Thread 0x0000028e1aaaeab0 flushing  nmethod 0x0000028e1efa4a10
Event: 42.273 Thread 0x0000028e1aaaeab0 flushing  nmethod 0x0000028e1efab790
Event: 42.273 Thread 0x0000028e1aaaeab0 flushing  nmethod 0x0000028e1efad210
Event: 42.273 Thread 0x0000028e1aaaeab0 flushing  nmethod 0x0000028e1efbce90
Event: 42.273 Thread 0x0000028e1aaaeab0 flushing  nmethod 0x0000028e1efbd710
Event: 42.273 Thread 0x0000028e1aaaeab0 flushing  nmethod 0x0000028e1efbfa10
Event: 42.273 Thread 0x0000028e1aaaeab0 flushing  nmethod 0x0000028e1efc0210
Event: 42.273 Thread 0x0000028e1aaaeab0 flushing  nmethod 0x0000028e1efdb510
Event: 42.273 Thread 0x0000028e1aaaeab0 flushing  nmethod 0x0000028e1efeb790
Event: 42.273 Thread 0x0000028e1aaaeab0 flushing  nmethod 0x0000028e1efebb10
Event: 42.273 Thread 0x0000028e1aaaeab0 flushing  nmethod 0x0000028e1efed190
Event: 42.273 Thread 0x0000028e1aaaeab0 flushing  nmethod 0x0000028e1efedb10
Event: 42.273 Thread 0x0000028e1aaaeab0 flushing  nmethod 0x0000028e1efee090
Event: 42.273 Thread 0x0000028e1aaaeab0 flushing  nmethod 0x0000028e1efee610
Event: 42.273 Thread 0x0000028e1aaaeab0 flushing  nmethod 0x0000028e1efeee10

Events (20 events):
Event: 59.501 Thread 0x0000028e7c4f42d0 Thread exited: 0x0000028e7c4f42d0
Event: 59.501 Thread 0x0000028e7c4f3c40 Thread exited: 0x0000028e7c4f3c40
Event: 59.501 Thread 0x0000028e7c4f6a30 Thread exited: 0x0000028e7c4f6a30
Event: 59.506 Thread 0x0000028e7c4f70c0 Thread exited: 0x0000028e7c4f70c0
Event: 61.408 Thread 0x0000028e79878810 Thread added: 0x0000028e7be99d50
Event: 61.409 Thread 0x0000028e79878810 Thread added: 0x0000028e7be9e580
Event: 61.409 Thread 0x0000028e79878810 Thread added: 0x0000028e7be9b790
Event: 61.411 Thread 0x0000028e79878810 Thread added: 0x0000028e7c4f6a30
Event: 61.411 Thread 0x0000028e79878810 Thread added: 0x0000028e7c4f35b0
Event: 61.510 Thread 0x0000028e7c4f6a30 Thread exited: 0x0000028e7c4f6a30
Event: 61.510 Thread 0x0000028e7be9b790 Thread exited: 0x0000028e7be9b790
Event: 61.510 Thread 0x0000028e7c4f35b0 Thread exited: 0x0000028e7c4f35b0
Event: 61.510 Thread 0x0000028e7be9e580 Thread exited: 0x0000028e7be9e580
Event: 61.510 Thread 0x0000028e7be99d50 Thread exited: 0x0000028e7be99d50
Event: 64.906 Thread 0x0000028e7bfbc640 Thread added: 0x0000028e7c4f6a30
Event: 64.928 Thread 0x0000028e7bfbc640 Thread added: 0x0000028e7c4f35b0
Event: 65.775 Thread 0x0000028e79878810 Thread added: 0x0000028e7c4f3c40
Event: 70.867 Thread 0x0000028e7c4f3c40 Thread exited: 0x0000028e7c4f3c40
Event: 80.666 Thread 0x0000028e79875390 Thread added: 0x0000028e7be99d50
Event: 80.667 Thread 0x0000028e7c4f6a30 Thread added: 0x0000028e7be9e580


Dynamic libraries:
0x00007ff687190000 - 0x00007ff68719e000 	c:\Users\Admin\.vscode\extensions\redhat.java-1.43.1-win32-x64\jre\21.0.7-win32-x86_64\bin\java.exe
0x00007ffe128e0000 - 0x00007ffe12b43000 	C:\WINDOWS\SYSTEM32\ntdll.dll
0x00007ffe120f0000 - 0x00007ffe121b7000 	C:\WINDOWS\System32\KERNEL32.DLL
0x00007ffe0ff30000 - 0x00007ffe102f9000 	C:\WINDOWS\System32\KERNELBASE.dll
0x00007ffe10390000 - 0x00007ffe104dc000 	C:\WINDOWS\System32\ucrtbase.dll
0x00007ffe044e0000 - 0x00007ffe044f8000 	c:\Users\Admin\.vscode\extensions\redhat.java-1.43.1-win32-x64\jre\21.0.7-win32-x86_64\bin\jli.dll
0x00007ffe045d0000 - 0x00007ffe045ee000 	c:\Users\Admin\.vscode\extensions\redhat.java-1.43.1-win32-x64\jre\21.0.7-win32-x86_64\bin\VCRUNTIME140.dll
0x00007ffe11ea0000 - 0x00007ffe1206a000 	C:\WINDOWS\System32\USER32.dll
0x00007ffe0fd20000 - 0x00007ffe0fd47000 	C:\WINDOWS\System32\win32u.dll
0x00007ffdf9ff0000 - 0x00007ffdfa280000 	C:\WINDOWS\WinSxS\amd64_microsoft.windows.common-controls_6595b64144ccf1df_6.0.26100.3323_none_3e088096e3344490\COMCTL32.dll
0x00007ffe10c60000 - 0x00007ffe10c8a000 	C:\WINDOWS\System32\GDI32.dll
0x00007ffe10ee0000 - 0x00007ffe10f89000 	C:\WINDOWS\System32\msvcrt.dll
0x00007ffe0fd50000 - 0x00007ffe0fe81000 	C:\WINDOWS\System32\gdi32full.dll
0x00007ffe10650000 - 0x00007ffe106f3000 	C:\WINDOWS\System32\msvcp_win.dll
0x00007ffe116b0000 - 0x00007ffe116df000 	C:\WINDOWS\System32\IMM32.DLL
0x00007ffe07be0000 - 0x00007ffe07bec000 	c:\Users\Admin\.vscode\extensions\redhat.java-1.43.1-win32-x64\jre\21.0.7-win32-x86_64\bin\vcruntime140_1.dll
0x00007ffdcb4f0000 - 0x00007ffdcb57d000 	c:\Users\Admin\.vscode\extensions\redhat.java-1.43.1-win32-x64\jre\21.0.7-win32-x86_64\bin\msvcp140.dll
0x00007ffd99f40000 - 0x00007ffd9acd0000 	c:\Users\Admin\.vscode\extensions\redhat.java-1.43.1-win32-x64\jre\21.0.7-win32-x86_64\bin\server\jvm.dll
0x00007ffe122f0000 - 0x00007ffe123a2000 	C:\WINDOWS\System32\ADVAPI32.dll
0x00007ffe10870000 - 0x00007ffe10916000 	C:\WINDOWS\System32\sechost.dll
0x00007ffe121d0000 - 0x00007ffe122e6000 	C:\WINDOWS\System32\RPCRT4.dll
0x00007ffe10be0000 - 0x00007ffe10c54000 	C:\WINDOWS\System32\WS2_32.dll
0x00007ffe07090000 - 0x00007ffe070c6000 	C:\WINDOWS\SYSTEM32\WINMM.dll
0x00007ffe0f970000 - 0x00007ffe0f9be000 	C:\WINDOWS\SYSTEM32\POWRPROF.dll
0x00007ffe070d0000 - 0x00007ffe070db000 	C:\WINDOWS\SYSTEM32\VERSION.dll
0x00007ffe0f950000 - 0x00007ffe0f964000 	C:\WINDOWS\SYSTEM32\UMPDC.dll
0x00007ffe0e8c0000 - 0x00007ffe0e8da000 	C:\WINDOWS\SYSTEM32\kernel.appcore.dll
0x00007ffe045c0000 - 0x00007ffe045ca000 	c:\Users\Admin\.vscode\extensions\redhat.java-1.43.1-win32-x64\jre\21.0.7-win32-x86_64\bin\jimage.dll
0x00007ffe02d40000 - 0x00007ffe02f81000 	C:\WINDOWS\SYSTEM32\DBGHELP.DLL
0x00007ffe118e0000 - 0x00007ffe11c62000 	C:\WINDOWS\System32\combase.dll
0x00007ffe10790000 - 0x00007ffe10866000 	C:\WINDOWS\System32\OLEAUT32.dll
0x00007ffdffb30000 - 0x00007ffdffb69000 	C:\WINDOWS\SYSTEM32\dbgcore.DLL
0x00007ffe0fe90000 - 0x00007ffe0ff29000 	C:\WINDOWS\System32\bcryptPrimitives.dll
0x00007ffe0ad60000 - 0x00007ffe0ad6f000 	c:\Users\Admin\.vscode\extensions\redhat.java-1.43.1-win32-x64\jre\21.0.7-win32-x86_64\bin\instrument.dll
0x00007ffe03cb0000 - 0x00007ffe03ccf000 	c:\Users\Admin\.vscode\extensions\redhat.java-1.43.1-win32-x64\jre\21.0.7-win32-x86_64\bin\java.dll
0x00007ffe10f90000 - 0x00007ffe116a5000 	C:\WINDOWS\System32\SHELL32.dll
0x00007ffe104e0000 - 0x00007ffe10648000 	C:\WINDOWS\System32\wintypes.dll
0x00007ffe0d7a0000 - 0x00007ffe0dfe5000 	C:\WINDOWS\SYSTEM32\windows.storage.dll
0x00007ffe117f0000 - 0x00007ffe118db000 	C:\WINDOWS\System32\SHCORE.dll
0x00007ffe109d0000 - 0x00007ffe10a2d000 	C:\WINDOWS\System32\shlwapi.dll
0x00007ffe0f9f0000 - 0x00007ffe0fa1f000 	C:\WINDOWS\SYSTEM32\profapi.dll
0x00007ffdfd570000 - 0x00007ffdfd588000 	c:\Users\Admin\.vscode\extensions\redhat.java-1.43.1-win32-x64\jre\21.0.7-win32-x86_64\bin\zip.dll
0x00007ffe03c70000 - 0x00007ffe03c80000 	C:\Users\Admin\.vscode\extensions\redhat.java-1.43.1-win32-x64\jre\21.0.7-win32-x86_64\bin\net.dll
0x00007ffe081c0000 - 0x00007ffe082de000 	C:\WINDOWS\SYSTEM32\WINHTTP.dll
0x00007ffe0edc0000 - 0x00007ffe0ee2a000 	C:\WINDOWS\system32\mswsock.dll
0x00007ffdfcbe0000 - 0x00007ffdfcbf6000 	C:\Users\Admin\.vscode\extensions\redhat.java-1.43.1-win32-x64\jre\21.0.7-win32-x86_64\bin\nio.dll
0x00007ffe0ad50000 - 0x00007ffe0ad60000 	c:\Users\Admin\.vscode\extensions\redhat.java-1.43.1-win32-x64\jre\21.0.7-win32-x86_64\bin\verify.dll
0x00007ffe073b0000 - 0x00007ffe073f5000 	C:\Users\Admin\AppData\Roaming\Code\User\globalStorage\redhat.java\1.43.1\config_win\org.eclipse.equinox.launcher\org.eclipse.equinox.launcher.win32.win32.x86_64_1.2.1300.v20250331-1702\eclipse_11911.dll
0x00007ffe10d30000 - 0x00007ffe10ec5000 	C:\WINDOWS\System32\ole32.dll
0x00007ffe0f170000 - 0x00007ffe0f18c000 	C:\WINDOWS\SYSTEM32\CRYPTSP.dll
0x00007ffe0e820000 - 0x00007ffe0e85a000 	C:\WINDOWS\system32\rsaenh.dll
0x00007ffe0ee60000 - 0x00007ffe0ee8b000 	C:\WINDOWS\SYSTEM32\USERENV.dll
0x00007ffe0f300000 - 0x00007ffe0f326000 	C:\WINDOWS\SYSTEM32\bcrypt.dll
0x00007ffe0eff0000 - 0x00007ffe0effc000 	C:\WINDOWS\SYSTEM32\CRYPTBASE.dll
0x00007ffe0e2e0000 - 0x00007ffe0e313000 	C:\WINDOWS\SYSTEM32\IPHLPAPI.DLL
0x00007ffe10ed0000 - 0x00007ffe10eda000 	C:\WINDOWS\System32\NSI.dll
0x00007ffdf5160000 - 0x00007ffdf51a9000 	C:\Users\Admin\AppData\Local\Temp\jna-63116079\jna482202833487946402.dll
0x00007ffe10b90000 - 0x00007ffe10b98000 	C:\WINDOWS\System32\PSAPI.DLL
0x00007ffe08630000 - 0x00007ffe0864f000 	C:\WINDOWS\SYSTEM32\dhcpcsvc6.DLL
0x00007ffe08940000 - 0x00007ffe08965000 	C:\WINDOWS\SYSTEM32\dhcpcsvc.DLL
0x00007ffe0e9e0000 - 0x00007ffe0ea15000 	C:\WINDOWS\SYSTEM32\ntmarta.dll

dbghelp: loaded successfully - version: 4.0.5 - missing functions: none
symbol engine: initialized successfully - sym options: 0x614 - pdb path: .;c:\Users\Admin\.vscode\extensions\redhat.java-1.43.1-win32-x64\jre\21.0.7-win32-x86_64\bin;C:\WINDOWS\SYSTEM32;C:\WINDOWS\WinSxS\amd64_microsoft.windows.common-controls_6595b64144ccf1df_6.0.26100.3323_none_3e088096e3344490;c:\Users\Admin\.vscode\extensions\redhat.java-1.43.1-win32-x64\jre\21.0.7-win32-x86_64\bin\server;C:\Users\Admin\AppData\Roaming\Code\User\globalStorage\redhat.java\1.43.1\config_win\org.eclipse.equinox.launcher\org.eclipse.equinox.launcher.win32.win32.x86_64_1.2.1300.v20250331-1702;C:\Users\Admin\AppData\Local\Temp\jna-63116079

VM Arguments:
jvm_args: --add-modules=ALL-SYSTEM --add-opens=java.base/java.util=ALL-UNNAMED --add-opens=java.base/java.lang=ALL-UNNAMED --add-opens=java.base/sun.nio.fs=ALL-UNNAMED -Declipse.application=org.eclipse.jdt.ls.core.id1 -Dosgi.bundles.defaultStartLevel=4 -Declipse.product=org.eclipse.jdt.ls.core.product -Djava.import.generatesMetadataFilesAtProjectRoot=false -DDetectVMInstallationsJob.disabled=true -Dfile.encoding=utf8 -XX:+UseParallelGC -XX:GCTimeRatio=4 -XX:AdaptiveSizePolicyWeight=90 -Dsun.zip.disableMemoryMapping=true -Xmx2G -Xms100m -Xlog:disable -javaagent:c:\Users\Admin\.vscode\extensions\redhat.java-1.43.1-win32-x64\lombok\lombok-1.18.39-4050.jar -XX:+HeapDumpOnOutOfMemoryError -XX:HeapDumpPath=c:\Users\Admin\AppData\Roaming\Code\User\workspaceStorage\91bfc2bb926e85cacc8896de9206306c\redhat.java -Daether.dependencyCollector.impl=bf 
java_command: c:\Users\Admin\.vscode\extensions\redhat.java-1.43.1-win32-x64\server\plugins\org.eclipse.equinox.launcher_1.7.0.v20250519-0528.jar -configuration c:\Users\Admin\AppData\Roaming\Code\User\globalStorage\redhat.java\1.43.1\config_win -data c:\Users\Admin\AppData\Roaming\Code\User\workspaceStorage\91bfc2bb926e85cacc8896de9206306c\redhat.java\jdt_ws --pipe=\\.\pipe\lsp-4d45407c73c18d369754902bcdfe80f1-sock
java_class_path (initial): c:\Users\Admin\.vscode\extensions\redhat.java-1.43.1-win32-x64\server\plugins\org.eclipse.equinox.launcher_1.7.0.v20250519-0528.jar
Launcher Type: SUN_STANDARD

[Global flags]
    uintx AdaptiveSizePolicyWeight                 = 90                                        {product} {command line}
     intx CICompilerCount                          = 4                                         {product} {ergonomic}
    uintx GCTimeRatio                              = 4                                         {product} {command line}
     bool HeapDumpOnOutOfMemoryError               = true                                   {manageable} {command line}
    ccstr HeapDumpPath                             = c:\Users\Admin\AppData\Roaming\Code\User\workspaceStorage\91bfc2bb926e85cacc8896de9206306c\redhat.java         {manageable} {command line}
   size_t InitialHeapSize                          = 104857600                                 {product} {command line}
   size_t MaxHeapSize                              = 2147483648                                {product} {command line}
   size_t MaxNewSize                               = 715653120                                 {product} {ergonomic}
   size_t MinHeapDeltaBytes                        = 524288                                    {product} {ergonomic}
   size_t MinHeapSize                              = 104857600                                 {product} {command line}
   size_t NewSize                                  = 34603008                                  {product} {ergonomic}
    uintx NonNMethodCodeHeapSize                   = 5839372                                {pd product} {ergonomic}
    uintx NonProfiledCodeHeapSize                  = 122909434                              {pd product} {ergonomic}
   size_t OldSize                                  = 70254592                                  {product} {ergonomic}
    uintx ProfiledCodeHeapSize                     = 122909434                              {pd product} {ergonomic}
    uintx ReservedCodeCacheSize                    = 251658240                              {pd product} {ergonomic}
     bool SegmentedCodeCache                       = true                                      {product} {ergonomic}
   size_t SoftMaxHeapSize                          = 2147483648                             {manageable} {ergonomic}
     bool UseCompressedOops                        = true                           {product lp64_product} {ergonomic}
     bool UseLargePagesIndividualAllocation        = false                                  {pd product} {ergonomic}
     bool UseParallelGC                            = true                                      {product} {command line}

Logging:
Log output configuration:
 #0: stdout all=off uptime,level,tags foldmultilines=false
 #1: stderr all=off uptime,level,tags foldmultilines=false

Environment Variables:
JAVA_HOME=C:\Program Files\Java\jdk-17
PATH=C:\Program Files\Java\jdk-17\bin;C:\Program Files\Java\jdk-21\bin;C:\Users\Admin\Downloads\kafka-3.9.0-src\kafka-3.9.0-src\bin;C:\Users\Admin\Downloads\gradle-8.11-bin\gradle-8.11\bin;D:\JDk\jdk1.8.0_281\bin;C:\Program Files\Common Files\Oracle\Java\javapath;C:\Program Files (x86)\Common Files\Oracle\Java\javapath;C:\WINDOWS\system32;C:\WINDOWS;C:\WINDOWS\System32\Wbem;C:\WINDOWS\System32\WindowsPowerShell\v1.0\;C:\WINDOWS\System32\OpenSSH\;C:\Program Files\nodejs\;C:\Program Files\Java\jdk-17\\bin;C:\Program Files\Git\cmd;C:\Program Files\PuTTY\;C:\Users\Admin\Desktop\mvn\apache-maven-3.9.4-bin\apache-maven-3.9.4\bin;C:\Program Files\Docker\Docker\resources\bin;C:\Users\Admin\Downloads\New folder (19)\strawberry-perl-5.40.0.1-64bit-portable\perl\bin;C:\Program Files\Maven\apache-maven-3.9.9-bin\apache-maven-3.9.9\bin;C:\Program Files\Java\jdk-17\bin;C:\Program Files\Java\jdk-21\bin;C:\Users\Admin\Downloads\kafka-3.9.0-src\kafka-3.9.0-src\bin;C:\Users\Admin\Downloads\gradle-8.11-bin\gradle-8.11\bin;D:\JDk\jdk1.8.0_281\bin;C:\Users\Admin\AppData\Local\Microsoft\WindowsApps;C:\Users\Admin\AppData\Local\Programs\Microsoft VS Code\bin;C:\Users\Admin\AppData\Roaming\npm;C:\Program Files\JetBrains\IntelliJ IDEA 2024.1.2\bin;;C:\Program Files\PHP;C:\Users\Admin\AppData\Local\Programs\MiKTeX\miktex\bin\x64\;C:\Users\Admin\Downloads\New folder (19)\strawberry-perl-5.40.0.1-64bit-portable\perl\bin;C:\Program Files\Maven\apache-maven-3.9.9-bin\apache-maven-3.9.9\bin;
USERNAME=Admin
OS=Windows_NT
PROCESSOR_IDENTIFIER=AMD64 Family 23 Model 104 Stepping 1, AuthenticAMD
TMP=C:\Users\Admin\AppData\Local\Temp
TEMP=C:\Users\Admin\AppData\Local\Temp




Periodic native trim disabled

---------------  S Y S T E M  ---------------

OS:
 Windows 11 , 64 bit Build 26100 (10.0.26100.3323)
OS uptime: 0 days 18:15 hours
Hyper-V role detected

CPU: total 12 (initial active 12) (12 cores per cpu, 2 threads per core) family 23 model 104 stepping 1 microcode 0x8608103, cx8, cmov, fxsr, ht, mmx, 3dnowpref, sse, sse2, sse3, ssse3, sse4a, sse4.1, sse4.2, popcnt, lzcnt, tsc, tscinvbit, avx, avx2, aes, clmul, bmi1, bmi2, adx, sha, fma, vzeroupper, clflush, clflushopt, hv, rdtscp, rdpid, f16c
Processor Information for the first 12 processors :
  Max Mhz: 2100, Current Mhz: 1988, Mhz Limit: 2100

Memory: 4k page, system-wide physical 6005M (14M free)
TotalPageFile size 24437M (AvailPageFile size 0M)
current process WorkingSet (physical memory assigned to process): 3M, peak: 507M
current process commit charge ("private bytes"): 857M, peak: 1642M

vm_info: OpenJDK 64-Bit Server VM (21.0.7+6-LTS) for windows-amd64 JRE (21.0.7+6-LTS), built on 2025-04-15T00:00:00Z by "admin" with MS VC++ 17.7 (VS2022)

END.
