#
# There is insufficient memory for the Java Runtime Environment to continue.
# Native memory allocation (malloc) failed to allocate 1070096 bytes. Error detail: Chunk::new
# Possible reasons:
#   The system is out of physical RAM or swap space
#   This process is running with CompressedOops enabled, and the Java Heap may be blocking the growth of the native heap
# Possible solutions:
#   Reduce memory load on the system
#   Increase physical memory or swap space
#   Check if swap backing store is full
#   Decrease Java heap size (-Xmx/-Xms)
#   Decrease number of Java threads
#   Decrease Java thread stack sizes (-Xss)
#   Set larger code cache with -XX:ReservedCodeCacheSize=
#   JVM is running with Unscaled Compressed Oops mode in which the Java heap is
#     placed in the first 4GB address space. The Java Heap base address is the
#     maximum limit for the native heap growth. Please use -XX:HeapBaseMinAddress
#     to set the Java Heap base and to place the Java Heap above 4GB virtual address.
# This output file may be truncated or incomplete.
#
#  Out of Memory Error (arena.cpp:168), pid=13916, tid=22008
#
# JRE version: OpenJDK Runtime Environment Temurin-21.0.7+6 (21.0.7+6) (build 21.0.7+6-LTS)
# Java VM: OpenJDK 64-Bit Server VM Temurin-21.0.7+6 (21.0.7+6-LTS, mixed mode, sharing, tiered, compressed oops, compressed class ptrs, parallel gc, windows-amd64)
# No core dump will be written. Minidumps are not enabled by default on client versions of Windows
#

---------------  S U M M A R Y ------------

Command Line: --add-modules=ALL-SYSTEM --add-opens=java.base/java.util=ALL-UNNAMED --add-opens=java.base/java.lang=ALL-UNNAMED --add-opens=java.base/sun.nio.fs=ALL-UNNAMED -Declipse.application=org.eclipse.jdt.ls.core.id1 -Dosgi.bundles.defaultStartLevel=4 -Declipse.product=org.eclipse.jdt.ls.core.product -Djava.import.generatesMetadataFilesAtProjectRoot=false -DDetectVMInstallationsJob.disabled=true -Dfile.encoding=utf8 -XX:+UseParallelGC -XX:GCTimeRatio=4 -XX:AdaptiveSizePolicyWeight=90 -Dsun.zip.disableMemoryMapping=true -Xmx2G -Xms100m -Xlog:disable -javaagent:c:\Users\Admin\.vscode\extensions\redhat.java-1.43.1-win32-x64\lombok\lombok-1.18.39-4050.jar -XX:+HeapDumpOnOutOfMemoryError -XX:HeapDumpPath=c:\Users\Admin\AppData\Roaming\Code\User\workspaceStorage\91bfc2bb926e85cacc8896de9206306c\redhat.java -Daether.dependencyCollector.impl=bf c:\Users\Admin\.vscode\extensions\redhat.java-1.43.1-win32-x64\server\plugins\org.eclipse.equinox.launcher_1.7.0.v20250519-0528.jar -configuration c:\Users\Admin\AppData\Roaming\Code\User\globalStorage\redhat.java\1.43.1\config_win -data c:\Users\Admin\AppData\Roaming\Code\User\workspaceStorage\91bfc2bb926e85cacc8896de9206306c\redhat.java\jdt_ws --pipe=\\.\pipe\lsp-bf4bfef87beb5ad2b324aa74e7bfa87c-sock

Host: AMD Ryzen 5 5500U with Radeon Graphics         , 12 cores, 5G,  Windows 11 , 64 bit Build 26100 (10.0.26100.3323)
Time: Mon Jul 14 16:32:24 2025 W. Central Africa Standard Time elapsed time: 33.413325 seconds (0d 0h 0m 33s)

---------------  T H R E A D  ---------------

Current thread (0x0000023394a2d740):  JavaThread "C2 CompilerThread2" daemon [_thread_in_native, id=22008, stack(0x0000003f7b100000,0x0000003f7b200000) (1024K)]


Current CompileTask:
C2:33413 7733       4       java.lang.ClassLoader::defineClass (43 bytes)

Stack: [0x0000003f7b100000,0x0000003f7b200000]
Native frames: (J=compiled Java code, j=interpreted, Vv=VM code, C=native code)
V  [jvm.dll+0x6ce119]
V  [jvm.dll+0x8a84a1]
V  [jvm.dll+0x8aa9ce]
V  [jvm.dll+0x8ab0b3]
V  [jvm.dll+0x27f8a6]
V  [jvm.dll+0xc507d]
V  [jvm.dll+0xc55b3]
V  [jvm.dll+0x3b692c]
V  [jvm.dll+0x1e0029]
V  [jvm.dll+0x247c42]
V  [jvm.dll+0x2470cf]
V  [jvm.dll+0x1c760e]
V  [jvm.dll+0x25695a]
V  [jvm.dll+0x254efa]
V  [jvm.dll+0x3f03f6]
V  [jvm.dll+0x851f6b]
V  [jvm.dll+0x6cc7dd]
C  [ucrtbase.dll+0x37b0]
C  [KERNEL32.DLL+0x2e8d7]
C  [ntdll.dll+0xbbf6c]


---------------  P R O C E S S  ---------------

Threads class SMR info:
_java_thread_list=0x0000023397bed6c0, length=67, elements={
0x00000233363dde80, 0x000002333638de30, 0x0000023394004090, 0x00000233940079f0,
0x0000023394008770, 0x000002339400a180, 0x000002339400cd10, 0x0000023394013f40,
0x0000023394014a80, 0x0000023336449f10, 0x0000023394338e80, 0x00000233949cde60,
0x00000233949c6e60, 0x000002339483f9c0, 0x00000233947c87c0, 0x00000233950ab040,
0x0000023395026090, 0x0000023394fcdf90, 0x0000023394fce620, 0x0000023394fccbe0,
0x0000023394fcb830, 0x0000023394fcd270, 0x0000023394fcd900, 0x0000023394fcc550,
0x0000023396cc9c50, 0x0000023395441bd0, 0x0000023395442260, 0x0000023395445050,
0x00000233954428f0, 0x00000233954456e0, 0x0000023395446400, 0x0000023395445d70,
0x0000023395442f80, 0x0000023395444330, 0x0000023395446a90, 0x0000023395443610,
0x00000233954449c0, 0x0000023395447120, 0x0000023395443ca0, 0x0000023395448b60,
0x00000233954477b0, 0x00000233954491f0, 0x0000023395447e40, 0x00000233954484d0,
0x00000233a1ad3fb0, 0x00000233a1ad6710, 0x00000233a1ad6da0, 0x00000233a1ad3920,
0x00000233a1ad4640, 0x00000233a1ad4cd0, 0x00000233a1ad59f0, 0x0000023396ac1d50,
0x0000023396ac23e0, 0x0000023396ac0310, 0x0000023396ac3100, 0x0000023396ac09a0,
0x0000023396ac3e20, 0x0000023396ac1030, 0x0000023396ac2a70, 0x0000023396ac44b0,
0x0000023396ac3790, 0x0000023396ac4b40, 0x0000023396ac16c0, 0x0000023396ac6c10,
0x0000023396ac5ef0, 0x0000023396ac51d0, 0x0000023394a2d740
}

Java Threads: ( => current thread )
  0x00000233363dde80 JavaThread "main"                              [_thread_blocked, id=27252, stack(0x0000003f76000000,0x0000003f76100000) (1024K)]
  0x000002333638de30 JavaThread "Reference Handler"          daemon [_thread_blocked, id=9264, stack(0x0000003f76400000,0x0000003f76500000) (1024K)]
  0x0000023394004090 JavaThread "Finalizer"                  daemon [_thread_blocked, id=17536, stack(0x0000003f76500000,0x0000003f76600000) (1024K)]
  0x00000233940079f0 JavaThread "Signal Dispatcher"          daemon [_thread_blocked, id=18252, stack(0x0000003f76600000,0x0000003f76700000) (1024K)]
  0x0000023394008770 JavaThread "Attach Listener"            daemon [_thread_blocked, id=11560, stack(0x0000003f76700000,0x0000003f76800000) (1024K)]
  0x000002339400a180 JavaThread "Service Thread"             daemon [_thread_blocked, id=24700, stack(0x0000003f76800000,0x0000003f76900000) (1024K)]
  0x000002339400cd10 JavaThread "Monitor Deflation Thread"   daemon [_thread_blocked, id=7704, stack(0x0000003f76900000,0x0000003f76a00000) (1024K)]
  0x0000023394013f40 JavaThread "C2 CompilerThread0"         daemon [_thread_in_native, id=28216, stack(0x0000003f76a00000,0x0000003f76b00000) (1024K)]
  0x0000023394014a80 JavaThread "C1 CompilerThread0"         daemon [_thread_in_native, id=5340, stack(0x0000003f76b00000,0x0000003f76c00000) (1024K)]
  0x0000023336449f10 JavaThread "Common-Cleaner"             daemon [_thread_blocked, id=4144, stack(0x0000003f76c00000,0x0000003f76d00000) (1024K)]
  0x0000023394338e80 JavaThread "Notification Thread"        daemon [_thread_blocked, id=8156, stack(0x0000003f76d00000,0x0000003f76e00000) (1024K)]
  0x00000233949cde60 JavaThread "Active Thread: Equinox Container: d06ccd12-f855-4886-84a8-008445b90d2c"        [_thread_in_Java, id=6360, stack(0x0000003f77400000,0x0000003f77500000) (1024K)]
  0x00000233949c6e60 JavaThread "Refresh Thread: Equinox Container: d06ccd12-f855-4886-84a8-008445b90d2c" daemon [_thread_blocked, id=19384, stack(0x0000003f77600000,0x0000003f77700000) (1024K)]
  0x000002339483f9c0 JavaThread "Framework Event Dispatcher: Equinox Container: d06ccd12-f855-4886-84a8-008445b90d2c" daemon [_thread_blocked, id=18000, stack(0x0000003f77700000,0x0000003f77800000) (1024K)]
  0x00000233947c87c0 JavaThread "Start Level: Equinox Container: d06ccd12-f855-4886-84a8-008445b90d2c" daemon [_thread_blocked, id=23152, stack(0x0000003f77800000,0x0000003f77900000) (1024K)]
  0x00000233950ab040 JavaThread "Bundle File Closer"         daemon [_thread_blocked, id=25684, stack(0x0000003f77b00000,0x0000003f77c00000) (1024K)]
  0x0000023395026090 JavaThread "SCR Component Actor"        daemon [_thread_blocked, id=372, stack(0x0000003f77c00000,0x0000003f77d00000) (1024K)]
  0x0000023394fcdf90 JavaThread "Worker-JM"                         [_thread_blocked, id=27572, stack(0x0000003f77e00000,0x0000003f77f00000) (1024K)]
  0x0000023394fce620 JavaThread "JNA Cleaner"                daemon [_thread_blocked, id=28868, stack(0x0000003f77f00000,0x0000003f78000000) (1024K)]
  0x0000023394fccbe0 JavaThread "Worker-0: Building"                [_thread_in_Java, id=15380, stack(0x0000003f78000000,0x0000003f78100000) (1024K)]
  0x0000023394fcb830 JavaThread "Worker-1"                          [_thread_blocked, id=27628, stack(0x0000003f78100000,0x0000003f78200000) (1024K)]
  0x0000023394fcd270 JavaThread "Worker-2"                          [_thread_blocked, id=7128, stack(0x0000003f78200000,0x0000003f78300000) (1024K)]
  0x0000023394fcd900 JavaThread "Java indexing"              daemon [_thread_in_native, id=4420, stack(0x0000003f77d00000,0x0000003f77e00000) (1024K)]
  0x0000023394fcc550 JavaThread "Worker-3: Initialize After Load"        [_thread_blocked, id=700, stack(0x0000003f78300000,0x0000003f78400000) (1024K)]
  0x0000023396cc9c50 JavaThread "C2 CompilerThread1"         daemon [_thread_in_native, id=28148, stack(0x0000003f78400000,0x0000003f78500000) (1024K)]
  0x0000023395441bd0 JavaThread "Worker-4: Loading available Gradle versions"        [_thread_in_native, id=2340, stack(0x0000003f78700000,0x0000003f78800000) (1024K)]
  0x0000023395442260 JavaThread "Worker-5"                          [_thread_blocked, id=28044, stack(0x0000003f78900000,0x0000003f78a00000) (1024K)]
  0x0000023395445050 JavaThread "Worker-6: Java indexing... "        [_thread_blocked, id=3888, stack(0x0000003f78a00000,0x0000003f78b00000) (1024K)]
  0x00000233954428f0 JavaThread "Thread-2"                   daemon [_thread_in_native, id=2868, stack(0x0000003f78b00000,0x0000003f78c00000) (1024K)]
  0x00000233954456e0 JavaThread "Thread-3"                   daemon [_thread_in_native, id=27544, stack(0x0000003f78c00000,0x0000003f78d00000) (1024K)]
  0x0000023395446400 JavaThread "Thread-4"                   daemon [_thread_in_native, id=6572, stack(0x0000003f78d00000,0x0000003f78e00000) (1024K)]
  0x0000023395445d70 JavaThread "Thread-5"                   daemon [_thread_in_native, id=1408, stack(0x0000003f78e00000,0x0000003f78f00000) (1024K)]
  0x0000023395442f80 JavaThread "Thread-6"                   daemon [_thread_in_native, id=24876, stack(0x0000003f78f00000,0x0000003f79000000) (1024K)]
  0x0000023395444330 JavaThread "Thread-7"                   daemon [_thread_in_native, id=24584, stack(0x0000003f79000000,0x0000003f79100000) (1024K)]
  0x0000023395446a90 JavaThread "Thread-8"                   daemon [_thread_in_native, id=27460, stack(0x0000003f79100000,0x0000003f79200000) (1024K)]
  0x0000023395443610 JavaThread "Thread-9"                   daemon [_thread_in_native, id=24368, stack(0x0000003f79200000,0x0000003f79300000) (1024K)]
  0x00000233954449c0 JavaThread "Thread-10"                  daemon [_thread_in_native, id=1480, stack(0x0000003f79300000,0x0000003f79400000) (1024K)]
  0x0000023395447120 JavaThread "Thread-11"                  daemon [_thread_in_native, id=27372, stack(0x0000003f79400000,0x0000003f79500000) (1024K)]
  0x0000023395443ca0 JavaThread "Thread-12"                  daemon [_thread_in_native, id=7284, stack(0x0000003f79500000,0x0000003f79600000) (1024K)]
  0x0000023395448b60 JavaThread "Thread-13"                  daemon [_thread_in_native, id=26328, stack(0x0000003f79600000,0x0000003f79700000) (1024K)]
  0x00000233954477b0 JavaThread "Thread-14"                  daemon [_thread_in_native, id=26668, stack(0x0000003f79700000,0x0000003f79800000) (1024K)]
  0x00000233954491f0 JavaThread "pool-2-thread-1"                   [_thread_blocked, id=28012, stack(0x0000003f79800000,0x0000003f79900000) (1024K)]
  0x0000023395447e40 JavaThread "WorkspaceEventsHandler"            [_thread_blocked, id=4048, stack(0x0000003f79900000,0x0000003f79a00000) (1024K)]
  0x00000233954484d0 JavaThread "pool-1-thread-1"                   [_thread_blocked, id=19696, stack(0x0000003f79a00000,0x0000003f79b00000) (1024K)]
  0x00000233a1ad3fb0 JavaThread "LocalFile Deleter"          daemon [_thread_blocked, id=27908, stack(0x0000003f79c00000,0x0000003f79d00000) (1024K)]
  0x00000233a1ad6710 JavaThread "LocalFile Deleter"          daemon [_thread_blocked, id=4988, stack(0x0000003f79d00000,0x0000003f79e00000) (1024K)]
  0x00000233a1ad6da0 JavaThread "LocalFile Deleter"          daemon [_thread_blocked, id=14364, stack(0x0000003f79e00000,0x0000003f79f00000) (1024K)]
  0x00000233a1ad3920 JavaThread "LocalFile Deleter"          daemon [_thread_blocked, id=392, stack(0x0000003f79f00000,0x0000003f7a000000) (1024K)]
  0x00000233a1ad4640 JavaThread "LocalFile Deleter"          daemon [_thread_blocked, id=26132, stack(0x0000003f7a000000,0x0000003f7a100000) (1024K)]
  0x00000233a1ad4cd0 JavaThread "LocalFile Deleter"          daemon [_thread_blocked, id=20264, stack(0x0000003f7a100000,0x0000003f7a200000) (1024K)]
  0x00000233a1ad59f0 JavaThread "LocalFile Deleter"          daemon [_thread_blocked, id=8636, stack(0x0000003f7a200000,0x0000003f7a300000) (1024K)]
  0x0000023396ac1d50 JavaThread "LocalFile Deleter"          daemon [_thread_blocked, id=16716, stack(0x0000003f7a300000,0x0000003f7a400000) (1024K)]
  0x0000023396ac23e0 JavaThread "LocalFile Deleter"          daemon [_thread_blocked, id=8760, stack(0x0000003f7a400000,0x0000003f7a500000) (1024K)]
  0x0000023396ac0310 JavaThread "LocalFile Deleter"          daemon [_thread_blocked, id=8792, stack(0x0000003f78800000,0x0000003f78900000) (1024K)]
  0x0000023396ac3100 JavaThread "LocalFile Deleter"          daemon [_thread_blocked, id=20828, stack(0x0000003f7a500000,0x0000003f7a600000) (1024K)]
  0x0000023396ac09a0 JavaThread "LocalFile Deleter"          daemon [_thread_blocked, id=29540, stack(0x0000003f7a600000,0x0000003f7a700000) (1024K)]
  0x0000023396ac3e20 JavaThread "Compiler Source File Reader" daemon [_thread_blocked, id=29032, stack(0x0000003f7a700000,0x0000003f7a800000) (1024K)]
  0x0000023396ac1030 JavaThread "Compiler Source File Reader" daemon [_thread_blocked, id=26692, stack(0x0000003f7a800000,0x0000003f7a900000) (1024K)]
  0x0000023396ac2a70 JavaThread "Compiler Source File Reader" daemon [_thread_blocked, id=29404, stack(0x0000003f7a900000,0x0000003f7aa00000) (1024K)]
  0x0000023396ac44b0 JavaThread "Compiler Source File Reader" daemon [_thread_blocked, id=15824, stack(0x0000003f7aa00000,0x0000003f7ab00000) (1024K)]
  0x0000023396ac3790 JavaThread "Compiler Source File Reader" daemon [_thread_blocked, id=27012, stack(0x0000003f7ab00000,0x0000003f7ac00000) (1024K)]
  0x0000023396ac4b40 JavaThread "Compiler Source File Reader" daemon [_thread_blocked, id=22012, stack(0x0000003f7ac00000,0x0000003f7ad00000) (1024K)]
  0x0000023396ac16c0 JavaThread "Compiler Source File Reader" daemon [_thread_blocked, id=11748, stack(0x0000003f7ad00000,0x0000003f7ae00000) (1024K)]
  0x0000023396ac6c10 JavaThread "Compiler Source File Reader" daemon [_thread_blocked, id=17484, stack(0x0000003f7ae00000,0x0000003f7af00000) (1024K)]
  0x0000023396ac5ef0 JavaThread "Compiler Source File Reader" daemon [_thread_blocked, id=23596, stack(0x0000003f7af00000,0x0000003f7b000000) (1024K)]
  0x0000023396ac51d0 JavaThread "Compiler Source File Reader" daemon [_thread_blocked, id=26788, stack(0x0000003f7b000000,0x0000003f7b100000) (1024K)]
=>0x0000023394a2d740 JavaThread "C2 CompilerThread2"         daemon [_thread_in_native, id=22008, stack(0x0000003f7b100000,0x0000003f7b200000) (1024K)]
Total: 67

Other Threads:
  0x000002333649e7f0 VMThread "VM Thread"                           [id=26752, stack(0x0000003f76300000,0x0000003f76400000) (1024K)]
  0x000002333626ca00 WatcherThread "VM Periodic Task Thread"        [id=15668, stack(0x0000003f76200000,0x0000003f76300000) (1024K)]
  0x00000233363fbe40 WorkerThread "GC Thread#0"                     [id=2692, stack(0x0000003f76100000,0x0000003f76200000) (1024K)]
  0x00000233944a0330 WorkerThread "GC Thread#1"                     [id=23572, stack(0x0000003f76e00000,0x0000003f76f00000) (1024K)]
  0x00000233944a06d0 WorkerThread "GC Thread#2"                     [id=26456, stack(0x0000003f76f00000,0x0000003f77000000) (1024K)]
  0x0000023394395540 WorkerThread "GC Thread#3"                     [id=27052, stack(0x0000003f77000000,0x0000003f77100000) (1024K)]
  0x000002339468e490 WorkerThread "GC Thread#4"                     [id=5820, stack(0x0000003f77100000,0x0000003f77200000) (1024K)]
  0x000002339468e830 WorkerThread "GC Thread#5"                     [id=20196, stack(0x0000003f77200000,0x0000003f77300000) (1024K)]
  0x000002339468ebd0 WorkerThread "GC Thread#6"                     [id=4056, stack(0x0000003f77300000,0x0000003f77400000) (1024K)]
  0x00000233946fd920 WorkerThread "GC Thread#7"                     [id=25772, stack(0x0000003f77500000,0x0000003f77600000) (1024K)]
  0x0000023394ad3450 WorkerThread "GC Thread#8"                     [id=22488, stack(0x0000003f77900000,0x0000003f77a00000) (1024K)]
  0x00000233949a2140 WorkerThread "GC Thread#9"                     [id=3504, stack(0x0000003f77a00000,0x0000003f77b00000) (1024K)]
Total: 12

Threads with active compile tasks:
C2 CompilerThread0  33464 7755       4       jdk.internal.module.SystemModuleFinders$SystemModuleReader::find (59 bytes)
C1 CompilerThread0  33464 7886       3       org.eclipse.osgi.container.ModuleDatabase$Persistence::writeVersion (88 bytes)
C2 CompilerThread1  33464 7727       4       sun.security.ec.ECOperations::setDouble (463 bytes)
C2 CompilerThread2  33464 7733       4       java.lang.ClassLoader::defineClass (43 bytes)
Total: 4

VM state: not at safepoint (normal execution)

VM Mutex/Monitor currently owned by a thread: None

Heap address: 0x0000000080000000, size: 2048 MB, Compressed Oops mode: 32-bit

CDS archive(s) mapped at: [0x000002334d000000-0x000002334dba0000-0x000002334dba0000), size 12189696, SharedBaseAddress: 0x000002334d000000, ArchiveRelocationMode: 1.
Compressed class space mapped at: 0x000002334e000000-0x000002338e000000, reserved size: 1073741824
Narrow klass base: 0x000002334d000000, Narrow klass shift: 0, Narrow klass range: 0x100000000

GC Precious Log:
 CardTable entry size: 512
 CPUs: 12 total, 12 available
 Memory: 6005M
 Large Page Support: Disabled
 NUMA Support: Disabled
 Compressed Oops: Enabled (32-bit)
 Alignments: Space 512K, Generation 512K, Heap 2M
 Heap Min Capacity: 100M
 Heap Initial Capacity: 100M
 Heap Max Capacity: 2G
 Pre-touch: Disabled
 Parallel Workers: 10

Heap:
 PSYoungGen      total 22528K, used 17344K [0x00000000d5580000, 0x00000000d6d80000, 0x0000000100000000)
  eden space 21504K, 76% used [0x00000000d5580000,0x00000000d659d410,0x00000000d6a80000)
  from space 1024K, 82% used [0x00000000d6c80000,0x00000000d6d52e48,0x00000000d6d80000)
  to   space 1536K, 0% used [0x00000000d6a80000,0x00000000d6a80000,0x00000000d6c00000)
 ParOldGen       total 68608K, used 41863K [0x0000000080000000, 0x0000000084300000, 0x00000000d5580000)
  object space 68608K, 61% used [0x0000000080000000,0x00000000828e1e38,0x0000000084300000)
 Metaspace       used 54348K, committed 55680K, reserved 1114112K
  class space    used 5787K, committed 6400K, reserved 1048576K

Card table byte_map: [0x0000023335d80000,0x0000023336190000] _byte_map_base: 0x0000023335980000

Marking Bits: (ParMarkBitMap*) 0x00007fff304331f0
 Begin Bits: [0x0000023348880000, 0x000002334a880000)
 End Bits:   [0x000002334a880000, 0x000002334c880000)

Polling page: 0x0000023334190000

Metaspace:

Usage:
  Non-class:     47.42 MB used.
      Class:      5.65 MB used.
       Both:     53.07 MB used.

Virtual space:
  Non-class space:       64.00 MB reserved,      48.12 MB ( 75%) committed,  1 nodes.
      Class space:        1.00 GB reserved,       6.25 MB ( <1%) committed,  1 nodes.
             Both:        1.06 GB reserved,      54.38 MB (  5%) committed. 

Chunk freelists:
   Non-Class:  15.38 MB
       Class:  9.61 MB
        Both:  24.98 MB

MaxMetaspaceSize: unlimited
CompressedClassSpaceSize: 1.00 GB
Initial GC threshold: 21.00 MB
Current GC threshold: 58.38 MB
CDS: on
 - commit_granule_bytes: 65536.
 - commit_granule_words: 8192.
 - virtual_space_node_default_size: 8388608.
 - enlarge_chunks_in_place: 1.
 - use_allocation_guard: 0.


Internal statistics:

num_allocs_failed_limit: 6.
num_arena_births: 1012.
num_arena_deaths: 14.
num_vsnodes_births: 2.
num_vsnodes_deaths: 0.
num_space_committed: 870.
num_space_uncommitted: 0.
num_chunks_returned_to_freelist: 20.
num_chunks_taken_from_freelist: 3413.
num_chunk_merges: 10.
num_chunk_splits: 2065.
num_chunks_enlarged: 1106.
num_inconsistent_stats: 0.

CodeHeap 'non-profiled nmethods': size=120000Kb used=3742Kb max_used=3742Kb free=116257Kb
 bounds [0x00000233410a0000, 0x0000023341450000, 0x00000233485d0000]
CodeHeap 'profiled nmethods': size=120000Kb used=14376Kb max_used=14376Kb free=105623Kb
 bounds [0x00000233395d0000, 0x000002333a3e0000, 0x0000023340b00000]
CodeHeap 'non-nmethods': size=5760Kb used=1416Kb max_used=1455Kb free=4344Kb
 bounds [0x0000023340b00000, 0x0000023340d70000, 0x00000233410a0000]
 total_blobs=7966 nmethods=7244 adapters=628
 compilation: enabled
              stopped_count=0, restarted_count=0
 full_count=0

Compilation events (20 events):
Event: 32.288 Thread 0x0000023394014a80 nmethod 7808 0x000002333a3b0590 code [0x000002333a3b08c0, 0x000002333a3b1a58]
Event: 32.299 Thread 0x0000023394014a80 7809       3       java.util.IdentityHashMap$IdentityHashMapIterator::hasNext (50 bytes)
Event: 32.300 Thread 0x0000023394014a80 nmethod 7809 0x000002333a3b1f90 code [0x000002333a3b2140, 0x000002333a3b2388]
Event: 32.302 Thread 0x0000023394014a80 7810       3       java.lang.invoke.StringConcatFactory::parseRecipe (213 bytes)
Event: 32.307 Thread 0x0000023394014a80 nmethod 7810 0x000002333a3b2490 code [0x000002333a3b2840, 0x000002333a3b41a8]
Event: 32.323 Thread 0x0000023394014a80 7811       3       java.lang.invoke.MethodType::genericMethodType (6 bytes)
Event: 32.323 Thread 0x0000023394014a80 nmethod 7811 0x000002333a3b4d90 code [0x000002333a3b4f40, 0x000002333a3b5060]
Event: 32.326 Thread 0x0000023394014a80 7812       3       sun.net.www.protocol.jar.Handler::openConnection (10 bytes)
Event: 32.327 Thread 0x0000023394014a80 nmethod 7812 0x000002333a3b5110 code [0x000002333a3b5320, 0x000002333a3b58a0]
Event: 32.327 Thread 0x0000023394014a80 7813       3       sun.net.www.protocol.jar.JarURLConnection::<init> (28 bytes)
Event: 32.328 Thread 0x0000023394014a80 nmethod 7813 0x000002333a3b5b10 code [0x000002333a3b5d00, 0x000002333a3b61b8]
Event: 32.328 Thread 0x0000023394014a80 7814       3       java.net.JarURLConnection::<init> (11 bytes)
Event: 32.328 Thread 0x0000023394014a80 nmethod 7814 0x000002333a3b6390 code [0x000002333a3b6540, 0x000002333a3b66d0]
Event: 32.332 Thread 0x0000023394014a80 7815   !   3       sun.net.www.protocol.jar.JarURLConnection$JarURLInputStream::close (51 bytes)
Event: 32.334 Thread 0x0000023394014a80 nmethod 7815 0x000002333a3b6790 code [0x000002333a3b69c0, 0x000002333a3b70e8]
Event: 32.352 Thread 0x0000023394014a80 7816       3       sun.net.www.protocol.jar.JarURLConnection$JarURLInputStream::<init> (11 bytes)
Event: 32.353 Thread 0x0000023394014a80 nmethod 7816 0x000002333a3b7410 code [0x000002333a3b75c0, 0x000002333a3b7818]
Event: 32.367 Thread 0x0000023394014a80 7817       3       jdk.internal.reflect.MethodHandleAccessorFactory::useNativeAccessor (74 bytes)
Event: 32.369 Thread 0x0000023394014a80 nmethod 7817 0x000002333a3b7910 code [0x000002333a3b7b60, 0x000002333a3b8380]
Event: 32.460 Thread 0x0000023394014a80 7818       3       java.io.File::toString (5 bytes)

GC Heap History (20 events):
Event: 28.953 GC heap before
{Heap before GC invocations=21 (full 2):
 PSYoungGen      total 24064K, used 23801K [0x00000000d5580000, 0x00000000d7100000, 0x0000000100000000)
  eden space 22016K, 100% used [0x00000000d5580000,0x00000000d6b00000,0x00000000d6b00000)
  from space 2048K, 87% used [0x00000000d6f00000,0x00000000d70be470,0x00000000d7100000)
  to   space 2048K, 0% used [0x00000000d6d00000,0x00000000d6d00000,0x00000000d6f00000)
 ParOldGen       total 68608K, used 21844K [0x0000000080000000, 0x0000000084300000, 0x00000000d5580000)
  object space 68608K, 31% used [0x0000000080000000,0x0000000081555040,0x0000000084300000)
 Metaspace       used 45205K, committed 46464K, reserved 1114112K
  class space    used 4743K, committed 5312K, reserved 1048576K
}
Event: 28.961 GC heap after
{Heap after GC invocations=21 (full 2):
 PSYoungGen      total 24064K, used 2042K [0x00000000d5580000, 0x00000000d7700000, 0x0000000100000000)
  eden space 22016K, 0% used [0x00000000d5580000,0x00000000d5580000,0x00000000d6b00000)
  from space 2048K, 99% used [0x00000000d6d00000,0x00000000d6efeaf8,0x00000000d6f00000)
  to   space 6144K, 0% used [0x00000000d7100000,0x00000000d7100000,0x00000000d7700000)
 ParOldGen       total 68608K, used 25235K [0x0000000080000000, 0x0000000084300000, 0x00000000d5580000)
  object space 68608K, 36% used [0x0000000080000000,0x00000000818a4c70,0x0000000084300000)
 Metaspace       used 45205K, committed 46464K, reserved 1114112K
  class space    used 4743K, committed 5312K, reserved 1048576K
}
Event: 29.078 GC heap before
{Heap before GC invocations=22 (full 2):
 PSYoungGen      total 24064K, used 24058K [0x00000000d5580000, 0x00000000d7700000, 0x0000000100000000)
  eden space 22016K, 100% used [0x00000000d5580000,0x00000000d6b00000,0x00000000d6b00000)
  from space 2048K, 99% used [0x00000000d6d00000,0x00000000d6efeaf8,0x00000000d6f00000)
  to   space 6144K, 0% used [0x00000000d7100000,0x00000000d7100000,0x00000000d7700000)
 ParOldGen       total 68608K, used 25235K [0x0000000080000000, 0x0000000084300000, 0x00000000d5580000)
  object space 68608K, 36% used [0x0000000080000000,0x00000000818a4c70,0x0000000084300000)
 Metaspace       used 45338K, committed 46592K, reserved 1114112K
  class space    used 4755K, committed 5312K, reserved 1048576K
}
Event: 29.085 GC heap after
{Heap after GC invocations=22 (full 2):
 PSYoungGen      total 24576K, used 2112K [0x00000000d5580000, 0x00000000d7380000, 0x0000000100000000)
  eden space 22016K, 0% used [0x00000000d5580000,0x00000000d5580000,0x00000000d6b00000)
  from space 2560K, 82% used [0x00000000d7100000,0x00000000d7310010,0x00000000d7380000)
  to   space 3584K, 0% used [0x00000000d6c80000,0x00000000d6c80000,0x00000000d7000000)
 ParOldGen       total 68608K, used 27253K [0x0000000080000000, 0x0000000084300000, 0x00000000d5580000)
  object space 68608K, 39% used [0x0000000080000000,0x0000000081a9d768,0x0000000084300000)
 Metaspace       used 45338K, committed 46592K, reserved 1114112K
  class space    used 4755K, committed 5312K, reserved 1048576K
}
Event: 29.333 GC heap before
{Heap before GC invocations=23 (full 2):
 PSYoungGen      total 24576K, used 24128K [0x00000000d5580000, 0x00000000d7380000, 0x0000000100000000)
  eden space 22016K, 100% used [0x00000000d5580000,0x00000000d6b00000,0x00000000d6b00000)
  from space 2560K, 82% used [0x00000000d7100000,0x00000000d7310010,0x00000000d7380000)
  to   space 3584K, 0% used [0x00000000d6c80000,0x00000000d6c80000,0x00000000d7000000)
 ParOldGen       total 68608K, used 27253K [0x0000000080000000, 0x0000000084300000, 0x00000000d5580000)
  object space 68608K, 39% used [0x0000000080000000,0x0000000081a9d768,0x0000000084300000)
 Metaspace       used 46168K, committed 47488K, reserved 1114112K
  class space    used 4881K, committed 5504K, reserved 1048576K
}
Event: 29.339 GC heap after
{Heap after GC invocations=23 (full 2):
 PSYoungGen      total 24576K, used 2370K [0x00000000d5580000, 0x00000000d7180000, 0x0000000100000000)
  eden space 22016K, 0% used [0x00000000d5580000,0x00000000d5580000,0x00000000d6b00000)
  from space 2560K, 92% used [0x00000000d6c80000,0x00000000d6ed0810,0x00000000d6f00000)
  to   space 2560K, 0% used [0x00000000d6f00000,0x00000000d6f00000,0x00000000d7180000)
 ParOldGen       total 68608K, used 29221K [0x0000000080000000, 0x0000000084300000, 0x00000000d5580000)
  object space 68608K, 42% used [0x0000000080000000,0x0000000081c89778,0x0000000084300000)
 Metaspace       used 46168K, committed 47488K, reserved 1114112K
  class space    used 4881K, committed 5504K, reserved 1048576K
}
Event: 29.449 GC heap before
{Heap before GC invocations=24 (full 2):
 PSYoungGen      total 24576K, used 24386K [0x00000000d5580000, 0x00000000d7180000, 0x0000000100000000)
  eden space 22016K, 100% used [0x00000000d5580000,0x00000000d6b00000,0x00000000d6b00000)
  from space 2560K, 92% used [0x00000000d6c80000,0x00000000d6ed0810,0x00000000d6f00000)
  to   space 2560K, 0% used [0x00000000d6f00000,0x00000000d6f00000,0x00000000d7180000)
 ParOldGen       total 68608K, used 29221K [0x0000000080000000, 0x0000000084300000, 0x00000000d5580000)
  object space 68608K, 42% used [0x0000000080000000,0x0000000081c89778,0x0000000084300000)
 Metaspace       used 46845K, committed 48128K, reserved 1114112K
  class space    used 4944K, committed 5504K, reserved 1048576K
}
Event: 29.455 GC heap after
{Heap after GC invocations=24 (full 2):
 PSYoungGen      total 24576K, used 2112K [0x00000000d5580000, 0x00000000d7180000, 0x0000000100000000)
  eden space 22016K, 0% used [0x00000000d5580000,0x00000000d5580000,0x00000000d6b00000)
  from space 2560K, 82% used [0x00000000d6f00000,0x00000000d7110010,0x00000000d7180000)
  to   space 2560K, 0% used [0x00000000d6c80000,0x00000000d6c80000,0x00000000d6f00000)
 ParOldGen       total 68608K, used 31432K [0x0000000080000000, 0x0000000084300000, 0x00000000d5580000)
  object space 68608K, 45% used [0x0000000080000000,0x0000000081eb21d8,0x0000000084300000)
 Metaspace       used 46845K, committed 48128K, reserved 1114112K
  class space    used 4944K, committed 5504K, reserved 1048576K
}
Event: 29.639 GC heap before
{Heap before GC invocations=25 (full 2):
 PSYoungGen      total 24576K, used 24128K [0x00000000d5580000, 0x00000000d7180000, 0x0000000100000000)
  eden space 22016K, 100% used [0x00000000d5580000,0x00000000d6b00000,0x00000000d6b00000)
  from space 2560K, 82% used [0x00000000d6f00000,0x00000000d7110010,0x00000000d7180000)
  to   space 2560K, 0% used [0x00000000d6c80000,0x00000000d6c80000,0x00000000d6f00000)
 ParOldGen       total 68608K, used 31432K [0x0000000080000000, 0x0000000084300000, 0x00000000d5580000)
  object space 68608K, 45% used [0x0000000080000000,0x0000000081eb21d8,0x0000000084300000)
 Metaspace       used 47295K, committed 48576K, reserved 1114112K
  class space    used 4995K, committed 5568K, reserved 1048576K
}
Event: 29.646 GC heap after
{Heap after GC invocations=25 (full 2):
 PSYoungGen      total 24064K, used 1956K [0x00000000d5580000, 0x00000000d6f80000, 0x0000000100000000)
  eden space 22016K, 0% used [0x00000000d5580000,0x00000000d5580000,0x00000000d6b00000)
  from space 2048K, 95% used [0x00000000d6c80000,0x00000000d6e69000,0x00000000d6e80000)
  to   space 1024K, 0% used [0x00000000d6e80000,0x00000000d6e80000,0x00000000d6f80000)
 ParOldGen       total 68608K, used 33402K [0x0000000080000000, 0x0000000084300000, 0x00000000d5580000)
  object space 68608K, 48% used [0x0000000080000000,0x000000008209eba8,0x0000000084300000)
 Metaspace       used 47295K, committed 48576K, reserved 1114112K
  class space    used 4995K, committed 5568K, reserved 1048576K
}
Event: 29.749 GC heap before
{Heap before GC invocations=26 (full 2):
 PSYoungGen      total 24064K, used 23972K [0x00000000d5580000, 0x00000000d6f80000, 0x0000000100000000)
  eden space 22016K, 100% used [0x00000000d5580000,0x00000000d6b00000,0x00000000d6b00000)
  from space 2048K, 95% used [0x00000000d6c80000,0x00000000d6e69000,0x00000000d6e80000)
  to   space 1024K, 0% used [0x00000000d6e80000,0x00000000d6e80000,0x00000000d6f80000)
 ParOldGen       total 68608K, used 33402K [0x0000000080000000, 0x0000000084300000, 0x00000000d5580000)
  object space 68608K, 48% used [0x0000000080000000,0x000000008209eba8,0x0000000084300000)
 Metaspace       used 47616K, committed 48960K, reserved 1114112K
  class space    used 5027K, committed 5632K, reserved 1048576K
}
Event: 29.754 GC heap after
{Heap after GC invocations=26 (full 2):
 PSYoungGen      total 22528K, used 1024K [0x00000000d5580000, 0x00000000d7300000, 0x0000000100000000)
  eden space 21504K, 0% used [0x00000000d5580000,0x00000000d5580000,0x00000000d6a80000)
  from space 1024K, 100% used [0x00000000d6e80000,0x00000000d6f80000,0x00000000d6f80000)
  to   space 4096K, 0% used [0x00000000d6a80000,0x00000000d6a80000,0x00000000d6e80000)
 ParOldGen       total 68608K, used 35972K [0x0000000080000000, 0x0000000084300000, 0x00000000d5580000)
  object space 68608K, 52% used [0x0000000080000000,0x00000000823211e0,0x0000000084300000)
 Metaspace       used 47616K, committed 48960K, reserved 1114112K
  class space    used 5027K, committed 5632K, reserved 1048576K
}
Event: 29.981 GC heap before
{Heap before GC invocations=27 (full 2):
 PSYoungGen      total 22528K, used 22528K [0x00000000d5580000, 0x00000000d7300000, 0x0000000100000000)
  eden space 21504K, 100% used [0x00000000d5580000,0x00000000d6a80000,0x00000000d6a80000)
  from space 1024K, 100% used [0x00000000d6e80000,0x00000000d6f80000,0x00000000d6f80000)
  to   space 4096K, 0% used [0x00000000d6a80000,0x00000000d6a80000,0x00000000d6e80000)
 ParOldGen       total 68608K, used 35972K [0x0000000080000000, 0x0000000084300000, 0x00000000d5580000)
  object space 68608K, 52% used [0x0000000080000000,0x00000000823211e0,0x0000000084300000)
 Metaspace       used 48155K, committed 49408K, reserved 1114112K
  class space    used 5084K, committed 5632K, reserved 1048576K
}
Event: 29.988 GC heap after
{Heap after GC invocations=27 (full 2):
 PSYoungGen      total 23552K, used 1984K [0x00000000d5580000, 0x00000000d7080000, 0x0000000100000000)
  eden space 21504K, 0% used [0x00000000d5580000,0x00000000d5580000,0x00000000d6a80000)
  from space 2048K, 96% used [0x00000000d6a80000,0x00000000d6c70010,0x00000000d6c80000)
  to   space 3072K, 0% used [0x00000000d6d80000,0x00000000d6d80000,0x00000000d7080000)
 ParOldGen       total 68608K, used 37044K [0x0000000080000000, 0x0000000084300000, 0x00000000d5580000)
  object space 68608K, 53% used [0x0000000080000000,0x000000008242d1e0,0x0000000084300000)
 Metaspace       used 48155K, committed 49408K, reserved 1114112K
  class space    used 5084K, committed 5632K, reserved 1048576K
}
Event: 30.198 GC heap before
{Heap before GC invocations=28 (full 2):
 PSYoungGen      total 23552K, used 23488K [0x00000000d5580000, 0x00000000d7080000, 0x0000000100000000)
  eden space 21504K, 100% used [0x00000000d5580000,0x00000000d6a80000,0x00000000d6a80000)
  from space 2048K, 96% used [0x00000000d6a80000,0x00000000d6c70010,0x00000000d6c80000)
  to   space 3072K, 0% used [0x00000000d6d80000,0x00000000d6d80000,0x00000000d7080000)
 ParOldGen       total 68608K, used 37044K [0x0000000080000000, 0x0000000084300000, 0x00000000d5580000)
  object space 68608K, 53% used [0x0000000080000000,0x000000008242d1e0,0x0000000084300000)
 Metaspace       used 48568K, committed 49856K, reserved 1114112K
  class space    used 5135K, committed 5760K, reserved 1048576K
}
Event: 30.205 GC heap after
{Heap after GC invocations=28 (full 2):
 PSYoungGen      total 23552K, used 1899K [0x00000000d5580000, 0x00000000d6f80000, 0x0000000100000000)
  eden space 21504K, 0% used [0x00000000d5580000,0x00000000d5580000,0x00000000d6a80000)
  from space 2048K, 92% used [0x00000000d6d80000,0x00000000d6f5ad88,0x00000000d6f80000)
  to   space 2048K, 0% used [0x00000000d6a80000,0x00000000d6a80000,0x00000000d6c80000)
 ParOldGen       total 68608K, used 38916K [0x0000000080000000, 0x0000000084300000, 0x00000000d5580000)
  object space 68608K, 56% used [0x0000000080000000,0x00000000826011f0,0x0000000084300000)
 Metaspace       used 48568K, committed 49856K, reserved 1114112K
  class space    used 5135K, committed 5760K, reserved 1048576K
}
Event: 31.030 GC heap before
{Heap before GC invocations=29 (full 2):
 PSYoungGen      total 23552K, used 23403K [0x00000000d5580000, 0x00000000d6f80000, 0x0000000100000000)
  eden space 21504K, 100% used [0x00000000d5580000,0x00000000d6a80000,0x00000000d6a80000)
  from space 2048K, 92% used [0x00000000d6d80000,0x00000000d6f5ad88,0x00000000d6f80000)
  to   space 2048K, 0% used [0x00000000d6a80000,0x00000000d6a80000,0x00000000d6c80000)
 ParOldGen       total 68608K, used 38916K [0x0000000080000000, 0x0000000084300000, 0x00000000d5580000)
  object space 68608K, 56% used [0x0000000080000000,0x00000000826011f0,0x0000000084300000)
 Metaspace       used 51422K, committed 52864K, reserved 1114112K
  class space    used 5423K, committed 6080K, reserved 1048576K
}
Event: 31.035 GC heap after
{Heap after GC invocations=29 (full 2):
 PSYoungGen      total 23552K, used 1579K [0x00000000d5580000, 0x00000000d6e80000, 0x0000000100000000)
  eden space 21504K, 0% used [0x00000000d5580000,0x00000000d5580000,0x00000000d6a80000)
  from space 2048K, 77% used [0x00000000d6a80000,0x00000000d6c0af10,0x00000000d6c80000)
  to   space 2048K, 0% used [0x00000000d6c80000,0x00000000d6c80000,0x00000000d6e80000)
 ParOldGen       total 68608K, used 40601K [0x0000000080000000, 0x0000000084300000, 0x00000000d5580000)
  object space 68608K, 59% used [0x0000000080000000,0x00000000827a6748,0x0000000084300000)
 Metaspace       used 51422K, committed 52864K, reserved 1114112K
  class space    used 5423K, committed 6080K, reserved 1048576K
}
Event: 31.887 GC heap before
{Heap before GC invocations=30 (full 2):
 PSYoungGen      total 23552K, used 23073K [0x00000000d5580000, 0x00000000d6e80000, 0x0000000100000000)
  eden space 21504K, 99% used [0x00000000d5580000,0x00000000d6a7d6d8,0x00000000d6a80000)
  from space 2048K, 77% used [0x00000000d6a80000,0x00000000d6c0af10,0x00000000d6c80000)
  to   space 2048K, 0% used [0x00000000d6c80000,0x00000000d6c80000,0x00000000d6e80000)
 ParOldGen       total 68608K, used 40601K [0x0000000080000000, 0x0000000084300000, 0x00000000d5580000)
  object space 68608K, 59% used [0x0000000080000000,0x00000000827a6748,0x0000000084300000)
 Metaspace       used 53344K, committed 54656K, reserved 1114112K
  class space    used 5688K, committed 6272K, reserved 1048576K
}
Event: 31.893 GC heap after
{Heap after GC invocations=30 (full 2):
 PSYoungGen      total 22528K, used 843K [0x00000000d5580000, 0x00000000d6d80000, 0x0000000100000000)
  eden space 21504K, 0% used [0x00000000d5580000,0x00000000d5580000,0x00000000d6a80000)
  from space 1024K, 82% used [0x00000000d6c80000,0x00000000d6d52e48,0x00000000d6d80000)
  to   space 1536K, 0% used [0x00000000d6a80000,0x00000000d6a80000,0x00000000d6c00000)
 ParOldGen       total 68608K, used 41863K [0x0000000080000000, 0x0000000084300000, 0x00000000d5580000)
  object space 68608K, 61% used [0x0000000080000000,0x00000000828e1e38,0x0000000084300000)
 Metaspace       used 53344K, committed 54656K, reserved 1114112K
  class space    used 5688K, committed 6272K, reserved 1048576K
}

Dll operation events (12 events):
Event: 0.036 Loaded shared library c:\Users\Admin\.vscode\extensions\redhat.java-1.43.1-win32-x64\jre\21.0.7-win32-x86_64\bin\java.dll
Event: 0.268 Loaded shared library c:\Users\Admin\.vscode\extensions\redhat.java-1.43.1-win32-x64\jre\21.0.7-win32-x86_64\bin\zip.dll
Event: 0.334 Loaded shared library C:\Users\Admin\.vscode\extensions\redhat.java-1.43.1-win32-x64\jre\21.0.7-win32-x86_64\bin\instrument.dll
Event: 0.346 Loaded shared library C:\Users\Admin\.vscode\extensions\redhat.java-1.43.1-win32-x64\jre\21.0.7-win32-x86_64\bin\net.dll
Event: 0.354 Loaded shared library C:\Users\Admin\.vscode\extensions\redhat.java-1.43.1-win32-x64\jre\21.0.7-win32-x86_64\bin\nio.dll
Event: 0.364 Loaded shared library C:\Users\Admin\.vscode\extensions\redhat.java-1.43.1-win32-x64\jre\21.0.7-win32-x86_64\bin\zip.dll
Event: 0.408 Loaded shared library C:\Users\Admin\.vscode\extensions\redhat.java-1.43.1-win32-x64\jre\21.0.7-win32-x86_64\bin\jimage.dll
Event: 1.691 Loaded shared library c:\Users\Admin\.vscode\extensions\redhat.java-1.43.1-win32-x64\jre\21.0.7-win32-x86_64\bin\verify.dll
Event: 3.798 Loaded shared library C:\Users\Admin\AppData\Roaming\Code\User\globalStorage\redhat.java\1.43.1\config_win\org.eclipse.equinox.launcher\org.eclipse.equinox.launcher.win32.win32.x86_64_1.2.1300.v20250331-1702\eclipse_11911.dll
Event: 13.838 Loaded shared library C:\Users\Admin\AppData\Local\Temp\jna-63116079\jna10837260886596780832.dll
Event: 27.779 Loaded shared library C:\Users\Admin\.vscode\extensions\redhat.java-1.43.1-win32-x64\jre\21.0.7-win32-x86_64\bin\sunmscapi.dll
Event: 30.365 Loaded shared library C:\Users\Admin\.vscode\extensions\redhat.java-1.43.1-win32-x64\jre\21.0.7-win32-x86_64\bin\extnet.dll

Deoptimization events (20 events):
Event: 31.698 Thread 0x0000023394fccbe0 DEOPT PACKING pc=0x0000023339bc1c39 sp=0x0000003f780f8f20
Event: 31.698 Thread 0x0000023394fccbe0 DEOPT UNPACKING pc=0x0000023340b54242 sp=0x0000003f780f8420 mode 0
Event: 31.732 Thread 0x0000023394fccbe0 DEOPT PACKING pc=0x0000023339f4020d sp=0x0000003f780fcb90
Event: 31.732 Thread 0x0000023394fccbe0 DEOPT UNPACKING pc=0x0000023340b54242 sp=0x0000003f780fc040 mode 0
Event: 31.767 Thread 0x0000023394fccbe0 DEOPT PACKING pc=0x0000023339f4020d sp=0x0000003f780f9290
Event: 31.767 Thread 0x0000023394fccbe0 DEOPT UNPACKING pc=0x0000023340b54242 sp=0x0000003f780f8740 mode 0
Event: 31.822 Thread 0x0000023394fccbe0 DEOPT PACKING pc=0x0000023339f4020d sp=0x0000003f780f9290
Event: 31.822 Thread 0x0000023394fccbe0 DEOPT UNPACKING pc=0x0000023340b54242 sp=0x0000003f780f8740 mode 0
Event: 31.873 Thread 0x0000023394fccbe0 DEOPT PACKING pc=0x0000023339f4020d sp=0x0000003f780f9290
Event: 31.873 Thread 0x0000023394fccbe0 DEOPT UNPACKING pc=0x0000023340b54242 sp=0x0000003f780f8740 mode 0
Event: 32.000 Thread 0x0000023394fccbe0 DEOPT PACKING pc=0x0000023339bc1c39 sp=0x0000003f780fb1c0
Event: 32.000 Thread 0x0000023394fccbe0 DEOPT UNPACKING pc=0x0000023340b54242 sp=0x0000003f780fa6c0 mode 0
Event: 32.205 Thread 0x0000023394fcd270 Uncommon trap: trap_request=0xffffff45 fr.pc=0x00000233412d9284 relative=0x0000000000000324
Event: 32.205 Thread 0x0000023394fcd270 Uncommon trap: reason=unstable_if action=reinterpret pc=0x00000233412d9284 method=java.lang.ThreadLocal$ThreadLocalMap.set(Ljava/lang/ThreadLocal;Ljava/lang/Object;)V @ 116 c2
Event: 32.205 Thread 0x0000023394fcd270 DEOPT PACKING pc=0x00000233412d9284 sp=0x0000003f782fea60
Event: 32.205 Thread 0x0000023394fcd270 DEOPT UNPACKING pc=0x0000023340b53aa2 sp=0x0000003f782fe9e8 mode 2
Event: 32.225 Thread 0x0000023395441bd0 Uncommon trap: trap_request=0xffffff45 fr.pc=0x00000233412c84c0 relative=0x0000000000000180
Event: 32.225 Thread 0x0000023395441bd0 Uncommon trap: reason=unstable_if action=reinterpret pc=0x00000233412c84c0 method=java.nio.Buffer.<init>(IIIILjava/lang/foreign/MemorySegment;)V @ 50 c2
Event: 32.225 Thread 0x0000023395441bd0 DEOPT PACKING pc=0x00000233412c84c0 sp=0x0000003f787fe440
Event: 32.225 Thread 0x0000023395441bd0 DEOPT UNPACKING pc=0x0000023340b53aa2 sp=0x0000003f787fe3d0 mode 2

Classes loaded (20 events):
Event: 32.226 Loading class sun/security/util/ByteArrays
Event: 32.226 Loading class sun/security/util/ByteArrays done
Event: 32.226 Loading class sun/security/ssl/HandshakeHash$T12HandshakeHash
Event: 32.227 Loading class sun/security/ssl/HandshakeHash$T12HandshakeHash done
Event: 32.227 Loading class sun/security/ssl/HandshakeHash$CloneableHash
Event: 32.227 Loading class sun/security/ssl/HandshakeHash$CloneableHash done
Event: 32.228 Loading class sun/security/ssl/RenegoInfoExtension$RenegotiationInfoSpec
Event: 32.228 Loading class sun/security/ssl/RenegoInfoExtension$RenegotiationInfoSpec done
Event: 32.229 Loading class sun/security/ssl/ServerNameExtension$SHServerNamesSpec
Event: 32.229 Loading class sun/security/ssl/ServerNameExtension$SHServerNamesSpec done
Event: 32.229 Loading class sun/security/ssl/SessionTicketExtension$SessionTicketSpec
Event: 32.230 Loading class sun/security/ssl/SessionTicketExtension$SessionTicketSpec done
Event: 32.231 Loading class sun/security/ssl/SSLKeyExchange$1
Event: 32.231 Loading class sun/security/ssl/SSLKeyExchange$1 done
Event: 32.231 Loading class sun/security/ssl/SSLKeyExchange$SSLKeyExECDHEECDSA
Event: 32.231 Loading class sun/security/ssl/SSLKeyExchange$SSLKeyExECDHEECDSA done
Event: 32.231 Loading class sun/security/ssl/X509Authentication
Event: 32.232 Loading class sun/security/ssl/SSLAuthentication
Event: 32.232 Loading class sun/security/ssl/SSLAuthentication done
Event: 32.232 Loading class sun/security/ssl/X509Authentication done

Classes unloaded (7 events):
Event: 16.540 Thread 0x000002333649e7f0 Unloading class 0x000002334e1a4800 'java/lang/invoke/LambdaForm$MH+0x000002334e1a4800'
Event: 16.540 Thread 0x000002333649e7f0 Unloading class 0x000002334e1a4400 'java/lang/invoke/LambdaForm$MH+0x000002334e1a4400'
Event: 16.540 Thread 0x000002333649e7f0 Unloading class 0x000002334e1a4000 'java/lang/invoke/LambdaForm$MH+0x000002334e1a4000'
Event: 16.540 Thread 0x000002333649e7f0 Unloading class 0x000002334e1a3c00 'java/lang/invoke/LambdaForm$MH+0x000002334e1a3c00'
Event: 16.540 Thread 0x000002333649e7f0 Unloading class 0x000002334e1a3800 'java/lang/invoke/LambdaForm$BMH+0x000002334e1a3800'
Event: 16.540 Thread 0x000002333649e7f0 Unloading class 0x000002334e1a3400 'java/lang/invoke/LambdaForm$DMH+0x000002334e1a3400'
Event: 16.540 Thread 0x000002333649e7f0 Unloading class 0x000002334e1a2000 'java/lang/invoke/LambdaForm$DMH+0x000002334e1a2000'

Classes redefined (0 events):
No events

Internal exceptions (20 events):
Event: 31.321 Thread 0x0000023396ac09a0 Exception <a 'sun/nio/fs/WindowsException'{0x00000000d5943580}> (0x00000000d5943580) 
thrown [s\src\hotspot\share\prims\jni.cpp, line 520]
Event: 31.334 Thread 0x0000023396ac3100 Exception <a 'sun/nio/fs/WindowsException'{0x00000000d594c930}> (0x00000000d594c930) 
thrown [s\src\hotspot\share\prims\jni.cpp, line 520]
Event: 31.334 Thread 0x00000233a1ad4640 Exception <a 'sun/nio/fs/WindowsException'{0x00000000d58f2130}> (0x00000000d58f2130) 
thrown [s\src\hotspot\share\prims\jni.cpp, line 520]
Event: 31.337 Thread 0x0000023396ac0310 Exception <a 'sun/nio/fs/WindowsException'{0x00000000d595c7a8}> (0x00000000d595c7a8) 
thrown [s\src\hotspot\share\prims\jni.cpp, line 520]
Event: 31.349 Thread 0x0000023396ac3100 Exception <a 'sun/nio/fs/WindowsException'{0x00000000d594f048}> (0x00000000d594f048) 
thrown [s\src\hotspot\share\prims\jni.cpp, line 520]
Event: 31.363 Thread 0x0000023396ac0310 Exception <a 'sun/nio/fs/WindowsException'{0x00000000d5960568}> (0x00000000d5960568) 
thrown [s\src\hotspot\share\prims\jni.cpp, line 520]
Event: 31.374 Thread 0x00000233a1ad4640 Exception <a 'sun/nio/fs/WindowsException'{0x00000000d58f6060}> (0x00000000d58f6060) 
thrown [s\src\hotspot\share\prims\jni.cpp, line 520]
Event: 31.375 Thread 0x0000023396ac0310 Exception <a 'sun/nio/fs/WindowsException'{0x00000000d5962d20}> (0x00000000d5962d20) 
thrown [s\src\hotspot\share\prims\jni.cpp, line 520]
Event: 31.384 Thread 0x0000023396ac3100 Exception <a 'sun/nio/fs/WindowsException'{0x00000000d5951bc8}> (0x00000000d5951bc8) 
thrown [s\src\hotspot\share\prims\jni.cpp, line 520]
Event: 31.389 Thread 0x0000023396ac1d50 Exception <a 'sun/nio/fs/WindowsException'{0x00000000d5924be0}> (0x00000000d5924be0) 
thrown [s\src\hotspot\share\prims\jni.cpp, line 520]
Event: 31.391 Thread 0x00000233a1ad4640 Exception <a 'sun/nio/fs/WindowsException'{0x00000000d58f8aa8}> (0x00000000d58f8aa8) 
thrown [s\src\hotspot\share\prims\jni.cpp, line 520]
Event: 31.397 Thread 0x00000233a1ad6710 Exception <a 'sun/nio/fs/WindowsException'{0x00000000d58c8ce0}> (0x00000000d58c8ce0) 
thrown [s\src\hotspot\share\prims\jni.cpp, line 520]
Event: 31.397 Thread 0x00000233a1ad59f0 Exception <a 'sun/nio/fs/WindowsException'{0x00000000d59130d0}> (0x00000000d59130d0) 
thrown [s\src\hotspot\share\prims\jni.cpp, line 520]
Event: 31.401 Thread 0x0000023396ac3100 Exception <a 'sun/nio/fs/WindowsException'{0x00000000d5954560}> (0x00000000d5954560) 
thrown [s\src\hotspot\share\prims\jni.cpp, line 520]
Event: 31.401 Thread 0x00000233a1ad4cd0 Exception <a 'sun/nio/fs/WindowsException'{0x00000000d59045f8}> (0x00000000d59045f8) 
thrown [s\src\hotspot\share\prims\jni.cpp, line 520]
Event: 31.406 Thread 0x0000023396ac1d50 Exception <a 'sun/nio/fs/WindowsException'{0x00000000d5927350}> (0x00000000d5927350) 
thrown [s\src\hotspot\share\prims\jni.cpp, line 520]
Event: 31.426 Thread 0x0000023394fccbe0 Exception <a 'sun/nio/fs/WindowsException'{0x00000000d58aabf8}> (0x00000000d58aabf8) 
thrown [s\src\hotspot\share\prims\jni.cpp, line 520]
Event: 32.229 Thread 0x0000023394fcd270 Exception <a 'sun/nio/fs/WindowsException'{0x00000000d5cec550}> (0x00000000d5cec550) 
thrown [s\src\hotspot\share\prims\jni.cpp, line 520]
Event: 32.230 Thread 0x0000023394fcd270 Exception <a 'sun/nio/fs/WindowsException'{0x00000000d5cece30}> (0x00000000d5cece30) 
thrown [s\src\hotspot\share\prims\jni.cpp, line 520]
Event: 32.680 Thread 0x0000023394fcd270 Exception <a 'sun/nio/fs/WindowsException'{0x00000000d6190d38}> (0x00000000d6190d38) 
thrown [s\src\hotspot\share\prims\jni.cpp, line 520]

ZGC Phase Switch (0 events):
No events

VM Operations (20 events):
Event: 29.739 Executing VM operation: ParallelGCFailedAllocation (Allocation Failure)
Event: 29.754 Executing VM operation: ParallelGCFailedAllocation (Allocation Failure) done
Event: 29.967 Executing VM operation: ParallelGCFailedAllocation (Allocation Failure)
Event: 29.988 Executing VM operation: ParallelGCFailedAllocation (Allocation Failure) done
Event: 30.016 Executing VM operation: HandshakeAllThreads (Deoptimize)
Event: 30.016 Executing VM operation: HandshakeAllThreads (Deoptimize) done
Event: 30.159 Executing VM operation: HandshakeAllThreads (Deoptimize)
Event: 30.159 Executing VM operation: HandshakeAllThreads (Deoptimize) done
Event: 30.197 Executing VM operation: ParallelGCFailedAllocation (Allocation Failure)
Event: 30.205 Executing VM operation: ParallelGCFailedAllocation (Allocation Failure) done
Event: 30.222 Executing VM operation: HandshakeAllThreads (Deoptimize)
Event: 30.222 Executing VM operation: HandshakeAllThreads (Deoptimize) done
Event: 31.030 Executing VM operation: ParallelGCFailedAllocation (Allocation Failure)
Event: 31.036 Executing VM operation: ParallelGCFailedAllocation (Allocation Failure) done
Event: 31.658 Executing VM operation: HandshakeAllThreads (Deoptimize)
Event: 31.658 Executing VM operation: HandshakeAllThreads (Deoptimize) done
Event: 31.887 Executing VM operation: ParallelGCFailedAllocation (Allocation Failure)
Event: 31.893 Executing VM operation: ParallelGCFailedAllocation (Allocation Failure) done
Event: 32.905 Executing VM operation: Cleanup
Event: 32.905 Executing VM operation: Cleanup done

Memory protections (0 events):
No events

Nmethod flushes (20 events):
Event: 24.678 Thread 0x000002333649e7f0 flushing  nmethod 0x0000023339c77c90
Event: 24.678 Thread 0x000002333649e7f0 flushing  nmethod 0x0000023339c78890
Event: 24.678 Thread 0x000002333649e7f0 flushing  nmethod 0x0000023339c79990
Event: 24.678 Thread 0x000002333649e7f0 flushing  nmethod 0x0000023339c7b210
Event: 24.678 Thread 0x000002333649e7f0 flushing  nmethod 0x0000023339c7bf10
Event: 24.678 Thread 0x000002333649e7f0 flushing  nmethod 0x0000023339c7cb90
Event: 24.678 Thread 0x000002333649e7f0 flushing  nmethod 0x0000023339c7ee10
Event: 24.678 Thread 0x000002333649e7f0 flushing  nmethod 0x0000023339c8e290
Event: 24.678 Thread 0x000002333649e7f0 flushing  nmethod 0x0000023339cab410
Event: 24.678 Thread 0x000002333649e7f0 flushing  nmethod 0x0000023339cb9310
Event: 24.678 Thread 0x000002333649e7f0 flushing  nmethod 0x0000023339cba790
Event: 24.678 Thread 0x000002333649e7f0 flushing  nmethod 0x0000023339cc1810
Event: 24.678 Thread 0x000002333649e7f0 flushing  nmethod 0x0000023339cc6e90
Event: 24.678 Thread 0x000002333649e7f0 flushing  nmethod 0x0000023339cd5110
Event: 24.678 Thread 0x000002333649e7f0 flushing  nmethod 0x0000023339d12910
Event: 24.678 Thread 0x000002333649e7f0 flushing  nmethod 0x0000023339d3d810
Event: 24.678 Thread 0x000002333649e7f0 flushing  nmethod 0x0000023339d67110
Event: 24.678 Thread 0x000002333649e7f0 flushing  nmethod 0x0000023339d87490
Event: 24.678 Thread 0x000002333649e7f0 flushing  nmethod 0x0000023339d87e10
Event: 24.678 Thread 0x000002333649e7f0 flushing  nmethod 0x0000023339da5c10

Events (20 events):
Event: 31.231 Thread 0x00000233a1ad6710 Thread added: 0x00000233a1ad4640
Event: 31.231 Thread 0x00000233a1ad3920 Thread added: 0x00000233a1ad4cd0
Event: 31.232 Thread 0x00000233a1ad6710 Thread added: 0x00000233a1ad59f0
Event: 31.232 Thread 0x00000233a1ad4cd0 Thread added: 0x0000023396ac1d50
Event: 31.232 Thread 0x00000233a1ad59f0 Thread added: 0x0000023396ac23e0
Event: 31.292 Thread 0x000002339762fea0 Thread exited: 0x000002339762fea0
Event: 31.303 Thread 0x00000233a1ad59f0 Thread added: 0x0000023396ac0310
Event: 31.303 Thread 0x0000023396ac23e0 Thread added: 0x0000023396ac3100
Event: 31.303 Thread 0x00000233a1ad4640 Thread added: 0x0000023396ac09a0
Event: 31.506 Thread 0x0000023394fccbe0 Thread added: 0x0000023396ac3e20
Event: 31.506 Thread 0x0000023394fccbe0 Thread added: 0x0000023396ac1030
Event: 31.506 Thread 0x0000023394fccbe0 Thread added: 0x0000023396ac2a70
Event: 31.506 Thread 0x0000023394fccbe0 Thread added: 0x0000023396ac44b0
Event: 31.506 Thread 0x0000023394fccbe0 Thread added: 0x0000023396ac3790
Event: 31.506 Thread 0x0000023394fccbe0 Thread added: 0x0000023396ac4b40
Event: 31.506 Thread 0x0000023394fccbe0 Thread added: 0x0000023396ac16c0
Event: 31.507 Thread 0x0000023394fccbe0 Thread added: 0x0000023396ac6c10
Event: 31.507 Thread 0x0000023394fccbe0 Thread added: 0x0000023396ac5ef0
Event: 31.507 Thread 0x0000023396ac6c10 Thread added: 0x0000023396ac51d0
Event: 31.768 Thread 0x0000023394014a80 Thread added: 0x0000023394a2d740


Dynamic libraries:
0x00007ff7518a0000 - 0x00007ff7518ae000 	c:\Users\Admin\.vscode\extensions\redhat.java-1.43.1-win32-x64\jre\21.0.7-win32-x86_64\bin\java.exe
0x00007fffdda40000 - 0x00007fffddca3000 	C:\WINDOWS\SYSTEM32\ntdll.dll
0x00007fffdc390000 - 0x00007fffdc457000 	C:\WINDOWS\System32\KERNEL32.DLL
0x00007fffdb320000 - 0x00007fffdb6e9000 	C:\WINDOWS\System32\KERNELBASE.dll
0x00007fffdaee0000 - 0x00007fffdb02c000 	C:\WINDOWS\System32\ucrtbase.dll
0x00007fff9c270000 - 0x00007fff9c288000 	c:\Users\Admin\.vscode\extensions\redhat.java-1.43.1-win32-x64\jre\21.0.7-win32-x86_64\bin\jli.dll
0x00007fffdc460000 - 0x00007fffdc62a000 	C:\WINDOWS\System32\USER32.dll
0x00007fffdac40000 - 0x00007fffdac67000 	C:\WINDOWS\System32\win32u.dll
0x00007fff9c250000 - 0x00007fff9c26e000 	c:\Users\Admin\.vscode\extensions\redhat.java-1.43.1-win32-x64\jre\21.0.7-win32-x86_64\bin\VCRUNTIME140.dll
0x00007fffdbdf0000 - 0x00007fffdbe1a000 	C:\WINDOWS\System32\GDI32.dll
0x00007fffdada0000 - 0x00007fffdaed1000 	C:\WINDOWS\System32\gdi32full.dll
0x00007fffdb030000 - 0x00007fffdb0d3000 	C:\WINDOWS\System32\msvcp_win.dll
0x00007fffc58b0000 - 0x00007fffc5b40000 	C:\WINDOWS\WinSxS\amd64_microsoft.windows.common-controls_6595b64144ccf1df_6.0.26100.3323_none_3e088096e3344490\COMCTL32.dll
0x00007fffdcb80000 - 0x00007fffdcc29000 	C:\WINDOWS\System32\msvcrt.dll
0x00007fffdd9c0000 - 0x00007fffdd9ef000 	C:\WINDOWS\System32\IMM32.DLL
0x00007fffd2ab0000 - 0x00007fffd2abc000 	c:\Users\Admin\.vscode\extensions\redhat.java-1.43.1-win32-x64\jre\21.0.7-win32-x86_64\bin\vcruntime140_1.dll
0x00007fff31500000 - 0x00007fff3158d000 	c:\Users\Admin\.vscode\extensions\redhat.java-1.43.1-win32-x64\jre\21.0.7-win32-x86_64\bin\msvcp140.dll
0x00007fff2f780000 - 0x00007fff30510000 	c:\Users\Admin\.vscode\extensions\redhat.java-1.43.1-win32-x64\jre\21.0.7-win32-x86_64\bin\server\jvm.dll
0x00007fffdd160000 - 0x00007fffdd212000 	C:\WINDOWS\System32\ADVAPI32.dll
0x00007fffdb860000 - 0x00007fffdb906000 	C:\WINDOWS\System32\sechost.dll
0x00007fffdd040000 - 0x00007fffdd156000 	C:\WINDOWS\System32\RPCRT4.dll
0x00007fffdc310000 - 0x00007fffdc384000 	C:\WINDOWS\System32\WS2_32.dll
0x00007fffdaad0000 - 0x00007fffdab1e000 	C:\WINDOWS\SYSTEM32\POWRPROF.dll
0x00007fffd2130000 - 0x00007fffd213b000 	C:\WINDOWS\SYSTEM32\VERSION.dll
0x00007fffd20f0000 - 0x00007fffd2126000 	C:\WINDOWS\SYSTEM32\WINMM.dll
0x00007fffdaaa0000 - 0x00007fffdaab4000 	C:\WINDOWS\SYSTEM32\UMPDC.dll
0x00007fffd9a20000 - 0x00007fffd9a3a000 	C:\WINDOWS\SYSTEM32\kernel.appcore.dll
0x00007fffc0130000 - 0x00007fffc013a000 	c:\Users\Admin\.vscode\extensions\redhat.java-1.43.1-win32-x64\jre\21.0.7-win32-x86_64\bin\jimage.dll
0x00007fffcdec0000 - 0x00007fffce101000 	C:\WINDOWS\SYSTEM32\DBGHELP.DLL
0x00007fffdc730000 - 0x00007fffdcab2000 	C:\WINDOWS\System32\combase.dll
0x00007fffdbfc0000 - 0x00007fffdc096000 	C:\WINDOWS\System32\OLEAUT32.dll
0x00007fffca700000 - 0x00007fffca739000 	C:\WINDOWS\SYSTEM32\dbgcore.DLL
0x00007fffdac70000 - 0x00007fffdad09000 	C:\WINDOWS\System32\bcryptPrimitives.dll
0x00007fffaa3f0000 - 0x00007fffaa3ff000 	c:\Users\Admin\.vscode\extensions\redhat.java-1.43.1-win32-x64\jre\21.0.7-win32-x86_64\bin\instrument.dll
0x00007fff9c140000 - 0x00007fff9c15f000 	c:\Users\Admin\.vscode\extensions\redhat.java-1.43.1-win32-x64\jre\21.0.7-win32-x86_64\bin\java.dll
0x00007fffdd2a0000 - 0x00007fffdd9b5000 	C:\WINDOWS\System32\SHELL32.dll
0x00007fffdb6f0000 - 0x00007fffdb858000 	C:\WINDOWS\System32\wintypes.dll
0x00007fffd8900000 - 0x00007fffd9145000 	C:\WINDOWS\SYSTEM32\windows.storage.dll
0x00007fffdc1a0000 - 0x00007fffdc28b000 	C:\WINDOWS\System32\SHCORE.dll
0x00007fffdcac0000 - 0x00007fffdcb1d000 	C:\WINDOWS\System32\shlwapi.dll
0x00007fffdab50000 - 0x00007fffdab7f000 	C:\WINDOWS\SYSTEM32\profapi.dll
0x00007fff3f110000 - 0x00007fff3f128000 	c:\Users\Admin\.vscode\extensions\redhat.java-1.43.1-win32-x64\jre\21.0.7-win32-x86_64\bin\zip.dll
0x00007fffa7d00000 - 0x00007fffa7d10000 	C:\Users\Admin\.vscode\extensions\redhat.java-1.43.1-win32-x64\jre\21.0.7-win32-x86_64\bin\net.dll
0x00007fffd2d70000 - 0x00007fffd2e8e000 	C:\WINDOWS\SYSTEM32\WINHTTP.dll
0x00007fffd9f20000 - 0x00007fffd9f8a000 	C:\WINDOWS\system32\mswsock.dll
0x00007fff3cf00000 - 0x00007fff3cf16000 	C:\Users\Admin\.vscode\extensions\redhat.java-1.43.1-win32-x64\jre\21.0.7-win32-x86_64\bin\nio.dll
0x00007fffa4340000 - 0x00007fffa4350000 	c:\Users\Admin\.vscode\extensions\redhat.java-1.43.1-win32-x64\jre\21.0.7-win32-x86_64\bin\verify.dll
0x00007fffaa400000 - 0x00007fffaa445000 	C:\Users\Admin\AppData\Roaming\Code\User\globalStorage\redhat.java\1.43.1\config_win\org.eclipse.equinox.launcher\org.eclipse.equinox.launcher.win32.win32.x86_64_1.2.1300.v20250331-1702\eclipse_11911.dll
0x00007fffdbe20000 - 0x00007fffdbfb5000 	C:\WINDOWS\System32\ole32.dll
0x00007fffda2d0000 - 0x00007fffda2ec000 	C:\WINDOWS\SYSTEM32\CRYPTSP.dll
0x00007fffd9980000 - 0x00007fffd99ba000 	C:\WINDOWS\system32\rsaenh.dll
0x00007fffd9fc0000 - 0x00007fffd9feb000 	C:\WINDOWS\SYSTEM32\USERENV.dll
0x00007fffda460000 - 0x00007fffda486000 	C:\WINDOWS\SYSTEM32\bcrypt.dll
0x00007fffda150000 - 0x00007fffda15c000 	C:\WINDOWS\SYSTEM32\CRYPTBASE.dll
0x00007fffd9440000 - 0x00007fffd9473000 	C:\WINDOWS\SYSTEM32\IPHLPAPI.DLL
0x00007fffdc100000 - 0x00007fffdc10a000 	C:\WINDOWS\System32\NSI.dll
0x00007fffb52d0000 - 0x00007fffb5319000 	C:\Users\Admin\AppData\Local\Temp\jna-63116079\jna10837260886596780832.dll
0x00007fffdc0c0000 - 0x00007fffdc0c8000 	C:\WINDOWS\System32\PSAPI.DLL
0x00007fffd2960000 - 0x00007fffd297f000 	C:\WINDOWS\SYSTEM32\dhcpcsvc6.DLL
0x00007fffd2300000 - 0x00007fffd2325000 	C:\WINDOWS\SYSTEM32\dhcpcsvc.DLL
0x00007fff386f0000 - 0x00007fff386fe000 	C:\Users\Admin\.vscode\extensions\redhat.java-1.43.1-win32-x64\jre\21.0.7-win32-x86_64\bin\sunmscapi.dll
0x00007fffdb0e0000 - 0x00007fffdb257000 	C:\WINDOWS\System32\CRYPT32.dll
0x00007fffda420000 - 0x00007fffda450000 	C:\WINDOWS\SYSTEM32\ncrypt.dll
0x00007fffda3d0000 - 0x00007fffda40f000 	C:\WINDOWS\SYSTEM32\NTASN1.dll
0x00007fffd94d0000 - 0x00007fffd95f5000 	C:\WINDOWS\SYSTEM32\DNSAPI.dll
0x00007fffd3640000 - 0x00007fffd364b000 	C:\Windows\System32\rasadhlp.dll
0x00007fffcfa60000 - 0x00007fffcfae5000 	C:\WINDOWS\System32\fwpuclnt.dll
0x00007fff37680000 - 0x00007fff37689000 	C:\Users\Admin\.vscode\extensions\redhat.java-1.43.1-win32-x64\jre\21.0.7-win32-x86_64\bin\extnet.dll

dbghelp: loaded successfully - version: 4.0.5 - missing functions: none
symbol engine: initialized successfully - sym options: 0x614 - pdb path: .;c:\Users\Admin\.vscode\extensions\redhat.java-1.43.1-win32-x64\jre\21.0.7-win32-x86_64\bin;C:\WINDOWS\SYSTEM32;C:\WINDOWS\WinSxS\amd64_microsoft.windows.common-controls_6595b64144ccf1df_6.0.26100.3323_none_3e088096e3344490;c:\Users\Admin\.vscode\extensions\redhat.java-1.43.1-win32-x64\jre\21.0.7-win32-x86_64\bin\server;C:\Users\Admin\AppData\Roaming\Code\User\globalStorage\redhat.java\1.43.1\config_win\org.eclipse.equinox.launcher\org.eclipse.equinox.launcher.win32.win32.x86_64_1.2.1300.v20250331-1702;C:\Users\Admin\AppData\Local\Temp\jna-63116079

VM Arguments:
jvm_args: --add-modules=ALL-SYSTEM --add-opens=java.base/java.util=ALL-UNNAMED --add-opens=java.base/java.lang=ALL-UNNAMED --add-opens=java.base/sun.nio.fs=ALL-UNNAMED -Declipse.application=org.eclipse.jdt.ls.core.id1 -Dosgi.bundles.defaultStartLevel=4 -Declipse.product=org.eclipse.jdt.ls.core.product -Djava.import.generatesMetadataFilesAtProjectRoot=false -DDetectVMInstallationsJob.disabled=true -Dfile.encoding=utf8 -XX:+UseParallelGC -XX:GCTimeRatio=4 -XX:AdaptiveSizePolicyWeight=90 -Dsun.zip.disableMemoryMapping=true -Xmx2G -Xms100m -Xlog:disable -javaagent:c:\Users\Admin\.vscode\extensions\redhat.java-1.43.1-win32-x64\lombok\lombok-1.18.39-4050.jar -XX:+HeapDumpOnOutOfMemoryError -XX:HeapDumpPath=c:\Users\Admin\AppData\Roaming\Code\User\workspaceStorage\91bfc2bb926e85cacc8896de9206306c\redhat.java -Daether.dependencyCollector.impl=bf 
java_command: c:\Users\Admin\.vscode\extensions\redhat.java-1.43.1-win32-x64\server\plugins\org.eclipse.equinox.launcher_1.7.0.v20250519-0528.jar -configuration c:\Users\Admin\AppData\Roaming\Code\User\globalStorage\redhat.java\1.43.1\config_win -data c:\Users\Admin\AppData\Roaming\Code\User\workspaceStorage\91bfc2bb926e85cacc8896de9206306c\redhat.java\jdt_ws --pipe=\\.\pipe\lsp-bf4bfef87beb5ad2b324aa74e7bfa87c-sock
java_class_path (initial): c:\Users\Admin\.vscode\extensions\redhat.java-1.43.1-win32-x64\server\plugins\org.eclipse.equinox.launcher_1.7.0.v20250519-0528.jar
Launcher Type: SUN_STANDARD

[Global flags]
    uintx AdaptiveSizePolicyWeight                 = 90                                        {product} {command line}
     intx CICompilerCount                          = 4                                         {product} {ergonomic}
    uintx GCTimeRatio                              = 4                                         {product} {command line}
     bool HeapDumpOnOutOfMemoryError               = true                                   {manageable} {command line}
    ccstr HeapDumpPath                             = c:\Users\Admin\AppData\Roaming\Code\User\workspaceStorage\91bfc2bb926e85cacc8896de9206306c\redhat.java         {manageable} {command line}
   size_t InitialHeapSize                          = 104857600                                 {product} {command line}
   size_t MaxHeapSize                              = 2147483648                                {product} {command line}
   size_t MaxNewSize                               = 715653120                                 {product} {ergonomic}
   size_t MinHeapDeltaBytes                        = 524288                                    {product} {ergonomic}
   size_t MinHeapSize                              = 104857600                                 {product} {command line}
   size_t NewSize                                  = 34603008                                  {product} {ergonomic}
    uintx NonNMethodCodeHeapSize                   = 5839372                                {pd product} {ergonomic}
    uintx NonProfiledCodeHeapSize                  = 122909434                              {pd product} {ergonomic}
   size_t OldSize                                  = 70254592                                  {product} {ergonomic}
    uintx ProfiledCodeHeapSize                     = 122909434                              {pd product} {ergonomic}
    uintx ReservedCodeCacheSize                    = 251658240                              {pd product} {ergonomic}
     bool SegmentedCodeCache                       = true                                      {product} {ergonomic}
   size_t SoftMaxHeapSize                          = 2147483648                             {manageable} {ergonomic}
     bool UseCompressedOops                        = true                           {product lp64_product} {ergonomic}
     bool UseLargePagesIndividualAllocation        = false                                  {pd product} {ergonomic}
     bool UseParallelGC                            = true                                      {product} {command line}

Logging:
Log output configuration:
 #0: stdout all=off uptime,level,tags foldmultilines=false
 #1: stderr all=off uptime,level,tags foldmultilines=false

Environment Variables:
JAVA_HOME=C:\Program Files\Java\jdk-17
PATH=C:\Program Files\Java\jdk-17\bin;C:\Program Files\Java\jdk-21\bin;C:\Users\Admin\Downloads\kafka-3.9.0-src\kafka-3.9.0-src\bin;C:\Users\Admin\Downloads\gradle-8.11-bin\gradle-8.11\bin;D:\JDk\jdk1.8.0_281\bin;C:\Program Files\Common Files\Oracle\Java\javapath;C:\Program Files (x86)\Common Files\Oracle\Java\javapath;C:\WINDOWS\system32;C:\WINDOWS;C:\WINDOWS\System32\Wbem;C:\WINDOWS\System32\WindowsPowerShell\v1.0\;C:\WINDOWS\System32\OpenSSH\;C:\Program Files\nodejs\;C:\Program Files\Java\jdk-17\\bin;C:\Program Files\Git\cmd;C:\Program Files\PuTTY\;C:\Users\Admin\Desktop\mvn\apache-maven-3.9.4-bin\apache-maven-3.9.4\bin;C:\Program Files\Docker\Docker\resources\bin;C:\Users\Admin\Downloads\New folder (19)\strawberry-perl-5.40.0.1-64bit-portable\perl\bin;C:\Program Files\Maven\apache-maven-3.9.9-bin\apache-maven-3.9.9\bin;C:\Program Files\Java\jdk-17\bin;C:\Program Files\Java\jdk-21\bin;C:\Users\Admin\Downloads\kafka-3.9.0-src\kafka-3.9.0-src\bin;C:\Users\Admin\Downloads\gradle-8.11-bin\gradle-8.11\bin;D:\JDk\jdk1.8.0_281\bin;C:\Users\Admin\AppData\Local\Microsoft\WindowsApps;C:\Users\Admin\AppData\Local\Programs\Microsoft VS Code\bin;C:\Users\Admin\AppData\Roaming\npm;C:\Program Files\JetBrains\IntelliJ IDEA 2024.1.2\bin;;C:\Program Files\PHP;C:\Users\Admin\AppData\Local\Programs\MiKTeX\miktex\bin\x64\;C:\Users\Admin\Downloads\New folder (19)\strawberry-perl-5.40.0.1-64bit-portable\perl\bin;C:\Program Files\Maven\apache-maven-3.9.9-bin\apache-maven-3.9.9\bin;
USERNAME=Admin
OS=Windows_NT
PROCESSOR_IDENTIFIER=AMD64 Family 23 Model 104 Stepping 1, AuthenticAMD
TMP=C:\Users\Admin\AppData\Local\Temp
TEMP=C:\Users\Admin\AppData\Local\Temp




Periodic native trim disabled

---------------  S Y S T E M  ---------------

OS:
 Windows 11 , 64 bit Build 26100 (10.0.26100.3323)
OS uptime: 0 days 6:37 hours
Hyper-V role detected

CPU: total 12 (initial active 12) (12 cores per cpu, 2 threads per core) family 23 model 104 stepping 1 microcode 0x8608103, cx8, cmov, fxsr, ht, mmx, 3dnowpref, sse, sse2, sse3, ssse3, sse4a, sse4.1, sse4.2, popcnt, lzcnt, tsc, tscinvbit, avx, avx2, aes, clmul, bmi1, bmi2, adx, sha, fma, vzeroupper, clflush, clflushopt, hv, rdtscp, rdpid, f16c
Processor Information for the first 12 processors :
  Max Mhz: 2100, Current Mhz: 2100, Mhz Limit: 2100

Memory: 4k page, system-wide physical 6005M (730M free)
TotalPageFile size 24437M (AvailPageFile size 38M)
current process WorkingSet (physical memory assigned to process): 245M, peak: 257M
current process commit charge ("private bytes"): 362M, peak: 375M

vm_info: OpenJDK 64-Bit Server VM (21.0.7+6-LTS) for windows-amd64 JRE (21.0.7+6-LTS), built on 2025-04-15T00:00:00Z by "admin" with MS VC++ 17.7 (VS2022)

END.
