#
# There is insufficient memory for the Java Runtime Environment to continue.
# Native memory allocation (malloc) failed to allocate 1216416 bytes. Error detail: Chunk::new
# Possible reasons:
#   The system is out of physical RAM or swap space
#   This process is running with CompressedOops enabled, and the Java Heap may be blocking the growth of the native heap
# Possible solutions:
#   Reduce memory load on the system
#   Increase physical memory or swap space
#   Check if swap backing store is full
#   Decrease Java heap size (-Xmx/-Xms)
#   Decrease number of Java threads
#   Decrease Java thread stack sizes (-Xss)
#   Set larger code cache with -XX:ReservedCodeCacheSize=
#   JVM is running with Unscaled Compressed Oops mode in which the Java heap is
#     placed in the first 4GB address space. The Java Heap base address is the
#     maximum limit for the native heap growth. Please use -XX:HeapBaseMinAddress
#     to set the Java Heap base and to place the Java Heap above 4GB virtual address.
# This output file may be truncated or incomplete.
#
#  Out of Memory Error (arena.cpp:168), pid=29648, tid=4940
#
# JRE version: OpenJDK Runtime Environment Temurin-21.0.7+6 (21.0.7+6) (build 21.0.7+6-LTS)
# Java VM: OpenJDK 64-Bit Server VM Temurin-21.0.7+6 (21.0.7+6-LTS, mixed mode, sharing, tiered, compressed oops, compressed class ptrs, parallel gc, windows-amd64)
# No core dump will be written. Minidumps are not enabled by default on client versions of Windows
#

---------------  S U M M A R Y ------------

Command Line: --add-modules=ALL-SYSTEM --add-opens=java.base/java.util=ALL-UNNAMED --add-opens=java.base/java.lang=ALL-UNNAMED --add-opens=java.base/sun.nio.fs=ALL-UNNAMED -Declipse.application=org.eclipse.jdt.ls.core.id1 -Dosgi.bundles.defaultStartLevel=4 -Declipse.product=org.eclipse.jdt.ls.core.product -Djava.import.generatesMetadataFilesAtProjectRoot=false -DDetectVMInstallationsJob.disabled=true -Dfile.encoding=utf8 -XX:+UseParallelGC -XX:GCTimeRatio=4 -XX:AdaptiveSizePolicyWeight=90 -Dsun.zip.disableMemoryMapping=true -Xmx2G -Xms100m -Xlog:disable -javaagent:c:\Users\Admin\.vscode\extensions\redhat.java-1.43.1-win32-x64\lombok\lombok-1.18.39-4050.jar -XX:+HeapDumpOnOutOfMemoryError -XX:HeapDumpPath=c:\Users\Admin\AppData\Roaming\Code\User\workspaceStorage\91bfc2bb926e85cacc8896de9206306c\redhat.java -Daether.dependencyCollector.impl=bf c:\Users\Admin\.vscode\extensions\redhat.java-1.43.1-win32-x64\server\plugins\org.eclipse.equinox.launcher_1.7.0.v20250519-0528.jar -configuration c:\Users\Admin\AppData\Roaming\Code\User\globalStorage\redhat.java\1.43.1\config_win -data c:\Users\Admin\AppData\Roaming\Code\User\workspaceStorage\91bfc2bb926e85cacc8896de9206306c\redhat.java\jdt_ws --pipe=\\.\pipe\lsp-e6702bd71c82f3d4f40cacd3a9a1cc84-sock

Host: AMD Ryzen 5 5500U with Radeon Graphics         , 12 cores, 5G,  Windows 11 , 64 bit Build 26100 (10.0.26100.3323)
Time: Thu Jul 10 12:05:57 2025 W. Central Africa Standard Time elapsed time: 275.337407 seconds (0d 0h 4m 35s)

---------------  T H R E A D  ---------------

Current thread (0x000001a17d7c3d40):  JavaThread "C2 CompilerThread0" daemon [_thread_in_native, id=4940, stack(0x0000006f74400000,0x0000006f74500000) (1024K)]


Current CompileTask:
C2:275338 18867   !   4       org.eclipse.jdt.internal.compiler.classfmt.ClassFileReader::<init> (2135 bytes)

Stack: [0x0000006f74400000,0x0000006f74500000]
Native frames: (J=compiled Java code, j=interpreted, Vv=VM code, C=native code)
V  [jvm.dll+0x6ce119]
V  [jvm.dll+0x8a84a1]
V  [jvm.dll+0x8aa9ce]
V  [jvm.dll+0x8ab0b3]
V  [jvm.dll+0x27f8a6]
V  [jvm.dll+0xc507d]
V  [jvm.dll+0xc55b3]
V  [jvm.dll+0x2f2c6d]
V  [jvm.dll+0x5f6bca]
V  [jvm.dll+0x250cb2]
V  [jvm.dll+0x25106f]
V  [jvm.dll+0x249934]
V  [jvm.dll+0x246fc4]
V  [jvm.dll+0x1c760e]
V  [jvm.dll+0x25695a]
V  [jvm.dll+0x254efa]
V  [jvm.dll+0x3f03f6]
V  [jvm.dll+0x851f6b]
V  [jvm.dll+0x6cc7dd]
C  [ucrtbase.dll+0x37b0]
C  [KERNEL32.DLL+0x2e8d7]
C  [ntdll.dll+0xbbf6c]


---------------  P R O C E S S  ---------------

Threads class SMR info:
_java_thread_list=0x000001a10dc2f7d0, length=76, elements={
0x000001a123e4d230, 0x000001a123dfe530, 0x000001a17d7b2470, 0x000001a17d7b6770,
0x000001a17d7b73c0, 0x000001a17d7b8dd0, 0x000001a17d7bc640, 0x000001a17d7c3d40,
0x000001a17d7c5590, 0x000001a17d7bccd0, 0x000001a17d7bd9f0, 0x000001a17d7bd360,
0x000001a17d7be080, 0x000001a17d7beda0, 0x000001a17d7bb920, 0x000001a17d7bbfb0,
0x000001a17eb72820, 0x000001a17eb73540, 0x000001a17eb74260, 0x000001a17eb72190,
0x000001a17eb769c0, 0x000001a17eb77050, 0x000001a17eb76330, 0x000001a17eb776e0,
0x000001a17eb77d70, 0x000001a17eb78400, 0x000001a17eb78a90, 0x000001a104e2afd0,
0x000001a104e2a2b0, 0x000001a104e27b50, 0x000001a104e28870, 0x000001a104e28f00,
0x000001a104e2b660, 0x000001a104e2a940, 0x000001a104e29590, 0x000001a104e29c20,
0x000001a104e2bcf0, 0x000001a104e2c380, 0x000001a104e2d0a0, 0x000001a104e2d730,
0x000001a104e2ddc0, 0x000001a104e2eae0, 0x000001a10da9cbe0, 0x000001a10da9e620,
0x000001a10da9d270, 0x000001a10da9bec0, 0x000001a10da9ecb0, 0x000001a10da9c550,
0x000001a10da9b830, 0x000001a10daa0060, 0x000001a10daa1aa0, 0x000001a10da9f340,
0x000001a10da9f9d0, 0x000001a10daa1410, 0x000001a10daa2130, 0x000001a10daa27c0,
0x000001a10d9b1920, 0x000001a10d9b2640, 0x000001a10d9b0570, 0x000001a10d9b0c00,
0x000001a10d9b1fb0, 0x000001a10d9b1290, 0x000001a10d9af850, 0x000001a10d9afee0,
0x000001a10d99f810, 0x000001a10d9a18e0, 0x000001a10d9a0530, 0x000001a10d9a5a80,
0x000001a10d9a6110, 0x000001a10d9a67a0, 0x000001a10d9a4d60, 0x000001a10d9a53f0,
0x000001a10f2cb750, 0x000001a10f2cbde0, 0x000001a10f2d0610, 0x000001a10f2ce540
}

Java Threads: ( => current thread )
  0x000001a123e4d230 JavaThread "main"                              [_thread_blocked, id=10184, stack(0x0000006f73a00000,0x0000006f73b00000) (1024K)]
  0x000001a123dfe530 JavaThread "Reference Handler"          daemon [_thread_blocked, id=26724, stack(0x0000006f73e00000,0x0000006f73f00000) (1024K)]
  0x000001a17d7b2470 JavaThread "Finalizer"                  daemon [_thread_blocked, id=31860, stack(0x0000006f73f00000,0x0000006f74000000) (1024K)]
  0x000001a17d7b6770 JavaThread "Signal Dispatcher"          daemon [_thread_blocked, id=29756, stack(0x0000006f74000000,0x0000006f74100000) (1024K)]
  0x000001a17d7b73c0 JavaThread "Attach Listener"            daemon [_thread_blocked, id=29744, stack(0x0000006f74100000,0x0000006f74200000) (1024K)]
  0x000001a17d7b8dd0 JavaThread "Service Thread"             daemon [_thread_blocked, id=16196, stack(0x0000006f74200000,0x0000006f74300000) (1024K)]
  0x000001a17d7bc640 JavaThread "Monitor Deflation Thread"   daemon [_thread_blocked, id=2112, stack(0x0000006f74300000,0x0000006f74400000) (1024K)]
=>0x000001a17d7c3d40 JavaThread "C2 CompilerThread0"         daemon [_thread_in_native, id=4940, stack(0x0000006f74400000,0x0000006f74500000) (1024K)]
  0x000001a17d7c5590 JavaThread "C1 CompilerThread0"         daemon [_thread_blocked, id=10212, stack(0x0000006f74500000,0x0000006f74600000) (1024K)]
  0x000001a17d7bccd0 JavaThread "Common-Cleaner"             daemon [_thread_blocked, id=2932, stack(0x0000006f74600000,0x0000006f74700000) (1024K)]
  0x000001a17d7bd9f0 JavaThread "Notification Thread"        daemon [_thread_blocked, id=11512, stack(0x0000006f74700000,0x0000006f74800000) (1024K)]
  0x000001a17d7bd360 JavaThread "Active Thread: Equinox Container: 6ef5e2cd-0f1e-46f9-80e3-84d5c6ad4a9b"        [_thread_blocked, id=28580, stack(0x0000006f74f00000,0x0000006f75000000) (1024K)]
  0x000001a17d7be080 JavaThread "Refresh Thread: Equinox Container: 6ef5e2cd-0f1e-46f9-80e3-84d5c6ad4a9b" daemon [_thread_blocked, id=30584, stack(0x0000006f75000000,0x0000006f75100000) (1024K)]
  0x000001a17d7beda0 JavaThread "Framework Event Dispatcher: Equinox Container: 6ef5e2cd-0f1e-46f9-80e3-84d5c6ad4a9b" daemon [_thread_blocked, id=9664, stack(0x0000006f75100000,0x0000006f75200000) (1024K)]
  0x000001a17d7bb920 JavaThread "Start Level: Equinox Container: 6ef5e2cd-0f1e-46f9-80e3-84d5c6ad4a9b" daemon [_thread_blocked, id=15228, stack(0x0000006f75200000,0x0000006f75300000) (1024K)]
  0x000001a17d7bbfb0 JavaThread "Bundle File Closer"         daemon [_thread_blocked, id=19604, stack(0x0000006f75600000,0x0000006f75700000) (1024K)]
  0x000001a17eb72820 JavaThread "SCR Component Actor"        daemon [_thread_blocked, id=4712, stack(0x0000006f75700000,0x0000006f75800000) (1024K)]
  0x000001a17eb73540 JavaThread "Worker-JM"                         [_thread_blocked, id=19236, stack(0x0000006f75900000,0x0000006f75a00000) (1024K)]
  0x000001a17eb74260 JavaThread "JNA Cleaner"                daemon [_thread_blocked, id=24344, stack(0x0000006f75500000,0x0000006f75600000) (1024K)]
  0x000001a17eb72190 JavaThread "Java indexing"              daemon [_thread_blocked, id=19224, stack(0x0000006f75d00000,0x0000006f75e00000) (1024K)]
  0x000001a17eb769c0 JavaThread "Worker-4"                          [_thread_blocked, id=12048, stack(0x0000006f75f00000,0x0000006f76000000) (1024K)]
  0x000001a17eb77050 JavaThread "Thread-2"                   daemon [_thread_in_native, id=13224, stack(0x0000006f76400000,0x0000006f76500000) (1024K)]
  0x000001a17eb76330 JavaThread "Thread-3"                   daemon [_thread_in_native, id=2008, stack(0x0000006f76500000,0x0000006f76600000) (1024K)]
  0x000001a17eb776e0 JavaThread "Thread-4"                   daemon [_thread_in_native, id=32100, stack(0x0000006f76600000,0x0000006f76700000) (1024K)]
  0x000001a17eb77d70 JavaThread "Thread-5"                   daemon [_thread_in_native, id=26916, stack(0x0000006f76700000,0x0000006f76800000) (1024K)]
  0x000001a17eb78400 JavaThread "Thread-6"                   daemon [_thread_in_native, id=2768, stack(0x0000006f76800000,0x0000006f76900000) (1024K)]
  0x000001a17eb78a90 JavaThread "Thread-7"                   daemon [_thread_in_native, id=5340, stack(0x0000006f76900000,0x0000006f76a00000) (1024K)]
  0x000001a104e2afd0 JavaThread "Thread-8"                   daemon [_thread_in_native, id=32724, stack(0x0000006f76a00000,0x0000006f76b00000) (1024K)]
  0x000001a104e2a2b0 JavaThread "Thread-9"                   daemon [_thread_in_native, id=27476, stack(0x0000006f76b00000,0x0000006f76c00000) (1024K)]
  0x000001a104e27b50 JavaThread "Thread-10"                  daemon [_thread_in_native, id=23956, stack(0x0000006f76c00000,0x0000006f76d00000) (1024K)]
  0x000001a104e28870 JavaThread "Thread-11"                  daemon [_thread_in_native, id=1832, stack(0x0000006f76d00000,0x0000006f76e00000) (1024K)]
  0x000001a104e28f00 JavaThread "Thread-12"                  daemon [_thread_in_native, id=14172, stack(0x0000006f76e00000,0x0000006f76f00000) (1024K)]
  0x000001a104e2b660 JavaThread "Thread-13"                  daemon [_thread_in_native, id=17992, stack(0x0000006f76f00000,0x0000006f77000000) (1024K)]
  0x000001a104e2a940 JavaThread "Thread-14"                  daemon [_thread_in_native, id=19664, stack(0x0000006f77000000,0x0000006f77100000) (1024K)]
  0x000001a104e29590 JavaThread "pool-2-thread-1"                   [_thread_blocked, id=9828, stack(0x0000006f77100000,0x0000006f77200000) (1024K)]
  0x000001a104e29c20 JavaThread "Worker-6"                          [_thread_blocked, id=10308, stack(0x0000006f77200000,0x0000006f77300000) (1024K)]
  0x000001a104e2bcf0 JavaThread "WorkspaceEventsHandler"            [_thread_blocked, id=22632, stack(0x0000006f77400000,0x0000006f77500000) (1024K)]
  0x000001a104e2c380 JavaThread "pool-1-thread-1"                   [_thread_blocked, id=17064, stack(0x0000006f77500000,0x0000006f77600000) (1024K)]
  0x000001a104e2d0a0 JavaThread "LocalFile Deleter"          daemon [_thread_blocked, id=27268, stack(0x0000006f77700000,0x0000006f77800000) (1024K)]
  0x000001a104e2d730 JavaThread "LocalFile Deleter"          daemon [_thread_blocked, id=25112, stack(0x0000006f77800000,0x0000006f77900000) (1024K)]
  0x000001a104e2ddc0 JavaThread "LocalFile Deleter"          daemon [_thread_blocked, id=18228, stack(0x0000006f77900000,0x0000006f77a00000) (1024K)]
  0x000001a104e2eae0 JavaThread "LocalFile Deleter"          daemon [_thread_blocked, id=16080, stack(0x0000006f77a00000,0x0000006f77b00000) (1024K)]
  0x000001a10da9cbe0 JavaThread "LocalFile Deleter"          daemon [_thread_blocked, id=1520, stack(0x0000006f77d00000,0x0000006f77e00000) (1024K)]
  0x000001a10da9e620 JavaThread "LocalFile Deleter"          daemon [_thread_blocked, id=24568, stack(0x0000006f77e00000,0x0000006f77f00000) (1024K)]
  0x000001a10da9d270 JavaThread "LocalFile Deleter"          daemon [_thread_blocked, id=7080, stack(0x0000006f77f00000,0x0000006f78000000) (1024K)]
  0x000001a10da9bec0 JavaThread "LocalFile Deleter"          daemon [_thread_blocked, id=13008, stack(0x0000006f78100000,0x0000006f78200000) (1024K)]
  0x000001a10da9ecb0 JavaThread "Compiler Source File Reader" daemon [_thread_blocked, id=26476, stack(0x0000006f78200000,0x0000006f78300000) (1024K)]
  0x000001a10da9c550 JavaThread "Compiler Source File Reader" daemon [_thread_blocked, id=10080, stack(0x0000006f78300000,0x0000006f78400000) (1024K)]
  0x000001a10da9b830 JavaThread "Compiler Source File Reader" daemon [_thread_blocked, id=4352, stack(0x0000006f78400000,0x0000006f78500000) (1024K)]
  0x000001a10daa0060 JavaThread "Compiler Source File Reader" daemon [_thread_blocked, id=27336, stack(0x0000006f78500000,0x0000006f78600000) (1024K)]
  0x000001a10daa1aa0 JavaThread "Compiler Source File Reader" daemon [_thread_blocked, id=12428, stack(0x0000006f78600000,0x0000006f78700000) (1024K)]
  0x000001a10da9f340 JavaThread "Compiler Source File Reader" daemon [_thread_blocked, id=30796, stack(0x0000006f78700000,0x0000006f78800000) (1024K)]
  0x000001a10da9f9d0 JavaThread "Compiler Source File Reader" daemon [_thread_blocked, id=26184, stack(0x0000006f78800000,0x0000006f78900000) (1024K)]
  0x000001a10daa1410 JavaThread "Compiler Source File Reader" daemon [_thread_blocked, id=6844, stack(0x0000006f78900000,0x0000006f78a00000) (1024K)]
  0x000001a10daa2130 JavaThread "Compiler Source File Reader" daemon [_thread_blocked, id=25540, stack(0x0000006f78a00000,0x0000006f78b00000) (1024K)]
  0x000001a10daa27c0 JavaThread "Compiler Source File Reader" daemon [_thread_blocked, id=31076, stack(0x0000006f78b00000,0x0000006f78c00000) (1024K)]
  0x000001a10d9b1920 JavaThread "Compiler Class File Writer" daemon [_thread_blocked, id=29348, stack(0x0000006f78d00000,0x0000006f78e00000) (1024K)]
  0x000001a10d9b2640 JavaThread "Compiler Class File Writer" daemon [_thread_blocked, id=12848, stack(0x0000006f78e00000,0x0000006f78f00000) (1024K)]
  0x000001a10d9b0570 JavaThread "Compiler Class File Writer" daemon [_thread_blocked, id=23952, stack(0x0000006f78f00000,0x0000006f79000000) (1024K)]
  0x000001a10d9b0c00 JavaThread "Compiler Class File Writer" daemon [_thread_blocked, id=31156, stack(0x0000006f79000000,0x0000006f79100000) (1024K)]
  0x000001a10d9b1fb0 JavaThread "Compiler Class File Writer" daemon [_thread_blocked, id=15560, stack(0x0000006f79100000,0x0000006f79200000) (1024K)]
  0x000001a10d9b1290 JavaThread "Compiler Class File Writer" daemon [_thread_blocked, id=31500, stack(0x0000006f79200000,0x0000006f79300000) (1024K)]
  0x000001a10d9af850 JavaThread "Compiler Class File Writer" daemon [_thread_blocked, id=23004, stack(0x0000006f79300000,0x0000006f79400000) (1024K)]
  0x000001a10d9afee0 JavaThread "Compiler Class File Writer" daemon [_thread_blocked, id=17344, stack(0x0000006f79400000,0x0000006f79500000) (1024K)]
  0x000001a10d99f810 JavaThread "Compiler Class File Writer" daemon [_thread_blocked, id=17292, stack(0x0000006f79500000,0x0000006f79600000) (1024K)]
  0x000001a10d9a18e0 JavaThread "Compiler Class File Writer" daemon [_thread_blocked, id=27928, stack(0x0000006f79600000,0x0000006f79700000) (1024K)]
  0x000001a10d9a0530 JavaThread "ForkJoinPool.commonPool-worker-2" daemon [_thread_blocked, id=1804, stack(0x0000006f73800000,0x0000006f73900000) (1024K)]
  0x000001a10d9a5a80 JavaThread "ForkJoinPool.commonPool-worker-4" daemon [_thread_blocked, id=5524, stack(0x0000006f75800000,0x0000006f75900000) (1024K)]
  0x000001a10d9a6110 JavaThread "ForkJoinPool.commonPool-worker-5" daemon [_thread_blocked, id=24820, stack(0x0000006f75a00000,0x0000006f75b00000) (1024K)]
  0x000001a10d9a67a0 JavaThread "ForkJoinPool.commonPool-worker-6" daemon [_thread_blocked, id=26876, stack(0x0000006f78c00000,0x0000006f78d00000) (1024K)]
  0x000001a10d9a4d60 JavaThread "ForkJoinPool.commonPool-worker-7" daemon [_thread_in_Java, id=27668, stack(0x0000006f79800000,0x0000006f79900000) (1024K)]
  0x000001a10d9a53f0 JavaThread "ForkJoinPool.commonPool-worker-8" daemon [_thread_blocked, id=8120, stack(0x0000006f79900000,0x0000006f79a00000) (1024K)]
  0x000001a10f2cb750 JavaThread "Cleaner-0"                  daemon [_thread_blocked, id=27188, stack(0x0000006f79700000,0x0000006f79800000) (1024K)]
  0x000001a10f2cbde0 JavaThread "ForkJoinPool.commonPool-worker-10" daemon [_thread_blocked, id=14108, stack(0x0000006f79a00000,0x0000006f79b00000) (1024K)]
  0x000001a10f2d0610 JavaThread "ForkJoinPool.commonPool-worker-9" daemon [_thread_blocked, id=27132, stack(0x0000006f79b00000,0x0000006f79c00000) (1024K)]
  0x000001a10f2ce540 JavaThread "ForkJoinPool.commonPool-worker-11" daemon [_thread_blocked, id=21812, stack(0x0000006f79c00000,0x0000006f79d00000) (1024K)]
Total: 76

Other Threads:
  0x000001a123f0e750 VMThread "VM Thread"                           [id=3044, stack(0x0000006f73d00000,0x0000006f73e00000) (1024K)]
  0x000001a123cdca00 WatcherThread "VM Periodic Task Thread"        [id=25664, stack(0x0000006f73c00000,0x0000006f73d00000) (1024K)]
  0x000001a123e6b580 WorkerThread "GC Thread#0"                     [id=21704, stack(0x0000006f73b00000,0x0000006f73c00000) (1024K)]
  0x000001a17deb1e50 WorkerThread "GC Thread#1"                     [id=31960, stack(0x0000006f74900000,0x0000006f74a00000) (1024K)]
  0x000001a17e078860 WorkerThread "GC Thread#2"                     [id=32264, stack(0x0000006f74a00000,0x0000006f74b00000) (1024K)]
  0x000001a17dbe1fd0 WorkerThread "GC Thread#3"                     [id=27908, stack(0x0000006f74b00000,0x0000006f74c00000) (1024K)]
  0x000001a17dbe2370 WorkerThread "GC Thread#4"                     [id=20960, stack(0x0000006f74c00000,0x0000006f74d00000) (1024K)]
  0x000001a17dbe2710 WorkerThread "GC Thread#5"                     [id=14132, stack(0x0000006f74d00000,0x0000006f74e00000) (1024K)]
  0x000001a17dbe2ab0 WorkerThread "GC Thread#6"                     [id=12644, stack(0x0000006f74e00000,0x0000006f74f00000) (1024K)]
  0x000001a17e23b7c0 WorkerThread "GC Thread#7"                     [id=14368, stack(0x0000006f74800000,0x0000006f74900000) (1024K)]
  0x000001a17e5b1ef0 WorkerThread "GC Thread#8"                     [id=26956, stack(0x0000006f75300000,0x0000006f75400000) (1024K)]
  0x000001a17ea627e0 WorkerThread "GC Thread#9"                     [id=29360, stack(0x0000006f75400000,0x0000006f75500000) (1024K)]
Total: 12

Threads with active compile tasks:
C2 CompilerThread0  275488 18867   !   4       org.eclipse.jdt.internal.compiler.classfmt.ClassFileReader::<init> (2135 bytes)
Total: 1

VM state: not at safepoint (normal execution)

VM Mutex/Monitor currently owned by a thread: None

Heap address: 0x0000000080000000, size: 2048 MB, Compressed Oops mode: 32-bit

CDS archive(s) mapped at: [0x000001a13b000000-0x000001a13bba0000-0x000001a13bba0000), size 12189696, SharedBaseAddress: 0x000001a13b000000, ArchiveRelocationMode: 1.
Compressed class space mapped at: 0x000001a13c000000-0x000001a17c000000, reserved size: 1073741824
Narrow klass base: 0x000001a13b000000, Narrow klass shift: 0, Narrow klass range: 0x100000000

GC Precious Log:
 CardTable entry size: 512
 CPUs: 12 total, 12 available
 Memory: 6005M
 Large Page Support: Disabled
 NUMA Support: Disabled
 Compressed Oops: Enabled (32-bit)
 Alignments: Space 512K, Generation 512K, Heap 2M
 Heap Min Capacity: 100M
 Heap Initial Capacity: 100M
 Heap Max Capacity: 2G
 Pre-touch: Disabled
 Parallel Workers: 10

Heap:
 PSYoungGen      total 5120K, used 3934K [0x00000000d5580000, 0x00000000d5c00000, 0x0000000100000000)
  eden space 4608K, 75% used [0x00000000d5580000,0x00000000d58e38e0,0x00000000d5a00000)
  from space 512K, 90% used [0x00000000d5b80000,0x00000000d5bf4010,0x00000000d5c00000)
  to   space 512K, 0% used [0x00000000d5b00000,0x00000000d5b00000,0x00000000d5b80000)
 ParOldGen       total 480256K, used 480167K [0x0000000080000000, 0x000000009d500000, 0x00000000d5580000)
  object space 480256K, 99% used [0x0000000080000000,0x000000009d4e9f78,0x000000009d500000)
 Metaspace       used 79075K, committed 80704K, reserved 1179648K
  class space    used 7887K, committed 8640K, reserved 1048576K

Card table byte_map: [0x000001a1237f0000,0x000001a123c00000] _byte_map_base: 0x000001a1233f0000

Marking Bits: (ParMarkBitMap*) 0x00007ffd9abf31f0
 Begin Bits: [0x000001a1362f0000, 0x000001a1382f0000)
 End Bits:   [0x000001a1382f0000, 0x000001a13a2f0000)

Polling page: 0x000001a121ca0000

Metaspace:

Usage:
  Non-class:     69.52 MB used.
      Class:      7.70 MB used.
       Both:     77.22 MB used.

Virtual space:
  Non-class space:      128.00 MB reserved,      70.38 MB ( 55%) committed,  2 nodes.
      Class space:        1.00 GB reserved,       8.44 MB ( <1%) committed,  1 nodes.
             Both:        1.12 GB reserved,      78.81 MB (  7%) committed. 

Chunk freelists:
   Non-Class:  9.45 MB
       Class:  7.52 MB
        Both:  16.97 MB

MaxMetaspaceSize: unlimited
CompressedClassSpaceSize: 1.00 GB
Initial GC threshold: 21.00 MB
Current GC threshold: 117.50 MB
CDS: on
 - commit_granule_bytes: 65536.
 - commit_granule_words: 8192.
 - virtual_space_node_default_size: 8388608.
 - enlarge_chunks_in_place: 1.
 - use_allocation_guard: 0.


Internal statistics:

num_allocs_failed_limit: 9.
num_arena_births: 1536.
num_arena_deaths: 22.
num_vsnodes_births: 3.
num_vsnodes_deaths: 0.
num_space_committed: 1261.
num_space_uncommitted: 0.
num_chunks_returned_to_freelist: 35.
num_chunks_taken_from_freelist: 5373.
num_chunk_merges: 17.
num_chunk_splits: 3177.
num_chunks_enlarged: 1625.
num_inconsistent_stats: 0.

CodeHeap 'non-profiled nmethods': size=120000Kb used=10991Kb max_used=10991Kb free=109008Kb
 bounds [0x000001a12eb10000, 0x000001a12f5d0000, 0x000001a136040000]
CodeHeap 'profiled nmethods': size=120000Kb used=40955Kb max_used=40955Kb free=79045Kb
 bounds [0x000001a127040000, 0x000001a129840000, 0x000001a12e570000]
CodeHeap 'non-nmethods': size=5760Kb used=1518Kb max_used=1629Kb free=4241Kb
 bounds [0x000001a12e570000, 0x000001a12e7e0000, 0x000001a12eb10000]
 total_blobs=18129 nmethods=17293 adapters=740
 compilation: enabled
              stopped_count=0, restarted_count=0
 full_count=0

Compilation events (20 events):
Event: 273.620 Thread 0x000001a17d7c5590 nmethod 18902 0x000001a129823b90 code [0x000001a129823f00, 0x000001a129825fa0]
Event: 273.620 Thread 0x000001a17d7c5590 18905       3       java.lang.StringUTF16::getChars (42 bytes)
Event: 273.621 Thread 0x000001a17d7c5590 nmethod 18905 0x000001a129826990 code [0x000001a129826b80, 0x000001a129826fe8]
Event: 273.621 Thread 0x000001a17d7c5590 18903       3       java.nio.file.Path::of (119 bytes)
Event: 273.637 Thread 0x000001a17d7c5590 nmethod 18903 0x000001a129827290 code [0x000001a129827600, 0x000001a1298287e8]
Event: 273.741 Thread 0x000001a17d7c5590 18906       3       org.eclipse.jdt.ls.core.internal.filesystem.JLSFileSystem::getStore (26 bytes)
Event: 273.756 Thread 0x000001a17d7c5590 nmethod 18906 0x000001a129828e10 code [0x000001a129829080, 0x000001a1298297e8]
Event: 273.822 Thread 0x000001a17d7c5590 18908       2       org.eclipse.jdt.ls.core.internal.semantictokens.SemanticTokensVisitor::addToken (8 bytes)
Event: 273.825 Thread 0x000001a17d7c5590 nmethod 18908 0x000001a129829b10 code [0x000001a129829cc0, 0x000001a129829de8]
Event: 273.825 Thread 0x000001a17d7c5590 18909  s!   3       org.eclipse.jdt.core.dom.DefaultBindingResolver::resolveName (1735 bytes)
Event: 274.123 Thread 0x000001a17d7c5590 nmethod 18909 0x000001a129829e90 code [0x000001a12982ad80, 0x000001a129836de0]
Event: 274.124 Thread 0x000001a17d7c5590 18910       3       org.eclipse.jdt.internal.compiler.lookup.ReferenceBinding::isClass (15 bytes)
Event: 274.125 Thread 0x000001a17d7c5590 nmethod 18910 0x000001a129839110 code [0x000001a1298392c0, 0x000001a129839438]
Event: 274.125 Thread 0x000001a17d7c5590 18911       2       org.eclipse.jdt.ls.core.internal.semantictokens.SemanticTokensVisitor::visitSimpleNamesOfName (62 bytes)
Event: 274.129 Thread 0x000001a17d7c5590 nmethod 18911 0x000001a129839510 code [0x000001a129839720, 0x000001a129839a78]
Event: 274.394 Thread 0x000001a17d7c5590 18914       2       org.eclipse.jdt.ls.core.internal.semantictokens.SemanticTokensVisitor::castNodeList (2 bytes)
Event: 274.395 Thread 0x000001a17d7c5590 nmethod 18914 0x000001a129839c10 code [0x000001a129839da0, 0x000001a129839ea8]
Event: 274.397 Thread 0x000001a17d7c5590 18915       2       org.eclipse.jdt.core.dom.TypeBinding::getModifiers (184 bytes)
Event: 274.401 Thread 0x000001a17d7c5590 nmethod 18915 0x000001a129839f10 code [0x000001a12983a160, 0x000001a12983a770]
Event: 274.416 Thread 0x000001a17d7c5590 18916       2       org.eclipse.jdt.core.dom.TypeBinding::isDeprecated (36 bytes)

GC Heap History (20 events):
Event: 144.602 GC heap before
{Heap before GC invocations=1739 (full 4):
 PSYoungGen      total 6656K, used 6176K [0x00000000d5580000, 0x00000000d5d00000, 0x0000000100000000)
  eden space 5632K, 100% used [0x00000000d5580000,0x00000000d5b00000,0x00000000d5b00000)
  from space 1024K, 53% used [0x00000000d5c00000,0x00000000d5c88020,0x00000000d5d00000)
  to   space 1024K, 0% used [0x00000000d5b00000,0x00000000d5b00000,0x00000000d5c00000)
 ParOldGen       total 476672K, used 476474K [0x0000000080000000, 0x000000009d180000, 0x00000000d5580000)
  object space 476672K, 99% used [0x0000000080000000,0x000000009d14e898,0x000000009d180000)
 Metaspace       used 78740K, committed 80384K, reserved 1179648K
  class space    used 7875K, committed 8640K, reserved 1048576K
}
Event: 144.607 GC heap after
{Heap after GC invocations=1739 (full 4):
 PSYoungGen      total 6656K, used 608K [0x00000000d5580000, 0x00000000d5d00000, 0x0000000100000000)
  eden space 5632K, 0% used [0x00000000d5580000,0x00000000d5580000,0x00000000d5b00000)
  from space 1024K, 59% used [0x00000000d5b00000,0x00000000d5b98020,0x00000000d5c00000)
  to   space 1024K, 0% used [0x00000000d5c00000,0x00000000d5c00000,0x00000000d5d00000)
 ParOldGen       total 477184K, used 476810K [0x0000000080000000, 0x000000009d200000, 0x00000000d5580000)
  object space 477184K, 99% used [0x0000000080000000,0x000000009d1a28b8,0x000000009d200000)
 Metaspace       used 78740K, committed 80384K, reserved 1179648K
  class space    used 7875K, committed 8640K, reserved 1048576K
}
Event: 144.648 GC heap before
{Heap before GC invocations=1740 (full 4):
 PSYoungGen      total 6656K, used 6240K [0x00000000d5580000, 0x00000000d5d00000, 0x0000000100000000)
  eden space 5632K, 100% used [0x00000000d5580000,0x00000000d5b00000,0x00000000d5b00000)
  from space 1024K, 59% used [0x00000000d5b00000,0x00000000d5b98020,0x00000000d5c00000)
  to   space 1024K, 0% used [0x00000000d5c00000,0x00000000d5c00000,0x00000000d5d00000)
 ParOldGen       total 477184K, used 476810K [0x0000000080000000, 0x000000009d200000, 0x00000000d5580000)
  object space 477184K, 99% used [0x0000000080000000,0x000000009d1a28b8,0x000000009d200000)
 Metaspace       used 78740K, committed 80384K, reserved 1179648K
  class space    used 7875K, committed 8640K, reserved 1048576K
}
Event: 144.654 GC heap after
{Heap after GC invocations=1740 (full 4):
 PSYoungGen      total 6656K, used 672K [0x00000000d5580000, 0x00000000d5d00000, 0x0000000100000000)
  eden space 5632K, 0% used [0x00000000d5580000,0x00000000d5580000,0x00000000d5b00000)
  from space 1024K, 65% used [0x00000000d5c00000,0x00000000d5ca8000,0x00000000d5d00000)
  to   space 1024K, 0% used [0x00000000d5b00000,0x00000000d5b00000,0x00000000d5c00000)
 ParOldGen       total 477696K, used 477290K [0x0000000080000000, 0x000000009d280000, 0x00000000d5580000)
  object space 477696K, 99% used [0x0000000080000000,0x000000009d21a8d8,0x000000009d280000)
 Metaspace       used 78740K, committed 80384K, reserved 1179648K
  class space    used 7875K, committed 8640K, reserved 1048576K
}
Event: 144.690 GC heap before
{Heap before GC invocations=1741 (full 4):
 PSYoungGen      total 6656K, used 6304K [0x00000000d5580000, 0x00000000d5d00000, 0x0000000100000000)
  eden space 5632K, 100% used [0x00000000d5580000,0x00000000d5b00000,0x00000000d5b00000)
  from space 1024K, 65% used [0x00000000d5c00000,0x00000000d5ca8000,0x00000000d5d00000)
  to   space 1024K, 0% used [0x00000000d5b00000,0x00000000d5b00000,0x00000000d5c00000)
 ParOldGen       total 477696K, used 477290K [0x0000000080000000, 0x000000009d280000, 0x00000000d5580000)
  object space 477696K, 99% used [0x0000000080000000,0x000000009d21a8d8,0x000000009d280000)
 Metaspace       used 78740K, committed 80384K, reserved 1179648K
  class space    used 7875K, committed 8640K, reserved 1048576K
}
Event: 144.696 GC heap after
{Heap after GC invocations=1741 (full 4):
 PSYoungGen      total 6656K, used 816K [0x00000000d5580000, 0x00000000d5d00000, 0x0000000100000000)
  eden space 5632K, 0% used [0x00000000d5580000,0x00000000d5580000,0x00000000d5b00000)
  from space 1024K, 79% used [0x00000000d5b00000,0x00000000d5bcc010,0x00000000d5c00000)
  to   space 1024K, 0% used [0x00000000d5c00000,0x00000000d5c00000,0x00000000d5d00000)
 ParOldGen       total 478208K, used 477714K [0x0000000080000000, 0x000000009d300000, 0x00000000d5580000)
  object space 478208K, 99% used [0x0000000080000000,0x000000009d2848d8,0x000000009d300000)
 Metaspace       used 78740K, committed 80384K, reserved 1179648K
  class space    used 7875K, committed 8640K, reserved 1048576K
}
Event: 145.805 GC heap before
{Heap before GC invocations=1742 (full 4):
 PSYoungGen      total 6656K, used 6448K [0x00000000d5580000, 0x00000000d5d00000, 0x0000000100000000)
  eden space 5632K, 100% used [0x00000000d5580000,0x00000000d5b00000,0x00000000d5b00000)
  from space 1024K, 79% used [0x00000000d5b00000,0x00000000d5bcc010,0x00000000d5c00000)
  to   space 1024K, 0% used [0x00000000d5c00000,0x00000000d5c00000,0x00000000d5d00000)
 ParOldGen       total 478208K, used 477714K [0x0000000080000000, 0x000000009d300000, 0x00000000d5580000)
  object space 478208K, 99% used [0x0000000080000000,0x000000009d2848d8,0x000000009d300000)
 Metaspace       used 78837K, committed 80512K, reserved 1179648K
  class space    used 7878K, committed 8640K, reserved 1048576K
}
Event: 145.813 GC heap after
{Heap after GC invocations=1742 (full 4):
 PSYoungGen      total 5632K, used 1000K [0x00000000d5580000, 0x00000000d5f00000, 0x0000000100000000)
  eden space 4608K, 0% used [0x00000000d5580000,0x00000000d5580000,0x00000000d5a00000)
  from space 1024K, 97% used [0x00000000d5c00000,0x00000000d5cfa300,0x00000000d5d00000)
  to   space 2048K, 0% used [0x00000000d5a00000,0x00000000d5a00000,0x00000000d5c00000)
 ParOldGen       total 478720K, used 478442K [0x0000000080000000, 0x000000009d380000, 0x00000000d5580000)
  object space 478720K, 99% used [0x0000000080000000,0x000000009d33a918,0x000000009d380000)
 Metaspace       used 78837K, committed 80512K, reserved 1179648K
  class space    used 7878K, committed 8640K, reserved 1048576K
}
Event: 146.013 GC heap before
{Heap before GC invocations=1743 (full 4):
 PSYoungGen      total 5632K, used 5608K [0x00000000d5580000, 0x00000000d5f00000, 0x0000000100000000)
  eden space 4608K, 100% used [0x00000000d5580000,0x00000000d5a00000,0x00000000d5a00000)
  from space 1024K, 97% used [0x00000000d5c00000,0x00000000d5cfa300,0x00000000d5d00000)
  to   space 2048K, 0% used [0x00000000d5a00000,0x00000000d5a00000,0x00000000d5c00000)
 ParOldGen       total 478720K, used 478442K [0x0000000080000000, 0x000000009d380000, 0x00000000d5580000)
  object space 478720K, 99% used [0x0000000080000000,0x000000009d33a918,0x000000009d380000)
 Metaspace       used 78900K, committed 80576K, reserved 1179648K
  class space    used 7884K, committed 8640K, reserved 1048576K
}
Event: 146.018 GC heap after
{Heap after GC invocations=1743 (full 4):
 PSYoungGen      total 5632K, used 975K [0x00000000d5580000, 0x00000000d5d00000, 0x0000000100000000)
  eden space 4608K, 0% used [0x00000000d5580000,0x00000000d5580000,0x00000000d5a00000)
  from space 1024K, 95% used [0x00000000d5a00000,0x00000000d5af3c30,0x00000000d5b00000)
  to   space 1536K, 0% used [0x00000000d5b80000,0x00000000d5b80000,0x00000000d5d00000)
 ParOldGen       total 479744K, used 479303K [0x0000000080000000, 0x000000009d480000, 0x00000000d5580000)
  object space 479744K, 99% used [0x0000000080000000,0x000000009d411f58,0x000000009d480000)
 Metaspace       used 78900K, committed 80576K, reserved 1179648K
  class space    used 7884K, committed 8640K, reserved 1048576K
}
Event: 146.086 GC heap before
{Heap before GC invocations=1744 (full 4):
 PSYoungGen      total 5632K, used 5583K [0x00000000d5580000, 0x00000000d5d00000, 0x0000000100000000)
  eden space 4608K, 99% used [0x00000000d5580000,0x00000000d59ffff8,0x00000000d5a00000)
  from space 1024K, 95% used [0x00000000d5a00000,0x00000000d5af3c30,0x00000000d5b00000)
  to   space 1536K, 0% used [0x00000000d5b80000,0x00000000d5b80000,0x00000000d5d00000)
 ParOldGen       total 479744K, used 479303K [0x0000000080000000, 0x000000009d480000, 0x00000000d5580000)
  object space 479744K, 99% used [0x0000000080000000,0x000000009d411f58,0x000000009d480000)
 Metaspace       used 79005K, committed 80640K, reserved 1179648K
  class space    used 7886K, committed 8640K, reserved 1048576K
}
Event: 146.092 GC heap after
{Heap after GC invocations=1744 (full 4):
 PSYoungGen      total 5632K, used 783K [0x00000000d5580000, 0x00000000d5c80000, 0x0000000100000000)
  eden space 4608K, 0% used [0x00000000d5580000,0x00000000d5580000,0x00000000d5a00000)
  from space 1024K, 76% used [0x00000000d5b80000,0x00000000d5c43c30,0x00000000d5c80000)
  to   space 1024K, 0% used [0x00000000d5a00000,0x00000000d5a00000,0x00000000d5b00000)
 ParOldGen       total 479744K, used 479642K [0x0000000080000000, 0x000000009d480000, 0x00000000d5580000)
  object space 479744K, 99% used [0x0000000080000000,0x000000009d466810,0x000000009d480000)
 Metaspace       used 79005K, committed 80640K, reserved 1179648K
  class space    used 7886K, committed 8640K, reserved 1048576K
}
Event: 146.179 GC heap before
{Heap before GC invocations=1745 (full 4):
 PSYoungGen      total 5632K, used 5391K [0x00000000d5580000, 0x00000000d5c80000, 0x0000000100000000)
  eden space 4608K, 100% used [0x00000000d5580000,0x00000000d5a00000,0x00000000d5a00000)
  from space 1024K, 76% used [0x00000000d5b80000,0x00000000d5c43c30,0x00000000d5c80000)
  to   space 1024K, 0% used [0x00000000d5a00000,0x00000000d5a00000,0x00000000d5b00000)
 ParOldGen       total 479744K, used 479642K [0x0000000080000000, 0x000000009d480000, 0x00000000d5580000)
  object space 479744K, 99% used [0x0000000080000000,0x000000009d466810,0x000000009d480000)
 Metaspace       used 79021K, committed 80640K, reserved 1179648K
  class space    used 7886K, committed 8640K, reserved 1048576K
}
Event: 146.184 GC heap after
{Heap after GC invocations=1745 (full 4):
 PSYoungGen      total 5632K, used 256K [0x00000000d5580000, 0x00000000d5c00000, 0x0000000100000000)
  eden space 4608K, 0% used [0x00000000d5580000,0x00000000d5580000,0x00000000d5a00000)
  from space 1024K, 25% used [0x00000000d5a00000,0x00000000d5a40000,0x00000000d5b00000)
  to   space 512K, 0% used [0x00000000d5b80000,0x00000000d5b80000,0x00000000d5c00000)
 ParOldGen       total 480256K, used 479870K [0x0000000080000000, 0x000000009d500000, 0x00000000d5580000)
  object space 480256K, 99% used [0x0000000080000000,0x000000009d49fb78,0x000000009d500000)
 Metaspace       used 79021K, committed 80640K, reserved 1179648K
  class space    used 7886K, committed 8640K, reserved 1048576K
}
Event: 272.407 GC heap before
{Heap before GC invocations=1746 (full 4):
 PSYoungGen      total 5632K, used 4864K [0x00000000d5580000, 0x00000000d5c00000, 0x0000000100000000)
  eden space 4608K, 100% used [0x00000000d5580000,0x00000000d5a00000,0x00000000d5a00000)
  from space 1024K, 25% used [0x00000000d5a00000,0x00000000d5a40000,0x00000000d5b00000)
  to   space 512K, 0% used [0x00000000d5b80000,0x00000000d5b80000,0x00000000d5c00000)
 ParOldGen       total 480256K, used 479870K [0x0000000080000000, 0x000000009d500000, 0x00000000d5580000)
  object space 480256K, 99% used [0x0000000080000000,0x000000009d49fb78,0x000000009d500000)
 Metaspace       used 79031K, committed 80640K, reserved 1179648K
  class space    used 7886K, committed 8640K, reserved 1048576K
}
Event: 272.681 GC heap after
{Heap after GC invocations=1746 (full 4):
 PSYoungGen      total 5120K, used 336K [0x00000000d5580000, 0x00000000d5c00000, 0x0000000100000000)
  eden space 4608K, 0% used [0x00000000d5580000,0x00000000d5580000,0x00000000d5a00000)
  from space 512K, 65% used [0x00000000d5b80000,0x00000000d5bd4010,0x00000000d5c00000)
  to   space 512K, 0% used [0x00000000d5b00000,0x00000000d5b00000,0x00000000d5b80000)
 ParOldGen       total 480256K, used 479910K [0x0000000080000000, 0x000000009d500000, 0x00000000d5580000)
  object space 480256K, 99% used [0x0000000080000000,0x000000009d4a9b78,0x000000009d500000)
 Metaspace       used 79031K, committed 80640K, reserved 1179648K
  class space    used 7886K, committed 8640K, reserved 1048576K
}
Event: 272.927 GC heap before
{Heap before GC invocations=1747 (full 4):
 PSYoungGen      total 5120K, used 4943K [0x00000000d5580000, 0x00000000d5c00000, 0x0000000100000000)
  eden space 4608K, 99% used [0x00000000d5580000,0x00000000d59fffe0,0x00000000d5a00000)
  from space 512K, 65% used [0x00000000d5b80000,0x00000000d5bd4010,0x00000000d5c00000)
  to   space 512K, 0% used [0x00000000d5b00000,0x00000000d5b00000,0x00000000d5b80000)
 ParOldGen       total 480256K, used 479910K [0x0000000080000000, 0x000000009d500000, 0x00000000d5580000)
  object space 480256K, 99% used [0x0000000080000000,0x000000009d4a9b78,0x000000009d500000)
 Metaspace       used 79045K, committed 80640K, reserved 1179648K
  class space    used 7886K, committed 8640K, reserved 1048576K
}
Event: 272.944 GC heap after
{Heap after GC invocations=1747 (full 4):
 PSYoungGen      total 5120K, used 425K [0x00000000d5580000, 0x00000000d5c00000, 0x0000000100000000)
  eden space 4608K, 0% used [0x00000000d5580000,0x00000000d5580000,0x00000000d5a00000)
  from space 512K, 83% used [0x00000000d5b00000,0x00000000d5b6a400,0x00000000d5b80000)
  to   space 512K, 0% used [0x00000000d5b80000,0x00000000d5b80000,0x00000000d5c00000)
 ParOldGen       total 480256K, used 480022K [0x0000000080000000, 0x000000009d500000, 0x00000000d5580000)
  object space 480256K, 99% used [0x0000000080000000,0x000000009d4c5b78,0x000000009d500000)
 Metaspace       used 79045K, committed 80640K, reserved 1179648K
  class space    used 7886K, committed 8640K, reserved 1048576K
}
Event: 274.356 GC heap before
{Heap before GC invocations=1748 (full 4):
 PSYoungGen      total 5120K, used 5033K [0x00000000d5580000, 0x00000000d5c00000, 0x0000000100000000)
  eden space 4608K, 100% used [0x00000000d5580000,0x00000000d5a00000,0x00000000d5a00000)
  from space 512K, 83% used [0x00000000d5b00000,0x00000000d5b6a400,0x00000000d5b80000)
  to   space 512K, 0% used [0x00000000d5b80000,0x00000000d5b80000,0x00000000d5c00000)
 ParOldGen       total 480256K, used 480022K [0x0000000080000000, 0x000000009d500000, 0x00000000d5580000)
  object space 480256K, 99% used [0x0000000080000000,0x000000009d4c5b78,0x000000009d500000)
 Metaspace       used 79066K, committed 80704K, reserved 1179648K
  class space    used 7887K, committed 8640K, reserved 1048576K
}
Event: 274.363 GC heap after
{Heap after GC invocations=1748 (full 4):
 PSYoungGen      total 5120K, used 464K [0x00000000d5580000, 0x00000000d5c00000, 0x0000000100000000)
  eden space 4608K, 0% used [0x00000000d5580000,0x00000000d5580000,0x00000000d5a00000)
  from space 512K, 90% used [0x00000000d5b80000,0x00000000d5bf4010,0x00000000d5c00000)
  to   space 512K, 0% used [0x00000000d5b00000,0x00000000d5b00000,0x00000000d5b80000)
 ParOldGen       total 480256K, used 480167K [0x0000000080000000, 0x000000009d500000, 0x00000000d5580000)
  object space 480256K, 99% used [0x0000000080000000,0x000000009d4e9f78,0x000000009d500000)
 Metaspace       used 79066K, committed 80704K, reserved 1179648K
  class space    used 7887K, committed 8640K, reserved 1048576K
}

Dll operation events (12 events):
Event: 0.042 Loaded shared library c:\Users\Admin\.vscode\extensions\redhat.java-1.43.1-win32-x64\jre\21.0.7-win32-x86_64\bin\java.dll
Event: 0.268 Loaded shared library c:\Users\Admin\.vscode\extensions\redhat.java-1.43.1-win32-x64\jre\21.0.7-win32-x86_64\bin\zip.dll
Event: 0.326 Loaded shared library C:\Users\Admin\.vscode\extensions\redhat.java-1.43.1-win32-x64\jre\21.0.7-win32-x86_64\bin\instrument.dll
Event: 0.342 Loaded shared library C:\Users\Admin\.vscode\extensions\redhat.java-1.43.1-win32-x64\jre\21.0.7-win32-x86_64\bin\net.dll
Event: 0.349 Loaded shared library C:\Users\Admin\.vscode\extensions\redhat.java-1.43.1-win32-x64\jre\21.0.7-win32-x86_64\bin\nio.dll
Event: 0.359 Loaded shared library C:\Users\Admin\.vscode\extensions\redhat.java-1.43.1-win32-x64\jre\21.0.7-win32-x86_64\bin\zip.dll
Event: 0.428 Loaded shared library C:\Users\Admin\.vscode\extensions\redhat.java-1.43.1-win32-x64\jre\21.0.7-win32-x86_64\bin\jimage.dll
Event: 0.686 Loaded shared library c:\Users\Admin\.vscode\extensions\redhat.java-1.43.1-win32-x64\jre\21.0.7-win32-x86_64\bin\verify.dll
Event: 4.120 Loaded shared library C:\Users\Admin\AppData\Roaming\Code\User\globalStorage\redhat.java\1.43.1\config_win\org.eclipse.equinox.launcher\org.eclipse.equinox.launcher.win32.win32.x86_64_1.2.1300.v20250331-1702\eclipse_11911.dll
Event: 7.951 Loaded shared library C:\Users\Admin\AppData\Local\Temp\jna-63116079\jna13493175934837326035.dll
Event: 12.996 Loaded shared library C:\Users\Admin\.vscode\extensions\redhat.java-1.43.1-win32-x64\jre\21.0.7-win32-x86_64\bin\sunmscapi.dll
Event: 13.894 Loaded shared library C:\Users\Admin\.vscode\extensions\redhat.java-1.43.1-win32-x64\jre\21.0.7-win32-x86_64\bin\extnet.dll

Deoptimization events (20 events):
Event: 272.010 Thread 0x000001a10f2ce540 Uncommon trap: reason=profile_predicate action=maybe_recompile pc=0x000001a12f5bbf20 method=java.net.URI$Parser.scan(IILjava/lang/String;)I @ 6 c2
Event: 272.010 Thread 0x000001a10f2ce540 DEOPT PACKING pc=0x000001a12f5bbf20 sp=0x0000006f79cfe240
Event: 272.010 Thread 0x000001a10f2ce540 DEOPT UNPACKING pc=0x000001a12e5c3aa2 sp=0x0000006f79cfe188 mode 2
Event: 272.722 Thread 0x000001a10d9a4d60 Uncommon trap: trap_request=0xffffffbe fr.pc=0x000001a12f557ea8 relative=0x00000000000044a8
Event: 272.722 Thread 0x000001a10d9a4d60 Uncommon trap: reason=profile_predicate action=maybe_recompile pc=0x000001a12f557ea8 method=java.net.URI$Parser.scan(IILjava/lang/String;)I @ 6 c2
Event: 272.738 Thread 0x000001a10d9a4d60 DEOPT PACKING pc=0x000001a12f557ea8 sp=0x0000006f798fda10
Event: 272.742 Thread 0x000001a10d9a4d60 DEOPT UNPACKING pc=0x000001a12e5c3aa2 sp=0x0000006f798fd818 mode 2
Event: 272.953 Thread 0x000001a10d9a4d60 DEOPT PACKING pc=0x000001a1292c1f9a sp=0x0000006f798fd680
Event: 272.955 Thread 0x000001a10d9a4d60 DEOPT UNPACKING pc=0x000001a12e5c4242 sp=0x0000006f798fcc08 mode 0
Event: 272.963 Thread 0x000001a10d9a5a80 DEOPT PACKING pc=0x000001a1294ef08c sp=0x0000006f758fdbc0
Event: 272.967 Thread 0x000001a10d9a5a80 DEOPT UNPACKING pc=0x000001a12e5c4242 sp=0x0000006f758fd0c8 mode 0
Event: 273.189 Thread 0x000001a10f2ce540 DEOPT PACKING pc=0x000001a1275393f5 sp=0x0000006f79cfd2f0
Event: 273.192 Thread 0x000001a10f2ce540 DEOPT UNPACKING pc=0x000001a12e5c4242 sp=0x0000006f79cfc7e0 mode 0
Event: 273.583 Thread 0x000001a10d9a5a80 DEOPT PACKING pc=0x000001a127d7ce5b sp=0x0000006f758fee00
Event: 273.583 Thread 0x000001a10d9a5a80 DEOPT UNPACKING pc=0x000001a12e5c4242 sp=0x0000006f758fe330 mode 0
Event: 274.398 Thread 0x000001a10d9a5a80 Uncommon trap: trap_request=0xffffff6e fr.pc=0x000001a12f55c908 relative=0x00000000000000e8
Event: 274.401 Thread 0x000001a10d9a5a80 Uncommon trap: reason=loop_limit_check action=maybe_recompile pc=0x000001a12f55c908 method=org.eclipse.jdt.internal.compiler.lookup.BlockScope.findLocalType([C)Lorg/eclipse/jdt/internal/compiler/lookup/ReferenceBinding; @ 79 c2
Event: 274.401 Thread 0x000001a10d9a5a80 DEOPT PACKING pc=0x000001a12f55c908 sp=0x0000006f758fe220
Event: 274.401 Thread 0x000001a10d9a5a80 DEOPT UNPACKING pc=0x000001a12e5c3aa2 sp=0x0000006f758fe1a0 mode 2
Event: 274.585 Thread 0x000001a10d9a4d60 Uncommon trap: trap_request=0xffffffd6 fr.pc=0x000001a12f57aa34 relative=0x000000000000a0b4

Classes loaded (20 events):
Event: 49.418 Loading class java/util/Collections$SynchronizedRandomAccessList
Event: 49.421 Loading class java/util/Collections$SynchronizedList
Event: 49.429 Loading class java/util/Collections$SynchronizedList done
Event: 49.430 Loading class java/util/Collections$SynchronizedRandomAccessList done
Event: 49.445 Loading class java/util/concurrent/CompletableFuture$Signaller
Event: 49.447 Loading class java/util/concurrent/CompletableFuture$Signaller done
Event: 93.050 Loading class java/util/concurrent/CompletableFuture$UniApply
Event: 93.053 Loading class java/util/concurrent/CompletableFuture$UniApply done
Event: 93.057 Loading class java/util/concurrent/CompletableFuture$UniExceptionally
Event: 93.058 Loading class java/util/concurrent/CompletableFuture$UniExceptionally done
Event: 93.685 Loading class java/util/Hashtable$KeySet
Event: 93.685 Loading class java/util/Hashtable$KeySet done
Event: 94.073 Loading class java/lang/UnsupportedClassVersionError
Event: 94.074 Loading class java/lang/UnsupportedClassVersionError done
Event: 94.531 Loading class java/lang/invoke/MethodHandleImpl$CountingWrapper$1
Event: 94.532 Loading class java/lang/invoke/MethodHandleImpl$CountingWrapper$1 done
Event: 100.512 Loading class jdk/internal/ref/CleanerImpl$InnocuousThreadFactory
Event: 100.514 Loading class jdk/internal/ref/CleanerImpl$InnocuousThreadFactory done
Event: 103.511 Loading class java/util/HashMap$EntrySpliterator
Event: 103.512 Loading class java/util/HashMap$EntrySpliterator done

Classes unloaded (11 events):
Event: 9.203 Thread 0x000001a123f0e750 Unloading class 0x000001a13c19d000 'java/lang/invoke/LambdaForm$MH+0x000001a13c19d000'
Event: 9.203 Thread 0x000001a123f0e750 Unloading class 0x000001a13c19cc00 'java/lang/invoke/LambdaForm$MH+0x000001a13c19cc00'
Event: 9.203 Thread 0x000001a123f0e750 Unloading class 0x000001a13c19c800 'java/lang/invoke/LambdaForm$MH+0x000001a13c19c800'
Event: 9.203 Thread 0x000001a123f0e750 Unloading class 0x000001a13c19c400 'java/lang/invoke/LambdaForm$MH+0x000001a13c19c400'
Event: 9.203 Thread 0x000001a123f0e750 Unloading class 0x000001a13c19c000 'java/lang/invoke/LambdaForm$BMH+0x000001a13c19c000'
Event: 9.203 Thread 0x000001a123f0e750 Unloading class 0x000001a13c19bc00 'java/lang/invoke/LambdaForm$DMH+0x000001a13c19bc00'
Event: 9.203 Thread 0x000001a123f0e750 Unloading class 0x000001a13c19a800 'java/lang/invoke/LambdaForm$DMH+0x000001a13c19a800'
Event: 82.960 Thread 0x000001a123f0e750 Unloading class 0x000001a13c75d000 'java/lang/invoke/LambdaForm$DMH+0x000001a13c75d000'
Event: 82.960 Thread 0x000001a123f0e750 Unloading class 0x000001a13c75cc00 'java/lang/invoke/LambdaForm$DMH+0x000001a13c75cc00'
Event: 82.960 Thread 0x000001a123f0e750 Unloading class 0x000001a13c75c800 'java/lang/invoke/LambdaForm$DMH+0x000001a13c75c800'
Event: 82.960 Thread 0x000001a123f0e750 Unloading class 0x000001a13c75c000 'java/lang/invoke/LambdaForm$DMH+0x000001a13c75c000'

Classes redefined (0 events):
No events

Internal exceptions (20 events):
Event: 101.518 Thread 0x000001a104e29c20 Exception <a 'sun/nio/fs/WindowsException'{0x00000000d5a54870}> (0x00000000d5a54870) 
thrown [s\src\hotspot\share\prims\jni.cpp, line 520]
Event: 101.518 Thread 0x000001a104e29c20 Exception <a 'sun/nio/fs/WindowsException'{0x00000000d5a55150}> (0x00000000d5a55150) 
thrown [s\src\hotspot\share\prims\jni.cpp, line 520]
Event: 102.242 Thread 0x000001a10d99fea0 Exception <a 'sun/nio/fs/WindowsException'{0x00000000d5a64678}> (0x00000000d5a64678) 
thrown [s\src\hotspot\share\prims\jni.cpp, line 520]
Event: 102.242 Thread 0x000001a10d99fea0 Exception <a 'sun/nio/fs/WindowsException'{0x00000000d5a64f58}> (0x00000000d5a64f58) 
thrown [s\src\hotspot\share\prims\jni.cpp, line 520]
Event: 102.512 Thread 0x000001a10d99fea0 Exception <a 'sun/nio/fs/WindowsException'{0x00000000d5632540}> (0x00000000d5632540) 
thrown [s\src\hotspot\share\prims\jni.cpp, line 520]
Event: 102.513 Thread 0x000001a10d99fea0 Exception <a 'sun/nio/fs/WindowsException'{0x00000000d5632e20}> (0x00000000d5632e20) 
thrown [s\src\hotspot\share\prims\jni.cpp, line 520]
Event: 103.160 Thread 0x000001a10d99fea0 Exception <a 'sun/nio/fs/WindowsException'{0x00000000d5762120}> (0x00000000d5762120) 
thrown [s\src\hotspot\share\prims\jni.cpp, line 520]
Event: 103.160 Thread 0x000001a10d99fea0 Exception <a 'sun/nio/fs/WindowsException'{0x00000000d5762a00}> (0x00000000d5762a00) 
thrown [s\src\hotspot\share\prims\jni.cpp, line 520]
Event: 103.252 Thread 0x000001a10d99fea0 Exception <a 'sun/nio/fs/WindowsException'{0x00000000d596a1c8}> (0x00000000d596a1c8) 
thrown [s\src\hotspot\share\prims\jni.cpp, line 520]
Event: 103.252 Thread 0x000001a10d99fea0 Exception <a 'sun/nio/fs/WindowsException'{0x00000000d596aaa8}> (0x00000000d596aaa8) 
thrown [s\src\hotspot\share\prims\jni.cpp, line 520]
Event: 103.412 Thread 0x000001a10d99fea0 Exception <a 'sun/nio/fs/WindowsException'{0x00000000d55c2bd8}> (0x00000000d55c2bd8) 
thrown [s\src\hotspot\share\prims\jni.cpp, line 520]
Event: 103.412 Thread 0x000001a10d99fea0 Exception <a 'sun/nio/fs/WindowsException'{0x00000000d55c34b8}> (0x00000000d55c34b8) 
thrown [s\src\hotspot\share\prims\jni.cpp, line 520]
Event: 103.496 Thread 0x000001a10d99fea0 Exception <a 'sun/nio/fs/WindowsException'{0x00000000d5894458}> (0x00000000d5894458) 
thrown [s\src\hotspot\share\prims\jni.cpp, line 520]
Event: 103.496 Thread 0x000001a10d99fea0 Exception <a 'sun/nio/fs/WindowsException'{0x00000000d5894d38}> (0x00000000d5894d38) 
thrown [s\src\hotspot\share\prims\jni.cpp, line 520]
Event: 103.571 Thread 0x000001a10d99fea0 Exception <a 'sun/nio/fs/WindowsException'{0x00000000d5894330}> (0x00000000d5894330) 
thrown [s\src\hotspot\share\prims\jni.cpp, line 520]
Event: 103.571 Thread 0x000001a10d99fea0 Exception <a 'sun/nio/fs/WindowsException'{0x00000000d5894c10}> (0x00000000d5894c10) 
thrown [s\src\hotspot\share\prims\jni.cpp, line 520]
Event: 103.994 Thread 0x000001a10d99fea0 Exception <a 'sun/nio/fs/WindowsException'{0x00000000d5a725f8}> (0x00000000d5a725f8) 
thrown [s\src\hotspot\share\prims\jni.cpp, line 520]
Event: 103.994 Thread 0x000001a10d99fea0 Exception <a 'sun/nio/fs/WindowsException'{0x00000000d5a72ed8}> (0x00000000d5a72ed8) 
thrown [s\src\hotspot\share\prims\jni.cpp, line 520]
Event: 108.448 Thread 0x000001a104e29c20 Exception <a 'java/lang/NoSuchMethodError'{0x00000000d56305d0}: 'java.lang.Object java.lang.invoke.DirectMethodHandle$Holder.invokeStatic(java.lang.Object, java.lang.Object, int, java.lang.Object)'> (0x00000000d56305d0) 
thrown [s\src\hotspot\share\interpreter\linkResolver.cpp, line 773]
Event: 141.893 Thread 0x000001a104e2c380 Exception <a 'java/lang/IncompatibleClassChangeError'{0x00000000d5b384f8}: Found class java.lang.Object, but interface was expected> (0x00000000d5b384f8) 
thrown [s\src\hotspot\share\interpreter\linkResolver.cpp, line 840]

ZGC Phase Switch (0 events):
No events

VM Operations (20 events):
Event: 146.086 Executing VM operation: ParallelGCFailedAllocation (Allocation Failure)
Event: 146.092 Executing VM operation: ParallelGCFailedAllocation (Allocation Failure) done
Event: 146.179 Executing VM operation: ParallelGCFailedAllocation (Allocation Failure)
Event: 146.185 Executing VM operation: ParallelGCFailedAllocation (Allocation Failure) done
Event: 147.186 Executing VM operation: Cleanup
Event: 147.186 Executing VM operation: Cleanup done
Event: 180.290 Executing VM operation: HandshakeAllThreads (HandshakeForDeflation)
Event: 180.293 Executing VM operation: HandshakeAllThreads (HandshakeForDeflation) done
Event: 180.293 Executing VM operation: RendezvousGCThreads
Event: 180.293 Executing VM operation: RendezvousGCThreads done
Event: 271.812 Executing VM operation: Cleanup
Event: 271.824 Executing VM operation: Cleanup done
Event: 272.391 Executing VM operation: ParallelGCFailedAllocation (Allocation Failure)
Event: 272.681 Executing VM operation: ParallelGCFailedAllocation (Allocation Failure) done
Event: 272.921 Executing VM operation: ParallelGCFailedAllocation (Allocation Failure)
Event: 272.944 Executing VM operation: ParallelGCFailedAllocation (Allocation Failure) done
Event: 273.946 Executing VM operation: Cleanup
Event: 273.959 Executing VM operation: Cleanup done
Event: 274.335 Executing VM operation: ParallelGCFailedAllocation (Allocation Failure)
Event: 274.363 Executing VM operation: ParallelGCFailedAllocation (Allocation Failure) done

Memory protections (0 events):
No events

Nmethod flushes (20 events):
Event: 83.959 Thread 0x000001a123f0e750 flushing  nmethod 0x000001a127e57e90
Event: 83.960 Thread 0x000001a123f0e750 flushing  nmethod 0x000001a127e58690
Event: 83.960 Thread 0x000001a123f0e750 flushing  nmethod 0x000001a127e58a90
Event: 83.960 Thread 0x000001a123f0e750 flushing  nmethod 0x000001a127e5e610
Event: 83.960 Thread 0x000001a123f0e750 flushing  nmethod 0x000001a127e7d990
Event: 83.960 Thread 0x000001a123f0e750 flushing  nmethod 0x000001a127eae410
Event: 83.960 Thread 0x000001a123f0e750 flushing osr nmethod 0x000001a127eca890
Event: 83.960 Thread 0x000001a123f0e750 flushing  nmethod 0x000001a127f14110
Event: 83.960 Thread 0x000001a123f0e750 flushing  nmethod 0x000001a127f24a10
Event: 83.960 Thread 0x000001a123f0e750 flushing  nmethod 0x000001a127f32990
Event: 83.960 Thread 0x000001a123f0e750 flushing  nmethod 0x000001a127f72610
Event: 83.960 Thread 0x000001a123f0e750 flushing  nmethod 0x000001a127f72f10
Event: 83.960 Thread 0x000001a123f0e750 flushing  nmethod 0x000001a127f74110
Event: 83.960 Thread 0x000001a123f0e750 flushing  nmethod 0x000001a127f74b10
Event: 83.960 Thread 0x000001a123f0e750 flushing  nmethod 0x000001a127f75010
Event: 83.960 Thread 0x000001a123f0e750 flushing  nmethod 0x000001a127f75a90
Event: 83.960 Thread 0x000001a123f0e750 flushing  nmethod 0x000001a127f77390
Event: 83.960 Thread 0x000001a123f0e750 flushing  nmethod 0x000001a127f77f10
Event: 83.960 Thread 0x000001a123f0e750 flushing  nmethod 0x000001a127f82890
Event: 83.960 Thread 0x000001a123f0e750 flushing  nmethod 0x000001a127f98f10

Events (20 events):
Event: 93.798 Thread 0x000001a104e29c20 Thread added: 0x000001a10d9a46d0
Event: 93.815 Thread 0x000001a10d9a67a0 Thread added: 0x000001a10d9a4d60
Event: 93.955 Thread 0x000001a104e2c380 Thread added: 0x000001a10d9a53f0
Event: 98.803 Thread 0x000001a10d9a46d0 Thread exited: 0x000001a10d9a46d0
Event: 100.514 Thread 0x000001a10d9a0530 Thread added: 0x000001a10f2cb750
Event: 108.196 Thread 0x000001a10d9a53f0 Thread added: 0x000001a10f2cbde0
Event: 108.197 Thread 0x000001a10d9a6110 Thread added: 0x000001a10f2d0610
Event: 108.205 Thread 0x000001a10f2cbde0 Thread added: 0x000001a10f2ce540
Event: 145.915 Thread 0x000001a17d7c5590 Thread added: 0x000001a10d669940
Event: 147.893 Thread 0x000001a10da9d900 Thread exited: 0x000001a10da9d900
Event: 153.528 Thread 0x000001a10d669940 Thread exited: 0x000001a10d669940
Event: 161.491 Thread 0x000001a17eb79120 Thread exited: 0x000001a17eb79120
Event: 163.522 Thread 0x000001a17eb71b00 Thread exited: 0x000001a17eb71b00
Event: 163.539 Thread 0x000001a104e281e0 Thread exited: 0x000001a104e281e0
Event: 163.609 Thread 0x000001a17eb75ca0 Thread exited: 0x000001a17eb75ca0
Event: 168.194 Thread 0x000001a17eb73bd0 Thread exited: 0x000001a17eb73bd0
Event: 206.245 Thread 0x000001a10d9a2c90 Thread exited: 0x000001a10d9a2c90
Event: 207.909 Thread 0x000001a17eb748f0 Thread exited: 0x000001a17eb748f0
Event: 266.895 Thread 0x000001a10d99fea0 Thread exited: 0x000001a10d99fea0
Event: 267.931 Thread 0x000001a10da9df90 Thread exited: 0x000001a10da9df90


Dynamic libraries:
0x00007ff687190000 - 0x00007ff68719e000 	c:\Users\Admin\.vscode\extensions\redhat.java-1.43.1-win32-x64\jre\21.0.7-win32-x86_64\bin\java.exe
0x00007ffe128e0000 - 0x00007ffe12b43000 	C:\WINDOWS\SYSTEM32\ntdll.dll
0x00007ffe120f0000 - 0x00007ffe121b7000 	C:\WINDOWS\System32\KERNEL32.DLL
0x00007ffe0ff30000 - 0x00007ffe102f9000 	C:\WINDOWS\System32\KERNELBASE.dll
0x00007ffe10390000 - 0x00007ffe104dc000 	C:\WINDOWS\System32\ucrtbase.dll
0x00007ffe045d0000 - 0x00007ffe045ee000 	c:\Users\Admin\.vscode\extensions\redhat.java-1.43.1-win32-x64\jre\21.0.7-win32-x86_64\bin\VCRUNTIME140.dll
0x00007ffe044e0000 - 0x00007ffe044f8000 	c:\Users\Admin\.vscode\extensions\redhat.java-1.43.1-win32-x64\jre\21.0.7-win32-x86_64\bin\jli.dll
0x00007ffe11ea0000 - 0x00007ffe1206a000 	C:\WINDOWS\System32\USER32.dll
0x00007ffe0fd20000 - 0x00007ffe0fd47000 	C:\WINDOWS\System32\win32u.dll
0x00007ffdf9ff0000 - 0x00007ffdfa280000 	C:\WINDOWS\WinSxS\amd64_microsoft.windows.common-controls_6595b64144ccf1df_6.0.26100.3323_none_3e088096e3344490\COMCTL32.dll
0x00007ffe10ee0000 - 0x00007ffe10f89000 	C:\WINDOWS\System32\msvcrt.dll
0x00007ffe10c60000 - 0x00007ffe10c8a000 	C:\WINDOWS\System32\GDI32.dll
0x00007ffe0fd50000 - 0x00007ffe0fe81000 	C:\WINDOWS\System32\gdi32full.dll
0x00007ffe10650000 - 0x00007ffe106f3000 	C:\WINDOWS\System32\msvcp_win.dll
0x00007ffe116b0000 - 0x00007ffe116df000 	C:\WINDOWS\System32\IMM32.DLL
0x00007ffe07be0000 - 0x00007ffe07bec000 	c:\Users\Admin\.vscode\extensions\redhat.java-1.43.1-win32-x64\jre\21.0.7-win32-x86_64\bin\vcruntime140_1.dll
0x00007ffdcb4f0000 - 0x00007ffdcb57d000 	c:\Users\Admin\.vscode\extensions\redhat.java-1.43.1-win32-x64\jre\21.0.7-win32-x86_64\bin\msvcp140.dll
0x00007ffd99f40000 - 0x00007ffd9acd0000 	c:\Users\Admin\.vscode\extensions\redhat.java-1.43.1-win32-x64\jre\21.0.7-win32-x86_64\bin\server\jvm.dll
0x00007ffe122f0000 - 0x00007ffe123a2000 	C:\WINDOWS\System32\ADVAPI32.dll
0x00007ffe10870000 - 0x00007ffe10916000 	C:\WINDOWS\System32\sechost.dll
0x00007ffe121d0000 - 0x00007ffe122e6000 	C:\WINDOWS\System32\RPCRT4.dll
0x00007ffe10be0000 - 0x00007ffe10c54000 	C:\WINDOWS\System32\WS2_32.dll
0x00007ffe0f970000 - 0x00007ffe0f9be000 	C:\WINDOWS\SYSTEM32\POWRPROF.dll
0x00007ffe070d0000 - 0x00007ffe070db000 	C:\WINDOWS\SYSTEM32\VERSION.dll
0x00007ffe07090000 - 0x00007ffe070c6000 	C:\WINDOWS\SYSTEM32\WINMM.dll
0x00007ffe0f950000 - 0x00007ffe0f964000 	C:\WINDOWS\SYSTEM32\UMPDC.dll
0x00007ffe0e8c0000 - 0x00007ffe0e8da000 	C:\WINDOWS\SYSTEM32\kernel.appcore.dll
0x00007ffe045c0000 - 0x00007ffe045ca000 	c:\Users\Admin\.vscode\extensions\redhat.java-1.43.1-win32-x64\jre\21.0.7-win32-x86_64\bin\jimage.dll
0x00007ffe02d40000 - 0x00007ffe02f81000 	C:\WINDOWS\SYSTEM32\DBGHELP.DLL
0x00007ffe118e0000 - 0x00007ffe11c62000 	C:\WINDOWS\System32\combase.dll
0x00007ffe10790000 - 0x00007ffe10866000 	C:\WINDOWS\System32\OLEAUT32.dll
0x00007ffdffb30000 - 0x00007ffdffb69000 	C:\WINDOWS\SYSTEM32\dbgcore.DLL
0x00007ffe0fe90000 - 0x00007ffe0ff29000 	C:\WINDOWS\System32\bcryptPrimitives.dll
0x00007ffe03ca0000 - 0x00007ffe03caf000 	c:\Users\Admin\.vscode\extensions\redhat.java-1.43.1-win32-x64\jre\21.0.7-win32-x86_64\bin\instrument.dll
0x00007ffe03cb0000 - 0x00007ffe03ccf000 	c:\Users\Admin\.vscode\extensions\redhat.java-1.43.1-win32-x64\jre\21.0.7-win32-x86_64\bin\java.dll
0x00007ffe10f90000 - 0x00007ffe116a5000 	C:\WINDOWS\System32\SHELL32.dll
0x00007ffe104e0000 - 0x00007ffe10648000 	C:\WINDOWS\System32\wintypes.dll
0x00007ffe0d7a0000 - 0x00007ffe0dfe5000 	C:\WINDOWS\SYSTEM32\windows.storage.dll
0x00007ffe117f0000 - 0x00007ffe118db000 	C:\WINDOWS\System32\SHCORE.dll
0x00007ffe109d0000 - 0x00007ffe10a2d000 	C:\WINDOWS\System32\shlwapi.dll
0x00007ffe0f9f0000 - 0x00007ffe0fa1f000 	C:\WINDOWS\SYSTEM32\profapi.dll
0x00007ffdfd570000 - 0x00007ffdfd588000 	c:\Users\Admin\.vscode\extensions\redhat.java-1.43.1-win32-x64\jre\21.0.7-win32-x86_64\bin\zip.dll
0x00007ffe03c70000 - 0x00007ffe03c80000 	C:\Users\Admin\.vscode\extensions\redhat.java-1.43.1-win32-x64\jre\21.0.7-win32-x86_64\bin\net.dll
0x00007ffe081c0000 - 0x00007ffe082de000 	C:\WINDOWS\SYSTEM32\WINHTTP.dll
0x00007ffe0edc0000 - 0x00007ffe0ee2a000 	C:\WINDOWS\system32\mswsock.dll
0x00007ffdfcbe0000 - 0x00007ffdfcbf6000 	C:\Users\Admin\.vscode\extensions\redhat.java-1.43.1-win32-x64\jre\21.0.7-win32-x86_64\bin\nio.dll
0x00007ffe03c60000 - 0x00007ffe03c70000 	c:\Users\Admin\.vscode\extensions\redhat.java-1.43.1-win32-x64\jre\21.0.7-win32-x86_64\bin\verify.dll
0x00007ffdf5160000 - 0x00007ffdf51a5000 	C:\Users\Admin\AppData\Roaming\Code\User\globalStorage\redhat.java\1.43.1\config_win\org.eclipse.equinox.launcher\org.eclipse.equinox.launcher.win32.win32.x86_64_1.2.1300.v20250331-1702\eclipse_11911.dll
0x00007ffe10d30000 - 0x00007ffe10ec5000 	C:\WINDOWS\System32\ole32.dll
0x00007ffe0f170000 - 0x00007ffe0f18c000 	C:\WINDOWS\SYSTEM32\CRYPTSP.dll
0x00007ffe0e820000 - 0x00007ffe0e85a000 	C:\WINDOWS\system32\rsaenh.dll
0x00007ffe0ee60000 - 0x00007ffe0ee8b000 	C:\WINDOWS\SYSTEM32\USERENV.dll
0x00007ffe0f300000 - 0x00007ffe0f326000 	C:\WINDOWS\SYSTEM32\bcrypt.dll
0x00007ffe0eff0000 - 0x00007ffe0effc000 	C:\WINDOWS\SYSTEM32\CRYPTBASE.dll
0x00007ffe0e2e0000 - 0x00007ffe0e313000 	C:\WINDOWS\SYSTEM32\IPHLPAPI.DLL
0x00007ffe10ed0000 - 0x00007ffe10eda000 	C:\WINDOWS\System32\NSI.dll
0x00007ffdef190000 - 0x00007ffdef1d9000 	C:\Users\Admin\AppData\Local\Temp\jna-63116079\jna13493175934837326035.dll
0x00007ffe10b90000 - 0x00007ffe10b98000 	C:\WINDOWS\System32\PSAPI.DLL
0x00007ffe08630000 - 0x00007ffe0864f000 	C:\WINDOWS\SYSTEM32\dhcpcsvc6.DLL
0x00007ffe08940000 - 0x00007ffe08965000 	C:\WINDOWS\SYSTEM32\dhcpcsvc.DLL
0x00007ffe07c30000 - 0x00007ffe07c3e000 	C:\Users\Admin\.vscode\extensions\redhat.java-1.43.1-win32-x64\jre\21.0.7-win32-x86_64\bin\sunmscapi.dll
0x00007ffe0fba0000 - 0x00007ffe0fd17000 	C:\WINDOWS\System32\CRYPT32.dll
0x00007ffe0f2c0000 - 0x00007ffe0f2f0000 	C:\WINDOWS\SYSTEM32\ncrypt.dll
0x00007ffe0f270000 - 0x00007ffe0f2af000 	C:\WINDOWS\SYSTEM32\NTASN1.dll
0x00007ffe0e370000 - 0x00007ffe0e495000 	C:\WINDOWS\SYSTEM32\DNSAPI.dll
0x00007ffe08930000 - 0x00007ffe0893b000 	C:\Windows\System32\rasadhlp.dll
0x00007ffe04ac0000 - 0x00007ffe04b45000 	C:\WINDOWS\System32\fwpuclnt.dll
0x00007ffdffd30000 - 0x00007ffdffd39000 	C:\Users\Admin\.vscode\extensions\redhat.java-1.43.1-win32-x64\jre\21.0.7-win32-x86_64\bin\extnet.dll
0x00007ffe0e9e0000 - 0x00007ffe0ea15000 	C:\WINDOWS\SYSTEM32\ntmarta.dll

dbghelp: loaded successfully - version: 4.0.5 - missing functions: none
symbol engine: initialized successfully - sym options: 0x614 - pdb path: .;c:\Users\Admin\.vscode\extensions\redhat.java-1.43.1-win32-x64\jre\21.0.7-win32-x86_64\bin;C:\WINDOWS\SYSTEM32;C:\WINDOWS\WinSxS\amd64_microsoft.windows.common-controls_6595b64144ccf1df_6.0.26100.3323_none_3e088096e3344490;c:\Users\Admin\.vscode\extensions\redhat.java-1.43.1-win32-x64\jre\21.0.7-win32-x86_64\bin\server;C:\Users\Admin\AppData\Roaming\Code\User\globalStorage\redhat.java\1.43.1\config_win\org.eclipse.equinox.launcher\org.eclipse.equinox.launcher.win32.win32.x86_64_1.2.1300.v20250331-1702;C:\Users\Admin\AppData\Local\Temp\jna-63116079

VM Arguments:
jvm_args: --add-modules=ALL-SYSTEM --add-opens=java.base/java.util=ALL-UNNAMED --add-opens=java.base/java.lang=ALL-UNNAMED --add-opens=java.base/sun.nio.fs=ALL-UNNAMED -Declipse.application=org.eclipse.jdt.ls.core.id1 -Dosgi.bundles.defaultStartLevel=4 -Declipse.product=org.eclipse.jdt.ls.core.product -Djava.import.generatesMetadataFilesAtProjectRoot=false -DDetectVMInstallationsJob.disabled=true -Dfile.encoding=utf8 -XX:+UseParallelGC -XX:GCTimeRatio=4 -XX:AdaptiveSizePolicyWeight=90 -Dsun.zip.disableMemoryMapping=true -Xmx2G -Xms100m -Xlog:disable -javaagent:c:\Users\Admin\.vscode\extensions\redhat.java-1.43.1-win32-x64\lombok\lombok-1.18.39-4050.jar -XX:+HeapDumpOnOutOfMemoryError -XX:HeapDumpPath=c:\Users\Admin\AppData\Roaming\Code\User\workspaceStorage\91bfc2bb926e85cacc8896de9206306c\redhat.java -Daether.dependencyCollector.impl=bf 
java_command: c:\Users\Admin\.vscode\extensions\redhat.java-1.43.1-win32-x64\server\plugins\org.eclipse.equinox.launcher_1.7.0.v20250519-0528.jar -configuration c:\Users\Admin\AppData\Roaming\Code\User\globalStorage\redhat.java\1.43.1\config_win -data c:\Users\Admin\AppData\Roaming\Code\User\workspaceStorage\91bfc2bb926e85cacc8896de9206306c\redhat.java\jdt_ws --pipe=\\.\pipe\lsp-e6702bd71c82f3d4f40cacd3a9a1cc84-sock
java_class_path (initial): c:\Users\Admin\.vscode\extensions\redhat.java-1.43.1-win32-x64\server\plugins\org.eclipse.equinox.launcher_1.7.0.v20250519-0528.jar
Launcher Type: SUN_STANDARD

[Global flags]
    uintx AdaptiveSizePolicyWeight                 = 90                                        {product} {command line}
     intx CICompilerCount                          = 4                                         {product} {ergonomic}
    uintx GCTimeRatio                              = 4                                         {product} {command line}
     bool HeapDumpOnOutOfMemoryError               = true                                   {manageable} {command line}
    ccstr HeapDumpPath                             = c:\Users\Admin\AppData\Roaming\Code\User\workspaceStorage\91bfc2bb926e85cacc8896de9206306c\redhat.java         {manageable} {command line}
   size_t InitialHeapSize                          = 104857600                                 {product} {command line}
   size_t MaxHeapSize                              = 2147483648                                {product} {command line}
   size_t MaxNewSize                               = 715653120                                 {product} {ergonomic}
   size_t MinHeapDeltaBytes                        = 524288                                    {product} {ergonomic}
   size_t MinHeapSize                              = 104857600                                 {product} {command line}
   size_t NewSize                                  = 34603008                                  {product} {ergonomic}
    uintx NonNMethodCodeHeapSize                   = 5839372                                {pd product} {ergonomic}
    uintx NonProfiledCodeHeapSize                  = 122909434                              {pd product} {ergonomic}
   size_t OldSize                                  = 70254592                                  {product} {ergonomic}
    uintx ProfiledCodeHeapSize                     = 122909434                              {pd product} {ergonomic}
    uintx ReservedCodeCacheSize                    = 251658240                              {pd product} {ergonomic}
     bool SegmentedCodeCache                       = true                                      {product} {ergonomic}
   size_t SoftMaxHeapSize                          = 2147483648                             {manageable} {ergonomic}
     bool UseCompressedOops                        = true                           {product lp64_product} {ergonomic}
     bool UseLargePagesIndividualAllocation        = false                                  {pd product} {ergonomic}
     bool UseParallelGC                            = true                                      {product} {command line}

Logging:
Log output configuration:
 #0: stdout all=off uptime,level,tags foldmultilines=false
 #1: stderr all=off uptime,level,tags foldmultilines=false

Environment Variables:
JAVA_HOME=C:\Program Files\Java\jdk-17
PATH=C:\Program Files\Java\jdk-17\bin;C:\Program Files\Java\jdk-21\bin;C:\Users\Admin\Downloads\kafka-3.9.0-src\kafka-3.9.0-src\bin;C:\Users\Admin\Downloads\gradle-8.11-bin\gradle-8.11\bin;D:\JDk\jdk1.8.0_281\bin;C:\Program Files\Common Files\Oracle\Java\javapath;C:\Program Files (x86)\Common Files\Oracle\Java\javapath;C:\WINDOWS\system32;C:\WINDOWS;C:\WINDOWS\System32\Wbem;C:\WINDOWS\System32\WindowsPowerShell\v1.0\;C:\WINDOWS\System32\OpenSSH\;C:\Program Files\nodejs\;C:\Program Files\Java\jdk-17\\bin;C:\Program Files\Git\cmd;C:\Program Files\PuTTY\;C:\Users\Admin\Desktop\mvn\apache-maven-3.9.4-bin\apache-maven-3.9.4\bin;C:\Program Files\Docker\Docker\resources\bin;C:\Users\Admin\Downloads\New folder (19)\strawberry-perl-5.40.0.1-64bit-portable\perl\bin;C:\Program Files\Maven\apache-maven-3.9.9-bin\apache-maven-3.9.9\bin;C:\Program Files\Java\jdk-17\bin;C:\Program Files\Java\jdk-21\bin;C:\Users\Admin\Downloads\kafka-3.9.0-src\kafka-3.9.0-src\bin;C:\Users\Admin\Downloads\gradle-8.11-bin\gradle-8.11\bin;D:\JDk\jdk1.8.0_281\bin;C:\Users\Admin\AppData\Local\Microsoft\WindowsApps;C:\Users\Admin\AppData\Local\Programs\Microsoft VS Code\bin;C:\Users\Admin\AppData\Roaming\npm;C:\Program Files\JetBrains\IntelliJ IDEA 2024.1.2\bin;;C:\Program Files\PHP;C:\Users\Admin\AppData\Local\Programs\MiKTeX\miktex\bin\x64\;C:\Users\Admin\Downloads\New folder (19)\strawberry-perl-5.40.0.1-64bit-portable\perl\bin;C:\Program Files\Maven\apache-maven-3.9.9-bin\apache-maven-3.9.9\bin;
USERNAME=Admin
OS=Windows_NT
PROCESSOR_IDENTIFIER=AMD64 Family 23 Model 104 Stepping 1, AuthenticAMD
TMP=C:\Users\Admin\AppData\Local\Temp
TEMP=C:\Users\Admin\AppData\Local\Temp




Periodic native trim disabled

---------------  S Y S T E M  ---------------

OS:
 Windows 11 , 64 bit Build 26100 (10.0.26100.3323)
OS uptime: 0 days 18:06 hours
Hyper-V role detected

CPU: total 12 (initial active 12) (12 cores per cpu, 2 threads per core) family 23 model 104 stepping 1 microcode 0x8608103, cx8, cmov, fxsr, ht, mmx, 3dnowpref, sse, sse2, sse3, ssse3, sse4a, sse4.1, sse4.2, popcnt, lzcnt, tsc, tscinvbit, avx, avx2, aes, clmul, bmi1, bmi2, adx, sha, fma, vzeroupper, clflush, clflushopt, hv, rdtscp, rdpid, f16c
Processor Information for the first 12 processors :
  Max Mhz: 2100, Current Mhz: 1988, Mhz Limit: 2100

Memory: 4k page, system-wide physical 6005M (59M free)
TotalPageFile size 24437M (AvailPageFile size 0M)
current process WorkingSet (physical memory assigned to process): 140M, peak: 551M
current process commit charge ("private bytes"): 830M, peak: 1673M

vm_info: OpenJDK 64-Bit Server VM (21.0.7+6-LTS) for windows-amd64 JRE (21.0.7+6-LTS), built on 2025-04-15T00:00:00Z by "admin" with MS VC++ 17.7 (VS2022)

END.
