#
# There is insufficient memory for the Java Runtime Environment to continue.
# Native memory allocation (malloc) failed to allocate 1607776 bytes. Error detail: Chunk::new
# Possible reasons:
#   The system is out of physical RAM or swap space
#   This process is running with CompressedOops enabled, and the Java Heap may be blocking the growth of the native heap
# Possible solutions:
#   Reduce memory load on the system
#   Increase physical memory or swap space
#   Check if swap backing store is full
#   Decrease Java heap size (-Xmx/-Xms)
#   Decrease number of Java threads
#   Decrease Java thread stack sizes (-Xss)
#   Set larger code cache with -XX:ReservedCodeCacheSize=
#   JVM is running with Unscaled Compressed Oops mode in which the Java heap is
#     placed in the first 4GB address space. The Java Heap base address is the
#     maximum limit for the native heap growth. Please use -XX:HeapBaseMinAddress
#     to set the Java Heap base and to place the Java Heap above 4GB virtual address.
# This output file may be truncated or incomplete.
#
#  Out of Memory Error (arena.cpp:168), pid=3628, tid=13332
#
# JRE version: OpenJDK Runtime Environment Temurin-21.0.7+6 (21.0.7+6) (build 21.0.7+6-LTS)
# Java VM: OpenJDK 64-Bit Server VM Temurin-21.0.7+6 (21.0.7+6-LTS, mixed mode, sharing, tiered, compressed oops, compressed class ptrs, parallel gc, windows-amd64)
# No core dump will be written. Minidumps are not enabled by default on client versions of Windows
#

---------------  S U M M A R Y ------------

Command Line: --add-modules=ALL-SYSTEM --add-opens=java.base/java.util=ALL-UNNAMED --add-opens=java.base/java.lang=ALL-UNNAMED --add-opens=java.base/sun.nio.fs=ALL-UNNAMED -Declipse.application=org.eclipse.jdt.ls.core.id1 -Dosgi.bundles.defaultStartLevel=4 -Declipse.product=org.eclipse.jdt.ls.core.product -Djava.import.generatesMetadataFilesAtProjectRoot=false -DDetectVMInstallationsJob.disabled=true -Dfile.encoding=utf8 -XX:+UseParallelGC -XX:GCTimeRatio=4 -XX:AdaptiveSizePolicyWeight=90 -Dsun.zip.disableMemoryMapping=true -Xmx2G -Xms100m -Xlog:disable -javaagent:c:\Users\Admin\.vscode\extensions\redhat.java-1.43.1-win32-x64\lombok\lombok-1.18.39-4050.jar -XX:+HeapDumpOnOutOfMemoryError -XX:HeapDumpPath=c:\Users\Admin\AppData\Roaming\Code\User\workspaceStorage\91bfc2bb926e85cacc8896de9206306c\redhat.java -Daether.dependencyCollector.impl=bf c:\Users\Admin\.vscode\extensions\redhat.java-1.43.1-win32-x64\server\plugins\org.eclipse.equinox.launcher_1.7.0.v20250519-0528.jar -configuration c:\Users\Admin\AppData\Roaming\Code\User\globalStorage\redhat.java\1.43.1\config_win -data c:\Users\Admin\AppData\Roaming\Code\User\workspaceStorage\91bfc2bb926e85cacc8896de9206306c\redhat.java\jdt_ws --pipe=\\.\pipe\lsp-1191e4e5d6ea23ffb8e311e31630f5bd-sock

Host: AMD Ryzen 5 5500U with Radeon Graphics         , 12 cores, 5G,  Windows 11 , 64 bit Build 26100 (10.0.26100.3323)
Time: Thu Jul 10 11:47:11 2025 W. Central Africa Standard Time elapsed time: 35.357163 seconds (0d 0h 0m 35s)

---------------  T H R E A D  ---------------

Current thread (0x000001727814ca80):  JavaThread "C2 CompilerThread0" daemon [_thread_in_native, id=13332, stack(0x0000003a8a600000,0x0000003a8a700000) (1024K)]


Current CompileTask:
C2:35357 9389 % !   4       org.eclipse.jdt.internal.compiler.classfmt.ClassFileReader::<init> @ 81 (2135 bytes)

Stack: [0x0000003a8a600000,0x0000003a8a700000]
Native frames: (J=compiled Java code, j=interpreted, Vv=VM code, C=native code)
V  [jvm.dll+0x6ce119]
V  [jvm.dll+0x8a84a1]
V  [jvm.dll+0x8aa9ce]
V  [jvm.dll+0x8ab0b3]
V  [jvm.dll+0x27f8a6]
V  [jvm.dll+0xc507d]
V  [jvm.dll+0xc55b3]
V  [jvm.dll+0x3b692c]
V  [jvm.dll+0x382aa5]
V  [jvm.dll+0x381f0a]
V  [jvm.dll+0x247af0]
V  [jvm.dll+0x2470cf]
V  [jvm.dll+0x1c760e]
V  [jvm.dll+0x25695a]
V  [jvm.dll+0x254efa]
V  [jvm.dll+0x3f03f6]
V  [jvm.dll+0x851f6b]
V  [jvm.dll+0x6cc7dd]
C  [ucrtbase.dll+0x37b0]
C  [KERNEL32.DLL+0x2e8d7]
C  [ntdll.dll+0xbbf6c]


---------------  P R O C E S S  ---------------

Threads class SMR info:
_java_thread_list=0x000001727e6c84e0, length=68, elements={
0x000001726c4aa140, 0x00000172781454c0, 0x000001727626d6b0, 0x0000017278147a00,
0x0000017278148650, 0x00000172781492a0, 0x000001727814bd00, 0x000001727814ca80,
0x0000017278173af0, 0x0000017278253620, 0x0000017278482660, 0x00000172789f12e0,
0x0000017278937830, 0x000001727895fbe0, 0x0000017278ba8810, 0x000001727875a2b0,
0x000001727d1d5300, 0x000001727844d100, 0x000001727844d790, 0x000001727844c3e0,
0x000001727844de20, 0x000001727844e4b0, 0x000001727844b030, 0x0000017278501630,
0x00000172784ffaf0, 0x000001727844b6c0, 0x000001727844bd50, 0x0000017250618ab0,
0x0000017250616350, 0x0000017250617070, 0x0000017250617700, 0x0000017250617d90,
0x0000017250618420, 0x0000017250619140, 0x0000017250615cc0, 0x00000172506169e0,
0x00000172512f0790, 0x00000172512f0e20, 0x00000172512ee030, 0x00000172512efa70,
0x00000172512ee6c0, 0x00000172512f0100, 0x00000172512f14b0, 0x00000172512ef3e0,
0x00000172512f1b40, 0x00000172512eed50, 0x00000172512f4fc0, 0x00000172512f2860,
0x00000172512f4930, 0x00000172512f5650, 0x00000172512f2ef0, 0x00000172512f3580,
0x00000172512f3c10, 0x000001727eb0a730, 0x000001727eb07fd0, 0x000001727eb0b450,
0x000001727eb09380, 0x000001727eb08660, 0x000001727eb0a0a0, 0x000001727eb0adc0,
0x000001727eb0bae0, 0x000001727eb0c170, 0x000001727eb08cf0, 0x000001727eb0c800,
0x000001727eb09a10, 0x000001727eb0e8d0, 0x000001727eb0ef60, 0x000001727eb0f5f0
}

Java Threads: ( => current thread )
  0x000001726c4aa140 JavaThread "main"                              [_thread_blocked, id=10112, stack(0x0000003a89c00000,0x0000003a89d00000) (1024K)]
  0x00000172781454c0 JavaThread "Reference Handler"          daemon [_thread_blocked, id=7520, stack(0x0000003a8a000000,0x0000003a8a100000) (1024K)]
  0x000001727626d6b0 JavaThread "Finalizer"                  daemon [_thread_blocked, id=22844, stack(0x0000003a8a100000,0x0000003a8a200000) (1024K)]
  0x0000017278147a00 JavaThread "Signal Dispatcher"          daemon [_thread_blocked, id=9472, stack(0x0000003a8a200000,0x0000003a8a300000) (1024K)]
  0x0000017278148650 JavaThread "Attach Listener"            daemon [_thread_blocked, id=26600, stack(0x0000003a8a300000,0x0000003a8a400000) (1024K)]
  0x00000172781492a0 JavaThread "Service Thread"             daemon [_thread_blocked, id=32124, stack(0x0000003a8a400000,0x0000003a8a500000) (1024K)]
  0x000001727814bd00 JavaThread "Monitor Deflation Thread"   daemon [_thread_blocked, id=8080, stack(0x0000003a8a500000,0x0000003a8a600000) (1024K)]
=>0x000001727814ca80 JavaThread "C2 CompilerThread0"         daemon [_thread_in_native, id=13332, stack(0x0000003a8a600000,0x0000003a8a700000) (1024K)]
  0x0000017278173af0 JavaThread "C1 CompilerThread0"         daemon [_thread_blocked, id=19424, stack(0x0000003a8a700000,0x0000003a8a800000) (1024K)]
  0x0000017278253620 JavaThread "Common-Cleaner"             daemon [_thread_blocked, id=23272, stack(0x0000003a8a800000,0x0000003a8a900000) (1024K)]
  0x0000017278482660 JavaThread "Notification Thread"        daemon [_thread_blocked, id=28580, stack(0x0000003a8a900000,0x0000003a8aa00000) (1024K)]
  0x00000172789f12e0 JavaThread "Active Thread: Equinox Container: 52de81ee-5ced-45bc-9ad4-2825c2c122ff"        [_thread_blocked, id=31912, stack(0x0000003a8b000000,0x0000003a8b100000) (1024K)]
  0x0000017278937830 JavaThread "Refresh Thread: Equinox Container: 52de81ee-5ced-45bc-9ad4-2825c2c122ff" daemon [_thread_blocked, id=4688, stack(0x0000003a8b200000,0x0000003a8b300000) (1024K)]
  0x000001727895fbe0 JavaThread "Framework Event Dispatcher: Equinox Container: 52de81ee-5ced-45bc-9ad4-2825c2c122ff" daemon [_thread_blocked, id=17072, stack(0x0000003a8b300000,0x0000003a8b400000) (1024K)]
  0x0000017278ba8810 JavaThread "Start Level: Equinox Container: 52de81ee-5ced-45bc-9ad4-2825c2c122ff" daemon [_thread_blocked, id=26224, stack(0x0000003a8b400000,0x0000003a8b500000) (1024K)]
  0x000001727875a2b0 JavaThread "Bundle File Closer"         daemon [_thread_blocked, id=18276, stack(0x0000003a8b700000,0x0000003a8b800000) (1024K)]
  0x000001727d1d5300 JavaThread "SCR Component Actor"        daemon [_thread_blocked, id=4500, stack(0x0000003a8b800000,0x0000003a8b900000) (1024K)]
  0x000001727844d100 JavaThread "Worker-JM"                         [_thread_blocked, id=32056, stack(0x0000003a8ba00000,0x0000003a8bb00000) (1024K)]
  0x000001727844d790 JavaThread "JNA Cleaner"                daemon [_thread_blocked, id=27936, stack(0x0000003a8bb00000,0x0000003a8bc00000) (1024K)]
  0x000001727844c3e0 JavaThread "Worker-0"                          [_thread_blocked, id=27748, stack(0x0000003a8bc00000,0x0000003a8bd00000) (1024K)]
  0x000001727844de20 JavaThread "Worker-1: Building"                [_thread_blocked, id=27404, stack(0x0000003a8bd00000,0x0000003a8be00000) (1024K)]
  0x000001727844e4b0 JavaThread "Worker-2: Loading available Gradle versions"        [_thread_blocked, id=31948, stack(0x0000003a8be00000,0x0000003a8bf00000) (1024K)]
  0x000001727844b030 JavaThread "Worker-3"                          [_thread_blocked, id=5556, stack(0x0000003a8bf00000,0x0000003a8c000000) (1024K)]
  0x0000017278501630 JavaThread "C2 CompilerThread1"         daemon [_thread_blocked, id=5528, stack(0x0000003a8c000000,0x0000003a8c100000) (1024K)]
  0x00000172784ffaf0 JavaThread "C2 CompilerThread2"         daemon [_thread_blocked, id=26756, stack(0x0000003a8c100000,0x0000003a8c200000) (1024K)]
  0x000001727844b6c0 JavaThread "Java indexing"              daemon [_thread_blocked, id=28504, stack(0x0000003a8c200000,0x0000003a8c300000) (1024K)]
  0x000001727844bd50 JavaThread "Worker-4: Initialize After Load"        [_thread_blocked, id=12804, stack(0x0000003a8b900000,0x0000003a8ba00000) (1024K)]
  0x0000017250618ab0 JavaThread "Worker-5: Java indexing... "        [_thread_blocked, id=22140, stack(0x0000003a8c500000,0x0000003a8c600000) (1024K)]
  0x0000017250616350 JavaThread "Thread-2"                   daemon [_thread_in_native, id=31680, stack(0x0000003a8c600000,0x0000003a8c700000) (1024K)]
  0x0000017250617070 JavaThread "Thread-3"                   daemon [_thread_in_native, id=24172, stack(0x0000003a8c700000,0x0000003a8c800000) (1024K)]
  0x0000017250617700 JavaThread "Thread-4"                   daemon [_thread_in_native, id=3576, stack(0x0000003a8c800000,0x0000003a8c900000) (1024K)]
  0x0000017250617d90 JavaThread "Thread-5"                   daemon [_thread_in_native, id=31340, stack(0x0000003a8c900000,0x0000003a8ca00000) (1024K)]
  0x0000017250618420 JavaThread "Thread-6"                   daemon [_thread_in_native, id=14676, stack(0x0000003a8ca00000,0x0000003a8cb00000) (1024K)]
  0x0000017250619140 JavaThread "Thread-7"                   daemon [_thread_in_native, id=19664, stack(0x0000003a8cb00000,0x0000003a8cc00000) (1024K)]
  0x0000017250615cc0 JavaThread "Thread-8"                   daemon [_thread_in_native, id=1400, stack(0x0000003a8cc00000,0x0000003a8cd00000) (1024K)]
  0x00000172506169e0 JavaThread "Thread-9"                   daemon [_thread_in_native, id=14924, stack(0x0000003a8cd00000,0x0000003a8ce00000) (1024K)]
  0x00000172512f0790 JavaThread "Thread-10"                  daemon [_thread_in_native, id=15012, stack(0x0000003a8ce00000,0x0000003a8cf00000) (1024K)]
  0x00000172512f0e20 JavaThread "Thread-11"                  daemon [_thread_in_native, id=14400, stack(0x0000003a8cf00000,0x0000003a8d000000) (1024K)]
  0x00000172512ee030 JavaThread "Thread-12"                  daemon [_thread_in_native, id=27552, stack(0x0000003a8d000000,0x0000003a8d100000) (1024K)]
  0x00000172512efa70 JavaThread "Thread-13"                  daemon [_thread_in_native, id=4356, stack(0x0000003a8d100000,0x0000003a8d200000) (1024K)]
  0x00000172512ee6c0 JavaThread "Thread-14"                  daemon [_thread_in_native, id=6448, stack(0x0000003a8d200000,0x0000003a8d300000) (1024K)]
  0x00000172512f0100 JavaThread "pool-2-thread-1"                   [_thread_blocked, id=9404, stack(0x0000003a8d300000,0x0000003a8d400000) (1024K)]
  0x00000172512f14b0 JavaThread "Worker-6"                          [_thread_blocked, id=11896, stack(0x0000003a8d400000,0x0000003a8d500000) (1024K)]
  0x00000172512ef3e0 JavaThread "Worker-7"                          [_thread_blocked, id=30444, stack(0x0000003a8d500000,0x0000003a8d600000) (1024K)]
  0x00000172512f1b40 JavaThread "WorkspaceEventsHandler"            [_thread_blocked, id=15628, stack(0x0000003a8d700000,0x0000003a8d800000) (1024K)]
  0x00000172512eed50 JavaThread "pool-1-thread-1"                   [_thread_blocked, id=5792, stack(0x0000003a8d800000,0x0000003a8d900000) (1024K)]
  0x00000172512f4fc0 JavaThread "LocalFile Deleter"          daemon [_thread_blocked, id=4980, stack(0x0000003a8d900000,0x0000003a8da00000) (1024K)]
  0x00000172512f2860 JavaThread "LocalFile Deleter"          daemon [_thread_blocked, id=7248, stack(0x0000003a8da00000,0x0000003a8db00000) (1024K)]
  0x00000172512f4930 JavaThread "LocalFile Deleter"          daemon [_thread_blocked, id=22592, stack(0x0000003a8db00000,0x0000003a8dc00000) (1024K)]
  0x00000172512f5650 JavaThread "LocalFile Deleter"          daemon [_thread_blocked, id=11796, stack(0x0000003a8dc00000,0x0000003a8dd00000) (1024K)]
  0x00000172512f2ef0 JavaThread "LocalFile Deleter"          daemon [_thread_blocked, id=4564, stack(0x0000003a8dd00000,0x0000003a8de00000) (1024K)]
  0x00000172512f3580 JavaThread "LocalFile Deleter"          daemon [_thread_blocked, id=15424, stack(0x0000003a8de00000,0x0000003a8df00000) (1024K)]
  0x00000172512f3c10 JavaThread "LocalFile Deleter"          daemon [_thread_blocked, id=32316, stack(0x0000003a8df00000,0x0000003a8e000000) (1024K)]
  0x000001727eb0a730 JavaThread "LocalFile Deleter"          daemon [_thread_blocked, id=2008, stack(0x0000003a8e000000,0x0000003a8e100000) (1024K)]
  0x000001727eb07fd0 JavaThread "LocalFile Deleter"          daemon [_thread_blocked, id=4812, stack(0x0000003a8e100000,0x0000003a8e200000) (1024K)]
  0x000001727eb0b450 JavaThread "LocalFile Deleter"          daemon [_thread_blocked, id=25536, stack(0x0000003a8e200000,0x0000003a8e300000) (1024K)]
  0x000001727eb09380 JavaThread "LocalFile Deleter"          daemon [_thread_blocked, id=30740, stack(0x0000003a8e300000,0x0000003a8e400000) (1024K)]
  0x000001727eb08660 JavaThread "LocalFile Deleter"          daemon [_thread_blocked, id=12716, stack(0x0000003a8e400000,0x0000003a8e500000) (1024K)]
  0x000001727eb0a0a0 JavaThread "Compiler Source File Reader" daemon [_thread_blocked, id=23456, stack(0x0000003a8e500000,0x0000003a8e600000) (1024K)]
  0x000001727eb0adc0 JavaThread "Compiler Source File Reader" daemon [_thread_blocked, id=30280, stack(0x0000003a8e600000,0x0000003a8e700000) (1024K)]
  0x000001727eb0bae0 JavaThread "Compiler Source File Reader" daemon [_thread_blocked, id=13296, stack(0x0000003a8e700000,0x0000003a8e800000) (1024K)]
  0x000001727eb0c170 JavaThread "Compiler Source File Reader" daemon [_thread_blocked, id=10696, stack(0x0000003a8e800000,0x0000003a8e900000) (1024K)]
  0x000001727eb08cf0 JavaThread "Compiler Source File Reader" daemon [_thread_blocked, id=1520, stack(0x0000003a8e900000,0x0000003a8ea00000) (1024K)]
  0x000001727eb0c800 JavaThread "Compiler Source File Reader" daemon [_thread_blocked, id=9296, stack(0x0000003a8ea00000,0x0000003a8eb00000) (1024K)]
  0x000001727eb09a10 JavaThread "Compiler Source File Reader" daemon [_thread_blocked, id=5140, stack(0x0000003a8eb00000,0x0000003a8ec00000) (1024K)]
  0x000001727eb0e8d0 JavaThread "Compiler Source File Reader" daemon [_thread_blocked, id=26776, stack(0x0000003a8ec00000,0x0000003a8ed00000) (1024K)]
  0x000001727eb0ef60 JavaThread "Compiler Source File Reader" daemon [_thread_blocked, id=18284, stack(0x0000003a8ed00000,0x0000003a8ee00000) (1024K)]
  0x000001727eb0f5f0 JavaThread "Compiler Source File Reader" daemon [_thread_blocked, id=27768, stack(0x0000003a8ee00000,0x0000003a8ef00000) (1024K)]
Total: 68

Other Threads:
  0x00000172762547a0 VMThread "VM Thread"                           [id=30776, stack(0x0000003a89f00000,0x0000003a8a000000) (1024K)]
  0x000001727614ca00 WatcherThread "VM Periodic Task Thread"        [id=2176, stack(0x0000003a89e00000,0x0000003a89f00000) (1024K)]
  0x000001726e7eba40 WorkerThread "GC Thread#0"                     [id=18444, stack(0x0000003a89d00000,0x0000003a89e00000) (1024K)]
  0x0000017278702a80 WorkerThread "GC Thread#1"                     [id=3092, stack(0x0000003a8aa00000,0x0000003a8ab00000) (1024K)]
  0x0000017278702e20 WorkerThread "GC Thread#2"                     [id=6108, stack(0x0000003a8ab00000,0x0000003a8ac00000) (1024K)]
  0x0000017278a69880 WorkerThread "GC Thread#3"                     [id=18016, stack(0x0000003a8ac00000,0x0000003a8ad00000) (1024K)]
  0x0000017278a69c20 WorkerThread "GC Thread#4"                     [id=22208, stack(0x0000003a8ad00000,0x0000003a8ae00000) (1024K)]
  0x0000017278a69fc0 WorkerThread "GC Thread#5"                     [id=31592, stack(0x0000003a8ae00000,0x0000003a8af00000) (1024K)]
  0x0000017278b9dde0 WorkerThread "GC Thread#6"                     [id=17272, stack(0x0000003a8af00000,0x0000003a8b000000) (1024K)]
  0x00000172789b6ec0 WorkerThread "GC Thread#7"                     [id=2572, stack(0x0000003a8b100000,0x0000003a8b200000) (1024K)]
  0x000001727d2c3420 WorkerThread "GC Thread#8"                     [id=25504, stack(0x0000003a8b500000,0x0000003a8b600000) (1024K)]
  0x000001727d2734b0 WorkerThread "GC Thread#9"                     [id=31644, stack(0x0000003a8b600000,0x0000003a8b700000) (1024K)]
Total: 12

Threads with active compile tasks:
C2 CompilerThread0  36450 9389 % !   4       org.eclipse.jdt.internal.compiler.classfmt.ClassFileReader::<init> @ 81 (2135 bytes)
C1 CompilerThread0  36450 9535       3       org.eclipse.osgi.container.ModuleDatabase$Persistence::writeWiring (453 bytes)
C2 CompilerThread1  36450 9506       4       org.eclipse.jdt.internal.compiler.classfmt.MethodInfo::decodeCodeAttribute (143 bytes)
C2 CompilerThread2  36450 9448       4       java.nio.file.Files::newByteChannel (36 bytes)
Total: 4

VM state: at safepoint (normal execution)

VM Mutex/Monitor currently owned by a thread:  ([mutex/lock_event])
[0x00007ffda445e308] Threads_lock - owner thread: 0x00000172762547a0
[0x00007ffda445e408] Heap_lock - owner thread: 0x000001727844de20
[0x00007ffda445e888] PSOldGenExpand_lock - owner thread: 0x000001726e7eba40

Heap address: 0x0000000080000000, size: 2048 MB, Compressed Oops mode: 32-bit

CDS archive(s) mapped at: [0x000001720f000000-0x000001720fba0000-0x000001720fba0000), size 12189696, SharedBaseAddress: 0x000001720f000000, ArchiveRelocationMode: 1.
Compressed class space mapped at: 0x0000017210000000-0x0000017250000000, reserved size: 1073741824
Narrow klass base: 0x000001720f000000, Narrow klass shift: 0, Narrow klass range: 0x100000000

GC Precious Log:
 CardTable entry size: 512
 CPUs: 12 total, 12 available
 Memory: 6005M
 Large Page Support: Disabled
 NUMA Support: Disabled
 Compressed Oops: Enabled (32-bit)
 Alignments: Space 512K, Generation 512K, Heap 2M
 Heap Min Capacity: 100M
 Heap Initial Capacity: 100M
 Heap Max Capacity: 2G
 Pre-touch: Disabled
 Parallel Workers: 10

Heap:
 PSYoungGen      total 9216K, used 8990K [0x00000000d5580000, 0x00000000d6080000, 0x0000000100000000)
  eden space 7168K, 100% used [0x00000000d5580000,0x00000000d5c80000,0x00000000d5c80000)
  from space 2048K, 88% used [0x00000000d5e80000,0x00000000d6047958,0x00000000d6080000)
  to   space 2048K, 51% used [0x00000000d5c80000,0x00000000d5d88000,0x00000000d5e80000)
 ParOldGen       total 113152K, used 113150K [0x0000000080000000, 0x0000000086e80000, 0x00000000d5580000)
  object space 113152K, 99% used [0x0000000080000000,0x0000000086e7fa48,0x0000000086e80000)
 Metaspace       used 60600K, committed 61888K, reserved 1114112K
  class space    used 6354K, committed 6912K, reserved 1048576K

Card table byte_map: [0x000001726e170000,0x000001726e580000] _byte_map_base: 0x000001726dd70000

Marking Bits: (ParMarkBitMap*) 0x00007ffda44631f0
 Begin Bits: [0x0000017271c70000, 0x0000017273c70000)
 End Bits:   [0x0000017273c70000, 0x0000017275c70000)

Polling page: 0x000001726c790000

Metaspace:

Usage:
  Non-class:     52.98 MB used.
      Class:      6.21 MB used.
       Both:     59.18 MB used.

Virtual space:
  Non-class space:       64.00 MB reserved,      53.69 MB ( 84%) committed,  1 nodes.
      Class space:        1.00 GB reserved,       6.75 MB ( <1%) committed,  1 nodes.
             Both:        1.06 GB reserved,      60.44 MB (  6%) committed. 

Chunk freelists:
   Non-Class:  10.09 MB
       Class:  9.13 MB
        Both:  19.22 MB

MaxMetaspaceSize: unlimited
CompressedClassSpaceSize: 1.00 GB
Initial GC threshold: 21.00 MB
Current GC threshold: 97.31 MB
CDS: on
 - commit_granule_bytes: 65536.
 - commit_granule_words: 8192.
 - virtual_space_node_default_size: 8388608.
 - enlarge_chunks_in_place: 1.
 - use_allocation_guard: 0.


Internal statistics:

num_allocs_failed_limit: 9.
num_arena_births: 1134.
num_arena_deaths: 14.
num_vsnodes_births: 2.
num_vsnodes_deaths: 0.
num_space_committed: 967.
num_space_uncommitted: 0.
num_chunks_returned_to_freelist: 23.
num_chunks_taken_from_freelist: 3952.
num_chunk_merges: 10.
num_chunk_splits: 2304.
num_chunks_enlarged: 1106.
num_inconsistent_stats: 0.

CodeHeap 'non-profiled nmethods': size=120000Kb used=5326Kb max_used=5326Kb free=114673Kb
 bounds [0x0000017207ad0000, 0x0000017208010000, 0x000001720f000000]
CodeHeap 'profiled nmethods': size=120000Kb used=18283Kb max_used=18283Kb free=101716Kb
 bounds [0x0000017200000000, 0x00000172011e0000, 0x0000017207530000]
CodeHeap 'non-nmethods': size=5760Kb used=1440Kb max_used=1520Kb free=4319Kb
 bounds [0x0000017207530000, 0x00000172077a0000, 0x0000017207ad0000]
 total_blobs=9407 nmethods=8656 adapters=657
 compilation: enabled
              stopped_count=0, restarted_count=0
 full_count=0

Compilation events (20 events):
Event: 34.277 Thread 0x0000017278173af0 nmethod 9494 0x00000172011b4210 code [0x00000172011b4400, 0x00000172011b48f0]
Event: 34.285 Thread 0x0000017278501630 nmethod 9493 0x0000017207ffaf10 code [0x0000017207ffb100, 0x0000017207ffb698]
Event: 34.285 Thread 0x0000017278501630 9475       4       java.util.TimSort::sort (229 bytes)
Event: 34.294 Thread 0x00000172784ffaf0 nmethod 9446 0x0000017207ffb910 code [0x0000017207ffbc20, 0x0000017207ffe4a8]
Event: 34.294 Thread 0x00000172784ffaf0 9489       4       java.io.DataOutputStream::incCount (20 bytes)
Event: 34.295 Thread 0x00000172784ffaf0 nmethod 9489 0x0000017207fffc10 code [0x0000017207fffda0, 0x0000017207fffe50]
Event: 34.295 Thread 0x00000172784ffaf0 9488       4       java.io.BufferedOutputStream::growIfNeeded (59 bytes)
Event: 34.298 Thread 0x00000172784ffaf0 nmethod 9488 0x0000017207ffff10 code [0x00000172080000a0, 0x00000172080001d0]
Event: 34.298 Thread 0x00000172784ffaf0 9474   !   4       jdk.internal.ref.PhantomCleanable::remove (60 bytes)
Event: 34.301 Thread 0x00000172784ffaf0 nmethod 9474 0x0000017208000310 code [0x00000172080004a0, 0x0000017208000798]
Event: 34.301 Thread 0x00000172784ffaf0 9479       4       java.util.Collections$UnmodifiableMap$UnmodifiableEntrySet$1::hasNext (10 bytes)
Event: 34.303 Thread 0x00000172784ffaf0 nmethod 9479 0x0000017208000910 code [0x0000017208000aa0, 0x0000017208000b70]
Event: 34.303 Thread 0x00000172784ffaf0 9407       4       java.util.ArrayDeque::addLast (51 bytes)
Event: 34.305 Thread 0x00000172784ffaf0 nmethod 9407 0x0000017208000c10 code [0x0000017208000da0, 0x0000017208000f20]
Event: 34.306 Thread 0x00000172784ffaf0 9448       4       java.nio.file.Files::newByteChannel (36 bytes)
Event: 34.329 Thread 0x0000017278173af0 9495       3       org.eclipse.jdt.apt.core.internal.util.FactoryContainer::getFactoryNames (20 bytes)
Event: 34.330 Thread 0x0000017278173af0 nmethod 9495 0x00000172011b4a10 code [0x00000172011b4bc0, 0x00000172011b4e60]
Event: 34.332 Thread 0x0000017278173af0 9497   !   3       org.eclipse.osgi.internal.framework.FilterImpl$Parser::parse (68 bytes)
Event: 34.334 Thread 0x0000017278173af0 nmethod 9497 0x00000172011b4f90 code [0x00000172011b51e0, 0x00000172011b5928]
Event: 34.342 Thread 0x0000017278173af0 9498       3       org.eclipse.osgi.container.ModuleDatabase$Persistence::writeVersion (88 bytes)

GC Heap History (20 events):
Event: 31.868 GC heap before
{Heap before GC invocations=55 (full 3):
 PSYoungGen      total 13824K, used 13789K [0x00000000d5580000, 0x00000000d6480000, 0x0000000100000000)
  eden space 12288K, 100% used [0x00000000d5580000,0x00000000d6180000,0x00000000d6180000)
  from space 1536K, 97% used [0x00000000d6200000,0x00000000d63774e8,0x00000000d6380000)
  to   space 1024K, 0% used [0x00000000d6380000,0x00000000d6380000,0x00000000d6480000)
 ParOldGen       total 90624K, used 90486K [0x0000000080000000, 0x0000000085880000, 0x00000000d5580000)
  object space 90624K, 99% used [0x0000000080000000,0x000000008585dae8,0x0000000085880000)
 Metaspace       used 59789K, committed 61120K, reserved 1114112K
  class space    used 6299K, committed 6912K, reserved 1048576K
}
Event: 31.874 GC heap after
{Heap after GC invocations=55 (full 3):
 PSYoungGen      total 11264K, used 1023K [0x00000000d5580000, 0x00000000d6980000, 0x0000000100000000)
  eden space 10240K, 0% used [0x00000000d5580000,0x00000000d5580000,0x00000000d5f80000)
  from space 1024K, 99% used [0x00000000d6380000,0x00000000d647fcd0,0x00000000d6480000)
  to   space 4096K, 0% used [0x00000000d5f80000,0x00000000d5f80000,0x00000000d6380000)
 ParOldGen       total 93184K, used 92937K [0x0000000080000000, 0x0000000085b00000, 0x00000000d5580000)
  object space 93184K, 99% used [0x0000000080000000,0x0000000085ac26d8,0x0000000085b00000)
 Metaspace       used 59789K, committed 61120K, reserved 1114112K
  class space    used 6299K, committed 6912K, reserved 1048576K
}
Event: 32.168 GC heap before
{Heap before GC invocations=56 (full 3):
 PSYoungGen      total 11264K, used 11263K [0x00000000d5580000, 0x00000000d6980000, 0x0000000100000000)
  eden space 10240K, 100% used [0x00000000d5580000,0x00000000d5f80000,0x00000000d5f80000)
  from space 1024K, 99% used [0x00000000d6380000,0x00000000d647fcd0,0x00000000d6480000)
  to   space 4096K, 0% used [0x00000000d5f80000,0x00000000d5f80000,0x00000000d6380000)
 ParOldGen       total 93184K, used 92937K [0x0000000080000000, 0x0000000085b00000, 0x00000000d5580000)
  object space 93184K, 99% used [0x0000000080000000,0x0000000085ac26d8,0x0000000085b00000)
 Metaspace       used 59873K, committed 61248K, reserved 1114112K
  class space    used 6304K, committed 6912K, reserved 1048576K
}
Event: 32.175 GC heap after
{Heap after GC invocations=56 (full 3):
 PSYoungGen      total 12800K, used 2221K [0x00000000d5580000, 0x00000000d6580000, 0x0000000100000000)
  eden space 10240K, 0% used [0x00000000d5580000,0x00000000d5580000,0x00000000d5f80000)
  from space 2560K, 86% used [0x00000000d5f80000,0x00000000d61ab400,0x00000000d6200000)
  to   space 3072K, 0% used [0x00000000d6280000,0x00000000d6280000,0x00000000d6580000)
 ParOldGen       total 94208K, used 93953K [0x0000000080000000, 0x0000000085c00000, 0x00000000d5580000)
  object space 94208K, 99% used [0x0000000080000000,0x0000000085bc0750,0x0000000085c00000)
 Metaspace       used 59873K, committed 61248K, reserved 1114112K
  class space    used 6304K, committed 6912K, reserved 1048576K
}
Event: 32.363 GC heap before
{Heap before GC invocations=57 (full 3):
 PSYoungGen      total 12800K, used 12461K [0x00000000d5580000, 0x00000000d6580000, 0x0000000100000000)
  eden space 10240K, 100% used [0x00000000d5580000,0x00000000d5f80000,0x00000000d5f80000)
  from space 2560K, 86% used [0x00000000d5f80000,0x00000000d61ab400,0x00000000d6200000)
  to   space 3072K, 0% used [0x00000000d6280000,0x00000000d6280000,0x00000000d6580000)
 ParOldGen       total 94208K, used 93953K [0x0000000080000000, 0x0000000085c00000, 0x00000000d5580000)
  object space 94208K, 99% used [0x0000000080000000,0x0000000085bc0750,0x0000000085c00000)
 Metaspace       used 59875K, committed 61248K, reserved 1114112K
  class space    used 6304K, committed 6912K, reserved 1048576K
}
Event: 32.371 GC heap after
{Heap after GC invocations=57 (full 3):
 PSYoungGen      total 13312K, used 2758K [0x00000000d5580000, 0x00000000d6580000, 0x0000000100000000)
  eden space 10240K, 0% used [0x00000000d5580000,0x00000000d5580000,0x00000000d5f80000)
  from space 3072K, 89% used [0x00000000d6280000,0x00000000d6531918,0x00000000d6580000)
  to   space 3072K, 0% used [0x00000000d5f80000,0x00000000d5f80000,0x00000000d6280000)
 ParOldGen       total 96256K, used 96027K [0x0000000080000000, 0x0000000085e00000, 0x00000000d5580000)
  object space 96256K, 99% used [0x0000000080000000,0x0000000085dc6d78,0x0000000085e00000)
 Metaspace       used 59875K, committed 61248K, reserved 1114112K
  class space    used 6304K, committed 6912K, reserved 1048576K
}
Event: 32.698 GC heap before
{Heap before GC invocations=58 (full 3):
 PSYoungGen      total 13312K, used 12998K [0x00000000d5580000, 0x00000000d6580000, 0x0000000100000000)
  eden space 10240K, 100% used [0x00000000d5580000,0x00000000d5f80000,0x00000000d5f80000)
  from space 3072K, 89% used [0x00000000d6280000,0x00000000d6531918,0x00000000d6580000)
  to   space 3072K, 0% used [0x00000000d5f80000,0x00000000d5f80000,0x00000000d6280000)
 ParOldGen       total 96256K, used 96027K [0x0000000080000000, 0x0000000085e00000, 0x00000000d5580000)
  object space 96256K, 99% used [0x0000000080000000,0x0000000085dc6d78,0x0000000085e00000)
 Metaspace       used 60099K, committed 61440K, reserved 1114112K
  class space    used 6329K, committed 6912K, reserved 1048576K
}
Event: 32.707 GC heap after
{Heap after GC invocations=58 (full 3):
 PSYoungGen      total 12800K, used 2255K [0x00000000d5580000, 0x00000000d6480000, 0x0000000100000000)
  eden space 10240K, 0% used [0x00000000d5580000,0x00000000d5580000,0x00000000d5f80000)
  from space 2560K, 88% used [0x00000000d5f80000,0x00000000d61b3d78,0x00000000d6200000)
  to   space 2560K, 0% used [0x00000000d6200000,0x00000000d6200000,0x00000000d6480000)
 ParOldGen       total 98816K, used 98622K [0x0000000080000000, 0x0000000086080000, 0x00000000d5580000)
  object space 98816K, 99% used [0x0000000080000000,0x000000008604faf8,0x0000000086080000)
 Metaspace       used 60099K, committed 61440K, reserved 1114112K
  class space    used 6329K, committed 6912K, reserved 1048576K
}
Event: 32.952 GC heap before
{Heap before GC invocations=59 (full 3):
 PSYoungGen      total 12800K, used 12495K [0x00000000d5580000, 0x00000000d6480000, 0x0000000100000000)
  eden space 10240K, 100% used [0x00000000d5580000,0x00000000d5f80000,0x00000000d5f80000)
  from space 2560K, 88% used [0x00000000d5f80000,0x00000000d61b3d78,0x00000000d6200000)
  to   space 2560K, 0% used [0x00000000d6200000,0x00000000d6200000,0x00000000d6480000)
 ParOldGen       total 98816K, used 98622K [0x0000000080000000, 0x0000000086080000, 0x00000000d5580000)
  object space 98816K, 99% used [0x0000000080000000,0x000000008604faf8,0x0000000086080000)
 Metaspace       used 60382K, committed 61696K, reserved 1114112K
  class space    used 6347K, committed 6912K, reserved 1048576K
}
Event: 32.958 GC heap after
{Heap after GC invocations=59 (full 3):
 PSYoungGen      total 12800K, used 2141K [0x00000000d5580000, 0x00000000d6480000, 0x0000000100000000)
  eden space 10240K, 0% used [0x00000000d5580000,0x00000000d5580000,0x00000000d5f80000)
  from space 2560K, 83% used [0x00000000d6200000,0x00000000d6417500,0x00000000d6480000)
  to   space 2560K, 0% used [0x00000000d5f80000,0x00000000d5f80000,0x00000000d6200000)
 ParOldGen       total 100864K, used 100733K [0x0000000080000000, 0x0000000086280000, 0x00000000d5580000)
  object space 100864K, 99% used [0x0000000080000000,0x000000008625f4e8,0x0000000086280000)
 Metaspace       used 60382K, committed 61696K, reserved 1114112K
  class space    used 6347K, committed 6912K, reserved 1048576K
}
Event: 33.227 GC heap before
{Heap before GC invocations=60 (full 3):
 PSYoungGen      total 12800K, used 12381K [0x00000000d5580000, 0x00000000d6480000, 0x0000000100000000)
  eden space 10240K, 100% used [0x00000000d5580000,0x00000000d5f80000,0x00000000d5f80000)
  from space 2560K, 83% used [0x00000000d6200000,0x00000000d6417500,0x00000000d6480000)
  to   space 2560K, 0% used [0x00000000d5f80000,0x00000000d5f80000,0x00000000d6200000)
 ParOldGen       total 100864K, used 100733K [0x0000000080000000, 0x0000000086280000, 0x00000000d5580000)
  object space 100864K, 99% used [0x0000000080000000,0x000000008625f4e8,0x0000000086280000)
 Metaspace       used 60518K, committed 61760K, reserved 1114112K
  class space    used 6351K, committed 6912K, reserved 1048576K
}
Event: 33.232 GC heap after
{Heap after GC invocations=60 (full 3):
 PSYoungGen      total 12800K, used 2172K [0x00000000d5580000, 0x00000000d6480000, 0x0000000100000000)
  eden space 10240K, 0% used [0x00000000d5580000,0x00000000d5580000,0x00000000d5f80000)
  from space 2560K, 84% used [0x00000000d5f80000,0x00000000d619f250,0x00000000d6200000)
  to   space 2560K, 0% used [0x00000000d6200000,0x00000000d6200000,0x00000000d6480000)
 ParOldGen       total 102912K, used 102647K [0x0000000080000000, 0x0000000086480000, 0x00000000d5580000)
  object space 102912K, 99% used [0x0000000080000000,0x000000008643def8,0x0000000086480000)
 Metaspace       used 60518K, committed 61760K, reserved 1114112K
  class space    used 6351K, committed 6912K, reserved 1048576K
}
Event: 33.573 GC heap before
{Heap before GC invocations=61 (full 3):
 PSYoungGen      total 12800K, used 12412K [0x00000000d5580000, 0x00000000d6480000, 0x0000000100000000)
  eden space 10240K, 100% used [0x00000000d5580000,0x00000000d5f80000,0x00000000d5f80000)
  from space 2560K, 84% used [0x00000000d5f80000,0x00000000d619f250,0x00000000d6200000)
  to   space 2560K, 0% used [0x00000000d6200000,0x00000000d6200000,0x00000000d6480000)
 ParOldGen       total 102912K, used 102647K [0x0000000080000000, 0x0000000086480000, 0x00000000d5580000)
  object space 102912K, 99% used [0x0000000080000000,0x000000008643def8,0x0000000086480000)
 Metaspace       used 60520K, committed 61760K, reserved 1114112K
  class space    used 6351K, committed 6912K, reserved 1048576K
}
Event: 33.582 GC heap after
{Heap after GC invocations=61 (full 3):
 PSYoungGen      total 9728K, used 2541K [0x00000000d5580000, 0x00000000d6a80000, 0x0000000100000000)
  eden space 7168K, 0% used [0x00000000d5580000,0x00000000d5580000,0x00000000d5c80000)
  from space 2560K, 99% used [0x00000000d6200000,0x00000000d647b658,0x00000000d6480000)
  to   space 5632K, 0% used [0x00000000d5c80000,0x00000000d5c80000,0x00000000d6200000)
 ParOldGen       total 105472K, used 105002K [0x0000000080000000, 0x0000000086700000, 0x00000000d5580000)
  object space 105472K, 99% used [0x0000000080000000,0x000000008668a800,0x0000000086700000)
 Metaspace       used 60520K, committed 61760K, reserved 1114112K
  class space    used 6351K, committed 6912K, reserved 1048576K
}
Event: 33.754 GC heap before
{Heap before GC invocations=62 (full 3):
 PSYoungGen      total 9728K, used 9709K [0x00000000d5580000, 0x00000000d6a80000, 0x0000000100000000)
  eden space 7168K, 100% used [0x00000000d5580000,0x00000000d5c80000,0x00000000d5c80000)
  from space 2560K, 99% used [0x00000000d6200000,0x00000000d647b658,0x00000000d6480000)
  to   space 5632K, 0% used [0x00000000d5c80000,0x00000000d5c80000,0x00000000d6200000)
 ParOldGen       total 105472K, used 105002K [0x0000000080000000, 0x0000000086700000, 0x00000000d5580000)
  object space 105472K, 99% used [0x0000000080000000,0x000000008668a800,0x0000000086700000)
 Metaspace       used 60520K, committed 61760K, reserved 1114112K
  class space    used 6351K, committed 6912K, reserved 1048576K
}
Event: 33.760 GC heap after
{Heap after GC invocations=62 (full 3):
 PSYoungGen      total 9216K, used 1899K [0x00000000d5580000, 0x00000000d6280000, 0x0000000100000000)
  eden space 7168K, 0% used [0x00000000d5580000,0x00000000d5580000,0x00000000d5c80000)
  from space 2048K, 92% used [0x00000000d5c80000,0x00000000d5e5ad10,0x00000000d5e80000)
  to   space 3072K, 0% used [0x00000000d5f80000,0x00000000d5f80000,0x00000000d6280000)
 ParOldGen       total 108032K, used 107524K [0x0000000080000000, 0x0000000086980000, 0x00000000d5580000)
  object space 108032K, 99% used [0x0000000080000000,0x0000000086901100,0x0000000086980000)
 Metaspace       used 60520K, committed 61760K, reserved 1114112K
  class space    used 6351K, committed 6912K, reserved 1048576K
}
Event: 34.076 GC heap before
{Heap before GC invocations=63 (full 3):
 PSYoungGen      total 9216K, used 9059K [0x00000000d5580000, 0x00000000d6280000, 0x0000000100000000)
  eden space 7168K, 99% used [0x00000000d5580000,0x00000000d5c7e158,0x00000000d5c80000)
  from space 2048K, 92% used [0x00000000d5c80000,0x00000000d5e5ad10,0x00000000d5e80000)
  to   space 3072K, 0% used [0x00000000d5f80000,0x00000000d5f80000,0x00000000d6280000)
 ParOldGen       total 108032K, used 107524K [0x0000000080000000, 0x0000000086980000, 0x00000000d5580000)
  object space 108032K, 99% used [0x0000000080000000,0x0000000086901100,0x0000000086980000)
 Metaspace       used 60534K, committed 61824K, reserved 1114112K
  class space    used 6351K, committed 6912K, reserved 1048576K
}
Event: 34.082 GC heap after
{Heap after GC invocations=63 (full 3):
 PSYoungGen      total 9216K, used 1810K [0x00000000d5580000, 0x00000000d6180000, 0x0000000100000000)
  eden space 7168K, 0% used [0x00000000d5580000,0x00000000d5580000,0x00000000d5c80000)
  from space 2048K, 88% used [0x00000000d5f80000,0x00000000d61449e8,0x00000000d6180000)
  to   space 2048K, 0% used [0x00000000d5c80000,0x00000000d5c80000,0x00000000d5e80000)
 ParOldGen       total 109568K, used 109249K [0x0000000080000000, 0x0000000086b00000, 0x00000000d5580000)
  object space 109568K, 99% used [0x0000000080000000,0x0000000086ab05f0,0x0000000086b00000)
 Metaspace       used 60534K, committed 61824K, reserved 1114112K
  class space    used 6351K, committed 6912K, reserved 1048576K
}
Event: 34.226 GC heap before
{Heap before GC invocations=64 (full 3):
 PSYoungGen      total 9216K, used 8978K [0x00000000d5580000, 0x00000000d6180000, 0x0000000100000000)
  eden space 7168K, 100% used [0x00000000d5580000,0x00000000d5c80000,0x00000000d5c80000)
  from space 2048K, 88% used [0x00000000d5f80000,0x00000000d61449e8,0x00000000d6180000)
  to   space 2048K, 0% used [0x00000000d5c80000,0x00000000d5c80000,0x00000000d5e80000)
 ParOldGen       total 109568K, used 109249K [0x0000000080000000, 0x0000000086b00000, 0x00000000d5580000)
  object space 109568K, 99% used [0x0000000080000000,0x0000000086ab05f0,0x0000000086b00000)
 Metaspace       used 60555K, committed 61824K, reserved 1114112K
  class space    used 6354K, committed 6912K, reserved 1048576K
}
Event: 34.235 GC heap after
{Heap after GC invocations=64 (full 3):
 PSYoungGen      total 9216K, used 1699K [0x00000000d5580000, 0x00000000d6080000, 0x0000000100000000)
  eden space 7168K, 0% used [0x00000000d5580000,0x00000000d5580000,0x00000000d5c80000)
  from space 2048K, 83% used [0x00000000d5c80000,0x00000000d5e28fa8,0x00000000d5e80000)
  to   space 2048K, 0% used [0x00000000d5e80000,0x00000000d5e80000,0x00000000d6080000)
 ParOldGen       total 111104K, used 110826K [0x0000000080000000, 0x0000000086c80000, 0x00000000d5580000)
  object space 111104K, 99% used [0x0000000080000000,0x0000000086c3aac8,0x0000000086c80000)
 Metaspace       used 60555K, committed 61824K, reserved 1114112K
  class space    used 6354K, committed 6912K, reserved 1048576K
}

Dll operation events (12 events):
Event: 0.039 Loaded shared library c:\Users\Admin\.vscode\extensions\redhat.java-1.43.1-win32-x64\jre\21.0.7-win32-x86_64\bin\java.dll
Event: 0.243 Loaded shared library c:\Users\Admin\.vscode\extensions\redhat.java-1.43.1-win32-x64\jre\21.0.7-win32-x86_64\bin\zip.dll
Event: 0.297 Loaded shared library C:\Users\Admin\.vscode\extensions\redhat.java-1.43.1-win32-x64\jre\21.0.7-win32-x86_64\bin\instrument.dll
Event: 0.309 Loaded shared library C:\Users\Admin\.vscode\extensions\redhat.java-1.43.1-win32-x64\jre\21.0.7-win32-x86_64\bin\net.dll
Event: 0.316 Loaded shared library C:\Users\Admin\.vscode\extensions\redhat.java-1.43.1-win32-x64\jre\21.0.7-win32-x86_64\bin\nio.dll
Event: 0.324 Loaded shared library C:\Users\Admin\.vscode\extensions\redhat.java-1.43.1-win32-x64\jre\21.0.7-win32-x86_64\bin\zip.dll
Event: 0.384 Loaded shared library C:\Users\Admin\.vscode\extensions\redhat.java-1.43.1-win32-x64\jre\21.0.7-win32-x86_64\bin\jimage.dll
Event: 0.635 Loaded shared library c:\Users\Admin\.vscode\extensions\redhat.java-1.43.1-win32-x64\jre\21.0.7-win32-x86_64\bin\verify.dll
Event: 5.027 Loaded shared library C:\Users\Admin\AppData\Roaming\Code\User\globalStorage\redhat.java\1.43.1\config_win\org.eclipse.equinox.launcher\org.eclipse.equinox.launcher.win32.win32.x86_64_1.2.1300.v20250331-1702\eclipse_11911.dll
Event: 13.524 Loaded shared library C:\Users\Admin\AppData\Local\Temp\jna-63116079\jna5313083544105004009.dll
Event: 22.143 Loaded shared library C:\Users\Admin\.vscode\extensions\redhat.java-1.43.1-win32-x64\jre\21.0.7-win32-x86_64\bin\sunmscapi.dll
Event: 23.400 Loaded shared library C:\Users\Admin\.vscode\extensions\redhat.java-1.43.1-win32-x64\jre\21.0.7-win32-x86_64\bin\extnet.dll

Deoptimization events (20 events):
Event: 34.084 Thread 0x00000172789f12e0 DEOPT PACKING pc=0x0000017207e3c180 sp=0x0000003a8b0fec50
Event: 34.084 Thread 0x00000172789f12e0 DEOPT UNPACKING pc=0x0000017207583aa2 sp=0x0000003a8b0feb68 mode 2
Event: 34.084 Thread 0x00000172789f12e0 Uncommon trap: trap_request=0xffffffde fr.pc=0x0000017207bb32bc relative=0x000000000000017c
Event: 34.086 Thread 0x00000172789f12e0 Uncommon trap: reason=class_check action=maybe_recompile pc=0x0000017207bb32bc method=java.util.ArrayList.hashCodeRange(II)I @ 53 c2
Event: 34.087 Thread 0x00000172789f12e0 DEOPT PACKING pc=0x0000017207bb32bc sp=0x0000003a8b0febe0
Event: 34.087 Thread 0x00000172789f12e0 DEOPT UNPACKING pc=0x0000017207583aa2 sp=0x0000003a8b0feb68 mode 2
Event: 34.152 Thread 0x000001727844de20 DEOPT PACKING pc=0x00000172008f237b sp=0x0000003a8bdfe220
Event: 34.152 Thread 0x000001727844de20 DEOPT UNPACKING pc=0x0000017207584242 sp=0x0000003a8bdfd690 mode 0
Event: 34.251 Thread 0x00000172789f12e0 Uncommon trap: trap_request=0xffffff45 fr.pc=0x0000017207f8359c relative=0x000000000000065c
Event: 34.251 Thread 0x00000172789f12e0 Uncommon trap: reason=unstable_if action=reinterpret pc=0x0000017207f8359c method=java.util.HashMap.putVal(ILjava/lang/Object;Ljava/lang/Object;ZZ)Ljava/lang/Object; @ 94 c2
Event: 34.251 Thread 0x00000172789f12e0 DEOPT PACKING pc=0x0000017207f8359c sp=0x0000003a8b0feef0
Event: 34.251 Thread 0x00000172789f12e0 DEOPT UNPACKING pc=0x0000017207583aa2 sp=0x0000003a8b0fede8 mode 2
Event: 34.268 Thread 0x00000172789f12e0 Uncommon trap: trap_request=0xffffff45 fr.pc=0x0000017207b65728 relative=0x0000000000000148
Event: 34.268 Thread 0x00000172789f12e0 Uncommon trap: reason=unstable_if action=reinterpret pc=0x0000017207b65728 method=java.util.HashMap.getNode(Ljava/lang/Object;)Ljava/util/HashMap$Node; @ 66 c2
Event: 34.268 Thread 0x00000172789f12e0 DEOPT PACKING pc=0x0000017207b65728 sp=0x0000003a8b0fef70
Event: 34.268 Thread 0x00000172789f12e0 DEOPT UNPACKING pc=0x0000017207583aa2 sp=0x0000003a8b0fee80 mode 2
Event: 34.268 Thread 0x00000172789f12e0 Uncommon trap: trap_request=0xffffff45 fr.pc=0x0000017207b62d28 relative=0x0000000000000148
Event: 34.268 Thread 0x00000172789f12e0 Uncommon trap: reason=unstable_if action=reinterpret pc=0x0000017207b62d28 method=java.util.HashMap.getNode(Ljava/lang/Object;)Ljava/util/HashMap$Node; @ 66 c2
Event: 34.268 Thread 0x00000172789f12e0 DEOPT PACKING pc=0x0000017207b62d28 sp=0x0000003a8b0fee90
Event: 34.268 Thread 0x00000172789f12e0 DEOPT UNPACKING pc=0x0000017207583aa2 sp=0x0000003a8b0fee10 mode 2

Classes loaded (20 events):
Event: 30.085 Loading class sun/net/www/http/KeepAliveStream
Event: 30.085 Loading class sun/net/www/http/Hurryable
Event: 30.086 Loading class sun/net/www/http/Hurryable done
Event: 30.086 Loading class sun/net/www/MeteredStream
Event: 30.086 Loading class sun/net/www/MeteredStream done
Event: 30.086 Loading class sun/net/www/http/KeepAliveStream done
Event: 30.086 Loading class sun/net/www/http/KeepAliveStreamCleaner
Event: 30.087 Loading class sun/net/www/http/KeepAliveStreamCleaner done
Event: 30.092 Loading class sun/net/www/http/KeepAliveStreamCleaner$1
Event: 30.093 Loading class sun/net/www/http/KeepAliveStreamCleaner$1 done
Event: 30.093 Loading class sun/net/www/http/KeepAliveStreamCleaner$2
Event: 30.093 Loading class sun/net/www/http/KeepAliveStreamCleaner$2 done
Event: 30.093 Loading class sun/net/www/protocol/http/HttpURLConnection$HttpInputStream
Event: 30.094 Loading class sun/net/www/protocol/http/HttpURLConnection$HttpInputStream done
Event: 32.461 Loading class java/util/stream/ReduceOps$4
Event: 32.462 Loading class java/util/stream/ReduceOps$4 done
Event: 32.462 Loading class java/util/stream/ReduceOps$4ReducingSink
Event: 32.464 Loading class java/util/stream/ReduceOps$4ReducingSink done
Event: 32.469 Loading class java/nio/file/Files$2
Event: 32.470 Loading class java/nio/file/Files$2 done

Classes unloaded (7 events):
Event: 15.602 Thread 0x00000172762547a0 Unloading class 0x00000172101a4800 'java/lang/invoke/LambdaForm$MH+0x00000172101a4800'
Event: 15.602 Thread 0x00000172762547a0 Unloading class 0x00000172101a4400 'java/lang/invoke/LambdaForm$MH+0x00000172101a4400'
Event: 15.602 Thread 0x00000172762547a0 Unloading class 0x00000172101a4000 'java/lang/invoke/LambdaForm$MH+0x00000172101a4000'
Event: 15.602 Thread 0x00000172762547a0 Unloading class 0x00000172101a3c00 'java/lang/invoke/LambdaForm$MH+0x00000172101a3c00'
Event: 15.602 Thread 0x00000172762547a0 Unloading class 0x00000172101a3800 'java/lang/invoke/LambdaForm$BMH+0x00000172101a3800'
Event: 15.602 Thread 0x00000172762547a0 Unloading class 0x00000172101a3400 'java/lang/invoke/LambdaForm$DMH+0x00000172101a3400'
Event: 15.602 Thread 0x00000172762547a0 Unloading class 0x00000172101a2000 'java/lang/invoke/LambdaForm$DMH+0x00000172101a2000'

Classes redefined (0 events):
No events

Internal exceptions (20 events):
Event: 26.107 Thread 0x000001727eb07fd0 Exception <a 'sun/nio/fs/WindowsException'{0x00000000d6384ff0}> (0x00000000d6384ff0) 
thrown [s\src\hotspot\share\prims\jni.cpp, line 520]
Event: 26.109 Thread 0x00000172512f3580 Exception <a 'sun/nio/fs/WindowsException'{0x00000000d636f210}> (0x00000000d636f210) 
thrown [s\src\hotspot\share\prims\jni.cpp, line 520]
Event: 26.109 Thread 0x000001727eb0a730 Exception <a 'sun/nio/fs/WindowsException'{0x00000000d638eb48}> (0x00000000d638eb48) 
thrown [s\src\hotspot\share\prims\jni.cpp, line 520]
Event: 26.110 Thread 0x00000172512f2860 Exception <a 'sun/nio/fs/WindowsException'{0x00000000d62f5e68}> (0x00000000d62f5e68) 
thrown [s\src\hotspot\share\prims\jni.cpp, line 520]
Event: 26.114 Thread 0x00000172512f3c10 Exception <a 'sun/nio/fs/WindowsException'{0x00000000d6364f28}> (0x00000000d6364f28) 
thrown [s\src\hotspot\share\prims\jni.cpp, line 520]
Event: 26.115 Thread 0x00000172512f4930 Exception <a 'sun/nio/fs/WindowsException'{0x00000000d64021a8}> (0x00000000d64021a8) 
thrown [s\src\hotspot\share\prims\jni.cpp, line 520]
Event: 26.116 Thread 0x000001727eb09380 Exception <a 'sun/nio/fs/WindowsException'{0x00000000d63996f8}> (0x00000000d63996f8) 
thrown [s\src\hotspot\share\prims\jni.cpp, line 520]
Event: 26.121 Thread 0x000001727eb07fd0 Exception <a 'sun/nio/fs/WindowsException'{0x00000000d6388128}> (0x00000000d6388128) 
thrown [s\src\hotspot\share\prims\jni.cpp, line 520]
Event: 26.121 Thread 0x000001727eb08660 Exception <a 'sun/nio/fs/WindowsException'{0x00000000d63a4718}> (0x00000000d63a4718) 
thrown [s\src\hotspot\share\prims\jni.cpp, line 520]
Event: 26.122 Thread 0x00000172512f2860 Exception <a 'sun/nio/fs/WindowsException'{0x00000000d640a238}> (0x00000000d640a238) 
thrown [s\src\hotspot\share\prims\jni.cpp, line 520]
Event: 26.124 Thread 0x00000172512f3c10 Exception <a 'sun/nio/fs/WindowsException'{0x00000000d6368010}> (0x00000000d6368010) 
thrown [s\src\hotspot\share\prims\jni.cpp, line 520]
Event: 27.100 Thread 0x00000172512f14b0 Exception <a 'sun/nio/fs/WindowsException'{0x00000000d5dfa790}> (0x00000000d5dfa790) 
thrown [s\src\hotspot\share\prims\jni.cpp, line 520]
Event: 27.100 Thread 0x00000172512f14b0 Exception <a 'sun/nio/fs/WindowsException'{0x00000000d5dfb090}> (0x00000000d5dfb090) 
thrown [s\src\hotspot\share\prims\jni.cpp, line 520]
Event: 27.127 Thread 0x00000172512f14b0 Exception <a 'java/io/FileNotFoundException'{0x00000000d5f738b0}> (0x00000000d5f738b0) 
thrown [s\src\hotspot\share\prims\jni.cpp, line 520]
Event: 27.128 Thread 0x00000172512f14b0 Exception <a 'java/io/FileNotFoundException'{0x00000000d5fa7170}> (0x00000000d5fa7170) 
thrown [s\src\hotspot\share\prims\jni.cpp, line 520]
Event: 27.128 Thread 0x00000172512f14b0 Exception <a 'java/io/FileNotFoundException'{0x00000000d5fa8128}> (0x00000000d5fa8128) 
thrown [s\src\hotspot\share\prims\jni.cpp, line 520]
Event: 30.629 Thread 0x000001727844de20 Exception <a 'java/lang/NoSuchMethodError'{0x00000000d5b1fc30}: 'java.lang.Object java.lang.invoke.DirectMethodHandle$Holder.invokeStatic(java.lang.Object, java.lang.Object, int, int)'> (0x00000000d5b1fc30) 
thrown [s\src\hotspot\share\interpreter\linkResolver.cpp, line 773]
Event: 30.631 Thread 0x000001727844de20 Exception <a 'java/lang/NoSuchMethodError'{0x00000000d5b241f0}: 'java.lang.Object java.lang.invoke.DirectMethodHandle$Holder.invokeSpecial(java.lang.Object, java.lang.Object, java.lang.Object, int, int)'> (0x00000000d5b241f0) 
thrown [s\src\hotspot\share\interpreter\linkResolver.cpp, line 773]
Event: 31.452 Thread 0x000001727844b6c0 Implicit null exception at 0x0000017207f1c84b to 0x0000017207f22254
Event: 32.474 Thread 0x000001727844de20 Exception <a 'java/lang/NoSuchMethodError'{0x00000000d5b591d0}: 'int java.lang.invoke.DirectMethodHandle$Holder.invokeSpecialIFC(java.lang.Object, java.lang.Object, java.lang.Object)'> (0x00000000d5b591d0) 
thrown [s\src\hotspot\share\interpreter\linkResolver.cpp, line 773]

ZGC Phase Switch (0 events):
No events

VM Operations (20 events):
Event: 32.371 Executing VM operation: ParallelGCFailedAllocation (Allocation Failure) done
Event: 32.615 Executing VM operation: HandshakeAllThreads (Deoptimize)
Event: 32.615 Executing VM operation: HandshakeAllThreads (Deoptimize) done
Event: 32.679 Executing VM operation: ParallelGCFailedAllocation (Allocation Failure)
Event: 32.707 Executing VM operation: ParallelGCFailedAllocation (Allocation Failure) done
Event: 32.903 Executing VM operation: HandshakeAllThreads (Deoptimize)
Event: 32.903 Executing VM operation: HandshakeAllThreads (Deoptimize) done
Event: 32.952 Executing VM operation: ParallelGCFailedAllocation (Allocation Failure)
Event: 32.958 Executing VM operation: ParallelGCFailedAllocation (Allocation Failure) done
Event: 33.227 Executing VM operation: ParallelGCFailedAllocation (Allocation Failure)
Event: 33.232 Executing VM operation: ParallelGCFailedAllocation (Allocation Failure) done
Event: 33.573 Executing VM operation: ParallelGCFailedAllocation (Allocation Failure)
Event: 33.582 Executing VM operation: ParallelGCFailedAllocation (Allocation Failure) done
Event: 33.754 Executing VM operation: ParallelGCFailedAllocation (Allocation Failure)
Event: 33.761 Executing VM operation: ParallelGCFailedAllocation (Allocation Failure) done
Event: 34.076 Executing VM operation: ParallelGCFailedAllocation (Allocation Failure)
Event: 34.083 Executing VM operation: ParallelGCFailedAllocation (Allocation Failure) done
Event: 34.222 Executing VM operation: ParallelGCFailedAllocation (Allocation Failure)
Event: 34.235 Executing VM operation: ParallelGCFailedAllocation (Allocation Failure) done
Event: 35.235 Executing VM operation: Cleanup

Memory protections (0 events):
No events

Nmethod flushes (20 events):
Event: 29.977 Thread 0x00000172762547a0 flushing  nmethod 0x0000017200953a90
Event: 29.977 Thread 0x00000172762547a0 flushing osr nmethod 0x000001720095bc90
Event: 29.977 Thread 0x00000172762547a0 flushing  nmethod 0x000001720099d290
Event: 29.977 Thread 0x00000172762547a0 flushing  nmethod 0x000001720099e890
Event: 29.977 Thread 0x00000172762547a0 flushing  nmethod 0x00000172009a0d10
Event: 29.977 Thread 0x00000172762547a0 flushing  nmethod 0x00000172009a1790
Event: 29.977 Thread 0x00000172762547a0 flushing  nmethod 0x00000172009a3710
Event: 29.977 Thread 0x00000172762547a0 flushing  nmethod 0x00000172009a3b90
Event: 29.977 Thread 0x00000172762547a0 flushing  nmethod 0x00000172009a3f90
Event: 29.977 Thread 0x00000172762547a0 flushing  nmethod 0x00000172009aa490
Event: 29.977 Thread 0x00000172762547a0 flushing  nmethod 0x00000172009ab190
Event: 29.977 Thread 0x00000172762547a0 flushing  nmethod 0x00000172009b6790
Event: 29.977 Thread 0x00000172762547a0 flushing osr nmethod 0x0000017200a16090
Event: 29.977 Thread 0x00000172762547a0 flushing  nmethod 0x0000017200a1da10
Event: 29.977 Thread 0x00000172762547a0 flushing  nmethod 0x0000017200a1f210
Event: 29.977 Thread 0x00000172762547a0 flushing  nmethod 0x0000017200a21290
Event: 29.977 Thread 0x00000172762547a0 flushing  nmethod 0x0000017200a4da10
Event: 29.977 Thread 0x00000172762547a0 flushing  nmethod 0x0000017200a53d10
Event: 29.977 Thread 0x00000172762547a0 flushing  nmethod 0x0000017200a74d10
Event: 29.977 Thread 0x00000172762547a0 flushing  nmethod 0x0000017200a78510

Events (20 events):
Event: 26.069 Thread 0x00000172512f2860 Thread added: 0x00000172512f2ef0
Event: 26.071 Thread 0x00000172512f5650 Thread added: 0x00000172512f3580
Event: 26.071 Thread 0x00000172512f2ef0 Thread added: 0x00000172512f3c10
Event: 26.073 Thread 0x00000172512f2860 Thread added: 0x000001727eb0a730
Event: 26.073 Thread 0x00000172512f4930 Thread added: 0x000001727eb07fd0
Event: 26.074 Thread 0x00000172512f2ef0 Thread added: 0x000001727eb0b450
Event: 26.078 Thread 0x00000172512f3c10 Thread added: 0x000001727eb09380
Event: 26.078 Thread 0x00000172512f3580 Thread added: 0x000001727eb08660
Event: 26.318 Thread 0x000001727844de20 Thread added: 0x000001727eb0a0a0
Event: 26.318 Thread 0x000001727844de20 Thread added: 0x000001727eb0adc0
Event: 26.319 Thread 0x000001727844de20 Thread added: 0x000001727eb0bae0
Event: 26.319 Thread 0x000001727844de20 Thread added: 0x000001727eb0c170
Event: 26.319 Thread 0x000001727844de20 Thread added: 0x000001727eb08cf0
Event: 26.319 Thread 0x000001727844de20 Thread added: 0x000001727eb0c800
Event: 26.319 Thread 0x000001727844de20 Thread added: 0x000001727eb09a10
Event: 26.319 Thread 0x000001727844de20 Thread added: 0x000001727eb0e8d0
Event: 26.320 Thread 0x000001727844de20 Thread added: 0x000001727eb0ef60
Event: 26.320 Thread 0x000001727844de20 Thread added: 0x000001727eb0f5f0
Event: 29.805 Thread 0x000001727844e4b0 Thread added: 0x000001727eb0d520
Event: 29.832 Thread 0x000001727eb0d520 Thread exited: 0x000001727eb0d520


Dynamic libraries:
0x00007ff6fed20000 - 0x00007ff6fed2e000 	c:\Users\Admin\.vscode\extensions\redhat.java-1.43.1-win32-x64\jre\21.0.7-win32-x86_64\bin\java.exe
0x00007ffe128e0000 - 0x00007ffe12b43000 	C:\WINDOWS\SYSTEM32\ntdll.dll
0x00007ffe120f0000 - 0x00007ffe121b7000 	C:\WINDOWS\System32\KERNEL32.DLL
0x00007ffe0ff30000 - 0x00007ffe102f9000 	C:\WINDOWS\System32\KERNELBASE.dll
0x00007ffe10390000 - 0x00007ffe104dc000 	C:\WINDOWS\System32\ucrtbase.dll
0x00007ffe0cb60000 - 0x00007ffe0cb78000 	c:\Users\Admin\.vscode\extensions\redhat.java-1.43.1-win32-x64\jre\21.0.7-win32-x86_64\bin\jli.dll
0x00007ffe11ea0000 - 0x00007ffe1206a000 	C:\WINDOWS\System32\USER32.dll
0x00007ffe0fd20000 - 0x00007ffe0fd47000 	C:\WINDOWS\System32\win32u.dll
0x00007ffe10c60000 - 0x00007ffe10c8a000 	C:\WINDOWS\System32\GDI32.dll
0x00007ffe0fd50000 - 0x00007ffe0fe81000 	C:\WINDOWS\System32\gdi32full.dll
0x00007ffe10650000 - 0x00007ffe106f3000 	C:\WINDOWS\System32\msvcp_win.dll
0x00007ffdf9ff0000 - 0x00007ffdfa280000 	C:\WINDOWS\WinSxS\amd64_microsoft.windows.common-controls_6595b64144ccf1df_6.0.26100.3323_none_3e088096e3344490\COMCTL32.dll
0x00007ffe10ee0000 - 0x00007ffe10f89000 	C:\WINDOWS\System32\msvcrt.dll
0x00007ffe04640000 - 0x00007ffe0465e000 	c:\Users\Admin\.vscode\extensions\redhat.java-1.43.1-win32-x64\jre\21.0.7-win32-x86_64\bin\VCRUNTIME140.dll
0x00007ffe116b0000 - 0x00007ffe116df000 	C:\WINDOWS\System32\IMM32.DLL
0x00007ffe0ad60000 - 0x00007ffe0ad6c000 	c:\Users\Admin\.vscode\extensions\redhat.java-1.43.1-win32-x64\jre\21.0.7-win32-x86_64\bin\vcruntime140_1.dll
0x00007ffdcf1c0000 - 0x00007ffdcf24d000 	c:\Users\Admin\.vscode\extensions\redhat.java-1.43.1-win32-x64\jre\21.0.7-win32-x86_64\bin\msvcp140.dll
0x00007ffda37b0000 - 0x00007ffda4540000 	c:\Users\Admin\.vscode\extensions\redhat.java-1.43.1-win32-x64\jre\21.0.7-win32-x86_64\bin\server\jvm.dll
0x00007ffe122f0000 - 0x00007ffe123a2000 	C:\WINDOWS\System32\ADVAPI32.dll
0x00007ffe10870000 - 0x00007ffe10916000 	C:\WINDOWS\System32\sechost.dll
0x00007ffe121d0000 - 0x00007ffe122e6000 	C:\WINDOWS\System32\RPCRT4.dll
0x00007ffe10be0000 - 0x00007ffe10c54000 	C:\WINDOWS\System32\WS2_32.dll
0x00007ffe0f970000 - 0x00007ffe0f9be000 	C:\WINDOWS\SYSTEM32\POWRPROF.dll
0x00007ffe07090000 - 0x00007ffe070c6000 	C:\WINDOWS\SYSTEM32\WINMM.dll
0x00007ffe070d0000 - 0x00007ffe070db000 	C:\WINDOWS\SYSTEM32\VERSION.dll
0x00007ffe0f950000 - 0x00007ffe0f964000 	C:\WINDOWS\SYSTEM32\UMPDC.dll
0x00007ffe0e8c0000 - 0x00007ffe0e8da000 	C:\WINDOWS\SYSTEM32\kernel.appcore.dll
0x00007ffe07be0000 - 0x00007ffe07bea000 	c:\Users\Admin\.vscode\extensions\redhat.java-1.43.1-win32-x64\jre\21.0.7-win32-x86_64\bin\jimage.dll
0x00007ffe02d40000 - 0x00007ffe02f81000 	C:\WINDOWS\SYSTEM32\DBGHELP.DLL
0x00007ffe118e0000 - 0x00007ffe11c62000 	C:\WINDOWS\System32\combase.dll
0x00007ffe10790000 - 0x00007ffe10866000 	C:\WINDOWS\System32\OLEAUT32.dll
0x00007ffdffb30000 - 0x00007ffdffb69000 	C:\WINDOWS\SYSTEM32\dbgcore.DLL
0x00007ffe0fe90000 - 0x00007ffe0ff29000 	C:\WINDOWS\System32\bcryptPrimitives.dll
0x00007ffe044f0000 - 0x00007ffe044ff000 	c:\Users\Admin\.vscode\extensions\redhat.java-1.43.1-win32-x64\jre\21.0.7-win32-x86_64\bin\instrument.dll
0x00007ffdef1a0000 - 0x00007ffdef1bf000 	c:\Users\Admin\.vscode\extensions\redhat.java-1.43.1-win32-x64\jre\21.0.7-win32-x86_64\bin\java.dll
0x00007ffe10f90000 - 0x00007ffe116a5000 	C:\WINDOWS\System32\SHELL32.dll
0x00007ffe104e0000 - 0x00007ffe10648000 	C:\WINDOWS\System32\wintypes.dll
0x00007ffe0d7a0000 - 0x00007ffe0dfe5000 	C:\WINDOWS\SYSTEM32\windows.storage.dll
0x00007ffe117f0000 - 0x00007ffe118db000 	C:\WINDOWS\System32\SHCORE.dll
0x00007ffe109d0000 - 0x00007ffe10a2d000 	C:\WINDOWS\System32\shlwapi.dll
0x00007ffe0f9f0000 - 0x00007ffe0fa1f000 	C:\WINDOWS\SYSTEM32\profapi.dll
0x00007ffdef150000 - 0x00007ffdef168000 	c:\Users\Admin\.vscode\extensions\redhat.java-1.43.1-win32-x64\jre\21.0.7-win32-x86_64\bin\zip.dll
0x00007ffe044e0000 - 0x00007ffe044f0000 	C:\Users\Admin\.vscode\extensions\redhat.java-1.43.1-win32-x64\jre\21.0.7-win32-x86_64\bin\net.dll
0x00007ffe081c0000 - 0x00007ffe082de000 	C:\WINDOWS\SYSTEM32\WINHTTP.dll
0x00007ffe0edc0000 - 0x00007ffe0ee2a000 	C:\WINDOWS\system32\mswsock.dll
0x00007ffdeacd0000 - 0x00007ffdeace6000 	C:\Users\Admin\.vscode\extensions\redhat.java-1.43.1-win32-x64\jre\21.0.7-win32-x86_64\bin\nio.dll
0x00007ffdf8840000 - 0x00007ffdf8850000 	c:\Users\Admin\.vscode\extensions\redhat.java-1.43.1-win32-x64\jre\21.0.7-win32-x86_64\bin\verify.dll
0x00007ffdcf170000 - 0x00007ffdcf1b5000 	C:\Users\Admin\AppData\Roaming\Code\User\globalStorage\redhat.java\1.43.1\config_win\org.eclipse.equinox.launcher\org.eclipse.equinox.launcher.win32.win32.x86_64_1.2.1300.v20250331-1702\eclipse_11911.dll
0x00007ffe10d30000 - 0x00007ffe10ec5000 	C:\WINDOWS\System32\ole32.dll
0x00007ffe0f170000 - 0x00007ffe0f18c000 	C:\WINDOWS\SYSTEM32\CRYPTSP.dll
0x00007ffe0e820000 - 0x00007ffe0e85a000 	C:\WINDOWS\system32\rsaenh.dll
0x00007ffe0ee60000 - 0x00007ffe0ee8b000 	C:\WINDOWS\SYSTEM32\USERENV.dll
0x00007ffe0f300000 - 0x00007ffe0f326000 	C:\WINDOWS\SYSTEM32\bcrypt.dll
0x00007ffe0eff0000 - 0x00007ffe0effc000 	C:\WINDOWS\SYSTEM32\CRYPTBASE.dll
0x00007ffe0e2e0000 - 0x00007ffe0e313000 	C:\WINDOWS\SYSTEM32\IPHLPAPI.DLL
0x00007ffe10ed0000 - 0x00007ffe10eda000 	C:\WINDOWS\System32\NSI.dll
0x00007ffdcf120000 - 0x00007ffdcf169000 	C:\Users\Admin\AppData\Local\Temp\jna-63116079\jna5313083544105004009.dll
0x00007ffe10b90000 - 0x00007ffe10b98000 	C:\WINDOWS\System32\PSAPI.DLL
0x00007ffe08630000 - 0x00007ffe0864f000 	C:\WINDOWS\SYSTEM32\dhcpcsvc6.DLL
0x00007ffe08940000 - 0x00007ffe08965000 	C:\WINDOWS\SYSTEM32\dhcpcsvc.DLL
0x00007ffdef0f0000 - 0x00007ffdef0fe000 	C:\Users\Admin\.vscode\extensions\redhat.java-1.43.1-win32-x64\jre\21.0.7-win32-x86_64\bin\sunmscapi.dll
0x00007ffe0fba0000 - 0x00007ffe0fd17000 	C:\WINDOWS\System32\CRYPT32.dll
0x00007ffe0f2c0000 - 0x00007ffe0f2f0000 	C:\WINDOWS\SYSTEM32\ncrypt.dll
0x00007ffe0f270000 - 0x00007ffe0f2af000 	C:\WINDOWS\SYSTEM32\NTASN1.dll
0x00007ffe0e370000 - 0x00007ffe0e495000 	C:\WINDOWS\SYSTEM32\DNSAPI.dll
0x00007ffe08930000 - 0x00007ffe0893b000 	C:\Windows\System32\rasadhlp.dll
0x00007ffe04ac0000 - 0x00007ffe04b45000 	C:\WINDOWS\System32\fwpuclnt.dll
0x00007ffdef050000 - 0x00007ffdef059000 	C:\Users\Admin\.vscode\extensions\redhat.java-1.43.1-win32-x64\jre\21.0.7-win32-x86_64\bin\extnet.dll

dbghelp: loaded successfully - version: 4.0.5 - missing functions: none
symbol engine: initialized successfully - sym options: 0x614 - pdb path: .;c:\Users\Admin\.vscode\extensions\redhat.java-1.43.1-win32-x64\jre\21.0.7-win32-x86_64\bin;C:\WINDOWS\SYSTEM32;C:\WINDOWS\WinSxS\amd64_microsoft.windows.common-controls_6595b64144ccf1df_6.0.26100.3323_none_3e088096e3344490;c:\Users\Admin\.vscode\extensions\redhat.java-1.43.1-win32-x64\jre\21.0.7-win32-x86_64\bin\server;C:\Users\Admin\AppData\Roaming\Code\User\globalStorage\redhat.java\1.43.1\config_win\org.eclipse.equinox.launcher\org.eclipse.equinox.launcher.win32.win32.x86_64_1.2.1300.v20250331-1702;C:\Users\Admin\AppData\Local\Temp\jna-63116079

VM Arguments:
jvm_args: --add-modules=ALL-SYSTEM --add-opens=java.base/java.util=ALL-UNNAMED --add-opens=java.base/java.lang=ALL-UNNAMED --add-opens=java.base/sun.nio.fs=ALL-UNNAMED -Declipse.application=org.eclipse.jdt.ls.core.id1 -Dosgi.bundles.defaultStartLevel=4 -Declipse.product=org.eclipse.jdt.ls.core.product -Djava.import.generatesMetadataFilesAtProjectRoot=false -DDetectVMInstallationsJob.disabled=true -Dfile.encoding=utf8 -XX:+UseParallelGC -XX:GCTimeRatio=4 -XX:AdaptiveSizePolicyWeight=90 -Dsun.zip.disableMemoryMapping=true -Xmx2G -Xms100m -Xlog:disable -javaagent:c:\Users\Admin\.vscode\extensions\redhat.java-1.43.1-win32-x64\lombok\lombok-1.18.39-4050.jar -XX:+HeapDumpOnOutOfMemoryError -XX:HeapDumpPath=c:\Users\Admin\AppData\Roaming\Code\User\workspaceStorage\91bfc2bb926e85cacc8896de9206306c\redhat.java -Daether.dependencyCollector.impl=bf 
java_command: c:\Users\Admin\.vscode\extensions\redhat.java-1.43.1-win32-x64\server\plugins\org.eclipse.equinox.launcher_1.7.0.v20250519-0528.jar -configuration c:\Users\Admin\AppData\Roaming\Code\User\globalStorage\redhat.java\1.43.1\config_win -data c:\Users\Admin\AppData\Roaming\Code\User\workspaceStorage\91bfc2bb926e85cacc8896de9206306c\redhat.java\jdt_ws --pipe=\\.\pipe\lsp-1191e4e5d6ea23ffb8e311e31630f5bd-sock
java_class_path (initial): c:\Users\Admin\.vscode\extensions\redhat.java-1.43.1-win32-x64\server\plugins\org.eclipse.equinox.launcher_1.7.0.v20250519-0528.jar
Launcher Type: SUN_STANDARD

[Global flags]
    uintx AdaptiveSizePolicyWeight                 = 90                                        {product} {command line}
     intx CICompilerCount                          = 4                                         {product} {ergonomic}
    uintx GCTimeRatio                              = 4                                         {product} {command line}
     bool HeapDumpOnOutOfMemoryError               = true                                   {manageable} {command line}
    ccstr HeapDumpPath                             = c:\Users\Admin\AppData\Roaming\Code\User\workspaceStorage\91bfc2bb926e85cacc8896de9206306c\redhat.java         {manageable} {command line}
   size_t InitialHeapSize                          = 104857600                                 {product} {command line}
   size_t MaxHeapSize                              = 2147483648                                {product} {command line}
   size_t MaxNewSize                               = 715653120                                 {product} {ergonomic}
   size_t MinHeapDeltaBytes                        = 524288                                    {product} {ergonomic}
   size_t MinHeapSize                              = 104857600                                 {product} {command line}
   size_t NewSize                                  = 34603008                                  {product} {ergonomic}
    uintx NonNMethodCodeHeapSize                   = 5839372                                {pd product} {ergonomic}
    uintx NonProfiledCodeHeapSize                  = 122909434                              {pd product} {ergonomic}
   size_t OldSize                                  = 70254592                                  {product} {ergonomic}
    uintx ProfiledCodeHeapSize                     = 122909434                              {pd product} {ergonomic}
    uintx ReservedCodeCacheSize                    = 251658240                              {pd product} {ergonomic}
     bool SegmentedCodeCache                       = true                                      {product} {ergonomic}
   size_t SoftMaxHeapSize                          = 2147483648                             {manageable} {ergonomic}
     bool UseCompressedOops                        = true                           {product lp64_product} {ergonomic}
     bool UseLargePagesIndividualAllocation        = false                                  {pd product} {ergonomic}
     bool UseParallelGC                            = true                                      {product} {command line}

Logging:
Log output configuration:
 #0: stdout all=off uptime,level,tags foldmultilines=false
 #1: stderr all=off uptime,level,tags foldmultilines=false

Environment Variables:
JAVA_HOME=C:\Program Files\Java\jdk-17
PATH=C:\Program Files\Java\jdk-17\bin;C:\Program Files\Java\jdk-21\bin;C:\Users\Admin\Downloads\kafka-3.9.0-src\kafka-3.9.0-src\bin;C:\Users\Admin\Downloads\gradle-8.11-bin\gradle-8.11\bin;D:\JDk\jdk1.8.0_281\bin;C:\Program Files\Common Files\Oracle\Java\javapath;C:\Program Files (x86)\Common Files\Oracle\Java\javapath;C:\WINDOWS\system32;C:\WINDOWS;C:\WINDOWS\System32\Wbem;C:\WINDOWS\System32\WindowsPowerShell\v1.0\;C:\WINDOWS\System32\OpenSSH\;C:\Program Files\nodejs\;C:\Program Files\Java\jdk-17\\bin;C:\Program Files\Git\cmd;C:\Program Files\PuTTY\;C:\Users\Admin\Desktop\mvn\apache-maven-3.9.4-bin\apache-maven-3.9.4\bin;C:\Program Files\Docker\Docker\resources\bin;C:\Users\Admin\Downloads\New folder (19)\strawberry-perl-5.40.0.1-64bit-portable\perl\bin;C:\Program Files\Maven\apache-maven-3.9.9-bin\apache-maven-3.9.9\bin;C:\Program Files\Java\jdk-17\bin;C:\Program Files\Java\jdk-21\bin;C:\Users\Admin\Downloads\kafka-3.9.0-src\kafka-3.9.0-src\bin;C:\Users\Admin\Downloads\gradle-8.11-bin\gradle-8.11\bin;D:\JDk\jdk1.8.0_281\bin;C:\Users\Admin\AppData\Local\Microsoft\WindowsApps;C:\Users\Admin\AppData\Local\Programs\Microsoft VS Code\bin;C:\Users\Admin\AppData\Roaming\npm;C:\Program Files\JetBrains\IntelliJ IDEA 2024.1.2\bin;;C:\Program Files\PHP;C:\Users\Admin\AppData\Local\Programs\MiKTeX\miktex\bin\x64\;C:\Users\Admin\Downloads\New folder (19)\strawberry-perl-5.40.0.1-64bit-portable\perl\bin;C:\Program Files\Maven\apache-maven-3.9.9-bin\apache-maven-3.9.9\bin;
USERNAME=Admin
OS=Windows_NT
PROCESSOR_IDENTIFIER=AMD64 Family 23 Model 104 Stepping 1, AuthenticAMD
TMP=C:\Users\Admin\AppData\Local\Temp
TEMP=C:\Users\Admin\AppData\Local\Temp




Periodic native trim disabled

---------------  S Y S T E M  ---------------

OS:
 Windows 11 , 64 bit Build 26100 (10.0.26100.3323)
OS uptime: 0 days 17:48 hours
Hyper-V role detected

CPU: total 12 (initial active 12) (12 cores per cpu, 2 threads per core) family 23 model 104 stepping 1 microcode 0x8608103, cx8, cmov, fxsr, ht, mmx, 3dnowpref, sse, sse2, sse3, ssse3, sse4a, sse4.1, sse4.2, popcnt, lzcnt, tsc, tscinvbit, avx, avx2, aes, clmul, bmi1, bmi2, adx, sha, fma, vzeroupper, clflush, clflushopt, hv, rdtscp, rdpid, f16c
Processor Information for the first 12 processors :
  Max Mhz: 2100, Current Mhz: 1988, Mhz Limit: 2100

Memory: 4k page, system-wide physical 6005M (320M free)
TotalPageFile size 24437M (AvailPageFile size 0M)
current process WorkingSet (physical memory assigned to process): 344M, peak: 364M
current process commit charge ("private bytes"): 432M, peak: 434M

vm_info: OpenJDK 64-Bit Server VM (21.0.7+6-LTS) for windows-amd64 JRE (21.0.7+6-LTS), built on 2025-04-15T00:00:00Z by "admin" with MS VC++ 17.7 (VS2022)

END.
