#
# There is insufficient memory for the Java Runtime Environment to continue.
# Native memory allocation (malloc) failed to allocate 1355856 bytes. Error detail: Chunk::new
# Possible reasons:
#   The system is out of physical RAM or swap space
#   This process is running with CompressedOops enabled, and the Java Heap may be blocking the growth of the native heap
# Possible solutions:
#   Reduce memory load on the system
#   Increase physical memory or swap space
#   Check if swap backing store is full
#   Decrease Java heap size (-Xmx/-Xms)
#   Decrease number of Java threads
#   Decrease Java thread stack sizes (-Xss)
#   Set larger code cache with -XX:ReservedCodeCacheSize=
#   JVM is running with Unscaled Compressed Oops mode in which the Java heap is
#     placed in the first 4GB address space. The Java Heap base address is the
#     maximum limit for the native heap growth. Please use -XX:HeapBaseMinAddress
#     to set the Java Heap base and to place the Java Heap above 4GB virtual address.
# This output file may be truncated or incomplete.
#
#  Out of Memory Error (arena.cpp:168), pid=16284, tid=31000
#
# JRE version: OpenJDK Runtime Environment Temurin-21.0.7+6 (21.0.7+6) (build 21.0.7+6-LTS)
# Java VM: OpenJDK 64-Bit Server VM Temurin-21.0.7+6 (21.0.7+6-LTS, mixed mode, sharing, tiered, compressed oops, compressed class ptrs, parallel gc, windows-amd64)
# No core dump will be written. Minidumps are not enabled by default on client versions of Windows
#

---------------  S U M M A R Y ------------

Command Line: --add-modules=ALL-SYSTEM --add-opens=java.base/java.util=ALL-UNNAMED --add-opens=java.base/java.lang=ALL-UNNAMED --add-opens=java.base/sun.nio.fs=ALL-UNNAMED -Declipse.application=org.eclipse.jdt.ls.core.id1 -Dosgi.bundles.defaultStartLevel=4 -Declipse.product=org.eclipse.jdt.ls.core.product -Djava.import.generatesMetadataFilesAtProjectRoot=false -DDetectVMInstallationsJob.disabled=true -Dfile.encoding=utf8 -XX:+UseParallelGC -XX:GCTimeRatio=4 -XX:AdaptiveSizePolicyWeight=90 -Dsun.zip.disableMemoryMapping=true -Xmx2G -Xms100m -Xlog:disable -javaagent:c:\Users\Admin\.vscode\extensions\redhat.java-1.43.1-win32-x64\lombok\lombok-1.18.39-4050.jar -XX:+HeapDumpOnOutOfMemoryError -XX:HeapDumpPath=c:\Users\Admin\AppData\Roaming\Code\User\workspaceStorage\91bfc2bb926e85cacc8896de9206306c\redhat.java -Daether.dependencyCollector.impl=bf c:\Users\Admin\.vscode\extensions\redhat.java-1.43.1-win32-x64\server\plugins\org.eclipse.equinox.launcher_1.7.0.v20250519-0528.jar -configuration c:\Users\Admin\AppData\Roaming\Code\User\globalStorage\redhat.java\1.43.1\config_win -data c:\Users\Admin\AppData\Roaming\Code\User\workspaceStorage\91bfc2bb926e85cacc8896de9206306c\redhat.java\jdt_ws --pipe=\\.\pipe\lsp-e50572b8c63ecd62a0d3fe5a4aac5b11-sock

Host: AMD Ryzen 5 5500U with Radeon Graphics         , 12 cores, 5G,  Windows 11 , 64 bit Build 26100 (10.0.26100.3323)
Time: Thu Jul 10 11:49:08 2025 W. Central Africa Standard Time elapsed time: 106.256998 seconds (0d 0h 1m 46s)

---------------  T H R E A D  ---------------

Current thread (0x00000230e7154f50):  JavaThread "C2 CompilerThread0" daemon [_thread_in_native, id=31000, stack(0x000000a46f100000,0x000000a46f200000) (1024K)]


Current CompileTask:
C2:106257 16598       4       org.eclipse.jdt.internal.compiler.parser.Parser::consumeRule (7748 bytes)

Stack: [0x000000a46f100000,0x000000a46f200000]
Native frames: (J=compiled Java code, j=interpreted, Vv=VM code, C=native code)
V  [jvm.dll+0x6ce119]
V  [jvm.dll+0x8a84a1]
V  [jvm.dll+0x8aa9ce]
V  [jvm.dll+0x8ab0b3]
V  [jvm.dll+0x27f8a6]
V  [jvm.dll+0xc507d]
V  [jvm.dll+0xc55b3]
V  [jvm.dll+0x3b68f2]
V  [jvm.dll+0x382aa5]
V  [jvm.dll+0x381f0a]
V  [jvm.dll+0x247af0]
V  [jvm.dll+0x2470cf]
V  [jvm.dll+0x1c760e]
V  [jvm.dll+0x25695a]
V  [jvm.dll+0x254efa]
V  [jvm.dll+0x3f03f6]
V  [jvm.dll+0x851f6b]
V  [jvm.dll+0x6cc7dd]
C  [ucrtbase.dll+0x37b0]
C  [KERNEL32.DLL+0x2e8d7]
C  [ntdll.dll+0xbbf6c]


---------------  P R O C E S S  ---------------

Threads class SMR info:
_java_thread_list=0x00000230f8c63120, length=75, elements={
0x000002308e40c420, 0x000002308e4b0fb0, 0x000002308e4b1ec0, 0x000002308e4b6b60,
0x00000230e71520a0, 0x000002308e4bb290, 0x000002308e4c5430, 0x00000230e7154f50,
0x00000230e7158170, 0x000002308e4c7b90, 0x000002308e4c5ac0, 0x000002308e4c6150,
0x000002308e4c67e0, 0x000002308e4c4da0, 0x000002308e4c7500, 0x000002308e4c4710,
0x00000230ed734250, 0x00000230ed734f70, 0x00000230ed7348e0, 0x00000230ed736320,
0x00000230ed7369b0, 0x00000230ed733530, 0x00000230ed737040, 0x00000230ed733bc0,
0x00000230ed73a4c0, 0x00000230ed738a80, 0x00000230ed73ab50, 0x00000230ed739e30,
0x00000230ed737d60, 0x00000230ed7376d0, 0x00000230ed739110, 0x00000230ed7397a0,
0x00000230ed7383f0, 0x00000230ee43b490, 0x00000230ee439a50, 0x00000230ee4393c0,
0x00000230ee43a0e0, 0x00000230ee43d560, 0x00000230ee43dbf0, 0x00000230ee43c1b0,
0x00000230ee43ced0, 0x00000230ee43c840, 0x00000230ee43ae00, 0x00000230ee43bb20,
0x00000230ee43e910, 0x00000230ee440350, 0x00000230ee4409e0, 0x00000230ee43efa0,
0x00000230ee43fcc0, 0x00000230ee43f630, 0x00000230ed735600, 0x00000230eeb58a10,
0x00000230eeb59dc0, 0x00000230eeb59730, 0x00000230eeb5a450, 0x00000230eeb5c520,
0x00000230eeb590a0, 0x00000230eeb5d8d0, 0x00000230eeb5b170, 0x00000230eeb5cbb0,
0x00000230eeb5df60, 0x00000230eeb5b800, 0x00000230eeb5d240, 0x00000230eeb5be90,
0x00000230eeb5aae0, 0x00000230eeb5f9a0, 0x00000230eeb60030, 0x00000230ef7776b0,
0x00000230ef776300, 0x00000230ef777020, 0x00000230ef7783d0, 0x00000230ef7790f0,
0x00000230ef779780, 0x00000230ef776990, 0x00000230ef779e10
}

Java Threads: ( => current thread )
  0x000002308e40c420 JavaThread "main"                              [_thread_blocked, id=27624, stack(0x000000a46e700000,0x000000a46e800000) (1024K)]
  0x000002308e4b0fb0 JavaThread "Reference Handler"          daemon [_thread_blocked, id=4832, stack(0x000000a46eb00000,0x000000a46ec00000) (1024K)]
  0x000002308e4b1ec0 JavaThread "Finalizer"                  daemon [_thread_blocked, id=21608, stack(0x000000a46ec00000,0x000000a46ed00000) (1024K)]
  0x000002308e4b6b60 JavaThread "Signal Dispatcher"          daemon [_thread_blocked, id=18752, stack(0x000000a46ed00000,0x000000a46ee00000) (1024K)]
  0x00000230e71520a0 JavaThread "Attach Listener"            daemon [_thread_blocked, id=29356, stack(0x000000a46ee00000,0x000000a46ef00000) (1024K)]
  0x000002308e4bb290 JavaThread "Service Thread"             daemon [_thread_blocked, id=5192, stack(0x000000a46ef00000,0x000000a46f000000) (1024K)]
  0x000002308e4c5430 JavaThread "Monitor Deflation Thread"   daemon [_thread_blocked, id=11884, stack(0x000000a46f000000,0x000000a46f100000) (1024K)]
=>0x00000230e7154f50 JavaThread "C2 CompilerThread0"         daemon [_thread_in_native, id=31000, stack(0x000000a46f100000,0x000000a46f200000) (1024K)]
  0x00000230e7158170 JavaThread "C1 CompilerThread0"         daemon [_thread_in_native, id=4148, stack(0x000000a46f200000,0x000000a46f300000) (1024K)]
  0x000002308e4c7b90 JavaThread "Common-Cleaner"             daemon [_thread_blocked, id=23148, stack(0x000000a46f300000,0x000000a46f400000) (1024K)]
  0x000002308e4c5ac0 JavaThread "Notification Thread"        daemon [_thread_blocked, id=12076, stack(0x000000a46f500000,0x000000a46f600000) (1024K)]
  0x000002308e4c6150 JavaThread "Active Thread: Equinox Container: 79d5d967-bd6e-413f-bac3-358f01423fda"        [_thread_blocked, id=29120, stack(0x000000a46fc00000,0x000000a46fd00000) (1024K)]
  0x000002308e4c67e0 JavaThread "Refresh Thread: Equinox Container: 79d5d967-bd6e-413f-bac3-358f01423fda" daemon [_thread_blocked, id=26688, stack(0x000000a46fe00000,0x000000a46ff00000) (1024K)]
  0x000002308e4c4da0 JavaThread "Framework Event Dispatcher: Equinox Container: 79d5d967-bd6e-413f-bac3-358f01423fda" daemon [_thread_blocked, id=24584, stack(0x000000a46ff00000,0x000000a470000000) (1024K)]
  0x000002308e4c7500 JavaThread "Start Level: Equinox Container: 79d5d967-bd6e-413f-bac3-358f01423fda" daemon [_thread_blocked, id=31260, stack(0x000000a470000000,0x000000a470100000) (1024K)]
  0x000002308e4c4710 JavaThread "Bundle File Closer"         daemon [_thread_blocked, id=19092, stack(0x000000a470300000,0x000000a470400000) (1024K)]
  0x00000230ed734250 JavaThread "SCR Component Actor"        daemon [_thread_blocked, id=27296, stack(0x000000a470400000,0x000000a470500000) (1024K)]
  0x00000230ed734f70 JavaThread "Worker-JM"                         [_thread_blocked, id=30836, stack(0x000000a470600000,0x000000a470700000) (1024K)]
  0x00000230ed7348e0 JavaThread "JNA Cleaner"                daemon [_thread_blocked, id=14944, stack(0x000000a46f400000,0x000000a46f500000) (1024K)]
  0x00000230ed736320 JavaThread "Worker-0: Initialize workspace"        [_thread_in_Java, id=25948, stack(0x000000a470700000,0x000000a470800000) (1024K)]
  0x00000230ed7369b0 JavaThread "Worker-1"                          [_thread_blocked, id=29748, stack(0x000000a470800000,0x000000a470900000) (1024K)]
  0x00000230ed733530 JavaThread "Worker-2"                          [_thread_blocked, id=2096, stack(0x000000a470900000,0x000000a470a00000) (1024K)]
  0x00000230ed737040 JavaThread "Java indexing"              daemon [_thread_in_native, id=17404, stack(0x000000a470a00000,0x000000a470b00000) (1024K)]
  0x00000230ed733bc0 JavaThread "Worker-3: Check JDK Index"         [_thread_blocked, id=7600, stack(0x000000a470b00000,0x000000a470c00000) (1024K)]
  0x00000230ed73a4c0 JavaThread "Worker-4"                          [_thread_blocked, id=26612, stack(0x000000a470c00000,0x000000a470d00000) (1024K)]
  0x00000230ed738a80 JavaThread "Worker-5: Java indexing... "        [_thread_blocked, id=30576, stack(0x000000a470f00000,0x000000a471000000) (1024K)]
  0x00000230ed73ab50 JavaThread "Thread-2"                   daemon [_thread_in_native, id=29500, stack(0x000000a471000000,0x000000a471100000) (1024K)]
  0x00000230ed739e30 JavaThread "Thread-3"                   daemon [_thread_in_native, id=13668, stack(0x000000a471100000,0x000000a471200000) (1024K)]
  0x00000230ed737d60 JavaThread "Thread-4"                   daemon [_thread_in_native, id=1508, stack(0x000000a471200000,0x000000a471300000) (1024K)]
  0x00000230ed7376d0 JavaThread "Thread-5"                   daemon [_thread_in_native, id=7732, stack(0x000000a471300000,0x000000a471400000) (1024K)]
  0x00000230ed739110 JavaThread "Thread-6"                   daemon [_thread_in_native, id=17860, stack(0x000000a471400000,0x000000a471500000) (1024K)]
  0x00000230ed7397a0 JavaThread "Thread-7"                   daemon [_thread_in_native, id=13256, stack(0x000000a471500000,0x000000a471600000) (1024K)]
  0x00000230ed7383f0 JavaThread "Thread-8"                   daemon [_thread_in_native, id=24988, stack(0x000000a471600000,0x000000a471700000) (1024K)]
  0x00000230ee43b490 JavaThread "Thread-9"                   daemon [_thread_in_native, id=14052, stack(0x000000a471700000,0x000000a471800000) (1024K)]
  0x00000230ee439a50 JavaThread "Thread-10"                  daemon [_thread_in_native, id=21576, stack(0x000000a471800000,0x000000a471900000) (1024K)]
  0x00000230ee4393c0 JavaThread "Thread-11"                  daemon [_thread_in_native, id=14452, stack(0x000000a471900000,0x000000a471a00000) (1024K)]
  0x00000230ee43a0e0 JavaThread "Thread-12"                  daemon [_thread_in_native, id=20724, stack(0x000000a471a00000,0x000000a471b00000) (1024K)]
  0x00000230ee43d560 JavaThread "Thread-13"                  daemon [_thread_in_native, id=1952, stack(0x000000a471b00000,0x000000a471c00000) (1024K)]
  0x00000230ee43dbf0 JavaThread "Thread-14"                  daemon [_thread_in_native, id=9840, stack(0x000000a471c00000,0x000000a471d00000) (1024K)]
  0x00000230ee43c1b0 JavaThread "pool-2-thread-1"                   [_thread_blocked, id=21228, stack(0x000000a471d00000,0x000000a471e00000) (1024K)]
  0x00000230ee43ced0 JavaThread "Worker-6: Initialize Workspace"        [_thread_blocked, id=13980, stack(0x000000a471f00000,0x000000a472000000) (1024K)]
  0x00000230ee43c840 JavaThread "WorkspaceEventsHandler"            [_thread_blocked, id=32708, stack(0x000000a472000000,0x000000a472100000) (1024K)]
  0x00000230ee43ae00 JavaThread "pool-1-thread-1"                   [_thread_blocked, id=25212, stack(0x000000a472100000,0x000000a472200000) (1024K)]
  0x00000230ee43bb20 JavaThread "Worker-7"                          [_thread_blocked, id=31892, stack(0x000000a472200000,0x000000a472300000) (1024K)]
  0x00000230ee43e910 JavaThread "LocalFile Deleter"          daemon [_thread_blocked, id=20124, stack(0x000000a472300000,0x000000a472400000) (1024K)]
  0x00000230ee440350 JavaThread "LocalFile Deleter"          daemon [_thread_blocked, id=31992, stack(0x000000a472400000,0x000000a472500000) (1024K)]
  0x00000230ee4409e0 JavaThread "LocalFile Deleter"          daemon [_thread_blocked, id=22580, stack(0x000000a472500000,0x000000a472600000) (1024K)]
  0x00000230ee43efa0 JavaThread "LocalFile Deleter"          daemon [_thread_blocked, id=10244, stack(0x000000a472600000,0x000000a472700000) (1024K)]
  0x00000230ee43fcc0 JavaThread "LocalFile Deleter"          daemon [_thread_blocked, id=32256, stack(0x000000a472700000,0x000000a472800000) (1024K)]
  0x00000230ee43f630 JavaThread "LocalFile Deleter"          daemon [_thread_blocked, id=32120, stack(0x000000a472800000,0x000000a472900000) (1024K)]
  0x00000230ed735600 JavaThread "LocalFile Deleter"          daemon [_thread_blocked, id=18268, stack(0x000000a472900000,0x000000a472a00000) (1024K)]
  0x00000230eeb58a10 JavaThread "LocalFile Deleter"          daemon [_thread_blocked, id=19648, stack(0x000000a472a00000,0x000000a472b00000) (1024K)]
  0x00000230eeb59dc0 JavaThread "LocalFile Deleter"          daemon [_thread_blocked, id=16740, stack(0x000000a472b00000,0x000000a472c00000) (1024K)]
  0x00000230eeb59730 JavaThread "LocalFile Deleter"          daemon [_thread_blocked, id=15228, stack(0x000000a472c00000,0x000000a472d00000) (1024K)]
  0x00000230eeb5a450 JavaThread "LocalFile Deleter"          daemon [_thread_blocked, id=11504, stack(0x000000a472d00000,0x000000a472e00000) (1024K)]
  0x00000230eeb5c520 JavaThread "Compiler Source File Reader" daemon [_thread_blocked, id=22704, stack(0x000000a472e00000,0x000000a472f00000) (1024K)]
  0x00000230eeb590a0 JavaThread "Compiler Source File Reader" daemon [_thread_blocked, id=2432, stack(0x000000a472f00000,0x000000a473000000) (1024K)]
  0x00000230eeb5d8d0 JavaThread "Compiler Source File Reader" daemon [_thread_blocked, id=32276, stack(0x000000a473000000,0x000000a473100000) (1024K)]
  0x00000230eeb5b170 JavaThread "Compiler Source File Reader" daemon [_thread_blocked, id=31468, stack(0x000000a473100000,0x000000a473200000) (1024K)]
  0x00000230eeb5cbb0 JavaThread "Compiler Source File Reader" daemon [_thread_blocked, id=20512, stack(0x000000a473200000,0x000000a473300000) (1024K)]
  0x00000230eeb5df60 JavaThread "Compiler Source File Reader" daemon [_thread_blocked, id=10800, stack(0x000000a473300000,0x000000a473400000) (1024K)]
  0x00000230eeb5b800 JavaThread "Compiler Source File Reader" daemon [_thread_blocked, id=7592, stack(0x000000a473400000,0x000000a473500000) (1024K)]
  0x00000230eeb5d240 JavaThread "Compiler Source File Reader" daemon [_thread_blocked, id=14976, stack(0x000000a473500000,0x000000a473600000) (1024K)]
  0x00000230eeb5be90 JavaThread "Compiler Source File Reader" daemon [_thread_blocked, id=22812, stack(0x000000a473600000,0x000000a473700000) (1024K)]
  0x00000230eeb5aae0 JavaThread "Compiler Source File Reader" daemon [_thread_blocked, id=28004, stack(0x000000a473700000,0x000000a473800000) (1024K)]
  0x00000230eeb5f9a0 JavaThread "Compiler Class File Writer" daemon [_thread_blocked, id=16228, stack(0x000000a473900000,0x000000a473a00000) (1024K)]
  0x00000230eeb60030 JavaThread "Compiler Class File Writer" daemon [_thread_blocked, id=4916, stack(0x000000a473a00000,0x000000a473b00000) (1024K)]
  0x00000230ef7776b0 JavaThread "Compiler Class File Writer" daemon [_thread_blocked, id=31860, stack(0x000000a473b00000,0x000000a473c00000) (1024K)]
  0x00000230ef776300 JavaThread "Compiler Class File Writer" daemon [_thread_blocked, id=13488, stack(0x000000a473c00000,0x000000a473d00000) (1024K)]
  0x00000230ef777020 JavaThread "Compiler Class File Writer" daemon [_thread_blocked, id=10756, stack(0x000000a473d00000,0x000000a473e00000) (1024K)]
  0x00000230ef7783d0 JavaThread "Compiler Class File Writer" daemon [_thread_blocked, id=2148, stack(0x000000a473e00000,0x000000a473f00000) (1024K)]
  0x00000230ef7790f0 JavaThread "Compiler Class File Writer" daemon [_thread_blocked, id=29976, stack(0x000000a473f00000,0x000000a474000000) (1024K)]
  0x00000230ef779780 JavaThread "Compiler Class File Writer" daemon [_thread_blocked, id=14376, stack(0x000000a474000000,0x000000a474100000) (1024K)]
  0x00000230ef776990 JavaThread "Compiler Class File Writer" daemon [_thread_blocked, id=28676, stack(0x000000a474100000,0x000000a474200000) (1024K)]
  0x00000230ef779e10 JavaThread "Compiler Class File Writer" daemon [_thread_blocked, id=22632, stack(0x000000a474200000,0x000000a474300000) (1024K)]
Total: 75

Other Threads:
  0x000002308e3a4960 VMThread "VM Thread"                           [id=19340, stack(0x000000a46ea00000,0x000000a46eb00000) (1024K)]
  0x000002308e29ca00 WatcherThread "VM Periodic Task Thread"        [id=23008, stack(0x000000a46e900000,0x000000a46ea00000) (1024K)]
  0x000002308e42a8d0 WorkerThread "GC Thread#0"                     [id=6468, stack(0x000000a46e800000,0x000000a46e900000) (1024K)]
  0x00000230e74c20a0 WorkerThread "GC Thread#1"                     [id=28256, stack(0x000000a46f600000,0x000000a46f700000) (1024K)]
  0x00000230e85834f0 WorkerThread "GC Thread#2"                     [id=14840, stack(0x000000a46f700000,0x000000a46f800000) (1024K)]
  0x00000230e86b1b10 WorkerThread "GC Thread#3"                     [id=21360, stack(0x000000a46f800000,0x000000a46f900000) (1024K)]
  0x00000230e86b1eb0 WorkerThread "GC Thread#4"                     [id=30828, stack(0x000000a46f900000,0x000000a46fa00000) (1024K)]
  0x00000230e86b2250 WorkerThread "GC Thread#5"                     [id=3600, stack(0x000000a46fa00000,0x000000a46fb00000) (1024K)]
  0x00000230e86b9720 WorkerThread "GC Thread#6"                     [id=4728, stack(0x000000a46fb00000,0x000000a46fc00000) (1024K)]
  0x00000230e8857180 WorkerThread "GC Thread#7"                     [id=32112, stack(0x000000a46fd00000,0x000000a46fe00000) (1024K)]
  0x00000230ed570ca0 WorkerThread "GC Thread#8"                     [id=24336, stack(0x000000a470100000,0x000000a470200000) (1024K)]
  0x00000230ed643ca0 WorkerThread "GC Thread#9"                     [id=11284, stack(0x000000a470200000,0x000000a470300000) (1024K)]
Total: 12

Threads with active compile tasks:
C2 CompilerThread0  106318 16598       4       org.eclipse.jdt.internal.compiler.parser.Parser::consumeRule (7748 bytes)
C1 CompilerThread0  106318 16695       3       org.eclipse.jdt.internal.compiler.impl.CompilerOptions::updateSeverity (158 bytes)
Total: 2

VM state: not at safepoint (normal execution)

VM Mutex/Monitor currently owned by a thread: None

Heap address: 0x0000000080000000, size: 2048 MB, Compressed Oops mode: 32-bit

CDS archive(s) mapped at: [0x00000230a5000000-0x00000230a5ba0000-0x00000230a5ba0000), size 12189696, SharedBaseAddress: 0x00000230a5000000, ArchiveRelocationMode: 1.
Compressed class space mapped at: 0x00000230a6000000-0x00000230e6000000, reserved size: 1073741824
Narrow klass base: 0x00000230a5000000, Narrow klass shift: 0, Narrow klass range: 0x100000000

GC Precious Log:
 CardTable entry size: 512
 CPUs: 12 total, 12 available
 Memory: 6005M
 Large Page Support: Disabled
 NUMA Support: Disabled
 Compressed Oops: Enabled (32-bit)
 Alignments: Space 512K, Generation 512K, Heap 2M
 Heap Min Capacity: 100M
 Heap Initial Capacity: 100M
 Heap Max Capacity: 2G
 Pre-touch: Disabled
 Parallel Workers: 10

Heap:
 PSYoungGen      total 11264K, used 11034K [0x00000000d5580000, 0x00000000d6880000, 0x0000000100000000)
  eden space 9728K, 97% used [0x00000000d5580000,0x00000000d5ec9620,0x00000000d5f00000)
  from space 1536K, 99% used [0x00000000d6200000,0x00000000d637d540,0x00000000d6380000)
  to   space 3072K, 0% used [0x00000000d5f00000,0x00000000d5f00000,0x00000000d6200000)
 ParOldGen       total 875520K, used 875333K [0x0000000080000000, 0x00000000b5700000, 0x00000000d5580000)
  object space 875520K, 99% used [0x0000000080000000,0x00000000b56d1630,0x00000000b5700000)
 Metaspace       used 72635K, committed 74240K, reserved 1179648K
  class space    used 7333K, committed 8128K, reserved 1048576K

Card table byte_map: [0x000002308ddb0000,0x000002308e1c0000] _byte_map_base: 0x000002308d9b0000

Marking Bits: (ParMarkBitMap*) 0x00007ffda44631f0
 Begin Bits: [0x00000230a08b0000, 0x00000230a28b0000)
 End Bits:   [0x00000230a28b0000, 0x00000230a48b0000)

Polling page: 0x000002308da20000

Metaspace:

Usage:
  Non-class:     63.77 MB used.
      Class:      7.16 MB used.
       Both:     70.93 MB used.

Virtual space:
  Non-class space:      128.00 MB reserved,      64.56 MB ( 50%) committed,  2 nodes.
      Class space:        1.00 GB reserved,       7.94 MB ( <1%) committed,  1 nodes.
             Both:        1.12 GB reserved,      72.50 MB (  6%) committed. 

Chunk freelists:
   Non-Class:  13.89 MB
       Class:  8.06 MB
        Both:  21.95 MB

MaxMetaspaceSize: unlimited
CompressedClassSpaceSize: 1.00 GB
Initial GC threshold: 21.00 MB
Current GC threshold: 97.31 MB
CDS: on
 - commit_granule_bytes: 65536.
 - commit_granule_words: 8192.
 - virtual_space_node_default_size: 8388608.
 - enlarge_chunks_in_place: 1.
 - use_allocation_guard: 0.


Internal statistics:

num_allocs_failed_limit: 9.
num_arena_births: 1316.
num_arena_deaths: 14.
num_vsnodes_births: 3.
num_vsnodes_deaths: 0.
num_space_committed: 1160.
num_space_uncommitted: 0.
num_chunks_returned_to_freelist: 23.
num_chunks_taken_from_freelist: 4748.
num_chunk_merges: 13.
num_chunk_splits: 2824.
num_chunks_enlarged: 1460.
num_inconsistent_stats: 0.

CodeHeap 'non-profiled nmethods': size=120000Kb used=9354Kb max_used=9354Kb free=110645Kb
 bounds [0x00000230990d0000, 0x0000023099a00000, 0x00000230a0600000]
CodeHeap 'profiled nmethods': size=120000Kb used=35787Kb max_used=35787Kb free=84212Kb
 bounds [0x0000023091600000, 0x0000023093900000, 0x0000023098b30000]
CodeHeap 'non-nmethods': size=5760Kb used=1474Kb max_used=1533Kb free=4285Kb
 bounds [0x0000023098b30000, 0x0000023098da0000, 0x00000230990d0000]
 total_blobs=16665 nmethods=15876 adapters=693
 compilation: enabled
              stopped_count=0, restarted_count=0
 full_count=0

Compilation events (20 events):
Event: 105.182 Thread 0x00000230e7158170 nmethod 16648 0x00000230938d8810 code [0x00000230938d8a20, 0x00000230938d90f0]
Event: 105.184 Thread 0x00000230e7158170 16649       2       org.eclipse.jdt.internal.core.CompilationUnitStructureRequestor::resolveDuplicates (151 bytes)
Event: 105.187 Thread 0x00000230e7158170 nmethod 16649 0x00000230938d9410 code [0x00000230938d9660, 0x00000230938d9d98]
Event: 105.196 Thread 0x00000230e7158170 16650   !   2       org.eclipse.core.internal.registry.osgi.RegistryStrategyOSGI::getBundle (165 bytes)
Event: 105.199 Thread 0x00000230e7158170 nmethod 16650 0x00000230938da290 code [0x00000230938da540, 0x00000230938dad38]
Event: 105.199 Thread 0x00000230e7158170 16651       2       org.eclipse.jdt.internal.core.PackageFragmentRoot::equals (58 bytes)
Event: 105.200 Thread 0x00000230e7158170 nmethod 16651 0x00000230938db490 code [0x00000230938db700, 0x00000230938dbc80]
Event: 105.204 Thread 0x00000230e7158170 16652       2       org.eclipse.core.internal.resources.Marker::getInfo (19 bytes)
Event: 105.204 Thread 0x00000230e7158170 nmethod 16652 0x00000230938dbf90 code [0x00000230938dc140, 0x00000230938dc2e8]
Event: 105.205 Thread 0x00000230e7158170 16653   !   2       com.google.gson.internal.bind.ReflectiveTypeAdapterFactory$Adapter::write (73 bytes)
Event: 105.213 Thread 0x00000230e7158170 nmethod 16653 0x00000230938dc490 code [0x00000230938dc700, 0x00000230938dcc10]
Event: 105.221 Thread 0x00000230e7158170 16655       2       org.eclipse.core.internal.content.FileSpec::getMappingKeyFor (5 bytes)
Event: 105.222 Thread 0x00000230e7158170 nmethod 16655 0x00000230938dd010 code [0x00000230938dd1c0, 0x00000230938dd350]
Event: 105.232 Thread 0x00000230e7158170 16657       3       com.google.gson.stream.JsonWriter::string (169 bytes)
Event: 105.235 Thread 0x00000230e7158170 nmethod 16657 0x00000230938dd490 code [0x00000230938dd740, 0x00000230938de570]
Event: 105.245 Thread 0x00000230e7158170 16658       2       org.eclipse.core.internal.resources.FilterDescription::isInheritable (14 bytes)
Event: 105.246 Thread 0x00000230e7158170 nmethod 16658 0x00000230938deb10 code [0x00000230938decc0, 0x00000230938dee08]
Event: 105.246 Thread 0x00000230e7158170 16659       2       org.eclipse.core.filesystem.provider.FileInfo::setDirectory (18 bytes)
Event: 105.246 Thread 0x00000230e7158170 nmethod 16659 0x00000230938dee90 code [0x00000230938df040, 0x00000230938df188]
Event: 105.270 Thread 0x00000230e7158170 16660       2       org.eclipse.jdt.internal.compiler.ast.ReturnStatement::traverse (32 bytes)

GC Heap History (20 events):
Event: 104.619 GC heap after
{Heap after GC invocations=1287 (full 3):
 PSYoungGen      total 12288K, used 1291K [0x00000000d5580000, 0x00000000d6300000, 0x0000000100000000)
  eden space 10752K, 0% used [0x00000000d5580000,0x00000000d5580000,0x00000000d6000000)
  from space 1536K, 84% used [0x00000000d6180000,0x00000000d62c2fc0,0x00000000d6300000)
  to   space 1536K, 0% used [0x00000000d6000000,0x00000000d6000000,0x00000000d6180000)
 ParOldGen       total 863744K, used 863539K [0x0000000080000000, 0x00000000b4b80000, 0x00000000d5580000)
  object space 863744K, 99% used [0x0000000080000000,0x00000000b4b4cc68,0x00000000b4b80000)
 Metaspace       used 72056K, committed 73536K, reserved 1179648K
  class space    used 7261K, committed 7936K, reserved 1048576K
}
Event: 104.654 GC heap before
{Heap before GC invocations=1288 (full 3):
 PSYoungGen      total 12288K, used 12043K [0x00000000d5580000, 0x00000000d6300000, 0x0000000100000000)
  eden space 10752K, 100% used [0x00000000d5580000,0x00000000d6000000,0x00000000d6000000)
  from space 1536K, 84% used [0x00000000d6180000,0x00000000d62c2fc0,0x00000000d6300000)
  to   space 1536K, 0% used [0x00000000d6000000,0x00000000d6000000,0x00000000d6180000)
 ParOldGen       total 863744K, used 863539K [0x0000000080000000, 0x00000000b4b80000, 0x00000000d5580000)
  object space 863744K, 99% used [0x0000000080000000,0x00000000b4b4cc68,0x00000000b4b80000)
 Metaspace       used 72184K, committed 73728K, reserved 1179648K
  class space    used 7283K, committed 8000K, reserved 1048576K
}
Event: 104.659 GC heap after
{Heap after GC invocations=1288 (full 3):
 PSYoungGen      total 12288K, used 1248K [0x00000000d5580000, 0x00000000d6300000, 0x0000000100000000)
  eden space 10752K, 0% used [0x00000000d5580000,0x00000000d5580000,0x00000000d6000000)
  from space 1536K, 81% used [0x00000000d6000000,0x00000000d6138000,0x00000000d6180000)
  to   space 1536K, 0% used [0x00000000d6180000,0x00000000d6180000,0x00000000d6300000)
 ParOldGen       total 864768K, used 864387K [0x0000000080000000, 0x00000000b4c80000, 0x00000000d5580000)
  object space 864768K, 99% used [0x0000000080000000,0x00000000b4c20c68,0x00000000b4c80000)
 Metaspace       used 72184K, committed 73728K, reserved 1179648K
  class space    used 7283K, committed 8000K, reserved 1048576K
}
Event: 104.697 GC heap before
{Heap before GC invocations=1289 (full 3):
 PSYoungGen      total 12288K, used 12000K [0x00000000d5580000, 0x00000000d6300000, 0x0000000100000000)
  eden space 10752K, 100% used [0x00000000d5580000,0x00000000d6000000,0x00000000d6000000)
  from space 1536K, 81% used [0x00000000d6000000,0x00000000d6138000,0x00000000d6180000)
  to   space 1536K, 0% used [0x00000000d6180000,0x00000000d6180000,0x00000000d6300000)
 ParOldGen       total 864768K, used 864387K [0x0000000080000000, 0x00000000b4c80000, 0x00000000d5580000)
  object space 864768K, 99% used [0x0000000080000000,0x00000000b4c20c68,0x00000000b4c80000)
 Metaspace       used 72215K, committed 73728K, reserved 1179648K
  class space    used 7288K, committed 8000K, reserved 1048576K
}
Event: 104.704 GC heap after
{Heap after GC invocations=1289 (full 3):
 PSYoungGen      total 12288K, used 1203K [0x00000000d5580000, 0x00000000d6300000, 0x0000000100000000)
  eden space 10752K, 0% used [0x00000000d5580000,0x00000000d5580000,0x00000000d6000000)
  from space 1536K, 78% used [0x00000000d6180000,0x00000000d62acfa0,0x00000000d6300000)
  to   space 1536K, 0% used [0x00000000d6000000,0x00000000d6000000,0x00000000d6180000)
 ParOldGen       total 865792K, used 865506K [0x0000000080000000, 0x00000000b4d80000, 0x00000000d5580000)
  object space 865792K, 99% used [0x0000000080000000,0x00000000b4d38a80,0x00000000b4d80000)
 Metaspace       used 72215K, committed 73728K, reserved 1179648K
  class space    used 7288K, committed 8000K, reserved 1048576K
}
Event: 104.764 GC heap before
{Heap before GC invocations=1290 (full 3):
 PSYoungGen      total 12288K, used 11955K [0x00000000d5580000, 0x00000000d6300000, 0x0000000100000000)
  eden space 10752K, 100% used [0x00000000d5580000,0x00000000d6000000,0x00000000d6000000)
  from space 1536K, 78% used [0x00000000d6180000,0x00000000d62acfa0,0x00000000d6300000)
  to   space 1536K, 0% used [0x00000000d6000000,0x00000000d6000000,0x00000000d6180000)
 ParOldGen       total 865792K, used 865506K [0x0000000080000000, 0x00000000b4d80000, 0x00000000d5580000)
  object space 865792K, 99% used [0x0000000080000000,0x00000000b4d38a80,0x00000000b4d80000)
 Metaspace       used 72219K, committed 73728K, reserved 1179648K
  class space    used 7288K, committed 8000K, reserved 1048576K
}
Event: 104.775 GC heap after
{Heap after GC invocations=1290 (full 3):
 PSYoungGen      total 12288K, used 1518K [0x00000000d5580000, 0x00000000d6800000, 0x0000000100000000)
  eden space 10752K, 0% used [0x00000000d5580000,0x00000000d5580000,0x00000000d6000000)
  from space 1536K, 98% used [0x00000000d6000000,0x00000000d617ba30,0x00000000d6180000)
  to   space 4096K, 0% used [0x00000000d6400000,0x00000000d6400000,0x00000000d6800000)
 ParOldGen       total 867840K, used 867509K [0x0000000080000000, 0x00000000b4f80000, 0x00000000d5580000)
  object space 867840K, 99% used [0x0000000080000000,0x00000000b4f2d448,0x00000000b4f80000)
 Metaspace       used 72219K, committed 73728K, reserved 1179648K
  class space    used 7288K, committed 8000K, reserved 1048576K
}
Event: 104.808 GC heap before
{Heap before GC invocations=1291 (full 3):
 PSYoungGen      total 12288K, used 12270K [0x00000000d5580000, 0x00000000d6800000, 0x0000000100000000)
  eden space 10752K, 100% used [0x00000000d5580000,0x00000000d6000000,0x00000000d6000000)
  from space 1536K, 98% used [0x00000000d6000000,0x00000000d617ba30,0x00000000d6180000)
  to   space 4096K, 0% used [0x00000000d6400000,0x00000000d6400000,0x00000000d6800000)
 ParOldGen       total 867840K, used 867509K [0x0000000080000000, 0x00000000b4f80000, 0x00000000d5580000)
  object space 867840K, 99% used [0x0000000080000000,0x00000000b4f2d448,0x00000000b4f80000)
 Metaspace       used 72229K, committed 73792K, reserved 1179648K
  class space    used 7291K, committed 8000K, reserved 1048576K
}
Event: 104.816 GC heap after
{Heap after GC invocations=1291 (full 3):
 PSYoungGen      total 12288K, used 1360K [0x00000000d5580000, 0x00000000d6580000, 0x0000000100000000)
  eden space 10752K, 0% used [0x00000000d5580000,0x00000000d5580000,0x00000000d6000000)
  from space 1536K, 88% used [0x00000000d6400000,0x00000000d6554020,0x00000000d6580000)
  to   space 2560K, 0% used [0x00000000d6080000,0x00000000d6080000,0x00000000d6300000)
 ParOldGen       total 869888K, used 869527K [0x0000000080000000, 0x00000000b5180000, 0x00000000d5580000)
  object space 869888K, 99% used [0x0000000080000000,0x00000000b5125e58,0x00000000b5180000)
 Metaspace       used 72229K, committed 73792K, reserved 1179648K
  class space    used 7291K, committed 8000K, reserved 1048576K
}
Event: 104.863 GC heap before
{Heap before GC invocations=1292 (full 3):
 PSYoungGen      total 12288K, used 12112K [0x00000000d5580000, 0x00000000d6580000, 0x0000000100000000)
  eden space 10752K, 100% used [0x00000000d5580000,0x00000000d6000000,0x00000000d6000000)
  from space 1536K, 88% used [0x00000000d6400000,0x00000000d6554020,0x00000000d6580000)
  to   space 2560K, 0% used [0x00000000d6080000,0x00000000d6080000,0x00000000d6300000)
 ParOldGen       total 869888K, used 869527K [0x0000000080000000, 0x00000000b5180000, 0x00000000d5580000)
  object space 869888K, 99% used [0x0000000080000000,0x00000000b5125e58,0x00000000b5180000)
 Metaspace       used 72255K, committed 73792K, reserved 1179648K
  class space    used 7293K, committed 8000K, reserved 1048576K
}
Event: 104.869 GC heap after
{Heap after GC invocations=1292 (full 3):
 PSYoungGen      total 13312K, used 1344K [0x00000000d5580000, 0x00000000d6480000, 0x0000000100000000)
  eden space 10752K, 0% used [0x00000000d5580000,0x00000000d5580000,0x00000000d6000000)
  from space 2560K, 52% used [0x00000000d6080000,0x00000000d61d0000,0x00000000d6300000)
  to   space 1536K, 0% used [0x00000000d6300000,0x00000000d6300000,0x00000000d6480000)
 ParOldGen       total 870912K, used 870656K [0x0000000080000000, 0x00000000b5280000, 0x00000000d5580000)
  object space 870912K, 99% used [0x0000000080000000,0x00000000b5240288,0x00000000b5280000)
 Metaspace       used 72255K, committed 73792K, reserved 1179648K
  class space    used 7293K, committed 8000K, reserved 1048576K
}
Event: 105.009 GC heap before
{Heap before GC invocations=1293 (full 3):
 PSYoungGen      total 13312K, used 12096K [0x00000000d5580000, 0x00000000d6480000, 0x0000000100000000)
  eden space 10752K, 100% used [0x00000000d5580000,0x00000000d6000000,0x00000000d6000000)
  from space 2560K, 52% used [0x00000000d6080000,0x00000000d61d0000,0x00000000d6300000)
  to   space 1536K, 0% used [0x00000000d6300000,0x00000000d6300000,0x00000000d6480000)
 ParOldGen       total 870912K, used 870656K [0x0000000080000000, 0x00000000b5280000, 0x00000000d5580000)
  object space 870912K, 99% used [0x0000000080000000,0x00000000b5240288,0x00000000b5280000)
 Metaspace       used 72530K, committed 74112K, reserved 1179648K
  class space    used 7325K, committed 8128K, reserved 1048576K
}
Event: 105.013 GC heap after
{Heap after GC invocations=1293 (full 3):
 PSYoungGen      total 11776K, used 803K [0x00000000d5580000, 0x00000000d6400000, 0x0000000100000000)
  eden space 10752K, 0% used [0x00000000d5580000,0x00000000d5580000,0x00000000d6000000)
  from space 1024K, 78% used [0x00000000d6300000,0x00000000d63c8d48,0x00000000d6400000)
  to   space 1024K, 0% used [0x00000000d6200000,0x00000000d6200000,0x00000000d6300000)
 ParOldGen       total 871936K, used 871672K [0x0000000080000000, 0x00000000b5380000, 0x00000000d5580000)
  object space 871936K, 99% used [0x0000000080000000,0x00000000b533e288,0x00000000b5380000)
 Metaspace       used 72530K, committed 74112K, reserved 1179648K
  class space    used 7325K, committed 8128K, reserved 1048576K
}
Event: 105.045 GC heap before
{Heap before GC invocations=1294 (full 3):
 PSYoungGen      total 11776K, used 11555K [0x00000000d5580000, 0x00000000d6400000, 0x0000000100000000)
  eden space 10752K, 100% used [0x00000000d5580000,0x00000000d6000000,0x00000000d6000000)
  from space 1024K, 78% used [0x00000000d6300000,0x00000000d63c8d48,0x00000000d6400000)
  to   space 1024K, 0% used [0x00000000d6200000,0x00000000d6200000,0x00000000d6300000)
 ParOldGen       total 871936K, used 871672K [0x0000000080000000, 0x00000000b5380000, 0x00000000d5580000)
  object space 871936K, 99% used [0x0000000080000000,0x00000000b533e288,0x00000000b5380000)
 Metaspace       used 72576K, committed 74176K, reserved 1179648K
  class space    used 7331K, committed 8128K, reserved 1048576K
}
Event: 105.049 GC heap after
{Heap after GC invocations=1294 (full 3):
 PSYoungGen      total 11776K, used 1014K [0x00000000d5580000, 0x00000000d6400000, 0x0000000100000000)
  eden space 10752K, 0% used [0x00000000d5580000,0x00000000d5580000,0x00000000d6000000)
  from space 1024K, 99% used [0x00000000d6200000,0x00000000d62fd808,0x00000000d6300000)
  to   space 1024K, 0% used [0x00000000d6300000,0x00000000d6300000,0x00000000d6400000)
 ParOldGen       total 872960K, used 872468K [0x0000000080000000, 0x00000000b5480000, 0x00000000d5580000)
  object space 872960K, 99% used [0x0000000080000000,0x00000000b5405190,0x00000000b5480000)
 Metaspace       used 72576K, committed 74176K, reserved 1179648K
  class space    used 7331K, committed 8128K, reserved 1048576K
}
Event: 105.124 GC heap before
{Heap before GC invocations=1295 (full 3):
 PSYoungGen      total 11776K, used 11766K [0x00000000d5580000, 0x00000000d6400000, 0x0000000100000000)
  eden space 10752K, 100% used [0x00000000d5580000,0x00000000d6000000,0x00000000d6000000)
  from space 1024K, 99% used [0x00000000d6200000,0x00000000d62fd808,0x00000000d6300000)
  to   space 1024K, 0% used [0x00000000d6300000,0x00000000d6300000,0x00000000d6400000)
 ParOldGen       total 872960K, used 872468K [0x0000000080000000, 0x00000000b5480000, 0x00000000d5580000)
  object space 872960K, 99% used [0x0000000080000000,0x00000000b5405190,0x00000000b5480000)
 Metaspace       used 72592K, committed 74240K, reserved 1179648K
  class space    used 7331K, committed 8128K, reserved 1048576K
}
Event: 105.128 GC heap after
{Heap after GC invocations=1295 (full 3):
 PSYoungGen      total 11776K, used 993K [0x00000000d5580000, 0x00000000d6500000, 0x0000000100000000)
  eden space 10752K, 0% used [0x00000000d5580000,0x00000000d5580000,0x00000000d6000000)
  from space 1024K, 97% used [0x00000000d6300000,0x00000000d63f85e0,0x00000000d6400000)
  to   space 2560K, 0% used [0x00000000d6000000,0x00000000d6000000,0x00000000d6280000)
 ParOldGen       total 873984K, used 873482K [0x0000000080000000, 0x00000000b5580000, 0x00000000d5580000)
  object space 873984K, 99% used [0x0000000080000000,0x00000000b5502998,0x00000000b5580000)
 Metaspace       used 72592K, committed 74240K, reserved 1179648K
  class space    used 7331K, committed 8128K, reserved 1048576K
}
Event: 105.205 GC heap before
{Heap before GC invocations=1296 (full 3):
 PSYoungGen      total 11776K, used 11745K [0x00000000d5580000, 0x00000000d6500000, 0x0000000100000000)
  eden space 10752K, 100% used [0x00000000d5580000,0x00000000d6000000,0x00000000d6000000)
  from space 1024K, 97% used [0x00000000d6300000,0x00000000d63f85e0,0x00000000d6400000)
  to   space 2560K, 0% used [0x00000000d6000000,0x00000000d6000000,0x00000000d6280000)
 ParOldGen       total 873984K, used 873482K [0x0000000080000000, 0x00000000b5580000, 0x00000000d5580000)
  object space 873984K, 99% used [0x0000000080000000,0x00000000b5502998,0x00000000b5580000)
 Metaspace       used 72603K, committed 74240K, reserved 1179648K
  class space    used 7331K, committed 8128K, reserved 1048576K
}
Event: 105.211 GC heap after
{Heap after GC invocations=1296 (full 3):
 PSYoungGen      total 12288K, used 1142K [0x00000000d5580000, 0x00000000d6380000, 0x0000000100000000)
  eden space 10752K, 0% used [0x00000000d5580000,0x00000000d5580000,0x00000000d6000000)
  from space 1536K, 74% used [0x00000000d6000000,0x00000000d611d808,0x00000000d6180000)
  to   space 1536K, 0% used [0x00000000d6200000,0x00000000d6200000,0x00000000d6380000)
 ParOldGen       total 874496K, used 874397K [0x0000000080000000, 0x00000000b5600000, 0x00000000d5580000)
  object space 874496K, 99% used [0x0000000080000000,0x00000000b55e7630,0x00000000b5600000)
 Metaspace       used 72603K, committed 74240K, reserved 1179648K
  class space    used 7331K, committed 8128K, reserved 1048576K
}
Event: 105.271 GC heap before
{Heap before GC invocations=1297 (full 3):
 PSYoungGen      total 12288K, used 11894K [0x00000000d5580000, 0x00000000d6380000, 0x0000000100000000)
  eden space 10752K, 100% used [0x00000000d5580000,0x00000000d6000000,0x00000000d6000000)
  from space 1536K, 74% used [0x00000000d6000000,0x00000000d611d808,0x00000000d6180000)
  to   space 1536K, 0% used [0x00000000d6200000,0x00000000d6200000,0x00000000d6380000)
 ParOldGen       total 874496K, used 874397K [0x0000000080000000, 0x00000000b5600000, 0x00000000d5580000)
  object space 874496K, 99% used [0x0000000080000000,0x00000000b55e7630,0x00000000b5600000)
 Metaspace       used 72604K, committed 74240K, reserved 1179648K
  class space    used 7331K, committed 8128K, reserved 1048576K
}

Dll operation events (12 events):
Event: 0.015 Loaded shared library c:\Users\Admin\.vscode\extensions\redhat.java-1.43.1-win32-x64\jre\21.0.7-win32-x86_64\bin\java.dll
Event: 0.132 Loaded shared library c:\Users\Admin\.vscode\extensions\redhat.java-1.43.1-win32-x64\jre\21.0.7-win32-x86_64\bin\zip.dll
Event: 0.170 Loaded shared library C:\Users\Admin\.vscode\extensions\redhat.java-1.43.1-win32-x64\jre\21.0.7-win32-x86_64\bin\instrument.dll
Event: 0.179 Loaded shared library C:\Users\Admin\.vscode\extensions\redhat.java-1.43.1-win32-x64\jre\21.0.7-win32-x86_64\bin\net.dll
Event: 0.183 Loaded shared library C:\Users\Admin\.vscode\extensions\redhat.java-1.43.1-win32-x64\jre\21.0.7-win32-x86_64\bin\nio.dll
Event: 0.187 Loaded shared library C:\Users\Admin\.vscode\extensions\redhat.java-1.43.1-win32-x64\jre\21.0.7-win32-x86_64\bin\zip.dll
Event: 0.223 Loaded shared library C:\Users\Admin\.vscode\extensions\redhat.java-1.43.1-win32-x64\jre\21.0.7-win32-x86_64\bin\jimage.dll
Event: 0.422 Loaded shared library c:\Users\Admin\.vscode\extensions\redhat.java-1.43.1-win32-x64\jre\21.0.7-win32-x86_64\bin\verify.dll
Event: 2.573 Loaded shared library C:\Users\Admin\AppData\Roaming\Code\User\globalStorage\redhat.java\1.43.1\config_win\org.eclipse.equinox.launcher\org.eclipse.equinox.launcher.win32.win32.x86_64_1.2.1300.v20250331-1702\eclipse_11911.dll
Event: 5.228 Loaded shared library C:\Users\Admin\AppData\Local\Temp\jna-63116079\jna7161618508582977573.dll
Event: 8.990 Loaded shared library C:\Users\Admin\.vscode\extensions\redhat.java-1.43.1-win32-x64\jre\21.0.7-win32-x86_64\bin\sunmscapi.dll
Event: 9.689 Loaded shared library C:\Users\Admin\.vscode\extensions\redhat.java-1.43.1-win32-x64\jre\21.0.7-win32-x86_64\bin\extnet.dll

Deoptimization events (20 events):
Event: 105.044 Thread 0x00000230ed736320 DEOPT PACKING pc=0x00000230999d7ec0 sp=0x000000a4707fe6b0
Event: 105.044 Thread 0x00000230ed736320 DEOPT UNPACKING pc=0x0000023098b83aa2 sp=0x000000a4707fe678 mode 2
Event: 105.060 Thread 0x00000230ed736320 Uncommon trap: trap_request=0xffffffde fr.pc=0x00000230999d8ab0 relative=0x0000000000001270
Event: 105.060 Thread 0x00000230ed736320 Uncommon trap: reason=class_check action=maybe_recompile pc=0x00000230999d8ab0 method=org.eclipse.jdt.internal.compiler.parser.Parser.consumeRule(I)V @ 4111 c2
Event: 105.060 Thread 0x00000230ed736320 DEOPT PACKING pc=0x00000230999d8ab0 sp=0x000000a4707fe740
Event: 105.060 Thread 0x00000230ed736320 DEOPT UNPACKING pc=0x0000023098b83aa2 sp=0x000000a4707fe710 mode 2
Event: 105.061 Thread 0x00000230ed736320 Uncommon trap: trap_request=0xffffffde fr.pc=0x00000230999d8ab0 relative=0x0000000000001270
Event: 105.061 Thread 0x00000230ed736320 Uncommon trap: reason=class_check action=maybe_recompile pc=0x00000230999d8ab0 method=org.eclipse.jdt.internal.compiler.parser.Parser.consumeRule(I)V @ 4111 c2
Event: 105.061 Thread 0x00000230ed736320 DEOPT PACKING pc=0x00000230999d8ab0 sp=0x000000a4707fe740
Event: 105.061 Thread 0x00000230ed736320 DEOPT UNPACKING pc=0x0000023098b83aa2 sp=0x000000a4707fe710 mode 2
Event: 105.091 Thread 0x00000230ed736320 Uncommon trap: trap_request=0xffffff45 fr.pc=0x00000230994f7434 relative=0x0000000000000114
Event: 105.091 Thread 0x00000230ed736320 Uncommon trap: reason=unstable_if action=reinterpret pc=0x00000230994f7434 method=org.eclipse.jdt.core.Signature.encodeQualifiedName([CIILjava/lang/StringBuilder;)I @ 16 c2
Event: 105.091 Thread 0x00000230ed736320 DEOPT PACKING pc=0x00000230994f7434 sp=0x000000a4707fe0d0
Event: 105.091 Thread 0x00000230ed736320 DEOPT UNPACKING pc=0x0000023098b83aa2 sp=0x000000a4707fe0b0 mode 2
Event: 105.092 Thread 0x00000230ed736320 DEOPT PACKING pc=0x000002309389a787 sp=0x000000a4707feb40
Event: 105.092 Thread 0x00000230ed736320 DEOPT UNPACKING pc=0x0000023098b84242 sp=0x000000a4707fe008 mode 0
Event: 105.173 Thread 0x00000230ed736320 DEOPT PACKING pc=0x000002309387c429 sp=0x000000a4707fe600
Event: 105.173 Thread 0x00000230ed736320 DEOPT UNPACKING pc=0x0000023098b84242 sp=0x000000a4707fdaf0 mode 0
Event: 105.232 Thread 0x00000230ed736320 DEOPT PACKING pc=0x0000023092efb8dd sp=0x000000a4707fe010
Event: 105.232 Thread 0x00000230ed736320 DEOPT UNPACKING pc=0x0000023098b84242 sp=0x000000a4707fd518 mode 0

Classes loaded (20 events):
Event: 91.256 Loading class java/util/Hashtable$KeySet
Event: 91.260 Loading class java/util/Hashtable$KeySet done
Event: 95.101 Loading class java/lang/invoke/MethodHandleImpl$CountingWrapper$1
Event: 95.103 Loading class java/lang/invoke/MethodHandleImpl$CountingWrapper$1 done
Event: 103.838 Loading class java/util/HashMap$EntrySpliterator
Event: 103.840 Loading class java/util/HashMap$EntrySpliterator done
Event: 104.912 Loading class java/nio/charset/CharacterCodingException
Event: 104.912 Loading class java/nio/charset/CharacterCodingException done
Event: 104.912 Loading class java/io/SequenceInputStream
Event: 104.912 Loading class java/io/SequenceInputStream done
Event: 104.947 Loading class org/xml/sax/SAXNotRecognizedException
Event: 104.948 Loading class org/xml/sax/SAXNotRecognizedException done
Event: 104.948 Loading class org/xml/sax/SAXNotSupportedException
Event: 104.948 Loading class org/xml/sax/SAXNotSupportedException done
Event: 104.953 Loading class com/sun/org/apache/xerces/internal/util/URI
Event: 104.956 Loading class com/sun/org/apache/xerces/internal/util/URI done
Event: 104.964 Loading class com/sun/org/apache/xerces/internal/xni/XNIException
Event: 104.966 Loading class com/sun/org/apache/xerces/internal/xni/XNIException done
Event: 104.972 Loading class com/sun/org/apache/xerces/internal/xni/parser/XMLParseException
Event: 104.972 Loading class com/sun/org/apache/xerces/internal/xni/parser/XMLParseException done

Classes unloaded (7 events):
Event: 6.351 Thread 0x000002308e3a4960 Unloading class 0x00000230a61a4800 'java/lang/invoke/LambdaForm$MH+0x00000230a61a4800'
Event: 6.351 Thread 0x000002308e3a4960 Unloading class 0x00000230a61a4400 'java/lang/invoke/LambdaForm$MH+0x00000230a61a4400'
Event: 6.351 Thread 0x000002308e3a4960 Unloading class 0x00000230a61a4000 'java/lang/invoke/LambdaForm$MH+0x00000230a61a4000'
Event: 6.351 Thread 0x000002308e3a4960 Unloading class 0x00000230a61a3c00 'java/lang/invoke/LambdaForm$MH+0x00000230a61a3c00'
Event: 6.351 Thread 0x000002308e3a4960 Unloading class 0x00000230a61a3800 'java/lang/invoke/LambdaForm$BMH+0x00000230a61a3800'
Event: 6.351 Thread 0x000002308e3a4960 Unloading class 0x00000230a61a3400 'java/lang/invoke/LambdaForm$DMH+0x00000230a61a3400'
Event: 6.351 Thread 0x000002308e3a4960 Unloading class 0x00000230a61a2000 'java/lang/invoke/LambdaForm$DMH+0x00000230a61a2000'

Classes redefined (0 events):
No events

Internal exceptions (20 events):
Event: 102.518 Thread 0x00000230ed736320 Exception <a 'sun/nio/fs/WindowsException'{0x00000000d5ec3620}> (0x00000000d5ec3620) 
thrown [s\src\hotspot\share\prims\jni.cpp, line 520]
Event: 102.518 Thread 0x00000230ed736320 Exception <a 'sun/nio/fs/WindowsException'{0x00000000d5f973a0}> (0x00000000d5f973a0) 
thrown [s\src\hotspot\share\prims\jni.cpp, line 520]
Event: 102.533 Thread 0x00000230ed736320 Exception <a 'sun/nio/fs/WindowsException'{0x00000000d5767540}> (0x00000000d5767540) 
thrown [s\src\hotspot\share\prims\jni.cpp, line 520]
Event: 102.533 Thread 0x00000230ed736320 Exception <a 'sun/nio/fs/WindowsException'{0x00000000d5767e20}> (0x00000000d5767e20) 
thrown [s\src\hotspot\share\prims\jni.cpp, line 520]
Event: 102.754 Thread 0x00000230ed737040 Exception <a 'sun/nio/fs/WindowsException'{0x00000000d5c059f0}> (0x00000000d5c059f0) 
thrown [s\src\hotspot\share\prims\jni.cpp, line 520]
Event: 102.785 Thread 0x00000230ed737040 Exception <a 'sun/nio/fs/WindowsException'{0x00000000d5fcd7c0}> (0x00000000d5fcd7c0) 
thrown [s\src\hotspot\share\prims\jni.cpp, line 520]
Event: 103.041 Thread 0x00000230ed737040 Exception <a 'sun/nio/fs/WindowsException'{0x00000000d5896a18}> (0x00000000d5896a18) 
thrown [s\src\hotspot\share\prims\jni.cpp, line 520]
Event: 103.126 Thread 0x00000230ed737040 Exception <a 'sun/nio/fs/WindowsException'{0x00000000d56b53f0}> (0x00000000d56b53f0) 
thrown [s\src\hotspot\share\prims\jni.cpp, line 520]
Event: 103.289 Thread 0x00000230ed737040 Exception <a 'sun/nio/fs/WindowsException'{0x00000000d5baa5c0}> (0x00000000d5baa5c0) 
thrown [s\src\hotspot\share\prims\jni.cpp, line 520]
Event: 103.351 Thread 0x00000230ed737040 Exception <a 'sun/nio/fs/WindowsException'{0x00000000d5c7aa80}> (0x00000000d5c7aa80) 
thrown [s\src\hotspot\share\prims\jni.cpp, line 520]
Event: 103.418 Thread 0x00000230ed737040 Exception <a 'sun/nio/fs/WindowsException'{0x00000000d57cfed8}> (0x00000000d57cfed8) 
thrown [s\src\hotspot\share\prims\jni.cpp, line 520]
Event: 103.484 Thread 0x00000230ed737040 Exception <a 'sun/nio/fs/WindowsException'{0x00000000d5e8ce28}> (0x00000000d5e8ce28) 
thrown [s\src\hotspot\share\prims\jni.cpp, line 520]
Event: 103.526 Thread 0x00000230ed737040 Exception <a 'sun/nio/fs/WindowsException'{0x00000000d5a5d538}> (0x00000000d5a5d538) 
thrown [s\src\hotspot\share\prims\jni.cpp, line 520]
Event: 103.556 Thread 0x00000230ed737040 Exception <a 'sun/nio/fs/WindowsException'{0x00000000d5d30b28}> (0x00000000d5d30b28) 
thrown [s\src\hotspot\share\prims\jni.cpp, line 520]
Event: 104.241 Thread 0x00000230ed737040 Exception <a 'sun/nio/fs/WindowsException'{0x00000000d58fe8d8}> (0x00000000d58fe8d8) 
thrown [s\src\hotspot\share\prims\jni.cpp, line 520]
Event: 104.649 Thread 0x00000230ed736320 Exception <a 'java/lang/NoSuchMethodError'{0x00000000d5e16fc8}: 'java.lang.Object java.lang.invoke.DirectMethodHandle$Holder.invokeStatic(java.lang.Object, java.lang.Object, int, java.lang.Object)'> (0x00000000d5e16fc8) 
thrown [s\src\hotspot\share\interpreter\linkResolver.cpp, line 773]
Event: 104.993 Thread 0x00000230ed737040 Exception <a 'sun/nio/fs/WindowsException'{0x00000000d5c5a098}> (0x00000000d5c5a098) 
thrown [s\src\hotspot\share\prims\jni.cpp, line 520]
Event: 105.023 Thread 0x00000230ed736320 Exception <a 'java/io/FileNotFoundException'{0x00000000d5859988}> (0x00000000d5859988) 
thrown [s\src\hotspot\share\prims\jni.cpp, line 520]
Event: 105.024 Thread 0x00000230ed736320 Exception <a 'java/io/FileNotFoundException'{0x00000000d585a6f0}> (0x00000000d585a6f0) 
thrown [s\src\hotspot\share\prims\jni.cpp, line 520]
Event: 105.080 Thread 0x00000230ed737040 Exception <a 'sun/nio/fs/WindowsException'{0x00000000d5938878}> (0x00000000d5938878) 
thrown [s\src\hotspot\share\prims\jni.cpp, line 520]

ZGC Phase Switch (0 events):
No events

VM Operations (20 events):
Event: 104.704 Executing VM operation: ParallelGCFailedAllocation (Allocation Failure) done
Event: 104.757 Executing VM operation: ParallelGCFailedAllocation (Allocation Failure)
Event: 104.775 Executing VM operation: ParallelGCFailedAllocation (Allocation Failure) done
Event: 104.808 Executing VM operation: ParallelGCFailedAllocation (Allocation Failure)
Event: 104.816 Executing VM operation: ParallelGCFailedAllocation (Allocation Failure) done
Event: 104.862 Executing VM operation: ParallelGCFailedAllocation (Allocation Failure)
Event: 104.869 Executing VM operation: ParallelGCFailedAllocation (Allocation Failure) done
Event: 104.963 Executing VM operation: HandshakeAllThreads (Deoptimize)
Event: 104.963 Executing VM operation: HandshakeAllThreads (Deoptimize) done
Event: 104.971 Executing VM operation: HandshakeAllThreads (Deoptimize)
Event: 104.971 Executing VM operation: HandshakeAllThreads (Deoptimize) done
Event: 105.009 Executing VM operation: ParallelGCFailedAllocation (Allocation Failure)
Event: 105.013 Executing VM operation: ParallelGCFailedAllocation (Allocation Failure) done
Event: 105.045 Executing VM operation: ParallelGCFailedAllocation (Allocation Failure)
Event: 105.049 Executing VM operation: ParallelGCFailedAllocation (Allocation Failure) done
Event: 105.123 Executing VM operation: ParallelGCFailedAllocation (Allocation Failure)
Event: 105.128 Executing VM operation: ParallelGCFailedAllocation (Allocation Failure) done
Event: 105.205 Executing VM operation: ParallelGCFailedAllocation (Allocation Failure)
Event: 105.211 Executing VM operation: ParallelGCFailedAllocation (Allocation Failure) done
Event: 105.271 Executing VM operation: ParallelGCFailedAllocation (Allocation Failure)

Memory protections (0 events):
No events

Nmethod flushes (20 events):
Event: 15.911 Thread 0x000002308e3a4960 flushing  nmethod 0x0000023091fc5190
Event: 15.911 Thread 0x000002308e3a4960 flushing  nmethod 0x0000023091fc5e90
Event: 15.911 Thread 0x000002308e3a4960 flushing  nmethod 0x0000023091fc8310
Event: 15.911 Thread 0x000002308e3a4960 flushing  nmethod 0x0000023091fc8890
Event: 15.911 Thread 0x000002308e3a4960 flushing  nmethod 0x0000023091fca310
Event: 15.911 Thread 0x000002308e3a4960 flushing  nmethod 0x0000023091fcad90
Event: 15.911 Thread 0x000002308e3a4960 flushing  nmethod 0x0000023091fcea90
Event: 15.911 Thread 0x000002308e3a4960 flushing  nmethod 0x0000023091fd0290
Event: 15.911 Thread 0x000002308e3a4960 flushing  nmethod 0x0000023091fd0790
Event: 15.911 Thread 0x000002308e3a4960 flushing  nmethod 0x0000023091fd8110
Event: 15.911 Thread 0x000002308e3a4960 flushing  nmethod 0x0000023091fd9a90
Event: 15.911 Thread 0x000002308e3a4960 flushing  nmethod 0x0000023091fda010
Event: 15.911 Thread 0x000002308e3a4960 flushing  nmethod 0x0000023091fda410
Event: 15.911 Thread 0x000002308e3a4960 flushing  nmethod 0x0000023091fda990
Event: 15.911 Thread 0x000002308e3a4960 flushing  nmethod 0x0000023091fdba90
Event: 15.911 Thread 0x000002308e3a4960 flushing  nmethod 0x0000023091fdf710
Event: 15.911 Thread 0x000002308e3a4960 flushing  nmethod 0x0000023091fe6490
Event: 15.911 Thread 0x000002308e3a4960 flushing  nmethod 0x0000023091fe6a90
Event: 15.911 Thread 0x000002308e3a4960 flushing  nmethod 0x0000023092016f10
Event: 15.911 Thread 0x000002308e3a4960 flushing  nmethod 0x0000023092020510

Events (20 events):
Event: 49.812 Thread 0x00000230ef77bee0 Thread exited: 0x00000230ef77bee0
Event: 49.822 Thread 0x00000230eeea4940 Thread exited: 0x00000230eeea4940
Event: 75.073 Thread 0x00000230e7154f50 Thread added: 0x00000230efd5e130
Event: 76.202 Thread 0x00000230efd5e130 Thread exited: 0x00000230efd5e130
Event: 76.600 Thread 0x00000230e7154f50 Thread added: 0x00000230f89676f0
Event: 76.896 Thread 0x00000230f89676f0 Thread exited: 0x00000230f89676f0
Event: 77.111 Thread 0x00000230e7154f50 Thread added: 0x00000230f89676f0
Event: 77.111 Thread 0x00000230e7154f50 Thread added: 0x00000230efd5e130
Event: 77.613 Thread 0x00000230efd5e130 Thread exited: 0x00000230efd5e130
Event: 78.447 Thread 0x00000230f89676f0 Thread exited: 0x00000230f89676f0
Event: 82.392 Thread 0x00000230e7158170 Thread added: 0x00000230efd5e130
Event: 82.707 Thread 0x00000230e7158170 Thread added: 0x00000230f8fde8b0
Event: 83.032 Thread 0x00000230f8fde8b0 Thread exited: 0x00000230f8fde8b0
Event: 84.228 Thread 0x00000230efd5e130 Thread exited: 0x00000230efd5e130
Event: 88.886 Thread 0x00000230ee43e280 Thread exited: 0x00000230ee43e280
Event: 90.366 Thread 0x00000230eeb5f310 Thread exited: 0x00000230eeb5f310
Event: 91.503 Thread 0x00000230ed736320 Thread added: 0x00000230ee43e280
Event: 94.183 Thread 0x00000230e7158170 Thread added: 0x00000230f9099f00
Event: 96.487 Thread 0x00000230f9099f00 Thread exited: 0x00000230f9099f00
Event: 96.527 Thread 0x00000230ee43e280 Thread exited: 0x00000230ee43e280


Dynamic libraries:
0x00007ff6fed20000 - 0x00007ff6fed2e000 	c:\Users\Admin\.vscode\extensions\redhat.java-1.43.1-win32-x64\jre\21.0.7-win32-x86_64\bin\java.exe
0x00007ffe128e0000 - 0x00007ffe12b43000 	C:\WINDOWS\SYSTEM32\ntdll.dll
0x00007ffe120f0000 - 0x00007ffe121b7000 	C:\WINDOWS\System32\KERNEL32.DLL
0x00007ffe0ff30000 - 0x00007ffe102f9000 	C:\WINDOWS\System32\KERNELBASE.dll
0x00007ffe10390000 - 0x00007ffe104dc000 	C:\WINDOWS\System32\ucrtbase.dll
0x00007ffe0cb60000 - 0x00007ffe0cb78000 	c:\Users\Admin\.vscode\extensions\redhat.java-1.43.1-win32-x64\jre\21.0.7-win32-x86_64\bin\jli.dll
0x00007ffe04640000 - 0x00007ffe0465e000 	c:\Users\Admin\.vscode\extensions\redhat.java-1.43.1-win32-x64\jre\21.0.7-win32-x86_64\bin\VCRUNTIME140.dll
0x00007ffe11ea0000 - 0x00007ffe1206a000 	C:\WINDOWS\System32\USER32.dll
0x00007ffe0fd20000 - 0x00007ffe0fd47000 	C:\WINDOWS\System32\win32u.dll
0x00007ffdf9ff0000 - 0x00007ffdfa280000 	C:\WINDOWS\WinSxS\amd64_microsoft.windows.common-controls_6595b64144ccf1df_6.0.26100.3323_none_3e088096e3344490\COMCTL32.dll
0x00007ffe10c60000 - 0x00007ffe10c8a000 	C:\WINDOWS\System32\GDI32.dll
0x00007ffe0fd50000 - 0x00007ffe0fe81000 	C:\WINDOWS\System32\gdi32full.dll
0x00007ffe10ee0000 - 0x00007ffe10f89000 	C:\WINDOWS\System32\msvcrt.dll
0x00007ffe10650000 - 0x00007ffe106f3000 	C:\WINDOWS\System32\msvcp_win.dll
0x00007ffe116b0000 - 0x00007ffe116df000 	C:\WINDOWS\System32\IMM32.DLL
0x00007ffe0ad60000 - 0x00007ffe0ad6c000 	c:\Users\Admin\.vscode\extensions\redhat.java-1.43.1-win32-x64\jre\21.0.7-win32-x86_64\bin\vcruntime140_1.dll
0x00007ffdcf1c0000 - 0x00007ffdcf24d000 	c:\Users\Admin\.vscode\extensions\redhat.java-1.43.1-win32-x64\jre\21.0.7-win32-x86_64\bin\msvcp140.dll
0x00007ffda37b0000 - 0x00007ffda4540000 	c:\Users\Admin\.vscode\extensions\redhat.java-1.43.1-win32-x64\jre\21.0.7-win32-x86_64\bin\server\jvm.dll
0x00007ffe122f0000 - 0x00007ffe123a2000 	C:\WINDOWS\System32\ADVAPI32.dll
0x00007ffe10870000 - 0x00007ffe10916000 	C:\WINDOWS\System32\sechost.dll
0x00007ffe121d0000 - 0x00007ffe122e6000 	C:\WINDOWS\System32\RPCRT4.dll
0x00007ffe10be0000 - 0x00007ffe10c54000 	C:\WINDOWS\System32\WS2_32.dll
0x00007ffe0f970000 - 0x00007ffe0f9be000 	C:\WINDOWS\SYSTEM32\POWRPROF.dll
0x00007ffe07090000 - 0x00007ffe070c6000 	C:\WINDOWS\SYSTEM32\WINMM.dll
0x00007ffe070d0000 - 0x00007ffe070db000 	C:\WINDOWS\SYSTEM32\VERSION.dll
0x00007ffe0f950000 - 0x00007ffe0f964000 	C:\WINDOWS\SYSTEM32\UMPDC.dll
0x00007ffe0e8c0000 - 0x00007ffe0e8da000 	C:\WINDOWS\SYSTEM32\kernel.appcore.dll
0x00007ffe07be0000 - 0x00007ffe07bea000 	c:\Users\Admin\.vscode\extensions\redhat.java-1.43.1-win32-x64\jre\21.0.7-win32-x86_64\bin\jimage.dll
0x00007ffe02d40000 - 0x00007ffe02f81000 	C:\WINDOWS\SYSTEM32\DBGHELP.DLL
0x00007ffe118e0000 - 0x00007ffe11c62000 	C:\WINDOWS\System32\combase.dll
0x00007ffe10790000 - 0x00007ffe10866000 	C:\WINDOWS\System32\OLEAUT32.dll
0x00007ffdffb30000 - 0x00007ffdffb69000 	C:\WINDOWS\SYSTEM32\dbgcore.DLL
0x00007ffe0fe90000 - 0x00007ffe0ff29000 	C:\WINDOWS\System32\bcryptPrimitives.dll
0x00007ffe044f0000 - 0x00007ffe044ff000 	c:\Users\Admin\.vscode\extensions\redhat.java-1.43.1-win32-x64\jre\21.0.7-win32-x86_64\bin\instrument.dll
0x00007ffdef1a0000 - 0x00007ffdef1bf000 	c:\Users\Admin\.vscode\extensions\redhat.java-1.43.1-win32-x64\jre\21.0.7-win32-x86_64\bin\java.dll
0x00007ffe10f90000 - 0x00007ffe116a5000 	C:\WINDOWS\System32\SHELL32.dll
0x00007ffe104e0000 - 0x00007ffe10648000 	C:\WINDOWS\System32\wintypes.dll
0x00007ffe0d7a0000 - 0x00007ffe0dfe5000 	C:\WINDOWS\SYSTEM32\windows.storage.dll
0x00007ffe117f0000 - 0x00007ffe118db000 	C:\WINDOWS\System32\SHCORE.dll
0x00007ffe109d0000 - 0x00007ffe10a2d000 	C:\WINDOWS\System32\shlwapi.dll
0x00007ffe0f9f0000 - 0x00007ffe0fa1f000 	C:\WINDOWS\SYSTEM32\profapi.dll
0x00007ffdef150000 - 0x00007ffdef168000 	c:\Users\Admin\.vscode\extensions\redhat.java-1.43.1-win32-x64\jre\21.0.7-win32-x86_64\bin\zip.dll
0x00007ffe044e0000 - 0x00007ffe044f0000 	C:\Users\Admin\.vscode\extensions\redhat.java-1.43.1-win32-x64\jre\21.0.7-win32-x86_64\bin\net.dll
0x00007ffe081c0000 - 0x00007ffe082de000 	C:\WINDOWS\SYSTEM32\WINHTTP.dll
0x00007ffe0edc0000 - 0x00007ffe0ee2a000 	C:\WINDOWS\system32\mswsock.dll
0x00007ffdeacd0000 - 0x00007ffdeace6000 	C:\Users\Admin\.vscode\extensions\redhat.java-1.43.1-win32-x64\jre\21.0.7-win32-x86_64\bin\nio.dll
0x00007ffdf8840000 - 0x00007ffdf8850000 	c:\Users\Admin\.vscode\extensions\redhat.java-1.43.1-win32-x64\jre\21.0.7-win32-x86_64\bin\verify.dll
0x00007ffdcf170000 - 0x00007ffdcf1b5000 	C:\Users\Admin\AppData\Roaming\Code\User\globalStorage\redhat.java\1.43.1\config_win\org.eclipse.equinox.launcher\org.eclipse.equinox.launcher.win32.win32.x86_64_1.2.1300.v20250331-1702\eclipse_11911.dll
0x00007ffe10d30000 - 0x00007ffe10ec5000 	C:\WINDOWS\System32\ole32.dll
0x00007ffe0f170000 - 0x00007ffe0f18c000 	C:\WINDOWS\SYSTEM32\CRYPTSP.dll
0x00007ffe0e820000 - 0x00007ffe0e85a000 	C:\WINDOWS\system32\rsaenh.dll
0x00007ffe0ee60000 - 0x00007ffe0ee8b000 	C:\WINDOWS\SYSTEM32\USERENV.dll
0x00007ffe0f300000 - 0x00007ffe0f326000 	C:\WINDOWS\SYSTEM32\bcrypt.dll
0x00007ffe0eff0000 - 0x00007ffe0effc000 	C:\WINDOWS\SYSTEM32\CRYPTBASE.dll
0x00007ffe0e2e0000 - 0x00007ffe0e313000 	C:\WINDOWS\SYSTEM32\IPHLPAPI.DLL
0x00007ffe10ed0000 - 0x00007ffe10eda000 	C:\WINDOWS\System32\NSI.dll
0x00007ffdcf120000 - 0x00007ffdcf169000 	C:\Users\Admin\AppData\Local\Temp\jna-63116079\jna7161618508582977573.dll
0x00007ffe10b90000 - 0x00007ffe10b98000 	C:\WINDOWS\System32\PSAPI.DLL
0x00007ffe08630000 - 0x00007ffe0864f000 	C:\WINDOWS\SYSTEM32\dhcpcsvc6.DLL
0x00007ffe08940000 - 0x00007ffe08965000 	C:\WINDOWS\SYSTEM32\dhcpcsvc.DLL
0x00007ffdef0f0000 - 0x00007ffdef0fe000 	C:\Users\Admin\.vscode\extensions\redhat.java-1.43.1-win32-x64\jre\21.0.7-win32-x86_64\bin\sunmscapi.dll
0x00007ffe0fba0000 - 0x00007ffe0fd17000 	C:\WINDOWS\System32\CRYPT32.dll
0x00007ffe0f2c0000 - 0x00007ffe0f2f0000 	C:\WINDOWS\SYSTEM32\ncrypt.dll
0x00007ffe0f270000 - 0x00007ffe0f2af000 	C:\WINDOWS\SYSTEM32\NTASN1.dll
0x00007ffe0e370000 - 0x00007ffe0e495000 	C:\WINDOWS\SYSTEM32\DNSAPI.dll
0x00007ffe08930000 - 0x00007ffe0893b000 	C:\Windows\System32\rasadhlp.dll
0x00007ffe04ac0000 - 0x00007ffe04b45000 	C:\WINDOWS\System32\fwpuclnt.dll
0x00007ffdef050000 - 0x00007ffdef059000 	C:\Users\Admin\.vscode\extensions\redhat.java-1.43.1-win32-x64\jre\21.0.7-win32-x86_64\bin\extnet.dll
0x00007ffe0e9e0000 - 0x00007ffe0ea15000 	C:\WINDOWS\SYSTEM32\ntmarta.dll

dbghelp: loaded successfully - version: 4.0.5 - missing functions: none
symbol engine: initialized successfully - sym options: 0x614 - pdb path: .;c:\Users\Admin\.vscode\extensions\redhat.java-1.43.1-win32-x64\jre\21.0.7-win32-x86_64\bin;C:\WINDOWS\SYSTEM32;C:\WINDOWS\WinSxS\amd64_microsoft.windows.common-controls_6595b64144ccf1df_6.0.26100.3323_none_3e088096e3344490;c:\Users\Admin\.vscode\extensions\redhat.java-1.43.1-win32-x64\jre\21.0.7-win32-x86_64\bin\server;C:\Users\Admin\AppData\Roaming\Code\User\globalStorage\redhat.java\1.43.1\config_win\org.eclipse.equinox.launcher\org.eclipse.equinox.launcher.win32.win32.x86_64_1.2.1300.v20250331-1702;C:\Users\Admin\AppData\Local\Temp\jna-63116079

VM Arguments:
jvm_args: --add-modules=ALL-SYSTEM --add-opens=java.base/java.util=ALL-UNNAMED --add-opens=java.base/java.lang=ALL-UNNAMED --add-opens=java.base/sun.nio.fs=ALL-UNNAMED -Declipse.application=org.eclipse.jdt.ls.core.id1 -Dosgi.bundles.defaultStartLevel=4 -Declipse.product=org.eclipse.jdt.ls.core.product -Djava.import.generatesMetadataFilesAtProjectRoot=false -DDetectVMInstallationsJob.disabled=true -Dfile.encoding=utf8 -XX:+UseParallelGC -XX:GCTimeRatio=4 -XX:AdaptiveSizePolicyWeight=90 -Dsun.zip.disableMemoryMapping=true -Xmx2G -Xms100m -Xlog:disable -javaagent:c:\Users\Admin\.vscode\extensions\redhat.java-1.43.1-win32-x64\lombok\lombok-1.18.39-4050.jar -XX:+HeapDumpOnOutOfMemoryError -XX:HeapDumpPath=c:\Users\Admin\AppData\Roaming\Code\User\workspaceStorage\91bfc2bb926e85cacc8896de9206306c\redhat.java -Daether.dependencyCollector.impl=bf 
java_command: c:\Users\Admin\.vscode\extensions\redhat.java-1.43.1-win32-x64\server\plugins\org.eclipse.equinox.launcher_1.7.0.v20250519-0528.jar -configuration c:\Users\Admin\AppData\Roaming\Code\User\globalStorage\redhat.java\1.43.1\config_win -data c:\Users\Admin\AppData\Roaming\Code\User\workspaceStorage\91bfc2bb926e85cacc8896de9206306c\redhat.java\jdt_ws --pipe=\\.\pipe\lsp-e50572b8c63ecd62a0d3fe5a4aac5b11-sock
java_class_path (initial): c:\Users\Admin\.vscode\extensions\redhat.java-1.43.1-win32-x64\server\plugins\org.eclipse.equinox.launcher_1.7.0.v20250519-0528.jar
Launcher Type: SUN_STANDARD

[Global flags]
    uintx AdaptiveSizePolicyWeight                 = 90                                        {product} {command line}
     intx CICompilerCount                          = 4                                         {product} {ergonomic}
    uintx GCTimeRatio                              = 4                                         {product} {command line}
     bool HeapDumpOnOutOfMemoryError               = true                                   {manageable} {command line}
    ccstr HeapDumpPath                             = c:\Users\Admin\AppData\Roaming\Code\User\workspaceStorage\91bfc2bb926e85cacc8896de9206306c\redhat.java         {manageable} {command line}
   size_t InitialHeapSize                          = 104857600                                 {product} {command line}
   size_t MaxHeapSize                              = 2147483648                                {product} {command line}
   size_t MaxNewSize                               = 715653120                                 {product} {ergonomic}
   size_t MinHeapDeltaBytes                        = 524288                                    {product} {ergonomic}
   size_t MinHeapSize                              = 104857600                                 {product} {command line}
   size_t NewSize                                  = 34603008                                  {product} {ergonomic}
    uintx NonNMethodCodeHeapSize                   = 5839372                                {pd product} {ergonomic}
    uintx NonProfiledCodeHeapSize                  = 122909434                              {pd product} {ergonomic}
   size_t OldSize                                  = 70254592                                  {product} {ergonomic}
    uintx ProfiledCodeHeapSize                     = 122909434                              {pd product} {ergonomic}
    uintx ReservedCodeCacheSize                    = 251658240                              {pd product} {ergonomic}
     bool SegmentedCodeCache                       = true                                      {product} {ergonomic}
   size_t SoftMaxHeapSize                          = 2147483648                             {manageable} {ergonomic}
     bool UseCompressedOops                        = true                           {product lp64_product} {ergonomic}
     bool UseLargePagesIndividualAllocation        = false                                  {pd product} {ergonomic}
     bool UseParallelGC                            = true                                      {product} {command line}

Logging:
Log output configuration:
 #0: stdout all=off uptime,level,tags foldmultilines=false
 #1: stderr all=off uptime,level,tags foldmultilines=false

Environment Variables:
JAVA_HOME=C:\Program Files\Java\jdk-17
PATH=C:\Program Files\Java\jdk-17\bin;C:\Program Files\Java\jdk-21\bin;C:\Users\Admin\Downloads\kafka-3.9.0-src\kafka-3.9.0-src\bin;C:\Users\Admin\Downloads\gradle-8.11-bin\gradle-8.11\bin;D:\JDk\jdk1.8.0_281\bin;C:\Program Files\Common Files\Oracle\Java\javapath;C:\Program Files (x86)\Common Files\Oracle\Java\javapath;C:\WINDOWS\system32;C:\WINDOWS;C:\WINDOWS\System32\Wbem;C:\WINDOWS\System32\WindowsPowerShell\v1.0\;C:\WINDOWS\System32\OpenSSH\;C:\Program Files\nodejs\;C:\Program Files\Java\jdk-17\\bin;C:\Program Files\Git\cmd;C:\Program Files\PuTTY\;C:\Users\Admin\Desktop\mvn\apache-maven-3.9.4-bin\apache-maven-3.9.4\bin;C:\Program Files\Docker\Docker\resources\bin;C:\Users\Admin\Downloads\New folder (19)\strawberry-perl-5.40.0.1-64bit-portable\perl\bin;C:\Program Files\Maven\apache-maven-3.9.9-bin\apache-maven-3.9.9\bin;C:\Program Files\Java\jdk-17\bin;C:\Program Files\Java\jdk-21\bin;C:\Users\Admin\Downloads\kafka-3.9.0-src\kafka-3.9.0-src\bin;C:\Users\Admin\Downloads\gradle-8.11-bin\gradle-8.11\bin;D:\JDk\jdk1.8.0_281\bin;C:\Users\Admin\AppData\Local\Microsoft\WindowsApps;C:\Users\Admin\AppData\Local\Programs\Microsoft VS Code\bin;C:\Users\Admin\AppData\Roaming\npm;C:\Program Files\JetBrains\IntelliJ IDEA 2024.1.2\bin;;C:\Program Files\PHP;C:\Users\Admin\AppData\Local\Programs\MiKTeX\miktex\bin\x64\;C:\Users\Admin\Downloads\New folder (19)\strawberry-perl-5.40.0.1-64bit-portable\perl\bin;C:\Program Files\Maven\apache-maven-3.9.9-bin\apache-maven-3.9.9\bin;
USERNAME=Admin
OS=Windows_NT
PROCESSOR_IDENTIFIER=AMD64 Family 23 Model 104 Stepping 1, AuthenticAMD
TMP=C:\Users\Admin\AppData\Local\Temp
TEMP=C:\Users\Admin\AppData\Local\Temp




Periodic native trim disabled

---------------  S Y S T E M  ---------------

OS:
 Windows 11 , 64 bit Build 26100 (10.0.26100.3323)
OS uptime: 0 days 17:49 hours
Hyper-V role detected

CPU: total 12 (initial active 12) (12 cores per cpu, 2 threads per core) family 23 model 104 stepping 1 microcode 0x8608103, cx8, cmov, fxsr, ht, mmx, 3dnowpref, sse, sse2, sse3, ssse3, sse4a, sse4.1, sse4.2, popcnt, lzcnt, tsc, tscinvbit, avx, avx2, aes, clmul, bmi1, bmi2, adx, sha, fma, vzeroupper, clflush, clflushopt, hv, rdtscp, rdpid, f16c
Processor Information for the first 12 processors :
  Max Mhz: 2100, Current Mhz: 1988, Mhz Limit: 2100

Memory: 4k page, system-wide physical 6005M (237M free)
TotalPageFile size 24437M (AvailPageFile size 13M)
current process WorkingSet (physical memory assigned to process): 440M, peak: 440M
current process commit charge ("private bytes"): 1192M, peak: 1197M

vm_info: OpenJDK 64-Bit Server VM (21.0.7+6-LTS) for windows-amd64 JRE (21.0.7+6-LTS), built on 2025-04-15T00:00:00Z by "admin" with MS VC++ 17.7 (VS2022)

END.
