#
# There is insufficient memory for the Java Runtime Environment to continue.
# Native memory allocation (malloc) failed to allocate 1186896 bytes. Error detail: Chunk::new
# Possible reasons:
#   The system is out of physical RAM or swap space
#   This process is running with CompressedOops enabled, and the Java Heap may be blocking the growth of the native heap
# Possible solutions:
#   Reduce memory load on the system
#   Increase physical memory or swap space
#   Check if swap backing store is full
#   Decrease Java heap size (-Xmx/-Xms)
#   Decrease number of Java threads
#   Decrease Java thread stack sizes (-Xss)
#   Set larger code cache with -XX:ReservedCodeCacheSize=
#   JVM is running with Unscaled Compressed Oops mode in which the Java heap is
#     placed in the first 4GB address space. The Java Heap base address is the
#     maximum limit for the native heap growth. Please use -XX:HeapBaseMinAddress
#     to set the Java Heap base and to place the Java Heap above 4GB virtual address.
# This output file may be truncated or incomplete.
#
#  Out of Memory Error (arena.cpp:168), pid=1596, tid=3216
#
# JRE version: OpenJDK Runtime Environment Temurin-21.0.7+6 (21.0.7+6) (build 21.0.7+6-LTS)
# Java VM: OpenJDK 64-Bit Server VM Temurin-21.0.7+6 (21.0.7+6-LTS, mixed mode, sharing, tiered, compressed oops, compressed class ptrs, parallel gc, windows-amd64)
# No core dump will be written. Minidumps are not enabled by default on client versions of Windows
#

---------------  S U M M A R Y ------------

Command Line: --add-modules=ALL-SYSTEM --add-opens=java.base/java.util=ALL-UNNAMED --add-opens=java.base/java.lang=ALL-UNNAMED --add-opens=java.base/sun.nio.fs=ALL-UNNAMED -Declipse.application=org.eclipse.jdt.ls.core.id1 -Dosgi.bundles.defaultStartLevel=4 -Declipse.product=org.eclipse.jdt.ls.core.product -Djava.import.generatesMetadataFilesAtProjectRoot=false -DDetectVMInstallationsJob.disabled=true -Dfile.encoding=utf8 -XX:+UseParallelGC -XX:GCTimeRatio=4 -XX:AdaptiveSizePolicyWeight=90 -Dsun.zip.disableMemoryMapping=true -Xmx2G -Xms100m -Xlog:disable -javaagent:c:\Users\Admin\.vscode\extensions\redhat.java-1.43.1-win32-x64\lombok\lombok-1.18.39-4050.jar c:\Users\Admin\.vscode\extensions\redhat.java-1.43.1-win32-x64\server\plugins\org.eclipse.equinox.launcher_1.7.0.v20250519-0528.jar -configuration c:\Users\Admin\AppData\Roaming\Code\User\globalStorage\redhat.java\1.43.1\config_ss_win -data c:\Users\Admin\AppData\Roaming\Code\User\workspaceStorage\91bfc2bb926e85cacc8896de9206306c\redhat.java\ss_ws --pipe=\\.\pipe\lsp-0a4fb8161c75daf05c7e5536d8c8089a-sock

Host: AMD Ryzen 5 5500U with Radeon Graphics         , 12 cores, 5G,  Windows 11 , 64 bit Build 26100 (10.0.26100.3323)
Time: Mon Jul 14 16:32:03 2025 W. Central Africa Standard Time elapsed time: 13.628913 seconds (0d 0h 0m 13s)

---------------  T H R E A D  ---------------

Current thread (0x0000025cfa019c90):  JavaThread "C2 CompilerThread0" daemon [_thread_in_native, id=3216, stack(0x00000079cbf00000,0x00000079cc000000) (1024K)]


Current CompileTask:
C2:13629 2726       4       org.lombokweb.asm.ClassReader::readMethod (1070 bytes)

Stack: [0x00000079cbf00000,0x00000079cc000000]
Native frames: (J=compiled Java code, j=interpreted, Vv=VM code, C=native code)
V  [jvm.dll+0x6ce119]
V  [jvm.dll+0x8a84a1]
V  [jvm.dll+0x8aa9ce]
V  [jvm.dll+0x8ab0b3]
V  [jvm.dll+0x27f8a6]
V  [jvm.dll+0xc507d]
V  [jvm.dll+0xc55b3]
V  [jvm.dll+0x3b68f2]
V  [jvm.dll+0x382aa5]
V  [jvm.dll+0x381f0a]
V  [jvm.dll+0x247af0]
V  [jvm.dll+0x2470cf]
V  [jvm.dll+0x1c760e]
V  [jvm.dll+0x25695a]
V  [jvm.dll+0x254efa]
V  [jvm.dll+0x3f03f6]
V  [jvm.dll+0x851f6b]
V  [jvm.dll+0x6cc7dd]
C  [ucrtbase.dll+0x37b0]
C  [KERNEL32.DLL+0x2e8d7]
C  [ntdll.dll+0xbbf6c]


---------------  P R O C E S S  ---------------

Threads class SMR info:
_java_thread_list=0x0000025cfaf21870, length=20, elements={
0x0000025cdd58c8d0, 0x0000025cfa0044b0, 0x0000025cfa005770, 0x0000025cfa00cd50,
0x0000025cfa00d9a0, 0x0000025cfa0111c0, 0x0000025cfa0129d0, 0x0000025cfa019c90,
0x0000025cfa058e50, 0x0000025cdd5f6600, 0x0000025cfa3d6200, 0x0000025cfa890040,
0x0000025cfa9d9c40, 0x0000025cfa9da570, 0x0000025cfaba5240, 0x0000025cfaca4190,
0x0000025cfa0828b0, 0x0000025cfaf10940, 0x0000025cfa447090, 0x0000025cfa7cd9a0
}

Java Threads: ( => current thread )
  0x0000025cdd58c8d0 JavaThread "main"                              [_thread_blocked, id=14964, stack(0x00000079cb500000,0x00000079cb600000) (1024K)]
  0x0000025cfa0044b0 JavaThread "Reference Handler"          daemon [_thread_blocked, id=16548, stack(0x00000079cb900000,0x00000079cba00000) (1024K)]
  0x0000025cfa005770 JavaThread "Finalizer"                  daemon [_thread_blocked, id=14824, stack(0x00000079cba00000,0x00000079cbb00000) (1024K)]
  0x0000025cfa00cd50 JavaThread "Signal Dispatcher"          daemon [_thread_blocked, id=25732, stack(0x00000079cbb00000,0x00000079cbc00000) (1024K)]
  0x0000025cfa00d9a0 JavaThread "Attach Listener"            daemon [_thread_blocked, id=692, stack(0x00000079cbc00000,0x00000079cbd00000) (1024K)]
  0x0000025cfa0111c0 JavaThread "Service Thread"             daemon [_thread_blocked, id=11352, stack(0x00000079cbd00000,0x00000079cbe00000) (1024K)]
  0x0000025cfa0129d0 JavaThread "Monitor Deflation Thread"   daemon [_thread_blocked, id=26492, stack(0x00000079cbe00000,0x00000079cbf00000) (1024K)]
=>0x0000025cfa019c90 JavaThread "C2 CompilerThread0"         daemon [_thread_in_native, id=3216, stack(0x00000079cbf00000,0x00000079cc000000) (1024K)]
  0x0000025cfa058e50 JavaThread "C1 CompilerThread0"         daemon [_thread_blocked, id=26528, stack(0x00000079cc000000,0x00000079cc100000) (1024K)]
  0x0000025cdd5f6600 JavaThread "Common-Cleaner"             daemon [_thread_blocked, id=27676, stack(0x00000079cc100000,0x00000079cc200000) (1024K)]
  0x0000025cfa3d6200 JavaThread "Notification Thread"        daemon [_thread_blocked, id=2248, stack(0x00000079cc200000,0x00000079cc300000) (1024K)]
  0x0000025cfa890040 JavaThread "Active Thread: Equinox Container: d63d56f2-3362-4f84-afcc-1fcbfbe7f16f"        [_thread_blocked, id=27644, stack(0x00000079cc300000,0x00000079cc400000) (1024K)]
  0x0000025cfa9d9c40 JavaThread "Framework Event Dispatcher: Equinox Container: d63d56f2-3362-4f84-afcc-1fcbfbe7f16f" daemon [_thread_blocked, id=13584, stack(0x00000079cca00000,0x00000079ccb00000) (1024K)]
  0x0000025cfa9da570 JavaThread "Start Level: Equinox Container: d63d56f2-3362-4f84-afcc-1fcbfbe7f16f" daemon [_thread_in_Java, id=9660, stack(0x00000079ccb00000,0x00000079ccc00000) (1024K)]
  0x0000025cfaba5240 JavaThread "SCR Component Actor"        daemon [_thread_blocked, id=29052, stack(0x00000079ccd00000,0x00000079cce00000) (1024K)]
  0x0000025cfaca4190 JavaThread "SCR Component Registry"     daemon [_thread_blocked, id=9352, stack(0x00000079cce00000,0x00000079ccf00000) (1024K)]
  0x0000025cfa0828b0 JavaThread "Worker-JM"                         [_thread_blocked, id=29072, stack(0x00000079ccf00000,0x00000079cd000000) (1024K)]
  0x0000025cfaf10940 JavaThread "JNA Cleaner"                daemon [_thread_blocked, id=13864, stack(0x00000079cd200000,0x00000079cd300000) (1024K)]
  0x0000025cfa447090 JavaThread "Worker-0"                          [_thread_blocked, id=14232, stack(0x00000079cd300000,0x00000079cd400000) (1024K)]
  0x0000025cfa7cd9a0 JavaThread "Worker-1"                          [_thread_blocked, id=14284, stack(0x00000079cd400000,0x00000079cd500000) (1024K)]
Total: 20

Other Threads:
  0x0000025cdd64e870 VMThread "VM Thread"                           [id=4292, stack(0x00000079cb800000,0x00000079cb900000) (1024K)]
  0x0000025cdd41ca00 WatcherThread "VM Periodic Task Thread"        [id=17244, stack(0x00000079cb700000,0x00000079cb800000) (1024K)]
  0x0000025cdd5ab350 WorkerThread "GC Thread#0"                     [id=28824, stack(0x00000079cb600000,0x00000079cb700000) (1024K)]
  0x0000025cfa7f5660 WorkerThread "GC Thread#1"                     [id=17956, stack(0x00000079cc400000,0x00000079cc500000) (1024K)]
  0x0000025cfa849620 WorkerThread "GC Thread#2"                     [id=26044, stack(0x00000079cc500000,0x00000079cc600000) (1024K)]
  0x0000025cfa8668a0 WorkerThread "GC Thread#3"                     [id=9492, stack(0x00000079cc600000,0x00000079cc700000) (1024K)]
  0x0000025cfa866c40 WorkerThread "GC Thread#4"                     [id=29608, stack(0x00000079cc700000,0x00000079cc800000) (1024K)]
  0x0000025cfa866fe0 WorkerThread "GC Thread#5"                     [id=12372, stack(0x00000079cc800000,0x00000079cc900000) (1024K)]
  0x0000025cfa8dada0 WorkerThread "GC Thread#6"                     [id=29516, stack(0x00000079cc900000,0x00000079cca00000) (1024K)]
  0x0000025cfab931b0 WorkerThread "GC Thread#7"                     [id=16760, stack(0x00000079ccc00000,0x00000079ccd00000) (1024K)]
  0x0000025cfacf5f50 WorkerThread "GC Thread#8"                     [id=4456, stack(0x00000079cd000000,0x00000079cd100000) (1024K)]
  0x0000025cfacf6dd0 WorkerThread "GC Thread#9"                     [id=4804, stack(0x00000079cd100000,0x00000079cd200000) (1024K)]
Total: 12

Threads with active compile tasks:
C2 CompilerThread0  13661 2726       4       org.lombokweb.asm.ClassReader::readMethod (1070 bytes)
C1 CompilerThread0  13661 2980       3       java.lang.invoke.DirectMethodHandle$StaticAccessor::viewAsType (49 bytes)
Total: 2

VM state: not at safepoint (normal execution)

VM Mutex/Monitor currently owned by a thread: None

Heap address: 0x0000000080000000, size: 2048 MB, Compressed Oops mode: 32-bit

CDS archive(s) mapped at: [0x0000025c80000000-0x0000025c80ba0000-0x0000025c80ba0000), size 12189696, SharedBaseAddress: 0x0000025c80000000, ArchiveRelocationMode: 1.
Compressed class space mapped at: 0x0000025c81000000-0x0000025cc1000000, reserved size: 1073741824
Narrow klass base: 0x0000025c80000000, Narrow klass shift: 0, Narrow klass range: 0x100000000

GC Precious Log:
 CardTable entry size: 512
 CPUs: 12 total, 12 available
 Memory: 6005M
 Large Page Support: Disabled
 NUMA Support: Disabled
 Compressed Oops: Enabled (32-bit)
 Alignments: Space 512K, Generation 512K, Heap 2M
 Heap Min Capacity: 100M
 Heap Initial Capacity: 100M
 Heap Max Capacity: 2G
 Pre-touch: Disabled
 Parallel Workers: 10

Heap:
 PSYoungGen      total 27648K, used 9413K [0x00000000d5580000, 0x00000000d8400000, 0x0000000100000000)
  eden space 24576K, 27% used [0x00000000d5580000,0x00000000d5c254d8,0x00000000d6d80000)
  from space 3072K, 84% used [0x00000000d7f00000,0x00000000d818c310,0x00000000d8200000)
  to   space 2048K, 0% used [0x00000000d8200000,0x00000000d8200000,0x00000000d8400000)
 ParOldGen       total 68608K, used 8736K [0x0000000080000000, 0x0000000084300000, 0x00000000d5580000)
  object space 68608K, 12% used [0x0000000080000000,0x00000000808882d8,0x0000000084300000)
 Metaspace       used 23883K, committed 24640K, reserved 1114112K
  class space    used 2249K, committed 2560K, reserved 1048576K

Card table byte_map: [0x0000025cdcf30000,0x0000025cdd340000] _byte_map_base: 0x0000025cdcb30000

Marking Bits: (ParMarkBitMap*) 0x00007fff304331f0
 Begin Bits: [0x0000025cefa30000, 0x0000025cf1a30000)
 End Bits:   [0x0000025cf1a30000, 0x0000025cf3a30000)

Polling page: 0x0000025cdb1b0000

Metaspace:

Usage:
  Non-class:     21.13 MB used.
      Class:      2.20 MB used.
       Both:     23.32 MB used.

Virtual space:
  Non-class space:       64.00 MB reserved,      21.56 MB ( 34%) committed,  1 nodes.
      Class space:        1.00 GB reserved,       2.50 MB ( <1%) committed,  1 nodes.
             Both:        1.06 GB reserved,      24.06 MB (  2%) committed. 

Chunk freelists:
   Non-Class:  9.77 MB
       Class:  13.46 MB
        Both:  23.23 MB

MaxMetaspaceSize: unlimited
CompressedClassSpaceSize: 1.00 GB
Initial GC threshold: 21.00 MB
Current GC threshold: 35.00 MB
CDS: on
 - commit_granule_bytes: 65536.
 - commit_granule_words: 8192.
 - virtual_space_node_default_size: 8388608.
 - enlarge_chunks_in_place: 1.
 - use_allocation_guard: 0.


Internal statistics:

num_allocs_failed_limit: 3.
num_arena_births: 524.
num_arena_deaths: 14.
num_vsnodes_births: 2.
num_vsnodes_deaths: 0.
num_space_committed: 385.
num_space_uncommitted: 0.
num_chunks_returned_to_freelist: 17.
num_chunks_taken_from_freelist: 1427.
num_chunk_merges: 9.
num_chunk_splits: 922.
num_chunks_enlarged: 621.
num_inconsistent_stats: 0.

CodeHeap 'non-profiled nmethods': size=120000Kb used=1168Kb max_used=1168Kb free=118831Kb
 bounds [0x0000025ce8250000, 0x0000025ce84c0000, 0x0000025cef780000]
CodeHeap 'profiled nmethods': size=120000Kb used=5936Kb max_used=5936Kb free=114063Kb
 bounds [0x0000025ce0780000, 0x0000025ce0d50000, 0x0000025ce7cb0000]
CodeHeap 'non-nmethods': size=5760Kb used=1324Kb max_used=1324Kb free=4436Kb
 bounds [0x0000025ce7cb0000, 0x0000025ce7f20000, 0x0000025ce8250000]
 total_blobs=3572 nmethods=2962 adapters=516
 compilation: enabled
              stopped_count=0, restarted_count=0
 full_count=0

Compilation events (20 events):
Event: 12.600 Thread 0x0000025cfa058e50 2954   !   3       sun.security.provider.DigestBase::engineDigest (33 bytes)
Event: 12.600 Thread 0x0000025cfa058e50 nmethod 2954 0x0000025ce0d35090 code [0x0000025ce0d35260, 0x0000025ce0d35510]
Event: 12.607 Thread 0x0000025cfa058e50 2955       3       java.net.URL::<init> (11 bytes)
Event: 12.607 Thread 0x0000025cfa058e50 nmethod 2955 0x0000025ce0d35610 code [0x0000025ce0d357c0, 0x0000025ce0d35908]
Event: 12.608 Thread 0x0000025cfa058e50 2956       3       java.util.jar.Attributes::putValue (13 bytes)
Event: 12.608 Thread 0x0000025cfa058e50 nmethod 2956 0x0000025ce0d35990 code [0x0000025ce0d35bc0, 0x0000025ce0d36398]
Event: 12.608 Thread 0x0000025cfa058e50 2957   !   3       java.util.jar.Attributes::read (494 bytes)
Event: 12.612 Thread 0x0000025cfa058e50 nmethod 2957 0x0000025ce0d36610 code [0x0000025ce0d36da0, 0x0000025ce0d3aa30]
Event: 12.613 Thread 0x0000025cfa058e50 2958       3       java.util.jar.Manifest$FastInputStream::readLine (9 bytes)
Event: 12.613 Thread 0x0000025cfa058e50 nmethod 2958 0x0000025ce0d3c390 code [0x0000025ce0d3c540, 0x0000025ce0d3c690]
Event: 12.613 Thread 0x0000025cfa058e50 2960       1       java.util.zip.ZipEntry::getName (5 bytes)
Event: 12.613 Thread 0x0000025cfa058e50 nmethod 2960 0x0000025ce8373610 code [0x0000025ce83737a0, 0x0000025ce8373868]
Event: 12.613 Thread 0x0000025cfa058e50 2961       3       org.eclipse.osgi.storage.bundlefile.ZipBundleFile$1::hasNext (10 bytes)
Event: 12.613 Thread 0x0000025cfa058e50 nmethod 2961 0x0000025ce0d3c790 code [0x0000025ce0d3c940, 0x0000025ce0d3cb18]
Event: 12.613 Thread 0x0000025cfa058e50 2962       3       org.eclipse.osgi.storage.bundlefile.ZipBundleFile$1::next (5 bytes)
Event: 12.613 Thread 0x0000025cfa058e50 nmethod 2962 0x0000025ce0d3cc10 code [0x0000025ce0d3cde0, 0x0000025ce0d3d1d0]
Event: 12.613 Thread 0x0000025cfa058e50 2963       3       org.eclipse.osgi.storage.bundlefile.ZipBundleFile$1::next (18 bytes)
Event: 12.613 Thread 0x0000025cfa058e50 nmethod 2963 0x0000025ce0d3d310 code [0x0000025ce0d3d4e0, 0x0000025ce0d3d868]
Event: 12.613 Thread 0x0000025cfa058e50 2959       3       jdk.internal.org.objectweb.asm.FieldVisitor::<init> (78 bytes)
Event: 12.614 Thread 0x0000025cfa058e50 nmethod 2959 0x0000025ce0d3d990 code [0x0000025ce0d3dbc0, 0x0000025ce0d3e318]

GC Heap History (16 events):
Event: 1.742 GC heap before
{Heap before GC invocations=1 (full 0):
 PSYoungGen      total 29696K, used 25600K [0x00000000d5580000, 0x00000000d7680000, 0x0000000100000000)
  eden space 25600K, 100% used [0x00000000d5580000,0x00000000d6e80000,0x00000000d6e80000)
  from space 4096K, 0% used [0x00000000d7280000,0x00000000d7280000,0x00000000d7680000)
  to   space 4096K, 0% used [0x00000000d6e80000,0x00000000d6e80000,0x00000000d7280000)
 ParOldGen       total 68608K, used 0K [0x0000000080000000, 0x0000000084300000, 0x00000000d5580000)
  object space 68608K, 0% used [0x0000000080000000,0x0000000080000000,0x0000000084300000)
 Metaspace       used 4301K, committed 4544K, reserved 1114112K
  class space    used 457K, committed 576K, reserved 1048576K
}
Event: 2.755 GC heap after
{Heap after GC invocations=1 (full 0):
 PSYoungGen      total 29696K, used 3335K [0x00000000d5580000, 0x00000000d8f80000, 0x0000000100000000)
  eden space 25600K, 0% used [0x00000000d5580000,0x00000000d5580000,0x00000000d6e80000)
  from space 4096K, 81% used [0x00000000d6e80000,0x00000000d71c1c68,0x00000000d7280000)
  to   space 4096K, 0% used [0x00000000d8b80000,0x00000000d8b80000,0x00000000d8f80000)
 ParOldGen       total 68608K, used 16K [0x0000000080000000, 0x0000000084300000, 0x00000000d5580000)
  object space 68608K, 0% used [0x0000000080000000,0x0000000080004000,0x0000000084300000)
 Metaspace       used 4301K, committed 4544K, reserved 1114112K
  class space    used 457K, committed 576K, reserved 1048576K
}
Event: 4.121 GC heap before
{Heap before GC invocations=2 (full 0):
 PSYoungGen      total 29696K, used 28935K [0x00000000d5580000, 0x00000000d8f80000, 0x0000000100000000)
  eden space 25600K, 100% used [0x00000000d5580000,0x00000000d6e80000,0x00000000d6e80000)
  from space 4096K, 81% used [0x00000000d6e80000,0x00000000d71c1c68,0x00000000d7280000)
  to   space 4096K, 0% used [0x00000000d8b80000,0x00000000d8b80000,0x00000000d8f80000)
 ParOldGen       total 68608K, used 16K [0x0000000080000000, 0x0000000084300000, 0x00000000d5580000)
  object space 68608K, 0% used [0x0000000080000000,0x0000000080004000,0x0000000084300000)
 Metaspace       used 8170K, committed 8512K, reserved 1114112K
  class space    used 850K, committed 1024K, reserved 1048576K
}
Event: 4.131 GC heap after
{Heap after GC invocations=2 (full 0):
 PSYoungGen      total 29696K, used 4089K [0x00000000d5580000, 0x00000000d8f80000, 0x0000000100000000)
  eden space 25600K, 0% used [0x00000000d5580000,0x00000000d5580000,0x00000000d6e80000)
  from space 4096K, 99% used [0x00000000d8b80000,0x00000000d8f7e430,0x00000000d8f80000)
  to   space 4096K, 0% used [0x00000000d6e80000,0x00000000d6e80000,0x00000000d7280000)
 ParOldGen       total 68608K, used 921K [0x0000000080000000, 0x0000000084300000, 0x00000000d5580000)
  object space 68608K, 1% used [0x0000000080000000,0x00000000800e66a8,0x0000000084300000)
 Metaspace       used 8170K, committed 8512K, reserved 1114112K
  class space    used 850K, committed 1024K, reserved 1048576K
}
Event: 8.421 GC heap before
{Heap before GC invocations=3 (full 0):
 PSYoungGen      total 29696K, used 29689K [0x00000000d5580000, 0x00000000d8f80000, 0x0000000100000000)
  eden space 25600K, 100% used [0x00000000d5580000,0x00000000d6e80000,0x00000000d6e80000)
  from space 4096K, 99% used [0x00000000d8b80000,0x00000000d8f7e430,0x00000000d8f80000)
  to   space 4096K, 0% used [0x00000000d6e80000,0x00000000d6e80000,0x00000000d7280000)
 ParOldGen       total 68608K, used 921K [0x0000000080000000, 0x0000000084300000, 0x00000000d5580000)
  object space 68608K, 1% used [0x0000000080000000,0x00000000800e66a8,0x0000000084300000)
 Metaspace       used 12940K, committed 13504K, reserved 1114112K
  class space    used 1337K, committed 1536K, reserved 1048576K
}
Event: 8.433 GC heap after
{Heap after GC invocations=3 (full 0):
 PSYoungGen      total 29696K, used 4069K [0x00000000d5580000, 0x00000000d8c00000, 0x0000000100000000)
  eden space 25600K, 0% used [0x00000000d5580000,0x00000000d5580000,0x00000000d6e80000)
  from space 4096K, 99% used [0x00000000d6e80000,0x00000000d72794f8,0x00000000d7280000)
  to   space 4096K, 0% used [0x00000000d8800000,0x00000000d8800000,0x00000000d8c00000)
 ParOldGen       total 68608K, used 2711K [0x0000000080000000, 0x0000000084300000, 0x00000000d5580000)
  object space 68608K, 3% used [0x0000000080000000,0x00000000802a5f08,0x0000000084300000)
 Metaspace       used 12940K, committed 13504K, reserved 1114112K
  class space    used 1337K, committed 1536K, reserved 1048576K
}
Event: 11.028 GC heap before
{Heap before GC invocations=4 (full 0):
 PSYoungGen      total 29696K, used 29669K [0x00000000d5580000, 0x00000000d8c00000, 0x0000000100000000)
  eden space 25600K, 100% used [0x00000000d5580000,0x00000000d6e80000,0x00000000d6e80000)
  from space 4096K, 99% used [0x00000000d6e80000,0x00000000d72794f8,0x00000000d7280000)
  to   space 4096K, 0% used [0x00000000d8800000,0x00000000d8800000,0x00000000d8c00000)
 ParOldGen       total 68608K, used 2711K [0x0000000080000000, 0x0000000084300000, 0x00000000d5580000)
  object space 68608K, 3% used [0x0000000080000000,0x00000000802a5f08,0x0000000084300000)
 Metaspace       used 17026K, committed 17728K, reserved 1114112K
  class space    used 1745K, committed 2048K, reserved 1048576K
}
Event: 11.035 GC heap after
{Heap after GC invocations=4 (full 0):
 PSYoungGen      total 29696K, used 4095K [0x00000000d5580000, 0x00000000d8c00000, 0x0000000100000000)
  eden space 25600K, 0% used [0x00000000d5580000,0x00000000d5580000,0x00000000d6e80000)
  from space 4096K, 99% used [0x00000000d8800000,0x00000000d8bfff60,0x00000000d8c00000)
  to   space 4096K, 0% used [0x00000000d6e80000,0x00000000d6e80000,0x00000000d7280000)
 ParOldGen       total 68608K, used 4383K [0x0000000080000000, 0x0000000084300000, 0x00000000d5580000)
  object space 68608K, 6% used [0x0000000080000000,0x0000000080447ff0,0x0000000084300000)
 Metaspace       used 17026K, committed 17728K, reserved 1114112K
  class space    used 1745K, committed 2048K, reserved 1048576K
}
Event: 11.746 GC heap before
{Heap before GC invocations=5 (full 0):
 PSYoungGen      total 29696K, used 29695K [0x00000000d5580000, 0x00000000d8c00000, 0x0000000100000000)
  eden space 25600K, 100% used [0x00000000d5580000,0x00000000d6e80000,0x00000000d6e80000)
  from space 4096K, 99% used [0x00000000d8800000,0x00000000d8bfff60,0x00000000d8c00000)
  to   space 4096K, 0% used [0x00000000d6e80000,0x00000000d6e80000,0x00000000d7280000)
 ParOldGen       total 68608K, used 4383K [0x0000000080000000, 0x0000000084300000, 0x00000000d5580000)
  object space 68608K, 6% used [0x0000000080000000,0x0000000080447ff0,0x0000000084300000)
 Metaspace       used 20274K, committed 20992K, reserved 1114112K
  class space    used 1963K, committed 2304K, reserved 1048576K
}
Event: 11.752 GC heap after
{Heap after GC invocations=5 (full 0):
 PSYoungGen      total 29184K, used 4090K [0x00000000d5580000, 0x00000000d8880000, 0x0000000100000000)
  eden space 25088K, 0% used [0x00000000d5580000,0x00000000d5580000,0x00000000d6e00000)
  from space 4096K, 99% used [0x00000000d6e80000,0x00000000d727e948,0x00000000d7280000)
  to   space 5120K, 0% used [0x00000000d8380000,0x00000000d8380000,0x00000000d8880000)
 ParOldGen       total 68608K, used 4625K [0x0000000080000000, 0x0000000084300000, 0x00000000d5580000)
  object space 68608K, 6% used [0x0000000080000000,0x00000000804845c8,0x0000000084300000)
 Metaspace       used 20274K, committed 20992K, reserved 1114112K
  class space    used 1963K, committed 2304K, reserved 1048576K
}
Event: 11.811 GC heap before
{Heap before GC invocations=6 (full 0):
 PSYoungGen      total 29184K, used 10083K [0x00000000d5580000, 0x00000000d8880000, 0x0000000100000000)
  eden space 25088K, 23% used [0x00000000d5580000,0x00000000d5b5a4b8,0x00000000d6e00000)
  from space 4096K, 99% used [0x00000000d6e80000,0x00000000d727e948,0x00000000d7280000)
  to   space 5120K, 0% used [0x00000000d8380000,0x00000000d8380000,0x00000000d8880000)
 ParOldGen       total 68608K, used 4625K [0x0000000080000000, 0x0000000084300000, 0x00000000d5580000)
  object space 68608K, 6% used [0x0000000080000000,0x00000000804845c8,0x0000000084300000)
 Metaspace       used 20849K, committed 21504K, reserved 1114112K
  class space    used 1999K, committed 2304K, reserved 1048576K
}
Event: 11.817 GC heap after
{Heap after GC invocations=6 (full 0):
 PSYoungGen      total 29696K, used 4518K [0x00000000d5580000, 0x00000000d8800000, 0x0000000100000000)
  eden space 25088K, 0% used [0x00000000d5580000,0x00000000d5580000,0x00000000d6e00000)
  from space 4608K, 98% used [0x00000000d8380000,0x00000000d87e9be8,0x00000000d8800000)
  to   space 4608K, 0% used [0x00000000d7f00000,0x00000000d7f00000,0x00000000d8380000)
 ParOldGen       total 68608K, used 4625K [0x0000000080000000, 0x0000000084300000, 0x00000000d5580000)
  object space 68608K, 6% used [0x0000000080000000,0x00000000804845c8,0x0000000084300000)
 Metaspace       used 20849K, committed 21504K, reserved 1114112K
  class space    used 1999K, committed 2304K, reserved 1048576K
}
Event: 11.817 GC heap before
{Heap before GC invocations=7 (full 1):
 PSYoungGen      total 29696K, used 4518K [0x00000000d5580000, 0x00000000d8800000, 0x0000000100000000)
  eden space 25088K, 0% used [0x00000000d5580000,0x00000000d5580000,0x00000000d6e00000)
  from space 4608K, 98% used [0x00000000d8380000,0x00000000d87e9be8,0x00000000d8800000)
  to   space 4608K, 0% used [0x00000000d7f00000,0x00000000d7f00000,0x00000000d8380000)
 ParOldGen       total 68608K, used 4625K [0x0000000080000000, 0x0000000084300000, 0x00000000d5580000)
  object space 68608K, 6% used [0x0000000080000000,0x00000000804845c8,0x0000000084300000)
 Metaspace       used 20849K, committed 21504K, reserved 1114112K
  class space    used 1999K, committed 2304K, reserved 1048576K
}
Event: 11.865 GC heap after
{Heap after GC invocations=7 (full 1):
 PSYoungGen      total 29696K, used 0K [0x00000000d5580000, 0x00000000d8800000, 0x0000000100000000)
  eden space 25088K, 0% used [0x00000000d5580000,0x00000000d5580000,0x00000000d6e00000)
  from space 4608K, 0% used [0x00000000d8380000,0x00000000d8380000,0x00000000d8800000)
  to   space 4608K, 0% used [0x00000000d7f00000,0x00000000d7f00000,0x00000000d8380000)
 ParOldGen       total 68608K, used 8728K [0x0000000080000000, 0x0000000084300000, 0x00000000d5580000)
  object space 68608K, 12% used [0x0000000080000000,0x00000000808862d8,0x0000000084300000)
 Metaspace       used 20836K, committed 21504K, reserved 1114112K
  class space    used 1996K, committed 2304K, reserved 1048576K
}
Event: 12.443 GC heap before
{Heap before GC invocations=8 (full 1):
 PSYoungGen      total 29696K, used 25088K [0x00000000d5580000, 0x00000000d8800000, 0x0000000100000000)
  eden space 25088K, 100% used [0x00000000d5580000,0x00000000d6e00000,0x00000000d6e00000)
  from space 4608K, 0% used [0x00000000d8380000,0x00000000d8380000,0x00000000d8800000)
  to   space 4608K, 0% used [0x00000000d7f00000,0x00000000d7f00000,0x00000000d8380000)
 ParOldGen       total 68608K, used 8728K [0x0000000080000000, 0x0000000084300000, 0x00000000d5580000)
  object space 68608K, 12% used [0x0000000080000000,0x00000000808862d8,0x0000000084300000)
 Metaspace       used 22918K, committed 23552K, reserved 1114112K
  class space    used 2172K, committed 2432K, reserved 1048576K
}
Event: 12.448 GC heap after
{Heap after GC invocations=8 (full 1):
 PSYoungGen      total 27648K, used 2608K [0x00000000d5580000, 0x00000000d8400000, 0x0000000100000000)
  eden space 24576K, 0% used [0x00000000d5580000,0x00000000d5580000,0x00000000d6d80000)
  from space 3072K, 84% used [0x00000000d7f00000,0x00000000d818c310,0x00000000d8200000)
  to   space 2048K, 0% used [0x00000000d8200000,0x00000000d8200000,0x00000000d8400000)
 ParOldGen       total 68608K, used 8736K [0x0000000080000000, 0x0000000084300000, 0x00000000d5580000)
  object space 68608K, 12% used [0x0000000080000000,0x00000000808882d8,0x0000000084300000)
 Metaspace       used 22918K, committed 23552K, reserved 1114112K
  class space    used 2172K, committed 2432K, reserved 1048576K
}

Dll operation events (10 events):
Event: 0.037 Loaded shared library c:\Users\Admin\.vscode\extensions\redhat.java-1.43.1-win32-x64\jre\21.0.7-win32-x86_64\bin\java.dll
Event: 0.177 Loaded shared library c:\Users\Admin\.vscode\extensions\redhat.java-1.43.1-win32-x64\jre\21.0.7-win32-x86_64\bin\zip.dll
Event: 0.215 Loaded shared library C:\Users\Admin\.vscode\extensions\redhat.java-1.43.1-win32-x64\jre\21.0.7-win32-x86_64\bin\instrument.dll
Event: 0.228 Loaded shared library C:\Users\Admin\.vscode\extensions\redhat.java-1.43.1-win32-x64\jre\21.0.7-win32-x86_64\bin\net.dll
Event: 0.234 Loaded shared library C:\Users\Admin\.vscode\extensions\redhat.java-1.43.1-win32-x64\jre\21.0.7-win32-x86_64\bin\nio.dll
Event: 0.239 Loaded shared library C:\Users\Admin\.vscode\extensions\redhat.java-1.43.1-win32-x64\jre\21.0.7-win32-x86_64\bin\zip.dll
Event: 0.274 Loaded shared library C:\Users\Admin\.vscode\extensions\redhat.java-1.43.1-win32-x64\jre\21.0.7-win32-x86_64\bin\jimage.dll
Event: 0.453 Loaded shared library c:\Users\Admin\.vscode\extensions\redhat.java-1.43.1-win32-x64\jre\21.0.7-win32-x86_64\bin\verify.dll
Event: 4.003 Loaded shared library C:\Users\Admin\AppData\Roaming\Code\User\globalStorage\redhat.java\1.43.1\config_ss_win\org.eclipse.equinox.launcher\org.eclipse.equinox.launcher.win32.win32.x86_64_1.2.1300.v20250331-1702\eclipse_11911.dll
Event: 10.675 Loaded shared library C:\Users\Admin\AppData\Local\Temp\jna-63116079\jna17373320581835878653.dll

Deoptimization events (20 events):
Event: 12.295 Thread 0x0000025cfa9da570 Uncommon trap: trap_request=0xffffffc6 fr.pc=0x0000025ce82f5680 relative=0x0000000000000b00
Event: 12.295 Thread 0x0000025cfa9da570 Uncommon trap: reason=bimorphic_or_optimized_type_check action=maybe_recompile pc=0x0000025ce82f5680 method=java.util.HashMap.putVal(ILjava/lang/Object;Ljava/lang/Object;ZZ)Ljava/lang/Object; @ 253 c2
Event: 12.295 Thread 0x0000025cfa9da570 DEOPT PACKING pc=0x0000025ce82f5680 sp=0x00000079ccbf9740
Event: 12.295 Thread 0x0000025cfa9da570 DEOPT UNPACKING pc=0x0000025ce7d03aa2 sp=0x00000079ccbf9668 mode 2
Event: 12.471 Thread 0x0000025cfa9da570 DEOPT PACKING pc=0x0000025ce0b19656 sp=0x00000079ccbfd5b0
Event: 12.471 Thread 0x0000025cfa9da570 DEOPT UNPACKING pc=0x0000025ce7d04242 sp=0x00000079ccbfcac0 mode 0
Event: 12.479 Thread 0x0000025cfa9da570 DEOPT PACKING pc=0x0000025ce0b19656 sp=0x00000079ccbfd640
Event: 12.479 Thread 0x0000025cfa9da570 DEOPT UNPACKING pc=0x0000025ce7d04242 sp=0x00000079ccbfcb50 mode 0
Event: 12.490 Thread 0x0000025cfa9da570 Uncommon trap: trap_request=0xffffff45 fr.pc=0x0000025ce827710c relative=0x000000000000042c
Event: 12.490 Thread 0x0000025cfa9da570 Uncommon trap: reason=unstable_if action=reinterpret pc=0x0000025ce827710c method=java.lang.StringLatin1.canEncode(I)Z @ 4 c2
Event: 12.490 Thread 0x0000025cfa9da570 DEOPT PACKING pc=0x0000025ce827710c sp=0x00000079ccbfe450
Event: 12.490 Thread 0x0000025cfa9da570 DEOPT UNPACKING pc=0x0000025ce7d03aa2 sp=0x00000079ccbfe388 mode 2
Event: 12.490 Thread 0x0000025cfa9da570 Uncommon trap: trap_request=0xffffff45 fr.pc=0x0000025ce829aaec relative=0x000000000000040c
Event: 12.490 Thread 0x0000025cfa9da570 Uncommon trap: reason=unstable_if action=reinterpret pc=0x0000025ce829aaec method=java.lang.AbstractStringBuilder.isLatin1()Z @ 10 c2
Event: 12.490 Thread 0x0000025cfa9da570 DEOPT PACKING pc=0x0000025ce829aaec sp=0x00000079ccbfe470
Event: 12.490 Thread 0x0000025cfa9da570 DEOPT UNPACKING pc=0x0000025ce7d03aa2 sp=0x00000079ccbfe400 mode 2
Event: 12.501 Thread 0x0000025cfa9da570 Uncommon trap: trap_request=0xffffffc6 fr.pc=0x0000025ce82f563c relative=0x0000000000000abc
Event: 12.501 Thread 0x0000025cfa9da570 Uncommon trap: reason=bimorphic_or_optimized_type_check action=maybe_recompile pc=0x0000025ce82f563c method=java.util.HashMap.putVal(ILjava/lang/Object;Ljava/lang/Object;ZZ)Ljava/lang/Object; @ 56 c2
Event: 12.501 Thread 0x0000025cfa9da570 DEOPT PACKING pc=0x0000025ce82f563c sp=0x00000079ccbfdb40
Event: 12.501 Thread 0x0000025cfa9da570 DEOPT UNPACKING pc=0x0000025ce7d03aa2 sp=0x00000079ccbfda40 mode 2

Classes loaded (20 events):
Event: 12.542 Loading class sun/util/resources/cldr/TimeZoneNames_en_US
Event: 12.542 Loading class sun/util/resources/cldr/TimeZoneNames_en_US done
Event: 12.544 Loading class sun/util/cldr/CLDRBaseLocaleDataMetaInfo$TZCanonicalIDMapHolder
Event: 12.546 Loading class sun/util/cldr/CLDRBaseLocaleDataMetaInfo$TZCanonicalIDMapHolder done
Event: 12.548 Loading class sun/util/resources/TimeZoneNames
Event: 12.551 Loading class sun/util/resources/TimeZoneNames done
Event: 12.552 Loading class sun/util/resources/TimeZoneNames_en
Event: 12.552 Loading class sun/util/resources/TimeZoneNames_en done
Event: 12.560 Loading class sun/nio/fs/WindowsPath$1
Event: 12.560 Loading class sun/nio/fs/WindowsPath$1 done
Event: 12.561 Loading class sun/nio/fs/WindowsChannelFactory$2
Event: 12.561 Loading class sun/nio/fs/WindowsChannelFactory$2 done
Event: 12.562 Loading class sun/nio/ch/ChannelOutputStream
Event: 12.563 Loading class sun/nio/ch/ChannelOutputStream done
Event: 12.565 Loading class sun/nio/fs/WindowsFileCopy
Event: 12.566 Loading class sun/nio/fs/WindowsFileCopy done
Event: 12.596 Loading class java/util/UUID$Holder
Event: 12.596 Loading class java/util/UUID$Holder done
Event: 12.624 Loading class java/util/DualPivotQuicksort
Event: 12.625 Loading class java/util/DualPivotQuicksort done

Classes unloaded (7 events):
Event: 11.824 Thread 0x0000025cdd64e870 Unloading class 0x0000025c81185400 'java/lang/invoke/LambdaForm$MH+0x0000025c81185400'
Event: 11.824 Thread 0x0000025cdd64e870 Unloading class 0x0000025c81185000 'java/lang/invoke/LambdaForm$MH+0x0000025c81185000'
Event: 11.824 Thread 0x0000025cdd64e870 Unloading class 0x0000025c81184c00 'java/lang/invoke/LambdaForm$MH+0x0000025c81184c00'
Event: 11.824 Thread 0x0000025cdd64e870 Unloading class 0x0000025c81184800 'java/lang/invoke/LambdaForm$MH+0x0000025c81184800'
Event: 11.824 Thread 0x0000025cdd64e870 Unloading class 0x0000025c81184400 'java/lang/invoke/LambdaForm$BMH+0x0000025c81184400'
Event: 11.824 Thread 0x0000025cdd64e870 Unloading class 0x0000025c81184000 'java/lang/invoke/LambdaForm$DMH+0x0000025c81184000'
Event: 11.824 Thread 0x0000025cdd64e870 Unloading class 0x0000025c81182c00 'java/lang/invoke/LambdaForm$DMH+0x0000025c81182c00'

Classes redefined (0 events):
No events

Internal exceptions (20 events):
Event: 10.816 Thread 0x0000025cfa9da570 Exception <a 'java/lang/NoSuchMethodError'{0x00000000d65e40f8}: 'java.lang.Object java.lang.invoke.DirectMethodHandle$Holder.newInvokeSpecial(java.lang.Object, java.lang.Object, java.lang.Object, long)'> (0x00000000d65e40f8) 
thrown [s\src\hotspot\share\interpreter\linkResolver.cpp, line 773]
Event: 10.817 Thread 0x0000025cfa9da570 Exception <a 'java/lang/NoSuchMethodError'{0x00000000d65e84e8}: 'java.lang.Object java.lang.invoke.DirectMethodHandle$Holder.invokeSpecial(java.lang.Object, java.lang.Object, java.lang.Object, java.lang.Object, long)'> (0x00000000d65e84e8) 
thrown [s\src\hotspot\share\interpreter\linkResolver.cpp, line 773]
Event: 10.818 Thread 0x0000025cfa9da570 Exception <a 'java/lang/NoSuchMethodError'{0x00000000d65ec108}: 'java.lang.Object java.lang.invoke.Invokers$Holder.linkToTargetMethod(java.lang.Object, java.lang.Object, long, java.lang.Object)'> (0x00000000d65ec108) 
thrown [s\src\hotspot\share\interpreter\linkResolver.cpp, line 773]
Event: 10.839 Thread 0x0000025cfa9da570 Exception <a 'java/lang/NoSuchMethodError'{0x00000000d665ddd0}: 'int java.lang.invoke.DirectMethodHandle$Holder.invokeStaticInit(java.lang.Object, java.lang.Object, java.lang.Object)'> (0x00000000d665ddd0) 
thrown [s\src\hotspot\share\interpreter\linkResolver.cpp, line 773]
Event: 10.856 Thread 0x0000025cfa9da570 Exception <a 'java/lang/IncompatibleClassChangeError'{0x00000000d66e0cb8}: Found class java.lang.Object, but interface was expected> (0x00000000d66e0cb8) 
thrown [s\src\hotspot\share\interpreter\linkResolver.cpp, line 840]
Event: 10.865 Thread 0x0000025cfa9da570 Exception <a 'java/lang/NoSuchMethodError'{0x00000000d66f5550}: 'java.lang.Object java.lang.invoke.DirectMethodHandle$Holder.invokeSpecial(java.lang.Object, java.lang.Object, java.lang.Object, int, java.lang.Object, java.lang.Object)'> (0x00000000d66f5550) 
thrown [s\src\hotspot\share\interpreter\linkResolver.cpp, line 773]
Event: 10.867 Thread 0x0000025cfa9da570 Exception <a 'java/lang/NoSuchMethodError'{0x00000000d66fd028}: 'java.lang.Object java.lang.invoke.DirectMethodHandle$Holder.newInvokeSpecial(java.lang.Object, java.lang.Object, java.lang.Object, int, java.lang.Object)'> (0x00000000d66fd028) 
thrown [s\src\hotspot\share\interpreter\linkResolver.cpp, line 773]
Event: 10.868 Thread 0x0000025cfa9da570 Exception <a 'java/lang/NoSuchMethodError'{0x00000000d6701240}: 'java.lang.Object java.lang.invoke.DirectMethodHandle$Holder.invokeSpecial(java.lang.Object, java.lang.Object, java.lang.Object, java.lang.Object, int, java.lang.Object)'> (0x00000000d6701240) 
thrown [s\src\hotspot\share\interpreter\linkResolver.cpp, line 773]
Event: 10.869 Thread 0x0000025cfa9da570 Exception <a 'java/lang/NoSuchMethodError'{0x00000000d6704d80}: 'java.lang.Object java.lang.invoke.Invokers$Holder.linkToTargetMethod(java.lang.Object, java.lang.Object, int, java.lang.Object, java.lang.Object)'> (0x00000000d6704d80) 
thrown [s\src\hotspot\share\interpreter\linkResolver.cpp, line 773]
Event: 10.871 Thread 0x0000025cfa447090 Exception <a 'java/lang/NoSuchMethodError'{0x00000000d6635e48}: 'java.lang.Object java.lang.invoke.DirectMethodHandle$Holder.invokeSpecial(java.lang.Object, java.lang.Object, int, java.lang.Object, java.lang.Object)'> (0x00000000d6635e48) 
thrown [s\src\hotspot\share\interpreter\linkResolver.cpp, line 773]
Event: 10.872 Thread 0x0000025cfa447090 Exception <a 'java/lang/NoSuchMethodError'{0x00000000d663cb80}: 'java.lang.Object java.lang.invoke.DirectMethodHandle$Holder.newInvokeSpecial(java.lang.Object, java.lang.Object, int, java.lang.Object)'> (0x00000000d663cb80) 
thrown [s\src\hotspot\share\interpreter\linkResolver.cpp, line 773]
Event: 10.873 Thread 0x0000025cfa447090 Exception <a 'java/lang/NoSuchMethodError'{0x00000000d66404a0}: 'java.lang.Object java.lang.invoke.DirectMethodHandle$Holder.invokeSpecial(java.lang.Object, java.lang.Object, java.lang.Object, int, java.lang.Object)'> (0x00000000d66404a0) 
thrown [s\src\hotspot\share\interpreter\linkResolver.cpp, line 773]
Event: 10.906 Thread 0x0000025cfa9da570 Exception <a 'java/lang/NoSuchMethodError'{0x00000000d68218c8}: 'void java.lang.invoke.DirectMethodHandle$Holder.invokeSpecial(java.lang.Object, java.lang.Object, java.lang.Object, java.lang.Object, java.lang.Object)'> (0x00000000d68218c8) 
thrown [s\src\hotspot\share\interpreter\linkResolver.cpp, line 773]
Event: 10.960 Thread 0x0000025cfa9da570 Exception <a 'java/lang/NoSuchMethodError'{0x00000000d6ae76f8}: 'double java.lang.invoke.DirectMethodHandle$Holder.invokeStatic(java.lang.Object, java.lang.Object)'> (0x00000000d6ae76f8) 
thrown [s\src\hotspot\share\interpreter\linkResolver.cpp, line 773]
Event: 10.961 Thread 0x0000025cfa9da570 Exception <a 'java/lang/NoSuchMethodError'{0x00000000d6aeadb8}: 'double java.lang.invoke.DirectMethodHandle$Holder.invokeStaticInit(java.lang.Object, java.lang.Object)'> (0x00000000d6aeadb8) 
thrown [s\src\hotspot\share\interpreter\linkResolver.cpp, line 773]
Event: 12.353 Thread 0x0000025cfa9da570 Exception <a 'java/lang/ClassNotFoundException'{0x00000000d6c17730}: com/sun/org/apache/xerces/internal/impl/msg/spi/DOMMessagesProvider> (0x00000000d6c17730) 
thrown [s\src\hotspot\share\classfile\systemDictionary.cpp, line 312]
Event: 12.358 Thread 0x0000025cfa9da570 Exception <a 'java/lang/ClassNotFoundException'{0x00000000d6c327b8}: com/sun/org/apache/xerces/internal/impl/msg/spi/XMLSerializerMessagesProvider> (0x00000000d6c327b8) 
thrown [s\src\hotspot\share\classfile\systemDictionary.cpp, line 312]
Event: 12.360 Thread 0x0000025cfa9da570 Exception <a 'java/lang/ClassNotFoundException'{0x00000000d6c3fc90}: com/sun/org/apache/xerces/internal/impl/msg/spi/XMLMessagesProvider> (0x00000000d6c3fc90) 
thrown [s\src\hotspot\share\classfile\systemDictionary.cpp, line 312]
Event: 12.428 Thread 0x0000025cfa9da570 Exception <a 'java/lang/NoSuchMethodError'{0x00000000d6dc9bf8}: 'java.lang.Object java.lang.invoke.DirectMethodHandle$Holder.newInvokeSpecial(java.lang.Object, int, java.lang.Object, java.lang.Object)'> (0x00000000d6dc9bf8) 
thrown [s\src\hotspot\share\interpreter\linkResolver.cpp, line 773]
Event: 12.523 Thread 0x0000025cfa9da570 Exception <a 'sun/nio/fs/WindowsException'{0x00000000d575d120}> (0x00000000d575d120) 
thrown [s\src\hotspot\share\prims\jni.cpp, line 520]

ZGC Phase Switch (0 events):
No events

VM Operations (20 events):
Event: 10.691 Executing VM operation: HandshakeAllThreads (Deoptimize)
Event: 10.692 Executing VM operation: HandshakeAllThreads (Deoptimize) done
Event: 11.028 Executing VM operation: ParallelGCFailedAllocation (Allocation Failure)
Event: 11.036 Executing VM operation: ParallelGCFailedAllocation (Allocation Failure) done
Event: 11.745 Executing VM operation: ParallelGCFailedAllocation (Allocation Failure)
Event: 11.752 Executing VM operation: ParallelGCFailedAllocation (Allocation Failure) done
Event: 11.811 Executing VM operation: CollectForMetadataAllocation (Metadata GC Threshold)
Event: 11.865 Executing VM operation: CollectForMetadataAllocation (Metadata GC Threshold) done
Event: 12.255 Executing VM operation: HandshakeAllThreads (Deoptimize)
Event: 12.255 Executing VM operation: HandshakeAllThreads (Deoptimize) done
Event: 12.443 Executing VM operation: ParallelGCFailedAllocation (Allocation Failure)
Event: 12.448 Executing VM operation: ParallelGCFailedAllocation (Allocation Failure) done
Event: 12.499 Executing VM operation: HandshakeAllThreads (Deoptimize)
Event: 12.499 Executing VM operation: HandshakeAllThreads (Deoptimize) done
Event: 12.616 Executing VM operation: HandshakeAllThreads (Deoptimize)
Event: 12.616 Executing VM operation: HandshakeAllThreads (Deoptimize) done
Event: 12.617 Executing VM operation: HandshakeAllThreads (Deoptimize)
Event: 12.618 Executing VM operation: HandshakeAllThreads (Deoptimize) done
Event: 13.618 Executing VM operation: Cleanup
Event: 13.618 Executing VM operation: Cleanup done

Memory protections (0 events):
No events

Nmethod flushes (0 events):
No events

Events (20 events):
Event: 0.118 Thread 0x0000025cdd58c8d0 Thread added: 0x0000025cfa00d9a0
Event: 0.118 Thread 0x0000025cdd58c8d0 Thread added: 0x0000025cfa0111c0
Event: 0.118 Thread 0x0000025cdd58c8d0 Thread added: 0x0000025cfa0129d0
Event: 0.118 Thread 0x0000025cdd58c8d0 Thread added: 0x0000025cfa019c90
Event: 0.119 Thread 0x0000025cdd58c8d0 Thread added: 0x0000025cfa058e50
Event: 0.154 Thread 0x0000025cdd58c8d0 Thread added: 0x0000025cdd5f6600
Event: 0.647 Thread 0x0000025cdd58c8d0 Thread added: 0x0000025cfa3d6200
Event: 0.888 Thread 0x0000025cfa058e50 Thread added: 0x0000025cfa488530
Event: 3.038 Thread 0x0000025cfa488530 Thread exited: 0x0000025cfa488530
Event: 3.587 Thread 0x0000025cdd58c8d0 Thread added: 0x0000025cfa890040
Event: 3.968 Thread 0x0000025cdd58c8d0 Thread added: 0x0000025cfa9d9c40
Event: 3.986 Thread 0x0000025cdd58c8d0 Thread added: 0x0000025cfa9da570
Event: 4.162 Thread 0x0000025cfa9da570 Thread added: 0x0000025cfaba5240
Event: 4.617 Thread 0x0000025cfa9da570 Thread added: 0x0000025cfaca4190
Event: 7.714 Thread 0x0000025cfa9da570 Thread added: 0x0000025cfa0828b0
Event: 10.739 Thread 0x0000025cfa9da570 Thread added: 0x0000025cfaf10940
Event: 10.828 Thread 0x0000025cfa9da570 Thread added: 0x0000025cfa447090
Event: 10.873 Thread 0x0000025cfa9da570 Thread added: 0x0000025cfa7cd9a0
Event: 12.399 Thread 0x0000025cfa9da570 Thread added: 0x0000025cfa7d0790
Event: 12.573 Thread 0x0000025cfa7d0790 Thread exited: 0x0000025cfa7d0790


Dynamic libraries:
0x00007ff7518a0000 - 0x00007ff7518ae000 	c:\Users\Admin\.vscode\extensions\redhat.java-1.43.1-win32-x64\jre\21.0.7-win32-x86_64\bin\java.exe
0x00007fffdda40000 - 0x00007fffddca3000 	C:\WINDOWS\SYSTEM32\ntdll.dll
0x00007fffdc390000 - 0x00007fffdc457000 	C:\WINDOWS\System32\KERNEL32.DLL
0x00007fffdb320000 - 0x00007fffdb6e9000 	C:\WINDOWS\System32\KERNELBASE.dll
0x00007fffdaee0000 - 0x00007fffdb02c000 	C:\WINDOWS\System32\ucrtbase.dll
0x00007fff9c270000 - 0x00007fff9c288000 	c:\Users\Admin\.vscode\extensions\redhat.java-1.43.1-win32-x64\jre\21.0.7-win32-x86_64\bin\jli.dll
0x00007fff9c250000 - 0x00007fff9c26e000 	c:\Users\Admin\.vscode\extensions\redhat.java-1.43.1-win32-x64\jre\21.0.7-win32-x86_64\bin\VCRUNTIME140.dll
0x00007fffdc460000 - 0x00007fffdc62a000 	C:\WINDOWS\System32\USER32.dll
0x00007fffdac40000 - 0x00007fffdac67000 	C:\WINDOWS\System32\win32u.dll
0x00007fffdbdf0000 - 0x00007fffdbe1a000 	C:\WINDOWS\System32\GDI32.dll
0x00007fffdada0000 - 0x00007fffdaed1000 	C:\WINDOWS\System32\gdi32full.dll
0x00007fffdb030000 - 0x00007fffdb0d3000 	C:\WINDOWS\System32\msvcp_win.dll
0x00007fffc58b0000 - 0x00007fffc5b40000 	C:\WINDOWS\WinSxS\amd64_microsoft.windows.common-controls_6595b64144ccf1df_6.0.26100.3323_none_3e088096e3344490\COMCTL32.dll
0x00007fffdcb80000 - 0x00007fffdcc29000 	C:\WINDOWS\System32\msvcrt.dll
0x00007fffdd9c0000 - 0x00007fffdd9ef000 	C:\WINDOWS\System32\IMM32.DLL
0x00007fffd2ab0000 - 0x00007fffd2abc000 	c:\Users\Admin\.vscode\extensions\redhat.java-1.43.1-win32-x64\jre\21.0.7-win32-x86_64\bin\vcruntime140_1.dll
0x00007fff31500000 - 0x00007fff3158d000 	c:\Users\Admin\.vscode\extensions\redhat.java-1.43.1-win32-x64\jre\21.0.7-win32-x86_64\bin\msvcp140.dll
0x00007fff2f780000 - 0x00007fff30510000 	c:\Users\Admin\.vscode\extensions\redhat.java-1.43.1-win32-x64\jre\21.0.7-win32-x86_64\bin\server\jvm.dll
0x00007fffdd160000 - 0x00007fffdd212000 	C:\WINDOWS\System32\ADVAPI32.dll
0x00007fffdb860000 - 0x00007fffdb906000 	C:\WINDOWS\System32\sechost.dll
0x00007fffdd040000 - 0x00007fffdd156000 	C:\WINDOWS\System32\RPCRT4.dll
0x00007fffdc310000 - 0x00007fffdc384000 	C:\WINDOWS\System32\WS2_32.dll
0x00007fffd20f0000 - 0x00007fffd2126000 	C:\WINDOWS\SYSTEM32\WINMM.dll
0x00007fffd2130000 - 0x00007fffd213b000 	C:\WINDOWS\SYSTEM32\VERSION.dll
0x00007fffdaad0000 - 0x00007fffdab1e000 	C:\WINDOWS\SYSTEM32\POWRPROF.dll
0x00007fffdaaa0000 - 0x00007fffdaab4000 	C:\WINDOWS\SYSTEM32\UMPDC.dll
0x00007fffd9a20000 - 0x00007fffd9a3a000 	C:\WINDOWS\SYSTEM32\kernel.appcore.dll
0x00007fffc0130000 - 0x00007fffc013a000 	c:\Users\Admin\.vscode\extensions\redhat.java-1.43.1-win32-x64\jre\21.0.7-win32-x86_64\bin\jimage.dll
0x00007fffcdec0000 - 0x00007fffce101000 	C:\WINDOWS\SYSTEM32\DBGHELP.DLL
0x00007fffdc730000 - 0x00007fffdcab2000 	C:\WINDOWS\System32\combase.dll
0x00007fffdbfc0000 - 0x00007fffdc096000 	C:\WINDOWS\System32\OLEAUT32.dll
0x00007fffca700000 - 0x00007fffca739000 	C:\WINDOWS\SYSTEM32\dbgcore.DLL
0x00007fffdac70000 - 0x00007fffdad09000 	C:\WINDOWS\System32\bcryptPrimitives.dll
0x00007fffaa3f0000 - 0x00007fffaa3ff000 	c:\Users\Admin\.vscode\extensions\redhat.java-1.43.1-win32-x64\jre\21.0.7-win32-x86_64\bin\instrument.dll
0x00007fff9c140000 - 0x00007fff9c15f000 	c:\Users\Admin\.vscode\extensions\redhat.java-1.43.1-win32-x64\jre\21.0.7-win32-x86_64\bin\java.dll
0x00007fffdd2a0000 - 0x00007fffdd9b5000 	C:\WINDOWS\System32\SHELL32.dll
0x00007fffdb6f0000 - 0x00007fffdb858000 	C:\WINDOWS\System32\wintypes.dll
0x00007fffd8900000 - 0x00007fffd9145000 	C:\WINDOWS\SYSTEM32\windows.storage.dll
0x00007fffdc1a0000 - 0x00007fffdc28b000 	C:\WINDOWS\System32\SHCORE.dll
0x00007fffdcac0000 - 0x00007fffdcb1d000 	C:\WINDOWS\System32\shlwapi.dll
0x00007fffdab50000 - 0x00007fffdab7f000 	C:\WINDOWS\SYSTEM32\profapi.dll
0x00007fff3f110000 - 0x00007fff3f128000 	c:\Users\Admin\.vscode\extensions\redhat.java-1.43.1-win32-x64\jre\21.0.7-win32-x86_64\bin\zip.dll
0x00007fffa7d00000 - 0x00007fffa7d10000 	C:\Users\Admin\.vscode\extensions\redhat.java-1.43.1-win32-x64\jre\21.0.7-win32-x86_64\bin\net.dll
0x00007fffd2d70000 - 0x00007fffd2e8e000 	C:\WINDOWS\SYSTEM32\WINHTTP.dll
0x00007fffd9f20000 - 0x00007fffd9f8a000 	C:\WINDOWS\system32\mswsock.dll
0x00007fff3cf00000 - 0x00007fff3cf16000 	C:\Users\Admin\.vscode\extensions\redhat.java-1.43.1-win32-x64\jre\21.0.7-win32-x86_64\bin\nio.dll
0x00007fffa4340000 - 0x00007fffa4350000 	c:\Users\Admin\.vscode\extensions\redhat.java-1.43.1-win32-x64\jre\21.0.7-win32-x86_64\bin\verify.dll
0x00007fffb52d0000 - 0x00007fffb5315000 	C:\Users\Admin\AppData\Roaming\Code\User\globalStorage\redhat.java\1.43.1\config_ss_win\org.eclipse.equinox.launcher\org.eclipse.equinox.launcher.win32.win32.x86_64_1.2.1300.v20250331-1702\eclipse_11911.dll
0x00007fffdbe20000 - 0x00007fffdbfb5000 	C:\WINDOWS\System32\ole32.dll
0x00007fffda2d0000 - 0x00007fffda2ec000 	C:\WINDOWS\SYSTEM32\CRYPTSP.dll
0x00007fffd9980000 - 0x00007fffd99ba000 	C:\WINDOWS\system32\rsaenh.dll
0x00007fffd9fc0000 - 0x00007fffd9feb000 	C:\WINDOWS\SYSTEM32\USERENV.dll
0x00007fffda460000 - 0x00007fffda486000 	C:\WINDOWS\SYSTEM32\bcrypt.dll
0x00007fffda150000 - 0x00007fffda15c000 	C:\WINDOWS\SYSTEM32\CRYPTBASE.dll
0x00007fffd9440000 - 0x00007fffd9473000 	C:\WINDOWS\SYSTEM32\IPHLPAPI.DLL
0x00007fffdc100000 - 0x00007fffdc10a000 	C:\WINDOWS\System32\NSI.dll
0x00007fffa92a0000 - 0x00007fffa92e9000 	C:\Users\Admin\AppData\Local\Temp\jna-63116079\jna17373320581835878653.dll
0x00007fffdc0c0000 - 0x00007fffdc0c8000 	C:\WINDOWS\System32\PSAPI.DLL

dbghelp: loaded successfully - version: 4.0.5 - missing functions: none
symbol engine: initialized successfully - sym options: 0x614 - pdb path: .;c:\Users\Admin\.vscode\extensions\redhat.java-1.43.1-win32-x64\jre\21.0.7-win32-x86_64\bin;C:\WINDOWS\SYSTEM32;C:\WINDOWS\WinSxS\amd64_microsoft.windows.common-controls_6595b64144ccf1df_6.0.26100.3323_none_3e088096e3344490;c:\Users\Admin\.vscode\extensions\redhat.java-1.43.1-win32-x64\jre\21.0.7-win32-x86_64\bin\server;C:\Users\Admin\AppData\Roaming\Code\User\globalStorage\redhat.java\1.43.1\config_ss_win\org.eclipse.equinox.launcher\org.eclipse.equinox.launcher.win32.win32.x86_64_1.2.1300.v20250331-1702;C:\Users\Admin\AppData\Local\Temp\jna-63116079

VM Arguments:
jvm_args: --add-modules=ALL-SYSTEM --add-opens=java.base/java.util=ALL-UNNAMED --add-opens=java.base/java.lang=ALL-UNNAMED --add-opens=java.base/sun.nio.fs=ALL-UNNAMED -Declipse.application=org.eclipse.jdt.ls.core.id1 -Dosgi.bundles.defaultStartLevel=4 -Declipse.product=org.eclipse.jdt.ls.core.product -Djava.import.generatesMetadataFilesAtProjectRoot=false -DDetectVMInstallationsJob.disabled=true -Dfile.encoding=utf8 -XX:+UseParallelGC -XX:GCTimeRatio=4 -XX:AdaptiveSizePolicyWeight=90 -Dsun.zip.disableMemoryMapping=true -Xmx2G -Xms100m -Xlog:disable -javaagent:c:\Users\Admin\.vscode\extensions\redhat.java-1.43.1-win32-x64\lombok\lombok-1.18.39-4050.jar 
java_command: c:\Users\Admin\.vscode\extensions\redhat.java-1.43.1-win32-x64\server\plugins\org.eclipse.equinox.launcher_1.7.0.v20250519-0528.jar -configuration c:\Users\Admin\AppData\Roaming\Code\User\globalStorage\redhat.java\1.43.1\config_ss_win -data c:\Users\Admin\AppData\Roaming\Code\User\workspaceStorage\91bfc2bb926e85cacc8896de9206306c\redhat.java\ss_ws --pipe=\\.\pipe\lsp-0a4fb8161c75daf05c7e5536d8c8089a-sock
java_class_path (initial): c:\Users\Admin\.vscode\extensions\redhat.java-1.43.1-win32-x64\server\plugins\org.eclipse.equinox.launcher_1.7.0.v20250519-0528.jar
Launcher Type: SUN_STANDARD

[Global flags]
    uintx AdaptiveSizePolicyWeight                 = 90                                        {product} {command line}
     intx CICompilerCount                          = 4                                         {product} {ergonomic}
    uintx GCTimeRatio                              = 4                                         {product} {command line}
   size_t InitialHeapSize                          = 104857600                                 {product} {command line}
   size_t MaxHeapSize                              = 2147483648                                {product} {command line}
   size_t MaxNewSize                               = 715653120                                 {product} {ergonomic}
   size_t MinHeapDeltaBytes                        = 524288                                    {product} {ergonomic}
   size_t MinHeapSize                              = 104857600                                 {product} {command line}
   size_t NewSize                                  = 34603008                                  {product} {ergonomic}
    uintx NonNMethodCodeHeapSize                   = 5839372                                {pd product} {ergonomic}
    uintx NonProfiledCodeHeapSize                  = 122909434                              {pd product} {ergonomic}
   size_t OldSize                                  = 70254592                                  {product} {ergonomic}
    uintx ProfiledCodeHeapSize                     = 122909434                              {pd product} {ergonomic}
    uintx ReservedCodeCacheSize                    = 251658240                              {pd product} {ergonomic}
     bool SegmentedCodeCache                       = true                                      {product} {ergonomic}
   size_t SoftMaxHeapSize                          = 2147483648                             {manageable} {ergonomic}
     bool UseCompressedOops                        = true                           {product lp64_product} {ergonomic}
     bool UseLargePagesIndividualAllocation        = false                                  {pd product} {ergonomic}
     bool UseParallelGC                            = true                                      {product} {command line}

Logging:
Log output configuration:
 #0: stdout all=off uptime,level,tags foldmultilines=false
 #1: stderr all=off uptime,level,tags foldmultilines=false

Environment Variables:
JAVA_HOME=C:\Program Files\Java\jdk-17
PATH=C:\Program Files\Java\jdk-17\bin;C:\Program Files\Java\jdk-21\bin;C:\Users\Admin\Downloads\kafka-3.9.0-src\kafka-3.9.0-src\bin;C:\Users\Admin\Downloads\gradle-8.11-bin\gradle-8.11\bin;D:\JDk\jdk1.8.0_281\bin;C:\Program Files\Common Files\Oracle\Java\javapath;C:\Program Files (x86)\Common Files\Oracle\Java\javapath;C:\WINDOWS\system32;C:\WINDOWS;C:\WINDOWS\System32\Wbem;C:\WINDOWS\System32\WindowsPowerShell\v1.0\;C:\WINDOWS\System32\OpenSSH\;C:\Program Files\nodejs\;C:\Program Files\Java\jdk-17\\bin;C:\Program Files\Git\cmd;C:\Program Files\PuTTY\;C:\Users\Admin\Desktop\mvn\apache-maven-3.9.4-bin\apache-maven-3.9.4\bin;C:\Program Files\Docker\Docker\resources\bin;C:\Users\Admin\Downloads\New folder (19)\strawberry-perl-5.40.0.1-64bit-portable\perl\bin;C:\Program Files\Maven\apache-maven-3.9.9-bin\apache-maven-3.9.9\bin;C:\Program Files\Java\jdk-17\bin;C:\Program Files\Java\jdk-21\bin;C:\Users\Admin\Downloads\kafka-3.9.0-src\kafka-3.9.0-src\bin;C:\Users\Admin\Downloads\gradle-8.11-bin\gradle-8.11\bin;D:\JDk\jdk1.8.0_281\bin;C:\Users\Admin\AppData\Local\Microsoft\WindowsApps;C:\Users\Admin\AppData\Local\Programs\Microsoft VS Code\bin;C:\Users\Admin\AppData\Roaming\npm;C:\Program Files\JetBrains\IntelliJ IDEA 2024.1.2\bin;;C:\Program Files\PHP;C:\Users\Admin\AppData\Local\Programs\MiKTeX\miktex\bin\x64\;C:\Users\Admin\Downloads\New folder (19)\strawberry-perl-5.40.0.1-64bit-portable\perl\bin;C:\Program Files\Maven\apache-maven-3.9.9-bin\apache-maven-3.9.9\bin;
USERNAME=Admin
OS=Windows_NT
PROCESSOR_IDENTIFIER=AMD64 Family 23 Model 104 Stepping 1, AuthenticAMD
TMP=C:\Users\Admin\AppData\Local\Temp
TEMP=C:\Users\Admin\AppData\Local\Temp




Periodic native trim disabled

---------------  S Y S T E M  ---------------

OS:
 Windows 11 , 64 bit Build 26100 (10.0.26100.3323)
OS uptime: 0 days 6:37 hours
Hyper-V role detected

CPU: total 12 (initial active 12) (12 cores per cpu, 2 threads per core) family 23 model 104 stepping 1 microcode 0x8608103, cx8, cmov, fxsr, ht, mmx, 3dnowpref, sse, sse2, sse3, ssse3, sse4a, sse4.1, sse4.2, popcnt, lzcnt, tsc, tscinvbit, avx, avx2, aes, clmul, bmi1, bmi2, adx, sha, fma, vzeroupper, clflush, clflushopt, hv, rdtscp, rdpid, f16c
Processor Information for processor 0
  Max Mhz: 2100, Current Mhz: 2100, Mhz Limit: 2100
Processor Information for processor 1
  Max Mhz: 2100, Current Mhz: 1988, Mhz Limit: 2100
Processor Information for processor 2
  Max Mhz: 2100, Current Mhz: 2100, Mhz Limit: 2100
Processor Information for processor 3
  Max Mhz: 2100, Current Mhz: 1988, Mhz Limit: 2100
Processor Information for processor 4
  Max Mhz: 2100, Current Mhz: 1988, Mhz Limit: 2100
Processor Information for processor 5
  Max Mhz: 2100, Current Mhz: 1988, Mhz Limit: 2100
Processor Information for processor 6
  Max Mhz: 2100, Current Mhz: 2100, Mhz Limit: 2100
Processor Information for processor 7
  Max Mhz: 2100, Current Mhz: 1988, Mhz Limit: 2100
Processor Information for processor 8
  Max Mhz: 2100, Current Mhz: 2100, Mhz Limit: 2100
Processor Information for processor 9
  Max Mhz: 2100, Current Mhz: 1988, Mhz Limit: 2100
Processor Information for processor 10
  Max Mhz: 2100, Current Mhz: 2100, Mhz Limit: 2100
Processor Information for processor 11
  Max Mhz: 2100, Current Mhz: 1988, Mhz Limit: 2100

Memory: 4k page, system-wide physical 6005M (183M free)
TotalPageFile size 24437M (AvailPageFile size 0M)
current process WorkingSet (physical memory assigned to process): 133M, peak: 135M
current process commit charge ("private bytes"): 300M, peak: 303M

vm_info: OpenJDK 64-Bit Server VM (21.0.7+6-LTS) for windows-amd64 JRE (21.0.7+6-LTS), built on 2025-04-15T00:00:00Z by "admin" with MS VC++ 17.7 (VS2022)

END.
