#
# There is insufficient memory for the Java Runtime Environment to continue.
# Native memory allocation (malloc) failed to allocate 1839856 bytes. Error detail: Chunk::new
# Possible reasons:
#   The system is out of physical RAM or swap space
#   This process is running with CompressedOops enabled, and the Java Heap may be blocking the growth of the native heap
# Possible solutions:
#   Reduce memory load on the system
#   Increase physical memory or swap space
#   Check if swap backing store is full
#   Decrease Java heap size (-Xmx/-Xms)
#   Decrease number of Java threads
#   Decrease Java thread stack sizes (-Xss)
#   Set larger code cache with -XX:ReservedCodeCacheSize=
#   JVM is running with Unscaled Compressed Oops mode in which the Java heap is
#     placed in the first 4GB address space. The Java Heap base address is the
#     maximum limit for the native heap growth. Please use -XX:HeapBaseMinAddress
#     to set the Java Heap base and to place the Java Heap above 4GB virtual address.
# This output file may be truncated or incomplete.
#
#  Out of Memory Error (arena.cpp:168), pid=3836, tid=30740
#
# JRE version: OpenJDK Runtime Environment Temurin-21.0.7+6 (21.0.7+6) (build 21.0.7+6-LTS)
# Java VM: OpenJDK 64-Bit Server VM Temurin-21.0.7+6 (21.0.7+6-LTS, mixed mode, sharing, tiered, compressed oops, compressed class ptrs, parallel gc, windows-amd64)
# No core dump will be written. Minidumps are not enabled by default on client versions of Windows
#

---------------  S U M M A R Y ------------

Command Line: --add-modules=ALL-SYSTEM --add-opens=java.base/java.util=ALL-UNNAMED --add-opens=java.base/java.lang=ALL-UNNAMED --add-opens=java.base/sun.nio.fs=ALL-UNNAMED -Declipse.application=org.eclipse.jdt.ls.core.id1 -Dosgi.bundles.defaultStartLevel=4 -Declipse.product=org.eclipse.jdt.ls.core.product -Djava.import.generatesMetadataFilesAtProjectRoot=false -DDetectVMInstallationsJob.disabled=true -Dfile.encoding=utf8 -XX:+UseParallelGC -XX:GCTimeRatio=4 -XX:AdaptiveSizePolicyWeight=90 -Dsun.zip.disableMemoryMapping=true -Xmx2G -Xms100m -Xlog:disable -javaagent:c:\Users\Admin\.vscode\extensions\redhat.java-1.43.1-win32-x64\lombok\lombok-1.18.39-4050.jar -XX:+HeapDumpOnOutOfMemoryError -XX:HeapDumpPath=c:\Users\Admin\AppData\Roaming\Code\User\workspaceStorage\91bfc2bb926e85cacc8896de9206306c\redhat.java -Daether.dependencyCollector.impl=bf c:\Users\Admin\.vscode\extensions\redhat.java-1.43.1-win32-x64\server\plugins\org.eclipse.equinox.launcher_1.7.0.v20250519-0528.jar -configuration c:\Users\Admin\AppData\Roaming\Code\User\globalStorage\redhat.java\1.43.1\config_win -data c:\Users\Admin\AppData\Roaming\Code\User\workspaceStorage\91bfc2bb926e85cacc8896de9206306c\redhat.java\jdt_ws --pipe=\\.\pipe\lsp-ce312ce29b8d39cad8dcd02e53c0c904-sock

Host: AMD Ryzen 5 5500U with Radeon Graphics         , 12 cores, 5G,  Windows 11 , 64 bit Build 26100 (10.0.26100.3323)
Time: Thu Jul 10 12:13:16 2025 W. Central Africa Standard Time elapsed time: 49.564413 seconds (0d 0h 0m 49s)

---------------  T H R E A D  ---------------

Current thread (0x0000020deedb8f20):  JavaThread "C2 CompilerThread1" daemon [_thread_in_native, id=30740, stack(0x000000da99000000,0x000000da99100000) (1024K)]


Current CompileTask:
C2:49564 15765   !   4       org.eclipse.jdt.internal.core.JarPackageFragmentRoot::computeChildren (605 bytes)

Stack: [0x000000da99000000,0x000000da99100000]
Native frames: (J=compiled Java code, j=interpreted, Vv=VM code, C=native code)
V  [jvm.dll+0x6ce119]
V  [jvm.dll+0x8a84a1]
V  [jvm.dll+0x8aa9ce]
V  [jvm.dll+0x8ab0b3]
V  [jvm.dll+0x27f8a6]
V  [jvm.dll+0xc507d]
V  [jvm.dll+0xc55b3]
V  [jvm.dll+0x3b68f2]
V  [jvm.dll+0x382aa5]
V  [jvm.dll+0x381f0a]
V  [jvm.dll+0x247af0]
V  [jvm.dll+0x2470cf]
V  [jvm.dll+0x1c760e]
V  [jvm.dll+0x25695a]
V  [jvm.dll+0x254efa]
V  [jvm.dll+0x3f03f6]
V  [jvm.dll+0x851f6b]
V  [jvm.dll+0x6cc7dd]
C  [ucrtbase.dll+0x37b0]
C  [KERNEL32.DLL+0x2e8d7]
C  [ntdll.dll+0xbbf6c]


---------------  P R O C E S S  ---------------

Threads class SMR info:
_java_thread_list=0x0000020df1b62280, length=81, elements={
0x0000020d8debb340, 0x0000020d901cb630, 0x0000020d901cd040, 0x0000020d902c5ba0,
0x0000020d902c67f0, 0x0000020d902cc210, 0x0000020d902d4110, 0x0000020d902dae60,
0x0000020d902dd510, 0x0000020de9106530, 0x0000020de9105180, 0x0000020de9105810,
0x0000020de9105ea0, 0x0000020de9107250, 0x0000020de9104af0, 0x0000020de91078e0,
0x0000020de9107f70, 0x0000020deee23a60, 0x0000020deedb8f20, 0x0000020deee226b0,
0x0000020deee233d0, 0x0000020deee22d40, 0x0000020deee261c0, 0x0000020deee27570,
0x0000020deee240f0, 0x0000020deee27c00, 0x0000020deee28290, 0x0000020deee26ee0,
0x0000020deee24e10, 0x0000020deee28920, 0x0000020deee254a0, 0x0000020deee28fb0,
0x0000020deee29640, 0x0000020deee29cd0, 0x0000020df2bcb680, 0x0000020df2bcca30,
0x0000020df2bcbd10, 0x0000020df2bca960, 0x0000020df2bcc3a0, 0x0000020df2bcd0c0,
0x0000020df2bcd750, 0x0000020df2bcdde0, 0x0000020df2bce470, 0x0000020df2bcaff0,
0x0000020df2bd0bd0, 0x0000020df2bcfeb0, 0x0000020df2bd1260, 0x0000020deee24780,
0x0000020df0c7e270, 0x0000020df0c7d550, 0x0000020df0c7dbe0, 0x0000020df0c7ef90,
0x0000020df0c7e900, 0x0000020df0c7c830, 0x0000020df0c7f620, 0x0000020df0c7c1a0,
0x0000020df0c7fcb0, 0x0000020df0c80340, 0x0000020df0c7cec0, 0x0000020df0c816f0,
0x0000020df0c81060, 0x0000020df0c81d80, 0x0000020df0c837c0, 0x0000020df0c82410,
0x0000020df0c809d0, 0x0000020df0c82aa0, 0x0000020df0415bf0, 0x0000020df0415560,
0x0000020df0416910, 0x0000020df04141b0, 0x0000020df0416280, 0x0000020df0414840,
0x0000020df0419070, 0x0000020df0419d90, 0x0000020df0417630, 0x0000020df041a420,
0x0000020df041aab0, 0x0000020df08b8990, 0x0000020df08baa60, 0x0000020df08b9d40,
0x0000020df08b9020
}

Java Threads: ( => current thread )
  0x0000020d8debb340 JavaThread "main"                              [_thread_blocked, id=19308, stack(0x000000da98300000,0x000000da98400000) (1024K)]
  0x0000020d901cb630 JavaThread "Reference Handler"          daemon [_thread_blocked, id=11744, stack(0x000000da98700000,0x000000da98800000) (1024K)]
  0x0000020d901cd040 JavaThread "Finalizer"                  daemon [_thread_blocked, id=7664, stack(0x000000da98800000,0x000000da98900000) (1024K)]
  0x0000020d902c5ba0 JavaThread "Signal Dispatcher"          daemon [_thread_blocked, id=8356, stack(0x000000da98900000,0x000000da98a00000) (1024K)]
  0x0000020d902c67f0 JavaThread "Attach Listener"            daemon [_thread_blocked, id=15772, stack(0x000000da98a00000,0x000000da98b00000) (1024K)]
  0x0000020d902cc210 JavaThread "Service Thread"             daemon [_thread_blocked, id=28188, stack(0x000000da98b00000,0x000000da98c00000) (1024K)]
  0x0000020d902d4110 JavaThread "Monitor Deflation Thread"   daemon [_thread_blocked, id=27948, stack(0x000000da98c00000,0x000000da98d00000) (1024K)]
  0x0000020d902dae60 JavaThread "C2 CompilerThread0"         daemon [_thread_in_native, id=19076, stack(0x000000da98d00000,0x000000da98e00000) (1024K)]
  0x0000020d902dd510 JavaThread "C1 CompilerThread0"         daemon [_thread_blocked, id=8044, stack(0x000000da98e00000,0x000000da98f00000) (1024K)]
  0x0000020de9106530 JavaThread "Common-Cleaner"             daemon [_thread_blocked, id=2160, stack(0x000000da98f00000,0x000000da99000000) (1024K)]
  0x0000020de9105180 JavaThread "Notification Thread"        daemon [_thread_blocked, id=30836, stack(0x000000da99100000,0x000000da99200000) (1024K)]
  0x0000020de9105810 JavaThread "Active Thread: Equinox Container: 560aff51-d137-4ab1-acdb-2fba1670912f"        [_thread_blocked, id=25140, stack(0x000000da99200000,0x000000da99300000) (1024K)]
  0x0000020de9105ea0 JavaThread "Refresh Thread: Equinox Container: 560aff51-d137-4ab1-acdb-2fba1670912f" daemon [_thread_blocked, id=19424, stack(0x000000da99a00000,0x000000da99b00000) (1024K)]
  0x0000020de9107250 JavaThread "Framework Event Dispatcher: Equinox Container: 560aff51-d137-4ab1-acdb-2fba1670912f" daemon [_thread_blocked, id=32680, stack(0x000000da99b00000,0x000000da99c00000) (1024K)]
  0x0000020de9104af0 JavaThread "Start Level: Equinox Container: 560aff51-d137-4ab1-acdb-2fba1670912f" daemon [_thread_blocked, id=4120, stack(0x000000da99c00000,0x000000da99d00000) (1024K)]
  0x0000020de91078e0 JavaThread "Bundle File Closer"         daemon [_thread_blocked, id=6644, stack(0x000000da99f00000,0x000000da9a000000) (1024K)]
  0x0000020de9107f70 JavaThread "SCR Component Actor"        daemon [_thread_blocked, id=5244, stack(0x000000da9a000000,0x000000da9a100000) (1024K)]
  0x0000020deee23a60 JavaThread "Worker-JM"                         [_thread_blocked, id=27920, stack(0x000000da9a200000,0x000000da9a300000) (1024K)]
=>0x0000020deedb8f20 JavaThread "C2 CompilerThread1"         daemon [_thread_in_native, id=30740, stack(0x000000da99000000,0x000000da99100000) (1024K)]
  0x0000020deee226b0 JavaThread "JNA Cleaner"                daemon [_thread_blocked, id=11428, stack(0x000000da9a300000,0x000000da9a400000) (1024K)]
  0x0000020deee233d0 JavaThread "Worker-0"                          [_thread_blocked, id=21912, stack(0x000000da9a400000,0x000000da9a500000) (1024K)]
  0x0000020deee22d40 JavaThread "Worker-1: Java indexing... "        [_thread_blocked, id=15424, stack(0x000000da9a500000,0x000000da9a600000) (1024K)]
  0x0000020deee261c0 JavaThread "Worker-2: Initialize workspace"        [_thread_blocked, id=19644, stack(0x000000da9a600000,0x000000da9a700000) (1024K)]
  0x0000020deee27570 JavaThread "Java indexing"              daemon [_thread_blocked, id=18560, stack(0x000000da9a700000,0x000000da9a800000) (1024K)]
  0x0000020deee240f0 JavaThread "Worker-3"                          [_thread_blocked, id=7156, stack(0x000000da9a800000,0x000000da9a900000) (1024K)]
  0x0000020deee27c00 JavaThread "Worker-4"                          [_thread_blocked, id=26084, stack(0x000000da9a900000,0x000000da9aa00000) (1024K)]
  0x0000020deee28290 JavaThread "Worker-5"                          [_thread_blocked, id=19336, stack(0x000000da9ac00000,0x000000da9ad00000) (1024K)]
  0x0000020deee26ee0 JavaThread "Thread-2"                   daemon [_thread_in_native, id=29736, stack(0x000000da9ad00000,0x000000da9ae00000) (1024K)]
  0x0000020deee24e10 JavaThread "Thread-3"                   daemon [_thread_in_native, id=32452, stack(0x000000da9ae00000,0x000000da9af00000) (1024K)]
  0x0000020deee28920 JavaThread "Thread-4"                   daemon [_thread_in_native, id=31840, stack(0x000000da9af00000,0x000000da9b000000) (1024K)]
  0x0000020deee254a0 JavaThread "Thread-5"                   daemon [_thread_in_native, id=19132, stack(0x000000da9b000000,0x000000da9b100000) (1024K)]
  0x0000020deee28fb0 JavaThread "Thread-6"                   daemon [_thread_in_native, id=27320, stack(0x000000da9b100000,0x000000da9b200000) (1024K)]
  0x0000020deee29640 JavaThread "Thread-7"                   daemon [_thread_in_native, id=28140, stack(0x000000da9b200000,0x000000da9b300000) (1024K)]
  0x0000020deee29cd0 JavaThread "Thread-8"                   daemon [_thread_in_native, id=12728, stack(0x000000da9b300000,0x000000da9b400000) (1024K)]
  0x0000020df2bcb680 JavaThread "Thread-9"                   daemon [_thread_in_native, id=20876, stack(0x000000da9b400000,0x000000da9b500000) (1024K)]
  0x0000020df2bcca30 JavaThread "Thread-10"                  daemon [_thread_in_native, id=19968, stack(0x000000da9b500000,0x000000da9b600000) (1024K)]
  0x0000020df2bcbd10 JavaThread "Thread-11"                  daemon [_thread_in_native, id=31336, stack(0x000000da9b600000,0x000000da9b700000) (1024K)]
  0x0000020df2bca960 JavaThread "Thread-12"                  daemon [_thread_in_native, id=25960, stack(0x000000da9b700000,0x000000da9b800000) (1024K)]
  0x0000020df2bcc3a0 JavaThread "Thread-13"                  daemon [_thread_in_native, id=30760, stack(0x000000da9b800000,0x000000da9b900000) (1024K)]
  0x0000020df2bcd0c0 JavaThread "Thread-14"                  daemon [_thread_in_native, id=19688, stack(0x000000da9b900000,0x000000da9ba00000) (1024K)]
  0x0000020df2bcd750 JavaThread "pool-2-thread-1"                   [_thread_blocked, id=16388, stack(0x000000da9ba00000,0x000000da9bb00000) (1024K)]
  0x0000020df2bcdde0 JavaThread "Worker-6: Publish Diagnostics"        [_thread_in_Java, id=31252, stack(0x000000da9bb00000,0x000000da9bc00000) (1024K)]
  0x0000020df2bce470 JavaThread "WorkspaceEventsHandler"            [_thread_blocked, id=4824, stack(0x000000da9bc00000,0x000000da9bd00000) (1024K)]
  0x0000020df2bcaff0 JavaThread "pool-1-thread-1"                   [_thread_blocked, id=9712, stack(0x000000da9bd00000,0x000000da9be00000) (1024K)]
  0x0000020df2bd0bd0 JavaThread "LocalFile Deleter"          daemon [_thread_blocked, id=30344, stack(0x000000da9a100000,0x000000da9a200000) (1024K)]
  0x0000020df2bcfeb0 JavaThread "LocalFile Deleter"          daemon [_thread_blocked, id=25164, stack(0x000000da9be00000,0x000000da9bf00000) (1024K)]
  0x0000020df2bd1260 JavaThread "LocalFile Deleter"          daemon [_thread_blocked, id=4588, stack(0x000000da9bf00000,0x000000da9c000000) (1024K)]
  0x0000020deee24780 JavaThread "LocalFile Deleter"          daemon [_thread_blocked, id=26216, stack(0x000000da9c000000,0x000000da9c100000) (1024K)]
  0x0000020df0c7e270 JavaThread "LocalFile Deleter"          daemon [_thread_blocked, id=31060, stack(0x000000da9c100000,0x000000da9c200000) (1024K)]
  0x0000020df0c7d550 JavaThread "LocalFile Deleter"          daemon [_thread_blocked, id=32688, stack(0x000000da9c200000,0x000000da9c300000) (1024K)]
  0x0000020df0c7dbe0 JavaThread "LocalFile Deleter"          daemon [_thread_blocked, id=27316, stack(0x000000da9c300000,0x000000da9c400000) (1024K)]
  0x0000020df0c7ef90 JavaThread "LocalFile Deleter"          daemon [_thread_blocked, id=2204, stack(0x000000da9c400000,0x000000da9c500000) (1024K)]
  0x0000020df0c7e900 JavaThread "LocalFile Deleter"          daemon [_thread_blocked, id=26196, stack(0x000000da9c500000,0x000000da9c600000) (1024K)]
  0x0000020df0c7c830 JavaThread "LocalFile Deleter"          daemon [_thread_blocked, id=11040, stack(0x000000da9c600000,0x000000da9c700000) (1024K)]
  0x0000020df0c7f620 JavaThread "LocalFile Deleter"          daemon [_thread_blocked, id=17704, stack(0x000000da9c700000,0x000000da9c800000) (1024K)]
  0x0000020df0c7c1a0 JavaThread "LocalFile Deleter"          daemon [_thread_blocked, id=15628, stack(0x000000da9c800000,0x000000da9c900000) (1024K)]
  0x0000020df0c7fcb0 JavaThread "Compiler Source File Reader" daemon [_thread_blocked, id=27444, stack(0x000000da9c900000,0x000000da9ca00000) (1024K)]
  0x0000020df0c80340 JavaThread "Compiler Source File Reader" daemon [_thread_blocked, id=23752, stack(0x000000da9ca00000,0x000000da9cb00000) (1024K)]
  0x0000020df0c7cec0 JavaThread "Compiler Source File Reader" daemon [_thread_blocked, id=17016, stack(0x000000da9cb00000,0x000000da9cc00000) (1024K)]
  0x0000020df0c816f0 JavaThread "Compiler Source File Reader" daemon [_thread_blocked, id=23940, stack(0x000000da9cc00000,0x000000da9cd00000) (1024K)]
  0x0000020df0c81060 JavaThread "Compiler Source File Reader" daemon [_thread_blocked, id=13320, stack(0x000000da9cd00000,0x000000da9ce00000) (1024K)]
  0x0000020df0c81d80 JavaThread "Compiler Source File Reader" daemon [_thread_blocked, id=22232, stack(0x000000da9ce00000,0x000000da9cf00000) (1024K)]
  0x0000020df0c837c0 JavaThread "Compiler Source File Reader" daemon [_thread_blocked, id=31644, stack(0x000000da9cf00000,0x000000da9d000000) (1024K)]
  0x0000020df0c82410 JavaThread "Compiler Source File Reader" daemon [_thread_blocked, id=28540, stack(0x000000da9d000000,0x000000da9d100000) (1024K)]
  0x0000020df0c809d0 JavaThread "Compiler Source File Reader" daemon [_thread_blocked, id=18272, stack(0x000000da9d100000,0x000000da9d200000) (1024K)]
  0x0000020df0c82aa0 JavaThread "Compiler Source File Reader" daemon [_thread_blocked, id=8468, stack(0x000000da9d200000,0x000000da9d300000) (1024K)]
  0x0000020df0415bf0 JavaThread "Compiler Processing Task"   daemon [_thread_blocked, id=16276, stack(0x000000da9d300000,0x000000da9d400000) (1024K)]
  0x0000020df0415560 JavaThread "Compiler Class File Writer" daemon [_thread_blocked, id=15660, stack(0x000000da9d400000,0x000000da9d500000) (1024K)]
  0x0000020df0416910 JavaThread "Compiler Class File Writer" daemon [_thread_blocked, id=32652, stack(0x000000da9d500000,0x000000da9d600000) (1024K)]
  0x0000020df04141b0 JavaThread "Compiler Class File Writer" daemon [_thread_blocked, id=27204, stack(0x000000da9d600000,0x000000da9d700000) (1024K)]
  0x0000020df0416280 JavaThread "Compiler Class File Writer" daemon [_thread_blocked, id=31480, stack(0x000000da9d700000,0x000000da9d800000) (1024K)]
  0x0000020df0414840 JavaThread "Compiler Class File Writer" daemon [_thread_blocked, id=19600, stack(0x000000da9d800000,0x000000da9d900000) (1024K)]
  0x0000020df0419070 JavaThread "Compiler Class File Writer" daemon [_thread_blocked, id=8064, stack(0x000000da9d900000,0x000000da9da00000) (1024K)]
  0x0000020df0419d90 JavaThread "Compiler Class File Writer" daemon [_thread_blocked, id=16988, stack(0x000000da9da00000,0x000000da9db00000) (1024K)]
  0x0000020df0417630 JavaThread "Compiler Class File Writer" daemon [_thread_blocked, id=25892, stack(0x000000da9db00000,0x000000da9dc00000) (1024K)]
  0x0000020df041a420 JavaThread "Compiler Class File Writer" daemon [_thread_blocked, id=22672, stack(0x000000da9dc00000,0x000000da9dd00000) (1024K)]
  0x0000020df041aab0 JavaThread "Compiler Class File Writer" daemon [_thread_blocked, id=3784, stack(0x000000da9dd00000,0x000000da9de00000) (1024K)]
  0x0000020df08b8990 JavaThread "ForkJoinPool.commonPool-worker-1" daemon [_thread_in_Java, id=29968, stack(0x000000da98000000,0x000000da98100000) (1024K)]
  0x0000020df08baa60 JavaThread "ForkJoinPool.commonPool-worker-2" daemon [_thread_blocked, id=14368, stack(0x000000da9de00000,0x000000da9df00000) (1024K)]
  0x0000020df08b9d40 JavaThread "ForkJoinPool.commonPool-worker-3" daemon [_thread_blocked, id=24136, stack(0x000000da9df00000,0x000000da9e000000) (1024K)]
  0x0000020df08b9020 JavaThread "ForkJoinPool.commonPool-worker-4" daemon [_thread_blocked, id=16832, stack(0x000000da9e000000,0x000000da9e100000) (1024K)]
Total: 81

Other Threads:
  0x0000020d902be8a0 VMThread "VM Thread"                           [id=29656, stack(0x000000da98600000,0x000000da98700000) (1024K)]
  0x0000020d900aca00 WatcherThread "VM Periodic Task Thread"        [id=32348, stack(0x000000da98500000,0x000000da98600000) (1024K)]
  0x0000020d9023c830 WorkerThread "GC Thread#0"                     [id=1400, stack(0x000000da98400000,0x000000da98500000) (1024K)]
  0x0000020dee5f5580 WorkerThread "GC Thread#1"                     [id=25760, stack(0x000000da99300000,0x000000da99400000) (1024K)]
  0x0000020dee40ee50 WorkerThread "GC Thread#2"                     [id=7692, stack(0x000000da99400000,0x000000da99500000) (1024K)]
  0x0000020dee942ae0 WorkerThread "GC Thread#3"                     [id=29028, stack(0x000000da99500000,0x000000da99600000) (1024K)]
  0x0000020dee396940 WorkerThread "GC Thread#4"                     [id=26600, stack(0x000000da99600000,0x000000da99700000) (1024K)]
  0x0000020dee396ce0 WorkerThread "GC Thread#5"                     [id=2448, stack(0x000000da99700000,0x000000da99800000) (1024K)]
  0x0000020dee397b60 WorkerThread "GC Thread#6"                     [id=27736, stack(0x000000da99800000,0x000000da99900000) (1024K)]
  0x0000020dee3977c0 WorkerThread "GC Thread#7"                     [id=11628, stack(0x000000da99900000,0x000000da99a00000) (1024K)]
  0x0000020dee3965a0 WorkerThread "GC Thread#8"                     [id=29428, stack(0x000000da99d00000,0x000000da99e00000) (1024K)]
  0x0000020dee397080 WorkerThread "GC Thread#9"                     [id=30112, stack(0x000000da99e00000,0x000000da99f00000) (1024K)]
Total: 12

Threads with active compile tasks:
C2 CompilerThread0  49675 15877       4       java.net.URI$Parser::parse (243 bytes)
C2 CompilerThread1  49675 15765   !   4       org.eclipse.jdt.internal.core.JarPackageFragmentRoot::computeChildren (605 bytes)
Total: 2

VM state: not at safepoint (normal execution)

VM Mutex/Monitor currently owned by a thread: None

Heap address: 0x0000000080000000, size: 2048 MB, Compressed Oops mode: 32-bit

CDS archive(s) mapped at: [0x0000020da7000000-0x0000020da7ba0000-0x0000020da7ba0000), size 12189696, SharedBaseAddress: 0x0000020da7000000, ArchiveRelocationMode: 1.
Compressed class space mapped at: 0x0000020da8000000-0x0000020de8000000, reserved size: 1073741824
Narrow klass base: 0x0000020da7000000, Narrow klass shift: 0, Narrow klass range: 0x100000000

GC Precious Log:
 CardTable entry size: 512
 CPUs: 12 total, 12 available
 Memory: 6005M
 Large Page Support: Disabled
 NUMA Support: Disabled
 Compressed Oops: Enabled (32-bit)
 Alignments: Space 512K, Generation 512K, Heap 2M
 Heap Min Capacity: 100M
 Heap Initial Capacity: 100M
 Heap Max Capacity: 2G
 Pre-touch: Disabled
 Parallel Workers: 10

Heap:
 PSYoungGen      total 12800K, used 6011K [0x00000000d5580000, 0x00000000d6300000, 0x0000000100000000)
  eden space 12288K, 47% used [0x00000000d5580000,0x00000000d5b34300,0x00000000d6180000)
  from space 512K, 56% used [0x00000000d6280000,0x00000000d62c8000,0x00000000d6300000)
  to   space 512K, 0% used [0x00000000d6200000,0x00000000d6200000,0x00000000d6280000)
 ParOldGen       total 545792K, used 545314K [0x0000000080000000, 0x00000000a1500000, 0x00000000d5580000)
  object space 545792K, 99% used [0x0000000080000000,0x00000000a14888d0,0x00000000a1500000)
 Metaspace       used 68707K, committed 70272K, reserved 1114112K
  class space    used 6829K, committed 7552K, reserved 1048576K

Card table byte_map: [0x0000020d8fbc0000,0x0000020d8ffd0000] _byte_map_base: 0x0000020d8f7c0000

Marking Bits: (ParMarkBitMap*) 0x00007ffd9abf31f0
 Begin Bits: [0x0000020da26c0000, 0x0000020da46c0000)
 End Bits:   [0x0000020da46c0000, 0x0000020da66c0000)

Polling page: 0x0000020d8e030000

Metaspace:

Usage:
  Non-class:     60.43 MB used.
      Class:      6.67 MB used.
       Both:     67.10 MB used.

Virtual space:
  Non-class space:       64.00 MB reserved,      61.25 MB ( 96%) committed,  1 nodes.
      Class space:        1.00 GB reserved,       7.38 MB ( <1%) committed,  1 nodes.
             Both:        1.06 GB reserved,      68.62 MB (  6%) committed. 

Chunk freelists:
   Non-Class:  1.83 MB
       Class:  8.67 MB
        Both:  10.50 MB

MaxMetaspaceSize: unlimited
CompressedClassSpaceSize: 1.00 GB
Initial GC threshold: 21.00 MB
Current GC threshold: 97.31 MB
CDS: on
 - commit_granule_bytes: 65536.
 - commit_granule_words: 8192.
 - virtual_space_node_default_size: 8388608.
 - enlarge_chunks_in_place: 1.
 - use_allocation_guard: 0.


Internal statistics:

num_allocs_failed_limit: 9.
num_arena_births: 1318.
num_arena_deaths: 14.
num_vsnodes_births: 2.
num_vsnodes_deaths: 0.
num_space_committed: 1098.
num_space_uncommitted: 0.
num_chunks_returned_to_freelist: 23.
num_chunks_taken_from_freelist: 4751.
num_chunk_merges: 13.
num_chunk_splits: 2832.
num_chunks_enlarged: 1464.
num_inconsistent_stats: 0.

CodeHeap 'non-profiled nmethods': size=120000Kb used=9185Kb max_used=9185Kb free=110814Kb
 bounds [0x0000020d9aee0000, 0x0000020d9b7e0000, 0x0000020da2410000]
CodeHeap 'profiled nmethods': size=120000Kb used=33736Kb max_used=33736Kb free=86263Kb
 bounds [0x0000020d93410000, 0x0000020d95510000, 0x0000020d9a940000]
CodeHeap 'non-nmethods': size=5760Kb used=1450Kb max_used=1532Kb free=4309Kb
 bounds [0x0000020d9a940000, 0x0000020d9abb0000, 0x0000020d9aee0000]
 total_blobs=15762 nmethods=14995 adapters=671
 compilation: enabled
              stopped_count=0, restarted_count=0
 full_count=0

Compilation events (20 events):
Event: 48.505 Thread 0x0000020d902dd510 15856       3       org.eclipse.jdt.internal.core.PackageFragmentRoot::isComplianceJava9OrHigher (30 bytes)
Event: 48.506 Thread 0x0000020d902dd510 nmethod 15856 0x0000020d954ebf90 code [0x0000020d954ec160, 0x0000020d954ec4b8]
Event: 48.509 Thread 0x0000020d902dd510 15857       3       org.eclipse.jdt.internal.core.JarPackageFragmentRoot::getJar (11 bytes)
Event: 48.511 Thread 0x0000020d902dd510 nmethod 15857 0x0000020d954ec610 code [0x0000020d954ec820, 0x0000020d954ed130]
Event: 48.520 Thread 0x0000020d902dd510 15858       3       java.util.jar.JarFile::<init> (8 bytes)
Event: 48.520 Thread 0x0000020d902dd510 nmethod 15858 0x0000020d954ed410 code [0x0000020d954ed5c0, 0x0000020d954ed700]
Event: 48.521 Thread 0x0000020d902dd510 15859       3       org.eclipse.m2e.jdt.internal.InternalModuleInfo::<init> (56 bytes)
Event: 48.522 Thread 0x0000020d902dae60 nmethod 15831 0x0000020d9b7cf890 code [0x0000020d9b7cfcc0, 0x0000020d9b7d2380]
Event: 48.523 Thread 0x0000020d902dae60 15850 %     4       java.util.jar.JarFile::match @ 14 (132 bytes)
Event: 48.523 Thread 0x0000020d902dd510 nmethod 15859 0x0000020d954ed790 code [0x0000020d954ed980, 0x0000020d954eddb0]
Event: 48.523 Thread 0x0000020d902dd510 15861   !   3       org.eclipse.m2e.jdt.internal.ModuleSupport::getModuleInfo (260 bytes)
Event: 48.531 Thread 0x0000020d902dd510 nmethod 15861 0x0000020d954edf90 code [0x0000020d954ee620, 0x0000020d954f1840]
Event: 48.531 Thread 0x0000020d902dd510 15860       3       org.eclipse.m2e.jdt.internal.ModuleSupport::getModuleInfo (65 bytes)
Event: 48.532 Thread 0x0000020d902dd510 nmethod 15860 0x0000020d954f2f90 code [0x0000020d954f31e0, 0x0000020d954f3880]
Event: 48.541 Thread 0x0000020d902dae60 nmethod 15850% 0x0000020d9b7d3590 code [0x0000020d9b7d3740, 0x0000020d9b7d3b58]
Event: 48.541 Thread 0x0000020d902dae60 15836       4       java.lang.Long::valueOf (40 bytes)
Event: 48.544 Thread 0x0000020d902dae60 nmethod 15836 0x0000020d9b7d3e10 code [0x0000020d9b7d3fa0, 0x0000020d9b7d40c0]
Event: 48.544 Thread 0x0000020d902dae60 15844       4       java.util.ArrayList::listIterator (10 bytes)
Event: 48.546 Thread 0x0000020d902dae60 nmethod 15844 0x0000020d9b7d4190 code [0x0000020d9b7d4320, 0x0000020d9b7d4428]
Event: 48.546 Thread 0x0000020d902dae60 15841       4       org.eclipse.jdt.internal.core.JavaModel::isExternalFile (70 bytes)

GC Heap History (20 events):
Event: 48.050 GC heap after
{Heap after GC invocations=743 (full 3):
 PSYoungGen      total 12800K, used 512K [0x00000000d5580000, 0x00000000d6380000, 0x0000000100000000)
  eden space 12288K, 0% used [0x00000000d5580000,0x00000000d5580000,0x00000000d6180000)
  from space 512K, 100% used [0x00000000d6280000,0x00000000d6300000,0x00000000d6300000)
  to   space 1024K, 0% used [0x00000000d6180000,0x00000000d6180000,0x00000000d6280000)
 ParOldGen       total 541184K, used 541140K [0x0000000080000000, 0x00000000a1080000, 0x00000000d5580000)
  object space 541184K, 99% used [0x0000000080000000,0x00000000a1075108,0x00000000a1080000)
 Metaspace       used 68635K, committed 70208K, reserved 1114112K
  class space    used 6829K, committed 7552K, reserved 1048576K
}
Event: 48.072 GC heap before
{Heap before GC invocations=744 (full 3):
 PSYoungGen      total 12800K, used 12800K [0x00000000d5580000, 0x00000000d6380000, 0x0000000100000000)
  eden space 12288K, 100% used [0x00000000d5580000,0x00000000d6180000,0x00000000d6180000)
  from space 512K, 100% used [0x00000000d6280000,0x00000000d6300000,0x00000000d6300000)
  to   space 1024K, 0% used [0x00000000d6180000,0x00000000d6180000,0x00000000d6280000)
 ParOldGen       total 541184K, used 541140K [0x0000000080000000, 0x00000000a1080000, 0x00000000d5580000)
  object space 541184K, 99% used [0x0000000080000000,0x00000000a1075108,0x00000000a1080000)
 Metaspace       used 68635K, committed 70208K, reserved 1114112K
  class space    used 6829K, committed 7552K, reserved 1048576K
}
Event: 48.076 GC heap after
{Heap after GC invocations=744 (full 3):
 PSYoungGen      total 13312K, used 512K [0x00000000d5580000, 0x00000000d6380000, 0x0000000100000000)
  eden space 12288K, 0% used [0x00000000d5580000,0x00000000d5580000,0x00000000d6180000)
  from space 1024K, 50% used [0x00000000d6180000,0x00000000d6200000,0x00000000d6280000)
  to   space 1024K, 0% used [0x00000000d6280000,0x00000000d6280000,0x00000000d6380000)
 ParOldGen       total 541696K, used 541371K [0x0000000080000000, 0x00000000a1100000, 0x00000000d5580000)
  object space 541696K, 99% used [0x0000000080000000,0x00000000a10aee08,0x00000000a1100000)
 Metaspace       used 68635K, committed 70208K, reserved 1114112K
  class space    used 6829K, committed 7552K, reserved 1048576K
}
Event: 48.114 GC heap before
{Heap before GC invocations=745 (full 3):
 PSYoungGen      total 13312K, used 12800K [0x00000000d5580000, 0x00000000d6380000, 0x0000000100000000)
  eden space 12288K, 100% used [0x00000000d5580000,0x00000000d6180000,0x00000000d6180000)
  from space 1024K, 50% used [0x00000000d6180000,0x00000000d6200000,0x00000000d6280000)
  to   space 1024K, 0% used [0x00000000d6280000,0x00000000d6280000,0x00000000d6380000)
 ParOldGen       total 541696K, used 541371K [0x0000000080000000, 0x00000000a1100000, 0x00000000d5580000)
  object space 541696K, 99% used [0x0000000080000000,0x00000000a10aee08,0x00000000a1100000)
 Metaspace       used 68635K, committed 70208K, reserved 1114112K
  class space    used 6829K, committed 7552K, reserved 1048576K
}
Event: 48.119 GC heap after
{Heap after GC invocations=745 (full 3):
 PSYoungGen      total 12800K, used 416K [0x00000000d5580000, 0x00000000d6300000, 0x0000000100000000)
  eden space 12288K, 0% used [0x00000000d5580000,0x00000000d5580000,0x00000000d6180000)
  from space 512K, 81% used [0x00000000d6280000,0x00000000d62e8000,0x00000000d6300000)
  to   space 512K, 0% used [0x00000000d6200000,0x00000000d6200000,0x00000000d6280000)
 ParOldGen       total 541696K, used 541619K [0x0000000080000000, 0x00000000a1100000, 0x00000000d5580000)
  object space 541696K, 99% used [0x0000000080000000,0x00000000a10ece08,0x00000000a1100000)
 Metaspace       used 68635K, committed 70208K, reserved 1114112K
  class space    used 6829K, committed 7552K, reserved 1048576K
}
Event: 48.176 GC heap before
{Heap before GC invocations=746 (full 3):
 PSYoungGen      total 12800K, used 12704K [0x00000000d5580000, 0x00000000d6300000, 0x0000000100000000)
  eden space 12288K, 100% used [0x00000000d5580000,0x00000000d6180000,0x00000000d6180000)
  from space 512K, 81% used [0x00000000d6280000,0x00000000d62e8000,0x00000000d6300000)
  to   space 512K, 0% used [0x00000000d6200000,0x00000000d6200000,0x00000000d6280000)
 ParOldGen       total 541696K, used 541619K [0x0000000080000000, 0x00000000a1100000, 0x00000000d5580000)
  object space 541696K, 99% used [0x0000000080000000,0x00000000a10ece08,0x00000000a1100000)
 Metaspace       used 68637K, committed 70208K, reserved 1114112K
  class space    used 6829K, committed 7552K, reserved 1048576K
}
Event: 48.180 GC heap after
{Heap after GC invocations=746 (full 3):
 PSYoungGen      total 12800K, used 320K [0x00000000d5580000, 0x00000000d6300000, 0x0000000100000000)
  eden space 12288K, 0% used [0x00000000d5580000,0x00000000d5580000,0x00000000d6180000)
  from space 512K, 62% used [0x00000000d6200000,0x00000000d6250000,0x00000000d6280000)
  to   space 512K, 0% used [0x00000000d6280000,0x00000000d6280000,0x00000000d6300000)
 ParOldGen       total 542208K, used 541891K [0x0000000080000000, 0x00000000a1180000, 0x00000000d5580000)
  object space 542208K, 99% used [0x0000000080000000,0x00000000a1130e08,0x00000000a1180000)
 Metaspace       used 68637K, committed 70208K, reserved 1114112K
  class space    used 6829K, committed 7552K, reserved 1048576K
}
Event: 48.235 GC heap before
{Heap before GC invocations=747 (full 3):
 PSYoungGen      total 12800K, used 12608K [0x00000000d5580000, 0x00000000d6300000, 0x0000000100000000)
  eden space 12288K, 100% used [0x00000000d5580000,0x00000000d6180000,0x00000000d6180000)
  from space 512K, 62% used [0x00000000d6200000,0x00000000d6250000,0x00000000d6280000)
  to   space 512K, 0% used [0x00000000d6280000,0x00000000d6280000,0x00000000d6300000)
 ParOldGen       total 542208K, used 541891K [0x0000000080000000, 0x00000000a1180000, 0x00000000d5580000)
  object space 542208K, 99% used [0x0000000080000000,0x00000000a1130e08,0x00000000a1180000)
 Metaspace       used 68637K, committed 70208K, reserved 1114112K
  class space    used 6829K, committed 7552K, reserved 1048576K
}
Event: 48.240 GC heap after
{Heap after GC invocations=747 (full 3):
 PSYoungGen      total 12800K, used 480K [0x00000000d5580000, 0x00000000d6300000, 0x0000000100000000)
  eden space 12288K, 0% used [0x00000000d5580000,0x00000000d5580000,0x00000000d6180000)
  from space 512K, 93% used [0x00000000d6280000,0x00000000d62f8000,0x00000000d6300000)
  to   space 512K, 0% used [0x00000000d6200000,0x00000000d6200000,0x00000000d6280000)
 ParOldGen       total 542208K, used 542067K [0x0000000080000000, 0x00000000a1180000, 0x00000000d5580000)
  object space 542208K, 99% used [0x0000000080000000,0x00000000a115ce08,0x00000000a1180000)
 Metaspace       used 68637K, committed 70208K, reserved 1114112K
  class space    used 6829K, committed 7552K, reserved 1048576K
}
Event: 48.295 GC heap before
{Heap before GC invocations=748 (full 3):
 PSYoungGen      total 12800K, used 12768K [0x00000000d5580000, 0x00000000d6300000, 0x0000000100000000)
  eden space 12288K, 100% used [0x00000000d5580000,0x00000000d6180000,0x00000000d6180000)
  from space 512K, 93% used [0x00000000d6280000,0x00000000d62f8000,0x00000000d6300000)
  to   space 512K, 0% used [0x00000000d6200000,0x00000000d6200000,0x00000000d6280000)
 ParOldGen       total 542208K, used 542067K [0x0000000080000000, 0x00000000a1180000, 0x00000000d5580000)
  object space 542208K, 99% used [0x0000000080000000,0x00000000a115ce08,0x00000000a1180000)
 Metaspace       used 68655K, committed 70272K, reserved 1114112K
  class space    used 6829K, committed 7552K, reserved 1048576K
}
Event: 48.301 GC heap after
{Heap after GC invocations=748 (full 3):
 PSYoungGen      total 12800K, used 489K [0x00000000d5580000, 0x00000000d6380000, 0x0000000100000000)
  eden space 12288K, 0% used [0x00000000d5580000,0x00000000d5580000,0x00000000d6180000)
  from space 512K, 95% used [0x00000000d6200000,0x00000000d627a400,0x00000000d6280000)
  to   space 1024K, 0% used [0x00000000d6280000,0x00000000d6280000,0x00000000d6380000)
 ParOldGen       total 542720K, used 542469K [0x0000000080000000, 0x00000000a1200000, 0x00000000d5580000)
  object space 542720K, 99% used [0x0000000080000000,0x00000000a11c1618,0x00000000a1200000)
 Metaspace       used 68655K, committed 70272K, reserved 1114112K
  class space    used 6829K, committed 7552K, reserved 1048576K
}
Event: 48.355 GC heap before
{Heap before GC invocations=749 (full 3):
 PSYoungGen      total 12800K, used 12777K [0x00000000d5580000, 0x00000000d6380000, 0x0000000100000000)
  eden space 12288K, 100% used [0x00000000d5580000,0x00000000d6180000,0x00000000d6180000)
  from space 512K, 95% used [0x00000000d6200000,0x00000000d627a400,0x00000000d6280000)
  to   space 1024K, 0% used [0x00000000d6280000,0x00000000d6280000,0x00000000d6380000)
 ParOldGen       total 542720K, used 542469K [0x0000000080000000, 0x00000000a1200000, 0x00000000d5580000)
  object space 542720K, 99% used [0x0000000080000000,0x00000000a11c1618,0x00000000a1200000)
 Metaspace       used 68672K, committed 70272K, reserved 1114112K
  class space    used 6829K, committed 7552K, reserved 1048576K
}
Event: 48.360 GC heap after
{Heap after GC invocations=749 (full 3):
 PSYoungGen      total 13312K, used 352K [0x00000000d5580000, 0x00000000d6380000, 0x0000000100000000)
  eden space 12288K, 0% used [0x00000000d5580000,0x00000000d5580000,0x00000000d6180000)
  from space 1024K, 34% used [0x00000000d6280000,0x00000000d62d8000,0x00000000d6380000)
  to   space 1024K, 0% used [0x00000000d6180000,0x00000000d6180000,0x00000000d6280000)
 ParOldGen       total 543232K, used 542894K [0x0000000080000000, 0x00000000a1280000, 0x00000000d5580000)
  object space 543232K, 99% used [0x0000000080000000,0x00000000a122ba18,0x00000000a1280000)
 Metaspace       used 68672K, committed 70272K, reserved 1114112K
  class space    used 6829K, committed 7552K, reserved 1048576K
}
Event: 48.396 GC heap before
{Heap before GC invocations=750 (full 3):
 PSYoungGen      total 13312K, used 12640K [0x00000000d5580000, 0x00000000d6380000, 0x0000000100000000)
  eden space 12288K, 100% used [0x00000000d5580000,0x00000000d6180000,0x00000000d6180000)
  from space 1024K, 34% used [0x00000000d6280000,0x00000000d62d8000,0x00000000d6380000)
  to   space 1024K, 0% used [0x00000000d6180000,0x00000000d6180000,0x00000000d6280000)
 ParOldGen       total 543232K, used 542894K [0x0000000080000000, 0x00000000a1280000, 0x00000000d5580000)
  object space 543232K, 99% used [0x0000000080000000,0x00000000a122ba18,0x00000000a1280000)
 Metaspace       used 68676K, committed 70272K, reserved 1114112K
  class space    used 6829K, committed 7552K, reserved 1048576K
}
Event: 48.401 GC heap after
{Heap after GC invocations=750 (full 3):
 PSYoungGen      total 13312K, used 544K [0x00000000d5580000, 0x00000000d6380000, 0x0000000100000000)
  eden space 12288K, 0% used [0x00000000d5580000,0x00000000d5580000,0x00000000d6180000)
  from space 1024K, 53% used [0x00000000d6180000,0x00000000d6208000,0x00000000d6280000)
  to   space 1024K, 0% used [0x00000000d6280000,0x00000000d6280000,0x00000000d6380000)
 ParOldGen       total 543232K, used 543086K [0x0000000080000000, 0x00000000a1280000, 0x00000000d5580000)
  object space 543232K, 99% used [0x0000000080000000,0x00000000a125ba18,0x00000000a1280000)
 Metaspace       used 68676K, committed 70272K, reserved 1114112K
  class space    used 6829K, committed 7552K, reserved 1048576K
}
Event: 48.470 GC heap before
{Heap before GC invocations=751 (full 3):
 PSYoungGen      total 13312K, used 12831K [0x00000000d5580000, 0x00000000d6380000, 0x0000000100000000)
  eden space 12288K, 99% used [0x00000000d5580000,0x00000000d617fff8,0x00000000d6180000)
  from space 1024K, 53% used [0x00000000d6180000,0x00000000d6208000,0x00000000d6280000)
  to   space 1024K, 0% used [0x00000000d6280000,0x00000000d6280000,0x00000000d6380000)
 ParOldGen       total 543232K, used 543086K [0x0000000080000000, 0x00000000a1280000, 0x00000000d5580000)
  object space 543232K, 99% used [0x0000000080000000,0x00000000a125ba18,0x00000000a1280000)
 Metaspace       used 68686K, committed 70272K, reserved 1114112K
  class space    used 6829K, committed 7552K, reserved 1048576K
}
Event: 48.476 GC heap after
{Heap after GC invocations=751 (full 3):
 PSYoungGen      total 13312K, used 608K [0x00000000d5580000, 0x00000000d6380000, 0x0000000100000000)
  eden space 12288K, 0% used [0x00000000d5580000,0x00000000d5580000,0x00000000d6180000)
  from space 1024K, 59% used [0x00000000d6280000,0x00000000d6318000,0x00000000d6380000)
  to   space 1024K, 0% used [0x00000000d6180000,0x00000000d6180000,0x00000000d6280000)
 ParOldGen       total 543744K, used 543477K [0x0000000080000000, 0x00000000a1300000, 0x00000000d5580000)
  object space 543744K, 99% used [0x0000000080000000,0x00000000a12bd520,0x00000000a1300000)
 Metaspace       used 68686K, committed 70272K, reserved 1114112K
  class space    used 6829K, committed 7552K, reserved 1048576K
}
Event: 48.534 GC heap before
{Heap before GC invocations=752 (full 3):
 PSYoungGen      total 13312K, used 12896K [0x00000000d5580000, 0x00000000d6380000, 0x0000000100000000)
  eden space 12288K, 100% used [0x00000000d5580000,0x00000000d6180000,0x00000000d6180000)
  from space 1024K, 59% used [0x00000000d6280000,0x00000000d6318000,0x00000000d6380000)
  to   space 1024K, 0% used [0x00000000d6180000,0x00000000d6180000,0x00000000d6280000)
 ParOldGen       total 543744K, used 543477K [0x0000000080000000, 0x00000000a1300000, 0x00000000d5580000)
  object space 543744K, 99% used [0x0000000080000000,0x00000000a12bd520,0x00000000a1300000)
 Metaspace       used 68696K, committed 70272K, reserved 1114112K
  class space    used 6829K, committed 7552K, reserved 1048576K
}
Event: 48.541 GC heap after
{Heap after GC invocations=752 (full 3):
 PSYoungGen      total 13312K, used 448K [0x00000000d5580000, 0x00000000d6300000, 0x0000000100000000)
  eden space 12288K, 0% used [0x00000000d5580000,0x00000000d5580000,0x00000000d6180000)
  from space 1024K, 43% used [0x00000000d6180000,0x00000000d61f0000,0x00000000d6280000)
  to   space 512K, 0% used [0x00000000d6280000,0x00000000d6280000,0x00000000d6300000)
 ParOldGen       total 544256K, used 543929K [0x0000000080000000, 0x00000000a1380000, 0x00000000d5580000)
  object space 544256K, 99% used [0x0000000080000000,0x00000000a132e530,0x00000000a1380000)
 Metaspace       used 68696K, committed 70272K, reserved 1114112K
  class space    used 6829K, committed 7552K, reserved 1048576K
}
Event: 49.555 GC heap before
{Heap before GC invocations=753 (full 3):
 PSYoungGen      total 13312K, used 12736K [0x00000000d5580000, 0x00000000d6300000, 0x0000000100000000)
  eden space 12288K, 100% used [0x00000000d5580000,0x00000000d6180000,0x00000000d6180000)
  from space 1024K, 43% used [0x00000000d6180000,0x00000000d61f0000,0x00000000d6280000)
  to   space 512K, 0% used [0x00000000d6280000,0x00000000d6280000,0x00000000d6300000)
 ParOldGen       total 544768K, used 544256K [0x0000000080000000, 0x00000000a1400000, 0x00000000d5580000)
  object space 544768K, 99% used [0x0000000080000000,0x00000000a1380190,0x00000000a1400000)
 Metaspace       used 68696K, committed 70272K, reserved 1114112K
  class space    used 6829K, committed 7552K, reserved 1048576K
}

Dll operation events (10 events):
Event: 0.021 Loaded shared library c:\Users\Admin\.vscode\extensions\redhat.java-1.43.1-win32-x64\jre\21.0.7-win32-x86_64\bin\java.dll
Event: 0.126 Loaded shared library c:\Users\Admin\.vscode\extensions\redhat.java-1.43.1-win32-x64\jre\21.0.7-win32-x86_64\bin\zip.dll
Event: 0.166 Loaded shared library C:\Users\Admin\.vscode\extensions\redhat.java-1.43.1-win32-x64\jre\21.0.7-win32-x86_64\bin\instrument.dll
Event: 0.176 Loaded shared library C:\Users\Admin\.vscode\extensions\redhat.java-1.43.1-win32-x64\jre\21.0.7-win32-x86_64\bin\net.dll
Event: 0.180 Loaded shared library C:\Users\Admin\.vscode\extensions\redhat.java-1.43.1-win32-x64\jre\21.0.7-win32-x86_64\bin\nio.dll
Event: 0.188 Loaded shared library C:\Users\Admin\.vscode\extensions\redhat.java-1.43.1-win32-x64\jre\21.0.7-win32-x86_64\bin\zip.dll
Event: 0.218 Loaded shared library C:\Users\Admin\.vscode\extensions\redhat.java-1.43.1-win32-x64\jre\21.0.7-win32-x86_64\bin\jimage.dll
Event: 0.347 Loaded shared library c:\Users\Admin\.vscode\extensions\redhat.java-1.43.1-win32-x64\jre\21.0.7-win32-x86_64\bin\verify.dll
Event: 2.387 Loaded shared library C:\Users\Admin\AppData\Roaming\Code\User\globalStorage\redhat.java\1.43.1\config_win\org.eclipse.equinox.launcher\org.eclipse.equinox.launcher.win32.win32.x86_64_1.2.1300.v20250331-1702\eclipse_11911.dll
Event: 5.001 Loaded shared library C:\Users\Admin\AppData\Local\Temp\jna-63116079\jna16191037182429199763.dll

Deoptimization events (20 events):
Event: 48.044 Thread 0x0000020df08b8990 Uncommon trap: trap_request=0xffffffd6 fr.pc=0x0000020d9b7c0778 relative=0x0000000000000658
Event: 48.044 Thread 0x0000020df08b8990 Uncommon trap: reason=array_check action=maybe_recompile pc=0x0000020d9b7c0778 method=java.util.ImmutableCollections$List12.toArray([Ljava/lang/Object;)[Ljava/lang/Object; @ 48 c2
Event: 48.044 Thread 0x0000020df08b8990 DEOPT PACKING pc=0x0000020d9b7c0778 sp=0x000000da980fd880
Event: 48.044 Thread 0x0000020df08b8990 DEOPT UNPACKING pc=0x0000020d9a993aa2 sp=0x000000da980fd6f0 mode 2
Event: 48.044 Thread 0x0000020df08b8990 Uncommon trap: trap_request=0xffffffdc fr.pc=0x0000020d9b7c06c4 relative=0x00000000000005a4
Event: 48.044 Thread 0x0000020df08b8990 Uncommon trap: reason=class_check action=make_not_entrant pc=0x0000020d9b7c06c4 method=java.util.ImmutableCollections$ListN.toArray([Ljava/lang/Object;)[Ljava/lang/Object; @ 21 c2
Event: 48.044 Thread 0x0000020df08b8990 DEOPT PACKING pc=0x0000020d9b7c06c4 sp=0x000000da980fd880
Event: 48.044 Thread 0x0000020df08b8990 DEOPT UNPACKING pc=0x0000020d9a993aa2 sp=0x000000da980fd6f8 mode 2
Event: 48.076 Thread 0x0000020deee261c0 DEOPT PACKING pc=0x0000020d953e997a sp=0x000000da9a6fde30
Event: 48.076 Thread 0x0000020deee261c0 DEOPT UNPACKING pc=0x0000020d9a994242 sp=0x000000da9a6fd3f8 mode 0
Event: 48.108 Thread 0x0000020deee261c0 Uncommon trap: trap_request=0xffffffe4 fr.pc=0x0000020d9b7c3764 relative=0x00000000000006c4
Event: 48.108 Thread 0x0000020deee261c0 Uncommon trap: reason=range_check action=make_not_entrant pc=0x0000020d9b7c3764 method=java.util.ImmutableCollections$List12.toArray([Ljava/lang/Object;)[Ljava/lang/Object; @ 36 c2
Event: 48.108 Thread 0x0000020deee261c0 DEOPT PACKING pc=0x0000020d9b7c3764 sp=0x000000da9a6fdaa0
Event: 48.108 Thread 0x0000020deee261c0 DEOPT UNPACKING pc=0x0000020d9a993aa2 sp=0x000000da9a6fd920 mode 2
Event: 48.295 Thread 0x0000020df2bcdde0 DEOPT PACKING pc=0x0000020d953e997a sp=0x000000da9bbfe320
Event: 48.295 Thread 0x0000020df2bcdde0 DEOPT UNPACKING pc=0x0000020d9a994242 sp=0x000000da9bbfd8e8 mode 0
Event: 48.329 Thread 0x0000020deee261c0 DEOPT PACKING pc=0x0000020d9549fec4 sp=0x000000da9a6fdfd0
Event: 48.329 Thread 0x0000020deee261c0 DEOPT UNPACKING pc=0x0000020d9a994242 sp=0x000000da9a6fd460 mode 0
Event: 48.546 Thread 0x0000020df08b8990 DEOPT PACKING pc=0x0000020d953e997a sp=0x000000da980fdc30
Event: 48.546 Thread 0x0000020df08b8990 DEOPT UNPACKING pc=0x0000020d9a994242 sp=0x000000da980fd1e0 mode 0

Classes loaded (20 events):
Event: 34.667 Loading class java/util/Collections$SynchronizedRandomAccessList
Event: 34.674 Loading class java/util/Collections$SynchronizedList
Event: 34.676 Loading class java/util/Collections$SynchronizedList done
Event: 34.676 Loading class java/util/Collections$SynchronizedRandomAccessList done
Event: 34.697 Loading class java/util/concurrent/CompletableFuture$UniApply
Event: 34.699 Loading class java/util/concurrent/CompletableFuture$UniApply done
Event: 34.702 Loading class java/util/concurrent/CompletableFuture$Signaller
Event: 34.703 Loading class java/util/concurrent/CompletableFuture$Signaller done
Event: 34.709 Loading class java/util/concurrent/CompletableFuture$UniExceptionally
Event: 34.711 Loading class java/util/concurrent/CompletableFuture$UniExceptionally done
Event: 35.868 Loading class java/nio/charset/CharacterCodingException
Event: 35.869 Loading class java/nio/charset/CharacterCodingException done
Event: 35.870 Loading class java/io/SequenceInputStream
Event: 35.871 Loading class java/io/SequenceInputStream done
Event: 36.163 Loading class java/util/Hashtable$KeySet
Event: 36.164 Loading class java/util/Hashtable$KeySet done
Event: 36.569 Loading class java/lang/UnsupportedClassVersionError
Event: 36.570 Loading class java/lang/UnsupportedClassVersionError done
Event: 41.576 Loading class java/lang/invoke/MethodHandleImpl$CountingWrapper$1
Event: 41.578 Loading class java/lang/invoke/MethodHandleImpl$CountingWrapper$1 done

Classes unloaded (7 events):
Event: 5.992 Thread 0x0000020d902be8a0 Unloading class 0x0000020da81a4800 'java/lang/invoke/LambdaForm$MH+0x0000020da81a4800'
Event: 5.992 Thread 0x0000020d902be8a0 Unloading class 0x0000020da81a4400 'java/lang/invoke/LambdaForm$MH+0x0000020da81a4400'
Event: 5.992 Thread 0x0000020d902be8a0 Unloading class 0x0000020da81a4000 'java/lang/invoke/LambdaForm$MH+0x0000020da81a4000'
Event: 5.992 Thread 0x0000020d902be8a0 Unloading class 0x0000020da81a3c00 'java/lang/invoke/LambdaForm$MH+0x0000020da81a3c00'
Event: 5.992 Thread 0x0000020d902be8a0 Unloading class 0x0000020da81a3800 'java/lang/invoke/LambdaForm$BMH+0x0000020da81a3800'
Event: 5.992 Thread 0x0000020d902be8a0 Unloading class 0x0000020da81a3400 'java/lang/invoke/LambdaForm$DMH+0x0000020da81a3400'
Event: 5.992 Thread 0x0000020d902be8a0 Unloading class 0x0000020da81a2000 'java/lang/invoke/LambdaForm$DMH+0x0000020da81a2000'

Classes redefined (0 events):
No events

Internal exceptions (20 events):
Event: 42.620 Thread 0x0000020deee27570 Exception <a 'sun/nio/fs/WindowsException'{0x00000000d56702f0}> (0x00000000d56702f0) 
thrown [s\src\hotspot\share\prims\jni.cpp, line 520]
Event: 42.871 Thread 0x0000020deee27570 Exception <a 'sun/nio/fs/WindowsException'{0x00000000d5580928}> (0x00000000d5580928) 
thrown [s\src\hotspot\share\prims\jni.cpp, line 520]
Event: 43.057 Thread 0x0000020deee27570 Exception <a 'sun/nio/fs/WindowsException'{0x00000000d5bce9d8}> (0x00000000d5bce9d8) 
thrown [s\src\hotspot\share\prims\jni.cpp, line 520]
Event: 43.739 Thread 0x0000020deee27570 Exception <a 'sun/nio/fs/WindowsException'{0x00000000d5b71550}> (0x00000000d5b71550) 
thrown [s\src\hotspot\share\prims\jni.cpp, line 520]
Event: 47.085 Thread 0x0000020df08b8990 Exception <a 'java/lang/IncompatibleClassChangeError'{0x00000000d5cf97b0}: Found class java.lang.Object, but interface was expected> (0x00000000d5cf97b0) 
thrown [s\src\hotspot\share\interpreter\linkResolver.cpp, line 840]
Event: 47.442 Thread 0x0000020deee27570 Exception <a 'sun/nio/fs/WindowsException'{0x00000000d563b588}> (0x00000000d563b588) 
thrown [s\src\hotspot\share\prims\jni.cpp, line 520]
Event: 47.689 Thread 0x0000020deee27570 Exception <a 'sun/nio/fs/WindowsException'{0x00000000d5e22ee0}> (0x00000000d5e22ee0) 
thrown [s\src\hotspot\share\prims\jni.cpp, line 520]
Event: 47.846 Thread 0x0000020deee27570 Exception <a 'sun/nio/fs/WindowsException'{0x00000000d570dda8}> (0x00000000d570dda8) 
thrown [s\src\hotspot\share\prims\jni.cpp, line 520]
Event: 48.130 Thread 0x0000020deee27570 Exception <a 'sun/nio/fs/WindowsException'{0x00000000d5939878}> (0x00000000d5939878) 
thrown [s\src\hotspot\share\prims\jni.cpp, line 520]
Event: 48.326 Thread 0x0000020deee27570 Exception <a 'sun/nio/fs/WindowsException'{0x00000000d55b7bc0}> (0x00000000d55b7bc0) 
thrown [s\src\hotspot\share\prims\jni.cpp, line 520]
Event: 48.385 Thread 0x0000020deee261c0 Exception <a 'sun/nio/fs/WindowsException'{0x00000000d5ce5b20}> (0x00000000d5ce5b20) 
thrown [s\src\hotspot\share\prims\jni.cpp, line 520]
Event: 48.391 Thread 0x0000020deee261c0 Exception <a 'sun/nio/fs/WindowsException'{0x00000000d5ce6150}> (0x00000000d5ce6150) 
thrown [s\src\hotspot\share\prims\jni.cpp, line 520]
Event: 48.393 Thread 0x0000020deee261c0 Exception <a 'sun/nio/fs/WindowsException'{0x00000000d5ce6be8}> (0x00000000d5ce6be8) 
thrown [s\src\hotspot\share\prims\jni.cpp, line 520]
Event: 48.393 Thread 0x0000020deee261c0 Exception <a 'sun/nio/fs/WindowsException'{0x00000000d5ce7218}> (0x00000000d5ce7218) 
thrown [s\src\hotspot\share\prims\jni.cpp, line 520]
Event: 48.395 Thread 0x0000020deee261c0 Exception <a 'sun/nio/fs/WindowsException'{0x00000000d5ce8740}> (0x00000000d5ce8740) 
thrown [s\src\hotspot\share\prims\jni.cpp, line 520]
Event: 48.395 Thread 0x0000020deee261c0 Exception <a 'sun/nio/fs/WindowsException'{0x00000000d5ce8d70}> (0x00000000d5ce8d70) 
thrown [s\src\hotspot\share\prims\jni.cpp, line 520]
Event: 48.422 Thread 0x0000020deee261c0 Exception <a 'sun/nio/fs/WindowsException'{0x00000000d58b8178}> (0x00000000d58b8178) 
thrown [s\src\hotspot\share\prims\jni.cpp, line 520]
Event: 48.423 Thread 0x0000020deee261c0 Exception <a 'sun/nio/fs/WindowsException'{0x00000000d58b8a58}> (0x00000000d58b8a58) 
thrown [s\src\hotspot\share\prims\jni.cpp, line 520]
Event: 48.443 Thread 0x0000020deee27570 Exception <a 'sun/nio/fs/WindowsException'{0x00000000d58238d0}> (0x00000000d58238d0) 
thrown [s\src\hotspot\share\prims\jni.cpp, line 520]
Event: 48.490 Thread 0x0000020deee27570 Exception <a 'sun/nio/fs/WindowsException'{0x00000000d57a9788}> (0x00000000d57a9788) 
thrown [s\src\hotspot\share\prims\jni.cpp, line 520]

ZGC Phase Switch (0 events):
No events

VM Operations (20 events):
Event: 48.076 Executing VM operation: ParallelGCFailedAllocation (Allocation Failure) done
Event: 48.114 Executing VM operation: ParallelGCFailedAllocation (Allocation Failure)
Event: 48.119 Executing VM operation: ParallelGCFailedAllocation (Allocation Failure) done
Event: 48.176 Executing VM operation: ParallelGCFailedAllocation (Allocation Failure)
Event: 48.180 Executing VM operation: ParallelGCFailedAllocation (Allocation Failure) done
Event: 48.235 Executing VM operation: ParallelGCFailedAllocation (Allocation Failure)
Event: 48.240 Executing VM operation: ParallelGCFailedAllocation (Allocation Failure) done
Event: 48.295 Executing VM operation: ParallelGCFailedAllocation (Allocation Failure)
Event: 48.301 Executing VM operation: ParallelGCFailedAllocation (Allocation Failure) done
Event: 48.355 Executing VM operation: ParallelGCFailedAllocation (Allocation Failure)
Event: 48.360 Executing VM operation: ParallelGCFailedAllocation (Allocation Failure) done
Event: 48.396 Executing VM operation: ParallelGCFailedAllocation (Allocation Failure)
Event: 48.401 Executing VM operation: ParallelGCFailedAllocation (Allocation Failure) done
Event: 48.470 Executing VM operation: ParallelGCFailedAllocation (Allocation Failure)
Event: 48.476 Executing VM operation: ParallelGCFailedAllocation (Allocation Failure) done
Event: 48.534 Executing VM operation: ParallelGCFailedAllocation (Allocation Failure)
Event: 48.541 Executing VM operation: ParallelGCFailedAllocation (Allocation Failure) done
Event: 48.566 Executing VM operation: ParallelGCFailedAllocation (Allocation Failure)
Event: 48.566 Executing VM operation: ParallelGCFailedAllocation (Allocation Failure) done
Event: 49.555 Executing VM operation: ParallelGCSystemGC (GCLocker Initiated GC)

Memory protections (0 events):
No events

Nmethod flushes (20 events):
Event: 22.130 Thread 0x0000020d902be8a0 flushing  nmethod 0x0000020d93e1f390
Event: 22.130 Thread 0x0000020d902be8a0 flushing  nmethod 0x0000020d93e1fe10
Event: 22.130 Thread 0x0000020d902be8a0 flushing  nmethod 0x0000020d93e26490
Event: 22.130 Thread 0x0000020d902be8a0 flushing  nmethod 0x0000020d93e27f10
Event: 22.130 Thread 0x0000020d902be8a0 flushing  nmethod 0x0000020d93e28290
Event: 22.130 Thread 0x0000020d902be8a0 flushing  nmethod 0x0000020d93e2a810
Event: 22.130 Thread 0x0000020d902be8a0 flushing  nmethod 0x0000020d93e2f910
Event: 22.130 Thread 0x0000020d902be8a0 flushing  nmethod 0x0000020d93e2fc90
Event: 22.130 Thread 0x0000020d902be8a0 flushing  nmethod 0x0000020d93e30210
Event: 22.130 Thread 0x0000020d902be8a0 flushing  nmethod 0x0000020d93e30610
Event: 22.130 Thread 0x0000020d902be8a0 flushing  nmethod 0x0000020d93e30b90
Event: 22.130 Thread 0x0000020d902be8a0 flushing  nmethod 0x0000020d93e3c690
Event: 22.130 Thread 0x0000020d902be8a0 flushing  nmethod 0x0000020d93e3cc90
Event: 22.130 Thread 0x0000020d902be8a0 flushing  nmethod 0x0000020d93e40b10
Event: 22.130 Thread 0x0000020d902be8a0 flushing  nmethod 0x0000020d93e50810
Event: 22.130 Thread 0x0000020d902be8a0 flushing  nmethod 0x0000020d93e51f90
Event: 22.130 Thread 0x0000020d902be8a0 flushing  nmethod 0x0000020d93e55190
Event: 22.130 Thread 0x0000020d902be8a0 flushing  nmethod 0x0000020d93e56190
Event: 22.130 Thread 0x0000020d902be8a0 flushing  nmethod 0x0000020d93e56690
Event: 22.130 Thread 0x0000020d902be8a0 flushing  nmethod 0x0000020d93e57310

Events (20 events):
Event: 31.260 Thread 0x0000020df08baa60 Thread exited: 0x0000020df08baa60
Event: 31.260 Thread 0x0000020df08ba3d0 Thread exited: 0x0000020df08ba3d0
Event: 31.261 Thread 0x0000020df08b8990 Thread exited: 0x0000020df08b8990
Event: 31.271 Thread 0x0000020df08b9d40 Thread exited: 0x0000020df08b9d40
Event: 32.695 Thread 0x0000020deee28290 Thread added: 0x0000020df08b9020
Event: 32.696 Thread 0x0000020deee28290 Thread added: 0x0000020df08b9d40
Event: 32.697 Thread 0x0000020deee28290 Thread added: 0x0000020df08b8990
Event: 32.697 Thread 0x0000020deee28290 Thread added: 0x0000020df08bc4a0
Event: 32.698 Thread 0x0000020deee28290 Thread added: 0x0000020df08bd1c0
Event: 32.769 Thread 0x0000020df08bc4a0 Thread exited: 0x0000020df08bc4a0
Event: 32.769 Thread 0x0000020df08b8990 Thread exited: 0x0000020df08b8990
Event: 32.769 Thread 0x0000020df08bd1c0 Thread exited: 0x0000020df08bd1c0
Event: 32.769 Thread 0x0000020df08b9d40 Thread exited: 0x0000020df08b9d40
Event: 32.769 Thread 0x0000020df08b9020 Thread exited: 0x0000020df08b9020
Event: 34.709 Thread 0x0000020df2bcaff0 Thread added: 0x0000020df08b8990
Event: 34.712 Thread 0x0000020df08b8990 Thread added: 0x0000020df08baa60
Event: 34.716 Thread 0x0000020df08baa60 Thread added: 0x0000020df08b9d40
Event: 34.722 Thread 0x0000020df08b9d40 Thread added: 0x0000020df08b9020
Event: 36.360 Thread 0x0000020deee261c0 Thread added: 0x0000020df08bc4a0
Event: 41.367 Thread 0x0000020df08bc4a0 Thread exited: 0x0000020df08bc4a0


Dynamic libraries:
0x00007ff687190000 - 0x00007ff68719e000 	c:\Users\Admin\.vscode\extensions\redhat.java-1.43.1-win32-x64\jre\21.0.7-win32-x86_64\bin\java.exe
0x00007ffe128e0000 - 0x00007ffe12b43000 	C:\WINDOWS\SYSTEM32\ntdll.dll
0x00007ffe120f0000 - 0x00007ffe121b7000 	C:\WINDOWS\System32\KERNEL32.DLL
0x00007ffe0ff30000 - 0x00007ffe102f9000 	C:\WINDOWS\System32\KERNELBASE.dll
0x00007ffe10390000 - 0x00007ffe104dc000 	C:\WINDOWS\System32\ucrtbase.dll
0x00007ffe044e0000 - 0x00007ffe044f8000 	c:\Users\Admin\.vscode\extensions\redhat.java-1.43.1-win32-x64\jre\21.0.7-win32-x86_64\bin\jli.dll
0x00007ffe11ea0000 - 0x00007ffe1206a000 	C:\WINDOWS\System32\USER32.dll
0x00007ffe045d0000 - 0x00007ffe045ee000 	c:\Users\Admin\.vscode\extensions\redhat.java-1.43.1-win32-x64\jre\21.0.7-win32-x86_64\bin\VCRUNTIME140.dll
0x00007ffe0fd20000 - 0x00007ffe0fd47000 	C:\WINDOWS\System32\win32u.dll
0x00007ffdf9ff0000 - 0x00007ffdfa280000 	C:\WINDOWS\WinSxS\amd64_microsoft.windows.common-controls_6595b64144ccf1df_6.0.26100.3323_none_3e088096e3344490\COMCTL32.dll
0x00007ffe10c60000 - 0x00007ffe10c8a000 	C:\WINDOWS\System32\GDI32.dll
0x00007ffe10ee0000 - 0x00007ffe10f89000 	C:\WINDOWS\System32\msvcrt.dll
0x00007ffe0fd50000 - 0x00007ffe0fe81000 	C:\WINDOWS\System32\gdi32full.dll
0x00007ffe10650000 - 0x00007ffe106f3000 	C:\WINDOWS\System32\msvcp_win.dll
0x00007ffe116b0000 - 0x00007ffe116df000 	C:\WINDOWS\System32\IMM32.DLL
0x00007ffe07be0000 - 0x00007ffe07bec000 	c:\Users\Admin\.vscode\extensions\redhat.java-1.43.1-win32-x64\jre\21.0.7-win32-x86_64\bin\vcruntime140_1.dll
0x00007ffdcb4f0000 - 0x00007ffdcb57d000 	c:\Users\Admin\.vscode\extensions\redhat.java-1.43.1-win32-x64\jre\21.0.7-win32-x86_64\bin\msvcp140.dll
0x00007ffd99f40000 - 0x00007ffd9acd0000 	c:\Users\Admin\.vscode\extensions\redhat.java-1.43.1-win32-x64\jre\21.0.7-win32-x86_64\bin\server\jvm.dll
0x00007ffe122f0000 - 0x00007ffe123a2000 	C:\WINDOWS\System32\ADVAPI32.dll
0x00007ffe10870000 - 0x00007ffe10916000 	C:\WINDOWS\System32\sechost.dll
0x00007ffe121d0000 - 0x00007ffe122e6000 	C:\WINDOWS\System32\RPCRT4.dll
0x00007ffe10be0000 - 0x00007ffe10c54000 	C:\WINDOWS\System32\WS2_32.dll
0x00007ffe0f970000 - 0x00007ffe0f9be000 	C:\WINDOWS\SYSTEM32\POWRPROF.dll
0x00007ffe07090000 - 0x00007ffe070c6000 	C:\WINDOWS\SYSTEM32\WINMM.dll
0x00007ffe070d0000 - 0x00007ffe070db000 	C:\WINDOWS\SYSTEM32\VERSION.dll
0x00007ffe0f950000 - 0x00007ffe0f964000 	C:\WINDOWS\SYSTEM32\UMPDC.dll
0x00007ffe0e8c0000 - 0x00007ffe0e8da000 	C:\WINDOWS\SYSTEM32\kernel.appcore.dll
0x00007ffe045c0000 - 0x00007ffe045ca000 	c:\Users\Admin\.vscode\extensions\redhat.java-1.43.1-win32-x64\jre\21.0.7-win32-x86_64\bin\jimage.dll
0x00007ffe02d40000 - 0x00007ffe02f81000 	C:\WINDOWS\SYSTEM32\DBGHELP.DLL
0x00007ffe118e0000 - 0x00007ffe11c62000 	C:\WINDOWS\System32\combase.dll
0x00007ffe10790000 - 0x00007ffe10866000 	C:\WINDOWS\System32\OLEAUT32.dll
0x00007ffdffb30000 - 0x00007ffdffb69000 	C:\WINDOWS\SYSTEM32\dbgcore.DLL
0x00007ffe0fe90000 - 0x00007ffe0ff29000 	C:\WINDOWS\System32\bcryptPrimitives.dll
0x00007ffe0ad60000 - 0x00007ffe0ad6f000 	c:\Users\Admin\.vscode\extensions\redhat.java-1.43.1-win32-x64\jre\21.0.7-win32-x86_64\bin\instrument.dll
0x00007ffe03cb0000 - 0x00007ffe03ccf000 	c:\Users\Admin\.vscode\extensions\redhat.java-1.43.1-win32-x64\jre\21.0.7-win32-x86_64\bin\java.dll
0x00007ffe10f90000 - 0x00007ffe116a5000 	C:\WINDOWS\System32\SHELL32.dll
0x00007ffe104e0000 - 0x00007ffe10648000 	C:\WINDOWS\System32\wintypes.dll
0x00007ffe0d7a0000 - 0x00007ffe0dfe5000 	C:\WINDOWS\SYSTEM32\windows.storage.dll
0x00007ffe117f0000 - 0x00007ffe118db000 	C:\WINDOWS\System32\SHCORE.dll
0x00007ffe109d0000 - 0x00007ffe10a2d000 	C:\WINDOWS\System32\shlwapi.dll
0x00007ffe0f9f0000 - 0x00007ffe0fa1f000 	C:\WINDOWS\SYSTEM32\profapi.dll
0x00007ffdfd570000 - 0x00007ffdfd588000 	c:\Users\Admin\.vscode\extensions\redhat.java-1.43.1-win32-x64\jre\21.0.7-win32-x86_64\bin\zip.dll
0x00007ffe03c70000 - 0x00007ffe03c80000 	C:\Users\Admin\.vscode\extensions\redhat.java-1.43.1-win32-x64\jre\21.0.7-win32-x86_64\bin\net.dll
0x00007ffe081c0000 - 0x00007ffe082de000 	C:\WINDOWS\SYSTEM32\WINHTTP.dll
0x00007ffe0edc0000 - 0x00007ffe0ee2a000 	C:\WINDOWS\system32\mswsock.dll
0x00007ffdfcbe0000 - 0x00007ffdfcbf6000 	C:\Users\Admin\.vscode\extensions\redhat.java-1.43.1-win32-x64\jre\21.0.7-win32-x86_64\bin\nio.dll
0x00007ffe0ad50000 - 0x00007ffe0ad60000 	c:\Users\Admin\.vscode\extensions\redhat.java-1.43.1-win32-x64\jre\21.0.7-win32-x86_64\bin\verify.dll
0x00007ffe073b0000 - 0x00007ffe073f5000 	C:\Users\Admin\AppData\Roaming\Code\User\globalStorage\redhat.java\1.43.1\config_win\org.eclipse.equinox.launcher\org.eclipse.equinox.launcher.win32.win32.x86_64_1.2.1300.v20250331-1702\eclipse_11911.dll
0x00007ffe10d30000 - 0x00007ffe10ec5000 	C:\WINDOWS\System32\ole32.dll
0x00007ffe0f170000 - 0x00007ffe0f18c000 	C:\WINDOWS\SYSTEM32\CRYPTSP.dll
0x00007ffe0e820000 - 0x00007ffe0e85a000 	C:\WINDOWS\system32\rsaenh.dll
0x00007ffe0ee60000 - 0x00007ffe0ee8b000 	C:\WINDOWS\SYSTEM32\USERENV.dll
0x00007ffe0f300000 - 0x00007ffe0f326000 	C:\WINDOWS\SYSTEM32\bcrypt.dll
0x00007ffe0eff0000 - 0x00007ffe0effc000 	C:\WINDOWS\SYSTEM32\CRYPTBASE.dll
0x00007ffe0e2e0000 - 0x00007ffe0e313000 	C:\WINDOWS\SYSTEM32\IPHLPAPI.DLL
0x00007ffe10ed0000 - 0x00007ffe10eda000 	C:\WINDOWS\System32\NSI.dll
0x00007ffdf5160000 - 0x00007ffdf51a9000 	C:\Users\Admin\AppData\Local\Temp\jna-63116079\jna16191037182429199763.dll
0x00007ffe10b90000 - 0x00007ffe10b98000 	C:\WINDOWS\System32\PSAPI.DLL
0x00007ffe08630000 - 0x00007ffe0864f000 	C:\WINDOWS\SYSTEM32\dhcpcsvc6.DLL
0x00007ffe08940000 - 0x00007ffe08965000 	C:\WINDOWS\SYSTEM32\dhcpcsvc.DLL
0x00007ffe0e9e0000 - 0x00007ffe0ea15000 	C:\WINDOWS\SYSTEM32\ntmarta.dll

dbghelp: loaded successfully - version: 4.0.5 - missing functions: none
symbol engine: initialized successfully - sym options: 0x614 - pdb path: .;c:\Users\Admin\.vscode\extensions\redhat.java-1.43.1-win32-x64\jre\21.0.7-win32-x86_64\bin;C:\WINDOWS\SYSTEM32;C:\WINDOWS\WinSxS\amd64_microsoft.windows.common-controls_6595b64144ccf1df_6.0.26100.3323_none_3e088096e3344490;c:\Users\Admin\.vscode\extensions\redhat.java-1.43.1-win32-x64\jre\21.0.7-win32-x86_64\bin\server;C:\Users\Admin\AppData\Roaming\Code\User\globalStorage\redhat.java\1.43.1\config_win\org.eclipse.equinox.launcher\org.eclipse.equinox.launcher.win32.win32.x86_64_1.2.1300.v20250331-1702;C:\Users\Admin\AppData\Local\Temp\jna-63116079

VM Arguments:
jvm_args: --add-modules=ALL-SYSTEM --add-opens=java.base/java.util=ALL-UNNAMED --add-opens=java.base/java.lang=ALL-UNNAMED --add-opens=java.base/sun.nio.fs=ALL-UNNAMED -Declipse.application=org.eclipse.jdt.ls.core.id1 -Dosgi.bundles.defaultStartLevel=4 -Declipse.product=org.eclipse.jdt.ls.core.product -Djava.import.generatesMetadataFilesAtProjectRoot=false -DDetectVMInstallationsJob.disabled=true -Dfile.encoding=utf8 -XX:+UseParallelGC -XX:GCTimeRatio=4 -XX:AdaptiveSizePolicyWeight=90 -Dsun.zip.disableMemoryMapping=true -Xmx2G -Xms100m -Xlog:disable -javaagent:c:\Users\Admin\.vscode\extensions\redhat.java-1.43.1-win32-x64\lombok\lombok-1.18.39-4050.jar -XX:+HeapDumpOnOutOfMemoryError -XX:HeapDumpPath=c:\Users\Admin\AppData\Roaming\Code\User\workspaceStorage\91bfc2bb926e85cacc8896de9206306c\redhat.java -Daether.dependencyCollector.impl=bf 
java_command: c:\Users\Admin\.vscode\extensions\redhat.java-1.43.1-win32-x64\server\plugins\org.eclipse.equinox.launcher_1.7.0.v20250519-0528.jar -configuration c:\Users\Admin\AppData\Roaming\Code\User\globalStorage\redhat.java\1.43.1\config_win -data c:\Users\Admin\AppData\Roaming\Code\User\workspaceStorage\91bfc2bb926e85cacc8896de9206306c\redhat.java\jdt_ws --pipe=\\.\pipe\lsp-ce312ce29b8d39cad8dcd02e53c0c904-sock
java_class_path (initial): c:\Users\Admin\.vscode\extensions\redhat.java-1.43.1-win32-x64\server\plugins\org.eclipse.equinox.launcher_1.7.0.v20250519-0528.jar
Launcher Type: SUN_STANDARD

[Global flags]
    uintx AdaptiveSizePolicyWeight                 = 90                                        {product} {command line}
     intx CICompilerCount                          = 4                                         {product} {ergonomic}
    uintx GCTimeRatio                              = 4                                         {product} {command line}
     bool HeapDumpOnOutOfMemoryError               = true                                   {manageable} {command line}
    ccstr HeapDumpPath                             = c:\Users\Admin\AppData\Roaming\Code\User\workspaceStorage\91bfc2bb926e85cacc8896de9206306c\redhat.java         {manageable} {command line}
   size_t InitialHeapSize                          = 104857600                                 {product} {command line}
   size_t MaxHeapSize                              = 2147483648                                {product} {command line}
   size_t MaxNewSize                               = 715653120                                 {product} {ergonomic}
   size_t MinHeapDeltaBytes                        = 524288                                    {product} {ergonomic}
   size_t MinHeapSize                              = 104857600                                 {product} {command line}
   size_t NewSize                                  = 34603008                                  {product} {ergonomic}
    uintx NonNMethodCodeHeapSize                   = 5839372                                {pd product} {ergonomic}
    uintx NonProfiledCodeHeapSize                  = 122909434                              {pd product} {ergonomic}
   size_t OldSize                                  = 70254592                                  {product} {ergonomic}
    uintx ProfiledCodeHeapSize                     = 122909434                              {pd product} {ergonomic}
    uintx ReservedCodeCacheSize                    = 251658240                              {pd product} {ergonomic}
     bool SegmentedCodeCache                       = true                                      {product} {ergonomic}
   size_t SoftMaxHeapSize                          = 2147483648                             {manageable} {ergonomic}
     bool UseCompressedOops                        = true                           {product lp64_product} {ergonomic}
     bool UseLargePagesIndividualAllocation        = false                                  {pd product} {ergonomic}
     bool UseParallelGC                            = true                                      {product} {command line}

Logging:
Log output configuration:
 #0: stdout all=off uptime,level,tags foldmultilines=false
 #1: stderr all=off uptime,level,tags foldmultilines=false

Environment Variables:
JAVA_HOME=C:\Program Files\Java\jdk-17
PATH=C:\Program Files\Java\jdk-17\bin;C:\Program Files\Java\jdk-21\bin;C:\Users\Admin\Downloads\kafka-3.9.0-src\kafka-3.9.0-src\bin;C:\Users\Admin\Downloads\gradle-8.11-bin\gradle-8.11\bin;D:\JDk\jdk1.8.0_281\bin;C:\Program Files\Common Files\Oracle\Java\javapath;C:\Program Files (x86)\Common Files\Oracle\Java\javapath;C:\WINDOWS\system32;C:\WINDOWS;C:\WINDOWS\System32\Wbem;C:\WINDOWS\System32\WindowsPowerShell\v1.0\;C:\WINDOWS\System32\OpenSSH\;C:\Program Files\nodejs\;C:\Program Files\Java\jdk-17\\bin;C:\Program Files\Git\cmd;C:\Program Files\PuTTY\;C:\Users\Admin\Desktop\mvn\apache-maven-3.9.4-bin\apache-maven-3.9.4\bin;C:\Program Files\Docker\Docker\resources\bin;C:\Users\Admin\Downloads\New folder (19)\strawberry-perl-5.40.0.1-64bit-portable\perl\bin;C:\Program Files\Maven\apache-maven-3.9.9-bin\apache-maven-3.9.9\bin;C:\Program Files\Java\jdk-17\bin;C:\Program Files\Java\jdk-21\bin;C:\Users\Admin\Downloads\kafka-3.9.0-src\kafka-3.9.0-src\bin;C:\Users\Admin\Downloads\gradle-8.11-bin\gradle-8.11\bin;D:\JDk\jdk1.8.0_281\bin;C:\Users\Admin\AppData\Local\Microsoft\WindowsApps;C:\Users\Admin\AppData\Local\Programs\Microsoft VS Code\bin;C:\Users\Admin\AppData\Roaming\npm;C:\Program Files\JetBrains\IntelliJ IDEA 2024.1.2\bin;;C:\Program Files\PHP;C:\Users\Admin\AppData\Local\Programs\MiKTeX\miktex\bin\x64\;C:\Users\Admin\Downloads\New folder (19)\strawberry-perl-5.40.0.1-64bit-portable\perl\bin;C:\Program Files\Maven\apache-maven-3.9.9-bin\apache-maven-3.9.9\bin;
USERNAME=Admin
OS=Windows_NT
PROCESSOR_IDENTIFIER=AMD64 Family 23 Model 104 Stepping 1, AuthenticAMD
TMP=C:\Users\Admin\AppData\Local\Temp
TEMP=C:\Users\Admin\AppData\Local\Temp




Periodic native trim disabled

---------------  S Y S T E M  ---------------

OS:
 Windows 11 , 64 bit Build 26100 (10.0.26100.3323)
OS uptime: 0 days 18:14 hours
Hyper-V role detected

CPU: total 12 (initial active 12) (12 cores per cpu, 2 threads per core) family 23 model 104 stepping 1 microcode 0x8608103, cx8, cmov, fxsr, ht, mmx, 3dnowpref, sse, sse2, sse3, ssse3, sse4a, sse4.1, sse4.2, popcnt, lzcnt, tsc, tscinvbit, avx, avx2, aes, clmul, bmi1, bmi2, adx, sha, fma, vzeroupper, clflush, clflushopt, hv, rdtscp, rdpid, f16c
Processor Information for the first 12 processors :
  Max Mhz: 2100, Current Mhz: 1988, Mhz Limit: 2100

Memory: 4k page, system-wide physical 6005M (14M free)
TotalPageFile size 24437M (AvailPageFile size 0M)
current process WorkingSet (physical memory assigned to process): 227M, peak: 647M
current process commit charge ("private bytes"): 880M, peak: 880M

vm_info: OpenJDK 64-Bit Server VM (21.0.7+6-LTS) for windows-amd64 JRE (21.0.7+6-LTS), built on 2025-04-15T00:00:00Z by "admin" with MS VC++ 17.7 (VS2022)

END.
