#
# There is insufficient memory for the Java Runtime Environment to continue.
# Native memory allocation (malloc) failed to allocate 1804336 bytes. Error detail: Chunk::new
# Possible reasons:
#   The system is out of physical RAM or swap space
#   This process is running with CompressedOops enabled, and the Java Heap may be blocking the growth of the native heap
# Possible solutions:
#   Reduce memory load on the system
#   Increase physical memory or swap space
#   Check if swap backing store is full
#   Decrease Java heap size (-Xmx/-Xms)
#   Decrease number of Java threads
#   Decrease Java thread stack sizes (-Xss)
#   Set larger code cache with -XX:ReservedCodeCacheSize=
#   JVM is running with Unscaled Compressed Oops mode in which the Java heap is
#     placed in the first 4GB address space. The Java Heap base address is the
#     maximum limit for the native heap growth. Please use -XX:HeapBaseMinAddress
#     to set the Java Heap base and to place the Java Heap above 4GB virtual address.
# This output file may be truncated or incomplete.
#
#  Out of Memory Error (arena.cpp:168), pid=23496, tid=12188
#
# JRE version: OpenJDK Runtime Environment Temurin-21.0.7+6 (21.0.7+6) (build 21.0.7+6-LTS)
# Java VM: OpenJDK 64-Bit Server VM Temurin-21.0.7+6 (21.0.7+6-LTS, mixed mode, sharing, tiered, compressed oops, compressed class ptrs, parallel gc, windows-amd64)
# No core dump will be written. Minidumps are not enabled by default on client versions of Windows
#

---------------  S U M M A R Y ------------

Command Line: --add-modules=ALL-SYSTEM --add-opens=java.base/java.util=ALL-UNNAMED --add-opens=java.base/java.lang=ALL-UNNAMED --add-opens=java.base/sun.nio.fs=ALL-UNNAMED -Declipse.application=org.eclipse.jdt.ls.core.id1 -Dosgi.bundles.defaultStartLevel=4 -Declipse.product=org.eclipse.jdt.ls.core.product -Djava.import.generatesMetadataFilesAtProjectRoot=false -DDetectVMInstallationsJob.disabled=true -Dfile.encoding=utf8 -XX:+UseParallelGC -XX:GCTimeRatio=4 -XX:AdaptiveSizePolicyWeight=90 -Dsun.zip.disableMemoryMapping=true -Xmx2G -Xms100m -Xlog:disable -javaagent:c:\Users\Admin\.vscode\extensions\redhat.java-1.43.1-win32-x64\lombok\lombok-1.18.39-4050.jar -XX:+HeapDumpOnOutOfMemoryError -XX:HeapDumpPath=c:\Users\Admin\AppData\Roaming\Code\User\workspaceStorage\91bfc2bb926e85cacc8896de9206306c\redhat.java -Daether.dependencyCollector.impl=bf c:\Users\Admin\.vscode\extensions\redhat.java-1.43.1-win32-x64\server\plugins\org.eclipse.equinox.launcher_1.7.0.v20250519-0528.jar -configuration c:\Users\Admin\AppData\Roaming\Code\User\globalStorage\redhat.java\1.43.1\config_win -data c:\Users\Admin\AppData\Roaming\Code\User\workspaceStorage\91bfc2bb926e85cacc8896de9206306c\redhat.java\jdt_ws --pipe=\\.\pipe\lsp-5a573ec2655c2c027cfb447fd068db38-sock

Host: AMD Ryzen 5 5500U with Radeon Graphics         , 12 cores, 5G,  Windows 11 , 64 bit Build 26100 (10.0.26100.3323)
Time: Thu Jul 10 11:56:40 2025 W. Central Africa Standard Time elapsed time: 45.095995 seconds (0d 0h 0m 45s)

---------------  T H R E A D  ---------------

Current thread (0x0000018dd526d780):  JavaThread "C2 CompilerThread0" daemon [_thread_in_native, id=12188, stack(0x000000796c900000,0x000000796ca00000) (1024K)]


Current CompileTask:
C2:45096 14742   !   4       org.eclipse.jdt.internal.core.search.indexing.BinaryIndexer::indexDocument (1168 bytes)

Stack: [0x000000796c900000,0x000000796ca00000]
Native frames: (J=compiled Java code, j=interpreted, Vv=VM code, C=native code)
V  [jvm.dll+0x6ce119]
V  [jvm.dll+0x8a84a1]
V  [jvm.dll+0x8aa9ce]
V  [jvm.dll+0x8ab0b3]
V  [jvm.dll+0x27f8a6]
V  [jvm.dll+0xc507d]
V  [jvm.dll+0xc55b3]
V  [jvm.dll+0x3b68f2]
V  [jvm.dll+0x382aa5]
V  [jvm.dll+0x381f0a]
V  [jvm.dll+0x247af0]
V  [jvm.dll+0x2470cf]
V  [jvm.dll+0x1c760e]
V  [jvm.dll+0x25695a]
V  [jvm.dll+0x254efa]
V  [jvm.dll+0x3f03f6]
V  [jvm.dll+0x851f6b]
V  [jvm.dll+0x6cc7dd]
C  [ucrtbase.dll+0x37b0]
C  [KERNEL32.DLL+0x2e8d7]
C  [ntdll.dll+0xbbf6c]


---------------  P R O C E S S  ---------------

Threads class SMR info:
_java_thread_list=0x0000018df2089100, length=77, elements={
0x0000018dd51bf8f0, 0x0000018debc5e270, 0x0000018dd5261770, 0x0000018dd5264e80,
0x0000018dd5265e80, 0x0000018dd5266ad0, 0x0000018dd5269530, 0x0000018dd526d780,
0x0000018dd526f800, 0x0000018ded091620, 0x0000018ded2d4270, 0x0000018df2522bc0,
0x0000018df2780110, 0x0000018df2a2f330, 0x0000018df2b29670, 0x0000018df2c4d0c0,
0x0000018df2d9c400, 0x0000018df2cd9d40, 0x0000018df2cdbe10, 0x0000018df2cd9020,
0x0000018df2cd96b0, 0x0000018df2cda3d0, 0x0000018df2cdaa60, 0x0000018df2cdb0f0,
0x0000018df4555600, 0x0000018df45583f0, 0x0000018df45576d0, 0x0000018df45569b0,
0x0000018df4556320, 0x0000018df4554f70, 0x0000018df4557040, 0x0000018df4557d60,
0x0000018df4558a80, 0x0000018df4559110, 0x0000018df4555c90, 0x0000018df455bf00,
0x0000018df455c590, 0x0000018df455b870, 0x0000018df455a4c0, 0x0000018df45597a0,
0x0000018df4559e30, 0x0000018df455ab50, 0x0000018df459e1d0, 0x0000018df459c790,
0x0000018df459ba70, 0x0000018df459db40, 0x0000018df459e860, 0x0000018df459ce20,
0x0000018df459eef0, 0x0000018df459d4b0, 0x0000018df459c100, 0x0000018df45a2370,
0x0000018df459f580, 0x0000018df45a02a0, 0x0000018df45a1ce0, 0x0000018df45a0930,
0x0000018df45a3090, 0x0000018df45a0fc0, 0x0000018df459fc10, 0x0000018df45a1650,
0x0000018df2cdb780, 0x0000018df3315e10, 0x0000018df33143d0, 0x0000018df33164a0,
0x0000018df3315780, 0x0000018df3316b30, 0x0000018df3317850, 0x0000018df33150f0,
0x0000018df3317ee0, 0x0000018df331b360, 0x0000018df3319fb0, 0x0000018df331acd0,
0x0000018df3318570, 0x0000018df3318c00, 0x0000018df3319290, 0x0000018df331a640,
0x0000018df43db950
}

Java Threads: ( => current thread )
  0x0000018dd51bf8f0 JavaThread "main"                              [_thread_blocked, id=23892, stack(0x000000796bf00000,0x000000796c000000) (1024K)]
  0x0000018debc5e270 JavaThread "Reference Handler"          daemon [_thread_blocked, id=21908, stack(0x000000796c300000,0x000000796c400000) (1024K)]
  0x0000018dd5261770 JavaThread "Finalizer"                  daemon [_thread_blocked, id=30852, stack(0x000000796c400000,0x000000796c500000) (1024K)]
  0x0000018dd5264e80 JavaThread "Signal Dispatcher"          daemon [_thread_blocked, id=30384, stack(0x000000796c500000,0x000000796c600000) (1024K)]
  0x0000018dd5265e80 JavaThread "Attach Listener"            daemon [_thread_blocked, id=20364, stack(0x000000796c600000,0x000000796c700000) (1024K)]
  0x0000018dd5266ad0 JavaThread "Service Thread"             daemon [_thread_blocked, id=20004, stack(0x000000796c700000,0x000000796c800000) (1024K)]
  0x0000018dd5269530 JavaThread "Monitor Deflation Thread"   daemon [_thread_blocked, id=19080, stack(0x000000796c800000,0x000000796c900000) (1024K)]
=>0x0000018dd526d780 JavaThread "C2 CompilerThread0"         daemon [_thread_in_native, id=12188, stack(0x000000796c900000,0x000000796ca00000) (1024K)]
  0x0000018dd526f800 JavaThread "C1 CompilerThread0"         daemon [_thread_blocked, id=29636, stack(0x000000796ca00000,0x000000796cb00000) (1024K)]
  0x0000018ded091620 JavaThread "Common-Cleaner"             daemon [_thread_blocked, id=20960, stack(0x000000796cb00000,0x000000796cc00000) (1024K)]
  0x0000018ded2d4270 JavaThread "Notification Thread"        daemon [_thread_blocked, id=32424, stack(0x000000796cd00000,0x000000796ce00000) (1024K)]
  0x0000018df2522bc0 JavaThread "Active Thread: Equinox Container: 106f32b3-d62b-453c-822e-2c1cc1da8ac2"        [_thread_blocked, id=19976, stack(0x000000796d500000,0x000000796d600000) (1024K)]
  0x0000018df2780110 JavaThread "Refresh Thread: Equinox Container: 106f32b3-d62b-453c-822e-2c1cc1da8ac2" daemon [_thread_blocked, id=8560, stack(0x000000796d700000,0x000000796d800000) (1024K)]
  0x0000018df2a2f330 JavaThread "Framework Event Dispatcher: Equinox Container: 106f32b3-d62b-453c-822e-2c1cc1da8ac2" daemon [_thread_blocked, id=18324, stack(0x000000796d800000,0x000000796d900000) (1024K)]
  0x0000018df2b29670 JavaThread "Start Level: Equinox Container: 106f32b3-d62b-453c-822e-2c1cc1da8ac2" daemon [_thread_blocked, id=10448, stack(0x000000796d900000,0x000000796da00000) (1024K)]
  0x0000018df2c4d0c0 JavaThread "Bundle File Closer"         daemon [_thread_blocked, id=12240, stack(0x000000796dc00000,0x000000796dd00000) (1024K)]
  0x0000018df2d9c400 JavaThread "SCR Component Actor"        daemon [_thread_blocked, id=13788, stack(0x000000796cc00000,0x000000796cd00000) (1024K)]
  0x0000018df2cd9d40 JavaThread "Worker-JM"                         [_thread_blocked, id=27464, stack(0x000000796de00000,0x000000796df00000) (1024K)]
  0x0000018df2cdbe10 JavaThread "JNA Cleaner"                daemon [_thread_blocked, id=3080, stack(0x000000796dd00000,0x000000796de00000) (1024K)]
  0x0000018df2cd9020 JavaThread "Worker-0"                          [_thread_blocked, id=22148, stack(0x000000796e000000,0x000000796e100000) (1024K)]
  0x0000018df2cd96b0 JavaThread "Worker-1"                          [_thread_blocked, id=26488, stack(0x000000796e100000,0x000000796e200000) (1024K)]
  0x0000018df2cda3d0 JavaThread "Worker-2: Initialize Workspace"        [_thread_in_native, id=12504, stack(0x000000796e200000,0x000000796e300000) (1024K)]
  0x0000018df2cdaa60 JavaThread "Java indexing"              daemon [_thread_blocked, id=11112, stack(0x000000796e300000,0x000000796e400000) (1024K)]
  0x0000018df2cdb0f0 JavaThread "Worker-3"                          [_thread_blocked, id=24452, stack(0x000000796e400000,0x000000796e500000) (1024K)]
  0x0000018df4555600 JavaThread "Worker-4"                          [_thread_blocked, id=2108, stack(0x000000796e500000,0x000000796e600000) (1024K)]
  0x0000018df45583f0 JavaThread "Worker-5: Java indexing... "        [_thread_blocked, id=31720, stack(0x000000796e900000,0x000000796ea00000) (1024K)]
  0x0000018df45576d0 JavaThread "Thread-2"                   daemon [_thread_in_native, id=13744, stack(0x000000796ea00000,0x000000796eb00000) (1024K)]
  0x0000018df45569b0 JavaThread "Thread-3"                   daemon [_thread_in_native, id=17760, stack(0x000000796eb00000,0x000000796ec00000) (1024K)]
  0x0000018df4556320 JavaThread "Thread-4"                   daemon [_thread_in_native, id=11896, stack(0x000000796ec00000,0x000000796ed00000) (1024K)]
  0x0000018df4554f70 JavaThread "Thread-5"                   daemon [_thread_in_native, id=19920, stack(0x000000796ed00000,0x000000796ee00000) (1024K)]
  0x0000018df4557040 JavaThread "Thread-6"                   daemon [_thread_in_native, id=29576, stack(0x000000796ee00000,0x000000796ef00000) (1024K)]
  0x0000018df4557d60 JavaThread "Thread-7"                   daemon [_thread_in_native, id=4728, stack(0x000000796ef00000,0x000000796f000000) (1024K)]
  0x0000018df4558a80 JavaThread "Thread-8"                   daemon [_thread_in_native, id=4568, stack(0x000000796f000000,0x000000796f100000) (1024K)]
  0x0000018df4559110 JavaThread "Thread-9"                   daemon [_thread_in_native, id=3520, stack(0x000000796f100000,0x000000796f200000) (1024K)]
  0x0000018df4555c90 JavaThread "Thread-10"                  daemon [_thread_in_native, id=24172, stack(0x000000796f200000,0x000000796f300000) (1024K)]
  0x0000018df455bf00 JavaThread "Thread-11"                  daemon [_thread_in_native, id=12044, stack(0x000000796f300000,0x000000796f400000) (1024K)]
  0x0000018df455c590 JavaThread "Thread-12"                  daemon [_thread_in_native, id=1100, stack(0x000000796f400000,0x000000796f500000) (1024K)]
  0x0000018df455b870 JavaThread "Thread-13"                  daemon [_thread_in_native, id=7724, stack(0x000000796f500000,0x000000796f600000) (1024K)]
  0x0000018df455a4c0 JavaThread "Thread-14"                  daemon [_thread_in_native, id=25548, stack(0x000000796f600000,0x000000796f700000) (1024K)]
  0x0000018df45597a0 JavaThread "pool-2-thread-1"                   [_thread_blocked, id=23292, stack(0x000000796f700000,0x000000796f800000) (1024K)]
  0x0000018df4559e30 JavaThread "Worker-6"                          [_thread_blocked, id=16468, stack(0x000000796f800000,0x000000796f900000) (1024K)]
  0x0000018df455ab50 JavaThread "Worker-7"                          [_thread_blocked, id=26524, stack(0x000000796f900000,0x000000796fa00000) (1024K)]
  0x0000018df459e1d0 JavaThread "WorkspaceEventsHandler"            [_thread_blocked, id=19020, stack(0x000000796fb00000,0x000000796fc00000) (1024K)]
  0x0000018df459c790 JavaThread "pool-1-thread-1"                   [_thread_blocked, id=31108, stack(0x000000796fc00000,0x000000796fd00000) (1024K)]
  0x0000018df459ba70 JavaThread "LocalFile Deleter"          daemon [_thread_blocked, id=9656, stack(0x000000796ce00000,0x000000796cf00000) (1024K)]
  0x0000018df459db40 JavaThread "LocalFile Deleter"          daemon [_thread_blocked, id=3660, stack(0x000000796fd00000,0x000000796fe00000) (1024K)]
  0x0000018df459e860 JavaThread "LocalFile Deleter"          daemon [_thread_blocked, id=21988, stack(0x000000796fe00000,0x000000796ff00000) (1024K)]
  0x0000018df459ce20 JavaThread "LocalFile Deleter"          daemon [_thread_blocked, id=6756, stack(0x000000796ff00000,0x0000007970000000) (1024K)]
  0x0000018df459eef0 JavaThread "LocalFile Deleter"          daemon [_thread_blocked, id=1556, stack(0x0000007970000000,0x0000007970100000) (1024K)]
  0x0000018df459d4b0 JavaThread "LocalFile Deleter"          daemon [_thread_blocked, id=21156, stack(0x0000007970100000,0x0000007970200000) (1024K)]
  0x0000018df459c100 JavaThread "LocalFile Deleter"          daemon [_thread_blocked, id=7804, stack(0x0000007970200000,0x0000007970300000) (1024K)]
  0x0000018df45a2370 JavaThread "LocalFile Deleter"          daemon [_thread_blocked, id=22848, stack(0x0000007970300000,0x0000007970400000) (1024K)]
  0x0000018df459f580 JavaThread "LocalFile Deleter"          daemon [_thread_blocked, id=29228, stack(0x0000007970400000,0x0000007970500000) (1024K)]
  0x0000018df45a02a0 JavaThread "LocalFile Deleter"          daemon [_thread_blocked, id=31592, stack(0x0000007970500000,0x0000007970600000) (1024K)]
  0x0000018df45a1ce0 JavaThread "LocalFile Deleter"          daemon [_thread_blocked, id=936, stack(0x0000007970600000,0x0000007970700000) (1024K)]
  0x0000018df45a0930 JavaThread "LocalFile Deleter"          daemon [_thread_blocked, id=26680, stack(0x0000007970700000,0x0000007970800000) (1024K)]
  0x0000018df45a3090 JavaThread "Compiler Source File Reader" daemon [_thread_blocked, id=3560, stack(0x0000007970800000,0x0000007970900000) (1024K)]
  0x0000018df45a0fc0 JavaThread "Compiler Source File Reader" daemon [_thread_blocked, id=29376, stack(0x0000007970900000,0x0000007970a00000) (1024K)]
  0x0000018df459fc10 JavaThread "Compiler Source File Reader" daemon [_thread_blocked, id=25064, stack(0x0000007970a00000,0x0000007970b00000) (1024K)]
  0x0000018df45a1650 JavaThread "Compiler Source File Reader" daemon [_thread_blocked, id=2956, stack(0x0000007970b00000,0x0000007970c00000) (1024K)]
  0x0000018df2cdb780 JavaThread "Compiler Source File Reader" daemon [_thread_blocked, id=31060, stack(0x0000007970c00000,0x0000007970d00000) (1024K)]
  0x0000018df3315e10 JavaThread "Compiler Source File Reader" daemon [_thread_blocked, id=9664, stack(0x0000007970d00000,0x0000007970e00000) (1024K)]
  0x0000018df33143d0 JavaThread "Compiler Source File Reader" daemon [_thread_blocked, id=24272, stack(0x0000007970e00000,0x0000007970f00000) (1024K)]
  0x0000018df33164a0 JavaThread "Compiler Source File Reader" daemon [_thread_blocked, id=27048, stack(0x0000007970f00000,0x0000007971000000) (1024K)]
  0x0000018df3315780 JavaThread "Compiler Source File Reader" daemon [_thread_blocked, id=5612, stack(0x0000007971000000,0x0000007971100000) (1024K)]
  0x0000018df3316b30 JavaThread "Compiler Source File Reader" daemon [_thread_blocked, id=21488, stack(0x0000007971100000,0x0000007971200000) (1024K)]
  0x0000018df3317850 JavaThread "Compiler Processing Task"   daemon [_thread_blocked, id=11036, stack(0x0000007971200000,0x0000007971300000) (1024K)]
  0x0000018df33150f0 JavaThread "Compiler Class File Writer" daemon [_thread_blocked, id=13736, stack(0x0000007971300000,0x0000007971400000) (1024K)]
  0x0000018df3317ee0 JavaThread "Compiler Class File Writer" daemon [_thread_blocked, id=28640, stack(0x0000007971400000,0x0000007971500000) (1024K)]
  0x0000018df331b360 JavaThread "Compiler Class File Writer" daemon [_thread_blocked, id=18016, stack(0x0000007971500000,0x0000007971600000) (1024K)]
  0x0000018df3319fb0 JavaThread "Compiler Class File Writer" daemon [_thread_blocked, id=30324, stack(0x0000007971600000,0x0000007971700000) (1024K)]
  0x0000018df331acd0 JavaThread "Compiler Class File Writer" daemon [_thread_blocked, id=7676, stack(0x0000007971700000,0x0000007971800000) (1024K)]
  0x0000018df3318570 JavaThread "Compiler Class File Writer" daemon [_thread_blocked, id=19716, stack(0x0000007971800000,0x0000007971900000) (1024K)]
  0x0000018df3318c00 JavaThread "Compiler Class File Writer" daemon [_thread_blocked, id=16120, stack(0x0000007971900000,0x0000007971a00000) (1024K)]
  0x0000018df3319290 JavaThread "Compiler Class File Writer" daemon [_thread_blocked, id=14560, stack(0x0000007971a00000,0x0000007971b00000) (1024K)]
  0x0000018df331a640 JavaThread "Compiler Class File Writer" daemon [_thread_blocked, id=29216, stack(0x0000007971b00000,0x0000007971c00000) (1024K)]
  0x0000018df43db950 JavaThread "Compiler Class File Writer" daemon [_thread_blocked, id=29800, stack(0x0000007971c00000,0x0000007971d00000) (1024K)]
Total: 77

Other Threads:
  0x0000018debc44960 VMThread "VM Thread"                           [id=31780, stack(0x000000796c200000,0x000000796c300000) (1024K)]
  0x0000018debb3ca00 WatcherThread "VM Periodic Task Thread"        [id=26468, stack(0x000000796c100000,0x000000796c200000) (1024K)]
  0x0000018dd51dcd90 WorkerThread "GC Thread#0"                     [id=12224, stack(0x000000796c000000,0x000000796c100000) (1024K)]
  0x0000018df2600160 WorkerThread "GC Thread#1"                     [id=18936, stack(0x000000796cf00000,0x000000796d000000) (1024K)]
  0x0000018df2600500 WorkerThread "GC Thread#2"                     [id=7884, stack(0x000000796d000000,0x000000796d100000) (1024K)]
  0x0000018df24b0080 WorkerThread "GC Thread#3"                     [id=14400, stack(0x000000796d100000,0x000000796d200000) (1024K)]
  0x0000018df22cf170 WorkerThread "GC Thread#4"                     [id=1524, stack(0x000000796d200000,0x000000796d300000) (1024K)]
  0x0000018df22cf510 WorkerThread "GC Thread#5"                     [id=16580, stack(0x000000796d300000,0x000000796d400000) (1024K)]
  0x0000018df22cf8b0 WorkerThread "GC Thread#6"                     [id=15228, stack(0x000000796d400000,0x000000796d500000) (1024K)]
  0x0000018df2a7aa60 WorkerThread "GC Thread#7"                     [id=13132, stack(0x000000796d600000,0x000000796d700000) (1024K)]
  0x0000018df28bded0 WorkerThread "GC Thread#8"                     [id=15108, stack(0x000000796da00000,0x000000796db00000) (1024K)]
  0x0000018df2c4bbe0 WorkerThread "GC Thread#9"                     [id=3604, stack(0x000000796db00000,0x000000796dc00000) (1024K)]
Total: 12

Threads with active compile tasks:
C2 CompilerThread0  45177 14742   !   4       org.eclipse.jdt.internal.core.search.indexing.BinaryIndexer::indexDocument (1168 bytes)
Total: 1

VM state: at safepoint (normal execution)

VM Mutex/Monitor currently owned by a thread:  ([mutex/lock_event])
[0x00007ffda445e308] Threads_lock - owner thread: 0x0000018debc44960
[0x00007ffda445e408] Heap_lock - owner thread: 0x0000018df2cdaa60

Heap address: 0x0000000080000000, size: 2048 MB, Compressed Oops mode: 32-bit

CDS archive(s) mapped at: [0x0000018d80000000-0x0000018d80ba0000-0x0000018d80ba0000), size 12189696, SharedBaseAddress: 0x0000018d80000000, ArchiveRelocationMode: 1.
Compressed class space mapped at: 0x0000018d81000000-0x0000018dc1000000, reserved size: 1073741824
Narrow klass base: 0x0000018d80000000, Narrow klass shift: 0, Narrow klass range: 0x100000000

GC Precious Log:
 CardTable entry size: 512
 CPUs: 12 total, 12 available
 Memory: 6005M
 Large Page Support: Disabled
 NUMA Support: Disabled
 Compressed Oops: Enabled (32-bit)
 Alignments: Space 512K, Generation 512K, Heap 2M
 Heap Min Capacity: 100M
 Heap Initial Capacity: 100M
 Heap Max Capacity: 2G
 Pre-touch: Disabled
 Parallel Workers: 10

Heap:
 PSYoungGen      total 5632K, used 800K [0x00000000d5580000, 0x00000000d5c00000, 0x0000000100000000)
  eden space 4608K, 0% used [0x00000000d5580000,0x00000000d5580000,0x00000000d5a00000)
  from space 1024K, 78% used [0x00000000d5b00000,0x00000000d5bc8000,0x00000000d5c00000)
  to   space 1024K, 0% used [0x00000000d5a00000,0x00000000d5a00000,0x00000000d5b00000)
 ParOldGen       total 400896K, used 400486K [0x0000000080000000, 0x0000000098780000, 0x00000000d5580000)
  object space 400896K, 99% used [0x0000000080000000,0x0000000098719bd0,0x0000000098780000)
 Metaspace       used 69623K, committed 71232K, reserved 1114112K
  class space    used 7046K, committed 7808K, reserved 1048576K

Card table byte_map: [0x0000018dd4b90000,0x0000018dd4fa0000] _byte_map_base: 0x0000018dd4790000

Marking Bits: (ParMarkBitMap*) 0x00007ffda44631f0
 Begin Bits: [0x0000018de7660000, 0x0000018de9660000)
 End Bits:   [0x0000018de9660000, 0x0000018deb660000)

Polling page: 0x0000018dd4980000

Metaspace:

Usage:
  Non-class:     61.11 MB used.
      Class:      6.88 MB used.
       Both:     67.99 MB used.

Virtual space:
  Non-class space:       64.00 MB reserved,      61.94 MB ( 97%) committed,  1 nodes.
      Class space:        1.00 GB reserved,       7.62 MB ( <1%) committed,  1 nodes.
             Both:        1.06 GB reserved,      69.56 MB (  6%) committed. 

Chunk freelists:
   Non-Class:  1.23 MB
       Class:  8.42 MB
        Both:  9.65 MB

MaxMetaspaceSize: unlimited
CompressedClassSpaceSize: 1.00 GB
Initial GC threshold: 21.00 MB
Current GC threshold: 110.44 MB
CDS: on
 - commit_granule_bytes: 65536.
 - commit_granule_words: 8192.
 - virtual_space_node_default_size: 8388608.
 - enlarge_chunks_in_place: 1.
 - use_allocation_guard: 0.


Internal statistics:

num_allocs_failed_limit: 9.
num_arena_births: 1294.
num_arena_deaths: 14.
num_vsnodes_births: 2.
num_vsnodes_deaths: 0.
num_space_committed: 1113.
num_space_uncommitted: 0.
num_chunks_returned_to_freelist: 23.
num_chunks_taken_from_freelist: 4577.
num_chunk_merges: 13.
num_chunk_splits: 2694.
num_chunks_enlarged: 1380.
num_inconsistent_stats: 0.

CodeHeap 'non-profiled nmethods': size=120000Kb used=6652Kb max_used=6652Kb free=113347Kb
 bounds [0x0000018ddfe80000, 0x0000018de0500000, 0x0000018de73b0000]
CodeHeap 'profiled nmethods': size=120000Kb used=28984Kb max_used=28984Kb free=91015Kb
 bounds [0x0000018dd83b0000, 0x0000018dda010000, 0x0000018ddf8e0000]
CodeHeap 'non-nmethods': size=5760Kb used=1464Kb max_used=1516Kb free=4295Kb
 bounds [0x0000018ddf8e0000, 0x0000018ddfb50000, 0x0000018ddfe80000]
 total_blobs=14032 nmethods=13255 adapters=682
 compilation: enabled
              stopped_count=0, restarted_count=0
 full_count=0

Compilation events (20 events):
Event: 41.725 Thread 0x0000018dd526f800 nmethod 15058 0x0000018dd9fe3390 code [0x0000018dd9fe3520, 0x0000018dd9fe3640]
Event: 41.725 Thread 0x0000018dd526f800 15059       2       org.eclipse.osgi.internal.framework.EquinoxBundle$1::run (5 bytes)
Event: 41.725 Thread 0x0000018dd526f800 nmethod 15059 0x0000018dd9fe3710 code [0x0000018dd9fe38c0, 0x0000018dd9fe39e8]
Event: 41.725 Thread 0x0000018dd526f800 15060   !   2       org.eclipse.osgi.internal.framework.EquinoxBundle::loadClass (201 bytes)
Event: 41.730 Thread 0x0000018dd526f800 nmethod 15060 0x0000018dd9fe3a90 code [0x0000018dd9fe3da0, 0x0000018dd9fe48d8]
Event: 41.730 Thread 0x0000018dd526f800 15061       2       java.util.AbstractList::listIterator (15 bytes)
Event: 41.731 Thread 0x0000018dd526f800 nmethod 15061 0x0000018dd9fe5210 code [0x0000018dd9fe53e0, 0x0000018dd9fe56f0]
Event: 41.731 Thread 0x0000018dd526f800 15063  s    2       org.eclipse.core.internal.registry.RegistryObjectManager::getContributor (39 bytes)
Event: 41.732 Thread 0x0000018dd526f800 nmethod 15063 0x0000018dd9fe5890 code [0x0000018dd9fe5a80, 0x0000018dd9fe5e48]
Event: 41.732 Thread 0x0000018dd526f800 15062       2       java.util.AbstractList::rangeCheckForAdd (26 bytes)
Event: 41.733 Thread 0x0000018dd526f800 nmethod 15062 0x0000018dd9fe5f90 code [0x0000018dd9fe61c0, 0x0000018dd9fe6618]
Event: 42.725 Thread 0x0000018dd526f800 15065       3       org.eclipse.core.internal.events.ResourceComparator::compare (380 bytes)
Event: 44.047 Thread 0x0000018dd526f800 nmethod 15065 0x0000018dd9fe6890 code [0x0000018dd9fe6ce0, 0x0000018dd9fea160]
Event: 44.047 Thread 0x0000018dd526f800 15070       3       org.eclipse.jdt.internal.core.ClasspathAttribute::hashCode (18 bytes)
Event: 44.048 Thread 0x0000018dd526f800 nmethod 15070 0x0000018dd9feab10 code [0x0000018dd9feace0, 0x0000018dd9feaed0]
Event: 44.048 Thread 0x0000018dd526f800 15072       3       org.eclipse.jdt.internal.core.JarPackageFragmentRoot::resource (15 bytes)
Event: 44.048 Thread 0x0000018dd526f800 nmethod 15072 0x0000018dd9feb010 code [0x0000018dd9feb1c0, 0x0000018dd9feb390]
Event: 44.048 Thread 0x0000018dd526f800 15067       2       org.eclipse.core.internal.resources.MarkerManager::recursiveFindMarkers (146 bytes)
Event: 44.050 Thread 0x0000018dd526f800 nmethod 15067 0x0000018dd9feb490 code [0x0000018dd9feb6e0, 0x0000018dd9febd98]
Event: 44.050 Thread 0x0000018dd526f800 15074   !   3       org.eclipse.jdt.internal.compiler.classfmt.ClassFileReader::<init> (2135 bytes)

GC Heap History (20 events):
Event: 40.807 GC heap after
{Heap after GC invocations=547 (full 4):
 PSYoungGen      total 4608K, used 608K [0x00000000d5580000, 0x00000000d5b00000, 0x0000000100000000)
  eden space 3584K, 0% used [0x00000000d5580000,0x00000000d5580000,0x00000000d5900000)
  from space 1024K, 59% used [0x00000000d5900000,0x00000000d5998000,0x00000000d5a00000)
  to   space 1024K, 0% used [0x00000000d5a00000,0x00000000d5a00000,0x00000000d5b00000)
 ParOldGen       total 394752K, used 394427K [0x0000000080000000, 0x0000000098180000, 0x00000000d5580000)
  object space 394752K, 99% used [0x0000000080000000,0x000000009812ef68,0x0000000098180000)
 Metaspace       used 69099K, committed 70656K, reserved 1114112K
  class space    used 7003K, committed 7744K, reserved 1048576K
}
Event: 40.888 GC heap before
{Heap before GC invocations=548 (full 4):
 PSYoungGen      total 4608K, used 4192K [0x00000000d5580000, 0x00000000d5b00000, 0x0000000100000000)
  eden space 3584K, 100% used [0x00000000d5580000,0x00000000d5900000,0x00000000d5900000)
  from space 1024K, 59% used [0x00000000d5900000,0x00000000d5998000,0x00000000d5a00000)
  to   space 1024K, 0% used [0x00000000d5a00000,0x00000000d5a00000,0x00000000d5b00000)
 ParOldGen       total 394752K, used 394427K [0x0000000080000000, 0x0000000098180000, 0x00000000d5580000)
  object space 394752K, 99% used [0x0000000080000000,0x000000009812ef68,0x0000000098180000)
 Metaspace       used 69219K, committed 70784K, reserved 1114112K
  class space    used 7007K, committed 7744K, reserved 1048576K
}
Event: 40.892 GC heap after
{Heap after GC invocations=548 (full 4):
 PSYoungGen      total 4608K, used 634K [0x00000000d5580000, 0x00000000d5b00000, 0x0000000100000000)
  eden space 3584K, 0% used [0x00000000d5580000,0x00000000d5580000,0x00000000d5900000)
  from space 1024K, 61% used [0x00000000d5a00000,0x00000000d5a9e8c8,0x00000000d5b00000)
  to   space 1024K, 0% used [0x00000000d5900000,0x00000000d5900000,0x00000000d5a00000)
 ParOldGen       total 395264K, used 394843K [0x0000000080000000, 0x0000000098200000, 0x00000000d5580000)
  object space 395264K, 99% used [0x0000000080000000,0x0000000098196f68,0x0000000098200000)
 Metaspace       used 69219K, committed 70784K, reserved 1114112K
  class space    used 7007K, committed 7744K, reserved 1048576K
}
Event: 40.939 GC heap before
{Heap before GC invocations=549 (full 4):
 PSYoungGen      total 4608K, used 4217K [0x00000000d5580000, 0x00000000d5b00000, 0x0000000100000000)
  eden space 3584K, 99% used [0x00000000d5580000,0x00000000d58ffd28,0x00000000d5900000)
  from space 1024K, 61% used [0x00000000d5a00000,0x00000000d5a9e8c8,0x00000000d5b00000)
  to   space 1024K, 0% used [0x00000000d5900000,0x00000000d5900000,0x00000000d5a00000)
 ParOldGen       total 395264K, used 394843K [0x0000000080000000, 0x0000000098200000, 0x00000000d5580000)
  object space 395264K, 99% used [0x0000000080000000,0x0000000098196f68,0x0000000098200000)
 Metaspace       used 69355K, committed 70912K, reserved 1114112K
  class space    used 7022K, committed 7744K, reserved 1048576K
}
Event: 40.944 GC heap after
{Heap after GC invocations=549 (full 4):
 PSYoungGen      total 4608K, used 728K [0x00000000d5580000, 0x00000000d5b00000, 0x0000000100000000)
  eden space 3584K, 0% used [0x00000000d5580000,0x00000000d5580000,0x00000000d5900000)
  from space 1024K, 71% used [0x00000000d5900000,0x00000000d59b6008,0x00000000d5a00000)
  to   space 1024K, 0% used [0x00000000d5a00000,0x00000000d5a00000,0x00000000d5b00000)
 ParOldGen       total 395776K, used 395306K [0x0000000080000000, 0x0000000098280000, 0x00000000d5580000)
  object space 395776K, 99% used [0x0000000080000000,0x000000009820a9d8,0x0000000098280000)
 Metaspace       used 69355K, committed 70912K, reserved 1114112K
  class space    used 7022K, committed 7744K, reserved 1048576K
}
Event: 40.991 GC heap before
{Heap before GC invocations=550 (full 4):
 PSYoungGen      total 4608K, used 4312K [0x00000000d5580000, 0x00000000d5b00000, 0x0000000100000000)
  eden space 3584K, 100% used [0x00000000d5580000,0x00000000d5900000,0x00000000d5900000)
  from space 1024K, 71% used [0x00000000d5900000,0x00000000d59b6008,0x00000000d5a00000)
  to   space 1024K, 0% used [0x00000000d5a00000,0x00000000d5a00000,0x00000000d5b00000)
 ParOldGen       total 395776K, used 395306K [0x0000000080000000, 0x0000000098280000, 0x00000000d5580000)
  object space 395776K, 99% used [0x0000000080000000,0x000000009820a9d8,0x0000000098280000)
 Metaspace       used 69479K, committed 71040K, reserved 1114112K
  class space    used 7034K, committed 7744K, reserved 1048576K
}
Event: 40.996 GC heap after
{Heap after GC invocations=550 (full 4):
 PSYoungGen      total 4608K, used 592K [0x00000000d5580000, 0x00000000d5b00000, 0x0000000100000000)
  eden space 3584K, 0% used [0x00000000d5580000,0x00000000d5580000,0x00000000d5900000)
  from space 1024K, 57% used [0x00000000d5a00000,0x00000000d5a94010,0x00000000d5b00000)
  to   space 1024K, 0% used [0x00000000d5900000,0x00000000d5900000,0x00000000d5a00000)
 ParOldGen       total 396288K, used 395882K [0x0000000080000000, 0x0000000098300000, 0x00000000d5580000)
  object space 396288K, 99% used [0x0000000080000000,0x000000009829aa00,0x0000000098300000)
 Metaspace       used 69479K, committed 71040K, reserved 1114112K
  class space    used 7034K, committed 7744K, reserved 1048576K
}
Event: 41.099 GC heap before
{Heap before GC invocations=551 (full 4):
 PSYoungGen      total 4608K, used 4176K [0x00000000d5580000, 0x00000000d5b00000, 0x0000000100000000)
  eden space 3584K, 100% used [0x00000000d5580000,0x00000000d5900000,0x00000000d5900000)
  from space 1024K, 57% used [0x00000000d5a00000,0x00000000d5a94010,0x00000000d5b00000)
  to   space 1024K, 0% used [0x00000000d5900000,0x00000000d5900000,0x00000000d5a00000)
 ParOldGen       total 396288K, used 395882K [0x0000000080000000, 0x0000000098300000, 0x00000000d5580000)
  object space 396288K, 99% used [0x0000000080000000,0x000000009829aa00,0x0000000098300000)
 Metaspace       used 69495K, committed 71040K, reserved 1114112K
  class space    used 7035K, committed 7744K, reserved 1048576K
}
Event: 41.102 GC heap after
{Heap after GC invocations=551 (full 4):
 PSYoungGen      total 4608K, used 544K [0x00000000d5580000, 0x00000000d5b00000, 0x0000000100000000)
  eden space 3584K, 0% used [0x00000000d5580000,0x00000000d5580000,0x00000000d5900000)
  from space 1024K, 53% used [0x00000000d5900000,0x00000000d5988000,0x00000000d5a00000)
  to   space 1024K, 0% used [0x00000000d5a00000,0x00000000d5a00000,0x00000000d5b00000)
 ParOldGen       total 396288K, used 396258K [0x0000000080000000, 0x0000000098300000, 0x00000000d5580000)
  object space 396288K, 99% used [0x0000000080000000,0x00000000982f8a10,0x0000000098300000)
 Metaspace       used 69495K, committed 71040K, reserved 1114112K
  class space    used 7035K, committed 7744K, reserved 1048576K
}
Event: 41.250 GC heap before
{Heap before GC invocations=552 (full 4):
 PSYoungGen      total 4608K, used 4128K [0x00000000d5580000, 0x00000000d5b00000, 0x0000000100000000)
  eden space 3584K, 100% used [0x00000000d5580000,0x00000000d5900000,0x00000000d5900000)
  from space 1024K, 53% used [0x00000000d5900000,0x00000000d5988000,0x00000000d5a00000)
  to   space 1024K, 0% used [0x00000000d5a00000,0x00000000d5a00000,0x00000000d5b00000)
 ParOldGen       total 396288K, used 396258K [0x0000000080000000, 0x0000000098300000, 0x00000000d5580000)
  object space 396288K, 99% used [0x0000000080000000,0x00000000982f8a10,0x0000000098300000)
 Metaspace       used 69505K, committed 71040K, reserved 1114112K
  class space    used 7036K, committed 7744K, reserved 1048576K
}
Event: 41.253 GC heap after
{Heap after GC invocations=552 (full 4):
 PSYoungGen      total 4608K, used 608K [0x00000000d5580000, 0x00000000d5b00000, 0x0000000100000000)
  eden space 3584K, 0% used [0x00000000d5580000,0x00000000d5580000,0x00000000d5900000)
  from space 1024K, 59% used [0x00000000d5a00000,0x00000000d5a98000,0x00000000d5b00000)
  to   space 1024K, 0% used [0x00000000d5900000,0x00000000d5900000,0x00000000d5a00000)
 ParOldGen       total 396800K, used 396634K [0x0000000080000000, 0x0000000098380000, 0x00000000d5580000)
  object space 396800K, 99% used [0x0000000080000000,0x0000000098356a10,0x0000000098380000)
 Metaspace       used 69505K, committed 71040K, reserved 1114112K
  class space    used 7036K, committed 7744K, reserved 1048576K
}
Event: 41.325 GC heap before
{Heap before GC invocations=553 (full 4):
 PSYoungGen      total 4608K, used 4192K [0x00000000d5580000, 0x00000000d5b00000, 0x0000000100000000)
  eden space 3584K, 100% used [0x00000000d5580000,0x00000000d5900000,0x00000000d5900000)
  from space 1024K, 59% used [0x00000000d5a00000,0x00000000d5a98000,0x00000000d5b00000)
  to   space 1024K, 0% used [0x00000000d5900000,0x00000000d5900000,0x00000000d5a00000)
 ParOldGen       total 396800K, used 396634K [0x0000000080000000, 0x0000000098380000, 0x00000000d5580000)
  object space 396800K, 99% used [0x0000000080000000,0x0000000098356a10,0x0000000098380000)
 Metaspace       used 69517K, committed 71040K, reserved 1114112K
  class space    used 7036K, committed 7744K, reserved 1048576K
}
Event: 41.329 GC heap after
{Heap after GC invocations=553 (full 4):
 PSYoungGen      total 4608K, used 544K [0x00000000d5580000, 0x00000000d5b00000, 0x0000000100000000)
  eden space 3584K, 0% used [0x00000000d5580000,0x00000000d5580000,0x00000000d5900000)
  from space 1024K, 53% used [0x00000000d5900000,0x00000000d5988000,0x00000000d5a00000)
  to   space 1024K, 0% used [0x00000000d5a00000,0x00000000d5a00000,0x00000000d5b00000)
 ParOldGen       total 397312K, used 397018K [0x0000000080000000, 0x0000000098400000, 0x00000000d5580000)
  object space 397312K, 99% used [0x0000000080000000,0x00000000983b6a10,0x0000000098400000)
 Metaspace       used 69517K, committed 71040K, reserved 1114112K
  class space    used 7036K, committed 7744K, reserved 1048576K
}
Event: 41.424 GC heap before
{Heap before GC invocations=554 (full 4):
 PSYoungGen      total 4608K, used 4127K [0x00000000d5580000, 0x00000000d5b00000, 0x0000000100000000)
  eden space 3584K, 99% used [0x00000000d5580000,0x00000000d58ffff8,0x00000000d5900000)
  from space 1024K, 53% used [0x00000000d5900000,0x00000000d5988000,0x00000000d5a00000)
  to   space 1024K, 0% used [0x00000000d5a00000,0x00000000d5a00000,0x00000000d5b00000)
 ParOldGen       total 397312K, used 397018K [0x0000000080000000, 0x0000000098400000, 0x00000000d5580000)
  object space 397312K, 99% used [0x0000000080000000,0x00000000983b6a10,0x0000000098400000)
 Metaspace       used 69523K, committed 71040K, reserved 1114112K
  class space    used 7036K, committed 7744K, reserved 1048576K
}
Event: 41.426 GC heap after
{Heap after GC invocations=554 (full 4):
 PSYoungGen      total 4608K, used 608K [0x00000000d5580000, 0x00000000d5b00000, 0x0000000100000000)
  eden space 3584K, 0% used [0x00000000d5580000,0x00000000d5580000,0x00000000d5900000)
  from space 1024K, 59% used [0x00000000d5a00000,0x00000000d5a98000,0x00000000d5b00000)
  to   space 1024K, 0% used [0x00000000d5900000,0x00000000d5900000,0x00000000d5a00000)
 ParOldGen       total 397824K, used 397402K [0x0000000080000000, 0x0000000098480000, 0x00000000d5580000)
  object space 397824K, 99% used [0x0000000080000000,0x0000000098416a10,0x0000000098480000)
 Metaspace       used 69523K, committed 71040K, reserved 1114112K
  class space    used 7036K, committed 7744K, reserved 1048576K
}
Event: 41.579 GC heap before
{Heap before GC invocations=555 (full 4):
 PSYoungGen      total 4608K, used 4192K [0x00000000d5580000, 0x00000000d5b00000, 0x0000000100000000)
  eden space 3584K, 100% used [0x00000000d5580000,0x00000000d5900000,0x00000000d5900000)
  from space 1024K, 59% used [0x00000000d5a00000,0x00000000d5a98000,0x00000000d5b00000)
  to   space 1024K, 0% used [0x00000000d5900000,0x00000000d5900000,0x00000000d5a00000)
 ParOldGen       total 397824K, used 397402K [0x0000000080000000, 0x0000000098480000, 0x00000000d5580000)
  object space 397824K, 99% used [0x0000000080000000,0x0000000098416a10,0x0000000098480000)
 Metaspace       used 69537K, committed 71168K, reserved 1114112K
  class space    used 7036K, committed 7808K, reserved 1048576K
}
Event: 41.584 GC heap after
{Heap after GC invocations=555 (full 4):
 PSYoungGen      total 4608K, used 1020K [0x00000000d5580000, 0x00000000d5e00000, 0x0000000100000000)
  eden space 3584K, 0% used [0x00000000d5580000,0x00000000d5580000,0x00000000d5900000)
  from space 1024K, 99% used [0x00000000d5900000,0x00000000d59ff000,0x00000000d5a00000)
  to   space 2560K, 0% used [0x00000000d5b80000,0x00000000d5b80000,0x00000000d5e00000)
 ParOldGen       total 398336K, used 398246K [0x0000000080000000, 0x0000000098500000, 0x00000000d5580000)
  object space 398336K, 99% used [0x0000000080000000,0x00000000984e9b28,0x0000000098500000)
 Metaspace       used 69537K, committed 71168K, reserved 1114112K
  class space    used 7036K, committed 7808K, reserved 1048576K
}
Event: 43.039 GC heap before
{Heap before GC invocations=556 (full 4):
 PSYoungGen      total 4608K, used 4604K [0x00000000d5580000, 0x00000000d5e00000, 0x0000000100000000)
  eden space 3584K, 100% used [0x00000000d5580000,0x00000000d5900000,0x00000000d5900000)
  from space 1024K, 99% used [0x00000000d5900000,0x00000000d59ff000,0x00000000d5a00000)
  to   space 2560K, 0% used [0x00000000d5b80000,0x00000000d5b80000,0x00000000d5e00000)
 ParOldGen       total 398336K, used 398246K [0x0000000080000000, 0x0000000098500000, 0x00000000d5580000)
  object space 398336K, 99% used [0x0000000080000000,0x00000000984e9b28,0x0000000098500000)
 Metaspace       used 69565K, committed 71168K, reserved 1114112K
  class space    used 7039K, committed 7808K, reserved 1048576K
}
Event: 44.043 GC heap after
{Heap after GC invocations=556 (full 4):
 PSYoungGen      total 5120K, used 1293K [0x00000000d5580000, 0x00000000d5d00000, 0x0000000100000000)
  eden space 3584K, 0% used [0x00000000d5580000,0x00000000d5580000,0x00000000d5900000)
  from space 1536K, 84% used [0x00000000d5b80000,0x00000000d5cc3550,0x00000000d5d00000)
  to   space 1536K, 0% used [0x00000000d5a00000,0x00000000d5a00000,0x00000000d5b80000)
 ParOldGen       total 398848K, used 398816K [0x0000000080000000, 0x0000000098580000, 0x00000000d5580000)
  object space 398848K, 99% used [0x0000000080000000,0x00000000985781d0,0x0000000098580000)
 Metaspace       used 69565K, committed 71168K, reserved 1114112K
  class space    used 7039K, committed 7808K, reserved 1048576K
}
Event: 44.118 GC heap before
{Heap before GC invocations=557 (full 4):
 PSYoungGen      total 5120K, used 4877K [0x00000000d5580000, 0x00000000d5d00000, 0x0000000100000000)
  eden space 3584K, 100% used [0x00000000d5580000,0x00000000d5900000,0x00000000d5900000)
  from space 1536K, 84% used [0x00000000d5b80000,0x00000000d5cc3550,0x00000000d5d00000)
  to   space 1536K, 0% used [0x00000000d5a00000,0x00000000d5a00000,0x00000000d5b80000)
 ParOldGen       total 398848K, used 398816K [0x0000000080000000, 0x0000000098580000, 0x00000000d5580000)
  object space 398848K, 99% used [0x0000000080000000,0x00000000985781d0,0x0000000098580000)
 Metaspace       used 69584K, committed 71168K, reserved 1114112K
  class space    used 7042K, committed 7808K, reserved 1048576K
}

Dll operation events (12 events):
Event: 0.044 Loaded shared library c:\Users\Admin\.vscode\extensions\redhat.java-1.43.1-win32-x64\jre\21.0.7-win32-x86_64\bin\java.dll
Event: 0.285 Loaded shared library c:\Users\Admin\.vscode\extensions\redhat.java-1.43.1-win32-x64\jre\21.0.7-win32-x86_64\bin\zip.dll
Event: 0.345 Loaded shared library C:\Users\Admin\.vscode\extensions\redhat.java-1.43.1-win32-x64\jre\21.0.7-win32-x86_64\bin\instrument.dll
Event: 0.359 Loaded shared library C:\Users\Admin\.vscode\extensions\redhat.java-1.43.1-win32-x64\jre\21.0.7-win32-x86_64\bin\net.dll
Event: 0.364 Loaded shared library C:\Users\Admin\.vscode\extensions\redhat.java-1.43.1-win32-x64\jre\21.0.7-win32-x86_64\bin\nio.dll
Event: 0.373 Loaded shared library C:\Users\Admin\.vscode\extensions\redhat.java-1.43.1-win32-x64\jre\21.0.7-win32-x86_64\bin\zip.dll
Event: 0.423 Loaded shared library C:\Users\Admin\.vscode\extensions\redhat.java-1.43.1-win32-x64\jre\21.0.7-win32-x86_64\bin\jimage.dll
Event: 0.599 Loaded shared library c:\Users\Admin\.vscode\extensions\redhat.java-1.43.1-win32-x64\jre\21.0.7-win32-x86_64\bin\verify.dll
Event: 2.700 Loaded shared library C:\Users\Admin\AppData\Roaming\Code\User\globalStorage\redhat.java\1.43.1\config_win\org.eclipse.equinox.launcher\org.eclipse.equinox.launcher.win32.win32.x86_64_1.2.1300.v20250331-1702\eclipse_11911.dll
Event: 5.379 Loaded shared library C:\Users\Admin\AppData\Local\Temp\jna-63116079\jna10941590365045888806.dll
Event: 9.467 Loaded shared library C:\Users\Admin\.vscode\extensions\redhat.java-1.43.1-win32-x64\jre\21.0.7-win32-x86_64\bin\sunmscapi.dll
Event: 9.691 Loaded shared library C:\Users\Admin\.vscode\extensions\redhat.java-1.43.1-win32-x64\jre\21.0.7-win32-x86_64\bin\extnet.dll

Deoptimization events (20 events):
Event: 41.039 Thread 0x0000018df2cda3d0 Uncommon trap: trap_request=0xffffff45 fr.pc=0x0000018de00dc3f4 relative=0x0000000000000294
Event: 41.039 Thread 0x0000018df2cda3d0 Uncommon trap: reason=unstable_if action=reinterpret pc=0x0000018de00dc3f4 method=java.io.WinNTFileSystem.prefixLength(Ljava/lang/String;)I @ 11 c2
Event: 41.039 Thread 0x0000018df2cda3d0 DEOPT PACKING pc=0x0000018de00dc3f4 sp=0x000000796e2fd590
Event: 41.039 Thread 0x0000018df2cda3d0 DEOPT UNPACKING pc=0x0000018ddf933aa2 sp=0x000000796e2fd520 mode 2
Event: 41.114 Thread 0x0000018df2cdaa60 DEOPT PACKING pc=0x0000018dd878759a sp=0x000000796e3fef80
Event: 41.114 Thread 0x0000018df2cdaa60 DEOPT UNPACKING pc=0x0000018ddf934242 sp=0x000000796e3fe398 mode 0
Event: 41.161 Thread 0x0000018df2cdaa60 DEOPT PACKING pc=0x0000018dd9f3d4a3 sp=0x000000796e3ff110
Event: 41.161 Thread 0x0000018df2cdaa60 DEOPT UNPACKING pc=0x0000018ddf934242 sp=0x000000796e3fe690 mode 0
Event: 41.289 Thread 0x0000018df2cdaa60 DEOPT PACKING pc=0x0000018dd878759a sp=0x000000796e3fef80
Event: 41.289 Thread 0x0000018df2cdaa60 DEOPT UNPACKING pc=0x0000018ddf934242 sp=0x000000796e3fe398 mode 0
Event: 41.351 Thread 0x0000018df2cdaa60 DEOPT PACKING pc=0x0000018dd9f3d4a3 sp=0x000000796e3ff110
Event: 41.351 Thread 0x0000018df2cdaa60 DEOPT UNPACKING pc=0x0000018ddf934242 sp=0x000000796e3fe690 mode 0
Event: 41.358 Thread 0x0000018df2cdaa60 DEOPT PACKING pc=0x0000018dd878759a sp=0x000000796e3fef80
Event: 41.358 Thread 0x0000018df2cdaa60 DEOPT UNPACKING pc=0x0000018ddf934242 sp=0x000000796e3fe398 mode 0
Event: 41.392 Thread 0x0000018df2cdaa60 Uncommon trap: trap_request=0xffffff45 fr.pc=0x0000018de019fec4 relative=0x0000000000006f84
Event: 41.395 Thread 0x0000018df2cdaa60 Uncommon trap: reason=unstable_if action=reinterpret pc=0x0000018de019fec4 method=org.eclipse.jdt.internal.compiler.classfmt.ClassFileReader.<init>([B[CZ)V @ 1364 c2
Event: 41.395 Thread 0x0000018df2cdaa60 DEOPT PACKING pc=0x0000018de019fec4 sp=0x000000796e3ff180
Event: 41.398 Thread 0x0000018df2cdaa60 DEOPT UNPACKING pc=0x0000018ddf933aa2 sp=0x000000796e3ff130 mode 2
Event: 44.099 Thread 0x0000018df2cdaa60 DEOPT PACKING pc=0x0000018dd878759a sp=0x000000796e3fef80
Event: 44.099 Thread 0x0000018df2cdaa60 DEOPT UNPACKING pc=0x0000018ddf934242 sp=0x000000796e3fe398 mode 0

Classes loaded (20 events):
Event: 36.507 Loading class sun/nio/cs/ISO_8859_1$Decoder
Event: 36.525 Loading class sun/nio/cs/ISO_8859_1$Decoder done
Event: 39.026 Loading class sun/nio/fs/WindowsFileCopy
Event: 39.030 Loading class sun/nio/fs/WindowsFileCopy done
Event: 39.283 Loading class java/util/stream/DistinctOps
Event: 39.337 Loading class java/util/stream/DistinctOps done
Event: 39.337 Loading class java/util/stream/DistinctOps$1
Event: 39.343 Loading class java/util/stream/DistinctOps$1 done
Event: 39.362 Loading class java/util/stream/DistinctOps$1$2
Event: 39.363 Loading class java/util/stream/DistinctOps$1$2 done
Event: 39.868 Loading class sun/security/ssl/Alert
Event: 39.871 Loading class sun/security/ssl/Alert done
Event: 39.872 Loading class sun/security/ssl/Alert$AlertConsumer
Event: 39.874 Loading class sun/security/ssl/Alert$AlertConsumer done
Event: 39.874 Loading class sun/security/ssl/Alert$Level
Event: 39.875 Loading class sun/security/ssl/Alert$Level done
Event: 40.965 Loading class java/io/CharArrayWriter
Event: 40.965 Loading class java/io/CharArrayWriter done
Event: 41.003 Loading class java/nio/file/attribute/PosixFileAttributes
Event: 41.004 Loading class java/nio/file/attribute/PosixFileAttributes done

Classes unloaded (7 events):
Event: 6.429 Thread 0x0000018debc44960 Unloading class 0x0000018d811a4800 'java/lang/invoke/LambdaForm$MH+0x0000018d811a4800'
Event: 6.430 Thread 0x0000018debc44960 Unloading class 0x0000018d811a4400 'java/lang/invoke/LambdaForm$MH+0x0000018d811a4400'
Event: 6.430 Thread 0x0000018debc44960 Unloading class 0x0000018d811a4000 'java/lang/invoke/LambdaForm$MH+0x0000018d811a4000'
Event: 6.430 Thread 0x0000018debc44960 Unloading class 0x0000018d811a3c00 'java/lang/invoke/LambdaForm$MH+0x0000018d811a3c00'
Event: 6.430 Thread 0x0000018debc44960 Unloading class 0x0000018d811a3800 'java/lang/invoke/LambdaForm$BMH+0x0000018d811a3800'
Event: 6.430 Thread 0x0000018debc44960 Unloading class 0x0000018d811a3400 'java/lang/invoke/LambdaForm$DMH+0x0000018d811a3400'
Event: 6.430 Thread 0x0000018debc44960 Unloading class 0x0000018d811a2000 'java/lang/invoke/LambdaForm$DMH+0x0000018d811a2000'

Classes redefined (0 events):
No events

Internal exceptions (20 events):
Event: 39.550 Thread 0x0000018df2cda3d0 Exception <a 'java/lang/NoSuchMethodError'{0x00000000d58afa68}: 'java.lang.Object java.lang.invoke.DirectMethodHandle$Holder.newInvokeSpecial(java.lang.Object, java.lang.Object, int)'> (0x00000000d58afa68) 
thrown [s\src\hotspot\share\interpreter\linkResolver.cpp, line 773]
Event: 39.607 Thread 0x0000018df2cda3d0 Exception <a 'java/lang/NoSuchMethodError'{0x00000000d576ccd0}: 'void java.lang.invoke.DirectMethodHandle$Holder.invokeStatic(java.lang.Object, int)'> (0x00000000d576ccd0) 
thrown [s\src\hotspot\share\interpreter\linkResolver.cpp, line 773]
Event: 39.925 Thread 0x0000018df2cda3d0 Exception <a 'java/io/FileNotFoundException'{0x00000000d559bb10}> (0x00000000d559bb10) 
thrown [s\src\hotspot\share\prims\jni.cpp, line 520]
Event: 39.926 Thread 0x0000018df2cda3d0 Exception <a 'java/io/FileNotFoundException'{0x00000000d559cda8}> (0x00000000d559cda8) 
thrown [s\src\hotspot\share\prims\jni.cpp, line 520]
Event: 39.929 Thread 0x0000018df2cda3d0 Exception <a 'java/io/FileNotFoundException'{0x00000000d55fd290}> (0x00000000d55fd290) 
thrown [s\src\hotspot\share\prims\jni.cpp, line 520]
Event: 40.315 Thread 0x0000018df2cda3d0 Implicit null exception at 0x0000018de0017e9f to 0x0000018de0018b4c
Event: 41.049 Thread 0x0000018df2cda3d0 Exception <a 'sun/nio/fs/WindowsException'{0x00000000d577a548}> (0x00000000d577a548) 
thrown [s\src\hotspot\share\prims\jni.cpp, line 520]
Event: 41.065 Thread 0x0000018df2cda3d0 Exception <a 'sun/nio/fs/WindowsException'{0x00000000d577c968}> (0x00000000d577c968) 
thrown [s\src\hotspot\share\prims\jni.cpp, line 520]
Event: 41.071 Thread 0x0000018df2cda3d0 Exception <a 'sun/nio/fs/WindowsException'{0x00000000d582c118}> (0x00000000d582c118) 
thrown [s\src\hotspot\share\prims\jni.cpp, line 520]
Event: 41.097 Thread 0x0000018df2cda3d0 Exception <a 'sun/nio/fs/WindowsException'{0x00000000d582e4d0}> (0x00000000d582e4d0) 
thrown [s\src\hotspot\share\prims\jni.cpp, line 520]
Event: 41.106 Thread 0x0000018df2cda3d0 Exception <a 'sun/nio/fs/WindowsException'{0x00000000d5585f78}> (0x00000000d5585f78) 
thrown [s\src\hotspot\share\prims\jni.cpp, line 520]
Event: 41.119 Thread 0x0000018df2cda3d0 Exception <a 'sun/nio/fs/WindowsException'{0x00000000d5638030}> (0x00000000d5638030) 
thrown [s\src\hotspot\share\prims\jni.cpp, line 520]
Event: 41.134 Thread 0x0000018df2cda3d0 Exception <a 'sun/nio/fs/WindowsException'{0x00000000d563a2d0}> (0x00000000d563a2d0) 
thrown [s\src\hotspot\share\prims\jni.cpp, line 520]
Event: 41.145 Thread 0x0000018df2cda3d0 Exception <a 'sun/nio/fs/WindowsException'{0x00000000d5694630}> (0x00000000d5694630) 
thrown [s\src\hotspot\share\prims\jni.cpp, line 520]
Event: 41.153 Thread 0x0000018df2cda3d0 Exception <a 'sun/nio/fs/WindowsException'{0x00000000d5696978}> (0x00000000d5696978) 
thrown [s\src\hotspot\share\prims\jni.cpp, line 520]
Event: 41.159 Thread 0x0000018df2cda3d0 Exception <a 'sun/nio/fs/WindowsException'{0x00000000d56cc9d8}> (0x00000000d56cc9d8) 
thrown [s\src\hotspot\share\prims\jni.cpp, line 520]
Event: 41.166 Thread 0x0000018df2cda3d0 Exception <a 'sun/nio/fs/WindowsException'{0x00000000d56ced30}> (0x00000000d56ced30) 
thrown [s\src\hotspot\share\prims\jni.cpp, line 520]
Event: 41.175 Thread 0x0000018df2cda3d0 Exception <a 'sun/nio/fs/WindowsException'{0x00000000d5785ea8}> (0x00000000d5785ea8) 
thrown [s\src\hotspot\share\prims\jni.cpp, line 520]
Event: 41.183 Thread 0x0000018df2cda3d0 Exception <a 'sun/nio/fs/WindowsException'{0x00000000d5788318}> (0x00000000d5788318) 
thrown [s\src\hotspot\share\prims\jni.cpp, line 520]
Event: 41.745 Thread 0x0000018df2cdaa60 Exception <a 'sun/nio/fs/WindowsException'{0x00000000d57e23d0}> (0x00000000d57e23d0) 
thrown [s\src\hotspot\share\prims\jni.cpp, line 520]

ZGC Phase Switch (0 events):
No events

VM Operations (20 events):
Event: 40.892 Executing VM operation: ParallelGCFailedAllocation (Allocation Failure) done
Event: 40.939 Executing VM operation: ParallelGCFailedAllocation (Allocation Failure)
Event: 40.944 Executing VM operation: ParallelGCFailedAllocation (Allocation Failure) done
Event: 40.991 Executing VM operation: ParallelGCFailedAllocation (Allocation Failure)
Event: 40.996 Executing VM operation: ParallelGCFailedAllocation (Allocation Failure) done
Event: 41.099 Executing VM operation: ParallelGCFailedAllocation (Allocation Failure)
Event: 41.102 Executing VM operation: ParallelGCFailedAllocation (Allocation Failure) done
Event: 41.249 Executing VM operation: ParallelGCFailedAllocation (Allocation Failure)
Event: 41.254 Executing VM operation: ParallelGCFailedAllocation (Allocation Failure) done
Event: 41.325 Executing VM operation: ParallelGCFailedAllocation (Allocation Failure)
Event: 41.329 Executing VM operation: ParallelGCFailedAllocation (Allocation Failure) done
Event: 41.423 Executing VM operation: ParallelGCFailedAllocation (Allocation Failure)
Event: 41.426 Executing VM operation: ParallelGCFailedAllocation (Allocation Failure) done
Event: 41.579 Executing VM operation: ParallelGCFailedAllocation (Allocation Failure)
Event: 41.584 Executing VM operation: ParallelGCFailedAllocation (Allocation Failure) done
Event: 43.039 Executing VM operation: ParallelGCFailedAllocation (Allocation Failure)
Event: 44.043 Executing VM operation: ParallelGCFailedAllocation (Allocation Failure) done
Event: 44.049 Executing VM operation: HandshakeAllThreads (Deoptimize)
Event: 44.050 Executing VM operation: HandshakeAllThreads (Deoptimize) done
Event: 44.118 Executing VM operation: ParallelGCFailedAllocation (Allocation Failure)

Memory protections (0 events):
No events

Nmethod flushes (20 events):
Event: 33.925 Thread 0x0000018debc44960 flushing  nmethod 0x0000018dd9148290
Event: 33.925 Thread 0x0000018debc44960 flushing  nmethod 0x0000018dd9148810
Event: 33.925 Thread 0x0000018debc44960 flushing  nmethod 0x0000018dd91c7090
Event: 33.925 Thread 0x0000018debc44960 flushing  nmethod 0x0000018dd91c8d10
Event: 33.925 Thread 0x0000018debc44960 flushing  nmethod 0x0000018dd91e7410
Event: 33.925 Thread 0x0000018debc44960 flushing  nmethod 0x0000018dd9233090
Event: 33.925 Thread 0x0000018debc44960 flushing osr nmethod 0x0000018dd9233890
Event: 33.925 Thread 0x0000018debc44960 flushing  nmethod 0x0000018dd9238510
Event: 33.925 Thread 0x0000018debc44960 flushing  nmethod 0x0000018dd9247a90
Event: 33.925 Thread 0x0000018debc44960 flushing  nmethod 0x0000018dd9249f90
Event: 33.925 Thread 0x0000018debc44960 flushing  nmethod 0x0000018dd92b0810
Event: 33.925 Thread 0x0000018debc44960 flushing  nmethod 0x0000018dd92b7890
Event: 33.925 Thread 0x0000018debc44960 flushing  nmethod 0x0000018dd92b8610
Event: 33.925 Thread 0x0000018debc44960 flushing  nmethod 0x0000018dd9317210
Event: 33.925 Thread 0x0000018debc44960 flushing  nmethod 0x0000018dd931c610
Event: 33.925 Thread 0x0000018debc44960 flushing  nmethod 0x0000018dd931cd90
Event: 33.925 Thread 0x0000018debc44960 flushing  nmethod 0x0000018dd931d510
Event: 33.925 Thread 0x0000018debc44960 flushing  nmethod 0x0000018dd931db10
Event: 33.925 Thread 0x0000018debc44960 flushing  nmethod 0x0000018dd9321010
Event: 33.925 Thread 0x0000018debc44960 flushing osr nmethod 0x0000018dd932a710

Events (20 events):
Event: 36.312 Thread 0x0000018df2cda3d0 Thread added: 0x0000018df43db2c0
Event: 36.313 Thread 0x0000018df2cda3d0 Thread added: 0x0000018df43dda20
Event: 36.314 Thread 0x0000018df2cda3d0 Thread added: 0x0000018df43dc670
Event: 36.314 Thread 0x0000018df2cda3d0 Thread added: 0x0000018df43dac30
Event: 36.314 Thread 0x0000018df2cda3d0 Thread added: 0x0000018df43e0810
Event: 38.439 Thread 0x0000018df43e0810 Thread exited: 0x0000018df43e0810
Event: 38.439 Thread 0x0000018df43dda20 Thread exited: 0x0000018df43dda20
Event: 38.439 Thread 0x0000018df43dc670 Thread exited: 0x0000018df43dc670
Event: 38.439 Thread 0x0000018df43dac30 Thread exited: 0x0000018df43dac30
Event: 38.445 Thread 0x0000018df43db2c0 Thread exited: 0x0000018df43db2c0
Event: 40.078 Thread 0x0000018df2cda3d0 Thread added: 0x0000018df43dda20
Event: 40.078 Thread 0x0000018df2cda3d0 Thread added: 0x0000018df43db2c0
Event: 40.078 Thread 0x0000018df2cda3d0 Thread added: 0x0000018df43dac30
Event: 40.078 Thread 0x0000018df2cda3d0 Thread added: 0x0000018df43dc670
Event: 40.079 Thread 0x0000018df2cda3d0 Thread added: 0x0000018df43df460
Event: 40.248 Thread 0x0000018df43dda20 Thread exited: 0x0000018df43dda20
Event: 40.248 Thread 0x0000018df43dac30 Thread exited: 0x0000018df43dac30
Event: 40.249 Thread 0x0000018df43db2c0 Thread exited: 0x0000018df43db2c0
Event: 40.249 Thread 0x0000018df43dc670 Thread exited: 0x0000018df43dc670
Event: 40.249 Thread 0x0000018df43df460 Thread exited: 0x0000018df43df460


Dynamic libraries:
0x00007ff6fed20000 - 0x00007ff6fed2e000 	c:\Users\Admin\.vscode\extensions\redhat.java-1.43.1-win32-x64\jre\21.0.7-win32-x86_64\bin\java.exe
0x00007ffe128e0000 - 0x00007ffe12b43000 	C:\WINDOWS\SYSTEM32\ntdll.dll
0x00007ffe120f0000 - 0x00007ffe121b7000 	C:\WINDOWS\System32\KERNEL32.DLL
0x00007ffe0ff30000 - 0x00007ffe102f9000 	C:\WINDOWS\System32\KERNELBASE.dll
0x00007ffe10390000 - 0x00007ffe104dc000 	C:\WINDOWS\System32\ucrtbase.dll
0x00007ffe0cb60000 - 0x00007ffe0cb78000 	c:\Users\Admin\.vscode\extensions\redhat.java-1.43.1-win32-x64\jre\21.0.7-win32-x86_64\bin\jli.dll
0x00007ffe11ea0000 - 0x00007ffe1206a000 	C:\WINDOWS\System32\USER32.dll
0x00007ffe0fd20000 - 0x00007ffe0fd47000 	C:\WINDOWS\System32\win32u.dll
0x00007ffe10c60000 - 0x00007ffe10c8a000 	C:\WINDOWS\System32\GDI32.dll
0x00007ffe0fd50000 - 0x00007ffe0fe81000 	C:\WINDOWS\System32\gdi32full.dll
0x00007ffe10650000 - 0x00007ffe106f3000 	C:\WINDOWS\System32\msvcp_win.dll
0x00007ffdf9ff0000 - 0x00007ffdfa280000 	C:\WINDOWS\WinSxS\amd64_microsoft.windows.common-controls_6595b64144ccf1df_6.0.26100.3323_none_3e088096e3344490\COMCTL32.dll
0x00007ffe04640000 - 0x00007ffe0465e000 	c:\Users\Admin\.vscode\extensions\redhat.java-1.43.1-win32-x64\jre\21.0.7-win32-x86_64\bin\VCRUNTIME140.dll
0x00007ffe10ee0000 - 0x00007ffe10f89000 	C:\WINDOWS\System32\msvcrt.dll
0x00007ffe116b0000 - 0x00007ffe116df000 	C:\WINDOWS\System32\IMM32.DLL
0x00007ffe0ad60000 - 0x00007ffe0ad6c000 	c:\Users\Admin\.vscode\extensions\redhat.java-1.43.1-win32-x64\jre\21.0.7-win32-x86_64\bin\vcruntime140_1.dll
0x00007ffdcf1c0000 - 0x00007ffdcf24d000 	c:\Users\Admin\.vscode\extensions\redhat.java-1.43.1-win32-x64\jre\21.0.7-win32-x86_64\bin\msvcp140.dll
0x00007ffda37b0000 - 0x00007ffda4540000 	c:\Users\Admin\.vscode\extensions\redhat.java-1.43.1-win32-x64\jre\21.0.7-win32-x86_64\bin\server\jvm.dll
0x00007ffe122f0000 - 0x00007ffe123a2000 	C:\WINDOWS\System32\ADVAPI32.dll
0x00007ffe10870000 - 0x00007ffe10916000 	C:\WINDOWS\System32\sechost.dll
0x00007ffe121d0000 - 0x00007ffe122e6000 	C:\WINDOWS\System32\RPCRT4.dll
0x00007ffe10be0000 - 0x00007ffe10c54000 	C:\WINDOWS\System32\WS2_32.dll
0x00007ffe070d0000 - 0x00007ffe070db000 	C:\WINDOWS\SYSTEM32\VERSION.dll
0x00007ffe0f970000 - 0x00007ffe0f9be000 	C:\WINDOWS\SYSTEM32\POWRPROF.dll
0x00007ffe07090000 - 0x00007ffe070c6000 	C:\WINDOWS\SYSTEM32\WINMM.dll
0x00007ffe0f950000 - 0x00007ffe0f964000 	C:\WINDOWS\SYSTEM32\UMPDC.dll
0x00007ffe0e8c0000 - 0x00007ffe0e8da000 	C:\WINDOWS\SYSTEM32\kernel.appcore.dll
0x00007ffe07be0000 - 0x00007ffe07bea000 	c:\Users\Admin\.vscode\extensions\redhat.java-1.43.1-win32-x64\jre\21.0.7-win32-x86_64\bin\jimage.dll
0x00007ffe02d40000 - 0x00007ffe02f81000 	C:\WINDOWS\SYSTEM32\DBGHELP.DLL
0x00007ffe118e0000 - 0x00007ffe11c62000 	C:\WINDOWS\System32\combase.dll
0x00007ffe10790000 - 0x00007ffe10866000 	C:\WINDOWS\System32\OLEAUT32.dll
0x00007ffdffb30000 - 0x00007ffdffb69000 	C:\WINDOWS\SYSTEM32\dbgcore.DLL
0x00007ffe0fe90000 - 0x00007ffe0ff29000 	C:\WINDOWS\System32\bcryptPrimitives.dll
0x00007ffe074b0000 - 0x00007ffe074bf000 	c:\Users\Admin\.vscode\extensions\redhat.java-1.43.1-win32-x64\jre\21.0.7-win32-x86_64\bin\instrument.dll
0x00007ffdef1a0000 - 0x00007ffdef1bf000 	c:\Users\Admin\.vscode\extensions\redhat.java-1.43.1-win32-x64\jre\21.0.7-win32-x86_64\bin\java.dll
0x00007ffe10f90000 - 0x00007ffe116a5000 	C:\WINDOWS\System32\SHELL32.dll
0x00007ffe104e0000 - 0x00007ffe10648000 	C:\WINDOWS\System32\wintypes.dll
0x00007ffe0d7a0000 - 0x00007ffe0dfe5000 	C:\WINDOWS\SYSTEM32\windows.storage.dll
0x00007ffe117f0000 - 0x00007ffe118db000 	C:\WINDOWS\System32\SHCORE.dll
0x00007ffe109d0000 - 0x00007ffe10a2d000 	C:\WINDOWS\System32\shlwapi.dll
0x00007ffe0f9f0000 - 0x00007ffe0fa1f000 	C:\WINDOWS\SYSTEM32\profapi.dll
0x00007ffdef150000 - 0x00007ffdef168000 	c:\Users\Admin\.vscode\extensions\redhat.java-1.43.1-win32-x64\jre\21.0.7-win32-x86_64\bin\zip.dll
0x00007ffe044e0000 - 0x00007ffe044f0000 	C:\Users\Admin\.vscode\extensions\redhat.java-1.43.1-win32-x64\jre\21.0.7-win32-x86_64\bin\net.dll
0x00007ffe081c0000 - 0x00007ffe082de000 	C:\WINDOWS\SYSTEM32\WINHTTP.dll
0x00007ffe0edc0000 - 0x00007ffe0ee2a000 	C:\WINDOWS\system32\mswsock.dll
0x00007ffdeacd0000 - 0x00007ffdeace6000 	C:\Users\Admin\.vscode\extensions\redhat.java-1.43.1-win32-x64\jre\21.0.7-win32-x86_64\bin\nio.dll
0x00007ffe074a0000 - 0x00007ffe074b0000 	c:\Users\Admin\.vscode\extensions\redhat.java-1.43.1-win32-x64\jre\21.0.7-win32-x86_64\bin\verify.dll
0x00007ffde1470000 - 0x00007ffde14b5000 	C:\Users\Admin\AppData\Roaming\Code\User\globalStorage\redhat.java\1.43.1\config_win\org.eclipse.equinox.launcher\org.eclipse.equinox.launcher.win32.win32.x86_64_1.2.1300.v20250331-1702\eclipse_11911.dll
0x00007ffe10d30000 - 0x00007ffe10ec5000 	C:\WINDOWS\System32\ole32.dll
0x00007ffe0f170000 - 0x00007ffe0f18c000 	C:\WINDOWS\SYSTEM32\CRYPTSP.dll
0x00007ffe0e820000 - 0x00007ffe0e85a000 	C:\WINDOWS\system32\rsaenh.dll
0x00007ffe0ee60000 - 0x00007ffe0ee8b000 	C:\WINDOWS\SYSTEM32\USERENV.dll
0x00007ffe0f300000 - 0x00007ffe0f326000 	C:\WINDOWS\SYSTEM32\bcrypt.dll
0x00007ffe0eff0000 - 0x00007ffe0effc000 	C:\WINDOWS\SYSTEM32\CRYPTBASE.dll
0x00007ffe0e2e0000 - 0x00007ffe0e313000 	C:\WINDOWS\SYSTEM32\IPHLPAPI.DLL
0x00007ffe10ed0000 - 0x00007ffe10eda000 	C:\WINDOWS\System32\NSI.dll
0x00007ffddf3c0000 - 0x00007ffddf409000 	C:\Users\Admin\AppData\Local\Temp\jna-63116079\jna10941590365045888806.dll
0x00007ffe10b90000 - 0x00007ffe10b98000 	C:\WINDOWS\System32\PSAPI.DLL
0x00007ffe08630000 - 0x00007ffe0864f000 	C:\WINDOWS\SYSTEM32\dhcpcsvc6.DLL
0x00007ffe08940000 - 0x00007ffe08965000 	C:\WINDOWS\SYSTEM32\dhcpcsvc.DLL
0x00007ffe07490000 - 0x00007ffe0749e000 	C:\Users\Admin\.vscode\extensions\redhat.java-1.43.1-win32-x64\jre\21.0.7-win32-x86_64\bin\sunmscapi.dll
0x00007ffe0fba0000 - 0x00007ffe0fd17000 	C:\WINDOWS\System32\CRYPT32.dll
0x00007ffe0f2c0000 - 0x00007ffe0f2f0000 	C:\WINDOWS\SYSTEM32\ncrypt.dll
0x00007ffe0f270000 - 0x00007ffe0f2af000 	C:\WINDOWS\SYSTEM32\NTASN1.dll
0x00007ffe0e370000 - 0x00007ffe0e495000 	C:\WINDOWS\SYSTEM32\DNSAPI.dll
0x00007ffe08930000 - 0x00007ffe0893b000 	C:\Windows\System32\rasadhlp.dll
0x00007ffe04ac0000 - 0x00007ffe04b45000 	C:\WINDOWS\System32\fwpuclnt.dll
0x00007ffe045e0000 - 0x00007ffe045e9000 	C:\Users\Admin\.vscode\extensions\redhat.java-1.43.1-win32-x64\jre\21.0.7-win32-x86_64\bin\extnet.dll
0x00007ffe0e9e0000 - 0x00007ffe0ea15000 	C:\WINDOWS\SYSTEM32\ntmarta.dll

dbghelp: loaded successfully - version: 4.0.5 - missing functions: none
symbol engine: initialized successfully - sym options: 0x614 - pdb path: .;c:\Users\Admin\.vscode\extensions\redhat.java-1.43.1-win32-x64\jre\21.0.7-win32-x86_64\bin;C:\WINDOWS\SYSTEM32;C:\WINDOWS\WinSxS\amd64_microsoft.windows.common-controls_6595b64144ccf1df_6.0.26100.3323_none_3e088096e3344490;c:\Users\Admin\.vscode\extensions\redhat.java-1.43.1-win32-x64\jre\21.0.7-win32-x86_64\bin\server;C:\Users\Admin\AppData\Roaming\Code\User\globalStorage\redhat.java\1.43.1\config_win\org.eclipse.equinox.launcher\org.eclipse.equinox.launcher.win32.win32.x86_64_1.2.1300.v20250331-1702;C:\Users\Admin\AppData\Local\Temp\jna-63116079

VM Arguments:
jvm_args: --add-modules=ALL-SYSTEM --add-opens=java.base/java.util=ALL-UNNAMED --add-opens=java.base/java.lang=ALL-UNNAMED --add-opens=java.base/sun.nio.fs=ALL-UNNAMED -Declipse.application=org.eclipse.jdt.ls.core.id1 -Dosgi.bundles.defaultStartLevel=4 -Declipse.product=org.eclipse.jdt.ls.core.product -Djava.import.generatesMetadataFilesAtProjectRoot=false -DDetectVMInstallationsJob.disabled=true -Dfile.encoding=utf8 -XX:+UseParallelGC -XX:GCTimeRatio=4 -XX:AdaptiveSizePolicyWeight=90 -Dsun.zip.disableMemoryMapping=true -Xmx2G -Xms100m -Xlog:disable -javaagent:c:\Users\Admin\.vscode\extensions\redhat.java-1.43.1-win32-x64\lombok\lombok-1.18.39-4050.jar -XX:+HeapDumpOnOutOfMemoryError -XX:HeapDumpPath=c:\Users\Admin\AppData\Roaming\Code\User\workspaceStorage\91bfc2bb926e85cacc8896de9206306c\redhat.java -Daether.dependencyCollector.impl=bf 
java_command: c:\Users\Admin\.vscode\extensions\redhat.java-1.43.1-win32-x64\server\plugins\org.eclipse.equinox.launcher_1.7.0.v20250519-0528.jar -configuration c:\Users\Admin\AppData\Roaming\Code\User\globalStorage\redhat.java\1.43.1\config_win -data c:\Users\Admin\AppData\Roaming\Code\User\workspaceStorage\91bfc2bb926e85cacc8896de9206306c\redhat.java\jdt_ws --pipe=\\.\pipe\lsp-5a573ec2655c2c027cfb447fd068db38-sock
java_class_path (initial): c:\Users\Admin\.vscode\extensions\redhat.java-1.43.1-win32-x64\server\plugins\org.eclipse.equinox.launcher_1.7.0.v20250519-0528.jar
Launcher Type: SUN_STANDARD

[Global flags]
    uintx AdaptiveSizePolicyWeight                 = 90                                        {product} {command line}
     intx CICompilerCount                          = 4                                         {product} {ergonomic}
    uintx GCTimeRatio                              = 4                                         {product} {command line}
     bool HeapDumpOnOutOfMemoryError               = true                                   {manageable} {command line}
    ccstr HeapDumpPath                             = c:\Users\Admin\AppData\Roaming\Code\User\workspaceStorage\91bfc2bb926e85cacc8896de9206306c\redhat.java         {manageable} {command line}
   size_t InitialHeapSize                          = 104857600                                 {product} {command line}
   size_t MaxHeapSize                              = 2147483648                                {product} {command line}
   size_t MaxNewSize                               = 715653120                                 {product} {ergonomic}
   size_t MinHeapDeltaBytes                        = 524288                                    {product} {ergonomic}
   size_t MinHeapSize                              = 104857600                                 {product} {command line}
   size_t NewSize                                  = 34603008                                  {product} {ergonomic}
    uintx NonNMethodCodeHeapSize                   = 5839372                                {pd product} {ergonomic}
    uintx NonProfiledCodeHeapSize                  = 122909434                              {pd product} {ergonomic}
   size_t OldSize                                  = 70254592                                  {product} {ergonomic}
    uintx ProfiledCodeHeapSize                     = 122909434                              {pd product} {ergonomic}
    uintx ReservedCodeCacheSize                    = 251658240                              {pd product} {ergonomic}
     bool SegmentedCodeCache                       = true                                      {product} {ergonomic}
   size_t SoftMaxHeapSize                          = 2147483648                             {manageable} {ergonomic}
     bool UseCompressedOops                        = true                           {product lp64_product} {ergonomic}
     bool UseLargePagesIndividualAllocation        = false                                  {pd product} {ergonomic}
     bool UseParallelGC                            = true                                      {product} {command line}

Logging:
Log output configuration:
 #0: stdout all=off uptime,level,tags foldmultilines=false
 #1: stderr all=off uptime,level,tags foldmultilines=false

Environment Variables:
JAVA_HOME=C:\Program Files\Java\jdk-17
PATH=C:\Program Files\Java\jdk-17\bin;C:\Program Files\Java\jdk-21\bin;C:\Users\Admin\Downloads\kafka-3.9.0-src\kafka-3.9.0-src\bin;C:\Users\Admin\Downloads\gradle-8.11-bin\gradle-8.11\bin;D:\JDk\jdk1.8.0_281\bin;C:\Program Files\Common Files\Oracle\Java\javapath;C:\Program Files (x86)\Common Files\Oracle\Java\javapath;C:\WINDOWS\system32;C:\WINDOWS;C:\WINDOWS\System32\Wbem;C:\WINDOWS\System32\WindowsPowerShell\v1.0\;C:\WINDOWS\System32\OpenSSH\;C:\Program Files\nodejs\;C:\Program Files\Java\jdk-17\\bin;C:\Program Files\Git\cmd;C:\Program Files\PuTTY\;C:\Users\Admin\Desktop\mvn\apache-maven-3.9.4-bin\apache-maven-3.9.4\bin;C:\Program Files\Docker\Docker\resources\bin;C:\Users\Admin\Downloads\New folder (19)\strawberry-perl-5.40.0.1-64bit-portable\perl\bin;C:\Program Files\Maven\apache-maven-3.9.9-bin\apache-maven-3.9.9\bin;C:\Program Files\Java\jdk-17\bin;C:\Program Files\Java\jdk-21\bin;C:\Users\Admin\Downloads\kafka-3.9.0-src\kafka-3.9.0-src\bin;C:\Users\Admin\Downloads\gradle-8.11-bin\gradle-8.11\bin;D:\JDk\jdk1.8.0_281\bin;C:\Users\Admin\AppData\Local\Microsoft\WindowsApps;C:\Users\Admin\AppData\Local\Programs\Microsoft VS Code\bin;C:\Users\Admin\AppData\Roaming\npm;C:\Program Files\JetBrains\IntelliJ IDEA 2024.1.2\bin;;C:\Program Files\PHP;C:\Users\Admin\AppData\Local\Programs\MiKTeX\miktex\bin\x64\;C:\Users\Admin\Downloads\New folder (19)\strawberry-perl-5.40.0.1-64bit-portable\perl\bin;C:\Program Files\Maven\apache-maven-3.9.9-bin\apache-maven-3.9.9\bin;
USERNAME=Admin
OS=Windows_NT
PROCESSOR_IDENTIFIER=AMD64 Family 23 Model 104 Stepping 1, AuthenticAMD
TMP=C:\Users\Admin\AppData\Local\Temp
TEMP=C:\Users\Admin\AppData\Local\Temp




Periodic native trim disabled

---------------  S Y S T E M  ---------------

OS:
 Windows 11 , 64 bit Build 26100 (10.0.26100.3323)
OS uptime: 0 days 17:57 hours
Hyper-V role detected

CPU: total 12 (initial active 12) (12 cores per cpu, 2 threads per core) family 23 model 104 stepping 1 microcode 0x8608103, cx8, cmov, fxsr, ht, mmx, 3dnowpref, sse, sse2, sse3, ssse3, sse4a, sse4.1, sse4.2, popcnt, lzcnt, tsc, tscinvbit, avx, avx2, aes, clmul, bmi1, bmi2, adx, sha, fma, vzeroupper, clflush, clflushopt, hv, rdtscp, rdpid, f16c
Processor Information for the first 12 processors :
  Max Mhz: 2100, Current Mhz: 1988, Mhz Limit: 2100

Memory: 4k page, system-wide physical 6005M (282M free)
TotalPageFile size 24437M (AvailPageFile size 1M)
current process WorkingSet (physical memory assigned to process): 371M, peak: 481M
current process commit charge ("private bytes"): 704M, peak: 1661M

vm_info: OpenJDK 64-Bit Server VM (21.0.7+6-LTS) for windows-amd64 JRE (21.0.7+6-LTS), built on 2025-04-15T00:00:00Z by "admin" with MS VC++ 17.7 (VS2022)

END.
