#
# There is insufficient memory for the Java Runtime Environment to continue.
# Native memory allocation (malloc) failed to allocate 1471696 bytes. Error detail: Chunk::new
# Possible reasons:
#   The system is out of physical RAM or swap space
#   This process is running with CompressedOops enabled, and the Java Heap may be blocking the growth of the native heap
# Possible solutions:
#   Reduce memory load on the system
#   Increase physical memory or swap space
#   Check if swap backing store is full
#   Decrease Java heap size (-Xmx/-Xms)
#   Decrease number of Java threads
#   Decrease Java thread stack sizes (-Xss)
#   Set larger code cache with -XX:ReservedCodeCacheSize=
#   JVM is running with Unscaled Compressed Oops mode in which the Java heap is
#     placed in the first 4GB address space. The Java Heap base address is the
#     maximum limit for the native heap growth. Please use -XX:HeapBaseMinAddress
#     to set the Java Heap base and to place the Java Heap above 4GB virtual address.
# This output file may be truncated or incomplete.
#
#  Out of Memory Error (arena.cpp:168), pid=29440, tid=25872
#
# JRE version: OpenJDK Runtime Environment Temurin-21.0.7+6 (21.0.7+6) (build 21.0.7+6-LTS)
# Java VM: OpenJDK 64-Bit Server VM Temurin-21.0.7+6 (21.0.7+6-LTS, mixed mode, sharing, tiered, compressed oops, compressed class ptrs, parallel gc, windows-amd64)
# No core dump will be written. Minidumps are not enabled by default on client versions of Windows
#

---------------  S U M M A R Y ------------

Command Line: --add-modules=ALL-SYSTEM --add-opens=java.base/java.util=ALL-UNNAMED --add-opens=java.base/java.lang=ALL-UNNAMED --add-opens=java.base/sun.nio.fs=ALL-UNNAMED -Declipse.application=org.eclipse.jdt.ls.core.id1 -Dosgi.bundles.defaultStartLevel=4 -Declipse.product=org.eclipse.jdt.ls.core.product -Djava.import.generatesMetadataFilesAtProjectRoot=false -DDetectVMInstallationsJob.disabled=true -Dfile.encoding=utf8 -XX:+UseParallelGC -XX:GCTimeRatio=4 -XX:AdaptiveSizePolicyWeight=90 -Dsun.zip.disableMemoryMapping=true -Xmx2G -Xms100m -Xlog:disable -javaagent:c:\Users\Admin\.vscode\extensions\redhat.java-1.43.1-win32-x64\lombok\lombok-1.18.39-4050.jar -XX:+HeapDumpOnOutOfMemoryError -XX:HeapDumpPath=c:\Users\Admin\AppData\Roaming\Code\User\workspaceStorage\91bfc2bb926e85cacc8896de9206306c\redhat.java -Daether.dependencyCollector.impl=bf c:\Users\Admin\.vscode\extensions\redhat.java-1.43.1-win32-x64\server\plugins\org.eclipse.equinox.launcher_1.7.0.v20250519-0528.jar -configuration c:\Users\Admin\AppData\Roaming\Code\User\globalStorage\redhat.java\1.43.1\config_win -data c:\Users\Admin\AppData\Roaming\Code\User\workspaceStorage\91bfc2bb926e85cacc8896de9206306c\redhat.java\jdt_ws --pipe=\\.\pipe\lsp-e316250d916c3398dd7d159f0674ce3c-sock

Host: AMD Ryzen 5 5500U with Radeon Graphics         , 12 cores, 5G,  Windows 11 , 64 bit Build 26100 (10.0.26100.3323)
Time: Mon Jul 14 16:33:03 2025 W. Central Africa Standard Time elapsed time: 13.330068 seconds (0d 0h 0m 13s)

---------------  T H R E A D  ---------------

Current thread (0x000001778a23d7e0):  JavaThread "C2 CompilerThread0" daemon [_thread_in_native, id=25872, stack(0x0000005167f00000,0x0000005168000000) (1024K)]


Current CompileTask:
C2:13330 7703 % !   4       org.eclipse.jdt.internal.compiler.classfmt.ClassFileReader::<init> @ 81 (2135 bytes)

Stack: [0x0000005167f00000,0x0000005168000000]
Native frames: (J=compiled Java code, j=interpreted, Vv=VM code, C=native code)
V  [jvm.dll+0x6ce119]
V  [jvm.dll+0x8a84a1]
V  [jvm.dll+0x8aa9ce]
V  [jvm.dll+0x8ab0b3]
V  [jvm.dll+0x27f8a6]
V  [jvm.dll+0xc507d]
V  [jvm.dll+0xc55b3]
V  [jvm.dll+0x2f2c6d]
V  [jvm.dll+0x5f6bca]
V  [jvm.dll+0x250cb2]
V  [jvm.dll+0x25106f]
V  [jvm.dll+0x249934]
V  [jvm.dll+0x246fc4]
V  [jvm.dll+0x1c760e]
V  [jvm.dll+0x25695a]
V  [jvm.dll+0x254efa]
V  [jvm.dll+0x3f03f6]
V  [jvm.dll+0x851f6b]
V  [jvm.dll+0x6cc7dd]
C  [ucrtbase.dll+0x37b0]
C  [KERNEL32.DLL+0x2e8d7]
C  [ntdll.dll+0xbbf6c]


---------------  P R O C E S S  ---------------

Threads class SMR info:
_java_thread_list=0x0000017791c2f310, length=56, elements={
0x000001773087de80, 0x000001774731e5d0, 0x000001778a232b40, 0x000001778a2366a0,
0x000001778a2372f0, 0x000001778a237f40, 0x000001778a23a9a0, 0x000001778a23d7e0,
0x000001778a26cbe0, 0x000001778a3272f0, 0x000001778a592550, 0x000001778a625910,
0x000001778ae29ff0, 0x000001778ad433e0, 0x000001778ac8cc40, 0x000001778ac8aee0,
0x000001778f3ede10, 0x000001778f111560, 0x000001778f278750, 0x000001778f277a30,
0x000001778f27a820, 0x000001778f2780c0, 0x000001778f279470, 0x000001778f279b00,
0x000001778f27a190, 0x0000017790d963c0, 0x0000017790d97770, 0x0000017790d96a50,
0x0000017790d970e0, 0x0000017790d97e00, 0x0000017790d9abf0, 0x0000017790d991b0,
0x0000017790d99840, 0x0000017790d99ed0, 0x0000017790d98490, 0x0000017790d9b280,
0x0000017790d9a560, 0x0000017790d98b20, 0x0000017790d9d350, 0x0000017790d9b910,
0x0000017790d9c630, 0x0000017790d9bfa0, 0x0000017790d9ccc0, 0x0000017792311c00,
0x0000017792312290, 0x0000017792310850, 0x0000017792310ee0, 0x000001779230fb30,
0x0000017792312fb0, 0x0000017792313cd0, 0x00000177923149f0, 0x0000017792313640,
0x0000017792314360, 0x0000017792311570, 0x0000017792315080, 0x0000017792315710
}

Java Threads: ( => current thread )
  0x000001773087de80 JavaThread "main"                              [_thread_blocked, id=14364, stack(0x0000005167500000,0x0000005167600000) (1024K)]
  0x000001774731e5d0 JavaThread "Reference Handler"          daemon [_thread_blocked, id=28524, stack(0x0000005167900000,0x0000005167a00000) (1024K)]
  0x000001778a232b40 JavaThread "Finalizer"                  daemon [_thread_blocked, id=29296, stack(0x0000005167a00000,0x0000005167b00000) (1024K)]
  0x000001778a2366a0 JavaThread "Signal Dispatcher"          daemon [_thread_blocked, id=11356, stack(0x0000005167b00000,0x0000005167c00000) (1024K)]
  0x000001778a2372f0 JavaThread "Attach Listener"            daemon [_thread_blocked, id=20812, stack(0x0000005167c00000,0x0000005167d00000) (1024K)]
  0x000001778a237f40 JavaThread "Service Thread"             daemon [_thread_blocked, id=9480, stack(0x0000005167d00000,0x0000005167e00000) (1024K)]
  0x000001778a23a9a0 JavaThread "Monitor Deflation Thread"   daemon [_thread_blocked, id=4056, stack(0x0000005167e00000,0x0000005167f00000) (1024K)]
=>0x000001778a23d7e0 JavaThread "C2 CompilerThread0"         daemon [_thread_in_native, id=25872, stack(0x0000005167f00000,0x0000005168000000) (1024K)]
  0x000001778a26cbe0 JavaThread "C1 CompilerThread0"         daemon [_thread_blocked, id=20196, stack(0x0000005168000000,0x0000005168100000) (1024K)]
  0x000001778a3272f0 JavaThread "Common-Cleaner"             daemon [_thread_blocked, id=4456, stack(0x0000005168100000,0x0000005168200000) (1024K)]
  0x000001778a592550 JavaThread "Notification Thread"        daemon [_thread_blocked, id=20716, stack(0x0000005168200000,0x0000005168300000) (1024K)]
  0x000001778a625910 JavaThread "C2 CompilerThread1"         daemon [_thread_blocked, id=24708, stack(0x0000005168300000,0x0000005168400000) (1024K)]
  0x000001778ae29ff0 JavaThread "Active Thread: Equinox Container: 681ba0fb-382b-49b8-a99f-ece9689bafd9"        [_thread_blocked, id=27916, stack(0x0000005168a00000,0x0000005168b00000) (1024K)]
  0x000001778ad433e0 JavaThread "Refresh Thread: Equinox Container: 681ba0fb-382b-49b8-a99f-ece9689bafd9" daemon [_thread_blocked, id=11020, stack(0x0000005168b00000,0x0000005168c00000) (1024K)]
  0x000001778ac8cc40 JavaThread "Framework Event Dispatcher: Equinox Container: 681ba0fb-382b-49b8-a99f-ece9689bafd9" daemon [_thread_blocked, id=26896, stack(0x0000005168d00000,0x0000005168e00000) (1024K)]
  0x000001778ac8aee0 JavaThread "Start Level: Equinox Container: 681ba0fb-382b-49b8-a99f-ece9689bafd9" daemon [_thread_blocked, id=27236, stack(0x0000005168e00000,0x0000005168f00000) (1024K)]
  0x000001778f3ede10 JavaThread "Bundle File Closer"         daemon [_thread_blocked, id=12156, stack(0x0000005169100000,0x0000005169200000) (1024K)]
  0x000001778f111560 JavaThread "SCR Component Actor"        daemon [_thread_blocked, id=3660, stack(0x0000005169200000,0x0000005169300000) (1024K)]
  0x000001778f278750 JavaThread "Worker-JM"                         [_thread_blocked, id=9656, stack(0x0000005169400000,0x0000005169500000) (1024K)]
  0x000001778f277a30 JavaThread "JNA Cleaner"                daemon [_thread_blocked, id=12196, stack(0x0000005169500000,0x0000005169600000) (1024K)]
  0x000001778f27a820 JavaThread "Worker-0"                          [_thread_blocked, id=25836, stack(0x0000005169600000,0x0000005169700000) (1024K)]
  0x000001778f2780c0 JavaThread "Worker-1: Building"                [_thread_blocked, id=1012, stack(0x0000005169700000,0x0000005169800000) (1024K)]
  0x000001778f279470 JavaThread "Worker-2"                          [_thread_blocked, id=9276, stack(0x0000005169800000,0x0000005169900000) (1024K)]
  0x000001778f279b00 JavaThread "Java indexing"              daemon [_thread_blocked, id=29412, stack(0x0000005169900000,0x0000005169a00000) (1024K)]
  0x000001778f27a190 JavaThread "Worker-3: Loading available Gradle versions"        [_thread_blocked, id=6360, stack(0x0000005169a00000,0x0000005169b00000) (1024K)]
  0x0000017790d963c0 JavaThread "Worker-4: Initialize After Load"        [_thread_blocked, id=4112, stack(0x0000005169b00000,0x0000005169c00000) (1024K)]
  0x0000017790d97770 JavaThread "Worker-5: Java indexing... "        [_thread_blocked, id=1448, stack(0x0000005169e00000,0x0000005169f00000) (1024K)]
  0x0000017790d96a50 JavaThread "Thread-2"                   daemon [_thread_in_native, id=5304, stack(0x0000005169f00000,0x000000516a000000) (1024K)]
  0x0000017790d970e0 JavaThread "Thread-3"                   daemon [_thread_in_native, id=28556, stack(0x000000516a000000,0x000000516a100000) (1024K)]
  0x0000017790d97e00 JavaThread "Thread-4"                   daemon [_thread_in_native, id=27948, stack(0x000000516a100000,0x000000516a200000) (1024K)]
  0x0000017790d9abf0 JavaThread "Thread-5"                   daemon [_thread_in_native, id=23004, stack(0x000000516a200000,0x000000516a300000) (1024K)]
  0x0000017790d991b0 JavaThread "Thread-6"                   daemon [_thread_in_native, id=2248, stack(0x000000516a300000,0x000000516a400000) (1024K)]
  0x0000017790d99840 JavaThread "Thread-7"                   daemon [_thread_in_native, id=14616, stack(0x000000516a400000,0x000000516a500000) (1024K)]
  0x0000017790d99ed0 JavaThread "Thread-8"                   daemon [_thread_in_native, id=27656, stack(0x000000516a500000,0x000000516a600000) (1024K)]
  0x0000017790d98490 JavaThread "Thread-9"                   daemon [_thread_in_native, id=2128, stack(0x000000516a600000,0x000000516a700000) (1024K)]
  0x0000017790d9b280 JavaThread "Thread-10"                  daemon [_thread_in_native, id=20468, stack(0x000000516a700000,0x000000516a800000) (1024K)]
  0x0000017790d9a560 JavaThread "Thread-11"                  daemon [_thread_in_native, id=9760, stack(0x000000516a800000,0x000000516a900000) (1024K)]
  0x0000017790d98b20 JavaThread "Thread-12"                  daemon [_thread_in_native, id=20264, stack(0x000000516a900000,0x000000516aa00000) (1024K)]
  0x0000017790d9d350 JavaThread "Thread-13"                  daemon [_thread_in_native, id=8760, stack(0x000000516aa00000,0x000000516ab00000) (1024K)]
  0x0000017790d9b910 JavaThread "Thread-14"                  daemon [_thread_in_native, id=8792, stack(0x000000516ab00000,0x000000516ac00000) (1024K)]
  0x0000017790d9c630 JavaThread "pool-2-thread-1"                   [_thread_blocked, id=29616, stack(0x000000516ac00000,0x000000516ad00000) (1024K)]
  0x0000017790d9bfa0 JavaThread "Worker-6"                          [_thread_blocked, id=27340, stack(0x000000516ad00000,0x000000516ae00000) (1024K)]
  0x0000017790d9ccc0 JavaThread "Worker-7"                          [_thread_blocked, id=12640, stack(0x000000516ae00000,0x000000516af00000) (1024K)]
  0x0000017792311c00 JavaThread "WorkspaceEventsHandler"            [_thread_blocked, id=5056, stack(0x000000516b000000,0x000000516b100000) (1024K)]
  0x0000017792312290 JavaThread "pool-1-thread-1"                   [_thread_blocked, id=3196, stack(0x000000516b100000,0x000000516b200000) (1024K)]
  0x0000017792310850 JavaThread "LocalFile Deleter"          daemon [_thread_blocked, id=15800, stack(0x0000005169300000,0x0000005169400000) (1024K)]
  0x0000017792310ee0 JavaThread "LocalFile Deleter"          daemon [_thread_blocked, id=14108, stack(0x000000516b200000,0x000000516b300000) (1024K)]
  0x000001779230fb30 JavaThread "LocalFile Deleter"          daemon [_thread_blocked, id=29072, stack(0x000000516b300000,0x000000516b400000) (1024K)]
  0x0000017792312fb0 JavaThread "LocalFile Deleter"          daemon [_thread_blocked, id=7704, stack(0x000000516b400000,0x000000516b500000) (1024K)]
  0x0000017792313cd0 JavaThread "LocalFile Deleter"          daemon [_thread_blocked, id=10720, stack(0x000000516b500000,0x000000516b600000) (1024K)]
  0x00000177923149f0 JavaThread "LocalFile Deleter"          daemon [_thread_blocked, id=11108, stack(0x000000516b600000,0x000000516b700000) (1024K)]
  0x0000017792313640 JavaThread "LocalFile Deleter"          daemon [_thread_blocked, id=12360, stack(0x000000516b700000,0x000000516b800000) (1024K)]
  0x0000017792314360 JavaThread "LocalFile Deleter"          daemon [_thread_blocked, id=13628, stack(0x000000516b800000,0x000000516b900000) (1024K)]
  0x0000017792311570 JavaThread "LocalFile Deleter"          daemon [_thread_blocked, id=9424, stack(0x000000516b900000,0x000000516ba00000) (1024K)]
  0x0000017792315080 JavaThread "LocalFile Deleter"          daemon [_thread_blocked, id=29024, stack(0x000000516ba00000,0x000000516bb00000) (1024K)]
  0x0000017792315710 JavaThread "LocalFile Deleter"          daemon [_thread_blocked, id=29340, stack(0x000000516bb00000,0x000000516bc00000) (1024K)]
Total: 56

Other Threads:
  0x000001773093e800 VMThread "VM Thread"                           [id=27572, stack(0x0000005167800000,0x0000005167900000) (1024K)]
  0x00000177471fca00 WatcherThread "VM Periodic Task Thread"        [id=27672, stack(0x0000005167700000,0x0000005167800000) (1024K)]
  0x000001773089c240 WorkerThread "GC Thread#0"                     [id=29052, stack(0x0000005167600000,0x0000005167700000) (1024K)]
  0x000001778ac19760 WorkerThread "GC Thread#1"                     [id=27108, stack(0x0000005168400000,0x0000005168500000) (1024K)]
  0x000001778ac83150 WorkerThread "GC Thread#2"                     [id=7236, stack(0x0000005168500000,0x0000005168600000) (1024K)]
  0x000001778ac834f0 WorkerThread "GC Thread#3"                     [id=18276, stack(0x0000005168600000,0x0000005168700000) (1024K)]
  0x000001778a6e4ce0 WorkerThread "GC Thread#4"                     [id=25788, stack(0x0000005168700000,0x0000005168800000) (1024K)]
  0x000001778a96f1a0 WorkerThread "GC Thread#5"                     [id=16404, stack(0x0000005168800000,0x0000005168900000) (1024K)]
  0x000001778a96f8e0 WorkerThread "GC Thread#6"                     [id=22600, stack(0x0000005168900000,0x0000005168a00000) (1024K)]
  0x000001778a96f540 WorkerThread "GC Thread#7"                     [id=2300, stack(0x0000005168c00000,0x0000005168d00000) (1024K)]
  0x000001778a970020 WorkerThread "GC Thread#8"                     [id=4680, stack(0x0000005168f00000,0x0000005169000000) (1024K)]
  0x000001778a970760 WorkerThread "GC Thread#9"                     [id=28292, stack(0x0000005169000000,0x0000005169100000) (1024K)]
Total: 12

Threads with active compile tasks:
C2 CompilerThread0  13444 7703 % !   4       org.eclipse.jdt.internal.compiler.classfmt.ClassFileReader::<init> @ 81 (2135 bytes)
C1 CompilerThread0  13444 8103   !   3       org.eclipse.jdt.internal.core.search.indexing.BinaryContainer::$SWITCH_TABLE$org$eclipse$jdt$internal$compiler$parser$TerminalToken (2080 bytes)
C2 CompilerThread1  13444 8084       4       org.eclipse.jdt.internal.core.search.indexing.BinaryIndexer::addTypeReference (92 bytes)
Total: 3

VM state: at safepoint (normal execution)

VM Mutex/Monitor currently owned by a thread:  ([mutex/lock_event])
[0x00007fff3042e308] Threads_lock - owner thread: 0x000001773093e800
[0x00007fff3042e408] Heap_lock - owner thread: 0x000001778f279b00

Heap address: 0x0000000080000000, size: 2048 MB, Compressed Oops mode: 32-bit

CDS archive(s) mapped at: [0x0000017748000000-0x0000017748ba0000-0x0000017748ba0000), size 12189696, SharedBaseAddress: 0x0000017748000000, ArchiveRelocationMode: 1.
Compressed class space mapped at: 0x0000017749000000-0x0000017789000000, reserved size: 1073741824
Narrow klass base: 0x0000017748000000, Narrow klass shift: 0, Narrow klass range: 0x100000000

GC Precious Log:
 CardTable entry size: 512
 CPUs: 12 total, 12 available
 Memory: 6005M
 Large Page Support: Disabled
 NUMA Support: Disabled
 Compressed Oops: Enabled (32-bit)
 Alignments: Space 512K, Generation 512K, Heap 2M
 Heap Min Capacity: 100M
 Heap Initial Capacity: 100M
 Heap Max Capacity: 2G
 Pre-touch: Disabled
 Parallel Workers: 10

Heap:
 PSYoungGen      total 20480K, used 2551K [0x00000000d5580000, 0x00000000d6e80000, 0x0000000100000000)
  eden space 17920K, 0% used [0x00000000d5580000,0x00000000d5580000,0x00000000d6700000)
  from space 2560K, 99% used [0x00000000d6c00000,0x00000000d6e7df88,0x00000000d6e80000)
  to   space 3072K, 0% used [0x00000000d6900000,0x00000000d6900000,0x00000000d6c00000)
 ParOldGen       total 68608K, used 65878K [0x0000000080000000, 0x0000000084300000, 0x00000000d5580000)
  object space 68608K, 96% used [0x0000000080000000,0x0000000084055870,0x0000000084300000)
 Metaspace       used 54940K, committed 56320K, reserved 1114112K
  class space    used 5850K, committed 6464K, reserved 1048576K

Card table byte_map: [0x0000017730220000,0x0000017730630000] _byte_map_base: 0x000001772fe20000

Marking Bits: (ParMarkBitMap*) 0x00007fff304331f0
 Begin Bits: [0x0000017742d20000, 0x0000017744d20000)
 End Bits:   [0x0000017744d20000, 0x0000017746d20000)

Polling page: 0x000001772e6d0000

Metaspace:

Usage:
  Non-class:     47.94 MB used.
      Class:      5.71 MB used.
       Both:     53.65 MB used.

Virtual space:
  Non-class space:       64.00 MB reserved,      48.69 MB ( 76%) committed,  1 nodes.
      Class space:        1.00 GB reserved,       6.31 MB ( <1%) committed,  1 nodes.
             Both:        1.06 GB reserved,      55.00 MB (  5%) committed. 

Chunk freelists:
   Non-Class:  14.53 MB
       Class:  9.64 MB
        Both:  24.17 MB

MaxMetaspaceSize: unlimited
CompressedClassSpaceSize: 1.00 GB
Initial GC threshold: 21.00 MB
Current GC threshold: 58.88 MB
CDS: on
 - commit_granule_bytes: 65536.
 - commit_granule_words: 8192.
 - virtual_space_node_default_size: 8388608.
 - enlarge_chunks_in_place: 1.
 - use_allocation_guard: 0.


Internal statistics:

num_allocs_failed_limit: 10.
num_arena_births: 1038.
num_arena_deaths: 14.
num_vsnodes_births: 2.
num_vsnodes_deaths: 0.
num_space_committed: 880.
num_space_uncommitted: 0.
num_chunks_returned_to_freelist: 24.
num_chunks_taken_from_freelist: 3489.
num_chunk_merges: 10.
num_chunk_splits: 2070.
num_chunks_enlarged: 1063.
num_inconsistent_stats: 0.

CodeHeap 'non-profiled nmethods': size=120000Kb used=3042Kb max_used=3042Kb free=116957Kb
 bounds [0x000001773b540000, 0x000001773b840000, 0x0000017742a70000]
CodeHeap 'profiled nmethods': size=120000Kb used=14843Kb max_used=14843Kb free=105156Kb
 bounds [0x0000017733a70000, 0x00000177348f0000, 0x000001773afa0000]
CodeHeap 'non-nmethods': size=5760Kb used=1434Kb max_used=1470Kb free=4325Kb
 bounds [0x000001773afa0000, 0x000001773b210000, 0x000001773b540000]
 total_blobs=8167 nmethods=7428 adapters=645
 compilation: enabled
              stopped_count=0, restarted_count=0
 full_count=0

Compilation events (20 events):
Event: 11.704 Thread 0x000001778a26cbe0 nmethod 8093 0x00000177348eae10 code [0x00000177348eafc0, 0x00000177348eb168]
Event: 11.705 Thread 0x000001778a26cbe0 8094       2       com.sun.jna.internal.Cleaner$CleanerRef::clean (21 bytes)
Event: 11.705 Thread 0x000001778a26cbe0 nmethod 8094 0x00000177348eb290 code [0x00000177348eb440, 0x00000177348eb5b8]
Event: 11.705 Thread 0x000001778a26cbe0 8095       2       com.sun.jna.internal.Cleaner::access$000 (6 bytes)
Event: 11.706 Thread 0x000001778a26cbe0 nmethod 8095 0x00000177348eb710 code [0x00000177348eb8c0, 0x00000177348eb9c8]
Event: 11.706 Thread 0x000001778a26cbe0 8096  s!   2       com.sun.jna.internal.Cleaner::remove (100 bytes)
Event: 11.706 Thread 0x000001778a26cbe0 nmethod 8096 0x00000177348eba90 code [0x00000177348ebc40, 0x00000177348ebff0]
Event: 11.706 Thread 0x000001778a26cbe0 8097  s!   2       com.sun.jna.Memory$MemoryDisposer::run (56 bytes)
Event: 11.707 Thread 0x000001778a26cbe0 nmethod 8097 0x00000177348ec210 code [0x00000177348ec400, 0x00000177348ec710]
Event: 11.707 Thread 0x000001778a26cbe0 8098       2       com.sun.jna.Memory::free (11 bytes)
Event: 11.708 Thread 0x000001778a26cbe0 nmethod 8098 0x00000177348ec890 code [0x00000177348eca40, 0x00000177348ecb50]
Event: 11.708 Thread 0x000001778a26cbe0 8100       3       org.eclipse.jdt.internal.compiler.util.JrtFileSystem::getClassfileContent (71 bytes)
Event: 11.708 Thread 0x000001778a26cbe0 nmethod 8100 0x00000177348ecc10 code [0x00000177348ecde0, 0x00000177348ed1b0]
Event: 11.708 Thread 0x000001778a26cbe0 8099       2       com.sun.jna.Memory::access$000 (4 bytes)
Event: 11.709 Thread 0x000001778a26cbe0 nmethod 8099 0x00000177348ed390 code [0x00000177348ed520, 0x00000177348ed610]
Event: 11.710 Thread 0x000001778a26cbe0 8101   !   3       org.eclipse.jdt.internal.core.search.indexing.BinaryContainer::isValidPackageNameForClassOrisModule (158 bytes)
Event: 11.712 Thread 0x000001778a26cbe0 nmethod 8101 0x00000177348ed690 code [0x00000177348ed960, 0x00000177348ee410]
Event: 11.712 Thread 0x000001778a26cbe0 8102       3       org.eclipse.jdt.internal.core.search.indexing.BinaryContainer::isIdentifier (52 bytes)
Event: 11.713 Thread 0x000001778a26cbe0 nmethod 8102 0x00000177348ee890 code [0x00000177348eea60, 0x00000177348eed60]
Event: 11.713 Thread 0x000001778a26cbe0 8103   !   3       org.eclipse.jdt.internal.core.search.indexing.BinaryContainer::$SWITCH_TABLE$org$eclipse$jdt$internal$compiler$parser$TerminalToken (2080 bytes)

GC Heap History (20 events):
Event: 8.637 GC heap after
{Heap after GC invocations=26 (full 2):
 PSYoungGen      total 22528K, used 1504K [0x00000000d5580000, 0x00000000d7400000, 0x0000000100000000)
  eden space 20992K, 0% used [0x00000000d5580000,0x00000000d5580000,0x00000000d6a00000)
  from space 1536K, 97% used [0x00000000d6e80000,0x00000000d6ff8010,0x00000000d7000000)
  to   space 4608K, 0% used [0x00000000d6a00000,0x00000000d6a00000,0x00000000d6e80000)
 ParOldGen       total 68608K, used 39561K [0x0000000080000000, 0x0000000084300000, 0x00000000d5580000)
  object space 68608K, 57% used [0x0000000080000000,0x00000000826a2488,0x0000000084300000)
 Metaspace       used 45837K, committed 47104K, reserved 1114112K
  class space    used 4789K, committed 5376K, reserved 1048576K
}
Event: 8.773 GC heap before
{Heap before GC invocations=27 (full 2):
 PSYoungGen      total 22528K, used 22496K [0x00000000d5580000, 0x00000000d7400000, 0x0000000100000000)
  eden space 20992K, 100% used [0x00000000d5580000,0x00000000d6a00000,0x00000000d6a00000)
  from space 1536K, 97% used [0x00000000d6e80000,0x00000000d6ff8010,0x00000000d7000000)
  to   space 4608K, 0% used [0x00000000d6a00000,0x00000000d6a00000,0x00000000d6e80000)
 ParOldGen       total 68608K, used 39561K [0x0000000080000000, 0x0000000084300000, 0x00000000d5580000)
  object space 68608K, 57% used [0x0000000080000000,0x00000000826a2488,0x0000000084300000)
 Metaspace       used 46242K, committed 47488K, reserved 1114112K
  class space    used 4826K, committed 5376K, reserved 1048576K
}
Event: 8.780 GC heap after
{Heap after GC invocations=27 (full 2):
 PSYoungGen      total 23552K, used 2198K [0x00000000d5580000, 0x00000000d7000000, 0x0000000100000000)
  eden space 20992K, 0% used [0x00000000d5580000,0x00000000d5580000,0x00000000d6a00000)
  from space 2560K, 85% used [0x00000000d6a00000,0x00000000d6c25808,0x00000000d6c80000)
  to   space 3072K, 0% used [0x00000000d6d00000,0x00000000d6d00000,0x00000000d7000000)
 ParOldGen       total 68608K, used 41089K [0x0000000080000000, 0x0000000084300000, 0x00000000d5580000)
  object space 68608K, 59% used [0x0000000080000000,0x0000000082820718,0x0000000084300000)
 Metaspace       used 46242K, committed 47488K, reserved 1114112K
  class space    used 4826K, committed 5376K, reserved 1048576K
}
Event: 8.943 GC heap before
{Heap before GC invocations=28 (full 2):
 PSYoungGen      total 23552K, used 23190K [0x00000000d5580000, 0x00000000d7000000, 0x0000000100000000)
  eden space 20992K, 100% used [0x00000000d5580000,0x00000000d6a00000,0x00000000d6a00000)
  from space 2560K, 85% used [0x00000000d6a00000,0x00000000d6c25808,0x00000000d6c80000)
  to   space 3072K, 0% used [0x00000000d6d00000,0x00000000d6d00000,0x00000000d7000000)
 ParOldGen       total 68608K, used 41089K [0x0000000080000000, 0x0000000084300000, 0x00000000d5580000)
  object space 68608K, 59% used [0x0000000080000000,0x0000000082820718,0x0000000084300000)
 Metaspace       used 46832K, committed 48128K, reserved 1114112K
  class space    used 4896K, committed 5440K, reserved 1048576K
}
Event: 8.948 GC heap after
{Heap after GC invocations=28 (full 2):
 PSYoungGen      total 23552K, used 2316K [0x00000000d5580000, 0x00000000d6f80000, 0x0000000100000000)
  eden space 20992K, 0% used [0x00000000d5580000,0x00000000d5580000,0x00000000d6a00000)
  from space 2560K, 90% used [0x00000000d6d00000,0x00000000d6f432d8,0x00000000d6f80000)
  to   space 2560K, 0% used [0x00000000d6a00000,0x00000000d6a00000,0x00000000d6c80000)
 ParOldGen       total 68608K, used 43117K [0x0000000080000000, 0x0000000084300000, 0x00000000d5580000)
  object space 68608K, 62% used [0x0000000080000000,0x0000000082a1b778,0x0000000084300000)
 Metaspace       used 46832K, committed 48128K, reserved 1114112K
  class space    used 4896K, committed 5440K, reserved 1048576K
}
Event: 9.159 GC heap before
{Heap before GC invocations=29 (full 2):
 PSYoungGen      total 23552K, used 23308K [0x00000000d5580000, 0x00000000d6f80000, 0x0000000100000000)
  eden space 20992K, 100% used [0x00000000d5580000,0x00000000d6a00000,0x00000000d6a00000)
  from space 2560K, 90% used [0x00000000d6d00000,0x00000000d6f432d8,0x00000000d6f80000)
  to   space 2560K, 0% used [0x00000000d6a00000,0x00000000d6a00000,0x00000000d6c80000)
 ParOldGen       total 68608K, used 43117K [0x0000000080000000, 0x0000000084300000, 0x00000000d5580000)
  object space 68608K, 62% used [0x0000000080000000,0x0000000082a1b778,0x0000000084300000)
 Metaspace       used 49052K, committed 50368K, reserved 1114112K
  class space    used 5199K, committed 5760K, reserved 1048576K
}
Event: 9.164 GC heap after
{Heap after GC invocations=29 (full 2):
 PSYoungGen      total 23552K, used 2116K [0x00000000d5580000, 0x00000000d6f00000, 0x0000000100000000)
  eden space 20992K, 0% used [0x00000000d5580000,0x00000000d5580000,0x00000000d6a00000)
  from space 2560K, 82% used [0x00000000d6a00000,0x00000000d6c11198,0x00000000d6c80000)
  to   space 2560K, 0% used [0x00000000d6c80000,0x00000000d6c80000,0x00000000d6f00000)
 ParOldGen       total 68608K, used 45290K [0x0000000080000000, 0x0000000084300000, 0x00000000d5580000)
  object space 68608K, 66% used [0x0000000080000000,0x0000000082c3abf0,0x0000000084300000)
 Metaspace       used 49052K, committed 50368K, reserved 1114112K
  class space    used 5199K, committed 5760K, reserved 1048576K
}
Event: 9.555 GC heap before
{Heap before GC invocations=30 (full 2):
 PSYoungGen      total 23552K, used 23108K [0x00000000d5580000, 0x00000000d6f00000, 0x0000000100000000)
  eden space 20992K, 100% used [0x00000000d5580000,0x00000000d6a00000,0x00000000d6a00000)
  from space 2560K, 82% used [0x00000000d6a00000,0x00000000d6c11198,0x00000000d6c80000)
  to   space 2560K, 0% used [0x00000000d6c80000,0x00000000d6c80000,0x00000000d6f00000)
 ParOldGen       total 68608K, used 45290K [0x0000000080000000, 0x0000000084300000, 0x00000000d5580000)
  object space 68608K, 66% used [0x0000000080000000,0x0000000082c3abf0,0x0000000084300000)
 Metaspace       used 50567K, committed 51968K, reserved 1114112K
  class space    used 5361K, committed 5952K, reserved 1048576K
}
Event: 9.565 GC heap after
{Heap after GC invocations=30 (full 2):
 PSYoungGen      total 20480K, used 2558K [0x00000000d5580000, 0x00000000d7500000, 0x0000000100000000)
  eden space 17920K, 0% used [0x00000000d5580000,0x00000000d5580000,0x00000000d6700000)
  from space 2560K, 99% used [0x00000000d6c80000,0x00000000d6effbe8,0x00000000d6f00000)
  to   space 5632K, 0% used [0x00000000d6700000,0x00000000d6700000,0x00000000d6c80000)
 ParOldGen       total 68608K, used 47556K [0x0000000080000000, 0x0000000084300000, 0x00000000d5580000)
  object space 68608K, 69% used [0x0000000080000000,0x0000000082e713c0,0x0000000084300000)
 Metaspace       used 50567K, committed 51968K, reserved 1114112K
  class space    used 5361K, committed 5952K, reserved 1048576K
}
Event: 10.066 GC heap before
{Heap before GC invocations=31 (full 2):
 PSYoungGen      total 20480K, used 20478K [0x00000000d5580000, 0x00000000d7500000, 0x0000000100000000)
  eden space 17920K, 100% used [0x00000000d5580000,0x00000000d6700000,0x00000000d6700000)
  from space 2560K, 99% used [0x00000000d6c80000,0x00000000d6effbe8,0x00000000d6f00000)
  to   space 5632K, 0% used [0x00000000d6700000,0x00000000d6700000,0x00000000d6c80000)
 ParOldGen       total 68608K, used 47556K [0x0000000080000000, 0x0000000084300000, 0x00000000d5580000)
  object space 68608K, 69% used [0x0000000080000000,0x0000000082e713c0,0x0000000084300000)
 Metaspace       used 51208K, committed 52544K, reserved 1114112K
  class space    used 5451K, committed 6016K, reserved 1048576K
}
Event: 10.077 GC heap after
{Heap after GC invocations=31 (full 2):
 PSYoungGen      total 22016K, used 3599K [0x00000000d5580000, 0x00000000d6f00000, 0x0000000100000000)
  eden space 17920K, 0% used [0x00000000d5580000,0x00000000d5580000,0x00000000d6700000)
  from space 4096K, 87% used [0x00000000d6700000,0x00000000d6a83c28,0x00000000d6b00000)
  to   space 4096K, 0% used [0x00000000d6b00000,0x00000000d6b00000,0x00000000d6f00000)
 ParOldGen       total 68608K, used 50017K [0x0000000080000000, 0x0000000084300000, 0x00000000d5580000)
  object space 68608K, 72% used [0x0000000080000000,0x00000000830d84b0,0x0000000084300000)
 Metaspace       used 51208K, committed 52544K, reserved 1114112K
  class space    used 5451K, committed 6016K, reserved 1048576K
}
Event: 10.620 GC heap before
{Heap before GC invocations=32 (full 2):
 PSYoungGen      total 22016K, used 21519K [0x00000000d5580000, 0x00000000d6f00000, 0x0000000100000000)
  eden space 17920K, 100% used [0x00000000d5580000,0x00000000d6700000,0x00000000d6700000)
  from space 4096K, 87% used [0x00000000d6700000,0x00000000d6a83c28,0x00000000d6b00000)
  to   space 4096K, 0% used [0x00000000d6b00000,0x00000000d6b00000,0x00000000d6f00000)
 ParOldGen       total 68608K, used 50017K [0x0000000080000000, 0x0000000084300000, 0x00000000d5580000)
  object space 68608K, 72% used [0x0000000080000000,0x00000000830d84b0,0x0000000084300000)
 Metaspace       used 51964K, committed 53312K, reserved 1114112K
  class space    used 5554K, committed 6144K, reserved 1048576K
}
Event: 10.628 GC heap after
{Heap after GC invocations=32 (full 2):
 PSYoungGen      total 20992K, used 2903K [0x00000000d5580000, 0x00000000d6e00000, 0x0000000100000000)
  eden space 17920K, 0% used [0x00000000d5580000,0x00000000d5580000,0x00000000d6700000)
  from space 3072K, 94% used [0x00000000d6b00000,0x00000000d6dd5e38,0x00000000d6e00000)
  to   space 3584K, 0% used [0x00000000d6700000,0x00000000d6700000,0x00000000d6a80000)
 ParOldGen       total 68608K, used 53437K [0x0000000080000000, 0x0000000084300000, 0x00000000d5580000)
  object space 68608K, 77% used [0x0000000080000000,0x000000008342f7c8,0x0000000084300000)
 Metaspace       used 51964K, committed 53312K, reserved 1114112K
  class space    used 5554K, committed 6144K, reserved 1048576K
}
Event: 11.046 GC heap before
{Heap before GC invocations=33 (full 2):
 PSYoungGen      total 20992K, used 20823K [0x00000000d5580000, 0x00000000d6e00000, 0x0000000100000000)
  eden space 17920K, 100% used [0x00000000d5580000,0x00000000d6700000,0x00000000d6700000)
  from space 3072K, 94% used [0x00000000d6b00000,0x00000000d6dd5e38,0x00000000d6e00000)
  to   space 3584K, 0% used [0x00000000d6700000,0x00000000d6700000,0x00000000d6a80000)
 ParOldGen       total 68608K, used 53437K [0x0000000080000000, 0x0000000084300000, 0x00000000d5580000)
  object space 68608K, 77% used [0x0000000080000000,0x000000008342f7c8,0x0000000084300000)
 Metaspace       used 52583K, committed 53952K, reserved 1114112K
  class space    used 5615K, committed 6208K, reserved 1048576K
}
Event: 11.053 GC heap after
{Heap after GC invocations=33 (full 2):
 PSYoungGen      total 21504K, used 3552K [0x00000000d5580000, 0x00000000d7500000, 0x0000000100000000)
  eden space 17920K, 0% used [0x00000000d5580000,0x00000000d5580000,0x00000000d6700000)
  from space 3584K, 99% used [0x00000000d6700000,0x00000000d6a78100,0x00000000d6a80000)
  to   space 7168K, 0% used [0x00000000d6e00000,0x00000000d6e00000,0x00000000d7500000)
 ParOldGen       total 68608K, used 56202K [0x0000000080000000, 0x0000000084300000, 0x00000000d5580000)
  object space 68608K, 81% used [0x0000000080000000,0x00000000836e29f0,0x0000000084300000)
 Metaspace       used 52583K, committed 53952K, reserved 1114112K
  class space    used 5615K, committed 6208K, reserved 1048576K
}
Event: 11.336 GC heap before
{Heap before GC invocations=34 (full 2):
 PSYoungGen      total 21504K, used 21472K [0x00000000d5580000, 0x00000000d7500000, 0x0000000100000000)
  eden space 17920K, 100% used [0x00000000d5580000,0x00000000d6700000,0x00000000d6700000)
  from space 3584K, 99% used [0x00000000d6700000,0x00000000d6a78100,0x00000000d6a80000)
  to   space 7168K, 0% used [0x00000000d6e00000,0x00000000d6e00000,0x00000000d7500000)
 ParOldGen       total 68608K, used 56202K [0x0000000080000000, 0x0000000084300000, 0x00000000d5580000)
  object space 68608K, 81% used [0x0000000080000000,0x00000000836e29f0,0x0000000084300000)
 Metaspace       used 54367K, committed 55744K, reserved 1114112K
  class space    used 5779K, committed 6400K, reserved 1048576K
}
Event: 11.343 GC heap after
{Heap after GC invocations=34 (full 2):
 PSYoungGen      total 20992K, used 2686K [0x00000000d5580000, 0x00000000d7100000, 0x0000000100000000)
  eden space 17920K, 0% used [0x00000000d5580000,0x00000000d5580000,0x00000000d6700000)
  from space 3072K, 87% used [0x00000000d6e00000,0x00000000d709fbb0,0x00000000d7100000)
  to   space 4096K, 0% used [0x00000000d6900000,0x00000000d6900000,0x00000000d6d00000)
 ParOldGen       total 68608K, used 59593K [0x0000000080000000, 0x0000000084300000, 0x00000000d5580000)
  object space 68608K, 86% used [0x0000000080000000,0x0000000083a32770,0x0000000084300000)
 Metaspace       used 54367K, committed 55744K, reserved 1114112K
  class space    used 5779K, committed 6400K, reserved 1048576K
}
Event: 11.598 GC heap before
{Heap before GC invocations=35 (full 2):
 PSYoungGen      total 20992K, used 20606K [0x00000000d5580000, 0x00000000d7100000, 0x0000000100000000)
  eden space 17920K, 100% used [0x00000000d5580000,0x00000000d6700000,0x00000000d6700000)
  from space 3072K, 87% used [0x00000000d6e00000,0x00000000d709fbb0,0x00000000d7100000)
  to   space 4096K, 0% used [0x00000000d6900000,0x00000000d6900000,0x00000000d6d00000)
 ParOldGen       total 68608K, used 59593K [0x0000000080000000, 0x0000000084300000, 0x00000000d5580000)
  object space 68608K, 86% used [0x0000000080000000,0x0000000083a32770,0x0000000084300000)
 Metaspace       used 54802K, committed 56192K, reserved 1114112K
  class space    used 5834K, committed 6400K, reserved 1048576K
}
Event: 11.604 GC heap after
{Heap after GC invocations=35 (full 2):
 PSYoungGen      total 20992K, used 2860K [0x00000000d5580000, 0x00000000d6e80000, 0x0000000100000000)
  eden space 17920K, 0% used [0x00000000d5580000,0x00000000d5580000,0x00000000d6700000)
  from space 3072K, 93% used [0x00000000d6900000,0x00000000d6bcb170,0x00000000d6c00000)
  to   space 2560K, 0% used [0x00000000d6c00000,0x00000000d6c00000,0x00000000d6e80000)
 ParOldGen       total 68608K, used 61976K [0x0000000080000000, 0x0000000084300000, 0x00000000d5580000)
  object space 68608K, 90% used [0x0000000080000000,0x0000000083c863b8,0x0000000084300000)
 Metaspace       used 54802K, committed 56192K, reserved 1114112K
  class space    used 5834K, committed 6400K, reserved 1048576K
}
Event: 11.761 GC heap before
{Heap before GC invocations=36 (full 2):
 PSYoungGen      total 20992K, used 20780K [0x00000000d5580000, 0x00000000d6e80000, 0x0000000100000000)
  eden space 17920K, 100% used [0x00000000d5580000,0x00000000d6700000,0x00000000d6700000)
  from space 3072K, 93% used [0x00000000d6900000,0x00000000d6bcb170,0x00000000d6c00000)
  to   space 2560K, 0% used [0x00000000d6c00000,0x00000000d6c00000,0x00000000d6e80000)
 ParOldGen       total 68608K, used 61976K [0x0000000080000000, 0x0000000084300000, 0x00000000d5580000)
  object space 68608K, 90% used [0x0000000080000000,0x0000000083c863b8,0x0000000084300000)
 Metaspace       used 54940K, committed 56320K, reserved 1114112K
  class space    used 5850K, committed 6464K, reserved 1048576K
}

Dll operation events (12 events):
Event: 0.037 Loaded shared library c:\Users\Admin\.vscode\extensions\redhat.java-1.43.1-win32-x64\jre\21.0.7-win32-x86_64\bin\java.dll
Event: 0.254 Loaded shared library c:\Users\Admin\.vscode\extensions\redhat.java-1.43.1-win32-x64\jre\21.0.7-win32-x86_64\bin\zip.dll
Event: 0.299 Loaded shared library C:\Users\Admin\.vscode\extensions\redhat.java-1.43.1-win32-x64\jre\21.0.7-win32-x86_64\bin\instrument.dll
Event: 0.320 Loaded shared library C:\Users\Admin\.vscode\extensions\redhat.java-1.43.1-win32-x64\jre\21.0.7-win32-x86_64\bin\net.dll
Event: 0.332 Loaded shared library C:\Users\Admin\.vscode\extensions\redhat.java-1.43.1-win32-x64\jre\21.0.7-win32-x86_64\bin\nio.dll
Event: 0.353 Loaded shared library C:\Users\Admin\.vscode\extensions\redhat.java-1.43.1-win32-x64\jre\21.0.7-win32-x86_64\bin\zip.dll
Event: 0.407 Loaded shared library C:\Users\Admin\.vscode\extensions\redhat.java-1.43.1-win32-x64\jre\21.0.7-win32-x86_64\bin\jimage.dll
Event: 0.605 Loaded shared library c:\Users\Admin\.vscode\extensions\redhat.java-1.43.1-win32-x64\jre\21.0.7-win32-x86_64\bin\verify.dll
Event: 2.337 Loaded shared library C:\Users\Admin\AppData\Roaming\Code\User\globalStorage\redhat.java\1.43.1\config_win\org.eclipse.equinox.launcher\org.eclipse.equinox.launcher.win32.win32.x86_64_1.2.1300.v20250331-1702\eclipse_11911.dll
Event: 4.350 Loaded shared library C:\Users\Admin\AppData\Local\Temp\jna-63116079\jna17974411619536836131.dll
Event: 7.570 Loaded shared library C:\Users\Admin\.vscode\extensions\redhat.java-1.43.1-win32-x64\jre\21.0.7-win32-x86_64\bin\sunmscapi.dll
Event: 7.738 Loaded shared library C:\Users\Admin\.vscode\extensions\redhat.java-1.43.1-win32-x64\jre\21.0.7-win32-x86_64\bin\extnet.dll

Deoptimization events (20 events):
Event: 11.710 Thread 0x000001778f2780c0 DEOPT PACKING pc=0x000001773442f846 sp=0x00000051697fdb50
Event: 11.710 Thread 0x000001778f2780c0 DEOPT UNPACKING pc=0x000001773aff4242 sp=0x00000051697fd0d0 mode 0
Event: 11.711 Thread 0x000001778f279b00 DEOPT PACKING pc=0x00000177345db753 sp=0x00000051699fe420
Event: 11.711 Thread 0x000001778f279b00 DEOPT UNPACKING pc=0x000001773aff4242 sp=0x00000051699fd988 mode 0
Event: 11.719 Thread 0x000001778f279b00 DEOPT PACKING pc=0x00000177345db7d3 sp=0x00000051699fe420
Event: 11.719 Thread 0x000001778f279b00 DEOPT UNPACKING pc=0x000001773aff4242 sp=0x00000051699fd988 mode 0
Event: 11.726 Thread 0x000001778f279b00 DEOPT PACKING pc=0x00000177345db753 sp=0x00000051699fe420
Event: 11.726 Thread 0x000001778f279b00 DEOPT UNPACKING pc=0x000001773aff4242 sp=0x00000051699fd988 mode 0
Event: 11.732 Thread 0x000001778f279b00 DEOPT PACKING pc=0x00000177345db753 sp=0x00000051699fe420
Event: 11.732 Thread 0x000001778f279b00 DEOPT UNPACKING pc=0x000001773aff4242 sp=0x00000051699fd988 mode 0
Event: 11.739 Thread 0x000001778f279b00 DEOPT PACKING pc=0x00000177345db753 sp=0x00000051699fe420
Event: 11.739 Thread 0x000001778f279b00 DEOPT UNPACKING pc=0x000001773aff4242 sp=0x00000051699fd988 mode 0
Event: 11.742 Thread 0x000001778f2780c0 DEOPT PACKING pc=0x000001773442f846 sp=0x00000051697fdbe0
Event: 11.742 Thread 0x000001778f2780c0 DEOPT UNPACKING pc=0x000001773aff4242 sp=0x00000051697fd160 mode 0
Event: 11.747 Thread 0x000001778f279b00 DEOPT PACKING pc=0x00000177345db7d3 sp=0x00000051699fe420
Event: 11.747 Thread 0x000001778f279b00 DEOPT UNPACKING pc=0x000001773aff4242 sp=0x00000051699fd988 mode 0
Event: 11.753 Thread 0x000001778f279b00 DEOPT PACKING pc=0x00000177345db753 sp=0x00000051699fe420
Event: 11.753 Thread 0x000001778f279b00 DEOPT UNPACKING pc=0x000001773aff4242 sp=0x00000051699fd988 mode 0
Event: 11.758 Thread 0x000001778f279b00 DEOPT PACKING pc=0x00000177345db7d3 sp=0x00000051699fe420
Event: 11.758 Thread 0x000001778f279b00 DEOPT UNPACKING pc=0x000001773aff4242 sp=0x00000051699fd988 mode 0

Classes loaded (20 events):
Event: 11.611 Loading class javax/crypto/spec/GCMParameterSpec
Event: 11.611 Loading class javax/crypto/spec/GCMParameterSpec done
Event: 11.612 Loading class javax/crypto/NullCipher
Event: 11.612 Loading class javax/crypto/NullCipher done
Event: 11.612 Loading class com/sun/crypto/provider/GaloisCounterMode$GCMEncrypt
Event: 11.613 Loading class com/sun/crypto/provider/GaloisCounterMode$GCMEngine
Event: 11.613 Loading class com/sun/crypto/provider/GaloisCounterMode$GCMEngine done
Event: 11.613 Loading class com/sun/crypto/provider/GaloisCounterMode$GCMEncrypt done
Event: 11.614 Loading class com/sun/crypto/provider/GCTR
Event: 11.614 Loading class com/sun/crypto/provider/GCM
Event: 11.614 Loading class com/sun/crypto/provider/GCM done
Event: 11.614 Loading class com/sun/crypto/provider/CounterMode
Event: 11.614 Loading class com/sun/crypto/provider/CounterMode done
Event: 11.614 Loading class com/sun/crypto/provider/GCTR done
Event: 11.614 Loading class com/sun/crypto/provider/GHASH
Event: 11.615 Loading class com/sun/crypto/provider/GHASH done
Event: 11.615 Loading class com/sun/crypto/provider/GaloisCounterMode$EncryptOp
Event: 11.615 Loading class com/sun/crypto/provider/GaloisCounterMode$GCMOperation
Event: 11.615 Loading class com/sun/crypto/provider/GaloisCounterMode$GCMOperation done
Event: 11.615 Loading class com/sun/crypto/provider/GaloisCounterMode$EncryptOp done

Classes unloaded (7 events):
Event: 5.204 Thread 0x000001773093e800 Unloading class 0x00000177491a5000 'java/lang/invoke/LambdaForm$MH+0x00000177491a5000'
Event: 5.204 Thread 0x000001773093e800 Unloading class 0x00000177491a4c00 'java/lang/invoke/LambdaForm$MH+0x00000177491a4c00'
Event: 5.204 Thread 0x000001773093e800 Unloading class 0x00000177491a4800 'java/lang/invoke/LambdaForm$MH+0x00000177491a4800'
Event: 5.204 Thread 0x000001773093e800 Unloading class 0x00000177491a4400 'java/lang/invoke/LambdaForm$MH+0x00000177491a4400'
Event: 5.204 Thread 0x000001773093e800 Unloading class 0x00000177491a4000 'java/lang/invoke/LambdaForm$BMH+0x00000177491a4000'
Event: 5.204 Thread 0x000001773093e800 Unloading class 0x00000177491a3c00 'java/lang/invoke/LambdaForm$DMH+0x00000177491a3c00'
Event: 5.204 Thread 0x000001773093e800 Unloading class 0x00000177491a2800 'java/lang/invoke/LambdaForm$DMH+0x00000177491a2800'

Classes redefined (0 events):
No events

Internal exceptions (20 events):
Event: 7.862 Thread 0x000001773087de80 Exception <a 'java/lang/IncompatibleClassChangeError'{0x00000000d650fba8}: Found class java.lang.Object, but interface was expected> (0x00000000d650fba8) 
thrown [s\src\hotspot\share\interpreter\linkResolver.cpp, line 840]
Event: 7.863 Thread 0x000001773087de80 Exception <a 'java/lang/IncompatibleClassChangeError'{0x00000000d6511a30}: Found class java.lang.Object, but interface was expected> (0x00000000d6511a30) 
thrown [s\src\hotspot\share\interpreter\linkResolver.cpp, line 840]
Event: 8.089 Thread 0x000001773087de80 Implicit null exception at 0x000001773b75aaba to 0x000001773b75aaf4
Event: 8.134 Thread 0x000001778f2780c0 Exception <a 'sun/nio/fs/WindowsException'{0x00000000d6701f30}> (0x00000000d6701f30) 
thrown [s\src\hotspot\share\prims\jni.cpp, line 520]
Event: 8.135 Thread 0x000001778f2780c0 Exception <a 'sun/nio/fs/WindowsException'{0x00000000d6702ac0}> (0x00000000d6702ac0) 
thrown [s\src\hotspot\share\prims\jni.cpp, line 520]
Event: 9.228 Thread 0x000001778f279b00 Implicit null exception at 0x000001773b79b55a to 0x000001773b79b658
Event: 9.310 Thread 0x000001778f279470 Exception <a 'java/lang/ExceptionInInitializerError'{0x00000000d5dca3d0}> (0x00000000d5dca3d0) 
thrown [s\src\hotspot\share\oops\instanceKlass.cpp, line 1220]
Event: 9.402 Thread 0x000001778f279470 Implicit null exception at 0x000001773b6825fe to 0x000001773b682870
Event: 9.403 Thread 0x000001778f279470 Implicit null exception at 0x000001773b5ef39c to 0x000001773b5f02b8
Event: 9.409 Thread 0x000001778f279470 Exception <a 'java/lang/NoSuchMethodError'{0x00000000d646eef8}: 'java.lang.Object java.lang.invoke.Invokers$Holder.invokeExact_MT(java.lang.Object, int, java.lang.Object)'> (0x00000000d646eef8) 
thrown [s\src\hotspot\share\interpreter\linkResolver.cpp, line 773]
Event: 9.460 Thread 0x000001778f2780c0 Exception <a 'java/lang/NoSuchMethodError'{0x00000000d6654578}: 'java.lang.Object java.lang.invoke.DirectMethodHandle$Holder.invokeStatic(java.lang.Object, int, java.lang.Object, java.lang.Object)'> (0x00000000d6654578) 
thrown [s\src\hotspot\share\interpreter\linkResolver.cpp, line 773]
Event: 9.461 Thread 0x000001778f2780c0 Exception <a 'java/lang/NoSuchMethodError'{0x00000000d6657d78}: 'java.lang.Object java.lang.invoke.DelegatingMethodHandle$Holder.delegate(java.lang.Object, int, java.lang.Object, java.lang.Object)'> (0x00000000d6657d78) 
thrown [s\src\hotspot\share\interpreter\linkResolver.cpp, line 773]
Event: 9.465 Thread 0x000001778f2780c0 Implicit null exception at 0x000001773b7d8176 to 0x000001773b7d84ac
Event: 9.469 Thread 0x000001778f2780c0 Exception <a 'java/lang/NoSuchMethodError'{0x00000000d666b558}: 'int java.lang.invoke.Invokers$Holder.linkToTargetMethod(java.lang.Object, java.lang.Object, java.lang.Object)'> (0x00000000d666b558) 
thrown [s\src\hotspot\share\interpreter\linkResolver.cpp, line 773]
Event: 10.557 Thread 0x000001778f279470 Exception <a 'java/lang/NoClassDefFoundError'{0x00000000d62b8f80}: com/google/inject/servlet/ServletModuleTargetVisitor> (0x00000000d62b8f80) 
thrown [s\src\hotspot\share\classfile\systemDictionary.cpp, line 301]
Event: 11.250 Thread 0x000001778f27a190 Implicit null exception at 0x000001773b56ddec to 0x000001773b56dea8
Event: 11.433 Thread 0x000001778f2780c0 Exception <a 'sun/nio/fs/WindowsException'{0x00000000d5d89178}> (0x00000000d5d89178) 
thrown [s\src\hotspot\share\prims\jni.cpp, line 520]
Event: 11.489 Thread 0x0000017792310850 Exception <a 'sun/nio/fs/WindowsException'{0x00000000d5ed4478}> (0x00000000d5ed4478) 
thrown [s\src\hotspot\share\prims\jni.cpp, line 520]
Event: 11.498 Thread 0x0000017792310850 Exception <a 'sun/nio/fs/WindowsException'{0x00000000d5eda1b8}> (0x00000000d5eda1b8) 
thrown [s\src\hotspot\share\prims\jni.cpp, line 520]
Event: 11.571 Thread 0x0000017792310ee0 Exception <a 'sun/nio/fs/WindowsException'{0x00000000d631be80}> (0x00000000d631be80) 
thrown [s\src\hotspot\share\prims\jni.cpp, line 520]

ZGC Phase Switch (0 events):
No events

VM Operations (20 events):
Event: 8.949 Executing VM operation: ParallelGCFailedAllocation (Allocation Failure) done
Event: 8.994 Executing VM operation: HandshakeAllThreads (Deoptimize)
Event: 8.995 Executing VM operation: HandshakeAllThreads (Deoptimize) done
Event: 9.159 Executing VM operation: ParallelGCFailedAllocation (Allocation Failure)
Event: 9.165 Executing VM operation: ParallelGCFailedAllocation (Allocation Failure) done
Event: 9.555 Executing VM operation: ParallelGCFailedAllocation (Allocation Failure)
Event: 9.565 Executing VM operation: ParallelGCFailedAllocation (Allocation Failure) done
Event: 10.065 Executing VM operation: ParallelGCFailedAllocation (Allocation Failure)
Event: 10.077 Executing VM operation: ParallelGCFailedAllocation (Allocation Failure) done
Event: 10.619 Executing VM operation: ParallelGCFailedAllocation (Allocation Failure)
Event: 10.628 Executing VM operation: ParallelGCFailedAllocation (Allocation Failure) done
Event: 10.883 Executing VM operation: HandshakeAllThreads (Deoptimize)
Event: 10.883 Executing VM operation: HandshakeAllThreads (Deoptimize) done
Event: 11.045 Executing VM operation: ParallelGCFailedAllocation (Allocation Failure)
Event: 11.053 Executing VM operation: ParallelGCFailedAllocation (Allocation Failure) done
Event: 11.336 Executing VM operation: ParallelGCFailedAllocation (Allocation Failure)
Event: 11.344 Executing VM operation: ParallelGCFailedAllocation (Allocation Failure) done
Event: 11.590 Executing VM operation: ParallelGCFailedAllocation (Allocation Failure)
Event: 11.604 Executing VM operation: ParallelGCFailedAllocation (Allocation Failure) done
Event: 11.761 Executing VM operation: ParallelGCFailedAllocation (Allocation Failure)

Memory protections (0 events):
No events

Nmethod flushes (20 events):
Event: 7.062 Thread 0x000001773093e800 flushing  nmethod 0x0000017734120090
Event: 7.062 Thread 0x000001773093e800 flushing  nmethod 0x0000017734121610
Event: 7.062 Thread 0x000001773093e800 flushing  nmethod 0x0000017734121f10
Event: 7.062 Thread 0x000001773093e800 flushing  nmethod 0x0000017734122790
Event: 7.062 Thread 0x000001773093e800 flushing  nmethod 0x0000017734124710
Event: 7.062 Thread 0x000001773093e800 flushing  nmethod 0x0000017734125a90
Event: 7.062 Thread 0x000001773093e800 flushing  nmethod 0x000001773413fc90
Event: 7.062 Thread 0x000001773093e800 flushing  nmethod 0x000001773415e810
Event: 7.062 Thread 0x000001773093e800 flushing  nmethod 0x0000017734161710
Event: 7.062 Thread 0x000001773093e800 flushing  nmethod 0x0000017734162410
Event: 7.062 Thread 0x000001773093e800 flushing  nmethod 0x000001773417a990
Event: 7.062 Thread 0x000001773093e800 flushing  nmethod 0x00000177341b4410
Event: 7.062 Thread 0x000001773093e800 flushing  nmethod 0x00000177341b5790
Event: 7.062 Thread 0x000001773093e800 flushing  nmethod 0x00000177341dc210
Event: 7.062 Thread 0x000001773093e800 flushing  nmethod 0x000001773420b490
Event: 7.062 Thread 0x000001773093e800 flushing  nmethod 0x000001773420b910
Event: 7.062 Thread 0x000001773093e800 flushing  nmethod 0x000001773422c410
Event: 7.062 Thread 0x000001773093e800 flushing  nmethod 0x000001773422dd90
Event: 7.062 Thread 0x000001773093e800 flushing  nmethod 0x000001773422f490
Event: 7.062 Thread 0x000001773093e800 flushing  nmethod 0x000001773424cd90

Events (20 events):
Event: 7.150 Thread 0x000001773087de80 Thread added: 0x0000017790d98b20
Event: 7.150 Thread 0x000001773087de80 Thread added: 0x0000017790d9d350
Event: 7.151 Thread 0x000001773087de80 Thread added: 0x0000017790d9b910
Event: 7.252 Thread 0x000001773087de80 Thread added: 0x0000017790d9c630
Event: 7.454 Thread 0x0000017790d97770 Thread added: 0x0000017790d9bfa0
Event: 7.497 Thread 0x000001778f27a820 Thread added: 0x0000017790d9ccc0
Event: 7.926 Thread 0x000001773087de80 Thread added: 0x0000017792311c00
Event: 7.926 Thread 0x000001773087de80 Thread added: 0x0000017792312290
Event: 10.383 Thread 0x000001778f2773a0 Thread exited: 0x000001778f2773a0
Event: 11.444 Thread 0x000001778f2780c0 Thread added: 0x0000017792310850
Event: 11.493 Thread 0x0000017792310850 Thread added: 0x0000017792310ee0
Event: 11.551 Thread 0x0000017792310850 Thread added: 0x000001779230fb30
Event: 11.561 Thread 0x0000017792310850 Thread added: 0x0000017792312fb0
Event: 11.570 Thread 0x0000017792310ee0 Thread added: 0x0000017792313cd0
Event: 11.574 Thread 0x0000017792310ee0 Thread added: 0x00000177923149f0
Event: 11.575 Thread 0x00000177923149f0 Thread added: 0x0000017792313640
Event: 11.577 Thread 0x0000017792310ee0 Thread added: 0x0000017792314360
Event: 11.577 Thread 0x0000017792310850 Thread added: 0x0000017792311570
Event: 11.580 Thread 0x0000017792313640 Thread added: 0x0000017792315080
Event: 11.580 Thread 0x0000017792314360 Thread added: 0x0000017792315710


Dynamic libraries:
0x00007ff7518a0000 - 0x00007ff7518ae000 	c:\Users\Admin\.vscode\extensions\redhat.java-1.43.1-win32-x64\jre\21.0.7-win32-x86_64\bin\java.exe
0x00007fffdda40000 - 0x00007fffddca3000 	C:\WINDOWS\SYSTEM32\ntdll.dll
0x00007fffdc390000 - 0x00007fffdc457000 	C:\WINDOWS\System32\KERNEL32.DLL
0x00007fffdb320000 - 0x00007fffdb6e9000 	C:\WINDOWS\System32\KERNELBASE.dll
0x00007fffdaee0000 - 0x00007fffdb02c000 	C:\WINDOWS\System32\ucrtbase.dll
0x00007fff9c270000 - 0x00007fff9c288000 	c:\Users\Admin\.vscode\extensions\redhat.java-1.43.1-win32-x64\jre\21.0.7-win32-x86_64\bin\jli.dll
0x00007fffdc460000 - 0x00007fffdc62a000 	C:\WINDOWS\System32\USER32.dll
0x00007fffdac40000 - 0x00007fffdac67000 	C:\WINDOWS\System32\win32u.dll
0x00007fffdbdf0000 - 0x00007fffdbe1a000 	C:\WINDOWS\System32\GDI32.dll
0x00007fffdada0000 - 0x00007fffdaed1000 	C:\WINDOWS\System32\gdi32full.dll
0x00007fffdb030000 - 0x00007fffdb0d3000 	C:\WINDOWS\System32\msvcp_win.dll
0x00007fff9c250000 - 0x00007fff9c26e000 	c:\Users\Admin\.vscode\extensions\redhat.java-1.43.1-win32-x64\jre\21.0.7-win32-x86_64\bin\VCRUNTIME140.dll
0x00007fffc58b0000 - 0x00007fffc5b40000 	C:\WINDOWS\WinSxS\amd64_microsoft.windows.common-controls_6595b64144ccf1df_6.0.26100.3323_none_3e088096e3344490\COMCTL32.dll
0x00007fffdcb80000 - 0x00007fffdcc29000 	C:\WINDOWS\System32\msvcrt.dll
0x00007fffdd9c0000 - 0x00007fffdd9ef000 	C:\WINDOWS\System32\IMM32.DLL
0x00007fffd2ab0000 - 0x00007fffd2abc000 	c:\Users\Admin\.vscode\extensions\redhat.java-1.43.1-win32-x64\jre\21.0.7-win32-x86_64\bin\vcruntime140_1.dll
0x00007fff31500000 - 0x00007fff3158d000 	c:\Users\Admin\.vscode\extensions\redhat.java-1.43.1-win32-x64\jre\21.0.7-win32-x86_64\bin\msvcp140.dll
0x00007fff2f780000 - 0x00007fff30510000 	c:\Users\Admin\.vscode\extensions\redhat.java-1.43.1-win32-x64\jre\21.0.7-win32-x86_64\bin\server\jvm.dll
0x00007fffdd160000 - 0x00007fffdd212000 	C:\WINDOWS\System32\ADVAPI32.dll
0x00007fffdb860000 - 0x00007fffdb906000 	C:\WINDOWS\System32\sechost.dll
0x00007fffdd040000 - 0x00007fffdd156000 	C:\WINDOWS\System32\RPCRT4.dll
0x00007fffdc310000 - 0x00007fffdc384000 	C:\WINDOWS\System32\WS2_32.dll
0x00007fffd20f0000 - 0x00007fffd2126000 	C:\WINDOWS\SYSTEM32\WINMM.dll
0x00007fffdaad0000 - 0x00007fffdab1e000 	C:\WINDOWS\SYSTEM32\POWRPROF.dll
0x00007fffd2130000 - 0x00007fffd213b000 	C:\WINDOWS\SYSTEM32\VERSION.dll
0x00007fffdaaa0000 - 0x00007fffdaab4000 	C:\WINDOWS\SYSTEM32\UMPDC.dll
0x00007fffd9a20000 - 0x00007fffd9a3a000 	C:\WINDOWS\SYSTEM32\kernel.appcore.dll
0x00007fffc0130000 - 0x00007fffc013a000 	c:\Users\Admin\.vscode\extensions\redhat.java-1.43.1-win32-x64\jre\21.0.7-win32-x86_64\bin\jimage.dll
0x00007fffcdec0000 - 0x00007fffce101000 	C:\WINDOWS\SYSTEM32\DBGHELP.DLL
0x00007fffdc730000 - 0x00007fffdcab2000 	C:\WINDOWS\System32\combase.dll
0x00007fffdbfc0000 - 0x00007fffdc096000 	C:\WINDOWS\System32\OLEAUT32.dll
0x00007fffca700000 - 0x00007fffca739000 	C:\WINDOWS\SYSTEM32\dbgcore.DLL
0x00007fffdac70000 - 0x00007fffdad09000 	C:\WINDOWS\System32\bcryptPrimitives.dll
0x00007fffaa3f0000 - 0x00007fffaa3ff000 	c:\Users\Admin\.vscode\extensions\redhat.java-1.43.1-win32-x64\jre\21.0.7-win32-x86_64\bin\instrument.dll
0x00007fff9c140000 - 0x00007fff9c15f000 	c:\Users\Admin\.vscode\extensions\redhat.java-1.43.1-win32-x64\jre\21.0.7-win32-x86_64\bin\java.dll
0x00007fffdd2a0000 - 0x00007fffdd9b5000 	C:\WINDOWS\System32\SHELL32.dll
0x00007fffdb6f0000 - 0x00007fffdb858000 	C:\WINDOWS\System32\wintypes.dll
0x00007fffd8900000 - 0x00007fffd9145000 	C:\WINDOWS\SYSTEM32\windows.storage.dll
0x00007fffdc1a0000 - 0x00007fffdc28b000 	C:\WINDOWS\System32\SHCORE.dll
0x00007fffdcac0000 - 0x00007fffdcb1d000 	C:\WINDOWS\System32\shlwapi.dll
0x00007fffdab50000 - 0x00007fffdab7f000 	C:\WINDOWS\SYSTEM32\profapi.dll
0x00007fff3f110000 - 0x00007fff3f128000 	c:\Users\Admin\.vscode\extensions\redhat.java-1.43.1-win32-x64\jre\21.0.7-win32-x86_64\bin\zip.dll
0x00007fffa7d00000 - 0x00007fffa7d10000 	C:\Users\Admin\.vscode\extensions\redhat.java-1.43.1-win32-x64\jre\21.0.7-win32-x86_64\bin\net.dll
0x00007fffd2d70000 - 0x00007fffd2e8e000 	C:\WINDOWS\SYSTEM32\WINHTTP.dll
0x00007fffd9f20000 - 0x00007fffd9f8a000 	C:\WINDOWS\system32\mswsock.dll
0x00007fff3cf00000 - 0x00007fff3cf16000 	C:\Users\Admin\.vscode\extensions\redhat.java-1.43.1-win32-x64\jre\21.0.7-win32-x86_64\bin\nio.dll
0x00007fffa4340000 - 0x00007fffa4350000 	c:\Users\Admin\.vscode\extensions\redhat.java-1.43.1-win32-x64\jre\21.0.7-win32-x86_64\bin\verify.dll
0x00007fffaa400000 - 0x00007fffaa445000 	C:\Users\Admin\AppData\Roaming\Code\User\globalStorage\redhat.java\1.43.1\config_win\org.eclipse.equinox.launcher\org.eclipse.equinox.launcher.win32.win32.x86_64_1.2.1300.v20250331-1702\eclipse_11911.dll
0x00007fffdbe20000 - 0x00007fffdbfb5000 	C:\WINDOWS\System32\ole32.dll
0x00007fffda2d0000 - 0x00007fffda2ec000 	C:\WINDOWS\SYSTEM32\CRYPTSP.dll
0x00007fffd9980000 - 0x00007fffd99ba000 	C:\WINDOWS\system32\rsaenh.dll
0x00007fffd9fc0000 - 0x00007fffd9feb000 	C:\WINDOWS\SYSTEM32\USERENV.dll
0x00007fffda460000 - 0x00007fffda486000 	C:\WINDOWS\SYSTEM32\bcrypt.dll
0x00007fffda150000 - 0x00007fffda15c000 	C:\WINDOWS\SYSTEM32\CRYPTBASE.dll
0x00007fffd9440000 - 0x00007fffd9473000 	C:\WINDOWS\SYSTEM32\IPHLPAPI.DLL
0x00007fffdc100000 - 0x00007fffdc10a000 	C:\WINDOWS\System32\NSI.dll
0x00007fffb52d0000 - 0x00007fffb5319000 	C:\Users\Admin\AppData\Local\Temp\jna-63116079\jna17974411619536836131.dll
0x00007fffdc0c0000 - 0x00007fffdc0c8000 	C:\WINDOWS\System32\PSAPI.DLL
0x00007fffd2960000 - 0x00007fffd297f000 	C:\WINDOWS\SYSTEM32\dhcpcsvc6.DLL
0x00007fffd2300000 - 0x00007fffd2325000 	C:\WINDOWS\SYSTEM32\dhcpcsvc.DLL
0x00007fff386f0000 - 0x00007fff386fe000 	C:\Users\Admin\.vscode\extensions\redhat.java-1.43.1-win32-x64\jre\21.0.7-win32-x86_64\bin\sunmscapi.dll
0x00007fffdb0e0000 - 0x00007fffdb257000 	C:\WINDOWS\System32\CRYPT32.dll
0x00007fffda420000 - 0x00007fffda450000 	C:\WINDOWS\SYSTEM32\ncrypt.dll
0x00007fffda3d0000 - 0x00007fffda40f000 	C:\WINDOWS\SYSTEM32\NTASN1.dll
0x00007fffd94d0000 - 0x00007fffd95f5000 	C:\WINDOWS\SYSTEM32\DNSAPI.dll
0x00007fffd3640000 - 0x00007fffd364b000 	C:\Windows\System32\rasadhlp.dll
0x00007fffcfa60000 - 0x00007fffcfae5000 	C:\WINDOWS\System32\fwpuclnt.dll
0x00007fff37680000 - 0x00007fff37689000 	C:\Users\Admin\.vscode\extensions\redhat.java-1.43.1-win32-x64\jre\21.0.7-win32-x86_64\bin\extnet.dll

dbghelp: loaded successfully - version: 4.0.5 - missing functions: none
symbol engine: initialized successfully - sym options: 0x614 - pdb path: .;c:\Users\Admin\.vscode\extensions\redhat.java-1.43.1-win32-x64\jre\21.0.7-win32-x86_64\bin;C:\WINDOWS\SYSTEM32;C:\WINDOWS\WinSxS\amd64_microsoft.windows.common-controls_6595b64144ccf1df_6.0.26100.3323_none_3e088096e3344490;c:\Users\Admin\.vscode\extensions\redhat.java-1.43.1-win32-x64\jre\21.0.7-win32-x86_64\bin\server;C:\Users\Admin\AppData\Roaming\Code\User\globalStorage\redhat.java\1.43.1\config_win\org.eclipse.equinox.launcher\org.eclipse.equinox.launcher.win32.win32.x86_64_1.2.1300.v20250331-1702;C:\Users\Admin\AppData\Local\Temp\jna-63116079

VM Arguments:
jvm_args: --add-modules=ALL-SYSTEM --add-opens=java.base/java.util=ALL-UNNAMED --add-opens=java.base/java.lang=ALL-UNNAMED --add-opens=java.base/sun.nio.fs=ALL-UNNAMED -Declipse.application=org.eclipse.jdt.ls.core.id1 -Dosgi.bundles.defaultStartLevel=4 -Declipse.product=org.eclipse.jdt.ls.core.product -Djava.import.generatesMetadataFilesAtProjectRoot=false -DDetectVMInstallationsJob.disabled=true -Dfile.encoding=utf8 -XX:+UseParallelGC -XX:GCTimeRatio=4 -XX:AdaptiveSizePolicyWeight=90 -Dsun.zip.disableMemoryMapping=true -Xmx2G -Xms100m -Xlog:disable -javaagent:c:\Users\Admin\.vscode\extensions\redhat.java-1.43.1-win32-x64\lombok\lombok-1.18.39-4050.jar -XX:+HeapDumpOnOutOfMemoryError -XX:HeapDumpPath=c:\Users\Admin\AppData\Roaming\Code\User\workspaceStorage\91bfc2bb926e85cacc8896de9206306c\redhat.java -Daether.dependencyCollector.impl=bf 
java_command: c:\Users\Admin\.vscode\extensions\redhat.java-1.43.1-win32-x64\server\plugins\org.eclipse.equinox.launcher_1.7.0.v20250519-0528.jar -configuration c:\Users\Admin\AppData\Roaming\Code\User\globalStorage\redhat.java\1.43.1\config_win -data c:\Users\Admin\AppData\Roaming\Code\User\workspaceStorage\91bfc2bb926e85cacc8896de9206306c\redhat.java\jdt_ws --pipe=\\.\pipe\lsp-e316250d916c3398dd7d159f0674ce3c-sock
java_class_path (initial): c:\Users\Admin\.vscode\extensions\redhat.java-1.43.1-win32-x64\server\plugins\org.eclipse.equinox.launcher_1.7.0.v20250519-0528.jar
Launcher Type: SUN_STANDARD

[Global flags]
    uintx AdaptiveSizePolicyWeight                 = 90                                        {product} {command line}
     intx CICompilerCount                          = 4                                         {product} {ergonomic}
    uintx GCTimeRatio                              = 4                                         {product} {command line}
     bool HeapDumpOnOutOfMemoryError               = true                                   {manageable} {command line}
    ccstr HeapDumpPath                             = c:\Users\Admin\AppData\Roaming\Code\User\workspaceStorage\91bfc2bb926e85cacc8896de9206306c\redhat.java         {manageable} {command line}
   size_t InitialHeapSize                          = 104857600                                 {product} {command line}
   size_t MaxHeapSize                              = 2147483648                                {product} {command line}
   size_t MaxNewSize                               = 715653120                                 {product} {ergonomic}
   size_t MinHeapDeltaBytes                        = 524288                                    {product} {ergonomic}
   size_t MinHeapSize                              = 104857600                                 {product} {command line}
   size_t NewSize                                  = 34603008                                  {product} {ergonomic}
    uintx NonNMethodCodeHeapSize                   = 5839372                                {pd product} {ergonomic}
    uintx NonProfiledCodeHeapSize                  = 122909434                              {pd product} {ergonomic}
   size_t OldSize                                  = 70254592                                  {product} {ergonomic}
    uintx ProfiledCodeHeapSize                     = 122909434                              {pd product} {ergonomic}
    uintx ReservedCodeCacheSize                    = 251658240                              {pd product} {ergonomic}
     bool SegmentedCodeCache                       = true                                      {product} {ergonomic}
   size_t SoftMaxHeapSize                          = 2147483648                             {manageable} {ergonomic}
     bool UseCompressedOops                        = true                           {product lp64_product} {ergonomic}
     bool UseLargePagesIndividualAllocation        = false                                  {pd product} {ergonomic}
     bool UseParallelGC                            = true                                      {product} {command line}

Logging:
Log output configuration:
 #0: stdout all=off uptime,level,tags foldmultilines=false
 #1: stderr all=off uptime,level,tags foldmultilines=false

Environment Variables:
JAVA_HOME=C:\Program Files\Java\jdk-17
PATH=C:\Program Files\Java\jdk-17\bin;C:\Program Files\Java\jdk-21\bin;C:\Users\Admin\Downloads\kafka-3.9.0-src\kafka-3.9.0-src\bin;C:\Users\Admin\Downloads\gradle-8.11-bin\gradle-8.11\bin;D:\JDk\jdk1.8.0_281\bin;C:\Program Files\Common Files\Oracle\Java\javapath;C:\Program Files (x86)\Common Files\Oracle\Java\javapath;C:\WINDOWS\system32;C:\WINDOWS;C:\WINDOWS\System32\Wbem;C:\WINDOWS\System32\WindowsPowerShell\v1.0\;C:\WINDOWS\System32\OpenSSH\;C:\Program Files\nodejs\;C:\Program Files\Java\jdk-17\\bin;C:\Program Files\Git\cmd;C:\Program Files\PuTTY\;C:\Users\Admin\Desktop\mvn\apache-maven-3.9.4-bin\apache-maven-3.9.4\bin;C:\Program Files\Docker\Docker\resources\bin;C:\Users\Admin\Downloads\New folder (19)\strawberry-perl-5.40.0.1-64bit-portable\perl\bin;C:\Program Files\Maven\apache-maven-3.9.9-bin\apache-maven-3.9.9\bin;C:\Program Files\Java\jdk-17\bin;C:\Program Files\Java\jdk-21\bin;C:\Users\Admin\Downloads\kafka-3.9.0-src\kafka-3.9.0-src\bin;C:\Users\Admin\Downloads\gradle-8.11-bin\gradle-8.11\bin;D:\JDk\jdk1.8.0_281\bin;C:\Users\Admin\AppData\Local\Microsoft\WindowsApps;C:\Users\Admin\AppData\Local\Programs\Microsoft VS Code\bin;C:\Users\Admin\AppData\Roaming\npm;C:\Program Files\JetBrains\IntelliJ IDEA 2024.1.2\bin;;C:\Program Files\PHP;C:\Users\Admin\AppData\Local\Programs\MiKTeX\miktex\bin\x64\;C:\Users\Admin\Downloads\New folder (19)\strawberry-perl-5.40.0.1-64bit-portable\perl\bin;C:\Program Files\Maven\apache-maven-3.9.9-bin\apache-maven-3.9.9\bin;
USERNAME=Admin
OS=Windows_NT
PROCESSOR_IDENTIFIER=AMD64 Family 23 Model 104 Stepping 1, AuthenticAMD
TMP=C:\Users\Admin\AppData\Local\Temp
TEMP=C:\Users\Admin\AppData\Local\Temp




Periodic native trim disabled

---------------  S Y S T E M  ---------------

OS:
 Windows 11 , 64 bit Build 26100 (10.0.26100.3323)
OS uptime: 0 days 6:38 hours
Hyper-V role detected

CPU: total 12 (initial active 12) (12 cores per cpu, 2 threads per core) family 23 model 104 stepping 1 microcode 0x8608103, cx8, cmov, fxsr, ht, mmx, 3dnowpref, sse, sse2, sse3, ssse3, sse4a, sse4.1, sse4.2, popcnt, lzcnt, tsc, tscinvbit, avx, avx2, aes, clmul, bmi1, bmi2, adx, sha, fma, vzeroupper, clflush, clflushopt, hv, rdtscp, rdpid, f16c
Processor Information for processor 0
  Max Mhz: 2100, Current Mhz: 2100, Mhz Limit: 2100
Processor Information for processor 1
  Max Mhz: 2100, Current Mhz: 1988, Mhz Limit: 2100
Processor Information for processor 2
  Max Mhz: 2100, Current Mhz: 2100, Mhz Limit: 2100
Processor Information for processor 3
  Max Mhz: 2100, Current Mhz: 2100, Mhz Limit: 2100
Processor Information for processor 4
  Max Mhz: 2100, Current Mhz: 2100, Mhz Limit: 2100
Processor Information for processor 5
  Max Mhz: 2100, Current Mhz: 2100, Mhz Limit: 2100
Processor Information for processor 6
  Max Mhz: 2100, Current Mhz: 2100, Mhz Limit: 2100
Processor Information for processor 7
  Max Mhz: 2100, Current Mhz: 2100, Mhz Limit: 2100
Processor Information for processor 8
  Max Mhz: 2100, Current Mhz: 2100, Mhz Limit: 2100
Processor Information for processor 9
  Max Mhz: 2100, Current Mhz: 2100, Mhz Limit: 2100
Processor Information for processor 10
  Max Mhz: 2100, Current Mhz: 2100, Mhz Limit: 2100
Processor Information for processor 11
  Max Mhz: 2100, Current Mhz: 2100, Mhz Limit: 2100

Memory: 4k page, system-wide physical 6005M (326M free)
TotalPageFile size 24437M (AvailPageFile size 108M)
current process WorkingSet (physical memory assigned to process): 286M, peak: 286M
current process commit charge ("private bytes"): 366M, peak: 366M

vm_info: OpenJDK 64-Bit Server VM (21.0.7+6-LTS) for windows-amd64 JRE (21.0.7+6-LTS), built on 2025-04-15T00:00:00Z by "admin" with MS VC++ 17.7 (VS2022)

END.
