#
# There is insufficient memory for the Java Runtime Environment to continue.
# Native memory allocation (malloc) failed to allocate 1348656 bytes. Error detail: Chunk::new
# Possible reasons:
#   The system is out of physical RAM or swap space
#   This process is running with CompressedOops enabled, and the Java Heap may be blocking the growth of the native heap
# Possible solutions:
#   Reduce memory load on the system
#   Increase physical memory or swap space
#   Check if swap backing store is full
#   Decrease Java heap size (-Xmx/-Xms)
#   Decrease number of Java threads
#   Decrease Java thread stack sizes (-Xss)
#   Set larger code cache with -XX:ReservedCodeCacheSize=
#   JVM is running with Unscaled Compressed Oops mode in which the Java heap is
#     placed in the first 4GB address space. The Java Heap base address is the
#     maximum limit for the native heap growth. Please use -XX:HeapBaseMinAddress
#     to set the Java Heap base and to place the Java Heap above 4GB virtual address.
# This output file may be truncated or incomplete.
#
#  Out of Memory Error (arena.cpp:168), pid=11280, tid=19260
#
# JRE version: OpenJDK Runtime Environment Temurin-21.0.7+6 (21.0.7+6) (build 21.0.7+6-LTS)
# Java VM: OpenJDK 64-Bit Server VM Temurin-21.0.7+6 (21.0.7+6-LTS, mixed mode, sharing, tiered, compressed oops, compressed class ptrs, parallel gc, windows-amd64)
# No core dump will be written. Minidumps are not enabled by default on client versions of Windows
#

---------------  S U M M A R Y ------------

Command Line: --add-modules=ALL-SYSTEM --add-opens=java.base/java.util=ALL-UNNAMED --add-opens=java.base/java.lang=ALL-UNNAMED --add-opens=java.base/sun.nio.fs=ALL-UNNAMED -Declipse.application=org.eclipse.jdt.ls.core.id1 -Dosgi.bundles.defaultStartLevel=4 -Declipse.product=org.eclipse.jdt.ls.core.product -Djava.import.generatesMetadataFilesAtProjectRoot=false -DDetectVMInstallationsJob.disabled=true -Dfile.encoding=utf8 -XX:+UseParallelGC -XX:GCTimeRatio=4 -XX:AdaptiveSizePolicyWeight=90 -Dsun.zip.disableMemoryMapping=true -Xmx2G -Xms100m -Xlog:disable -javaagent:c:\Users\Admin\.vscode\extensions\redhat.java-1.43.1-win32-x64\lombok\lombok-1.18.39-4050.jar -XX:+HeapDumpOnOutOfMemoryError -XX:HeapDumpPath=c:\Users\Admin\AppData\Roaming\Code\User\workspaceStorage\91bfc2bb926e85cacc8896de9206306c\redhat.java -Daether.dependencyCollector.impl=bf c:\Users\Admin\.vscode\extensions\redhat.java-1.43.1-win32-x64\server\plugins\org.eclipse.equinox.launcher_1.7.0.v20250519-0528.jar -configuration c:\Users\Admin\AppData\Roaming\Code\User\globalStorage\redhat.java\1.43.1\config_win -data c:\Users\Admin\AppData\Roaming\Code\User\workspaceStorage\91bfc2bb926e85cacc8896de9206306c\redhat.java\jdt_ws --pipe=\\.\pipe\lsp-4612402555713af228ce59c2ef5f48d3-sock

Host: AMD Ryzen 5 5500U with Radeon Graphics         , 12 cores, 5G,  Windows 11 , 64 bit Build 26100 (10.0.26100.3323)
Time: Thu Jul 10 11:55:52 2025 W. Central Africa Standard Time elapsed time: 30.065298 seconds (0d 0h 0m 30s)

---------------  T H R E A D  ---------------

Current thread (0x000002ae7b4e41a0):  JavaThread "C2 CompilerThread1" daemon [_thread_in_native, id=19260, stack(0x000000d9b1400000,0x000000d9b1500000) (1024K)]


Current CompileTask:
C2:30065 13334       4       java.lang.invoke.MethodType::makeImpl (109 bytes)

Stack: [0x000000d9b1400000,0x000000d9b1500000]
Native frames: (J=compiled Java code, j=interpreted, Vv=VM code, C=native code)
V  [jvm.dll+0x6ce119]
V  [jvm.dll+0x8a84a1]
V  [jvm.dll+0x8aa9ce]
V  [jvm.dll+0x8ab0b3]
V  [jvm.dll+0x27f8a6]
V  [jvm.dll+0xc507d]
V  [jvm.dll+0xc55b3]
V  [jvm.dll+0x3b68f2]
V  [jvm.dll+0x382aa5]
V  [jvm.dll+0x381f0a]
V  [jvm.dll+0x247af0]
V  [jvm.dll+0x2470cf]
V  [jvm.dll+0x1c760e]
V  [jvm.dll+0x25695a]
V  [jvm.dll+0x254efa]
V  [jvm.dll+0x3f03f6]
V  [jvm.dll+0x851f6b]
V  [jvm.dll+0x6cc7dd]
C  [ucrtbase.dll+0x37b0]
C  [KERNEL32.DLL+0x2e8d7]
C  [ntdll.dll+0xbbf6c]


---------------  P R O C E S S  ---------------

Threads class SMR info:
_java_thread_list=0x000002ae7c80a870, length=83, elements={
0x000002ae1bd10e70, 0x000002ae1bdb57e0, 0x000002ae1bcbd420, 0x000002ae1bdb9480,
0x000002ae1bdb9ed0, 0x000002ae1bdbde90, 0x000002ae1bdc0a60, 0x000002ae1bdc3e50,
0x000002ae1bdcbdd0, 0x000002ae74bba5d0, 0x000002ae74e0b520, 0x000002ae7a24fe60,
0x000002ae7a7cd190, 0x000002ae7a83a8c0, 0x000002ae7a8397d0, 0x000002ae7acde3c0,
0x000002ae7ad2ebe0, 0x000002ae7af0aeb0, 0x000002ae7af0a820, 0x000002ae7af0b540,
0x000002ae7af09470, 0x000002ae7af080c0, 0x000002ae7af08750, 0x000002ae7b571640,
0x000002ae7b571cd0, 0x000002ae7b570fb0, 0x000002ae7b570920, 0x000002ae7b572360,
0x000002ae7b56eee0, 0x000002ae7b570290, 0x000002ae7b5729f0, 0x000002ae7b56f570,
0x000002ae7b573080, 0x000002ae7b56fc00, 0x000002ae7b5757e0, 0x000002ae7b574ac0,
0x000002ae7b576500, 0x000002ae7b575e70, 0x000002ae7b574430, 0x000002ae7b575150,
0x000002ae7b4e41a0, 0x000002ae7b573710, 0x000002ae7b573da0, 0x000002ae7c64a680,
0x000002ae7c647200, 0x000002ae7c647890, 0x000002ae7c647f20, 0x000002ae7c6485b0,
0x000002ae7c649960, 0x000002ae7c6492d0, 0x000002ae7c649ff0, 0x000002ae7db671b0,
0x000002ae7db67840, 0x000002ae7db68bf0, 0x000002ae7db67ed0, 0x000002ae7db6a630,
0x000002ae7db68560, 0x000002ae7db69280, 0x000002ae7db69910, 0x000002ae7db69fa0,
0x000002ae7af08de0, 0x000002ae7db4dd00, 0x000002ae7db4c950, 0x000002ae7db4e390,
0x000002ae7db4c2c0, 0x000002ae7db4cfe0, 0x000002ae7db4d670, 0x000002ae7db4ea20,
0x000002ae7db4b5a0, 0x000002ae7db4f0b0, 0x000002ae7db4bc30, 0x000002ae7db52530,
0x000002ae7db4f740, 0x000002ae7db4fdd0, 0x000002ae7db51810, 0x000002ae7db50460,
0x000002ae7db50af0, 0x000002ae7db51180, 0x000002ae7c32b380, 0x000002ae7c32c0a0,
0x000002ae7c32e170, 0x000002ae7c32dae0, 0x000002ae7c32acf0
}

Java Threads: ( => current thread )
  0x000002ae1bd10e70 JavaThread "main"                              [_thread_blocked, id=15244, stack(0x000000d9adc00000,0x000000d9add00000) (1024K)]
  0x000002ae1bdb57e0 JavaThread "Reference Handler"          daemon [_thread_blocked, id=20516, stack(0x000000d9ae000000,0x000000d9ae100000) (1024K)]
  0x000002ae1bcbd420 JavaThread "Finalizer"                  daemon [_thread_blocked, id=29320, stack(0x000000d9ae100000,0x000000d9ae200000) (1024K)]
  0x000002ae1bdb9480 JavaThread "Signal Dispatcher"          daemon [_thread_blocked, id=27652, stack(0x000000d9ae200000,0x000000d9ae300000) (1024K)]
  0x000002ae1bdb9ed0 JavaThread "Attach Listener"            daemon [_thread_blocked, id=26064, stack(0x000000d9ae300000,0x000000d9ae400000) (1024K)]
  0x000002ae1bdbde90 JavaThread "Service Thread"             daemon [_thread_blocked, id=31608, stack(0x000000d9ae400000,0x000000d9ae500000) (1024K)]
  0x000002ae1bdc0a60 JavaThread "Monitor Deflation Thread"   daemon [_thread_blocked, id=26756, stack(0x000000d9ae500000,0x000000d9ae600000) (1024K)]
  0x000002ae1bdc3e50 JavaThread "C2 CompilerThread0"         daemon [_thread_in_native, id=6004, stack(0x000000d9ae600000,0x000000d9ae700000) (1024K)]
  0x000002ae1bdcbdd0 JavaThread "C1 CompilerThread0"         daemon [_thread_in_native, id=31096, stack(0x000000d9ae700000,0x000000d9ae800000) (1024K)]
  0x000002ae74bba5d0 JavaThread "Common-Cleaner"             daemon [_thread_blocked, id=6500, stack(0x000000d9ae800000,0x000000d9ae900000) (1024K)]
  0x000002ae74e0b520 JavaThread "Notification Thread"        daemon [_thread_blocked, id=27540, stack(0x000000d9aea00000,0x000000d9aeb00000) (1024K)]
  0x000002ae7a24fe60 JavaThread "Active Thread: Equinox Container: df3ea59c-d255-4e08-ada0-cc943c2f5734"        [_thread_blocked, id=31224, stack(0x000000d9af200000,0x000000d9af300000) (1024K)]
  0x000002ae7a7cd190 JavaThread "Refresh Thread: Equinox Container: df3ea59c-d255-4e08-ada0-cc943c2f5734" daemon [_thread_blocked, id=9292, stack(0x000000d9af300000,0x000000d9af400000) (1024K)]
  0x000002ae7a83a8c0 JavaThread "Framework Event Dispatcher: Equinox Container: df3ea59c-d255-4e08-ada0-cc943c2f5734" daemon [_thread_blocked, id=10156, stack(0x000000d9af400000,0x000000d9af500000) (1024K)]
  0x000002ae7a8397d0 JavaThread "Start Level: Equinox Container: df3ea59c-d255-4e08-ada0-cc943c2f5734" daemon [_thread_blocked, id=32404, stack(0x000000d9af500000,0x000000d9af600000) (1024K)]
  0x000002ae7acde3c0 JavaThread "Bundle File Closer"         daemon [_thread_blocked, id=15948, stack(0x000000d9af800000,0x000000d9af900000) (1024K)]
  0x000002ae7ad2ebe0 JavaThread "SCR Component Actor"        daemon [_thread_blocked, id=28172, stack(0x000000d9af900000,0x000000d9afa00000) (1024K)]
  0x000002ae7af0aeb0 JavaThread "Worker-JM"                         [_thread_blocked, id=4824, stack(0x000000d9afb00000,0x000000d9afc00000) (1024K)]
  0x000002ae7af0a820 JavaThread "JNA Cleaner"                daemon [_thread_blocked, id=5784, stack(0x000000d9ae900000,0x000000d9aea00000) (1024K)]
  0x000002ae7af0b540 JavaThread "Worker-0"                          [_thread_blocked, id=26848, stack(0x000000d9afd00000,0x000000d9afe00000) (1024K)]
  0x000002ae7af09470 JavaThread "Worker-1"                          [_thread_blocked, id=24112, stack(0x000000d9afe00000,0x000000d9aff00000) (1024K)]
  0x000002ae7af080c0 JavaThread "Worker-2: Java indexing... "        [_thread_blocked, id=15400, stack(0x000000d9aff00000,0x000000d9b0000000) (1024K)]
  0x000002ae7af08750 JavaThread "Java indexing"              daemon [_thread_in_Java, id=3656, stack(0x000000d9afc00000,0x000000d9afd00000) (1024K)]
  0x000002ae7b571640 JavaThread "Worker-3"                          [_thread_blocked, id=31812, stack(0x000000d9b0000000,0x000000d9b0100000) (1024K)]
  0x000002ae7b571cd0 JavaThread "Worker-4"                          [_thread_blocked, id=22672, stack(0x000000d9b0100000,0x000000d9b0200000) (1024K)]
  0x000002ae7b570fb0 JavaThread "Worker-5"                          [_thread_blocked, id=14576, stack(0x000000d9b0500000,0x000000d9b0600000) (1024K)]
  0x000002ae7b570920 JavaThread "Thread-2"                   daemon [_thread_in_native, id=27956, stack(0x000000d9b0600000,0x000000d9b0700000) (1024K)]
  0x000002ae7b572360 JavaThread "Thread-3"                   daemon [_thread_in_native, id=5576, stack(0x000000d9b0700000,0x000000d9b0800000) (1024K)]
  0x000002ae7b56eee0 JavaThread "Thread-4"                   daemon [_thread_in_native, id=29032, stack(0x000000d9b0800000,0x000000d9b0900000) (1024K)]
  0x000002ae7b570290 JavaThread "Thread-5"                   daemon [_thread_in_native, id=12324, stack(0x000000d9b0900000,0x000000d9b0a00000) (1024K)]
  0x000002ae7b5729f0 JavaThread "Thread-6"                   daemon [_thread_in_native, id=6044, stack(0x000000d9b0a00000,0x000000d9b0b00000) (1024K)]
  0x000002ae7b56f570 JavaThread "Thread-7"                   daemon [_thread_in_native, id=18548, stack(0x000000d9b0b00000,0x000000d9b0c00000) (1024K)]
  0x000002ae7b573080 JavaThread "Thread-8"                   daemon [_thread_in_native, id=27528, stack(0x000000d9b0c00000,0x000000d9b0d00000) (1024K)]
  0x000002ae7b56fc00 JavaThread "Thread-9"                   daemon [_thread_in_native, id=17208, stack(0x000000d9b0d00000,0x000000d9b0e00000) (1024K)]
  0x000002ae7b5757e0 JavaThread "Thread-10"                  daemon [_thread_in_native, id=17220, stack(0x000000d9b0e00000,0x000000d9b0f00000) (1024K)]
  0x000002ae7b574ac0 JavaThread "Thread-11"                  daemon [_thread_in_native, id=20036, stack(0x000000d9b0f00000,0x000000d9b1000000) (1024K)]
  0x000002ae7b576500 JavaThread "Thread-12"                  daemon [_thread_in_native, id=11912, stack(0x000000d9b1000000,0x000000d9b1100000) (1024K)]
  0x000002ae7b575e70 JavaThread "Thread-13"                  daemon [_thread_in_native, id=27876, stack(0x000000d9b1100000,0x000000d9b1200000) (1024K)]
  0x000002ae7b574430 JavaThread "Thread-14"                  daemon [_thread_in_native, id=13116, stack(0x000000d9b1200000,0x000000d9b1300000) (1024K)]
  0x000002ae7b575150 JavaThread "pool-2-thread-1"                   [_thread_blocked, id=30668, stack(0x000000d9b1300000,0x000000d9b1400000) (1024K)]
=>0x000002ae7b4e41a0 JavaThread "C2 CompilerThread1"         daemon [_thread_in_native, id=19260, stack(0x000000d9b1400000,0x000000d9b1500000) (1024K)]
  0x000002ae7b573710 JavaThread "Worker-6"                          [_thread_blocked, id=22812, stack(0x000000d9b1500000,0x000000d9b1600000) (1024K)]
  0x000002ae7b573da0 JavaThread "Worker-7: Building"                [_thread_blocked, id=16488, stack(0x000000d9b1600000,0x000000d9b1700000) (1024K)]
  0x000002ae7c64a680 JavaThread "WorkspaceEventsHandler"            [_thread_blocked, id=17500, stack(0x000000d9b1700000,0x000000d9b1800000) (1024K)]
  0x000002ae7c647200 JavaThread "pool-1-thread-1"                   [_thread_blocked, id=26716, stack(0x000000d9b1800000,0x000000d9b1900000) (1024K)]
  0x000002ae7c647890 JavaThread "LocalFile Deleter"          daemon [_thread_blocked, id=26816, stack(0x000000d9b1a00000,0x000000d9b1b00000) (1024K)]
  0x000002ae7c647f20 JavaThread "LocalFile Deleter"          daemon [_thread_blocked, id=2556, stack(0x000000d9b1b00000,0x000000d9b1c00000) (1024K)]
  0x000002ae7c6485b0 JavaThread "LocalFile Deleter"          daemon [_thread_blocked, id=30000, stack(0x000000d9b1c00000,0x000000d9b1d00000) (1024K)]
  0x000002ae7c649960 JavaThread "LocalFile Deleter"          daemon [_thread_blocked, id=3304, stack(0x000000d9b1d00000,0x000000d9b1e00000) (1024K)]
  0x000002ae7c6492d0 JavaThread "LocalFile Deleter"          daemon [_thread_blocked, id=16396, stack(0x000000d9b1e00000,0x000000d9b1f00000) (1024K)]
  0x000002ae7c649ff0 JavaThread "LocalFile Deleter"          daemon [_thread_blocked, id=25748, stack(0x000000d9b1f00000,0x000000d9b2000000) (1024K)]
  0x000002ae7db671b0 JavaThread "LocalFile Deleter"          daemon [_thread_blocked, id=24460, stack(0x000000d9b2000000,0x000000d9b2100000) (1024K)]
  0x000002ae7db67840 JavaThread "LocalFile Deleter"          daemon [_thread_blocked, id=24076, stack(0x000000d9b2100000,0x000000d9b2200000) (1024K)]
  0x000002ae7db68bf0 JavaThread "LocalFile Deleter"          daemon [_thread_blocked, id=30032, stack(0x000000d9b2200000,0x000000d9b2300000) (1024K)]
  0x000002ae7db67ed0 JavaThread "LocalFile Deleter"          daemon [_thread_blocked, id=13080, stack(0x000000d9b2300000,0x000000d9b2400000) (1024K)]
  0x000002ae7db6a630 JavaThread "LocalFile Deleter"          daemon [_thread_blocked, id=13060, stack(0x000000d9b2400000,0x000000d9b2500000) (1024K)]
  0x000002ae7db68560 JavaThread "LocalFile Deleter"          daemon [_thread_blocked, id=23332, stack(0x000000d9b2500000,0x000000d9b2600000) (1024K)]
  0x000002ae7db69280 JavaThread "Compiler Source File Reader" daemon [_thread_blocked, id=3216, stack(0x000000d9afa00000,0x000000d9afb00000) (1024K)]
  0x000002ae7db69910 JavaThread "Compiler Source File Reader" daemon [_thread_blocked, id=29060, stack(0x000000d9b2600000,0x000000d9b2700000) (1024K)]
  0x000002ae7db69fa0 JavaThread "Compiler Source File Reader" daemon [_thread_blocked, id=23740, stack(0x000000d9b2700000,0x000000d9b2800000) (1024K)]
  0x000002ae7af08de0 JavaThread "Compiler Source File Reader" daemon [_thread_blocked, id=16212, stack(0x000000d9b2800000,0x000000d9b2900000) (1024K)]
  0x000002ae7db4dd00 JavaThread "Compiler Source File Reader" daemon [_thread_blocked, id=19004, stack(0x000000d9b2900000,0x000000d9b2a00000) (1024K)]
  0x000002ae7db4c950 JavaThread "Compiler Source File Reader" daemon [_thread_blocked, id=19792, stack(0x000000d9b2a00000,0x000000d9b2b00000) (1024K)]
  0x000002ae7db4e390 JavaThread "Compiler Source File Reader" daemon [_thread_blocked, id=23436, stack(0x000000d9b2b00000,0x000000d9b2c00000) (1024K)]
  0x000002ae7db4c2c0 JavaThread "Compiler Source File Reader" daemon [_thread_blocked, id=14348, stack(0x000000d9b2c00000,0x000000d9b2d00000) (1024K)]
  0x000002ae7db4cfe0 JavaThread "Compiler Source File Reader" daemon [_thread_blocked, id=20508, stack(0x000000d9b2d00000,0x000000d9b2e00000) (1024K)]
  0x000002ae7db4d670 JavaThread "Compiler Source File Reader" daemon [_thread_blocked, id=29332, stack(0x000000d9b2e00000,0x000000d9b2f00000) (1024K)]
  0x000002ae7db4ea20 JavaThread "Compiler Processing Task"   daemon [_thread_blocked, id=7128, stack(0x000000d9b2f00000,0x000000d9b3000000) (1024K)]
  0x000002ae7db4b5a0 JavaThread "Compiler Class File Writer" daemon [_thread_blocked, id=11592, stack(0x000000d9b3000000,0x000000d9b3100000) (1024K)]
  0x000002ae7db4f0b0 JavaThread "Compiler Class File Writer" daemon [_thread_blocked, id=18392, stack(0x000000d9b3100000,0x000000d9b3200000) (1024K)]
  0x000002ae7db4bc30 JavaThread "Compiler Class File Writer" daemon [_thread_blocked, id=21172, stack(0x000000d9b3200000,0x000000d9b3300000) (1024K)]
  0x000002ae7db52530 JavaThread "Compiler Class File Writer" daemon [_thread_blocked, id=31840, stack(0x000000d9b3300000,0x000000d9b3400000) (1024K)]
  0x000002ae7db4f740 JavaThread "Compiler Class File Writer" daemon [_thread_blocked, id=9676, stack(0x000000d9b3400000,0x000000d9b3500000) (1024K)]
  0x000002ae7db4fdd0 JavaThread "Compiler Class File Writer" daemon [_thread_blocked, id=16048, stack(0x000000d9b3500000,0x000000d9b3600000) (1024K)]
  0x000002ae7db51810 JavaThread "Compiler Class File Writer" daemon [_thread_blocked, id=19316, stack(0x000000d9b3600000,0x000000d9b3700000) (1024K)]
  0x000002ae7db50460 JavaThread "Compiler Class File Writer" daemon [_thread_blocked, id=3244, stack(0x000000d9b3700000,0x000000d9b3800000) (1024K)]
  0x000002ae7db50af0 JavaThread "Compiler Class File Writer" daemon [_thread_blocked, id=12772, stack(0x000000d9b3800000,0x000000d9b3900000) (1024K)]
  0x000002ae7db51180 JavaThread "Compiler Class File Writer" daemon [_thread_blocked, id=32608, stack(0x000000d9b3900000,0x000000d9b3a00000) (1024K)]
  0x000002ae7c32b380 JavaThread "ParallelDescriptorResolver-0-0" daemon [_thread_blocked, id=14384, stack(0x000000d9b3a00000,0x000000d9b3b00000) (1024K)]
  0x000002ae7c32c0a0 JavaThread "ParallelDescriptorResolver-0-1" daemon [_thread_blocked, id=26664, stack(0x000000d9b3b00000,0x000000d9b3c00000) (1024K)]
  0x000002ae7c32e170 JavaThread "ParallelDescriptorResolver-0-2" daemon [_thread_blocked, id=28488, stack(0x000000d9b3c00000,0x000000d9b3d00000) (1024K)]
  0x000002ae7c32dae0 JavaThread "ParallelDescriptorResolver-0-3" daemon [_thread_blocked, id=29772, stack(0x000000d9b3d00000,0x000000d9b3e00000) (1024K)]
  0x000002ae7c32acf0 JavaThread "ParallelDescriptorResolver-0-4" daemon [_thread_blocked, id=26512, stack(0x000000d9b3e00000,0x000000d9b3f00000) (1024K)]
Total: 83

Other Threads:
  0x000002ae1bca44d0 VMThread "VM Thread"                           [id=27036, stack(0x000000d9adf00000,0x000000d9ae000000) (1024K)]
  0x000002ae1bb9ca00 WatcherThread "VM Periodic Task Thread"        [id=28648, stack(0x000000d9ade00000,0x000000d9adf00000) (1024K)]
  0x000002ae1bd2f380 WorkerThread "GC Thread#0"                     [id=26284, stack(0x000000d9add00000,0x000000d9ade00000) (1024K)]
  0x000002ae7a47d240 WorkerThread "GC Thread#1"                     [id=28132, stack(0x000000d9aeb00000,0x000000d9aec00000) (1024K)]
  0x000002ae7a5a9ed0 WorkerThread "GC Thread#2"                     [id=13256, stack(0x000000d9aec00000,0x000000d9aed00000) (1024K)]
  0x000002ae7a47d5e0 WorkerThread "GC Thread#3"                     [id=13980, stack(0x000000d9aed00000,0x000000d9aee00000) (1024K)]
  0x000002ae7a47d980 WorkerThread "GC Thread#4"                     [id=31892, stack(0x000000d9aee00000,0x000000d9aef00000) (1024K)]
  0x000002ae7a47e530 WorkerThread "GC Thread#5"                     [id=18996, stack(0x000000d9aef00000,0x000000d9af000000) (1024K)]
  0x000002ae7a2da4f0 WorkerThread "GC Thread#6"                     [id=16732, stack(0x000000d9af000000,0x000000d9af100000) (1024K)]
  0x000002ae7a7cc840 WorkerThread "GC Thread#7"                     [id=10644, stack(0x000000d9af100000,0x000000d9af200000) (1024K)]
  0x000002ae7aa35d10 WorkerThread "GC Thread#8"                     [id=26112, stack(0x000000d9af600000,0x000000d9af700000) (1024K)]
  0x000002ae7aedf9c0 WorkerThread "GC Thread#9"                     [id=22500, stack(0x000000d9af700000,0x000000d9af800000) (1024K)]
Total: 12

Threads with active compile tasks:
C2 CompilerThread0  30153 13552       4       org.codehaus.plexus.util.xml.Xpp3Dom::<init> (125 bytes)
C1 CompilerThread0  30153 13654       2       ch.qos.logback.classic.Logger::filterAndLog_1 (68 bytes)
C2 CompilerThread1  30153 13334       4       java.lang.invoke.MethodType::makeImpl (109 bytes)
Total: 3

VM state: not at safepoint (normal execution)

VM Mutex/Monitor currently owned by a thread:  ([mutex/lock_event])
[0x00007ffda445e408] Heap_lock - owner thread: 0x000002ae7c32c0a0

Heap address: 0x0000000080000000, size: 2048 MB, Compressed Oops mode: 32-bit

CDS archive(s) mapped at: [0x000002ae33000000-0x000002ae33ba0000-0x000002ae33ba0000), size 12189696, SharedBaseAddress: 0x000002ae33000000, ArchiveRelocationMode: 1.
Compressed class space mapped at: 0x000002ae34000000-0x000002ae74000000, reserved size: 1073741824
Narrow klass base: 0x000002ae33000000, Narrow klass shift: 0, Narrow klass range: 0x100000000

GC Precious Log:
 CardTable entry size: 512
 CPUs: 12 total, 12 available
 Memory: 6005M
 Large Page Support: Disabled
 NUMA Support: Disabled
 Compressed Oops: Enabled (32-bit)
 Alignments: Space 512K, Generation 512K, Heap 2M
 Heap Min Capacity: 100M
 Heap Initial Capacity: 100M
 Heap Max Capacity: 2G
 Pre-touch: Disabled
 Parallel Workers: 10

Heap:
 PSYoungGen      total 2560K, used 643K [0x00000000d5580000, 0x00000000d5980000, 0x0000000100000000)
  eden space 2048K, 6% used [0x00000000d5580000,0x00000000d55a2cd0,0x00000000d5780000)
  from space 512K, 100% used [0x00000000d5880000,0x00000000d5900000,0x00000000d5900000)
  to   space 1024K, 0% used [0x00000000d5780000,0x00000000d5780000,0x00000000d5880000)
 ParOldGen       total 445952K, used 445687K [0x0000000080000000, 0x000000009b380000, 0x00000000d5580000)
  object space 445952K, 99% used [0x0000000080000000,0x000000009b33dee8,0x000000009b380000)
 Metaspace       used 65486K, committed 66880K, reserved 1114112K
  class space    used 6578K, committed 7168K, reserved 1048576K

Card table byte_map: [0x000002ae1b6b0000,0x000002ae1bac0000] _byte_map_base: 0x000002ae1b2b0000

Marking Bits: (ParMarkBitMap*) 0x00007ffda44631f0
 Begin Bits: [0x000002ae2e1b0000, 0x000002ae301b0000)
 End Bits:   [0x000002ae301b0000, 0x000002ae321b0000)

Polling page: 0x000002ae19d00000

Metaspace:

Usage:
  Non-class:     57.53 MB used.
      Class:      6.42 MB used.
       Both:     63.95 MB used.

Virtual space:
  Non-class space:       64.00 MB reserved,      58.31 MB ( 91%) committed,  1 nodes.
      Class space:        1.00 GB reserved,       7.00 MB ( <1%) committed,  1 nodes.
             Both:        1.06 GB reserved,      65.31 MB (  6%) committed. 

Chunk freelists:
   Non-Class:  5.43 MB
       Class:  9.00 MB
        Both:  14.43 MB

MaxMetaspaceSize: unlimited
CompressedClassSpaceSize: 1.00 GB
Initial GC threshold: 21.00 MB
Current GC threshold: 97.31 MB
CDS: on
 - commit_granule_bytes: 65536.
 - commit_granule_words: 8192.
 - virtual_space_node_default_size: 8388608.
 - enlarge_chunks_in_place: 1.
 - use_allocation_guard: 0.


Internal statistics:

num_allocs_failed_limit: 9.
num_arena_births: 1242.
num_arena_deaths: 14.
num_vsnodes_births: 2.
num_vsnodes_deaths: 0.
num_space_committed: 1045.
num_space_uncommitted: 0.
num_chunks_returned_to_freelist: 23.
num_chunks_taken_from_freelist: 4315.
num_chunk_merges: 13.
num_chunk_splits: 2586.
num_chunks_enlarged: 1385.
num_inconsistent_stats: 0.

CodeHeap 'non-profiled nmethods': size=120000Kb used=6783Kb max_used=6783Kb free=113217Kb
 bounds [0x000002ae269d0000, 0x000002ae27070000, 0x000002ae2df00000]
CodeHeap 'profiled nmethods': size=120000Kb used=28739Kb max_used=28739Kb free=91260Kb
 bounds [0x000002ae1ef00000, 0x000002ae20b20000, 0x000002ae26430000]
CodeHeap 'non-nmethods': size=5760Kb used=1442Kb max_used=1525Kb free=4317Kb
 bounds [0x000002ae26430000, 0x000002ae266a0000, 0x000002ae269d0000]
 total_blobs=13535 nmethods=12784 adapters=655
 compilation: enabled
              stopped_count=0, restarted_count=0
 full_count=0

Compilation events (20 events):
Event: 29.884 Thread 0x000002ae1bdcbdd0 nmethod 13604 0x000002ae20af3e10 code [0x000002ae20af3fc0, 0x000002ae20af4130]
Event: 29.884 Thread 0x000002ae1bdcbdd0 13601   !   2       org.apache.maven.model.Scm::clone (73 bytes)
Event: 29.886 Thread 0x000002ae1bdcbdd0 nmethod 13601 0x000002ae20af4210 code [0x000002ae20af4460, 0x000002ae20af4a28]
Event: 29.894 Thread 0x000002ae1bdcbdd0 13605       2       org.apache.maven.model.merge.ModelMerger::mergeModelBase (73 bytes)
Event: 29.895 Thread 0x000002ae1bdcbdd0 nmethod 13605 0x000002ae20af4e10 code [0x000002ae20af5020, 0x000002ae20af5328]
Event: 29.895 Thread 0x000002ae1bdcbdd0 13606       2       org.apache.maven.model.merge.ModelMerger::mergeModelBase_Reporting (49 bytes)
Event: 29.895 Thread 0x000002ae1bdcbdd0 nmethod 13606 0x000002ae20af5510 code [0x000002ae20af56c0, 0x000002ae20af58a8]
Event: 29.923 Thread 0x000002ae1bdcbdd0 13607       2       org.eclipse.aether.RepositoryEvent$Builder::build (9 bytes)
Event: 29.924 Thread 0x000002ae1bdcbdd0 nmethod 13607 0x000002ae20af5a10 code [0x000002ae20af5bc0, 0x000002ae20af5d58]
Event: 29.936 Thread 0x000002ae1bdcbdd0 13608       2       org.eclipse.aether.RepositoryEvent$Builder::setArtifact (7 bytes)
Event: 29.936 Thread 0x000002ae1bdcbdd0 nmethod 13608 0x000002ae20af5e10 code [0x000002ae20af5fa0, 0x000002ae20af60c8]
Event: 29.945 Thread 0x000002ae1bdcbdd0 13609       2       org.eclipse.aether.internal.impl.DefaultRepositoryEventDispatcher::dispatch (78 bytes)
Event: 29.946 Thread 0x000002ae1bdcbdd0 nmethod 13609 0x000002ae20af6190 code [0x000002ae20af63c0, 0x000002ae20af67b0]
Event: 29.946 Thread 0x000002ae1bdcbdd0 13611   !   2       org.apache.maven.eventspy.internal.EventSpyDispatcher::onEvent (67 bytes)
Event: 29.947 Thread 0x000002ae1bdcbdd0 nmethod 13611 0x000002ae20af6a10 code [0x000002ae20af6c20, 0x000002ae20af6f88]
Event: 29.947 Thread 0x000002ae1bdcbdd0 13610       2       org.apache.maven.model.merge.MavenModelMerger::mergeModelBase_PluginRepositories (210 bytes)
Event: 29.948 Thread 0x000002ae1bdcbdd0 nmethod 13610 0x000002ae20af7110 code [0x000002ae20af73e0, 0x000002ae20af7c50]
Event: 29.948 Thread 0x000002ae1bdcbdd0 13612       2       org.apache.maven.plugin.internal.DefaultPluginValidationManager::onEvent (72 bytes)
Event: 29.950 Thread 0x000002ae1bdcbdd0 nmethod 13612 0x000002ae20af8290 code [0x000002ae20af8540, 0x000002ae20af8d30]
Event: 29.950 Thread 0x000002ae1bdcbdd0 13613       2       org.eclipse.aether.RepositoryEvent::<init> (69 bytes)

GC Heap History (20 events):
Event: 29.685 GC heap after
{Heap after GC invocations=615 (full 3):
 PSYoungGen      total 2048K, used 320K [0x00000000d5580000, 0x00000000d5880000, 0x0000000100000000)
  eden space 1536K, 0% used [0x00000000d5580000,0x00000000d5580000,0x00000000d5700000)
  from space 512K, 62% used [0x00000000d5800000,0x00000000d5850000,0x00000000d5880000)
  to   space 512K, 0% used [0x00000000d5780000,0x00000000d5780000,0x00000000d5800000)
 ParOldGen       total 443392K, used 443321K [0x0000000080000000, 0x000000009b100000, 0x00000000d5580000)
  object space 443392K, 99% used [0x0000000080000000,0x000000009b0ee430,0x000000009b100000)
 Metaspace       used 65322K, committed 66688K, reserved 1114112K
  class space    used 6576K, committed 7168K, reserved 1048576K
}
Event: 29.713 GC heap before
{Heap before GC invocations=616 (full 3):
 PSYoungGen      total 2048K, used 1856K [0x00000000d5580000, 0x00000000d5880000, 0x0000000100000000)
  eden space 1536K, 100% used [0x00000000d5580000,0x00000000d5700000,0x00000000d5700000)
  from space 512K, 62% used [0x00000000d5800000,0x00000000d5850000,0x00000000d5880000)
  to   space 512K, 0% used [0x00000000d5780000,0x00000000d5780000,0x00000000d5800000)
 ParOldGen       total 443392K, used 443321K [0x0000000080000000, 0x000000009b100000, 0x00000000d5580000)
  object space 443392K, 99% used [0x0000000080000000,0x000000009b0ee430,0x000000009b100000)
 Metaspace       used 65334K, committed 66688K, reserved 1114112K
  class space    used 6576K, committed 7168K, reserved 1048576K
}
Event: 29.717 GC heap after
{Heap after GC invocations=616 (full 3):
 PSYoungGen      total 2048K, used 256K [0x00000000d5580000, 0x00000000d5880000, 0x0000000100000000)
  eden space 1536K, 0% used [0x00000000d5580000,0x00000000d5580000,0x00000000d5700000)
  from space 512K, 50% used [0x00000000d5780000,0x00000000d57c0000,0x00000000d5800000)
  to   space 512K, 0% used [0x00000000d5800000,0x00000000d5800000,0x00000000d5880000)
 ParOldGen       total 443904K, used 443457K [0x0000000080000000, 0x000000009b180000, 0x00000000d5580000)
  object space 443904K, 99% used [0x0000000080000000,0x000000009b110430,0x000000009b180000)
 Metaspace       used 65334K, committed 66688K, reserved 1114112K
  class space    used 6576K, committed 7168K, reserved 1048576K
}
Event: 29.739 GC heap before
{Heap before GC invocations=617 (full 3):
 PSYoungGen      total 2048K, used 1792K [0x00000000d5580000, 0x00000000d5880000, 0x0000000100000000)
  eden space 1536K, 100% used [0x00000000d5580000,0x00000000d5700000,0x00000000d5700000)
  from space 512K, 50% used [0x00000000d5780000,0x00000000d57c0000,0x00000000d5800000)
  to   space 512K, 0% used [0x00000000d5800000,0x00000000d5800000,0x00000000d5880000)
 ParOldGen       total 443904K, used 443457K [0x0000000080000000, 0x000000009b180000, 0x00000000d5580000)
  object space 443904K, 99% used [0x0000000080000000,0x000000009b110430,0x000000009b180000)
 Metaspace       used 65344K, committed 66752K, reserved 1114112K
  class space    used 6577K, committed 7168K, reserved 1048576K
}
Event: 29.742 GC heap after
{Heap after GC invocations=617 (full 3):
 PSYoungGen      total 2048K, used 448K [0x00000000d5580000, 0x00000000d5880000, 0x0000000100000000)
  eden space 1536K, 0% used [0x00000000d5580000,0x00000000d5580000,0x00000000d5700000)
  from space 512K, 87% used [0x00000000d5800000,0x00000000d5870000,0x00000000d5880000)
  to   space 512K, 0% used [0x00000000d5780000,0x00000000d5780000,0x00000000d5800000)
 ParOldGen       total 443904K, used 443593K [0x0000000080000000, 0x000000009b180000, 0x00000000d5580000)
  object space 443904K, 99% used [0x0000000080000000,0x000000009b132430,0x000000009b180000)
 Metaspace       used 65344K, committed 66752K, reserved 1114112K
  class space    used 6577K, committed 7168K, reserved 1048576K
}
Event: 29.761 GC heap before
{Heap before GC invocations=618 (full 3):
 PSYoungGen      total 2048K, used 1983K [0x00000000d5580000, 0x00000000d5880000, 0x0000000100000000)
  eden space 1536K, 99% used [0x00000000d5580000,0x00000000d56ffff8,0x00000000d5700000)
  from space 512K, 87% used [0x00000000d5800000,0x00000000d5870000,0x00000000d5880000)
  to   space 512K, 0% used [0x00000000d5780000,0x00000000d5780000,0x00000000d5800000)
 ParOldGen       total 443904K, used 443593K [0x0000000080000000, 0x000000009b180000, 0x00000000d5580000)
  object space 443904K, 99% used [0x0000000080000000,0x000000009b132430,0x000000009b180000)
 Metaspace       used 65347K, committed 66752K, reserved 1114112K
  class space    used 6577K, committed 7168K, reserved 1048576K
}
Event: 29.764 GC heap after
{Heap after GC invocations=618 (full 3):
 PSYoungGen      total 2048K, used 384K [0x00000000d5580000, 0x00000000d5880000, 0x0000000100000000)
  eden space 1536K, 0% used [0x00000000d5580000,0x00000000d5580000,0x00000000d5700000)
  from space 512K, 75% used [0x00000000d5780000,0x00000000d57e0000,0x00000000d5800000)
  to   space 512K, 0% used [0x00000000d5800000,0x00000000d5800000,0x00000000d5880000)
 ParOldGen       total 443904K, used 443769K [0x0000000080000000, 0x000000009b180000, 0x00000000d5580000)
  object space 443904K, 99% used [0x0000000080000000,0x000000009b15e430,0x000000009b180000)
 Metaspace       used 65347K, committed 66752K, reserved 1114112K
  class space    used 6577K, committed 7168K, reserved 1048576K
}
Event: 29.780 GC heap before
{Heap before GC invocations=619 (full 3):
 PSYoungGen      total 2048K, used 1918K [0x00000000d5580000, 0x00000000d5880000, 0x0000000100000000)
  eden space 1536K, 99% used [0x00000000d5580000,0x00000000d56ff880,0x00000000d5700000)
  from space 512K, 75% used [0x00000000d5780000,0x00000000d57e0000,0x00000000d5800000)
  to   space 512K, 0% used [0x00000000d5800000,0x00000000d5800000,0x00000000d5880000)
 ParOldGen       total 443904K, used 443769K [0x0000000080000000, 0x000000009b180000, 0x00000000d5580000)
  object space 443904K, 99% used [0x0000000080000000,0x000000009b15e430,0x000000009b180000)
 Metaspace       used 65348K, committed 66752K, reserved 1114112K
  class space    used 6577K, committed 7168K, reserved 1048576K
}
Event: 29.783 GC heap after
{Heap after GC invocations=619 (full 3):
 PSYoungGen      total 2048K, used 416K [0x00000000d5580000, 0x00000000d5880000, 0x0000000100000000)
  eden space 1536K, 0% used [0x00000000d5580000,0x00000000d5580000,0x00000000d5700000)
  from space 512K, 81% used [0x00000000d5800000,0x00000000d5868000,0x00000000d5880000)
  to   space 512K, 0% used [0x00000000d5780000,0x00000000d5780000,0x00000000d5800000)
 ParOldGen       total 444416K, used 443993K [0x0000000080000000, 0x000000009b200000, 0x00000000d5580000)
  object space 444416K, 99% used [0x0000000080000000,0x000000009b196430,0x000000009b200000)
 Metaspace       used 65348K, committed 66752K, reserved 1114112K
  class space    used 6577K, committed 7168K, reserved 1048576K
}
Event: 29.799 GC heap before
{Heap before GC invocations=620 (full 3):
 PSYoungGen      total 2048K, used 1946K [0x00000000d5580000, 0x00000000d5880000, 0x0000000100000000)
  eden space 1536K, 99% used [0x00000000d5580000,0x00000000d56fe890,0x00000000d5700000)
  from space 512K, 81% used [0x00000000d5800000,0x00000000d5868000,0x00000000d5880000)
  to   space 512K, 0% used [0x00000000d5780000,0x00000000d5780000,0x00000000d5800000)
 ParOldGen       total 444416K, used 443993K [0x0000000080000000, 0x000000009b200000, 0x00000000d5580000)
  object space 444416K, 99% used [0x0000000080000000,0x000000009b196430,0x000000009b200000)
 Metaspace       used 65359K, committed 66752K, reserved 1114112K
  class space    used 6577K, committed 7168K, reserved 1048576K
}
Event: 29.802 GC heap after
{Heap after GC invocations=620 (full 3):
 PSYoungGen      total 2048K, used 384K [0x00000000d5580000, 0x00000000d5880000, 0x0000000100000000)
  eden space 1536K, 0% used [0x00000000d5580000,0x00000000d5580000,0x00000000d5700000)
  from space 512K, 75% used [0x00000000d5780000,0x00000000d57e0000,0x00000000d5800000)
  to   space 512K, 0% used [0x00000000d5800000,0x00000000d5800000,0x00000000d5880000)
 ParOldGen       total 444416K, used 444209K [0x0000000080000000, 0x000000009b200000, 0x00000000d5580000)
  object space 444416K, 99% used [0x0000000080000000,0x000000009b1cc430,0x000000009b200000)
 Metaspace       used 65359K, committed 66752K, reserved 1114112K
  class space    used 6577K, committed 7168K, reserved 1048576K
}
Event: 29.820 GC heap before
{Heap before GC invocations=621 (full 3):
 PSYoungGen      total 2048K, used 1920K [0x00000000d5580000, 0x00000000d5880000, 0x0000000100000000)
  eden space 1536K, 100% used [0x00000000d5580000,0x00000000d5700000,0x00000000d5700000)
  from space 512K, 75% used [0x00000000d5780000,0x00000000d57e0000,0x00000000d5800000)
  to   space 512K, 0% used [0x00000000d5800000,0x00000000d5800000,0x00000000d5880000)
 ParOldGen       total 444416K, used 444209K [0x0000000080000000, 0x000000009b200000, 0x00000000d5580000)
  object space 444416K, 99% used [0x0000000080000000,0x000000009b1cc430,0x000000009b200000)
 Metaspace       used 65368K, committed 66752K, reserved 1114112K
  class space    used 6578K, committed 7168K, reserved 1048576K
}
Event: 29.822 GC heap after
{Heap after GC invocations=621 (full 3):
 PSYoungGen      total 2048K, used 320K [0x00000000d5580000, 0x00000000d5880000, 0x0000000100000000)
  eden space 1536K, 0% used [0x00000000d5580000,0x00000000d5580000,0x00000000d5700000)
  from space 512K, 62% used [0x00000000d5800000,0x00000000d5850000,0x00000000d5880000)
  to   space 512K, 0% used [0x00000000d5780000,0x00000000d5780000,0x00000000d5800000)
 ParOldGen       total 444416K, used 444313K [0x0000000080000000, 0x000000009b200000, 0x00000000d5580000)
  object space 444416K, 99% used [0x0000000080000000,0x000000009b1e6430,0x000000009b200000)
 Metaspace       used 65368K, committed 66752K, reserved 1114112K
  class space    used 6578K, committed 7168K, reserved 1048576K
}
Event: 29.838 GC heap before
{Heap before GC invocations=622 (full 3):
 PSYoungGen      total 2048K, used 1856K [0x00000000d5580000, 0x00000000d5880000, 0x0000000100000000)
  eden space 1536K, 100% used [0x00000000d5580000,0x00000000d5700000,0x00000000d5700000)
  from space 512K, 62% used [0x00000000d5800000,0x00000000d5850000,0x00000000d5880000)
  to   space 512K, 0% used [0x00000000d5780000,0x00000000d5780000,0x00000000d5800000)
 ParOldGen       total 444416K, used 444313K [0x0000000080000000, 0x000000009b200000, 0x00000000d5580000)
  object space 444416K, 99% used [0x0000000080000000,0x000000009b1e6430,0x000000009b200000)
 Metaspace       used 65390K, committed 66752K, reserved 1114112K
  class space    used 6578K, committed 7168K, reserved 1048576K
}
Event: 29.841 GC heap after
{Heap after GC invocations=622 (full 3):
 PSYoungGen      total 2048K, used 416K [0x00000000d5580000, 0x00000000d5880000, 0x0000000100000000)
  eden space 1536K, 0% used [0x00000000d5580000,0x00000000d5580000,0x00000000d5700000)
  from space 512K, 81% used [0x00000000d5780000,0x00000000d57e8000,0x00000000d5800000)
  to   space 512K, 0% used [0x00000000d5800000,0x00000000d5800000,0x00000000d5880000)
 ParOldGen       total 444928K, used 444425K [0x0000000080000000, 0x000000009b280000, 0x00000000d5580000)
  object space 444928K, 99% used [0x0000000080000000,0x000000009b202430,0x000000009b280000)
 Metaspace       used 65390K, committed 66752K, reserved 1114112K
  class space    used 6578K, committed 7168K, reserved 1048576K
}
Event: 29.852 GC heap before
{Heap before GC invocations=623 (full 3):
 PSYoungGen      total 2048K, used 1952K [0x00000000d5580000, 0x00000000d5880000, 0x0000000100000000)
  eden space 1536K, 100% used [0x00000000d5580000,0x00000000d5700000,0x00000000d5700000)
  from space 512K, 81% used [0x00000000d5780000,0x00000000d57e8000,0x00000000d5800000)
  to   space 512K, 0% used [0x00000000d5800000,0x00000000d5800000,0x00000000d5880000)
 ParOldGen       total 444928K, used 444425K [0x0000000080000000, 0x000000009b280000, 0x00000000d5580000)
  object space 444928K, 99% used [0x0000000080000000,0x000000009b202430,0x000000009b280000)
 Metaspace       used 65390K, committed 66752K, reserved 1114112K
  class space    used 6578K, committed 7168K, reserved 1048576K
}
Event: 29.854 GC heap after
{Heap after GC invocations=623 (full 3):
 PSYoungGen      total 2048K, used 320K [0x00000000d5580000, 0x00000000d5880000, 0x0000000100000000)
  eden space 1536K, 0% used [0x00000000d5580000,0x00000000d5580000,0x00000000d5700000)
  from space 512K, 62% used [0x00000000d5800000,0x00000000d5850000,0x00000000d5880000)
  to   space 512K, 0% used [0x00000000d5780000,0x00000000d5780000,0x00000000d5800000)
 ParOldGen       total 444928K, used 444513K [0x0000000080000000, 0x000000009b280000, 0x00000000d5580000)
  object space 444928K, 99% used [0x0000000080000000,0x000000009b218430,0x000000009b280000)
 Metaspace       used 65390K, committed 66752K, reserved 1114112K
  class space    used 6578K, committed 7168K, reserved 1048576K
}
Event: 29.874 GC heap before
{Heap before GC invocations=624 (full 3):
 PSYoungGen      total 2048K, used 1856K [0x00000000d5580000, 0x00000000d5880000, 0x0000000100000000)
  eden space 1536K, 100% used [0x00000000d5580000,0x00000000d5700000,0x00000000d5700000)
  from space 512K, 62% used [0x00000000d5800000,0x00000000d5850000,0x00000000d5880000)
  to   space 512K, 0% used [0x00000000d5780000,0x00000000d5780000,0x00000000d5800000)
 ParOldGen       total 444928K, used 444513K [0x0000000080000000, 0x000000009b280000, 0x00000000d5580000)
  object space 444928K, 99% used [0x0000000080000000,0x000000009b218430,0x000000009b280000)
 Metaspace       used 65393K, committed 66752K, reserved 1114112K
  class space    used 6578K, committed 7168K, reserved 1048576K
}
Event: 29.878 GC heap after
{Heap after GC invocations=624 (full 3):
 PSYoungGen      total 2048K, used 352K [0x00000000d5580000, 0x00000000d5880000, 0x0000000100000000)
  eden space 1536K, 0% used [0x00000000d5580000,0x00000000d5580000,0x00000000d5700000)
  from space 512K, 68% used [0x00000000d5780000,0x00000000d57d8000,0x00000000d5800000)
  to   space 512K, 0% used [0x00000000d5800000,0x00000000d5800000,0x00000000d5880000)
 ParOldGen       total 444928K, used 444711K [0x0000000080000000, 0x000000009b280000, 0x00000000d5580000)
  object space 444928K, 99% used [0x0000000080000000,0x000000009b249ec8,0x000000009b280000)
 Metaspace       used 65393K, committed 66752K, reserved 1114112K
  class space    used 6578K, committed 7168K, reserved 1048576K
}
Event: 29.951 GC heap before
{Heap before GC invocations=625 (full 3):
 PSYoungGen      total 2048K, used 1887K [0x00000000d5580000, 0x00000000d5880000, 0x0000000100000000)
  eden space 1536K, 99% used [0x00000000d5580000,0x00000000d56ffff8,0x00000000d5700000)
  from space 512K, 68% used [0x00000000d5780000,0x00000000d57d8000,0x00000000d5800000)
  to   space 512K, 0% used [0x00000000d5800000,0x00000000d5800000,0x00000000d5880000)
 ParOldGen       total 444928K, used 444711K [0x0000000080000000, 0x000000009b280000, 0x00000000d5580000)
  object space 444928K, 99% used [0x0000000080000000,0x000000009b249ec8,0x000000009b280000)
 Metaspace       used 65407K, committed 66752K, reserved 1114112K
  class space    used 6578K, committed 7168K, reserved 1048576K
}

Dll operation events (12 events):
Event: 0.029 Loaded shared library c:\Users\Admin\.vscode\extensions\redhat.java-1.43.1-win32-x64\jre\21.0.7-win32-x86_64\bin\java.dll
Event: 0.185 Loaded shared library c:\Users\Admin\.vscode\extensions\redhat.java-1.43.1-win32-x64\jre\21.0.7-win32-x86_64\bin\zip.dll
Event: 0.248 Loaded shared library C:\Users\Admin\.vscode\extensions\redhat.java-1.43.1-win32-x64\jre\21.0.7-win32-x86_64\bin\instrument.dll
Event: 0.259 Loaded shared library C:\Users\Admin\.vscode\extensions\redhat.java-1.43.1-win32-x64\jre\21.0.7-win32-x86_64\bin\net.dll
Event: 0.264 Loaded shared library C:\Users\Admin\.vscode\extensions\redhat.java-1.43.1-win32-x64\jre\21.0.7-win32-x86_64\bin\nio.dll
Event: 0.271 Loaded shared library C:\Users\Admin\.vscode\extensions\redhat.java-1.43.1-win32-x64\jre\21.0.7-win32-x86_64\bin\zip.dll
Event: 0.319 Loaded shared library C:\Users\Admin\.vscode\extensions\redhat.java-1.43.1-win32-x64\jre\21.0.7-win32-x86_64\bin\jimage.dll
Event: 0.510 Loaded shared library c:\Users\Admin\.vscode\extensions\redhat.java-1.43.1-win32-x64\jre\21.0.7-win32-x86_64\bin\verify.dll
Event: 3.549 Loaded shared library C:\Users\Admin\AppData\Roaming\Code\User\globalStorage\redhat.java\1.43.1\config_win\org.eclipse.equinox.launcher\org.eclipse.equinox.launcher.win32.win32.x86_64_1.2.1300.v20250331-1702\eclipse_11911.dll
Event: 6.448 Loaded shared library C:\Users\Admin\AppData\Local\Temp\jna-63116079\jna7774365916522410613.dll
Event: 9.346 Loaded shared library C:\Users\Admin\.vscode\extensions\redhat.java-1.43.1-win32-x64\jre\21.0.7-win32-x86_64\bin\sunmscapi.dll
Event: 10.417 Loaded shared library C:\Users\Admin\.vscode\extensions\redhat.java-1.43.1-win32-x64\jre\21.0.7-win32-x86_64\bin\extnet.dll

Deoptimization events (20 events):
Event: 29.610 Thread 0x000002ae7c32dae0 DEOPT PACKING pc=0x000002ae2091b74d sp=0x000000d9b3dfdd40
Event: 29.610 Thread 0x000002ae7c32dae0 DEOPT UNPACKING pc=0x000002ae26484242 sp=0x000000d9b3dfd280 mode 0
Event: 29.629 Thread 0x000002ae7c32e170 DEOPT PACKING pc=0x000002ae2091b74d sp=0x000000d9b3cfe1f0
Event: 29.629 Thread 0x000002ae7c32e170 DEOPT UNPACKING pc=0x000002ae26484242 sp=0x000000d9b3cfd728 mode 0
Event: 29.629 Thread 0x000002ae7c32e170 DEOPT PACKING pc=0x000002ae2087e52d sp=0x000000d9b3cfe050
Event: 29.629 Thread 0x000002ae7c32e170 DEOPT UNPACKING pc=0x000002ae26484242 sp=0x000000d9b3cfd668 mode 0
Event: 29.640 Thread 0x000002ae7c32c0a0 DEOPT PACKING pc=0x000002ae2091b74d sp=0x000000d9b3bfdff0
Event: 29.640 Thread 0x000002ae7c32c0a0 DEOPT UNPACKING pc=0x000002ae26484242 sp=0x000000d9b3bfd528 mode 0
Event: 29.644 Thread 0x000002ae7c32c0a0 Uncommon trap: trap_request=0xffffffc6 fr.pc=0x000002ae2705f0c0 relative=0x0000000000000d80
Event: 29.644 Thread 0x000002ae7c32c0a0 Uncommon trap: reason=bimorphic_or_optimized_type_check action=maybe_recompile pc=0x000002ae2705f0c0 method=java.util.concurrent.ConcurrentHashMap.putVal(Ljava/lang/Object;Ljava/lang/Object;Z)Ljava/lang/Object; @ 242 c2
Event: 29.644 Thread 0x000002ae7c32c0a0 DEOPT PACKING pc=0x000002ae2705f0c0 sp=0x000000d9b3bfe610
Event: 29.644 Thread 0x000002ae7c32c0a0 DEOPT UNPACKING pc=0x000002ae26483aa2 sp=0x000000d9b3bfe590 mode 2
Event: 29.680 Thread 0x000002ae7c32e170 Uncommon trap: trap_request=0xffffff45 fr.pc=0x000002ae26cf3cc0 relative=0x0000000000000c80
Event: 29.680 Thread 0x000002ae7c32e170 Uncommon trap: reason=unstable_if action=reinterpret pc=0x000002ae26cf3cc0 method=java.util.concurrent.ConcurrentHashMap.computeIfAbsent(Ljava/lang/Object;Ljava/util/function/Function;)Ljava/lang/Object; @ 104 c2
Event: 29.680 Thread 0x000002ae7c32e170 DEOPT PACKING pc=0x000002ae26cf3cc0 sp=0x000000d9b3cfe3b0
Event: 29.680 Thread 0x000002ae7c32e170 DEOPT UNPACKING pc=0x000002ae26483aa2 sp=0x000000d9b3cfe338 mode 2
Event: 29.818 Thread 0x000002ae7c32dae0 DEOPT PACKING pc=0x000002ae208a66ad sp=0x000000d9b3dfee30
Event: 29.818 Thread 0x000002ae7c32dae0 DEOPT UNPACKING pc=0x000002ae26484242 sp=0x000000d9b3dfe2e8 mode 0
Event: 29.837 Thread 0x000002ae7c32acf0 DEOPT PACKING pc=0x000002ae1fb5c85e sp=0x000000d9b3efd830
Event: 29.837 Thread 0x000002ae7c32acf0 DEOPT UNPACKING pc=0x000002ae26484242 sp=0x000000d9b3efcd60 mode 0

Classes loaded (20 events):
Event: 20.628 Loading class java/util/concurrent/ConcurrentHashMap$KeySpliterator
Event: 20.629 Loading class java/util/concurrent/ConcurrentHashMap$KeySpliterator done
Event: 20.650 Loading class sun/nio/ch/ChannelOutputStream
Event: 20.651 Loading class sun/nio/ch/ChannelOutputStream done
Event: 20.813 Loading class java/util/stream/ReferencePipeline$4
Event: 20.813 Loading class java/util/stream/ReferencePipeline$4 done
Event: 20.815 Loading class java/util/stream/Nodes$IntFixedNodeBuilder
Event: 20.815 Loading class java/util/stream/Node$Builder$OfInt
Event: 20.816 Loading class java/util/stream/Node$Builder$OfInt done
Event: 20.816 Loading class java/util/stream/Nodes$IntArrayNode
Event: 20.816 Loading class java/util/stream/Nodes$IntArrayNode done
Event: 20.816 Loading class java/util/stream/Nodes$IntFixedNodeBuilder done
Event: 20.817 Loading class java/util/stream/ReferencePipeline$4$1
Event: 20.817 Loading class java/util/stream/ReferencePipeline$4$1 done
Event: 25.123 Loading class jdk/internal/module/IllegalAccessLogger
Event: 25.125 Loading class jdk/internal/module/IllegalAccessLogger done
Event: 25.781 Loading class jdk/internal/math/FormattedFPDecimal
Event: 25.785 Loading class jdk/internal/math/FormattedFPDecimal done
Event: 29.443 Loading class sun/nio/cs/ISO_8859_1$Decoder
Event: 29.447 Loading class sun/nio/cs/ISO_8859_1$Decoder done

Classes unloaded (7 events):
Event: 7.406 Thread 0x000002ae1bca44d0 Unloading class 0x000002ae341a3000 'java/lang/invoke/LambdaForm$MH+0x000002ae341a3000'
Event: 7.406 Thread 0x000002ae1bca44d0 Unloading class 0x000002ae341a2c00 'java/lang/invoke/LambdaForm$MH+0x000002ae341a2c00'
Event: 7.406 Thread 0x000002ae1bca44d0 Unloading class 0x000002ae341a2800 'java/lang/invoke/LambdaForm$MH+0x000002ae341a2800'
Event: 7.406 Thread 0x000002ae1bca44d0 Unloading class 0x000002ae341a2400 'java/lang/invoke/LambdaForm$MH+0x000002ae341a2400'
Event: 7.406 Thread 0x000002ae1bca44d0 Unloading class 0x000002ae341a2000 'java/lang/invoke/LambdaForm$BMH+0x000002ae341a2000'
Event: 7.406 Thread 0x000002ae1bca44d0 Unloading class 0x000002ae341a1c00 'java/lang/invoke/LambdaForm$DMH+0x000002ae341a1c00'
Event: 7.406 Thread 0x000002ae1bca44d0 Unloading class 0x000002ae341a0800 'java/lang/invoke/LambdaForm$DMH+0x000002ae341a0800'

Classes redefined (0 events):
No events

Internal exceptions (20 events):
Event: 23.982 Thread 0x000002ae7db4ea20 Implicit null exception at 0x000002ae26ec49ba to 0x000002ae26ec4bb0
Event: 23.982 Thread 0x000002ae7db4ea20 Implicit null exception at 0x000002ae26ec49ba to 0x000002ae26ec4bb0
Event: 24.684 Thread 0x000002ae7b571640 Exception <a 'sun/nio/fs/WindowsException'{0x00000000d5590848}> (0x00000000d5590848) 
thrown [s\src\hotspot\share\prims\jni.cpp, line 520]
Event: 24.686 Thread 0x000002ae7db671b0 Exception <a 'sun/nio/fs/WindowsException'{0x00000000d55b0a40}> (0x00000000d55b0a40) 
thrown [s\src\hotspot\share\prims\jni.cpp, line 520]
Event: 24.690 Thread 0x000002ae7db68560 Exception <a 'sun/nio/fs/WindowsException'{0x00000000d55b3ad0}> (0x00000000d55b3ad0) 
thrown [s\src\hotspot\share\prims\jni.cpp, line 520]
Event: 24.692 Thread 0x000002ae7db68560 Exception <a 'sun/nio/fs/WindowsException'{0x00000000d55d23b8}> (0x00000000d55d23b8) 
thrown [s\src\hotspot\share\prims\jni.cpp, line 520]
Event: 25.101 Thread 0x000002ae7b571640 Implicit null exception at 0x000002ae26f0e39b to 0x000002ae26f0e408
Event: 25.229 Thread 0x000002ae7b571640 Exception <a 'sun/nio/fs/WindowsException'{0x00000000d560ca08}> (0x00000000d560ca08) 
thrown [s\src\hotspot\share\prims\jni.cpp, line 520]
Event: 25.229 Thread 0x000002ae7b571640 Exception <a 'sun/nio/fs/WindowsException'{0x00000000d560d038}> (0x00000000d560d038) 
thrown [s\src\hotspot\share\prims\jni.cpp, line 520]
Event: 25.407 Thread 0x000002ae7b573da0 Exception <a 'sun/nio/fs/WindowsException'{0x00000000d55cfd38}> (0x00000000d55cfd38) 
thrown [s\src\hotspot\share\prims\jni.cpp, line 520]
Event: 25.408 Thread 0x000002ae7b573da0 Exception <a 'sun/nio/fs/WindowsException'{0x00000000d55d0388}> (0x00000000d55d0388) 
thrown [s\src\hotspot\share\prims\jni.cpp, line 520]
Event: 25.459 Thread 0x000002ae7c647200 Exception <a 'java/io/FileNotFoundException'{0x00000000d5609f68}> (0x00000000d5609f68) 
thrown [s\src\hotspot\share\prims\jni.cpp, line 520]
Event: 25.724 Thread 0x000002ae7b573da0 Exception <a 'sun/nio/fs/WindowsException'{0x00000000d55dfc90}> (0x00000000d55dfc90) 
thrown [s\src\hotspot\share\prims\jni.cpp, line 520]
Event: 25.724 Thread 0x000002ae7b573da0 Exception <a 'sun/nio/fs/WindowsException'{0x00000000d55e0570}> (0x00000000d55e0570) 
thrown [s\src\hotspot\share\prims\jni.cpp, line 520]
Event: 25.771 Thread 0x000002ae7b573da0 Exception <a 'java/lang/NoSuchMethodError'{0x00000000d55b16b0}: 'int java.lang.invoke.DirectMethodHandle$Holder.invokeSpecialIFC(java.lang.Object, java.lang.Object, java.lang.Object, java.lang.Object)'> (0x00000000d55b16b0) 
thrown [s\src\hotspot\share\interpreter\linkResolver.cpp, line 773]
Event: 26.228 Thread 0x000002ae7c647200 Exception <a 'java/lang/IncompatibleClassChangeError'{0x00000000d5677da0}: Found class java.lang.Object, but interface was expected> (0x00000000d5677da0) 
thrown [s\src\hotspot\share\interpreter\linkResolver.cpp, line 840]
Event: 27.013 Thread 0x000002ae7b573da0 Exception <a 'java/lang/NoSuchMethodError'{0x00000000d5738fd0}: 'void java.lang.invoke.DirectMethodHandle$Holder.invokeStatic(java.lang.Object, java.lang.Object, java.lang.Object, int)'> (0x00000000d5738fd0) 
thrown [s\src\hotspot\share\interpreter\linkResolver.cpp, line 773]
Event: 27.046 Thread 0x000002ae7b573da0 Exception <a 'java/lang/NoSuchMethodError'{0x00000000d55e5eb0}: 'void java.lang.invoke.DirectMethodHandle$Holder.invokeVirtual(java.lang.Object, java.lang.Object, int)'> (0x00000000d55e5eb0) 
thrown [s\src\hotspot\share\interpreter\linkResolver.cpp, line 773]
Event: 29.298 Thread 0x000002ae7b573da0 Exception <a 'java/lang/NoSuchMethodError'{0x00000000d55ff848}: 'void java.lang.invoke.DirectMethodHandle$Holder.invokeInterface(java.lang.Object, java.lang.Object)'> (0x00000000d55ff848) 
thrown [s\src\hotspot\share\interpreter\linkResolver.cpp, line 773]
Event: 29.435 Thread 0x000002ae7c32e170 Implicit null exception at 0x000002ae27049b7b to 0x000002ae2704a090

ZGC Phase Switch (0 events):
No events

VM Operations (20 events):
Event: 29.685 Executing VM operation: ParallelGCFailedAllocation (Allocation Failure) done
Event: 29.713 Executing VM operation: ParallelGCFailedAllocation (Allocation Failure)
Event: 29.717 Executing VM operation: ParallelGCFailedAllocation (Allocation Failure) done
Event: 29.738 Executing VM operation: ParallelGCFailedAllocation (Allocation Failure)
Event: 29.742 Executing VM operation: ParallelGCFailedAllocation (Allocation Failure) done
Event: 29.761 Executing VM operation: ParallelGCFailedAllocation (Allocation Failure)
Event: 29.764 Executing VM operation: ParallelGCFailedAllocation (Allocation Failure) done
Event: 29.780 Executing VM operation: ParallelGCFailedAllocation (Allocation Failure)
Event: 29.783 Executing VM operation: ParallelGCFailedAllocation (Allocation Failure) done
Event: 29.798 Executing VM operation: ParallelGCFailedAllocation (Allocation Failure)
Event: 29.802 Executing VM operation: ParallelGCFailedAllocation (Allocation Failure) done
Event: 29.820 Executing VM operation: ParallelGCFailedAllocation (Allocation Failure)
Event: 29.822 Executing VM operation: ParallelGCFailedAllocation (Allocation Failure) done
Event: 29.838 Executing VM operation: ParallelGCFailedAllocation (Allocation Failure)
Event: 29.841 Executing VM operation: ParallelGCFailedAllocation (Allocation Failure) done
Event: 29.851 Executing VM operation: ParallelGCFailedAllocation (Allocation Failure)
Event: 29.854 Executing VM operation: ParallelGCFailedAllocation (Allocation Failure) done
Event: 29.874 Executing VM operation: ParallelGCFailedAllocation (Allocation Failure)
Event: 29.878 Executing VM operation: ParallelGCFailedAllocation (Allocation Failure) done
Event: 29.951 Executing VM operation: ParallelGCFailedAllocation (Allocation Failure)

Memory protections (0 events):
No events

Nmethod flushes (20 events):
Event: 18.827 Thread 0x000002ae1bca44d0 flushing  nmethod 0x000002ae1f8c8190
Event: 18.827 Thread 0x000002ae1bca44d0 flushing  nmethod 0x000002ae1f8c8b10
Event: 18.827 Thread 0x000002ae1bca44d0 flushing  nmethod 0x000002ae1f8c9010
Event: 18.827 Thread 0x000002ae1bca44d0 flushing  nmethod 0x000002ae1f8e1690
Event: 18.827 Thread 0x000002ae1bca44d0 flushing  nmethod 0x000002ae1f8e2210
Event: 18.827 Thread 0x000002ae1bca44d0 flushing  nmethod 0x000002ae1f8e2c90
Event: 18.827 Thread 0x000002ae1bca44d0 flushing  nmethod 0x000002ae1f8e6910
Event: 18.827 Thread 0x000002ae1bca44d0 flushing  nmethod 0x000002ae1f8e7410
Event: 18.827 Thread 0x000002ae1bca44d0 flushing  nmethod 0x000002ae1f8ece10
Event: 18.827 Thread 0x000002ae1bca44d0 flushing  nmethod 0x000002ae1f8ef610
Event: 18.827 Thread 0x000002ae1bca44d0 flushing  nmethod 0x000002ae1f8f1b90
Event: 18.827 Thread 0x000002ae1bca44d0 flushing  nmethod 0x000002ae1f8f1f10
Event: 18.827 Thread 0x000002ae1bca44d0 flushing  nmethod 0x000002ae1f8f2390
Event: 18.827 Thread 0x000002ae1bca44d0 flushing  nmethod 0x000002ae1f8ffb90
Event: 18.827 Thread 0x000002ae1bca44d0 flushing  nmethod 0x000002ae1f900710
Event: 18.827 Thread 0x000002ae1bca44d0 flushing  nmethod 0x000002ae1f908b10
Event: 18.827 Thread 0x000002ae1bca44d0 flushing  nmethod 0x000002ae1f91a010
Event: 18.827 Thread 0x000002ae1bca44d0 flushing  nmethod 0x000002ae1f91a590
Event: 18.827 Thread 0x000002ae1bca44d0 flushing  nmethod 0x000002ae1f91ab90
Event: 18.827 Thread 0x000002ae1bca44d0 flushing  nmethod 0x000002ae1f91af90

Events (20 events):
Event: 12.685 Thread 0x000002ae7db4dd00 Thread added: 0x000002ae7db4e390
Event: 12.686 Thread 0x000002ae7db69280 Thread added: 0x000002ae7db4c2c0
Event: 12.686 Thread 0x000002ae7db4e390 Thread added: 0x000002ae7db4cfe0
Event: 12.686 Thread 0x000002ae7db4c950 Thread added: 0x000002ae7db4d670
Event: 20.319 Thread 0x000002ae7b571640 Thread added: 0x000002ae7db4ea20
Event: 20.640 Thread 0x000002ae7b571640 Thread added: 0x000002ae7db4b5a0
Event: 20.701 Thread 0x000002ae7b571640 Thread added: 0x000002ae7db4f0b0
Event: 20.753 Thread 0x000002ae7b571640 Thread added: 0x000002ae7db4bc30
Event: 20.767 Thread 0x000002ae7b571640 Thread added: 0x000002ae7db52530
Event: 20.795 Thread 0x000002ae7b571640 Thread added: 0x000002ae7db4f740
Event: 21.214 Thread 0x000002ae7b571640 Thread added: 0x000002ae7db4fdd0
Event: 21.277 Thread 0x000002ae7b571640 Thread added: 0x000002ae7db51810
Event: 21.292 Thread 0x000002ae7b571640 Thread added: 0x000002ae7db50460
Event: 21.321 Thread 0x000002ae7b571640 Thread added: 0x000002ae7db50af0
Event: 21.335 Thread 0x000002ae7b571640 Thread added: 0x000002ae7db51180
Event: 29.330 Thread 0x000002ae7b573da0 Thread added: 0x000002ae7c32b380
Event: 29.331 Thread 0x000002ae7b573da0 Thread added: 0x000002ae7c32c0a0
Event: 29.331 Thread 0x000002ae7b573da0 Thread added: 0x000002ae7c32e170
Event: 29.331 Thread 0x000002ae7b573da0 Thread added: 0x000002ae7c32dae0
Event: 29.332 Thread 0x000002ae7b573da0 Thread added: 0x000002ae7c32acf0


Dynamic libraries:
0x00007ff6fed20000 - 0x00007ff6fed2e000 	c:\Users\Admin\.vscode\extensions\redhat.java-1.43.1-win32-x64\jre\21.0.7-win32-x86_64\bin\java.exe
0x00007ffe128e0000 - 0x00007ffe12b43000 	C:\WINDOWS\SYSTEM32\ntdll.dll
0x00007ffe120f0000 - 0x00007ffe121b7000 	C:\WINDOWS\System32\KERNEL32.DLL
0x00007ffe0ff30000 - 0x00007ffe102f9000 	C:\WINDOWS\System32\KERNELBASE.dll
0x00007ffe10390000 - 0x00007ffe104dc000 	C:\WINDOWS\System32\ucrtbase.dll
0x00007ffe0cb60000 - 0x00007ffe0cb78000 	c:\Users\Admin\.vscode\extensions\redhat.java-1.43.1-win32-x64\jre\21.0.7-win32-x86_64\bin\jli.dll
0x00007ffe11ea0000 - 0x00007ffe1206a000 	C:\WINDOWS\System32\USER32.dll
0x00007ffe0fd20000 - 0x00007ffe0fd47000 	C:\WINDOWS\System32\win32u.dll
0x00007ffe10c60000 - 0x00007ffe10c8a000 	C:\WINDOWS\System32\GDI32.dll
0x00007ffe0fd50000 - 0x00007ffe0fe81000 	C:\WINDOWS\System32\gdi32full.dll
0x00007ffe10650000 - 0x00007ffe106f3000 	C:\WINDOWS\System32\msvcp_win.dll
0x00007ffe04640000 - 0x00007ffe0465e000 	c:\Users\Admin\.vscode\extensions\redhat.java-1.43.1-win32-x64\jre\21.0.7-win32-x86_64\bin\VCRUNTIME140.dll
0x00007ffdf9ff0000 - 0x00007ffdfa280000 	C:\WINDOWS\WinSxS\amd64_microsoft.windows.common-controls_6595b64144ccf1df_6.0.26100.3323_none_3e088096e3344490\COMCTL32.dll
0x00007ffe10ee0000 - 0x00007ffe10f89000 	C:\WINDOWS\System32\msvcrt.dll
0x00007ffe116b0000 - 0x00007ffe116df000 	C:\WINDOWS\System32\IMM32.DLL
0x00007ffe0ad60000 - 0x00007ffe0ad6c000 	c:\Users\Admin\.vscode\extensions\redhat.java-1.43.1-win32-x64\jre\21.0.7-win32-x86_64\bin\vcruntime140_1.dll
0x00007ffdcf1c0000 - 0x00007ffdcf24d000 	c:\Users\Admin\.vscode\extensions\redhat.java-1.43.1-win32-x64\jre\21.0.7-win32-x86_64\bin\msvcp140.dll
0x00007ffda37b0000 - 0x00007ffda4540000 	c:\Users\Admin\.vscode\extensions\redhat.java-1.43.1-win32-x64\jre\21.0.7-win32-x86_64\bin\server\jvm.dll
0x00007ffe122f0000 - 0x00007ffe123a2000 	C:\WINDOWS\System32\ADVAPI32.dll
0x00007ffe10870000 - 0x00007ffe10916000 	C:\WINDOWS\System32\sechost.dll
0x00007ffe121d0000 - 0x00007ffe122e6000 	C:\WINDOWS\System32\RPCRT4.dll
0x00007ffe10be0000 - 0x00007ffe10c54000 	C:\WINDOWS\System32\WS2_32.dll
0x00007ffe0f970000 - 0x00007ffe0f9be000 	C:\WINDOWS\SYSTEM32\POWRPROF.dll
0x00007ffe070d0000 - 0x00007ffe070db000 	C:\WINDOWS\SYSTEM32\VERSION.dll
0x00007ffe07090000 - 0x00007ffe070c6000 	C:\WINDOWS\SYSTEM32\WINMM.dll
0x00007ffe0f950000 - 0x00007ffe0f964000 	C:\WINDOWS\SYSTEM32\UMPDC.dll
0x00007ffe0e8c0000 - 0x00007ffe0e8da000 	C:\WINDOWS\SYSTEM32\kernel.appcore.dll
0x00007ffe07be0000 - 0x00007ffe07bea000 	c:\Users\Admin\.vscode\extensions\redhat.java-1.43.1-win32-x64\jre\21.0.7-win32-x86_64\bin\jimage.dll
0x00007ffe02d40000 - 0x00007ffe02f81000 	C:\WINDOWS\SYSTEM32\DBGHELP.DLL
0x00007ffe118e0000 - 0x00007ffe11c62000 	C:\WINDOWS\System32\combase.dll
0x00007ffe10790000 - 0x00007ffe10866000 	C:\WINDOWS\System32\OLEAUT32.dll
0x00007ffdffb30000 - 0x00007ffdffb69000 	C:\WINDOWS\SYSTEM32\dbgcore.DLL
0x00007ffe0fe90000 - 0x00007ffe0ff29000 	C:\WINDOWS\System32\bcryptPrimitives.dll
0x00007ffe045c0000 - 0x00007ffe045cf000 	c:\Users\Admin\.vscode\extensions\redhat.java-1.43.1-win32-x64\jre\21.0.7-win32-x86_64\bin\instrument.dll
0x00007ffdef1a0000 - 0x00007ffdef1bf000 	c:\Users\Admin\.vscode\extensions\redhat.java-1.43.1-win32-x64\jre\21.0.7-win32-x86_64\bin\java.dll
0x00007ffe10f90000 - 0x00007ffe116a5000 	C:\WINDOWS\System32\SHELL32.dll
0x00007ffe104e0000 - 0x00007ffe10648000 	C:\WINDOWS\System32\wintypes.dll
0x00007ffe0d7a0000 - 0x00007ffe0dfe5000 	C:\WINDOWS\SYSTEM32\windows.storage.dll
0x00007ffe117f0000 - 0x00007ffe118db000 	C:\WINDOWS\System32\SHCORE.dll
0x00007ffe109d0000 - 0x00007ffe10a2d000 	C:\WINDOWS\System32\shlwapi.dll
0x00007ffe0f9f0000 - 0x00007ffe0fa1f000 	C:\WINDOWS\SYSTEM32\profapi.dll
0x00007ffdef150000 - 0x00007ffdef168000 	c:\Users\Admin\.vscode\extensions\redhat.java-1.43.1-win32-x64\jre\21.0.7-win32-x86_64\bin\zip.dll
0x00007ffe044e0000 - 0x00007ffe044f0000 	C:\Users\Admin\.vscode\extensions\redhat.java-1.43.1-win32-x64\jre\21.0.7-win32-x86_64\bin\net.dll
0x00007ffe081c0000 - 0x00007ffe082de000 	C:\WINDOWS\SYSTEM32\WINHTTP.dll
0x00007ffe0edc0000 - 0x00007ffe0ee2a000 	C:\WINDOWS\system32\mswsock.dll
0x00007ffdeacd0000 - 0x00007ffdeace6000 	C:\Users\Admin\.vscode\extensions\redhat.java-1.43.1-win32-x64\jre\21.0.7-win32-x86_64\bin\nio.dll
0x00007ffe044f0000 - 0x00007ffe04500000 	c:\Users\Admin\.vscode\extensions\redhat.java-1.43.1-win32-x64\jre\21.0.7-win32-x86_64\bin\verify.dll
0x00007ffde1470000 - 0x00007ffde14b5000 	C:\Users\Admin\AppData\Roaming\Code\User\globalStorage\redhat.java\1.43.1\config_win\org.eclipse.equinox.launcher\org.eclipse.equinox.launcher.win32.win32.x86_64_1.2.1300.v20250331-1702\eclipse_11911.dll
0x00007ffe10d30000 - 0x00007ffe10ec5000 	C:\WINDOWS\System32\ole32.dll
0x00007ffe0f170000 - 0x00007ffe0f18c000 	C:\WINDOWS\SYSTEM32\CRYPTSP.dll
0x00007ffe0e820000 - 0x00007ffe0e85a000 	C:\WINDOWS\system32\rsaenh.dll
0x00007ffe0ee60000 - 0x00007ffe0ee8b000 	C:\WINDOWS\SYSTEM32\USERENV.dll
0x00007ffe0f300000 - 0x00007ffe0f326000 	C:\WINDOWS\SYSTEM32\bcrypt.dll
0x00007ffe0eff0000 - 0x00007ffe0effc000 	C:\WINDOWS\SYSTEM32\CRYPTBASE.dll
0x00007ffe0e2e0000 - 0x00007ffe0e313000 	C:\WINDOWS\SYSTEM32\IPHLPAPI.DLL
0x00007ffe10ed0000 - 0x00007ffe10eda000 	C:\WINDOWS\System32\NSI.dll
0x00007ffddf3c0000 - 0x00007ffddf409000 	C:\Users\Admin\AppData\Local\Temp\jna-63116079\jna7774365916522410613.dll
0x00007ffe10b90000 - 0x00007ffe10b98000 	C:\WINDOWS\System32\PSAPI.DLL
0x00007ffe08630000 - 0x00007ffe0864f000 	C:\WINDOWS\SYSTEM32\dhcpcsvc6.DLL
0x00007ffe08940000 - 0x00007ffe08965000 	C:\WINDOWS\SYSTEM32\dhcpcsvc.DLL
0x00007ffdfd580000 - 0x00007ffdfd58e000 	C:\Users\Admin\.vscode\extensions\redhat.java-1.43.1-win32-x64\jre\21.0.7-win32-x86_64\bin\sunmscapi.dll
0x00007ffe0fba0000 - 0x00007ffe0fd17000 	C:\WINDOWS\System32\CRYPT32.dll
0x00007ffe0f2c0000 - 0x00007ffe0f2f0000 	C:\WINDOWS\SYSTEM32\ncrypt.dll
0x00007ffe0f270000 - 0x00007ffe0f2af000 	C:\WINDOWS\SYSTEM32\NTASN1.dll
0x00007ffe0e370000 - 0x00007ffe0e495000 	C:\WINDOWS\SYSTEM32\DNSAPI.dll
0x00007ffe08930000 - 0x00007ffe0893b000 	C:\Windows\System32\rasadhlp.dll
0x00007ffe04ac0000 - 0x00007ffe04b45000 	C:\WINDOWS\System32\fwpuclnt.dll
0x00007ffdfd570000 - 0x00007ffdfd579000 	C:\Users\Admin\.vscode\extensions\redhat.java-1.43.1-win32-x64\jre\21.0.7-win32-x86_64\bin\extnet.dll

dbghelp: loaded successfully - version: 4.0.5 - missing functions: none
symbol engine: initialized successfully - sym options: 0x614 - pdb path: .;c:\Users\Admin\.vscode\extensions\redhat.java-1.43.1-win32-x64\jre\21.0.7-win32-x86_64\bin;C:\WINDOWS\SYSTEM32;C:\WINDOWS\WinSxS\amd64_microsoft.windows.common-controls_6595b64144ccf1df_6.0.26100.3323_none_3e088096e3344490;c:\Users\Admin\.vscode\extensions\redhat.java-1.43.1-win32-x64\jre\21.0.7-win32-x86_64\bin\server;C:\Users\Admin\AppData\Roaming\Code\User\globalStorage\redhat.java\1.43.1\config_win\org.eclipse.equinox.launcher\org.eclipse.equinox.launcher.win32.win32.x86_64_1.2.1300.v20250331-1702;C:\Users\Admin\AppData\Local\Temp\jna-63116079

VM Arguments:
jvm_args: --add-modules=ALL-SYSTEM --add-opens=java.base/java.util=ALL-UNNAMED --add-opens=java.base/java.lang=ALL-UNNAMED --add-opens=java.base/sun.nio.fs=ALL-UNNAMED -Declipse.application=org.eclipse.jdt.ls.core.id1 -Dosgi.bundles.defaultStartLevel=4 -Declipse.product=org.eclipse.jdt.ls.core.product -Djava.import.generatesMetadataFilesAtProjectRoot=false -DDetectVMInstallationsJob.disabled=true -Dfile.encoding=utf8 -XX:+UseParallelGC -XX:GCTimeRatio=4 -XX:AdaptiveSizePolicyWeight=90 -Dsun.zip.disableMemoryMapping=true -Xmx2G -Xms100m -Xlog:disable -javaagent:c:\Users\Admin\.vscode\extensions\redhat.java-1.43.1-win32-x64\lombok\lombok-1.18.39-4050.jar -XX:+HeapDumpOnOutOfMemoryError -XX:HeapDumpPath=c:\Users\Admin\AppData\Roaming\Code\User\workspaceStorage\91bfc2bb926e85cacc8896de9206306c\redhat.java -Daether.dependencyCollector.impl=bf 
java_command: c:\Users\Admin\.vscode\extensions\redhat.java-1.43.1-win32-x64\server\plugins\org.eclipse.equinox.launcher_1.7.0.v20250519-0528.jar -configuration c:\Users\Admin\AppData\Roaming\Code\User\globalStorage\redhat.java\1.43.1\config_win -data c:\Users\Admin\AppData\Roaming\Code\User\workspaceStorage\91bfc2bb926e85cacc8896de9206306c\redhat.java\jdt_ws --pipe=\\.\pipe\lsp-4612402555713af228ce59c2ef5f48d3-sock
java_class_path (initial): c:\Users\Admin\.vscode\extensions\redhat.java-1.43.1-win32-x64\server\plugins\org.eclipse.equinox.launcher_1.7.0.v20250519-0528.jar
Launcher Type: SUN_STANDARD

[Global flags]
    uintx AdaptiveSizePolicyWeight                 = 90                                        {product} {command line}
     intx CICompilerCount                          = 4                                         {product} {ergonomic}
    uintx GCTimeRatio                              = 4                                         {product} {command line}
     bool HeapDumpOnOutOfMemoryError               = true                                   {manageable} {command line}
    ccstr HeapDumpPath                             = c:\Users\Admin\AppData\Roaming\Code\User\workspaceStorage\91bfc2bb926e85cacc8896de9206306c\redhat.java         {manageable} {command line}
   size_t InitialHeapSize                          = 104857600                                 {product} {command line}
   size_t MaxHeapSize                              = 2147483648                                {product} {command line}
   size_t MaxNewSize                               = 715653120                                 {product} {ergonomic}
   size_t MinHeapDeltaBytes                        = 524288                                    {product} {ergonomic}
   size_t MinHeapSize                              = 104857600                                 {product} {command line}
   size_t NewSize                                  = 34603008                                  {product} {ergonomic}
    uintx NonNMethodCodeHeapSize                   = 5839372                                {pd product} {ergonomic}
    uintx NonProfiledCodeHeapSize                  = 122909434                              {pd product} {ergonomic}
   size_t OldSize                                  = 70254592                                  {product} {ergonomic}
    uintx ProfiledCodeHeapSize                     = 122909434                              {pd product} {ergonomic}
    uintx ReservedCodeCacheSize                    = 251658240                              {pd product} {ergonomic}
     bool SegmentedCodeCache                       = true                                      {product} {ergonomic}
   size_t SoftMaxHeapSize                          = 2147483648                             {manageable} {ergonomic}
     bool UseCompressedOops                        = true                           {product lp64_product} {ergonomic}
     bool UseLargePagesIndividualAllocation        = false                                  {pd product} {ergonomic}
     bool UseParallelGC                            = true                                      {product} {command line}

Logging:
Log output configuration:
 #0: stdout all=off uptime,level,tags foldmultilines=false
 #1: stderr all=off uptime,level,tags foldmultilines=false

Environment Variables:
JAVA_HOME=C:\Program Files\Java\jdk-17
PATH=C:\Program Files\Java\jdk-17\bin;C:\Program Files\Java\jdk-21\bin;C:\Users\Admin\Downloads\kafka-3.9.0-src\kafka-3.9.0-src\bin;C:\Users\Admin\Downloads\gradle-8.11-bin\gradle-8.11\bin;D:\JDk\jdk1.8.0_281\bin;C:\Program Files\Common Files\Oracle\Java\javapath;C:\Program Files (x86)\Common Files\Oracle\Java\javapath;C:\WINDOWS\system32;C:\WINDOWS;C:\WINDOWS\System32\Wbem;C:\WINDOWS\System32\WindowsPowerShell\v1.0\;C:\WINDOWS\System32\OpenSSH\;C:\Program Files\nodejs\;C:\Program Files\Java\jdk-17\\bin;C:\Program Files\Git\cmd;C:\Program Files\PuTTY\;C:\Users\Admin\Desktop\mvn\apache-maven-3.9.4-bin\apache-maven-3.9.4\bin;C:\Program Files\Docker\Docker\resources\bin;C:\Users\Admin\Downloads\New folder (19)\strawberry-perl-5.40.0.1-64bit-portable\perl\bin;C:\Program Files\Maven\apache-maven-3.9.9-bin\apache-maven-3.9.9\bin;C:\Program Files\Java\jdk-17\bin;C:\Program Files\Java\jdk-21\bin;C:\Users\Admin\Downloads\kafka-3.9.0-src\kafka-3.9.0-src\bin;C:\Users\Admin\Downloads\gradle-8.11-bin\gradle-8.11\bin;D:\JDk\jdk1.8.0_281\bin;C:\Users\Admin\AppData\Local\Microsoft\WindowsApps;C:\Users\Admin\AppData\Local\Programs\Microsoft VS Code\bin;C:\Users\Admin\AppData\Roaming\npm;C:\Program Files\JetBrains\IntelliJ IDEA 2024.1.2\bin;;C:\Program Files\PHP;C:\Users\Admin\AppData\Local\Programs\MiKTeX\miktex\bin\x64\;C:\Users\Admin\Downloads\New folder (19)\strawberry-perl-5.40.0.1-64bit-portable\perl\bin;C:\Program Files\Maven\apache-maven-3.9.9-bin\apache-maven-3.9.9\bin;
USERNAME=Admin
OS=Windows_NT
PROCESSOR_IDENTIFIER=AMD64 Family 23 Model 104 Stepping 1, AuthenticAMD
TMP=C:\Users\Admin\AppData\Local\Temp
TEMP=C:\Users\Admin\AppData\Local\Temp




Periodic native trim disabled

---------------  S Y S T E M  ---------------

OS:
 Windows 11 , 64 bit Build 26100 (10.0.26100.3323)
OS uptime: 0 days 17:56 hours
Hyper-V role detected

CPU: total 12 (initial active 12) (12 cores per cpu, 2 threads per core) family 23 model 104 stepping 1 microcode 0x8608103, cx8, cmov, fxsr, ht, mmx, 3dnowpref, sse, sse2, sse3, ssse3, sse4a, sse4.1, sse4.2, popcnt, lzcnt, tsc, tscinvbit, avx, avx2, aes, clmul, bmi1, bmi2, adx, sha, fma, vzeroupper, clflush, clflushopt, hv, rdtscp, rdpid, f16c
Processor Information for the first 12 processors :
  Max Mhz: 2100, Current Mhz: 1988, Mhz Limit: 2100

Memory: 4k page, system-wide physical 6005M (277M free)
TotalPageFile size 24437M (AvailPageFile size 7M)
current process WorkingSet (physical memory assigned to process): 460M, peak: 580M
current process commit charge ("private bytes"): 750M, peak: 750M

vm_info: OpenJDK 64-Bit Server VM (21.0.7+6-LTS) for windows-amd64 JRE (21.0.7+6-LTS), built on 2025-04-15T00:00:00Z by "admin" with MS VC++ 17.7 (VS2022)

END.
