#
# There is insufficient memory for the Java Runtime Environment to continue.
# Native memory allocation (malloc) failed to allocate 1792224 bytes. Error detail: Chunk::new
# Possible reasons:
#   The system is out of physical RAM or swap space
#   This process is running with CompressedOops enabled, and the Java Heap may be blocking the growth of the native heap
# Possible solutions:
#   Reduce memory load on the system
#   Increase physical memory or swap space
#   Check if swap backing store is full
#   Decrease Java heap size (-Xmx/-Xms)
#   Decrease number of Java threads
#   Decrease Java thread stack sizes (-Xss)
#   Set larger code cache with -XX:ReservedCodeCacheSize=
#   JVM is running with Unscaled Compressed Oops mode in which the Java heap is
#     placed in the first 4GB address space. The Java Heap base address is the
#     maximum limit for the native heap growth. Please use -XX:HeapBaseMinAddress
#     to set the Java Heap base and to place the Java Heap above 4GB virtual address.
# This output file may be truncated or incomplete.
#
#  Out of Memory Error (arena.cpp:168), pid=15380, tid=20828
#
# JRE version: OpenJDK Runtime Environment Temurin-21.0.7+6 (21.0.7+6) (build 21.0.7+6-LTS)
# Java VM: OpenJDK 64-Bit Server VM Temurin-21.0.7+6 (21.0.7+6-LTS, mixed mode, sharing, tiered, compressed oops, compressed class ptrs, parallel gc, windows-amd64)
# No core dump will be written. Minidumps are not enabled by default on client versions of Windows
#

---------------  S U M M A R Y ------------

Command Line: --add-modules=ALL-SYSTEM --add-opens=java.base/java.util=ALL-UNNAMED --add-opens=java.base/java.lang=ALL-UNNAMED --add-opens=java.base/sun.nio.fs=ALL-UNNAMED -Declipse.application=org.eclipse.jdt.ls.core.id1 -Dosgi.bundles.defaultStartLevel=4 -Declipse.product=org.eclipse.jdt.ls.core.product -Djava.import.generatesMetadataFilesAtProjectRoot=false -DDetectVMInstallationsJob.disabled=true -Dfile.encoding=utf8 -XX:+UseParallelGC -XX:GCTimeRatio=4 -XX:AdaptiveSizePolicyWeight=90 -Dsun.zip.disableMemoryMapping=true -Xmx2G -Xms100m -Xlog:disable -javaagent:c:\Users\Admin\.vscode\extensions\redhat.java-1.43.1-win32-x64\lombok\lombok-1.18.39-4050.jar -XX:+HeapDumpOnOutOfMemoryError -XX:HeapDumpPath=c:\Users\Admin\AppData\Roaming\Code\User\workspaceStorage\91bfc2bb926e85cacc8896de9206306c\redhat.java -Daether.dependencyCollector.impl=bf c:\Users\Admin\.vscode\extensions\redhat.java-1.43.1-win32-x64\server\plugins\org.eclipse.equinox.launcher_1.7.0.v20250519-0528.jar -configuration c:\Users\Admin\AppData\Roaming\Code\User\globalStorage\redhat.java\1.43.1\config_win -data c:\Users\Admin\AppData\Roaming\Code\User\workspaceStorage\91bfc2bb926e85cacc8896de9206306c\redhat.java\jdt_ws --pipe=\\.\pipe\lsp-8c3c785afe88ae85c6cad00e1f127705-sock

Host: AMD Ryzen 5 5500U with Radeon Graphics         , 12 cores, 5G,  Windows 11 , 64 bit Build 26100 (10.0.26100.3323)
Time: Mon Jul 14 16:33:18 2025 W. Central Africa Standard Time elapsed time: 14.171540 seconds (0d 0h 0m 14s)

---------------  T H R E A D  ---------------

Current thread (0x00000227a6e7d450):  JavaThread "C2 CompilerThread0" daemon [_thread_in_native, id=20828, stack(0x000000408e400000,0x000000408e500000) (1024K)]


Current CompileTask:
C2:14171 8343   !   4       org.eclipse.jdt.internal.compiler.classfmt.ClassFileReader::<init> (2135 bytes)

Stack: [0x000000408e400000,0x000000408e500000]
Native frames: (J=compiled Java code, j=interpreted, Vv=VM code, C=native code)
V  [jvm.dll+0x6ce119]
V  [jvm.dll+0x8a84a1]
V  [jvm.dll+0x8aa9ce]
V  [jvm.dll+0x8ab0b3]
V  [jvm.dll+0x27f8a6]
V  [jvm.dll+0xc507d]
V  [jvm.dll+0xc55b3]
V  [jvm.dll+0x3b692c]
V  [jvm.dll+0x1e0029]
V  [jvm.dll+0x247c42]
V  [jvm.dll+0x2470cf]
V  [jvm.dll+0x1c760e]
V  [jvm.dll+0x25695a]
V  [jvm.dll+0x254efa]
V  [jvm.dll+0x3f03f6]
V  [jvm.dll+0x851f6b]
V  [jvm.dll+0x6cc7dd]
C  [ucrtbase.dll+0x37b0]
C  [KERNEL32.DLL+0x2e8d7]
C  [ntdll.dll+0xbbf6c]


---------------  P R O C E S S  ---------------

Threads class SMR info:
_java_thread_list=0x00000227879412b0, length=67, elements={
0x00000227a6dcf800, 0x00000227a6d7d990, 0x00000227a6e72260, 0x00000227a6e73e60,
0x00000227a6e74ab0, 0x00000227a6e75700, 0x00000227a6e78560, 0x00000227a6e7d450,
0x00000227a6e82bd0, 0x00000227ffcdfd30, 0x00000227fff347c0, 0x0000022785731aa0,
0x000002278574dca0, 0x0000022785936af0, 0x0000022785937150, 0x0000022785de9a10,
0x0000022785dd7790, 0x0000022785bd8520, 0x0000022785bd7e90, 0x0000022785bd6450,
0x0000022785bd7800, 0x0000022785bd8bb0, 0x0000022785f77f00, 0x0000022785bd9240,
0x0000022785bd5dc0, 0x000002278732f8e0, 0x000002278732d810, 0x000002278732ff70,
0x0000022787330c90, 0x000002278732e530, 0x000002278732ebc0, 0x000002278732dea0,
0x0000022787330600, 0x000002278732f250, 0x0000022787c3b6b0, 0x0000022787c3bd40,
0x0000022787c3c3d0, 0x0000022787c3de10, 0x0000022787c3d0f0, 0x0000022787c3d780,
0x0000022787c3b020, 0x0000022787c3f850, 0x0000022787c3fee0, 0x0000022787c3e4a0,
0x0000022787c3f1c0, 0x0000022787c3ca60, 0x0000022787c40c00, 0x0000022787c40570,
0x0000022787c41290, 0x0000022787c41920, 0x0000022787c41fb0, 0x0000022787c3eb30,
0x0000022787c42640, 0x0000022785bd6ae0, 0x0000022789225660, 0x0000022789225cf0,
0x00000227892270a0, 0x0000022789224fd0, 0x0000022789226380, 0x00000227892242b0,
0x0000022789226a10, 0x0000022789224940, 0x0000022789227730, 0x000002278968bd70,
0x000002278968b050, 0x00000227896888f0, 0x0000022789689610
}

Java Threads: ( => current thread )
  0x00000227a6dcf800 JavaThread "main"                              [_thread_blocked, id=27460, stack(0x000000408da00000,0x000000408db00000) (1024K)]
  0x00000227a6d7d990 JavaThread "Reference Handler"          daemon [_thread_blocked, id=22752, stack(0x000000408de00000,0x000000408df00000) (1024K)]
  0x00000227a6e72260 JavaThread "Finalizer"                  daemon [_thread_blocked, id=27728, stack(0x000000408df00000,0x000000408e000000) (1024K)]
  0x00000227a6e73e60 JavaThread "Signal Dispatcher"          daemon [_thread_blocked, id=13616, stack(0x000000408e000000,0x000000408e100000) (1024K)]
  0x00000227a6e74ab0 JavaThread "Attach Listener"            daemon [_thread_blocked, id=26584, stack(0x000000408e100000,0x000000408e200000) (1024K)]
  0x00000227a6e75700 JavaThread "Service Thread"             daemon [_thread_blocked, id=13360, stack(0x000000408e200000,0x000000408e300000) (1024K)]
  0x00000227a6e78560 JavaThread "Monitor Deflation Thread"   daemon [_thread_blocked, id=27040, stack(0x000000408e300000,0x000000408e400000) (1024K)]
=>0x00000227a6e7d450 JavaThread "C2 CompilerThread0"         daemon [_thread_in_native, id=20828, stack(0x000000408e400000,0x000000408e500000) (1024K)]
  0x00000227a6e82bd0 JavaThread "C1 CompilerThread0"         daemon [_thread_blocked, id=29516, stack(0x000000408e500000,0x000000408e600000) (1024K)]
  0x00000227ffcdfd30 JavaThread "Common-Cleaner"             daemon [_thread_blocked, id=11352, stack(0x000000408e600000,0x000000408e700000) (1024K)]
  0x00000227fff347c0 JavaThread "Notification Thread"        daemon [_thread_blocked, id=24260, stack(0x000000408e800000,0x000000408e900000) (1024K)]
  0x0000022785731aa0 JavaThread "Active Thread: Equinox Container: ea91dac4-b429-45e4-b34c-ccedebf5d254"        [_thread_blocked, id=6640, stack(0x000000408f000000,0x000000408f100000) (1024K)]
  0x000002278574dca0 JavaThread "Refresh Thread: Equinox Container: ea91dac4-b429-45e4-b34c-ccedebf5d254" daemon [_thread_blocked, id=28076, stack(0x000000408f100000,0x000000408f200000) (1024K)]
  0x0000022785936af0 JavaThread "Framework Event Dispatcher: Equinox Container: ea91dac4-b429-45e4-b34c-ccedebf5d254" daemon [_thread_blocked, id=24676, stack(0x000000408f300000,0x000000408f400000) (1024K)]
  0x0000022785937150 JavaThread "Start Level: Equinox Container: ea91dac4-b429-45e4-b34c-ccedebf5d254" daemon [_thread_blocked, id=28564, stack(0x000000408f400000,0x000000408f500000) (1024K)]
  0x0000022785de9a10 JavaThread "Bundle File Closer"         daemon [_thread_blocked, id=14284, stack(0x000000408f700000,0x000000408f800000) (1024K)]
  0x0000022785dd7790 JavaThread "SCR Component Actor"        daemon [_thread_blocked, id=29456, stack(0x000000408e900000,0x000000408ea00000) (1024K)]
  0x0000022785bd8520 JavaThread "Worker-JM"                         [_thread_blocked, id=27508, stack(0x000000408f900000,0x000000408fa00000) (1024K)]
  0x0000022785bd7e90 JavaThread "JNA Cleaner"                daemon [_thread_blocked, id=22544, stack(0x000000408fa00000,0x000000408fb00000) (1024K)]
  0x0000022785bd6450 JavaThread "Worker-0"                          [_thread_blocked, id=20516, stack(0x000000408fb00000,0x000000408fc00000) (1024K)]
  0x0000022785bd7800 JavaThread "Worker-1: Loading available Gradle versions"        [_thread_in_native, id=4996, stack(0x000000408fc00000,0x000000408fd00000) (1024K)]
  0x0000022785bd8bb0 JavaThread "Worker-2: Initialize After Load"        [_thread_blocked, id=4848, stack(0x000000408fd00000,0x000000408fe00000) (1024K)]
  0x0000022785f77f00 JavaThread "C2 CompilerThread1"         daemon [_thread_in_native, id=4776, stack(0x000000408e700000,0x000000408e800000) (1024K)]
  0x0000022785bd9240 JavaThread "Java indexing"              daemon [_thread_in_Java, id=392, stack(0x000000408fe00000,0x000000408ff00000) (1024K)]
  0x0000022785bd5dc0 JavaThread "Worker-3: Java indexing... "        [_thread_blocked, id=27572, stack(0x000000408ff00000,0x0000004090000000) (1024K)]
  0x000002278732f8e0 JavaThread "Worker-4: Building"                [_thread_in_Java, id=9480, stack(0x0000004090000000,0x0000004090100000) (1024K)]
  0x000002278732d810 JavaThread "Worker-5"                          [_thread_blocked, id=20716, stack(0x0000004090400000,0x0000004090500000) (1024K)]
  0x000002278732ff70 JavaThread "Thread-2"                   daemon [_thread_in_native, id=7236, stack(0x0000004090500000,0x0000004090600000) (1024K)]
  0x0000022787330c90 JavaThread "Thread-3"                   daemon [_thread_in_native, id=18276, stack(0x0000004090600000,0x0000004090700000) (1024K)]
  0x000002278732e530 JavaThread "Thread-4"                   daemon [_thread_in_native, id=25788, stack(0x0000004090700000,0x0000004090800000) (1024K)]
  0x000002278732ebc0 JavaThread "Thread-5"                   daemon [_thread_in_native, id=16404, stack(0x0000004090800000,0x0000004090900000) (1024K)]
  0x000002278732dea0 JavaThread "Thread-6"                   daemon [_thread_in_native, id=22600, stack(0x0000004090900000,0x0000004090a00000) (1024K)]
  0x0000022787330600 JavaThread "Thread-7"                   daemon [_thread_in_native, id=27916, stack(0x0000004090a00000,0x0000004090b00000) (1024K)]
  0x000002278732f250 JavaThread "Thread-8"                   daemon [_thread_in_native, id=11020, stack(0x0000004090b00000,0x0000004090c00000) (1024K)]
  0x0000022787c3b6b0 JavaThread "Thread-9"                   daemon [_thread_in_native, id=2300, stack(0x0000004090c00000,0x0000004090d00000) (1024K)]
  0x0000022787c3bd40 JavaThread "Thread-10"                  daemon [_thread_in_native, id=26896, stack(0x0000004090d00000,0x0000004090e00000) (1024K)]
  0x0000022787c3c3d0 JavaThread "Thread-11"                  daemon [_thread_in_native, id=2312, stack(0x0000004090e00000,0x0000004090f00000) (1024K)]
  0x0000022787c3de10 JavaThread "Thread-12"                  daemon [_thread_in_native, id=18088, stack(0x0000004090f00000,0x0000004091000000) (1024K)]
  0x0000022787c3d0f0 JavaThread "Thread-13"                  daemon [_thread_in_native, id=19112, stack(0x0000004091000000,0x0000004091100000) (1024K)]
  0x0000022787c3d780 JavaThread "Thread-14"                  daemon [_thread_in_native, id=27268, stack(0x0000004091100000,0x0000004091200000) (1024K)]
  0x0000022787c3b020 JavaThread "pool-2-thread-1"                   [_thread_blocked, id=16720, stack(0x0000004091200000,0x0000004091300000) (1024K)]
  0x0000022787c3f850 JavaThread "Worker-6"                          [_thread_blocked, id=25836, stack(0x0000004091300000,0x0000004091400000) (1024K)]
  0x0000022787c3fee0 JavaThread "Worker-7"                          [_thread_blocked, id=14544, stack(0x0000004091400000,0x0000004091500000) (1024K)]
  0x0000022787c3e4a0 JavaThread "WorkspaceEventsHandler"            [_thread_blocked, id=15104, stack(0x0000004091600000,0x0000004091700000) (1024K)]
  0x0000022787c3f1c0 JavaThread "pool-1-thread-1"                   [_thread_blocked, id=9656, stack(0x0000004091700000,0x0000004091800000) (1024K)]
  0x0000022787c3ca60 JavaThread "LocalFile Deleter"          daemon [_thread_blocked, id=22012, stack(0x000000408f800000,0x000000408f900000) (1024K)]
  0x0000022787c40c00 JavaThread "LocalFile Deleter"          daemon [_thread_blocked, id=28312, stack(0x0000004091800000,0x0000004091900000) (1024K)]
  0x0000022787c40570 JavaThread "LocalFile Deleter"          daemon [_thread_blocked, id=28712, stack(0x0000004091900000,0x0000004091a00000) (1024K)]
  0x0000022787c41290 JavaThread "LocalFile Deleter"          daemon [_thread_blocked, id=7280, stack(0x0000004091a00000,0x0000004091b00000) (1024K)]
  0x0000022787c41920 JavaThread "LocalFile Deleter"          daemon [_thread_blocked, id=9352, stack(0x0000004091b00000,0x0000004091c00000) (1024K)]
  0x0000022787c41fb0 JavaThread "LocalFile Deleter"          daemon [_thread_blocked, id=13408, stack(0x0000004091c00000,0x0000004091d00000) (1024K)]
  0x0000022787c3eb30 JavaThread "LocalFile Deleter"          daemon [_thread_blocked, id=29032, stack(0x0000004091d00000,0x0000004091e00000) (1024K)]
  0x0000022787c42640 JavaThread "LocalFile Deleter"          daemon [_thread_blocked, id=10524, stack(0x0000004091e00000,0x0000004091f00000) (1024K)]
  0x0000022785bd6ae0 JavaThread "LocalFile Deleter"          daemon [_thread_blocked, id=23960, stack(0x0000004091f00000,0x0000004092000000) (1024K)]
  0x0000022789225660 JavaThread "LocalFile Deleter"          daemon [_thread_blocked, id=14740, stack(0x0000004092000000,0x0000004092100000) (1024K)]
  0x0000022789225cf0 JavaThread "LocalFile Deleter"          daemon [_thread_blocked, id=29592, stack(0x0000004092100000,0x0000004092200000) (1024K)]
  0x00000227892270a0 JavaThread "LocalFile Deleter"          daemon [_thread_blocked, id=13056, stack(0x0000004092200000,0x0000004092300000) (1024K)]
  0x0000022789224fd0 JavaThread "Compiler Source File Reader" daemon [_thread_blocked, id=368, stack(0x0000004092300000,0x0000004092400000) (1024K)]
  0x0000022789226380 JavaThread "Compiler Source File Reader" daemon [_thread_blocked, id=17292, stack(0x0000004092400000,0x0000004092500000) (1024K)]
  0x00000227892242b0 JavaThread "Compiler Source File Reader" daemon [_thread_blocked, id=3260, stack(0x0000004092500000,0x0000004092600000) (1024K)]
  0x0000022789226a10 JavaThread "Compiler Source File Reader" daemon [_thread_blocked, id=26332, stack(0x0000004092600000,0x0000004092700000) (1024K)]
  0x0000022789224940 JavaThread "Compiler Source File Reader" daemon [_thread_blocked, id=4988, stack(0x0000004092700000,0x0000004092800000) (1024K)]
  0x0000022789227730 JavaThread "Compiler Source File Reader" daemon [_thread_blocked, id=14624, stack(0x0000004092800000,0x0000004092900000) (1024K)]
  0x000002278968bd70 JavaThread "Compiler Source File Reader" daemon [_thread_blocked, id=8156, stack(0x0000004092900000,0x0000004092a00000) (1024K)]
  0x000002278968b050 JavaThread "Compiler Source File Reader" daemon [_thread_blocked, id=21964, stack(0x0000004092a00000,0x0000004092b00000) (1024K)]
  0x00000227896888f0 JavaThread "Compiler Source File Reader" daemon [_thread_blocked, id=8412, stack(0x0000004092b00000,0x0000004092c00000) (1024K)]
  0x0000022789689610 JavaThread "Compiler Source File Reader" daemon [_thread_blocked, id=11116, stack(0x0000004092c00000,0x0000004092d00000) (1024K)]
Total: 67

Other Threads:
  0x00000227a49415e0 VMThread "VM Thread"                           [id=25800, stack(0x000000408dd00000,0x000000408de00000) (1024K)]
  0x00000227a6c5ca00 WatcherThread "VM Periodic Task Thread"        [id=22668, stack(0x000000408dc00000,0x000000408dd00000) (1024K)]
  0x00000227a4940760 WorkerThread "GC Thread#0"                     [id=14212, stack(0x000000408db00000,0x000000408dc00000) (1024K)]
  0x00000227a4941980 WorkerThread "GC Thread#1"                     [id=7132, stack(0x000000408ea00000,0x000000408eb00000) (1024K)]
  0x00000227a4941240 WorkerThread "GC Thread#2"                     [id=23376, stack(0x000000408eb00000,0x000000408ec00000) (1024K)]
  0x00000227a49403c0 WorkerThread "GC Thread#3"                     [id=28072, stack(0x000000408ec00000,0x000000408ed00000) (1024K)]
  0x000002278534f1a0 WorkerThread "GC Thread#4"                     [id=20172, stack(0x000000408ed00000,0x000000408ee00000) (1024K)]
  0x0000022785351240 WorkerThread "GC Thread#5"                     [id=16748, stack(0x000000408ee00000,0x000000408ef00000) (1024K)]
  0x000002278534e6c0 WorkerThread "GC Thread#6"                     [id=14260, stack(0x000000408ef00000,0x000000408f000000) (1024K)]
  0x000002278534f8e0 WorkerThread "GC Thread#7"                     [id=25688, stack(0x000000408f200000,0x000000408f300000) (1024K)]
  0x00000227853515e0 WorkerThread "GC Thread#8"                     [id=9884, stack(0x000000408f500000,0x000000408f600000) (1024K)]
  0x0000022785350020 WorkerThread "GC Thread#9"                     [id=2672, stack(0x000000408f600000,0x000000408f700000) (1024K)]
Total: 12

Threads with active compile tasks:
C2 CompilerThread0  14327 8343   !   4       org.eclipse.jdt.internal.compiler.classfmt.ClassFileReader::<init> (2135 bytes)
C2 CompilerThread1  14327 8401       4       jdk.internal.jrtfs.JrtFileSystem::lambda$iteratorOf$2 (20 bytes)
Total: 2

VM state: not at safepoint (normal execution)

VM Mutex/Monitor currently owned by a thread: None

Heap address: 0x0000000080000000, size: 2048 MB, Compressed Oops mode: 32-bit

CDS archive(s) mapped at: [0x00000227be000000-0x00000227beba0000-0x00000227beba0000), size 12189696, SharedBaseAddress: 0x00000227be000000, ArchiveRelocationMode: 1.
Compressed class space mapped at: 0x00000227bf000000-0x00000227ff000000, reserved size: 1073741824
Narrow klass base: 0x00000227be000000, Narrow klass shift: 0, Narrow klass range: 0x100000000

GC Precious Log:
 CardTable entry size: 512
 CPUs: 12 total, 12 available
 Memory: 6005M
 Large Page Support: Disabled
 NUMA Support: Disabled
 Compressed Oops: Enabled (32-bit)
 Alignments: Space 512K, Generation 512K, Heap 2M
 Heap Min Capacity: 100M
 Heap Initial Capacity: 100M
 Heap Max Capacity: 2G
 Pre-touch: Disabled
 Parallel Workers: 10

Heap:
 PSYoungGen      total 13312K, used 4883K [0x00000000d5580000, 0x00000000d6b00000, 0x0000000100000000)
  eden space 10752K, 21% used [0x00000000d5580000,0x00000000d57cd3b0,0x00000000d6000000)
  from space 2560K, 99% used [0x00000000d6100000,0x00000000d637f090,0x00000000d6380000)
  to   space 5632K, 0% used [0x00000000d6580000,0x00000000d6580000,0x00000000d6b00000)
 ParOldGen       total 138240K, used 137820K [0x0000000080000000, 0x0000000088700000, 0x00000000d5580000)
  object space 138240K, 99% used [0x0000000080000000,0x00000000886970d8,0x0000000088700000)
 Metaspace       used 56900K, committed 58176K, reserved 1114112K
  class space    used 6082K, committed 6656K, reserved 1048576K

Card table byte_map: [0x00000227a6770000,0x00000227a6b80000] _byte_map_base: 0x00000227a6370000

Marking Bits: (ParMarkBitMap*) 0x00007fff304331f0
 Begin Bits: [0x00000227b9270000, 0x00000227bb270000)
 End Bits:   [0x00000227bb270000, 0x00000227bd270000)

Polling page: 0x00000227a6500000

Metaspace:

Usage:
  Non-class:     49.63 MB used.
      Class:      5.94 MB used.
       Both:     55.57 MB used.

Virtual space:
  Non-class space:       64.00 MB reserved,      50.31 MB ( 79%) committed,  1 nodes.
      Class space:        1.00 GB reserved,       6.50 MB ( <1%) committed,  1 nodes.
             Both:        1.06 GB reserved,      56.81 MB (  5%) committed. 

Chunk freelists:
   Non-Class:  12.83 MB
       Class:  9.45 MB
        Both:  22.28 MB

MaxMetaspaceSize: unlimited
CompressedClassSpaceSize: 1.00 GB
Initial GC threshold: 21.00 MB
Current GC threshold: 58.38 MB
CDS: on
 - commit_granule_bytes: 65536.
 - commit_granule_words: 8192.
 - virtual_space_node_default_size: 8388608.
 - enlarge_chunks_in_place: 1.
 - use_allocation_guard: 0.


Internal statistics:

num_allocs_failed_limit: 6.
num_arena_births: 1054.
num_arena_deaths: 14.
num_vsnodes_births: 2.
num_vsnodes_deaths: 0.
num_space_committed: 909.
num_space_uncommitted: 0.
num_chunks_returned_to_freelist: 20.
num_chunks_taken_from_freelist: 3590.
num_chunk_merges: 7.
num_chunk_splits: 2154.
num_chunks_enlarged: 1113.
num_inconsistent_stats: 0.

CodeHeap 'non-profiled nmethods': size=120000Kb used=3413Kb max_used=3413Kb free=116586Kb
 bounds [0x00000227b1a90000, 0x00000227b1df0000, 0x00000227b8fc0000]
CodeHeap 'profiled nmethods': size=120000Kb used=15639Kb max_used=15639Kb free=104360Kb
 bounds [0x00000227a9fc0000, 0x00000227aaf10000, 0x00000227b14f0000]
CodeHeap 'non-nmethods': size=5760Kb used=1447Kb max_used=1521Kb free=4313Kb
 bounds [0x00000227b14f0000, 0x00000227b1760000, 0x00000227b1a90000]
 total_blobs=8452 nmethods=7704 adapters=653
 compilation: enabled
              stopped_count=0, restarted_count=0
 full_count=0

Compilation events (20 events):
Event: 12.968 Thread 0x00000227a6e82bd0 8392       2       java.lang.Integer::compareTo (12 bytes)
Event: 12.969 Thread 0x00000227a6e82bd0 nmethod 8392 0x00000227aaf03390 code [0x00000227aaf03540, 0x00000227aaf03698]
Event: 13.000 Thread 0x0000022785f77f00 nmethod 8289 0x00000227b1dd3a90 code [0x00000227b1dd3e80, 0x00000227b1dd6538]
Event: 13.000 Thread 0x0000022785f77f00 8391       4       java.io.WinNTFileSystem::normalize (143 bytes)
Event: 13.008 Thread 0x0000022785f77f00 nmethod 8391 0x00000227b1dd8b10 code [0x00000227b1dd8ce0, 0x00000227b1dd8fa8]
Event: 13.008 Thread 0x0000022785f77f00 8390       4       org.eclipse.jdt.internal.compiler.util.HashtableOfObject::rehash (84 bytes)
Event: 13.039 Thread 0x0000022785f77f00 nmethod 8390 0x00000227b1dd9290 code [0x00000227b1dd94c0, 0x00000227b1dd9f50]
Event: 13.039 Thread 0x0000022785f77f00 8389   !   4       sun.nio.fs.WindowsPath::initOffsets (153 bytes)
Event: 13.049 Thread 0x00000227a6e82bd0 8395       2       org.eclipse.jdt.internal.compiler.classfmt.FieldInfo::decodeAnnotations (185 bytes)
Event: 13.051 Thread 0x00000227a6e82bd0 nmethod 8395 0x00000227aaf03790 code [0x00000227aaf03980, 0x00000227aaf04160]
Event: 13.064 Thread 0x0000022785f77f00 nmethod 8389 0x00000227b1dda590 code [0x00000227b1dda7e0, 0x00000227b1ddb188]
Event: 13.064 Thread 0x0000022785f77f00 8393       4       org.eclipse.jdt.internal.compiler.util.HashtableOfObject::rehash (84 bytes)
Event: 13.081 Thread 0x0000022785f77f00 nmethod 8393 0x00000227b1ddb890 code [0x00000227b1ddbac0, 0x00000227b1ddc4f0]
Event: 13.081 Thread 0x0000022785f77f00 8394       4       jdk.internal.jrtfs.JrtPath::checkPath (49 bytes)
Event: 13.082 Thread 0x0000022785f77f00 nmethod 8394 0x00000227b1ddcb90 code [0x00000227b1ddcd20, 0x00000227b1ddcde8]
Event: 13.082 Thread 0x0000022785f77f00 8386       4       java.util.HashMap::afterNodeAccess (1 bytes)
Event: 13.083 Thread 0x0000022785f77f00 nmethod 8386 0x00000227b1ddce90 code [0x00000227b1ddd020, 0x00000227b1ddd0a8]
Event: 13.083 Thread 0x0000022785f77f00 4948   !   4       java.util.Collections$SynchronizedCollection::contains (25 bytes)
Event: 13.103 Thread 0x0000022785f77f00 nmethod 4948 0x00000227b1ddd190 code [0x00000227b1ddd3e0, 0x00000227b1dde0e0]
Event: 13.103 Thread 0x0000022785f77f00 8396       4       sun.nio.fs.WindowsPath::elementAsString (62 bytes)

GC Heap History (20 events):
Event: 11.806 GC heap before
{Heap before GC invocations=52 (full 2):
 PSYoungGen      total 13824K, used 13565K [0x00000000d5580000, 0x00000000d6580000, 0x0000000100000000)
  eden space 11264K, 99% used [0x00000000d5580000,0x00000000d607f680,0x00000000d6080000)
  from space 2560K, 90% used [0x00000000d6080000,0x00000000d62c0030,0x00000000d6300000)
  to   space 2560K, 0% used [0x00000000d6300000,0x00000000d6300000,0x00000000d6580000)
 ParOldGen       total 110080K, used 109877K [0x0000000080000000, 0x0000000086b80000, 0x00000000d5580000)
  object space 110080K, 99% used [0x0000000080000000,0x0000000086b4d588,0x0000000086b80000)
 Metaspace       used 55708K, committed 56896K, reserved 1114112K
  class space    used 5973K, committed 6528K, reserved 1048576K
}
Event: 11.811 GC heap after
{Heap after GC invocations=52 (full 2):
 PSYoungGen      total 13824K, used 2340K [0x00000000d5580000, 0x00000000d6580000, 0x0000000100000000)
  eden space 11264K, 0% used [0x00000000d5580000,0x00000000d5580000,0x00000000d6080000)
  from space 2560K, 91% used [0x00000000d6300000,0x00000000d6549020,0x00000000d6580000)
  to   space 2560K, 0% used [0x00000000d6080000,0x00000000d6080000,0x00000000d6300000)
 ParOldGen       total 112128K, used 111915K [0x0000000080000000, 0x0000000086d80000, 0x00000000d5580000)
  object space 112128K, 99% used [0x0000000080000000,0x0000000086d4ad10,0x0000000086d80000)
 Metaspace       used 55708K, committed 56896K, reserved 1114112K
  class space    used 5973K, committed 6528K, reserved 1048576K
}
Event: 11.896 GC heap before
{Heap before GC invocations=53 (full 2):
 PSYoungGen      total 13824K, used 13604K [0x00000000d5580000, 0x00000000d6580000, 0x0000000100000000)
  eden space 11264K, 100% used [0x00000000d5580000,0x00000000d6080000,0x00000000d6080000)
  from space 2560K, 91% used [0x00000000d6300000,0x00000000d6549020,0x00000000d6580000)
  to   space 2560K, 0% used [0x00000000d6080000,0x00000000d6080000,0x00000000d6300000)
 ParOldGen       total 112128K, used 111915K [0x0000000080000000, 0x0000000086d80000, 0x00000000d5580000)
  object space 112128K, 99% used [0x0000000080000000,0x0000000086d4ad10,0x0000000086d80000)
 Metaspace       used 55795K, committed 57088K, reserved 1114112K
  class space    used 5977K, committed 6528K, reserved 1048576K
}
Event: 11.901 GC heap after
{Heap after GC invocations=53 (full 2):
 PSYoungGen      total 13824K, used 2539K [0x00000000d5580000, 0x00000000d6a80000, 0x0000000100000000)
  eden space 11264K, 0% used [0x00000000d5580000,0x00000000d5580000,0x00000000d6080000)
  from space 2560K, 99% used [0x00000000d6080000,0x00000000d62fad68,0x00000000d6300000)
  to   space 5120K, 0% used [0x00000000d6580000,0x00000000d6580000,0x00000000d6a80000)
 ParOldGen       total 114176K, used 114086K [0x0000000080000000, 0x0000000086f80000, 0x00000000d5580000)
  object space 114176K, 99% used [0x0000000080000000,0x0000000086f69910,0x0000000086f80000)
 Metaspace       used 55795K, committed 57088K, reserved 1114112K
  class space    used 5977K, committed 6528K, reserved 1048576K
}
Event: 11.989 GC heap before
{Heap before GC invocations=54 (full 2):
 PSYoungGen      total 13824K, used 13803K [0x00000000d5580000, 0x00000000d6a80000, 0x0000000100000000)
  eden space 11264K, 100% used [0x00000000d5580000,0x00000000d6080000,0x00000000d6080000)
  from space 2560K, 99% used [0x00000000d6080000,0x00000000d62fad68,0x00000000d6300000)
  to   space 5120K, 0% used [0x00000000d6580000,0x00000000d6580000,0x00000000d6a80000)
 ParOldGen       total 114176K, used 114086K [0x0000000080000000, 0x0000000086f80000, 0x00000000d5580000)
  object space 114176K, 99% used [0x0000000080000000,0x0000000086f69910,0x0000000086f80000)
 Metaspace       used 55946K, committed 57280K, reserved 1114112K
  class space    used 5988K, committed 6592K, reserved 1048576K
}
Event: 11.995 GC heap after
{Heap after GC invocations=54 (full 2):
 PSYoungGen      total 14336K, used 2601K [0x00000000d5580000, 0x00000000d6880000, 0x0000000100000000)
  eden space 11264K, 0% used [0x00000000d5580000,0x00000000d5580000,0x00000000d6080000)
  from space 3072K, 84% used [0x00000000d6580000,0x00000000d680a640,0x00000000d6880000)
  to   space 3584K, 0% used [0x00000000d6180000,0x00000000d6180000,0x00000000d6500000)
 ParOldGen       total 116736K, used 116513K [0x0000000080000000, 0x0000000087200000, 0x00000000d5580000)
  object space 116736K, 99% used [0x0000000080000000,0x00000000871c87a8,0x0000000087200000)
 Metaspace       used 55946K, committed 57280K, reserved 1114112K
  class space    used 5988K, committed 6592K, reserved 1048576K
}
Event: 12.067 GC heap before
{Heap before GC invocations=55 (full 2):
 PSYoungGen      total 14336K, used 13194K [0x00000000d5580000, 0x00000000d6880000, 0x0000000100000000)
  eden space 11264K, 94% used [0x00000000d5580000,0x00000000d5fd8348,0x00000000d6080000)
  from space 3072K, 84% used [0x00000000d6580000,0x00000000d680a640,0x00000000d6880000)
  to   space 3584K, 0% used [0x00000000d6180000,0x00000000d6180000,0x00000000d6500000)
 ParOldGen       total 116736K, used 116513K [0x0000000080000000, 0x0000000087200000, 0x00000000d5580000)
  object space 116736K, 99% used [0x0000000080000000,0x00000000871c87a8,0x0000000087200000)
 Metaspace       used 56049K, committed 57344K, reserved 1114112K
  class space    used 6000K, committed 6592K, reserved 1048576K
}
Event: 12.072 GC heap after
{Heap after GC invocations=55 (full 2):
 PSYoungGen      total 13824K, used 2263K [0x00000000d5580000, 0x00000000d6600000, 0x0000000100000000)
  eden space 11264K, 0% used [0x00000000d5580000,0x00000000d5580000,0x00000000d6080000)
  from space 2560K, 88% used [0x00000000d6180000,0x00000000d63b5d80,0x00000000d6400000)
  to   space 2048K, 0% used [0x00000000d6400000,0x00000000d6400000,0x00000000d6600000)
 ParOldGen       total 119296K, used 118793K [0x0000000080000000, 0x0000000087480000, 0x00000000d5580000)
  object space 119296K, 99% used [0x0000000080000000,0x0000000087402508,0x0000000087480000)
 Metaspace       used 56049K, committed 57344K, reserved 1114112K
  class space    used 6000K, committed 6592K, reserved 1048576K
}
Event: 12.237 GC heap before
{Heap before GC invocations=56 (full 2):
 PSYoungGen      total 13824K, used 13527K [0x00000000d5580000, 0x00000000d6600000, 0x0000000100000000)
  eden space 11264K, 100% used [0x00000000d5580000,0x00000000d6080000,0x00000000d6080000)
  from space 2560K, 88% used [0x00000000d6180000,0x00000000d63b5d80,0x00000000d6400000)
  to   space 2048K, 0% used [0x00000000d6400000,0x00000000d6400000,0x00000000d6600000)
 ParOldGen       total 119296K, used 118793K [0x0000000080000000, 0x0000000087480000, 0x00000000d5580000)
  object space 119296K, 99% used [0x0000000080000000,0x0000000087402508,0x0000000087480000)
 Metaspace       used 56209K, committed 57472K, reserved 1114112K
  class space    used 6020K, committed 6592K, reserved 1048576K
}
Event: 12.246 GC heap after
{Heap after GC invocations=56 (full 2):
 PSYoungGen      total 12800K, used 1529K [0x00000000d5580000, 0x00000000d6580000, 0x0000000100000000)
  eden space 11264K, 0% used [0x00000000d5580000,0x00000000d5580000,0x00000000d6080000)
  from space 1536K, 99% used [0x00000000d6400000,0x00000000d657e7b8,0x00000000d6580000)
  to   space 2048K, 0% used [0x00000000d6180000,0x00000000d6180000,0x00000000d6380000)
 ParOldGen       total 122880K, used 122673K [0x0000000080000000, 0x0000000087800000, 0x00000000d5580000)
  object space 122880K, 99% used [0x0000000080000000,0x00000000877cc570,0x0000000087800000)
 Metaspace       used 56209K, committed 57472K, reserved 1114112K
  class space    used 6020K, committed 6592K, reserved 1048576K
}
Event: 12.420 GC heap before
{Heap before GC invocations=57 (full 2):
 PSYoungGen      total 12800K, used 12793K [0x00000000d5580000, 0x00000000d6580000, 0x0000000100000000)
  eden space 11264K, 100% used [0x00000000d5580000,0x00000000d6080000,0x00000000d6080000)
  from space 1536K, 99% used [0x00000000d6400000,0x00000000d657e7b8,0x00000000d6580000)
  to   space 2048K, 0% used [0x00000000d6180000,0x00000000d6180000,0x00000000d6380000)
 ParOldGen       total 122880K, used 122673K [0x0000000080000000, 0x0000000087800000, 0x00000000d5580000)
  object space 122880K, 99% used [0x0000000080000000,0x00000000877cc570,0x0000000087800000)
 Metaspace       used 56423K, committed 57728K, reserved 1114112K
  class space    used 6040K, committed 6656K, reserved 1048576K
}
Event: 12.426 GC heap after
{Heap after GC invocations=57 (full 2):
 PSYoungGen      total 13312K, used 2043K [0x00000000d5580000, 0x00000000d6880000, 0x0000000100000000)
  eden space 11264K, 0% used [0x00000000d5580000,0x00000000d5580000,0x00000000d6080000)
  from space 2048K, 99% used [0x00000000d6180000,0x00000000d637edc8,0x00000000d6380000)
  to   space 4096K, 0% used [0x00000000d6480000,0x00000000d6480000,0x00000000d6880000)
 ParOldGen       total 124416K, used 124045K [0x0000000080000000, 0x0000000087980000, 0x00000000d5580000)
  object space 124416K, 99% used [0x0000000080000000,0x0000000087923460,0x0000000087980000)
 Metaspace       used 56423K, committed 57728K, reserved 1114112K
  class space    used 6040K, committed 6656K, reserved 1048576K
}
Event: 12.656 GC heap before
{Heap before GC invocations=58 (full 2):
 PSYoungGen      total 13312K, used 13196K [0x00000000d5580000, 0x00000000d6880000, 0x0000000100000000)
  eden space 11264K, 99% used [0x00000000d5580000,0x00000000d60644e8,0x00000000d6080000)
  from space 2048K, 99% used [0x00000000d6180000,0x00000000d637edc8,0x00000000d6380000)
  to   space 4096K, 0% used [0x00000000d6480000,0x00000000d6480000,0x00000000d6880000)
 ParOldGen       total 124416K, used 124045K [0x0000000080000000, 0x0000000087980000, 0x00000000d5580000)
  object space 124416K, 99% used [0x0000000080000000,0x0000000087923460,0x0000000087980000)
 Metaspace       used 56615K, committed 57920K, reserved 1114112K
  class space    used 6054K, committed 6656K, reserved 1048576K
}
Event: 12.663 GC heap after
{Heap after GC invocations=58 (full 2):
 PSYoungGen      total 13824K, used 2267K [0x00000000d5580000, 0x00000000d6700000, 0x0000000100000000)
  eden space 11264K, 0% used [0x00000000d5580000,0x00000000d5580000,0x00000000d6080000)
  from space 2560K, 88% used [0x00000000d6480000,0x00000000d66b6fd0,0x00000000d6700000)
  to   space 3072K, 0% used [0x00000000d6100000,0x00000000d6100000,0x00000000d6400000)
 ParOldGen       total 125952K, used 125932K [0x0000000080000000, 0x0000000087b00000, 0x00000000d5580000)
  object space 125952K, 99% used [0x0000000080000000,0x0000000087afb170,0x0000000087b00000)
 Metaspace       used 56615K, committed 57920K, reserved 1114112K
  class space    used 6054K, committed 6656K, reserved 1048576K
}
Event: 12.835 GC heap before
{Heap before GC invocations=59 (full 2):
 PSYoungGen      total 13824K, used 13531K [0x00000000d5580000, 0x00000000d6700000, 0x0000000100000000)
  eden space 11264K, 100% used [0x00000000d5580000,0x00000000d6080000,0x00000000d6080000)
  from space 2560K, 88% used [0x00000000d6480000,0x00000000d66b6fd0,0x00000000d6700000)
  to   space 3072K, 0% used [0x00000000d6100000,0x00000000d6100000,0x00000000d6400000)
 ParOldGen       total 125952K, used 125932K [0x0000000080000000, 0x0000000087b00000, 0x00000000d5580000)
  object space 125952K, 99% used [0x0000000080000000,0x0000000087afb170,0x0000000087b00000)
 Metaspace       used 56899K, committed 58176K, reserved 1114112K
  class space    used 6082K, committed 6656K, reserved 1048576K
}
Event: 12.843 GC heap after
{Heap after GC invocations=59 (full 2):
 PSYoungGen      total 14336K, used 2764K [0x00000000d5580000, 0x00000000d6680000, 0x0000000100000000)
  eden space 11264K, 0% used [0x00000000d5580000,0x00000000d5580000,0x00000000d6080000)
  from space 3072K, 89% used [0x00000000d6100000,0x00000000d63b3200,0x00000000d6400000)
  to   space 2560K, 0% used [0x00000000d6400000,0x00000000d6400000,0x00000000d6680000)
 ParOldGen       total 128000K, used 127867K [0x0000000080000000, 0x0000000087d00000, 0x00000000d5580000)
  object space 128000K, 99% used [0x0000000080000000,0x0000000087cdee08,0x0000000087d00000)
 Metaspace       used 56899K, committed 58176K, reserved 1114112K
  class space    used 6082K, committed 6656K, reserved 1048576K
}
Event: 13.019 GC heap before
{Heap before GC invocations=60 (full 2):
 PSYoungGen      total 14336K, used 14028K [0x00000000d5580000, 0x00000000d6680000, 0x0000000100000000)
  eden space 11264K, 100% used [0x00000000d5580000,0x00000000d6080000,0x00000000d6080000)
  from space 3072K, 89% used [0x00000000d6100000,0x00000000d63b3200,0x00000000d6400000)
  to   space 2560K, 0% used [0x00000000d6400000,0x00000000d6400000,0x00000000d6680000)
 ParOldGen       total 128000K, used 127867K [0x0000000080000000, 0x0000000087d00000, 0x00000000d5580000)
  object space 128000K, 99% used [0x0000000080000000,0x0000000087cdee08,0x0000000087d00000)
 Metaspace       used 56899K, committed 58176K, reserved 1114112K
  class space    used 6082K, committed 6656K, reserved 1048576K
}
Event: 13.027 GC heap after
{Heap after GC invocations=60 (full 2):
 PSYoungGen      total 11264K, used 2557K [0x00000000d5580000, 0x00000000d6c80000, 0x0000000100000000)
  eden space 8704K, 0% used [0x00000000d5580000,0x00000000d5580000,0x00000000d5e00000)
  from space 2560K, 99% used [0x00000000d6400000,0x00000000d667f710,0x00000000d6680000)
  to   space 6144K, 0% used [0x00000000d5e00000,0x00000000d5e00000,0x00000000d6400000)
 ParOldGen       total 131072K, used 130845K [0x0000000080000000, 0x0000000088000000, 0x00000000d5580000)
  object space 131072K, 99% used [0x0000000080000000,0x0000000087fc7678,0x0000000088000000)
 Metaspace       used 56899K, committed 58176K, reserved 1114112K
  class space    used 6082K, committed 6656K, reserved 1048576K
}
Event: 13.108 GC heap before
{Heap before GC invocations=61 (full 2):
 PSYoungGen      total 11264K, used 11261K [0x00000000d5580000, 0x00000000d6c80000, 0x0000000100000000)
  eden space 8704K, 100% used [0x00000000d5580000,0x00000000d5e00000,0x00000000d5e00000)
  from space 2560K, 99% used [0x00000000d6400000,0x00000000d667f710,0x00000000d6680000)
  to   space 6144K, 0% used [0x00000000d5e00000,0x00000000d5e00000,0x00000000d6400000)
 ParOldGen       total 131072K, used 130845K [0x0000000080000000, 0x0000000088000000, 0x00000000d5580000)
  object space 131072K, 99% used [0x0000000080000000,0x0000000087fc7678,0x0000000088000000)
 Metaspace       used 56899K, committed 58176K, reserved 1114112K
  class space    used 6082K, committed 6656K, reserved 1048576K
}
Event: 14.128 GC heap after
{Heap after GC invocations=61 (full 2):
 PSYoungGen      total 11264K, used 2433K [0x00000000d5580000, 0x00000000d6700000, 0x0000000100000000)
  eden space 8704K, 0% used [0x00000000d5580000,0x00000000d5580000,0x00000000d5e00000)
  from space 2560K, 95% used [0x00000000d5e00000,0x00000000d6060430,0x00000000d6080000)
  to   space 3584K, 0% used [0x00000000d6380000,0x00000000d6380000,0x00000000d6700000)
 ParOldGen       total 133632K, used 133331K [0x0000000080000000, 0x0000000088280000, 0x00000000d5580000)
  object space 133632K, 99% used [0x0000000080000000,0x0000000088234ef8,0x0000000088280000)
 Metaspace       used 56899K, committed 58176K, reserved 1114112K
  class space    used 6082K, committed 6656K, reserved 1048576K
}

Dll operation events (12 events):
Event: 0.035 Loaded shared library c:\Users\Admin\.vscode\extensions\redhat.java-1.43.1-win32-x64\jre\21.0.7-win32-x86_64\bin\java.dll
Event: 0.285 Loaded shared library c:\Users\Admin\.vscode\extensions\redhat.java-1.43.1-win32-x64\jre\21.0.7-win32-x86_64\bin\zip.dll
Event: 0.345 Loaded shared library C:\Users\Admin\.vscode\extensions\redhat.java-1.43.1-win32-x64\jre\21.0.7-win32-x86_64\bin\instrument.dll
Event: 0.360 Loaded shared library C:\Users\Admin\.vscode\extensions\redhat.java-1.43.1-win32-x64\jre\21.0.7-win32-x86_64\bin\net.dll
Event: 0.366 Loaded shared library C:\Users\Admin\.vscode\extensions\redhat.java-1.43.1-win32-x64\jre\21.0.7-win32-x86_64\bin\nio.dll
Event: 0.386 Loaded shared library C:\Users\Admin\.vscode\extensions\redhat.java-1.43.1-win32-x64\jre\21.0.7-win32-x86_64\bin\zip.dll
Event: 0.457 Loaded shared library C:\Users\Admin\.vscode\extensions\redhat.java-1.43.1-win32-x64\jre\21.0.7-win32-x86_64\bin\jimage.dll
Event: 0.651 Loaded shared library c:\Users\Admin\.vscode\extensions\redhat.java-1.43.1-win32-x64\jre\21.0.7-win32-x86_64\bin\verify.dll
Event: 2.362 Loaded shared library C:\Users\Admin\AppData\Roaming\Code\User\globalStorage\redhat.java\1.43.1\config_win\org.eclipse.equinox.launcher\org.eclipse.equinox.launcher.win32.win32.x86_64_1.2.1300.v20250331-1702\eclipse_11911.dll
Event: 4.070 Loaded shared library C:\Users\Admin\AppData\Local\Temp\jna-63116079\jna16771792569294754463.dll
Event: 6.342 Loaded shared library C:\Users\Admin\.vscode\extensions\redhat.java-1.43.1-win32-x64\jre\21.0.7-win32-x86_64\bin\sunmscapi.dll
Event: 7.045 Loaded shared library C:\Users\Admin\.vscode\extensions\redhat.java-1.43.1-win32-x64\jre\21.0.7-win32-x86_64\bin\extnet.dll

Deoptimization events (20 events):
Event: 12.958 Thread 0x0000022785bd9240 DEOPT PACKING pc=0x00000227aab113aa sp=0x000000408fefe280
Event: 12.958 Thread 0x0000022785bd9240 DEOPT UNPACKING pc=0x00000227b1544242 sp=0x000000408fefd808 mode 0
Event: 13.005 Thread 0x0000022785bd9240 DEOPT PACKING pc=0x00000227aab113aa sp=0x000000408fefe280
Event: 13.005 Thread 0x0000022785bd9240 DEOPT UNPACKING pc=0x00000227b1544242 sp=0x000000408fefd808 mode 0
Event: 13.007 Thread 0x000002278732f8e0 DEOPT PACKING pc=0x00000227aa97adc6 sp=0x00000040900fd6b0
Event: 13.007 Thread 0x000002278732f8e0 DEOPT UNPACKING pc=0x00000227b1544242 sp=0x00000040900fcc30 mode 0
Event: 13.040 Thread 0x0000022785bd9240 Uncommon trap: trap_request=0xffffff6e fr.pc=0x00000227b1dd9bf0 relative=0x0000000000000730
Event: 13.040 Thread 0x0000022785bd9240 Uncommon trap: reason=loop_limit_check action=maybe_recompile pc=0x00000227b1dd9bf0 method=org.eclipse.jdt.internal.compiler.util.HashtableOfObject.rehash()V @ 56 c2
Event: 13.040 Thread 0x0000022785bd9240 DEOPT PACKING pc=0x00000227b1dd9bf0 sp=0x000000408fefe110
Event: 13.040 Thread 0x0000022785bd9240 DEOPT UNPACKING pc=0x00000227b1543aa2 sp=0x000000408fefe0b8 mode 2
Event: 13.046 Thread 0x0000022785bd9240 DEOPT PACKING pc=0x00000227aab113aa sp=0x000000408fefe280
Event: 13.046 Thread 0x0000022785bd9240 DEOPT UNPACKING pc=0x00000227b1544242 sp=0x000000408fefd808 mode 0
Event: 13.049 Thread 0x000002278732f8e0 DEOPT PACKING pc=0x00000227aa371ed9 sp=0x00000040900fd7f0
Event: 13.049 Thread 0x000002278732f8e0 DEOPT UNPACKING pc=0x00000227b1544242 sp=0x00000040900fcc78 mode 0
Event: 13.088 Thread 0x0000022785bd9240 DEOPT PACKING pc=0x00000227aab113aa sp=0x000000408fefe280
Event: 13.088 Thread 0x0000022785bd9240 DEOPT UNPACKING pc=0x00000227b1544242 sp=0x000000408fefd808 mode 0
Event: 13.101 Thread 0x0000022785bd9240 DEOPT PACKING pc=0x00000227aab113aa sp=0x000000408fefe280
Event: 13.101 Thread 0x0000022785bd9240 DEOPT UNPACKING pc=0x00000227b1544242 sp=0x000000408fefd808 mode 0
Event: 14.133 Thread 0x0000022785bd9240 DEOPT PACKING pc=0x00000227aab113aa sp=0x000000408fefe280
Event: 14.133 Thread 0x0000022785bd9240 DEOPT UNPACKING pc=0x00000227b1544242 sp=0x000000408fefd808 mode 0

Classes loaded (20 events):
Event: 8.999 Loading class com/sun/crypto/provider/GaloisCounterMode$EncryptOp
Event: 9.000 Loading class com/sun/crypto/provider/GaloisCounterMode$GCMOperation
Event: 9.008 Loading class com/sun/crypto/provider/GaloisCounterMode$GCMOperation done
Event: 9.008 Loading class com/sun/crypto/provider/GaloisCounterMode$EncryptOp done
Event: 9.167 Loading class jdk/internal/org/objectweb/asm/ClassReader
Event: 9.168 Loading class jdk/internal/org/objectweb/asm/ClassReader done
Event: 9.892 Loading class java/lang/ProcessEnvironment$CheckedKeySet
Event: 9.892 Loading class java/lang/ProcessEnvironment$CheckedKeySet done
Event: 10.433 Loading class java/util/regex/Pattern$Pos
Event: 10.434 Loading class java/util/regex/Pattern$Pos done
Event: 10.541 Loading class sun/security/provider/MD5
Event: 10.542 Loading class sun/security/provider/MD5 done
Event: 10.543 Loading class sun/security/provider/ByteArrayAccess$LE
Event: 10.544 Loading class sun/security/provider/ByteArrayAccess$LE done
Event: 10.648 Loading class java/util/concurrent/ForkJoinTask$AdaptedCallable
Event: 10.649 Loading class java/util/concurrent/ForkJoinTask$AdaptedCallable done
Event: 11.665 Loading class java/util/WeakHashMap$KeyIterator
Event: 11.665 Loading class java/util/WeakHashMap$KeyIterator done
Event: 12.511 Loading class java/util/regex/Pattern$Caret
Event: 12.511 Loading class java/util/regex/Pattern$Caret done

Classes unloaded (7 events):
Event: 4.702 Thread 0x00000227a49415e0 Unloading class 0x00000227bf1a5000 'java/lang/invoke/LambdaForm$MH+0x00000227bf1a5000'
Event: 4.702 Thread 0x00000227a49415e0 Unloading class 0x00000227bf1a4c00 'java/lang/invoke/LambdaForm$MH+0x00000227bf1a4c00'
Event: 4.702 Thread 0x00000227a49415e0 Unloading class 0x00000227bf1a4800 'java/lang/invoke/LambdaForm$MH+0x00000227bf1a4800'
Event: 4.702 Thread 0x00000227a49415e0 Unloading class 0x00000227bf1a4400 'java/lang/invoke/LambdaForm$MH+0x00000227bf1a4400'
Event: 4.702 Thread 0x00000227a49415e0 Unloading class 0x00000227bf1a4000 'java/lang/invoke/LambdaForm$BMH+0x00000227bf1a4000'
Event: 4.702 Thread 0x00000227a49415e0 Unloading class 0x00000227bf1a3c00 'java/lang/invoke/LambdaForm$DMH+0x00000227bf1a3c00'
Event: 4.702 Thread 0x00000227a49415e0 Unloading class 0x00000227bf1a2800 'java/lang/invoke/LambdaForm$DMH+0x00000227bf1a2800'

Classes redefined (0 events):
No events

Internal exceptions (20 events):
Event: 7.478 Thread 0x000002278732f8e0 Exception <a 'sun/nio/fs/WindowsException'{0x00000000d5f9d400}> (0x00000000d5f9d400) 
thrown [s\src\hotspot\share\prims\jni.cpp, line 520]
Event: 7.479 Thread 0x000002278732f8e0 Exception <a 'sun/nio/fs/WindowsException'{0x00000000d5f9df90}> (0x00000000d5f9df90) 
thrown [s\src\hotspot\share\prims\jni.cpp, line 520]
Event: 8.234 Thread 0x0000022785bd9240 Implicit null exception at 0x00000227b1b1825a to 0x00000227b1b18358
Event: 8.698 Thread 0x000002278732f8e0 Exception <a 'java/lang/NoSuchMethodError'{0x00000000d5820df0}: 'java.lang.Object java.lang.invoke.DirectMethodHandle$Holder.invokeStatic(java.lang.Object, int, java.lang.Object, java.lang.Object)'> (0x00000000d5820df0) 
thrown [s\src\hotspot\share\interpreter\linkResolver.cpp, line 773]
Event: 8.699 Thread 0x000002278732f8e0 Exception <a 'java/lang/NoSuchMethodError'{0x00000000d58245f0}: 'java.lang.Object java.lang.invoke.DelegatingMethodHandle$Holder.delegate(java.lang.Object, int, java.lang.Object, java.lang.Object)'> (0x00000000d58245f0) 
thrown [s\src\hotspot\share\interpreter\linkResolver.cpp, line 773]
Event: 8.703 Thread 0x000002278732f8e0 Exception <a 'java/lang/NoSuchMethodError'{0x00000000d58fa0d8}: 'int java.lang.invoke.Invokers$Holder.linkToTargetMethod(java.lang.Object, java.lang.Object, java.lang.Object)'> (0x00000000d58fa0d8) 
thrown [s\src\hotspot\share\interpreter\linkResolver.cpp, line 773]
Event: 9.118 Thread 0x0000022785bd6450 Exception <a 'java/lang/ExceptionInInitializerError'{0x00000000d5749f80}> (0x00000000d5749f80) 
thrown [s\src\hotspot\share\oops\instanceKlass.cpp, line 1220]
Event: 9.169 Thread 0x0000022785bd6450 Implicit null exception at 0x00000227b1bde8fe to 0x00000227b1bdeb70
Event: 9.169 Thread 0x0000022785bd6450 Implicit null exception at 0x00000227b1b4549c to 0x00000227b1b463b8
Event: 9.171 Thread 0x0000022785bd6450 Exception <a 'java/lang/NoSuchMethodError'{0x00000000d611c5c0}: 'java.lang.Object java.lang.invoke.Invokers$Holder.invokeExact_MT(java.lang.Object, int, java.lang.Object)'> (0x00000000d611c5c0) 
thrown [s\src\hotspot\share\interpreter\linkResolver.cpp, line 773]
Event: 9.843 Thread 0x0000022785bd6450 Exception <a 'java/lang/NoClassDefFoundError'{0x00000000d5f18e60}: com/google/inject/servlet/ServletModuleTargetVisitor> (0x00000000d5f18e60) 
thrown [s\src\hotspot\share\classfile\systemDictionary.cpp, line 301]
Event: 10.644 Thread 0x000002278732f8e0 Exception <a 'sun/nio/fs/WindowsException'{0x00000000d5d35b48}> (0x00000000d5d35b48) 
thrown [s\src\hotspot\share\prims\jni.cpp, line 520]
Event: 10.656 Thread 0x0000022787c3ca60 Exception <a 'sun/nio/fs/WindowsException'{0x00000000d5da7e88}> (0x00000000d5da7e88) 
thrown [s\src\hotspot\share\prims\jni.cpp, line 520]
Event: 10.661 Thread 0x0000022787c3ca60 Exception <a 'sun/nio/fs/WindowsException'{0x00000000d5dadbc8}> (0x00000000d5dadbc8) 
thrown [s\src\hotspot\share\prims\jni.cpp, line 520]
Event: 10.668 Thread 0x0000022787c40c00 Exception <a 'sun/nio/fs/WindowsException'{0x00000000d5e055c0}> (0x00000000d5e055c0) 
thrown [s\src\hotspot\share\prims\jni.cpp, line 520]
Event: 11.613 Thread 0x0000022785bd6450 Exception <a 'sun/nio/fs/WindowsException'{0x00000000d57af9e8}> (0x00000000d57af9e8) 
thrown [s\src\hotspot\share\prims\jni.cpp, line 520]
Event: 11.613 Thread 0x0000022785bd6450 Exception <a 'sun/nio/fs/WindowsException'{0x00000000d57b02c8}> (0x00000000d57b02c8) 
thrown [s\src\hotspot\share\prims\jni.cpp, line 520]
Event: 11.675 Thread 0x0000022785bd6450 Exception <a 'java/io/FileNotFoundException'{0x00000000d5cbf290}> (0x00000000d5cbf290) 
thrown [s\src\hotspot\share\prims\jni.cpp, line 520]
Event: 11.675 Thread 0x0000022785bd6450 Exception <a 'java/io/FileNotFoundException'{0x00000000d5cc0290}> (0x00000000d5cc0290) 
thrown [s\src\hotspot\share\prims\jni.cpp, line 520]
Event: 11.676 Thread 0x0000022785bd6450 Exception <a 'java/io/FileNotFoundException'{0x00000000d5cc0fe8}> (0x00000000d5cc0fe8) 
thrown [s\src\hotspot\share\prims\jni.cpp, line 520]

ZGC Phase Switch (0 events):
No events

VM Operations (20 events):
Event: 11.806 Executing VM operation: ParallelGCFailedAllocation (Allocation Failure)
Event: 11.811 Executing VM operation: ParallelGCFailedAllocation (Allocation Failure) done
Event: 11.896 Executing VM operation: ParallelGCFailedAllocation (Allocation Failure)
Event: 11.901 Executing VM operation: ParallelGCFailedAllocation (Allocation Failure) done
Event: 11.988 Executing VM operation: ParallelGCFailedAllocation (Allocation Failure)
Event: 11.995 Executing VM operation: ParallelGCFailedAllocation (Allocation Failure) done
Event: 12.067 Executing VM operation: ParallelGCFailedAllocation (Allocation Failure)
Event: 12.072 Executing VM operation: ParallelGCFailedAllocation (Allocation Failure) done
Event: 12.237 Executing VM operation: ParallelGCFailedAllocation (Allocation Failure)
Event: 12.246 Executing VM operation: ParallelGCFailedAllocation (Allocation Failure) done
Event: 12.420 Executing VM operation: ParallelGCFailedAllocation (Allocation Failure)
Event: 12.426 Executing VM operation: ParallelGCFailedAllocation (Allocation Failure) done
Event: 12.656 Executing VM operation: ParallelGCFailedAllocation (Allocation Failure)
Event: 12.663 Executing VM operation: ParallelGCFailedAllocation (Allocation Failure) done
Event: 12.835 Executing VM operation: ParallelGCFailedAllocation (Allocation Failure)
Event: 12.843 Executing VM operation: ParallelGCFailedAllocation (Allocation Failure) done
Event: 13.018 Executing VM operation: ParallelGCFailedAllocation (Allocation Failure)
Event: 13.027 Executing VM operation: ParallelGCFailedAllocation (Allocation Failure) done
Event: 13.108 Executing VM operation: ParallelGCFailedAllocation (Allocation Failure)
Event: 14.128 Executing VM operation: ParallelGCFailedAllocation (Allocation Failure) done

Memory protections (0 events):
No events

Nmethod flushes (20 events):
Event: 6.450 Thread 0x00000227a49415e0 flushing  nmethod 0x00000227aa60a710
Event: 6.450 Thread 0x00000227a49415e0 flushing  nmethod 0x00000227aa61ff10
Event: 6.450 Thread 0x00000227a49415e0 flushing  nmethod 0x00000227aa63af10
Event: 6.450 Thread 0x00000227a49415e0 flushing  nmethod 0x00000227aa640c90
Event: 6.450 Thread 0x00000227a49415e0 flushing  nmethod 0x00000227aa672b10
Event: 6.450 Thread 0x00000227a49415e0 flushing  nmethod 0x00000227aa672f10
Event: 6.450 Thread 0x00000227a49415e0 flushing  nmethod 0x00000227aa673810
Event: 6.450 Thread 0x00000227a49415e0 flushing  nmethod 0x00000227aa674a10
Event: 6.450 Thread 0x00000227a49415e0 flushing  nmethod 0x00000227aa675610
Event: 6.450 Thread 0x00000227a49415e0 flushing  nmethod 0x00000227aa676710
Event: 6.450 Thread 0x00000227a49415e0 flushing  nmethod 0x00000227aa676c10
Event: 6.450 Thread 0x00000227a49415e0 flushing  nmethod 0x00000227aa678490
Event: 6.450 Thread 0x00000227a49415e0 flushing  nmethod 0x00000227aa679190
Event: 6.450 Thread 0x00000227a49415e0 flushing  nmethod 0x00000227aa679e10
Event: 6.450 Thread 0x00000227a49415e0 flushing  nmethod 0x00000227aa698a90
Event: 6.450 Thread 0x00000227a49415e0 flushing  nmethod 0x00000227aa6c2b10
Event: 6.450 Thread 0x00000227a49415e0 flushing  nmethod 0x00000227aa6c5590
Event: 6.450 Thread 0x00000227a49415e0 flushing  nmethod 0x00000227aa6c5c10
Event: 6.450 Thread 0x00000227a49415e0 flushing  nmethod 0x00000227aa702010
Event: 6.450 Thread 0x00000227a49415e0 flushing  nmethod 0x00000227aa752190

Events (20 events):
Event: 10.663 Thread 0x0000022787c3ca60 Thread added: 0x0000022787c40570
Event: 10.667 Thread 0x0000022787c40570 Thread added: 0x0000022787c41290
Event: 10.668 Thread 0x0000022787c3ca60 Thread added: 0x0000022787c41920
Event: 10.668 Thread 0x0000022787c3ca60 Thread added: 0x0000022787c41fb0
Event: 10.668 Thread 0x0000022787c3ca60 Thread added: 0x0000022787c3eb30
Event: 10.668 Thread 0x0000022787c41290 Thread added: 0x0000022787c42640
Event: 10.668 Thread 0x0000022787c3ca60 Thread added: 0x0000022785bd6ae0
Event: 10.669 Thread 0x0000022787c3ca60 Thread added: 0x0000022789225660
Event: 10.669 Thread 0x0000022787c40c00 Thread added: 0x0000022789225cf0
Event: 10.670 Thread 0x0000022787c42640 Thread added: 0x00000227892270a0
Event: 10.919 Thread 0x000002278732f8e0 Thread added: 0x0000022789224fd0
Event: 10.919 Thread 0x000002278732f8e0 Thread added: 0x0000022789226380
Event: 10.920 Thread 0x000002278732f8e0 Thread added: 0x00000227892242b0
Event: 10.920 Thread 0x000002278732f8e0 Thread added: 0x0000022789226a10
Event: 10.920 Thread 0x000002278732f8e0 Thread added: 0x0000022789224940
Event: 10.920 Thread 0x000002278732f8e0 Thread added: 0x0000022789227730
Event: 10.920 Thread 0x000002278732f8e0 Thread added: 0x000002278968bd70
Event: 10.920 Thread 0x000002278732f8e0 Thread added: 0x000002278968b050
Event: 10.921 Thread 0x000002278732f8e0 Thread added: 0x00000227896888f0
Event: 10.921 Thread 0x000002278732f8e0 Thread added: 0x0000022789689610


Dynamic libraries:
0x00007ff7518a0000 - 0x00007ff7518ae000 	c:\Users\Admin\.vscode\extensions\redhat.java-1.43.1-win32-x64\jre\21.0.7-win32-x86_64\bin\java.exe
0x00007fffdda40000 - 0x00007fffddca3000 	C:\WINDOWS\SYSTEM32\ntdll.dll
0x00007fffdc390000 - 0x00007fffdc457000 	C:\WINDOWS\System32\KERNEL32.DLL
0x00007fffdb320000 - 0x00007fffdb6e9000 	C:\WINDOWS\System32\KERNELBASE.dll
0x00007fffdaee0000 - 0x00007fffdb02c000 	C:\WINDOWS\System32\ucrtbase.dll
0x00007fff9c250000 - 0x00007fff9c26e000 	c:\Users\Admin\.vscode\extensions\redhat.java-1.43.1-win32-x64\jre\21.0.7-win32-x86_64\bin\VCRUNTIME140.dll
0x00007fff9c270000 - 0x00007fff9c288000 	c:\Users\Admin\.vscode\extensions\redhat.java-1.43.1-win32-x64\jre\21.0.7-win32-x86_64\bin\jli.dll
0x00007fffdc460000 - 0x00007fffdc62a000 	C:\WINDOWS\System32\USER32.dll
0x00007fffdac40000 - 0x00007fffdac67000 	C:\WINDOWS\System32\win32u.dll
0x00007fffc58b0000 - 0x00007fffc5b40000 	C:\WINDOWS\WinSxS\amd64_microsoft.windows.common-controls_6595b64144ccf1df_6.0.26100.3323_none_3e088096e3344490\COMCTL32.dll
0x00007fffdbdf0000 - 0x00007fffdbe1a000 	C:\WINDOWS\System32\GDI32.dll
0x00007fffdada0000 - 0x00007fffdaed1000 	C:\WINDOWS\System32\gdi32full.dll
0x00007fffdcb80000 - 0x00007fffdcc29000 	C:\WINDOWS\System32\msvcrt.dll
0x00007fffdb030000 - 0x00007fffdb0d3000 	C:\WINDOWS\System32\msvcp_win.dll
0x00007fffdd9c0000 - 0x00007fffdd9ef000 	C:\WINDOWS\System32\IMM32.DLL
0x00007fffd2ab0000 - 0x00007fffd2abc000 	c:\Users\Admin\.vscode\extensions\redhat.java-1.43.1-win32-x64\jre\21.0.7-win32-x86_64\bin\vcruntime140_1.dll
0x00007fff31500000 - 0x00007fff3158d000 	c:\Users\Admin\.vscode\extensions\redhat.java-1.43.1-win32-x64\jre\21.0.7-win32-x86_64\bin\msvcp140.dll
0x00007fff2f780000 - 0x00007fff30510000 	c:\Users\Admin\.vscode\extensions\redhat.java-1.43.1-win32-x64\jre\21.0.7-win32-x86_64\bin\server\jvm.dll
0x00007fffdd160000 - 0x00007fffdd212000 	C:\WINDOWS\System32\ADVAPI32.dll
0x00007fffdb860000 - 0x00007fffdb906000 	C:\WINDOWS\System32\sechost.dll
0x00007fffdd040000 - 0x00007fffdd156000 	C:\WINDOWS\System32\RPCRT4.dll
0x00007fffdc310000 - 0x00007fffdc384000 	C:\WINDOWS\System32\WS2_32.dll
0x00007fffdaad0000 - 0x00007fffdab1e000 	C:\WINDOWS\SYSTEM32\POWRPROF.dll
0x00007fffd20f0000 - 0x00007fffd2126000 	C:\WINDOWS\SYSTEM32\WINMM.dll
0x00007fffd2130000 - 0x00007fffd213b000 	C:\WINDOWS\SYSTEM32\VERSION.dll
0x00007fffdaaa0000 - 0x00007fffdaab4000 	C:\WINDOWS\SYSTEM32\UMPDC.dll
0x00007fffd9a20000 - 0x00007fffd9a3a000 	C:\WINDOWS\SYSTEM32\kernel.appcore.dll
0x00007fffc0130000 - 0x00007fffc013a000 	c:\Users\Admin\.vscode\extensions\redhat.java-1.43.1-win32-x64\jre\21.0.7-win32-x86_64\bin\jimage.dll
0x00007fffcdec0000 - 0x00007fffce101000 	C:\WINDOWS\SYSTEM32\DBGHELP.DLL
0x00007fffdc730000 - 0x00007fffdcab2000 	C:\WINDOWS\System32\combase.dll
0x00007fffdbfc0000 - 0x00007fffdc096000 	C:\WINDOWS\System32\OLEAUT32.dll
0x00007fffca700000 - 0x00007fffca739000 	C:\WINDOWS\SYSTEM32\dbgcore.DLL
0x00007fffdac70000 - 0x00007fffdad09000 	C:\WINDOWS\System32\bcryptPrimitives.dll
0x00007fffaa3f0000 - 0x00007fffaa3ff000 	c:\Users\Admin\.vscode\extensions\redhat.java-1.43.1-win32-x64\jre\21.0.7-win32-x86_64\bin\instrument.dll
0x00007fff9c140000 - 0x00007fff9c15f000 	c:\Users\Admin\.vscode\extensions\redhat.java-1.43.1-win32-x64\jre\21.0.7-win32-x86_64\bin\java.dll
0x00007fffdd2a0000 - 0x00007fffdd9b5000 	C:\WINDOWS\System32\SHELL32.dll
0x00007fffdb6f0000 - 0x00007fffdb858000 	C:\WINDOWS\System32\wintypes.dll
0x00007fffd8900000 - 0x00007fffd9145000 	C:\WINDOWS\SYSTEM32\windows.storage.dll
0x00007fffdc1a0000 - 0x00007fffdc28b000 	C:\WINDOWS\System32\SHCORE.dll
0x00007fffdcac0000 - 0x00007fffdcb1d000 	C:\WINDOWS\System32\shlwapi.dll
0x00007fffdab50000 - 0x00007fffdab7f000 	C:\WINDOWS\SYSTEM32\profapi.dll
0x00007fff3f110000 - 0x00007fff3f128000 	c:\Users\Admin\.vscode\extensions\redhat.java-1.43.1-win32-x64\jre\21.0.7-win32-x86_64\bin\zip.dll
0x00007fffa7d00000 - 0x00007fffa7d10000 	C:\Users\Admin\.vscode\extensions\redhat.java-1.43.1-win32-x64\jre\21.0.7-win32-x86_64\bin\net.dll
0x00007fffd2d70000 - 0x00007fffd2e8e000 	C:\WINDOWS\SYSTEM32\WINHTTP.dll
0x00007fffd9f20000 - 0x00007fffd9f8a000 	C:\WINDOWS\system32\mswsock.dll
0x00007fff3cf00000 - 0x00007fff3cf16000 	C:\Users\Admin\.vscode\extensions\redhat.java-1.43.1-win32-x64\jre\21.0.7-win32-x86_64\bin\nio.dll
0x00007fffa4340000 - 0x00007fffa4350000 	c:\Users\Admin\.vscode\extensions\redhat.java-1.43.1-win32-x64\jre\21.0.7-win32-x86_64\bin\verify.dll
0x00007fffaa400000 - 0x00007fffaa445000 	C:\Users\Admin\AppData\Roaming\Code\User\globalStorage\redhat.java\1.43.1\config_win\org.eclipse.equinox.launcher\org.eclipse.equinox.launcher.win32.win32.x86_64_1.2.1300.v20250331-1702\eclipse_11911.dll
0x00007fffdbe20000 - 0x00007fffdbfb5000 	C:\WINDOWS\System32\ole32.dll
0x00007fffda2d0000 - 0x00007fffda2ec000 	C:\WINDOWS\SYSTEM32\CRYPTSP.dll
0x00007fffd9980000 - 0x00007fffd99ba000 	C:\WINDOWS\system32\rsaenh.dll
0x00007fffd9fc0000 - 0x00007fffd9feb000 	C:\WINDOWS\SYSTEM32\USERENV.dll
0x00007fffda460000 - 0x00007fffda486000 	C:\WINDOWS\SYSTEM32\bcrypt.dll
0x00007fffda150000 - 0x00007fffda15c000 	C:\WINDOWS\SYSTEM32\CRYPTBASE.dll
0x00007fffd9440000 - 0x00007fffd9473000 	C:\WINDOWS\SYSTEM32\IPHLPAPI.DLL
0x00007fffdc100000 - 0x00007fffdc10a000 	C:\WINDOWS\System32\NSI.dll
0x00007fffceaf0000 - 0x00007fffceb39000 	C:\Users\Admin\AppData\Local\Temp\jna-63116079\jna16771792569294754463.dll
0x00007fffdc0c0000 - 0x00007fffdc0c8000 	C:\WINDOWS\System32\PSAPI.DLL
0x00007fffd2960000 - 0x00007fffd297f000 	C:\WINDOWS\SYSTEM32\dhcpcsvc6.DLL
0x00007fffd2300000 - 0x00007fffd2325000 	C:\WINDOWS\SYSTEM32\dhcpcsvc.DLL
0x00007fff386f0000 - 0x00007fff386fe000 	C:\Users\Admin\.vscode\extensions\redhat.java-1.43.1-win32-x64\jre\21.0.7-win32-x86_64\bin\sunmscapi.dll
0x00007fffdb0e0000 - 0x00007fffdb257000 	C:\WINDOWS\System32\CRYPT32.dll
0x00007fffda420000 - 0x00007fffda450000 	C:\WINDOWS\SYSTEM32\ncrypt.dll
0x00007fffda3d0000 - 0x00007fffda40f000 	C:\WINDOWS\SYSTEM32\NTASN1.dll
0x00007fffd94d0000 - 0x00007fffd95f5000 	C:\WINDOWS\SYSTEM32\DNSAPI.dll
0x00007fffd3640000 - 0x00007fffd364b000 	C:\Windows\System32\rasadhlp.dll
0x00007fffcfa60000 - 0x00007fffcfae5000 	C:\WINDOWS\System32\fwpuclnt.dll
0x00007fff37680000 - 0x00007fff37689000 	C:\Users\Admin\.vscode\extensions\redhat.java-1.43.1-win32-x64\jre\21.0.7-win32-x86_64\bin\extnet.dll

dbghelp: loaded successfully - version: 4.0.5 - missing functions: none
symbol engine: initialized successfully - sym options: 0x614 - pdb path: .;c:\Users\Admin\.vscode\extensions\redhat.java-1.43.1-win32-x64\jre\21.0.7-win32-x86_64\bin;C:\WINDOWS\SYSTEM32;C:\WINDOWS\WinSxS\amd64_microsoft.windows.common-controls_6595b64144ccf1df_6.0.26100.3323_none_3e088096e3344490;c:\Users\Admin\.vscode\extensions\redhat.java-1.43.1-win32-x64\jre\21.0.7-win32-x86_64\bin\server;C:\Users\Admin\AppData\Roaming\Code\User\globalStorage\redhat.java\1.43.1\config_win\org.eclipse.equinox.launcher\org.eclipse.equinox.launcher.win32.win32.x86_64_1.2.1300.v20250331-1702;C:\Users\Admin\AppData\Local\Temp\jna-63116079

VM Arguments:
jvm_args: --add-modules=ALL-SYSTEM --add-opens=java.base/java.util=ALL-UNNAMED --add-opens=java.base/java.lang=ALL-UNNAMED --add-opens=java.base/sun.nio.fs=ALL-UNNAMED -Declipse.application=org.eclipse.jdt.ls.core.id1 -Dosgi.bundles.defaultStartLevel=4 -Declipse.product=org.eclipse.jdt.ls.core.product -Djava.import.generatesMetadataFilesAtProjectRoot=false -DDetectVMInstallationsJob.disabled=true -Dfile.encoding=utf8 -XX:+UseParallelGC -XX:GCTimeRatio=4 -XX:AdaptiveSizePolicyWeight=90 -Dsun.zip.disableMemoryMapping=true -Xmx2G -Xms100m -Xlog:disable -javaagent:c:\Users\Admin\.vscode\extensions\redhat.java-1.43.1-win32-x64\lombok\lombok-1.18.39-4050.jar -XX:+HeapDumpOnOutOfMemoryError -XX:HeapDumpPath=c:\Users\Admin\AppData\Roaming\Code\User\workspaceStorage\91bfc2bb926e85cacc8896de9206306c\redhat.java -Daether.dependencyCollector.impl=bf 
java_command: c:\Users\Admin\.vscode\extensions\redhat.java-1.43.1-win32-x64\server\plugins\org.eclipse.equinox.launcher_1.7.0.v20250519-0528.jar -configuration c:\Users\Admin\AppData\Roaming\Code\User\globalStorage\redhat.java\1.43.1\config_win -data c:\Users\Admin\AppData\Roaming\Code\User\workspaceStorage\91bfc2bb926e85cacc8896de9206306c\redhat.java\jdt_ws --pipe=\\.\pipe\lsp-8c3c785afe88ae85c6cad00e1f127705-sock
java_class_path (initial): c:\Users\Admin\.vscode\extensions\redhat.java-1.43.1-win32-x64\server\plugins\org.eclipse.equinox.launcher_1.7.0.v20250519-0528.jar
Launcher Type: SUN_STANDARD

[Global flags]
    uintx AdaptiveSizePolicyWeight                 = 90                                        {product} {command line}
     intx CICompilerCount                          = 4                                         {product} {ergonomic}
    uintx GCTimeRatio                              = 4                                         {product} {command line}
     bool HeapDumpOnOutOfMemoryError               = true                                   {manageable} {command line}
    ccstr HeapDumpPath                             = c:\Users\Admin\AppData\Roaming\Code\User\workspaceStorage\91bfc2bb926e85cacc8896de9206306c\redhat.java         {manageable} {command line}
   size_t InitialHeapSize                          = 104857600                                 {product} {command line}
   size_t MaxHeapSize                              = 2147483648                                {product} {command line}
   size_t MaxNewSize                               = 715653120                                 {product} {ergonomic}
   size_t MinHeapDeltaBytes                        = 524288                                    {product} {ergonomic}
   size_t MinHeapSize                              = 104857600                                 {product} {command line}
   size_t NewSize                                  = 34603008                                  {product} {ergonomic}
    uintx NonNMethodCodeHeapSize                   = 5839372                                {pd product} {ergonomic}
    uintx NonProfiledCodeHeapSize                  = 122909434                              {pd product} {ergonomic}
   size_t OldSize                                  = 70254592                                  {product} {ergonomic}
    uintx ProfiledCodeHeapSize                     = 122909434                              {pd product} {ergonomic}
    uintx ReservedCodeCacheSize                    = 251658240                              {pd product} {ergonomic}
     bool SegmentedCodeCache                       = true                                      {product} {ergonomic}
   size_t SoftMaxHeapSize                          = 2147483648                             {manageable} {ergonomic}
     bool UseCompressedOops                        = true                           {product lp64_product} {ergonomic}
     bool UseLargePagesIndividualAllocation        = false                                  {pd product} {ergonomic}
     bool UseParallelGC                            = true                                      {product} {command line}

Logging:
Log output configuration:
 #0: stdout all=off uptime,level,tags foldmultilines=false
 #1: stderr all=off uptime,level,tags foldmultilines=false

Environment Variables:
JAVA_HOME=C:\Program Files\Java\jdk-17
PATH=C:\Program Files\Java\jdk-17\bin;C:\Program Files\Java\jdk-21\bin;C:\Users\Admin\Downloads\kafka-3.9.0-src\kafka-3.9.0-src\bin;C:\Users\Admin\Downloads\gradle-8.11-bin\gradle-8.11\bin;D:\JDk\jdk1.8.0_281\bin;C:\Program Files\Common Files\Oracle\Java\javapath;C:\Program Files (x86)\Common Files\Oracle\Java\javapath;C:\WINDOWS\system32;C:\WINDOWS;C:\WINDOWS\System32\Wbem;C:\WINDOWS\System32\WindowsPowerShell\v1.0\;C:\WINDOWS\System32\OpenSSH\;C:\Program Files\nodejs\;C:\Program Files\Java\jdk-17\\bin;C:\Program Files\Git\cmd;C:\Program Files\PuTTY\;C:\Users\Admin\Desktop\mvn\apache-maven-3.9.4-bin\apache-maven-3.9.4\bin;C:\Program Files\Docker\Docker\resources\bin;C:\Users\Admin\Downloads\New folder (19)\strawberry-perl-5.40.0.1-64bit-portable\perl\bin;C:\Program Files\Maven\apache-maven-3.9.9-bin\apache-maven-3.9.9\bin;C:\Program Files\Java\jdk-17\bin;C:\Program Files\Java\jdk-21\bin;C:\Users\Admin\Downloads\kafka-3.9.0-src\kafka-3.9.0-src\bin;C:\Users\Admin\Downloads\gradle-8.11-bin\gradle-8.11\bin;D:\JDk\jdk1.8.0_281\bin;C:\Users\Admin\AppData\Local\Microsoft\WindowsApps;C:\Users\Admin\AppData\Local\Programs\Microsoft VS Code\bin;C:\Users\Admin\AppData\Roaming\npm;C:\Program Files\JetBrains\IntelliJ IDEA 2024.1.2\bin;;C:\Program Files\PHP;C:\Users\Admin\AppData\Local\Programs\MiKTeX\miktex\bin\x64\;C:\Users\Admin\Downloads\New folder (19)\strawberry-perl-5.40.0.1-64bit-portable\perl\bin;C:\Program Files\Maven\apache-maven-3.9.9-bin\apache-maven-3.9.9\bin;
USERNAME=Admin
OS=Windows_NT
PROCESSOR_IDENTIFIER=AMD64 Family 23 Model 104 Stepping 1, AuthenticAMD
TMP=C:\Users\Admin\AppData\Local\Temp
TEMP=C:\Users\Admin\AppData\Local\Temp




Periodic native trim disabled

---------------  S Y S T E M  ---------------

OS:
 Windows 11 , 64 bit Build 26100 (10.0.26100.3323)
OS uptime: 0 days 6:38 hours
Hyper-V role detected

CPU: total 12 (initial active 12) (12 cores per cpu, 2 threads per core) family 23 model 104 stepping 1 microcode 0x8608103, cx8, cmov, fxsr, ht, mmx, 3dnowpref, sse, sse2, sse3, ssse3, sse4a, sse4.1, sse4.2, popcnt, lzcnt, tsc, tscinvbit, avx, avx2, aes, clmul, bmi1, bmi2, adx, sha, fma, vzeroupper, clflush, clflushopt, hv, rdtscp, rdpid, f16c
Processor Information for the first 12 processors :
  Max Mhz: 2100, Current Mhz: 2100, Mhz Limit: 2100

Memory: 4k page, system-wide physical 6005M (493M free)
TotalPageFile size 24437M (AvailPageFile size 82M)
current process WorkingSet (physical memory assigned to process): 390M, peak: 390M
current process commit charge ("private bytes"): 438M, peak: 438M

vm_info: OpenJDK 64-Bit Server VM (21.0.7+6-LTS) for windows-amd64 JRE (21.0.7+6-LTS), built on 2025-04-15T00:00:00Z by "admin" with MS VC++ 17.7 (VS2022)

END.
