#
# There is insufficient memory for the Java Runtime Environment to continue.
# Native memory allocation (malloc) failed to allocate 1900336 bytes. Error detail: Chunk::new
# Possible reasons:
#   The system is out of physical RAM or swap space
#   This process is running with CompressedOops enabled, and the Java Heap may be blocking the growth of the native heap
# Possible solutions:
#   Reduce memory load on the system
#   Increase physical memory or swap space
#   Check if swap backing store is full
#   Decrease Java heap size (-Xmx/-Xms)
#   Decrease number of Java threads
#   Decrease Java thread stack sizes (-Xss)
#   Set larger code cache with -XX:ReservedCodeCacheSize=
#   JVM is running with Unscaled Compressed Oops mode in which the Java heap is
#     placed in the first 4GB address space. The Java Heap base address is the
#     maximum limit for the native heap growth. Please use -XX:HeapBaseMinAddress
#     to set the Java Heap base and to place the Java Heap above 4GB virtual address.
# This output file may be truncated or incomplete.
#
#  Out of Memory Error (arena.cpp:168), pid=20848, tid=23656
#
# JRE version: OpenJDK Runtime Environment Temurin-21.0.7+6 (21.0.7+6) (build 21.0.7+6-LTS)
# Java VM: OpenJDK 64-Bit Server VM Temurin-21.0.7+6 (21.0.7+6-LTS, mixed mode, sharing, tiered, compressed oops, compressed class ptrs, parallel gc, windows-amd64)
# No core dump will be written. Minidumps are not enabled by default on client versions of Windows
#

---------------  S U M M A R Y ------------

Command Line: --add-modules=ALL-SYSTEM --add-opens=java.base/java.util=ALL-UNNAMED --add-opens=java.base/java.lang=ALL-UNNAMED --add-opens=java.base/sun.nio.fs=ALL-UNNAMED -Declipse.application=org.eclipse.jdt.ls.core.id1 -Dosgi.bundles.defaultStartLevel=4 -Declipse.product=org.eclipse.jdt.ls.core.product -Djava.import.generatesMetadataFilesAtProjectRoot=false -DDetectVMInstallationsJob.disabled=true -Dfile.encoding=utf8 -XX:+UseParallelGC -XX:GCTimeRatio=4 -XX:AdaptiveSizePolicyWeight=90 -Dsun.zip.disableMemoryMapping=true -Xmx2G -Xms100m -Xlog:disable -javaagent:c:\Users\Admin\.vscode\extensions\redhat.java-1.43.1-win32-x64\lombok\lombok-1.18.39-4050.jar -XX:+HeapDumpOnOutOfMemoryError -XX:HeapDumpPath=c:\Users\Admin\AppData\Roaming\Code\User\workspaceStorage\91bfc2bb926e85cacc8896de9206306c\redhat.java -Daether.dependencyCollector.impl=bf c:\Users\Admin\.vscode\extensions\redhat.java-1.43.1-win32-x64\server\plugins\org.eclipse.equinox.launcher_1.7.0.v20250519-0528.jar -configuration c:\Users\Admin\AppData\Roaming\Code\User\globalStorage\redhat.java\1.43.1\config_win -data c:\Users\Admin\AppData\Roaming\Code\User\workspaceStorage\91bfc2bb926e85cacc8896de9206306c\redhat.java\jdt_ws --pipe=\\.\pipe\lsp-055876d0efe5a076c47c067fecb69c2c-sock

Host: AMD Ryzen 5 5500U with Radeon Graphics         , 12 cores, 5G,  Windows 11 , 64 bit Build 26100 (10.0.26100.3323)
Time: Thu Jul 10 11:57:25 2025 W. Central Africa Standard Time elapsed time: 40.785909 seconds (0d 0h 0m 40s)

---------------  T H R E A D  ---------------

Current thread (0x000002346ea122d0):  JavaThread "C2 CompilerThread0" daemon [_thread_in_native, id=23656, stack(0x000000605c300000,0x000000605c400000) (1024K)]


Current CompileTask:
C2:40786 15150       4       org.eclipse.jdt.internal.core.search.indexing.BinaryIndexer::extractReferenceFromConstantPool (358 bytes)

Stack: [0x000000605c300000,0x000000605c400000]
Native frames: (J=compiled Java code, j=interpreted, Vv=VM code, C=native code)
V  [jvm.dll+0x6ce119]
V  [jvm.dll+0x8a84a1]
V  [jvm.dll+0x8aa9ce]
V  [jvm.dll+0x8ab0b3]
V  [jvm.dll+0x27f8a6]
V  [jvm.dll+0xc507d]
V  [jvm.dll+0xc55b3]
V  [jvm.dll+0x3b68f2]
V  [jvm.dll+0x1dfe33]
V  [jvm.dll+0x247c42]
V  [jvm.dll+0x2470cf]
V  [jvm.dll+0x1c760e]
V  [jvm.dll+0x25695a]
V  [jvm.dll+0x254efa]
V  [jvm.dll+0x3f03f6]
V  [jvm.dll+0x851f6b]
V  [jvm.dll+0x6cc7dd]
C  [ucrtbase.dll+0x37b0]
C  [KERNEL32.DLL+0x2e8d7]
C  [ntdll.dll+0xbbf6c]


---------------  P R O C E S S  ---------------

Threads class SMR info:
_java_thread_list=0x0000023450fb9aa0, length=82, elements={
0x000002346e95d6e0, 0x000002346e9fefd0, 0x000002346ea00d50, 0x000002346ea04bb0,
0x000002346ea05800, 0x000002346ea07ae0, 0x000002346ea0c5f0, 0x000002346ea122d0,
0x000002346ea18440, 0x0000023477764cc0, 0x00000234779b5b70, 0x0000023478dcbab0,
0x000002347d1075b0, 0x0000023478cd6c60, 0x0000023478b4cdd0, 0x000002347d766cd0,
0x0000023478d684f0, 0x000002347d2b2720, 0x000002347d2b4160, 0x000002347d2b5ba0,
0x000002347d2b3440, 0x000002347d2b3ad0, 0x000002347d2b4e80, 0x000002347ec8fbf0,
0x000002347ec8e1b0, 0x000002347ec91cc0, 0x000002347ec8e840, 0x000002347ec8eed0,
0x000002347ec92350, 0x000002347ec91630, 0x000002347ec90fa0, 0x000002347ec929e0,
0x000002347ec8f560, 0x000002347ec90280, 0x000002347ec93700, 0x000002347ec93070,
0x000002347ec93d90, 0x000002347ec90910, 0x000002347ec94ab0, 0x000002347ec957d0,
0x000002347ec95140, 0x000002347ec94420, 0x000002347ef304f0, 0x000002347ef2d700,
0x000002347ef2eab0, 0x000002347ef30b80, 0x000002347ef318a0, 0x000002347ef2e420,
0x000002347ef31f30, 0x000002347ef325c0, 0x000002347ef2f140, 0x000002347ef332e0,
0x000002347ef32c50, 0x000002347ef33970, 0x000002347ef34000, 0x000002347ef34690,
0x000002347d2b5510, 0x000002345a6998f0, 0x000002345a699260, 0x000002345a698bd0,
0x000002345a699f80, 0x000002345a69a610, 0x000002345a69aca0, 0x000002345a69b330,
0x000002345a697eb0, 0x000002345a69b9c0, 0x000002345a69cd70, 0x000002345a69e120,
0x000002345a69e7b0, 0x000002345a69c050, 0x000002345a69d400, 0x000002345a69ee40,
0x000002345a69f4d0, 0x000002345a69da90, 0x0000023450ca5e70, 0x0000023450ca6500,
0x0000023450ca3710, 0x000002345a5ed260, 0x000002345a5ecbd0, 0x000002345a5eb820,
0x000002345a5edf80, 0x000002345a5eb190
}

Java Threads: ( => current thread )
  0x000002346e95d6e0 JavaThread "main"                              [_thread_blocked, id=26696, stack(0x000000605b900000,0x000000605ba00000) (1024K)]
  0x000002346e9fefd0 JavaThread "Reference Handler"          daemon [_thread_blocked, id=24256, stack(0x000000605bd00000,0x000000605be00000) (1024K)]
  0x000002346ea00d50 JavaThread "Finalizer"                  daemon [_thread_blocked, id=31992, stack(0x000000605be00000,0x000000605bf00000) (1024K)]
  0x000002346ea04bb0 JavaThread "Signal Dispatcher"          daemon [_thread_blocked, id=26844, stack(0x000000605bf00000,0x000000605c000000) (1024K)]
  0x000002346ea05800 JavaThread "Attach Listener"            daemon [_thread_blocked, id=18884, stack(0x000000605c000000,0x000000605c100000) (1024K)]
  0x000002346ea07ae0 JavaThread "Service Thread"             daemon [_thread_blocked, id=23256, stack(0x000000605c100000,0x000000605c200000) (1024K)]
  0x000002346ea0c5f0 JavaThread "Monitor Deflation Thread"   daemon [_thread_blocked, id=21624, stack(0x000000605c200000,0x000000605c300000) (1024K)]
=>0x000002346ea122d0 JavaThread "C2 CompilerThread0"         daemon [_thread_in_native, id=23656, stack(0x000000605c300000,0x000000605c400000) (1024K)]
  0x000002346ea18440 JavaThread "C1 CompilerThread0"         daemon [_thread_blocked, id=13668, stack(0x000000605c400000,0x000000605c500000) (1024K)]
  0x0000023477764cc0 JavaThread "Common-Cleaner"             daemon [_thread_blocked, id=14380, stack(0x000000605c500000,0x000000605c600000) (1024K)]
  0x00000234779b5b70 JavaThread "Notification Thread"        daemon [_thread_blocked, id=23712, stack(0x000000605c700000,0x000000605c800000) (1024K)]
  0x0000023478dcbab0 JavaThread "Active Thread: Equinox Container: 16602a15-7b62-423f-9a77-bcf6479ec477"        [_thread_blocked, id=3248, stack(0x000000605ce00000,0x000000605cf00000) (1024K)]
  0x000002347d1075b0 JavaThread "Refresh Thread: Equinox Container: 16602a15-7b62-423f-9a77-bcf6479ec477" daemon [_thread_blocked, id=9132, stack(0x000000605cf00000,0x000000605d000000) (1024K)]
  0x0000023478cd6c60 JavaThread "Framework Event Dispatcher: Equinox Container: 16602a15-7b62-423f-9a77-bcf6479ec477" daemon [_thread_blocked, id=25740, stack(0x000000605d100000,0x000000605d200000) (1024K)]
  0x0000023478b4cdd0 JavaThread "Start Level: Equinox Container: 16602a15-7b62-423f-9a77-bcf6479ec477" daemon [_thread_blocked, id=27484, stack(0x000000605d200000,0x000000605d300000) (1024K)]
  0x000002347d766cd0 JavaThread "Bundle File Closer"         daemon [_thread_blocked, id=24948, stack(0x000000605d400000,0x000000605d500000) (1024K)]
  0x0000023478d684f0 JavaThread "SCR Component Actor"        daemon [_thread_blocked, id=31176, stack(0x000000605d500000,0x000000605d600000) (1024K)]
  0x000002347d2b2720 JavaThread "Worker-JM"                         [_thread_blocked, id=28904, stack(0x000000605d700000,0x000000605d800000) (1024K)]
  0x000002347d2b4160 JavaThread "JNA Cleaner"                daemon [_thread_blocked, id=31556, stack(0x000000605d800000,0x000000605d900000) (1024K)]
  0x000002347d2b5ba0 JavaThread "Worker-0: Java indexing... "        [_thread_blocked, id=5180, stack(0x000000605da00000,0x000000605db00000) (1024K)]
  0x000002347d2b3440 JavaThread "Worker-1: Publish Diagnostics"        [_thread_blocked, id=31468, stack(0x000000605db00000,0x000000605dc00000) (1024K)]
  0x000002347d2b3ad0 JavaThread "Worker-2"                          [_thread_blocked, id=3112, stack(0x000000605dc00000,0x000000605dd00000) (1024K)]
  0x000002347d2b4e80 JavaThread "Java indexing"              daemon [_thread_blocked, id=32600, stack(0x000000605d900000,0x000000605da00000) (1024K)]
  0x000002347ec8fbf0 JavaThread "Worker-3"                          [_thread_blocked, id=22604, stack(0x000000605dd00000,0x000000605de00000) (1024K)]
  0x000002347ec8e1b0 JavaThread "Worker-4"                          [_thread_blocked, id=27908, stack(0x000000605de00000,0x000000605df00000) (1024K)]
  0x000002347ec91cc0 JavaThread "Worker-5"                          [_thread_blocked, id=29364, stack(0x000000605e200000,0x000000605e300000) (1024K)]
  0x000002347ec8e840 JavaThread "Thread-2"                   daemon [_thread_in_native, id=31964, stack(0x000000605e300000,0x000000605e400000) (1024K)]
  0x000002347ec8eed0 JavaThread "Thread-3"                   daemon [_thread_in_native, id=28256, stack(0x000000605e400000,0x000000605e500000) (1024K)]
  0x000002347ec92350 JavaThread "Thread-4"                   daemon [_thread_in_native, id=26272, stack(0x000000605e500000,0x000000605e600000) (1024K)]
  0x000002347ec91630 JavaThread "Thread-5"                   daemon [_thread_in_native, id=32508, stack(0x000000605e600000,0x000000605e700000) (1024K)]
  0x000002347ec90fa0 JavaThread "Thread-6"                   daemon [_thread_in_native, id=6064, stack(0x000000605e700000,0x000000605e800000) (1024K)]
  0x000002347ec929e0 JavaThread "Thread-7"                   daemon [_thread_in_native, id=5936, stack(0x000000605e800000,0x000000605e900000) (1024K)]
  0x000002347ec8f560 JavaThread "Thread-8"                   daemon [_thread_in_native, id=29348, stack(0x000000605e900000,0x000000605ea00000) (1024K)]
  0x000002347ec90280 JavaThread "Thread-9"                   daemon [_thread_in_native, id=13940, stack(0x000000605ea00000,0x000000605eb00000) (1024K)]
  0x000002347ec93700 JavaThread "Thread-10"                  daemon [_thread_in_native, id=28120, stack(0x000000605eb00000,0x000000605ec00000) (1024K)]
  0x000002347ec93070 JavaThread "Thread-11"                  daemon [_thread_in_native, id=9880, stack(0x000000605ec00000,0x000000605ed00000) (1024K)]
  0x000002347ec93d90 JavaThread "Thread-12"                  daemon [_thread_in_native, id=27740, stack(0x000000605ed00000,0x000000605ee00000) (1024K)]
  0x000002347ec90910 JavaThread "Thread-13"                  daemon [_thread_in_native, id=19612, stack(0x000000605ee00000,0x000000605ef00000) (1024K)]
  0x000002347ec94ab0 JavaThread "Thread-14"                  daemon [_thread_in_native, id=22140, stack(0x000000605ef00000,0x000000605f000000) (1024K)]
  0x000002347ec957d0 JavaThread "pool-2-thread-1"                   [_thread_blocked, id=14548, stack(0x000000605f000000,0x000000605f100000) (1024K)]
  0x000002347ec95140 JavaThread "Worker-6: Initialize workspace"        [_thread_blocked, id=26216, stack(0x000000605f100000,0x000000605f200000) (1024K)]
  0x000002347ec94420 JavaThread "Worker-7"                          [_thread_blocked, id=13480, stack(0x000000605f200000,0x000000605f300000) (1024K)]
  0x000002347ef304f0 JavaThread "WorkspaceEventsHandler"            [_thread_blocked, id=18636, stack(0x000000605f400000,0x000000605f500000) (1024K)]
  0x000002347ef2d700 JavaThread "pool-1-thread-1"                   [_thread_blocked, id=31764, stack(0x000000605f500000,0x000000605f600000) (1024K)]
  0x000002347ef2eab0 JavaThread "LocalFile Deleter"          daemon [_thread_blocked, id=7484, stack(0x000000605d600000,0x000000605d700000) (1024K)]
  0x000002347ef30b80 JavaThread "LocalFile Deleter"          daemon [_thread_blocked, id=27480, stack(0x000000605f700000,0x000000605f800000) (1024K)]
  0x000002347ef318a0 JavaThread "LocalFile Deleter"          daemon [_thread_blocked, id=18860, stack(0x000000605f800000,0x000000605f900000) (1024K)]
  0x000002347ef2e420 JavaThread "LocalFile Deleter"          daemon [_thread_blocked, id=28900, stack(0x000000605f900000,0x000000605fa00000) (1024K)]
  0x000002347ef31f30 JavaThread "LocalFile Deleter"          daemon [_thread_blocked, id=17272, stack(0x000000605fa00000,0x000000605fb00000) (1024K)]
  0x000002347ef325c0 JavaThread "LocalFile Deleter"          daemon [_thread_blocked, id=10864, stack(0x000000605fb00000,0x000000605fc00000) (1024K)]
  0x000002347ef2f140 JavaThread "LocalFile Deleter"          daemon [_thread_blocked, id=17308, stack(0x000000605fc00000,0x000000605fd00000) (1024K)]
  0x000002347ef332e0 JavaThread "LocalFile Deleter"          daemon [_thread_blocked, id=6820, stack(0x000000605fd00000,0x000000605fe00000) (1024K)]
  0x000002347ef32c50 JavaThread "LocalFile Deleter"          daemon [_thread_blocked, id=14416, stack(0x000000605fe00000,0x000000605ff00000) (1024K)]
  0x000002347ef33970 JavaThread "LocalFile Deleter"          daemon [_thread_blocked, id=26884, stack(0x000000605ff00000,0x0000006060000000) (1024K)]
  0x000002347ef34000 JavaThread "LocalFile Deleter"          daemon [_thread_blocked, id=26228, stack(0x0000006060000000,0x0000006060100000) (1024K)]
  0x000002347ef34690 JavaThread "LocalFile Deleter"          daemon [_thread_blocked, id=16724, stack(0x0000006060100000,0x0000006060200000) (1024K)]
  0x000002347d2b5510 JavaThread "Compiler Source File Reader" daemon [_thread_blocked, id=12068, stack(0x0000006060200000,0x0000006060300000) (1024K)]
  0x000002345a6998f0 JavaThread "Compiler Source File Reader" daemon [_thread_blocked, id=1876, stack(0x0000006060300000,0x0000006060400000) (1024K)]
  0x000002345a699260 JavaThread "Compiler Source File Reader" daemon [_thread_blocked, id=2044, stack(0x0000006060400000,0x0000006060500000) (1024K)]
  0x000002345a698bd0 JavaThread "Compiler Source File Reader" daemon [_thread_blocked, id=26024, stack(0x0000006060500000,0x0000006060600000) (1024K)]
  0x000002345a699f80 JavaThread "Compiler Source File Reader" daemon [_thread_blocked, id=26548, stack(0x0000006060600000,0x0000006060700000) (1024K)]
  0x000002345a69a610 JavaThread "Compiler Source File Reader" daemon [_thread_blocked, id=20100, stack(0x0000006060700000,0x0000006060800000) (1024K)]
  0x000002345a69aca0 JavaThread "Compiler Source File Reader" daemon [_thread_blocked, id=13956, stack(0x0000006060800000,0x0000006060900000) (1024K)]
  0x000002345a69b330 JavaThread "Compiler Source File Reader" daemon [_thread_blocked, id=4360, stack(0x0000006060900000,0x0000006060a00000) (1024K)]
  0x000002345a697eb0 JavaThread "Compiler Source File Reader" daemon [_thread_blocked, id=25000, stack(0x0000006060a00000,0x0000006060b00000) (1024K)]
  0x000002345a69b9c0 JavaThread "Compiler Source File Reader" daemon [_thread_blocked, id=6508, stack(0x0000006060b00000,0x0000006060c00000) (1024K)]
  0x000002345a69cd70 JavaThread "Compiler Processing Task"   daemon [_thread_blocked, id=16740, stack(0x000000605f600000,0x000000605f700000) (1024K)]
  0x000002345a69e120 JavaThread "Compiler Class File Writer" daemon [_thread_blocked, id=28940, stack(0x0000006060c00000,0x0000006060d00000) (1024K)]
  0x000002345a69e7b0 JavaThread "Compiler Class File Writer" daemon [_thread_blocked, id=30944, stack(0x0000006060d00000,0x0000006060e00000) (1024K)]
  0x000002345a69c050 JavaThread "Compiler Class File Writer" daemon [_thread_blocked, id=15664, stack(0x0000006060e00000,0x0000006060f00000) (1024K)]
  0x000002345a69d400 JavaThread "Compiler Class File Writer" daemon [_thread_blocked, id=11176, stack(0x0000006060f00000,0x0000006061000000) (1024K)]
  0x000002345a69ee40 JavaThread "Compiler Class File Writer" daemon [_thread_blocked, id=31576, stack(0x0000006061000000,0x0000006061100000) (1024K)]
  0x000002345a69f4d0 JavaThread "Compiler Class File Writer" daemon [_thread_blocked, id=20240, stack(0x0000006061100000,0x0000006061200000) (1024K)]
  0x000002345a69da90 JavaThread "Compiler Class File Writer" daemon [_thread_blocked, id=18664, stack(0x0000006061200000,0x0000006061300000) (1024K)]
  0x0000023450ca5e70 JavaThread "Compiler Class File Writer" daemon [_thread_blocked, id=30740, stack(0x0000006061300000,0x0000006061400000) (1024K)]
  0x0000023450ca6500 JavaThread "Compiler Class File Writer" daemon [_thread_blocked, id=17468, stack(0x0000006061400000,0x0000006061500000) (1024K)]
  0x0000023450ca3710 JavaThread "Compiler Class File Writer" daemon [_thread_blocked, id=11672, stack(0x0000006061500000,0x0000006061600000) (1024K)]
  0x000002345a5ed260 JavaThread "ForkJoinPool.commonPool-worker-1" daemon [_thread_blocked, id=1136, stack(0x0000006061600000,0x0000006061700000) (1024K)]
  0x000002345a5ecbd0 JavaThread "ForkJoinPool.commonPool-worker-2" daemon [_thread_blocked, id=18228, stack(0x0000006061700000,0x0000006061800000) (1024K)]
  0x000002345a5eb820 JavaThread "ForkJoinPool.commonPool-worker-3" daemon [_thread_blocked, id=32208, stack(0x0000006061800000,0x0000006061900000) (1024K)]
  0x000002345a5edf80 JavaThread "ForkJoinPool.commonPool-worker-4" daemon [_thread_blocked, id=29976, stack(0x0000006061900000,0x0000006061a00000) (1024K)]
  0x000002345a5eb190 JavaThread "SCR Component Registry"     daemon [_thread_blocked, id=32644, stack(0x0000006061a00000,0x0000006061b00000) (1024K)]
Total: 82

Other Threads:
  0x000002346e9feb90 VMThread "VM Thread"                           [id=20276, stack(0x000000605bc00000,0x000000605bd00000) (1024K)]
  0x000002346e7eca00 WatcherThread "VM Periodic Task Thread"        [id=2632, stack(0x000000605bb00000,0x000000605bc00000) (1024K)]
  0x000002346e97bc90 WorkerThread "GC Thread#0"                     [id=1316, stack(0x000000605ba00000,0x000000605bb00000) (1024K)]
  0x0000023478d0b680 WorkerThread "GC Thread#1"                     [id=3092, stack(0x000000605c800000,0x000000605c900000) (1024K)]
  0x00000234789ffa00 WorkerThread "GC Thread#2"                     [id=23456, stack(0x000000605c900000,0x000000605ca00000) (1024K)]
  0x0000023478a046b0 WorkerThread "GC Thread#3"                     [id=30856, stack(0x000000605ca00000,0x000000605cb00000) (1024K)]
  0x000002347d02e120 WorkerThread "GC Thread#4"                     [id=13924, stack(0x000000605cb00000,0x000000605cc00000) (1024K)]
  0x0000023478bcc910 WorkerThread "GC Thread#5"                     [id=22196, stack(0x000000605cc00000,0x000000605cd00000) (1024K)]
  0x0000023478d22c10 WorkerThread "GC Thread#6"                     [id=28008, stack(0x000000605cd00000,0x000000605ce00000) (1024K)]
  0x000002347877cbb0 WorkerThread "GC Thread#7"                     [id=3828, stack(0x000000605d000000,0x000000605d100000) (1024K)]
  0x000002347877d2f0 WorkerThread "GC Thread#8"                     [id=13488, stack(0x000000605c600000,0x000000605c700000) (1024K)]
  0x000002347877da30 WorkerThread "GC Thread#9"                     [id=28616, stack(0x000000605d300000,0x000000605d400000) (1024K)]
Total: 12

Threads with active compile tasks:
C2 CompilerThread0  40867 15150       4       org.eclipse.jdt.internal.core.search.indexing.BinaryIndexer::extractReferenceFromConstantPool (358 bytes)
Total: 1

VM state: at safepoint (normal execution)

VM Mutex/Monitor currently owned by a thread:  ([mutex/lock_event])
[0x00007ffda445e308] Threads_lock - owner thread: 0x000002346e9feb90
[0x00007ffda445e408] Heap_lock - owner thread: 0x000002345a5ed260

Heap address: 0x0000000080000000, size: 2048 MB, Compressed Oops mode: 32-bit

CDS archive(s) mapped at: [0x000002340f000000-0x000002340fba0000-0x000002340fba0000), size 12189696, SharedBaseAddress: 0x000002340f000000, ArchiveRelocationMode: 1.
Compressed class space mapped at: 0x0000023410000000-0x0000023450000000, reserved size: 1073741824
Narrow klass base: 0x000002340f000000, Narrow klass shift: 0, Narrow klass range: 0x100000000

GC Precious Log:
 CardTable entry size: 512
 CPUs: 12 total, 12 available
 Memory: 6005M
 Large Page Support: Disabled
 NUMA Support: Disabled
 Compressed Oops: Enabled (32-bit)
 Alignments: Space 512K, Generation 512K, Heap 2M
 Heap Min Capacity: 100M
 Heap Initial Capacity: 100M
 Heap Max Capacity: 2G
 Pre-touch: Disabled
 Parallel Workers: 10

Heap:
 PSYoungGen      total 9216K, used 1012K [0x00000000d5580000, 0x00000000d5f80000, 0x0000000100000000)
  eden space 8192K, 0% used [0x00000000d5580000,0x00000000d5580000,0x00000000d5d80000)
  from space 1024K, 98% used [0x00000000d5e80000,0x00000000d5f7d1d8,0x00000000d5f80000)
  to   space 512K, 0% used [0x00000000d5e00000,0x00000000d5e00000,0x00000000d5e80000)
 ParOldGen       total 527360K, used 526954K [0x0000000080000000, 0x00000000a0300000, 0x00000000d5580000)
  object space 527360K, 99% used [0x0000000080000000,0x00000000a029aa30,0x00000000a0300000)
 Metaspace       used 72984K, committed 74496K, reserved 1179648K
  class space    used 7347K, committed 8000K, reserved 1048576K

Card table byte_map: [0x000002346e300000,0x000002346e710000] _byte_map_base: 0x000002346df00000

Marking Bits: (ParMarkBitMap*) 0x00007ffda44631f0
 Begin Bits: [0x0000023471e00000, 0x0000023473e00000)
 End Bits:   [0x0000023473e00000, 0x0000023475e00000)

Polling page: 0x000002346c700000

Metaspace:

Usage:
  Non-class:     64.10 MB used.
      Class:      7.18 MB used.
       Both:     71.27 MB used.

Virtual space:
  Non-class space:      128.00 MB reserved,      64.94 MB ( 51%) committed,  2 nodes.
      Class space:        1.00 GB reserved,       7.81 MB ( <1%) committed,  1 nodes.
             Both:        1.12 GB reserved,      72.75 MB (  6%) committed. 

Chunk freelists:
   Non-Class:  15.08 MB
       Class:  8.19 MB
        Both:  23.27 MB

MaxMetaspaceSize: unlimited
CompressedClassSpaceSize: 1.00 GB
Initial GC threshold: 21.00 MB
Current GC threshold: 97.31 MB
CDS: on
 - commit_granule_bytes: 65536.
 - commit_granule_words: 8192.
 - virtual_space_node_default_size: 8388608.
 - enlarge_chunks_in_place: 1.
 - use_allocation_guard: 0.


Internal statistics:

num_allocs_failed_limit: 9.
num_arena_births: 1342.
num_arena_deaths: 14.
num_vsnodes_births: 3.
num_vsnodes_deaths: 0.
num_space_committed: 1164.
num_space_uncommitted: 0.
num_chunks_returned_to_freelist: 23.
num_chunks_taken_from_freelist: 4817.
num_chunk_merges: 10.
num_chunk_splits: 2846.
num_chunks_enlarged: 1471.
num_inconsistent_stats: 0.

CodeHeap 'non-profiled nmethods': size=120000Kb used=5987Kb max_used=5987Kb free=114012Kb
 bounds [0x0000023407ad0000, 0x00000234080b0000, 0x000002340f000000]
CodeHeap 'profiled nmethods': size=120000Kb used=32390Kb max_used=32390Kb free=87609Kb
 bounds [0x0000023400000000, 0x0000023401fb0000, 0x0000023407530000]
CodeHeap 'non-nmethods': size=5760Kb used=1489Kb max_used=1560Kb free=4270Kb
 bounds [0x0000023407530000, 0x00000234077a0000, 0x0000023407ad0000]
 total_blobs=15278 nmethods=14476 adapters=706
 compilation: enabled
              stopped_count=0, restarted_count=0
 full_count=0

Compilation events (20 events):
Event: 39.708 Thread 0x000002346ea18440 15427 % !   3       org.eclipse.jdt.internal.core.JarPackageFragmentRoot::computeChildren @ 246 (605 bytes)
Event: 39.720 Thread 0x000002346ea18440 nmethod 15427% 0x0000023401f91110 code [0x0000023401f91b20, 0x0000023401f99638]
Event: 39.720 Thread 0x000002346ea18440 15428   !   2       org.eclipse.m2e.core.internal.embedder.MavenImpl::lookup (103 bytes)
Event: 39.722 Thread 0x000002346ea18440 nmethod 15428 0x0000023401f9cd10 code [0x0000023401f9cfa0, 0x0000023401f9d730]
Event: 39.722 Thread 0x000002346ea18440 15429   !   2       org.eclipse.m2e.core.internal.embedder.MavenImpl::getPlexusContainer (29 bytes)
Event: 39.722 Thread 0x000002346ea18440 nmethod 15429 0x0000023401f9dc90 code [0x0000023401f9de60, 0x0000023401f9e0d0]
Event: 39.723 Thread 0x000002346ea18440 15430   !   2       org.eclipse.m2e.core.internal.embedder.PlexusContainerManager::aquire (44 bytes)
Event: 39.723 Thread 0x000002346ea18440 nmethod 15430 0x0000023401f9e310 code [0x0000023401f9e4c0, 0x0000023401f9e750]
Event: 39.731 Thread 0x000002346ea18440 15431       2       org.eclipse.sisu.inject.MildElements::evict (68 bytes)
Event: 39.732 Thread 0x000002346ea18440 nmethod 15431 0x0000023401f9e890 code [0x0000023401f9ea80, 0x0000023401f9edb8]
Event: 39.736 Thread 0x000002346ea18440 15432       2       java.util.ImmutableCollections$MapN$1::<init> (10 bytes)
Event: 39.736 Thread 0x000002346ea18440 nmethod 15432 0x0000023401f9ef10 code [0x0000023401f9f0a0, 0x0000023401f9f1c0]
Event: 39.736 Thread 0x000002346ea18440 15433       2       java.util.ImmutableCollections$MapN$1::iterator (12 bytes)
Event: 39.736 Thread 0x000002346ea18440 nmethod 15433 0x0000023401f9f290 code [0x0000023401f9f440, 0x0000023401f9f5d0]
Event: 39.737 Thread 0x000002346ea18440 15434       2       java.util.ImmutableCollections$MapN::entrySet (9 bytes)
Event: 39.738 Thread 0x000002346ea18440 nmethod 15434 0x0000023401f9f690 code [0x0000023401f9f820, 0x0000023401f9f9a0]
Event: 39.784 Thread 0x000002346ea18440 15435       2       java.util.AbstractMap::keySet (25 bytes)
Event: 39.785 Thread 0x000002346ea18440 nmethod 15435 0x0000023401f9fa90 code [0x0000023401f9fc20, 0x0000023401f9fdc0]
Event: 39.785 Thread 0x000002346ea18440 15436       2       java.util.stream.ReferencePipeline$$Lambda/0x000002341007f558::apply (5 bytes)
Event: 40.777 Thread 0x000002346ea18440 nmethod 15436 0x0000023401f9fe90 code [0x0000023401fa0020, 0x0000023401fa01b8]

GC Heap History (20 events):
Event: 39.556 GC heap before
{Heap before GC invocations=857 (full 3):
 PSYoungGen      total 7680K, used 7407K [0x00000000d5580000, 0x00000000d5f80000, 0x0000000100000000)
  eden space 6656K, 100% used [0x00000000d5580000,0x00000000d5c00000,0x00000000d5c00000)
  from space 1024K, 73% used [0x00000000d5c00000,0x00000000d5cbbfc0,0x00000000d5d00000)
  to   space 1024K, 0% used [0x00000000d5e80000,0x00000000d5e80000,0x00000000d5f80000)
 ParOldGen       total 520704K, used 520304K [0x0000000080000000, 0x000000009fc80000, 0x00000000d5580000)
  object space 520704K, 99% used [0x0000000080000000,0x000000009fc1c168,0x000000009fc80000)
 Metaspace       used 72959K, committed 74432K, reserved 1179648K
  class space    used 7346K, committed 8000K, reserved 1048576K
}
Event: 39.559 GC heap after
{Heap after GC invocations=857 (full 3):
 PSYoungGen      total 9216K, used 608K [0x00000000d5580000, 0x00000000d5f80000, 0x0000000100000000)
  eden space 8192K, 0% used [0x00000000d5580000,0x00000000d5580000,0x00000000d5d80000)
  from space 1024K, 59% used [0x00000000d5e80000,0x00000000d5f18000,0x00000000d5f80000)
  to   space 1024K, 0% used [0x00000000d5d80000,0x00000000d5d80000,0x00000000d5e80000)
 ParOldGen       total 521216K, used 520779K [0x0000000080000000, 0x000000009fd00000, 0x00000000d5580000)
  object space 521216K, 99% used [0x0000000080000000,0x000000009fc92c88,0x000000009fd00000)
 Metaspace       used 72959K, committed 74432K, reserved 1179648K
  class space    used 7346K, committed 8000K, reserved 1048576K
}
Event: 39.579 GC heap before
{Heap before GC invocations=858 (full 3):
 PSYoungGen      total 9216K, used 8800K [0x00000000d5580000, 0x00000000d5f80000, 0x0000000100000000)
  eden space 8192K, 100% used [0x00000000d5580000,0x00000000d5d80000,0x00000000d5d80000)
  from space 1024K, 59% used [0x00000000d5e80000,0x00000000d5f18000,0x00000000d5f80000)
  to   space 1024K, 0% used [0x00000000d5d80000,0x00000000d5d80000,0x00000000d5e80000)
 ParOldGen       total 521216K, used 520779K [0x0000000080000000, 0x000000009fd00000, 0x00000000d5580000)
  object space 521216K, 99% used [0x0000000080000000,0x000000009fc92c88,0x000000009fd00000)
 Metaspace       used 72961K, committed 74432K, reserved 1179648K
  class space    used 7346K, committed 8000K, reserved 1048576K
}
Event: 39.582 GC heap after
{Heap after GC invocations=858 (full 3):
 PSYoungGen      total 9216K, used 672K [0x00000000d5580000, 0x00000000d5f80000, 0x0000000100000000)
  eden space 8192K, 0% used [0x00000000d5580000,0x00000000d5580000,0x00000000d5d80000)
  from space 1024K, 65% used [0x00000000d5d80000,0x00000000d5e28000,0x00000000d5e80000)
  to   space 1024K, 0% used [0x00000000d5e80000,0x00000000d5e80000,0x00000000d5f80000)
 ParOldGen       total 521216K, used 521194K [0x0000000080000000, 0x000000009fd00000, 0x00000000d5580000)
  object space 521216K, 99% used [0x0000000080000000,0x000000009fcfa978,0x000000009fd00000)
 Metaspace       used 72961K, committed 74432K, reserved 1179648K
  class space    used 7346K, committed 8000K, reserved 1048576K
}
Event: 39.600 GC heap before
{Heap before GC invocations=859 (full 3):
 PSYoungGen      total 9216K, used 8864K [0x00000000d5580000, 0x00000000d5f80000, 0x0000000100000000)
  eden space 8192K, 100% used [0x00000000d5580000,0x00000000d5d80000,0x00000000d5d80000)
  from space 1024K, 65% used [0x00000000d5d80000,0x00000000d5e28000,0x00000000d5e80000)
  to   space 1024K, 0% used [0x00000000d5e80000,0x00000000d5e80000,0x00000000d5f80000)
 ParOldGen       total 521216K, used 521194K [0x0000000080000000, 0x000000009fd00000, 0x00000000d5580000)
  object space 521216K, 99% used [0x0000000080000000,0x000000009fcfa978,0x000000009fd00000)
 Metaspace       used 72961K, committed 74432K, reserved 1179648K
  class space    used 7346K, committed 8000K, reserved 1048576K
}
Event: 39.604 GC heap after
{Heap after GC invocations=859 (full 3):
 PSYoungGen      total 9216K, used 480K [0x00000000d5580000, 0x00000000d5f80000, 0x0000000100000000)
  eden space 8192K, 0% used [0x00000000d5580000,0x00000000d5580000,0x00000000d5d80000)
  from space 1024K, 46% used [0x00000000d5e80000,0x00000000d5ef8000,0x00000000d5f80000)
  to   space 1024K, 0% used [0x00000000d5d80000,0x00000000d5d80000,0x00000000d5e80000)
 ParOldGen       total 521728K, used 521698K [0x0000000080000000, 0x000000009fd80000, 0x00000000d5580000)
  object space 521728K, 99% used [0x0000000080000000,0x000000009fd78988,0x000000009fd80000)
 Metaspace       used 72961K, committed 74432K, reserved 1179648K
  class space    used 7346K, committed 8000K, reserved 1048576K
}
Event: 39.623 GC heap before
{Heap before GC invocations=860 (full 3):
 PSYoungGen      total 9216K, used 8672K [0x00000000d5580000, 0x00000000d5f80000, 0x0000000100000000)
  eden space 8192K, 100% used [0x00000000d5580000,0x00000000d5d80000,0x00000000d5d80000)
  from space 1024K, 46% used [0x00000000d5e80000,0x00000000d5ef8000,0x00000000d5f80000)
  to   space 1024K, 0% used [0x00000000d5d80000,0x00000000d5d80000,0x00000000d5e80000)
 ParOldGen       total 521728K, used 521698K [0x0000000080000000, 0x000000009fd80000, 0x00000000d5580000)
  object space 521728K, 99% used [0x0000000080000000,0x000000009fd78988,0x000000009fd80000)
 Metaspace       used 72961K, committed 74432K, reserved 1179648K
  class space    used 7346K, committed 8000K, reserved 1048576K
}
Event: 39.625 GC heap after
{Heap after GC invocations=860 (full 3):
 PSYoungGen      total 9216K, used 450K [0x00000000d5580000, 0x00000000d5f00000, 0x0000000100000000)
  eden space 8192K, 0% used [0x00000000d5580000,0x00000000d5580000,0x00000000d5d80000)
  from space 1024K, 43% used [0x00000000d5d80000,0x00000000d5df0810,0x00000000d5e80000)
  to   space 512K, 0% used [0x00000000d5e80000,0x00000000d5e80000,0x00000000d5f00000)
 ParOldGen       total 522240K, used 522007K [0x0000000080000000, 0x000000009fe00000, 0x00000000d5580000)
  object space 522240K, 99% used [0x0000000080000000,0x000000009fdc5ce0,0x000000009fe00000)
 Metaspace       used 72961K, committed 74432K, reserved 1179648K
  class space    used 7346K, committed 8000K, reserved 1048576K
}
Event: 39.646 GC heap before
{Heap before GC invocations=861 (full 3):
 PSYoungGen      total 9216K, used 8642K [0x00000000d5580000, 0x00000000d5f00000, 0x0000000100000000)
  eden space 8192K, 100% used [0x00000000d5580000,0x00000000d5d80000,0x00000000d5d80000)
  from space 1024K, 43% used [0x00000000d5d80000,0x00000000d5df0810,0x00000000d5e80000)
  to   space 512K, 0% used [0x00000000d5e80000,0x00000000d5e80000,0x00000000d5f00000)
 ParOldGen       total 522240K, used 522007K [0x0000000080000000, 0x000000009fe00000, 0x00000000d5580000)
  object space 522240K, 99% used [0x0000000080000000,0x000000009fdc5ce0,0x000000009fe00000)
 Metaspace       used 72962K, committed 74432K, reserved 1179648K
  class space    used 7346K, committed 8000K, reserved 1048576K
}
Event: 39.650 GC heap after
{Heap after GC invocations=861 (full 3):
 PSYoungGen      total 8704K, used 512K [0x00000000d5580000, 0x00000000d5f80000, 0x0000000100000000)
  eden space 8192K, 0% used [0x00000000d5580000,0x00000000d5580000,0x00000000d5d80000)
  from space 512K, 100% used [0x00000000d5e80000,0x00000000d5f00000,0x00000000d5f00000)
  to   space 1024K, 0% used [0x00000000d5d80000,0x00000000d5d80000,0x00000000d5e80000)
 ParOldGen       total 522752K, used 522240K [0x0000000080000000, 0x000000009fe80000, 0x00000000d5580000)
  object space 522752K, 99% used [0x0000000080000000,0x000000009fe000d0,0x000000009fe80000)
 Metaspace       used 72962K, committed 74432K, reserved 1179648K
  class space    used 7346K, committed 8000K, reserved 1048576K
}
Event: 39.674 GC heap before
{Heap before GC invocations=862 (full 3):
 PSYoungGen      total 8704K, used 8704K [0x00000000d5580000, 0x00000000d5f80000, 0x0000000100000000)
  eden space 8192K, 100% used [0x00000000d5580000,0x00000000d5d80000,0x00000000d5d80000)
  from space 512K, 100% used [0x00000000d5e80000,0x00000000d5f00000,0x00000000d5f00000)
  to   space 1024K, 0% used [0x00000000d5d80000,0x00000000d5d80000,0x00000000d5e80000)
 ParOldGen       total 522752K, used 522240K [0x0000000080000000, 0x000000009fe80000, 0x00000000d5580000)
  object space 522752K, 99% used [0x0000000080000000,0x000000009fe000d0,0x000000009fe80000)
 Metaspace       used 72965K, committed 74496K, reserved 1179648K
  class space    used 7346K, committed 8000K, reserved 1048576K
}
Event: 39.677 GC heap after
{Heap after GC invocations=862 (full 3):
 PSYoungGen      total 9216K, used 608K [0x00000000d5580000, 0x00000000d5f80000, 0x0000000100000000)
  eden space 8192K, 0% used [0x00000000d5580000,0x00000000d5580000,0x00000000d5d80000)
  from space 1024K, 59% used [0x00000000d5d80000,0x00000000d5e18000,0x00000000d5e80000)
  to   space 1024K, 0% used [0x00000000d5e80000,0x00000000d5e80000,0x00000000d5f80000)
 ParOldGen       total 522752K, used 522670K [0x0000000080000000, 0x000000009fe80000, 0x00000000d5580000)
  object space 522752K, 99% used [0x0000000080000000,0x000000009fe6ba50,0x000000009fe80000)
 Metaspace       used 72965K, committed 74496K, reserved 1179648K
  class space    used 7346K, committed 8000K, reserved 1048576K
}
Event: 39.704 GC heap before
{Heap before GC invocations=863 (full 3):
 PSYoungGen      total 9216K, used 8800K [0x00000000d5580000, 0x00000000d5f80000, 0x0000000100000000)
  eden space 8192K, 100% used [0x00000000d5580000,0x00000000d5d80000,0x00000000d5d80000)
  from space 1024K, 59% used [0x00000000d5d80000,0x00000000d5e18000,0x00000000d5e80000)
  to   space 1024K, 0% used [0x00000000d5e80000,0x00000000d5e80000,0x00000000d5f80000)
 ParOldGen       total 522752K, used 522670K [0x0000000080000000, 0x000000009fe80000, 0x00000000d5580000)
  object space 522752K, 99% used [0x0000000080000000,0x000000009fe6ba50,0x000000009fe80000)
 Metaspace       used 72973K, committed 74496K, reserved 1179648K
  class space    used 7347K, committed 8000K, reserved 1048576K
}
Event: 39.708 GC heap after
{Heap after GC invocations=863 (full 3):
 PSYoungGen      total 9216K, used 703K [0x00000000d5580000, 0x00000000d5f80000, 0x0000000100000000)
  eden space 8192K, 0% used [0x00000000d5580000,0x00000000d5580000,0x00000000d5d80000)
  from space 1024K, 68% used [0x00000000d5e80000,0x00000000d5f2fe58,0x00000000d5f80000)
  to   space 1024K, 0% used [0x00000000d5d80000,0x00000000d5d80000,0x00000000d5e80000)
 ParOldGen       total 523264K, used 523095K [0x0000000080000000, 0x000000009ff00000, 0x00000000d5580000)
  object space 523264K, 99% used [0x0000000080000000,0x000000009fed5c18,0x000000009ff00000)
 Metaspace       used 72973K, committed 74496K, reserved 1179648K
  class space    used 7347K, committed 8000K, reserved 1048576K
}
Event: 39.727 GC heap before
{Heap before GC invocations=864 (full 3):
 PSYoungGen      total 9216K, used 8895K [0x00000000d5580000, 0x00000000d5f80000, 0x0000000100000000)
  eden space 8192K, 100% used [0x00000000d5580000,0x00000000d5d80000,0x00000000d5d80000)
  from space 1024K, 68% used [0x00000000d5e80000,0x00000000d5f2fe58,0x00000000d5f80000)
  to   space 1024K, 0% used [0x00000000d5d80000,0x00000000d5d80000,0x00000000d5e80000)
 ParOldGen       total 523264K, used 523095K [0x0000000080000000, 0x000000009ff00000, 0x00000000d5580000)
  object space 523264K, 99% used [0x0000000080000000,0x000000009fed5c18,0x000000009ff00000)
 Metaspace       used 72979K, committed 74496K, reserved 1179648K
  class space    used 7347K, committed 8000K, reserved 1048576K
}
Event: 39.730 GC heap after
{Heap after GC invocations=864 (full 3):
 PSYoungGen      total 9216K, used 448K [0x00000000d5580000, 0x00000000d5f80000, 0x0000000100000000)
  eden space 8192K, 0% used [0x00000000d5580000,0x00000000d5580000,0x00000000d5d80000)
  from space 1024K, 43% used [0x00000000d5d80000,0x00000000d5df0230,0x00000000d5e80000)
  to   space 1024K, 0% used [0x00000000d5e80000,0x00000000d5e80000,0x00000000d5f80000)
 ParOldGen       total 523776K, used 523652K [0x0000000080000000, 0x000000009ff80000, 0x00000000d5580000)
  object space 523776K, 99% used [0x0000000080000000,0x000000009ff61388,0x000000009ff80000)
 Metaspace       used 72979K, committed 74496K, reserved 1179648K
  class space    used 7347K, committed 8000K, reserved 1048576K
}
Event: 39.752 GC heap before
{Heap before GC invocations=865 (full 3):
 PSYoungGen      total 9216K, used 8640K [0x00000000d5580000, 0x00000000d5f80000, 0x0000000100000000)
  eden space 8192K, 100% used [0x00000000d5580000,0x00000000d5d80000,0x00000000d5d80000)
  from space 1024K, 43% used [0x00000000d5d80000,0x00000000d5df0230,0x00000000d5e80000)
  to   space 1024K, 0% used [0x00000000d5e80000,0x00000000d5e80000,0x00000000d5f80000)
 ParOldGen       total 523776K, used 523652K [0x0000000080000000, 0x000000009ff80000, 0x00000000d5580000)
  object space 523776K, 99% used [0x0000000080000000,0x000000009ff61388,0x000000009ff80000)
 Metaspace       used 72981K, committed 74496K, reserved 1179648K
  class space    used 7347K, committed 8000K, reserved 1048576K
}
Event: 39.756 GC heap after
{Heap after GC invocations=865 (full 3):
 PSYoungGen      total 9216K, used 758K [0x00000000d5580000, 0x00000000d5f80000, 0x0000000100000000)
  eden space 8192K, 0% used [0x00000000d5580000,0x00000000d5580000,0x00000000d5d80000)
  from space 1024K, 74% used [0x00000000d5e80000,0x00000000d5f3db00,0x00000000d5f80000)
  to   space 1024K, 0% used [0x00000000d5d80000,0x00000000d5d80000,0x00000000d5e80000)
 ParOldGen       total 524288K, used 523945K [0x0000000080000000, 0x00000000a0000000, 0x00000000d5580000)
  object space 524288K, 99% used [0x0000000080000000,0x000000009ffaa450,0x00000000a0000000)
 Metaspace       used 72981K, committed 74496K, reserved 1179648K
  class space    used 7347K, committed 8000K, reserved 1048576K
}
Event: 39.772 GC heap before
{Heap before GC invocations=866 (full 3):
 PSYoungGen      total 9216K, used 8950K [0x00000000d5580000, 0x00000000d5f80000, 0x0000000100000000)
  eden space 8192K, 100% used [0x00000000d5580000,0x00000000d5d80000,0x00000000d5d80000)
  from space 1024K, 74% used [0x00000000d5e80000,0x00000000d5f3db00,0x00000000d5f80000)
  to   space 1024K, 0% used [0x00000000d5d80000,0x00000000d5d80000,0x00000000d5e80000)
 ParOldGen       total 524288K, used 523945K [0x0000000080000000, 0x00000000a0000000, 0x00000000d5580000)
  object space 524288K, 99% used [0x0000000080000000,0x000000009ffaa450,0x00000000a0000000)
 Metaspace       used 72981K, committed 74496K, reserved 1179648K
  class space    used 7347K, committed 8000K, reserved 1048576K
}
Event: 39.775 GC heap after
{Heap after GC invocations=866 (full 3):
 PSYoungGen      total 9216K, used 470K [0x00000000d5580000, 0x00000000d5f80000, 0x0000000100000000)
  eden space 8192K, 0% used [0x00000000d5580000,0x00000000d5580000,0x00000000d5d80000)
  from space 1024K, 45% used [0x00000000d5d80000,0x00000000d5df5808,0x00000000d5e80000)
  to   space 1024K, 0% used [0x00000000d5e80000,0x00000000d5e80000,0x00000000d5f80000)
 ParOldGen       total 524800K, used 524568K [0x0000000080000000, 0x00000000a0080000, 0x00000000d5580000)
  object space 524800K, 99% used [0x0000000080000000,0x00000000a0046168,0x00000000a0080000)
 Metaspace       used 72981K, committed 74496K, reserved 1179648K
  class space    used 7347K, committed 8000K, reserved 1048576K
}

Dll operation events (12 events):
Event: 0.030 Loaded shared library c:\Users\Admin\.vscode\extensions\redhat.java-1.43.1-win32-x64\jre\21.0.7-win32-x86_64\bin\java.dll
Event: 0.152 Loaded shared library c:\Users\Admin\.vscode\extensions\redhat.java-1.43.1-win32-x64\jre\21.0.7-win32-x86_64\bin\zip.dll
Event: 0.200 Loaded shared library C:\Users\Admin\.vscode\extensions\redhat.java-1.43.1-win32-x64\jre\21.0.7-win32-x86_64\bin\instrument.dll
Event: 0.209 Loaded shared library C:\Users\Admin\.vscode\extensions\redhat.java-1.43.1-win32-x64\jre\21.0.7-win32-x86_64\bin\net.dll
Event: 0.212 Loaded shared library C:\Users\Admin\.vscode\extensions\redhat.java-1.43.1-win32-x64\jre\21.0.7-win32-x86_64\bin\nio.dll
Event: 0.217 Loaded shared library C:\Users\Admin\.vscode\extensions\redhat.java-1.43.1-win32-x64\jre\21.0.7-win32-x86_64\bin\zip.dll
Event: 0.279 Loaded shared library C:\Users\Admin\.vscode\extensions\redhat.java-1.43.1-win32-x64\jre\21.0.7-win32-x86_64\bin\jimage.dll
Event: 0.442 Loaded shared library c:\Users\Admin\.vscode\extensions\redhat.java-1.43.1-win32-x64\jre\21.0.7-win32-x86_64\bin\verify.dll
Event: 2.855 Loaded shared library C:\Users\Admin\AppData\Roaming\Code\User\globalStorage\redhat.java\1.43.1\config_win\org.eclipse.equinox.launcher\org.eclipse.equinox.launcher.win32.win32.x86_64_1.2.1300.v20250331-1702\eclipse_11911.dll
Event: 6.572 Loaded shared library C:\Users\Admin\AppData\Local\Temp\jna-63116079\jna7699659551135224914.dll
Event: 9.530 Loaded shared library C:\Users\Admin\.vscode\extensions\redhat.java-1.43.1-win32-x64\jre\21.0.7-win32-x86_64\bin\sunmscapi.dll
Event: 10.151 Loaded shared library C:\Users\Admin\.vscode\extensions\redhat.java-1.43.1-win32-x64\jre\21.0.7-win32-x86_64\bin\extnet.dll

Deoptimization events (20 events):
Event: 39.664 Thread 0x000002347d2b4e80 DEOPT PACKING pc=0x000002340007481a sp=0x000000605d9fecb0
Event: 39.664 Thread 0x000002347d2b4e80 DEOPT UNPACKING pc=0x0000023407584242 sp=0x000000605d9fe0c8 mode 0
Event: 39.670 Thread 0x000002347ec95140 DEOPT PACKING pc=0x0000023401e69939 sp=0x000000605f1fe090
Event: 39.670 Thread 0x000002347ec95140 DEOPT UNPACKING pc=0x0000023407584242 sp=0x000000605f1fd590 mode 0
Event: 39.696 Thread 0x000002347d2b4e80 DEOPT PACKING pc=0x000002340007481a sp=0x000000605d9feef0
Event: 39.696 Thread 0x000002347d2b4e80 DEOPT UNPACKING pc=0x0000023407584242 sp=0x000000605d9fe308 mode 0
Event: 39.697 Thread 0x000002347d2b4e80 DEOPT PACKING pc=0x0000023401edb19a sp=0x000000605d9fef40
Event: 39.697 Thread 0x000002345a5ed260 DEOPT PACKING pc=0x0000023401edb19a sp=0x00000060616fdb60
Event: 39.697 Thread 0x000002347d2b4e80 DEOPT UNPACKING pc=0x0000023407584242 sp=0x000000605d9fe4c8 mode 0
Event: 39.697 Thread 0x000002345a5ed260 DEOPT UNPACKING pc=0x0000023407584242 sp=0x00000060616fd0e8 mode 0
Event: 39.737 Thread 0x000002347d2b4e80 DEOPT PACKING pc=0x000002340007481a sp=0x000000605d9feec0
Event: 39.737 Thread 0x000002347d2b4e80 DEOPT UNPACKING pc=0x0000023407584242 sp=0x000000605d9fe2d8 mode 0
Event: 39.739 Thread 0x000002347d2b4e80 DEOPT PACKING pc=0x0000023401edb19a sp=0x000000605d9fef40
Event: 39.739 Thread 0x000002347d2b4e80 DEOPT UNPACKING pc=0x0000023407584242 sp=0x000000605d9fe4c8 mode 0
Event: 39.765 Thread 0x000002347d2b4e80 DEOPT PACKING pc=0x000002340007481a sp=0x000000605d9feec0
Event: 39.765 Thread 0x000002347d2b4e80 DEOPT UNPACKING pc=0x0000023407584242 sp=0x000000605d9fe2d8 mode 0
Event: 39.769 Thread 0x000002347d2b4e80 DEOPT PACKING pc=0x0000023401edb19a sp=0x000000605d9fef40
Event: 39.769 Thread 0x000002347d2b4e80 DEOPT UNPACKING pc=0x0000023407584242 sp=0x000000605d9fe4c8 mode 0
Event: 39.797 Thread 0x000002347d2b4e80 DEOPT PACKING pc=0x000002340007481a sp=0x000000605d9fecb0
Event: 39.797 Thread 0x000002347d2b4e80 DEOPT UNPACKING pc=0x0000023407584242 sp=0x000000605d9fe0c8 mode 0

Classes loaded (20 events):
Event: 35.655 Loading class java/util/Collections$SynchronizedRandomAccessList
Event: 35.657 Loading class java/util/Collections$SynchronizedList
Event: 35.662 Loading class java/util/Collections$SynchronizedList done
Event: 35.662 Loading class java/util/Collections$SynchronizedRandomAccessList done
Event: 35.678 Loading class java/util/concurrent/CompletableFuture$Signaller
Event: 35.679 Loading class java/util/concurrent/CompletableFuture$Signaller done
Event: 36.343 Loading class java/nio/charset/CharacterCodingException
Event: 36.344 Loading class java/nio/charset/CharacterCodingException done
Event: 36.344 Loading class java/io/SequenceInputStream
Event: 36.345 Loading class java/io/SequenceInputStream done
Event: 36.568 Loading class java/util/concurrent/CompletableFuture$UniApply
Event: 36.572 Loading class java/util/concurrent/CompletableFuture$UniApply done
Event: 36.575 Loading class java/util/concurrent/CompletableFuture$UniExceptionally
Event: 36.577 Loading class java/util/concurrent/CompletableFuture$UniExceptionally done
Event: 36.671 Loading class java/util/Hashtable$KeySet
Event: 36.674 Loading class java/util/Hashtable$KeySet done
Event: 37.211 Loading class java/lang/UnsupportedClassVersionError
Event: 37.213 Loading class java/lang/UnsupportedClassVersionError done
Event: 38.619 Loading class java/lang/invoke/MethodHandleImpl$CountingWrapper$1
Event: 38.623 Loading class java/lang/invoke/MethodHandleImpl$CountingWrapper$1 done

Classes unloaded (7 events):
Event: 7.636 Thread 0x000002346e9feb90 Unloading class 0x000002341019d000 'java/lang/invoke/LambdaForm$MH+0x000002341019d000'
Event: 7.636 Thread 0x000002346e9feb90 Unloading class 0x000002341019cc00 'java/lang/invoke/LambdaForm$MH+0x000002341019cc00'
Event: 7.636 Thread 0x000002346e9feb90 Unloading class 0x000002341019c800 'java/lang/invoke/LambdaForm$MH+0x000002341019c800'
Event: 7.636 Thread 0x000002346e9feb90 Unloading class 0x000002341019c400 'java/lang/invoke/LambdaForm$MH+0x000002341019c400'
Event: 7.636 Thread 0x000002346e9feb90 Unloading class 0x000002341019c000 'java/lang/invoke/LambdaForm$BMH+0x000002341019c000'
Event: 7.636 Thread 0x000002346e9feb90 Unloading class 0x000002341019bc00 'java/lang/invoke/LambdaForm$DMH+0x000002341019bc00'
Event: 7.636 Thread 0x000002346e9feb90 Unloading class 0x000002341019a800 'java/lang/invoke/LambdaForm$DMH+0x000002341019a800'

Classes redefined (0 events):
No events

Internal exceptions (20 events):
Event: 36.607 Thread 0x000002347ef2d700 Exception <a 'java/lang/IncompatibleClassChangeError'{0x00000000d55ff438}: Found class java.lang.Object, but interface was expected> (0x00000000d55ff438) 
thrown [s\src\hotspot\share\interpreter\linkResolver.cpp, line 840]
Event: 36.636 Thread 0x000002347ef2d700 Exception <a 'java/lang/IncompatibleClassChangeError'{0x00000000d5664138}: Found class java.lang.Object, but interface was expected> (0x00000000d5664138) 
thrown [s\src\hotspot\share\interpreter\linkResolver.cpp, line 840]
Event: 36.777 Thread 0x000002347ec95140 Exception <a 'sun/nio/fs/WindowsException'{0x00000000d561cbb0}> (0x00000000d561cbb0) 
thrown [s\src\hotspot\share\prims\jni.cpp, line 520]
Event: 36.777 Thread 0x000002347ec95140 Exception <a 'sun/nio/fs/WindowsException'{0x00000000d561d1e0}> (0x00000000d561d1e0) 
thrown [s\src\hotspot\share\prims\jni.cpp, line 520]
Event: 36.778 Thread 0x000002347ec95140 Exception <a 'sun/nio/fs/WindowsException'{0x00000000d5649f78}> (0x00000000d5649f78) 
thrown [s\src\hotspot\share\prims\jni.cpp, line 520]
Event: 36.779 Thread 0x000002347ec95140 Exception <a 'sun/nio/fs/WindowsException'{0x00000000d564a5a8}> (0x00000000d564a5a8) 
thrown [s\src\hotspot\share\prims\jni.cpp, line 520]
Event: 36.784 Thread 0x000002347ec95140 Exception <a 'java/io/FileNotFoundException'{0x00000000d566e1d8}> (0x00000000d566e1d8) 
thrown [s\src\hotspot\share\prims\jni.cpp, line 520]
Event: 36.785 Thread 0x000002347ec95140 Exception <a 'java/io/FileNotFoundException'{0x00000000d5673fc8}> (0x00000000d5673fc8) 
thrown [s\src\hotspot\share\prims\jni.cpp, line 520]
Event: 36.813 Thread 0x000002347ec95140 Exception <a 'sun/nio/fs/WindowsException'{0x00000000d5623630}> (0x00000000d5623630) 
thrown [s\src\hotspot\share\prims\jni.cpp, line 520]
Event: 36.815 Thread 0x000002347ec95140 Exception <a 'sun/nio/fs/WindowsException'{0x00000000d5647678}> (0x00000000d5647678) 
thrown [s\src\hotspot\share\prims\jni.cpp, line 520]
Event: 36.856 Thread 0x000002347ef2d700 Exception <a 'java/lang/IncompatibleClassChangeError'{0x00000000d564ea18}: Found class java.lang.Object, but interface was expected> (0x00000000d564ea18) 
thrown [s\src\hotspot\share\interpreter\linkResolver.cpp, line 840]
Event: 36.867 Thread 0x000002347ef2d700 Exception <a 'java/lang/IncompatibleClassChangeError'{0x00000000d55825c8}: Found class java.lang.Object, but interface was expected> (0x00000000d55825c8) 
thrown [s\src\hotspot\share\interpreter\linkResolver.cpp, line 840]
Event: 36.929 Thread 0x000002347ec95140 Exception <a 'sun/nio/fs/WindowsException'{0x00000000d55dff68}> (0x00000000d55dff68) 
thrown [s\src\hotspot\share\prims\jni.cpp, line 520]
Event: 36.930 Thread 0x000002347ec95140 Exception <a 'sun/nio/fs/WindowsException'{0x00000000d55e1550}> (0x00000000d55e1550) 
thrown [s\src\hotspot\share\prims\jni.cpp, line 520]
Event: 36.970 Thread 0x000002347ec8fbf0 Exception <a 'java/lang/NoSuchMethodError'{0x00000000d5655ee0}: 'java.lang.Object java.lang.invoke.DirectMethodHandle$Holder.invokeSpecial(java.lang.Object, java.lang.Object, int, long)'> (0x00000000d5655ee0) 
thrown [s\src\hotspot\share\interpreter\linkResolver.cpp, line 773]
Event: 37.105 Thread 0x000002345a5edf80 Exception <a 'java/lang/ArrayIndexOutOfBoundsException'{0x00000000d55b2a68}> (0x00000000d55b2a68) 
thrown [s\src\hotspot\share\runtime\sharedRuntime.cpp, line 625]
Event: 37.368 Thread 0x000002345a5ed260 Exception <a 'java/lang/NoSuchMethodError'{0x00000000d56d5068}: 'int java.lang.invoke.Invokers$Holder.invokeExact_MT(java.lang.Object, java.lang.Object)'> (0x00000000d56d5068) 
thrown [s\src\hotspot\share\interpreter\linkResolver.cpp, line 773]
Event: 39.146 Thread 0x000002347d2b4e80 Exception <a 'sun/nio/fs/WindowsException'{0x00000000d559af48}> (0x00000000d559af48) 
thrown [s\src\hotspot\share\prims\jni.cpp, line 520]
Event: 39.178 Thread 0x000002347d2b4e80 Exception <a 'sun/nio/fs/WindowsException'{0x00000000d5a4a7e8}> (0x00000000d5a4a7e8) 
thrown [s\src\hotspot\share\prims\jni.cpp, line 520]
Event: 39.626 Thread 0x000002347d2b4e80 Exception <a 'sun/nio/fs/WindowsException'{0x00000000d559c180}> (0x00000000d559c180) 
thrown [s\src\hotspot\share\prims\jni.cpp, line 520]

ZGC Phase Switch (0 events):
No events

VM Operations (20 events):
Event: 39.582 Executing VM operation: ParallelGCFailedAllocation (Allocation Failure) done
Event: 39.600 Executing VM operation: ParallelGCFailedAllocation (Allocation Failure)
Event: 39.604 Executing VM operation: ParallelGCFailedAllocation (Allocation Failure) done
Event: 39.623 Executing VM operation: ParallelGCFailedAllocation (Allocation Failure)
Event: 39.625 Executing VM operation: ParallelGCFailedAllocation (Allocation Failure) done
Event: 39.646 Executing VM operation: ParallelGCFailedAllocation (Allocation Failure)
Event: 39.650 Executing VM operation: ParallelGCFailedAllocation (Allocation Failure) done
Event: 39.674 Executing VM operation: ParallelGCFailedAllocation (Allocation Failure)
Event: 39.677 Executing VM operation: ParallelGCFailedAllocation (Allocation Failure) done
Event: 39.698 Executing VM operation: HandshakeAllThreads (Deoptimize)
Event: 39.698 Executing VM operation: HandshakeAllThreads (Deoptimize) done
Event: 39.704 Executing VM operation: ParallelGCFailedAllocation (Allocation Failure)
Event: 39.708 Executing VM operation: ParallelGCFailedAllocation (Allocation Failure) done
Event: 39.727 Executing VM operation: ParallelGCFailedAllocation (Allocation Failure)
Event: 39.730 Executing VM operation: ParallelGCFailedAllocation (Allocation Failure) done
Event: 39.752 Executing VM operation: ParallelGCFailedAllocation (Allocation Failure)
Event: 39.756 Executing VM operation: ParallelGCFailedAllocation (Allocation Failure) done
Event: 39.772 Executing VM operation: ParallelGCFailedAllocation (Allocation Failure)
Event: 39.775 Executing VM operation: ParallelGCFailedAllocation (Allocation Failure) done
Event: 39.812 Executing VM operation: ParallelGCFailedAllocation (Allocation Failure)

Memory protections (0 events):
No events

Nmethod flushes (20 events):
Event: 17.153 Thread 0x000002346e9feb90 flushing  nmethod 0x00000234009d2c90
Event: 17.153 Thread 0x000002346e9feb90 flushing  nmethod 0x00000234009d3210
Event: 17.153 Thread 0x000002346e9feb90 flushing  nmethod 0x00000234009d5610
Event: 17.153 Thread 0x000002346e9feb90 flushing  nmethod 0x00000234009d5990
Event: 17.153 Thread 0x000002346e9feb90 flushing  nmethod 0x00000234009d6d10
Event: 17.153 Thread 0x000002346e9feb90 flushing  nmethod 0x00000234009d7210
Event: 17.153 Thread 0x000002346e9feb90 flushing  nmethod 0x0000023400a01a90
Event: 17.153 Thread 0x000002346e9feb90 flushing  nmethod 0x0000023400a04410
Event: 17.153 Thread 0x000002346e9feb90 flushing  nmethod 0x0000023400a04910
Event: 17.153 Thread 0x000002346e9feb90 flushing  nmethod 0x0000023400a06590
Event: 17.153 Thread 0x000002346e9feb90 flushing  nmethod 0x0000023400a16590
Event: 17.153 Thread 0x000002346e9feb90 flushing  nmethod 0x0000023400a17110
Event: 17.153 Thread 0x000002346e9feb90 flushing  nmethod 0x0000023400a18010
Event: 17.153 Thread 0x000002346e9feb90 flushing  nmethod 0x0000023400a18790
Event: 17.153 Thread 0x000002346e9feb90 flushing  nmethod 0x0000023400a19290
Event: 17.153 Thread 0x000002346e9feb90 flushing  nmethod 0x0000023400a25b90
Event: 17.153 Thread 0x000002346e9feb90 flushing  nmethod 0x0000023400a26390
Event: 17.153 Thread 0x000002346e9feb90 flushing  nmethod 0x0000023400a26910
Event: 17.153 Thread 0x000002346e9feb90 flushing  nmethod 0x0000023400a26d10
Event: 17.153 Thread 0x000002346e9feb90 flushing  nmethod 0x0000023400a27810

Events (20 events):
Event: 32.426 Thread 0x000002345a5ed260 Thread exited: 0x000002345a5ed260
Event: 32.426 Thread 0x000002345a5edf80 Thread exited: 0x000002345a5edf80
Event: 32.426 Thread 0x000002345a5ecbd0 Thread exited: 0x000002345a5ecbd0
Event: 32.426 Thread 0x000002345a5ebeb0 Thread exited: 0x000002345a5ebeb0
Event: 32.427 Thread 0x000002345a5eb190 Thread exited: 0x000002345a5eb190
Event: 33.919 Thread 0x000002347ec8fbf0 Thread added: 0x000002345a5eb190
Event: 33.919 Thread 0x000002347ec8fbf0 Thread added: 0x000002345a5ecbd0
Event: 33.920 Thread 0x000002347ec8fbf0 Thread added: 0x000002345a5ed260
Event: 33.920 Thread 0x000002347ec8fbf0 Thread added: 0x000002345a5eeca0
Event: 33.921 Thread 0x000002347ec8fbf0 Thread added: 0x000002345a5edf80
Event: 34.035 Thread 0x000002345a5ed260 Thread exited: 0x000002345a5ed260
Event: 34.035 Thread 0x000002345a5eeca0 Thread exited: 0x000002345a5eeca0
Event: 34.035 Thread 0x000002345a5edf80 Thread exited: 0x000002345a5edf80
Event: 34.035 Thread 0x000002345a5ecbd0 Thread exited: 0x000002345a5ecbd0
Event: 34.036 Thread 0x000002345a5eb190 Thread exited: 0x000002345a5eb190
Event: 36.575 Thread 0x000002347ef2d700 Thread added: 0x000002345a5ed260
Event: 36.608 Thread 0x000002347ef2d700 Thread added: 0x000002345a5ecbd0
Event: 36.853 Thread 0x000002347ef2d700 Thread added: 0x000002345a5eb820
Event: 36.866 Thread 0x000002345a5eb820 Thread added: 0x000002345a5edf80
Event: 36.889 Thread 0x000002347ec95140 Thread added: 0x000002345a5eb190


Dynamic libraries:
0x00007ff6fed20000 - 0x00007ff6fed2e000 	c:\Users\Admin\.vscode\extensions\redhat.java-1.43.1-win32-x64\jre\21.0.7-win32-x86_64\bin\java.exe
0x00007ffe128e0000 - 0x00007ffe12b43000 	C:\WINDOWS\SYSTEM32\ntdll.dll
0x00007ffe120f0000 - 0x00007ffe121b7000 	C:\WINDOWS\System32\KERNEL32.DLL
0x00007ffe0ff30000 - 0x00007ffe102f9000 	C:\WINDOWS\System32\KERNELBASE.dll
0x00007ffe10390000 - 0x00007ffe104dc000 	C:\WINDOWS\System32\ucrtbase.dll
0x00007ffe0cb60000 - 0x00007ffe0cb78000 	c:\Users\Admin\.vscode\extensions\redhat.java-1.43.1-win32-x64\jre\21.0.7-win32-x86_64\bin\jli.dll
0x00007ffe04640000 - 0x00007ffe0465e000 	c:\Users\Admin\.vscode\extensions\redhat.java-1.43.1-win32-x64\jre\21.0.7-win32-x86_64\bin\VCRUNTIME140.dll
0x00007ffe11ea0000 - 0x00007ffe1206a000 	C:\WINDOWS\System32\USER32.dll
0x00007ffe0fd20000 - 0x00007ffe0fd47000 	C:\WINDOWS\System32\win32u.dll
0x00007ffdf9ff0000 - 0x00007ffdfa280000 	C:\WINDOWS\WinSxS\amd64_microsoft.windows.common-controls_6595b64144ccf1df_6.0.26100.3323_none_3e088096e3344490\COMCTL32.dll
0x00007ffe10c60000 - 0x00007ffe10c8a000 	C:\WINDOWS\System32\GDI32.dll
0x00007ffe10ee0000 - 0x00007ffe10f89000 	C:\WINDOWS\System32\msvcrt.dll
0x00007ffe0fd50000 - 0x00007ffe0fe81000 	C:\WINDOWS\System32\gdi32full.dll
0x00007ffe10650000 - 0x00007ffe106f3000 	C:\WINDOWS\System32\msvcp_win.dll
0x00007ffe116b0000 - 0x00007ffe116df000 	C:\WINDOWS\System32\IMM32.DLL
0x00007ffe0ad60000 - 0x00007ffe0ad6c000 	c:\Users\Admin\.vscode\extensions\redhat.java-1.43.1-win32-x64\jre\21.0.7-win32-x86_64\bin\vcruntime140_1.dll
0x00007ffdcf1c0000 - 0x00007ffdcf24d000 	c:\Users\Admin\.vscode\extensions\redhat.java-1.43.1-win32-x64\jre\21.0.7-win32-x86_64\bin\msvcp140.dll
0x00007ffda37b0000 - 0x00007ffda4540000 	c:\Users\Admin\.vscode\extensions\redhat.java-1.43.1-win32-x64\jre\21.0.7-win32-x86_64\bin\server\jvm.dll
0x00007ffe122f0000 - 0x00007ffe123a2000 	C:\WINDOWS\System32\ADVAPI32.dll
0x00007ffe10870000 - 0x00007ffe10916000 	C:\WINDOWS\System32\sechost.dll
0x00007ffe121d0000 - 0x00007ffe122e6000 	C:\WINDOWS\System32\RPCRT4.dll
0x00007ffe10be0000 - 0x00007ffe10c54000 	C:\WINDOWS\System32\WS2_32.dll
0x00007ffe070d0000 - 0x00007ffe070db000 	C:\WINDOWS\SYSTEM32\VERSION.dll
0x00007ffe07090000 - 0x00007ffe070c6000 	C:\WINDOWS\SYSTEM32\WINMM.dll
0x00007ffe0f970000 - 0x00007ffe0f9be000 	C:\WINDOWS\SYSTEM32\POWRPROF.dll
0x00007ffe0f950000 - 0x00007ffe0f964000 	C:\WINDOWS\SYSTEM32\UMPDC.dll
0x00007ffe0e8c0000 - 0x00007ffe0e8da000 	C:\WINDOWS\SYSTEM32\kernel.appcore.dll
0x00007ffe07be0000 - 0x00007ffe07bea000 	c:\Users\Admin\.vscode\extensions\redhat.java-1.43.1-win32-x64\jre\21.0.7-win32-x86_64\bin\jimage.dll
0x00007ffe02d40000 - 0x00007ffe02f81000 	C:\WINDOWS\SYSTEM32\DBGHELP.DLL
0x00007ffe118e0000 - 0x00007ffe11c62000 	C:\WINDOWS\System32\combase.dll
0x00007ffe10790000 - 0x00007ffe10866000 	C:\WINDOWS\System32\OLEAUT32.dll
0x00007ffdffb30000 - 0x00007ffdffb69000 	C:\WINDOWS\SYSTEM32\dbgcore.DLL
0x00007ffe0fe90000 - 0x00007ffe0ff29000 	C:\WINDOWS\System32\bcryptPrimitives.dll
0x00007ffe074b0000 - 0x00007ffe074bf000 	c:\Users\Admin\.vscode\extensions\redhat.java-1.43.1-win32-x64\jre\21.0.7-win32-x86_64\bin\instrument.dll
0x00007ffdef1a0000 - 0x00007ffdef1bf000 	c:\Users\Admin\.vscode\extensions\redhat.java-1.43.1-win32-x64\jre\21.0.7-win32-x86_64\bin\java.dll
0x00007ffe10f90000 - 0x00007ffe116a5000 	C:\WINDOWS\System32\SHELL32.dll
0x00007ffe104e0000 - 0x00007ffe10648000 	C:\WINDOWS\System32\wintypes.dll
0x00007ffe0d7a0000 - 0x00007ffe0dfe5000 	C:\WINDOWS\SYSTEM32\windows.storage.dll
0x00007ffe117f0000 - 0x00007ffe118db000 	C:\WINDOWS\System32\SHCORE.dll
0x00007ffe109d0000 - 0x00007ffe10a2d000 	C:\WINDOWS\System32\shlwapi.dll
0x00007ffe0f9f0000 - 0x00007ffe0fa1f000 	C:\WINDOWS\SYSTEM32\profapi.dll
0x00007ffdef150000 - 0x00007ffdef168000 	c:\Users\Admin\.vscode\extensions\redhat.java-1.43.1-win32-x64\jre\21.0.7-win32-x86_64\bin\zip.dll
0x00007ffe044e0000 - 0x00007ffe044f0000 	C:\Users\Admin\.vscode\extensions\redhat.java-1.43.1-win32-x64\jre\21.0.7-win32-x86_64\bin\net.dll
0x00007ffe081c0000 - 0x00007ffe082de000 	C:\WINDOWS\SYSTEM32\WINHTTP.dll
0x00007ffe0edc0000 - 0x00007ffe0ee2a000 	C:\WINDOWS\system32\mswsock.dll
0x00007ffdeacd0000 - 0x00007ffdeace6000 	C:\Users\Admin\.vscode\extensions\redhat.java-1.43.1-win32-x64\jre\21.0.7-win32-x86_64\bin\nio.dll
0x00007ffe074a0000 - 0x00007ffe074b0000 	c:\Users\Admin\.vscode\extensions\redhat.java-1.43.1-win32-x64\jre\21.0.7-win32-x86_64\bin\verify.dll
0x00007ffdea620000 - 0x00007ffdea665000 	C:\Users\Admin\AppData\Roaming\Code\User\globalStorage\redhat.java\1.43.1\config_win\org.eclipse.equinox.launcher\org.eclipse.equinox.launcher.win32.win32.x86_64_1.2.1300.v20250331-1702\eclipse_11911.dll
0x00007ffe10d30000 - 0x00007ffe10ec5000 	C:\WINDOWS\System32\ole32.dll
0x00007ffe0f170000 - 0x00007ffe0f18c000 	C:\WINDOWS\SYSTEM32\CRYPTSP.dll
0x00007ffe0e820000 - 0x00007ffe0e85a000 	C:\WINDOWS\system32\rsaenh.dll
0x00007ffe0ee60000 - 0x00007ffe0ee8b000 	C:\WINDOWS\SYSTEM32\USERENV.dll
0x00007ffe0f300000 - 0x00007ffe0f326000 	C:\WINDOWS\SYSTEM32\bcrypt.dll
0x00007ffe0eff0000 - 0x00007ffe0effc000 	C:\WINDOWS\SYSTEM32\CRYPTBASE.dll
0x00007ffe0e2e0000 - 0x00007ffe0e313000 	C:\WINDOWS\SYSTEM32\IPHLPAPI.DLL
0x00007ffe10ed0000 - 0x00007ffe10eda000 	C:\WINDOWS\System32\NSI.dll
0x00007ffde1470000 - 0x00007ffde14b9000 	C:\Users\Admin\AppData\Local\Temp\jna-63116079\jna7699659551135224914.dll
0x00007ffe10b90000 - 0x00007ffe10b98000 	C:\WINDOWS\System32\PSAPI.DLL
0x00007ffe08630000 - 0x00007ffe0864f000 	C:\WINDOWS\SYSTEM32\dhcpcsvc6.DLL
0x00007ffe08940000 - 0x00007ffe08965000 	C:\WINDOWS\SYSTEM32\dhcpcsvc.DLL
0x00007ffe07490000 - 0x00007ffe0749e000 	C:\Users\Admin\.vscode\extensions\redhat.java-1.43.1-win32-x64\jre\21.0.7-win32-x86_64\bin\sunmscapi.dll
0x00007ffe0fba0000 - 0x00007ffe0fd17000 	C:\WINDOWS\System32\CRYPT32.dll
0x00007ffe0f2c0000 - 0x00007ffe0f2f0000 	C:\WINDOWS\SYSTEM32\ncrypt.dll
0x00007ffe0f270000 - 0x00007ffe0f2af000 	C:\WINDOWS\SYSTEM32\NTASN1.dll
0x00007ffe0e370000 - 0x00007ffe0e495000 	C:\WINDOWS\SYSTEM32\DNSAPI.dll
0x00007ffe08930000 - 0x00007ffe0893b000 	C:\Windows\System32\rasadhlp.dll
0x00007ffe04ac0000 - 0x00007ffe04b45000 	C:\WINDOWS\System32\fwpuclnt.dll
0x00007ffe045e0000 - 0x00007ffe045e9000 	C:\Users\Admin\.vscode\extensions\redhat.java-1.43.1-win32-x64\jre\21.0.7-win32-x86_64\bin\extnet.dll
0x00007ffe0e9e0000 - 0x00007ffe0ea15000 	C:\WINDOWS\SYSTEM32\ntmarta.dll

dbghelp: loaded successfully - version: 4.0.5 - missing functions: none
symbol engine: initialized successfully - sym options: 0x614 - pdb path: .;c:\Users\Admin\.vscode\extensions\redhat.java-1.43.1-win32-x64\jre\21.0.7-win32-x86_64\bin;C:\WINDOWS\SYSTEM32;C:\WINDOWS\WinSxS\amd64_microsoft.windows.common-controls_6595b64144ccf1df_6.0.26100.3323_none_3e088096e3344490;c:\Users\Admin\.vscode\extensions\redhat.java-1.43.1-win32-x64\jre\21.0.7-win32-x86_64\bin\server;C:\Users\Admin\AppData\Roaming\Code\User\globalStorage\redhat.java\1.43.1\config_win\org.eclipse.equinox.launcher\org.eclipse.equinox.launcher.win32.win32.x86_64_1.2.1300.v20250331-1702;C:\Users\Admin\AppData\Local\Temp\jna-63116079

VM Arguments:
jvm_args: --add-modules=ALL-SYSTEM --add-opens=java.base/java.util=ALL-UNNAMED --add-opens=java.base/java.lang=ALL-UNNAMED --add-opens=java.base/sun.nio.fs=ALL-UNNAMED -Declipse.application=org.eclipse.jdt.ls.core.id1 -Dosgi.bundles.defaultStartLevel=4 -Declipse.product=org.eclipse.jdt.ls.core.product -Djava.import.generatesMetadataFilesAtProjectRoot=false -DDetectVMInstallationsJob.disabled=true -Dfile.encoding=utf8 -XX:+UseParallelGC -XX:GCTimeRatio=4 -XX:AdaptiveSizePolicyWeight=90 -Dsun.zip.disableMemoryMapping=true -Xmx2G -Xms100m -Xlog:disable -javaagent:c:\Users\Admin\.vscode\extensions\redhat.java-1.43.1-win32-x64\lombok\lombok-1.18.39-4050.jar -XX:+HeapDumpOnOutOfMemoryError -XX:HeapDumpPath=c:\Users\Admin\AppData\Roaming\Code\User\workspaceStorage\91bfc2bb926e85cacc8896de9206306c\redhat.java -Daether.dependencyCollector.impl=bf 
java_command: c:\Users\Admin\.vscode\extensions\redhat.java-1.43.1-win32-x64\server\plugins\org.eclipse.equinox.launcher_1.7.0.v20250519-0528.jar -configuration c:\Users\Admin\AppData\Roaming\Code\User\globalStorage\redhat.java\1.43.1\config_win -data c:\Users\Admin\AppData\Roaming\Code\User\workspaceStorage\91bfc2bb926e85cacc8896de9206306c\redhat.java\jdt_ws --pipe=\\.\pipe\lsp-055876d0efe5a076c47c067fecb69c2c-sock
java_class_path (initial): c:\Users\Admin\.vscode\extensions\redhat.java-1.43.1-win32-x64\server\plugins\org.eclipse.equinox.launcher_1.7.0.v20250519-0528.jar
Launcher Type: SUN_STANDARD

[Global flags]
    uintx AdaptiveSizePolicyWeight                 = 90                                        {product} {command line}
     intx CICompilerCount                          = 4                                         {product} {ergonomic}
    uintx GCTimeRatio                              = 4                                         {product} {command line}
     bool HeapDumpOnOutOfMemoryError               = true                                   {manageable} {command line}
    ccstr HeapDumpPath                             = c:\Users\Admin\AppData\Roaming\Code\User\workspaceStorage\91bfc2bb926e85cacc8896de9206306c\redhat.java         {manageable} {command line}
   size_t InitialHeapSize                          = 104857600                                 {product} {command line}
   size_t MaxHeapSize                              = 2147483648                                {product} {command line}
   size_t MaxNewSize                               = 715653120                                 {product} {ergonomic}
   size_t MinHeapDeltaBytes                        = 524288                                    {product} {ergonomic}
   size_t MinHeapSize                              = 104857600                                 {product} {command line}
   size_t NewSize                                  = 34603008                                  {product} {ergonomic}
    uintx NonNMethodCodeHeapSize                   = 5839372                                {pd product} {ergonomic}
    uintx NonProfiledCodeHeapSize                  = 122909434                              {pd product} {ergonomic}
   size_t OldSize                                  = 70254592                                  {product} {ergonomic}
    uintx ProfiledCodeHeapSize                     = 122909434                              {pd product} {ergonomic}
    uintx ReservedCodeCacheSize                    = 251658240                              {pd product} {ergonomic}
     bool SegmentedCodeCache                       = true                                      {product} {ergonomic}
   size_t SoftMaxHeapSize                          = 2147483648                             {manageable} {ergonomic}
     bool UseCompressedOops                        = true                           {product lp64_product} {ergonomic}
     bool UseLargePagesIndividualAllocation        = false                                  {pd product} {ergonomic}
     bool UseParallelGC                            = true                                      {product} {command line}

Logging:
Log output configuration:
 #0: stdout all=off uptime,level,tags foldmultilines=false
 #1: stderr all=off uptime,level,tags foldmultilines=false

Environment Variables:
JAVA_HOME=C:\Program Files\Java\jdk-17
PATH=C:\Program Files\Java\jdk-17\bin;C:\Program Files\Java\jdk-21\bin;C:\Users\Admin\Downloads\kafka-3.9.0-src\kafka-3.9.0-src\bin;C:\Users\Admin\Downloads\gradle-8.11-bin\gradle-8.11\bin;D:\JDk\jdk1.8.0_281\bin;C:\Program Files\Common Files\Oracle\Java\javapath;C:\Program Files (x86)\Common Files\Oracle\Java\javapath;C:\WINDOWS\system32;C:\WINDOWS;C:\WINDOWS\System32\Wbem;C:\WINDOWS\System32\WindowsPowerShell\v1.0\;C:\WINDOWS\System32\OpenSSH\;C:\Program Files\nodejs\;C:\Program Files\Java\jdk-17\\bin;C:\Program Files\Git\cmd;C:\Program Files\PuTTY\;C:\Users\Admin\Desktop\mvn\apache-maven-3.9.4-bin\apache-maven-3.9.4\bin;C:\Program Files\Docker\Docker\resources\bin;C:\Users\Admin\Downloads\New folder (19)\strawberry-perl-5.40.0.1-64bit-portable\perl\bin;C:\Program Files\Maven\apache-maven-3.9.9-bin\apache-maven-3.9.9\bin;C:\Program Files\Java\jdk-17\bin;C:\Program Files\Java\jdk-21\bin;C:\Users\Admin\Downloads\kafka-3.9.0-src\kafka-3.9.0-src\bin;C:\Users\Admin\Downloads\gradle-8.11-bin\gradle-8.11\bin;D:\JDk\jdk1.8.0_281\bin;C:\Users\Admin\AppData\Local\Microsoft\WindowsApps;C:\Users\Admin\AppData\Local\Programs\Microsoft VS Code\bin;C:\Users\Admin\AppData\Roaming\npm;C:\Program Files\JetBrains\IntelliJ IDEA 2024.1.2\bin;;C:\Program Files\PHP;C:\Users\Admin\AppData\Local\Programs\MiKTeX\miktex\bin\x64\;C:\Users\Admin\Downloads\New folder (19)\strawberry-perl-5.40.0.1-64bit-portable\perl\bin;C:\Program Files\Maven\apache-maven-3.9.9-bin\apache-maven-3.9.9\bin;
USERNAME=Admin
OS=Windows_NT
PROCESSOR_IDENTIFIER=AMD64 Family 23 Model 104 Stepping 1, AuthenticAMD
TMP=C:\Users\Admin\AppData\Local\Temp
TEMP=C:\Users\Admin\AppData\Local\Temp




Periodic native trim disabled

---------------  S Y S T E M  ---------------

OS:
 Windows 11 , 64 bit Build 26100 (10.0.26100.3323)
OS uptime: 0 days 17:58 hours
Hyper-V role detected

CPU: total 12 (initial active 12) (12 cores per cpu, 2 threads per core) family 23 model 104 stepping 1 microcode 0x8608103, cx8, cmov, fxsr, ht, mmx, 3dnowpref, sse, sse2, sse3, ssse3, sse4a, sse4.1, sse4.2, popcnt, lzcnt, tsc, tscinvbit, avx, avx2, aes, clmul, bmi1, bmi2, adx, sha, fma, vzeroupper, clflush, clflushopt, hv, rdtscp, rdpid, f16c
Processor Information for the first 12 processors :
  Max Mhz: 2100, Current Mhz: 1988, Mhz Limit: 2100

Memory: 4k page, system-wide physical 6005M (22M free)
TotalPageFile size 24437M (AvailPageFile size 6M)
current process WorkingSet (physical memory assigned to process): 271M, peak: 488M
current process commit charge ("private bytes"): 853M, peak: 853M

vm_info: OpenJDK 64-Bit Server VM (21.0.7+6-LTS) for windows-amd64 JRE (21.0.7+6-LTS), built on 2025-04-15T00:00:00Z by "admin" with MS VC++ 17.7 (VS2022)

END.
