#
# There is insufficient memory for the Java Runtime Environment to continue.
# Native memory allocation (malloc) failed to allocate 2249648 bytes. Error detail: Chunk::new
# Possible reasons:
#   The system is out of physical RAM or swap space
#   This process is running with CompressedOops enabled, and the Java Heap may be blocking the growth of the native heap
# Possible solutions:
#   Reduce memory load on the system
#   Increase physical memory or swap space
#   Check if swap backing store is full
#   Decrease Java heap size (-Xmx/-Xms)
#   Decrease number of Java threads
#   Decrease Java thread stack sizes (-Xss)
#   Set larger code cache with -XX:ReservedCodeCacheSize=
#   JVM is running with Unscaled Compressed Oops mode in which the Java heap is
#     placed in the first 4GB address space. The Java Heap base address is the
#     maximum limit for the native heap growth. Please use -XX:HeapBaseMinAddress
#     to set the Java Heap base and to place the Java Heap above 4GB virtual address.
# This output file may be truncated or incomplete.
#
#  Out of Memory Error (arena.cpp:168), pid=20688, tid=4600
#
# JRE version: OpenJDK Runtime Environment Temurin-21.0.7+6 (21.0.7+6) (build 21.0.7+6-LTS)
# Java VM: OpenJDK 64-Bit Server VM Temurin-21.0.7+6 (21.0.7+6-LTS, mixed mode, sharing, tiered, compressed oops, compressed class ptrs, parallel gc, windows-amd64)
# No core dump will be written. Minidumps are not enabled by default on client versions of Windows
#

---------------  S U M M A R Y ------------

Command Line: --add-modules=ALL-SYSTEM --add-opens=java.base/java.util=ALL-UNNAMED --add-opens=java.base/java.lang=ALL-UNNAMED --add-opens=java.base/sun.nio.fs=ALL-UNNAMED -Declipse.application=org.eclipse.jdt.ls.core.id1 -Dosgi.bundles.defaultStartLevel=4 -Declipse.product=org.eclipse.jdt.ls.core.product -Djava.import.generatesMetadataFilesAtProjectRoot=false -DDetectVMInstallationsJob.disabled=true -Dfile.encoding=utf8 -XX:+UseParallelGC -XX:GCTimeRatio=4 -XX:AdaptiveSizePolicyWeight=90 -Dsun.zip.disableMemoryMapping=true -Xmx2G -Xms100m -Xlog:disable -javaagent:c:\Users\Admin\.vscode\extensions\redhat.java-1.43.1-win32-x64\lombok\lombok-1.18.39-4050.jar -XX:+HeapDumpOnOutOfMemoryError -XX:HeapDumpPath=c:\Users\Admin\AppData\Roaming\Code\User\workspaceStorage\91bfc2bb926e85cacc8896de9206306c\redhat.java -Daether.dependencyCollector.impl=bf c:\Users\Admin\.vscode\extensions\redhat.java-1.43.1-win32-x64\server\plugins\org.eclipse.equinox.launcher_1.7.0.v20250519-0528.jar -configuration c:\Users\Admin\AppData\Roaming\Code\User\globalStorage\redhat.java\1.43.1\config_win -data c:\Users\Admin\AppData\Roaming\Code\User\workspaceStorage\91bfc2bb926e85cacc8896de9206306c\redhat.java\jdt_ws --pipe=\\.\pipe\lsp-f206f602734da4b4b3f6f4c7c62de54f-sock

Host: AMD Ryzen 5 5500U with Radeon Graphics         , 12 cores, 5G,  Windows 11 , 64 bit Build 26100 (10.0.26100.3323)
Time: Thu Jul 10 12:12:25 2025 W. Central Africa Standard Time elapsed time: 70.054689 seconds (0d 0h 1m 10s)

---------------  T H R E A D  ---------------

Current thread (0x0000028363482c60):  JavaThread "C2 CompilerThread0" daemon [_thread_in_native, id=4600, stack(0x000000d20f000000,0x000000d20f100000) (1024K)]


Current CompileTask:
C2:70055 15477   !   4       org.eclipse.jdt.internal.compiler.classfmt.ClassFileReader::<init> (2135 bytes)

Stack: [0x000000d20f000000,0x000000d20f100000]
Native frames: (J=compiled Java code, j=interpreted, Vv=VM code, C=native code)
V  [jvm.dll+0x6ce119]
V  [jvm.dll+0x8a84a1]
V  [jvm.dll+0x8aa9ce]
V  [jvm.dll+0x8ab0b3]
V  [jvm.dll+0x27f8a6]
V  [jvm.dll+0xc507d]
V  [jvm.dll+0xc55b3]
V  [jvm.dll+0x3b692c]
V  [jvm.dll+0x1dfe33]
V  [jvm.dll+0x247c42]
V  [jvm.dll+0x2470cf]
V  [jvm.dll+0x1c760e]
V  [jvm.dll+0x25695a]
V  [jvm.dll+0x254efa]
V  [jvm.dll+0x3f03f6]
V  [jvm.dll+0x851f6b]
V  [jvm.dll+0x6cc7dd]
C  [ucrtbase.dll+0x37b0]
C  [KERNEL32.DLL+0x2e8d7]
C  [ntdll.dll+0xbbf6c]


---------------  P R O C E S S  ---------------

Threads class SMR info:
_java_thread_list=0x000002837e1e3b50, length=77, elements={
0x00000283633cde40, 0x000002837a50da90, 0x00000283634732e0, 0x0000028363476850,
0x00000283634772a0, 0x000002836347b260, 0x000002836347d340, 0x0000028363482c60,
0x0000028363486ba0, 0x000002837ba4ce40, 0x000002837bc80b30, 0x000002837cf19bd0,
0x000002837cc6b9f0, 0x000002837d2bc180, 0x000002837d0d4d10, 0x000002837d65ec80,
0x000002837d65e4d0, 0x000002837d537ca0, 0x000002837d539050, 0x000002837d5396e0,
0x000002837d53a400, 0x000002837d539d70, 0x000002837d53b120, 0x000002834597a7c0,
0x000002834597c200, 0x000002834597c890, 0x0000028345979410, 0x000002834597ae50,
0x0000028345979aa0, 0x000002834597a130, 0x000002834597bb70, 0x000002834597cf20,
0x000002834597dc40, 0x000002834597e2d0, 0x000002834597e960, 0x000002834597d5b0,
0x000002834597b4e0, 0x000002834597eff0, 0x000002834597f680, 0x000002834597fd10,
0x00000283459803a0, 0x0000028345980a30, 0x000002837ce4ae60, 0x000002837ce48d90,
0x000002837ce4a140, 0x000002837ce4cf30, 0x000002837ce49ab0, 0x000002837ce4d5c0,
0x000002837ce4dc50, 0x000002837ce4a7d0, 0x000002837ce4f690, 0x000002837ce4e970,
0x000002837ce4f000, 0x000002837ce4e2e0, 0x000002837ce4fd20, 0x000002837d538330,
0x000002834618b3c0, 0x000002834618ba50, 0x000002834618ce00, 0x000002834618a6a0,
0x000002834618d490, 0x000002834618c0e0, 0x000002834618c770, 0x000002834618a010,
0x000002834618ad30, 0x000002834646ac80, 0x000002834646b310, 0x000002834646e100,
0x000002834646e790, 0x000002834646b9a0, 0x000002834646c6c0, 0x000002834646f4b0,
0x000002834646c030, 0x00000283464722a0, 0x000002834646fb40, 0x00000283464701d0,
0x0000028346471580
}

Java Threads: ( => current thread )
  0x00000283633cde40 JavaThread "main"                              [_thread_blocked, id=20848, stack(0x000000d20e600000,0x000000d20e700000) (1024K)]
  0x000002837a50da90 JavaThread "Reference Handler"          daemon [_thread_blocked, id=4160, stack(0x000000d20ea00000,0x000000d20eb00000) (1024K)]
  0x00000283634732e0 JavaThread "Finalizer"                  daemon [_thread_blocked, id=30200, stack(0x000000d20eb00000,0x000000d20ec00000) (1024K)]
  0x0000028363476850 JavaThread "Signal Dispatcher"          daemon [_thread_blocked, id=6108, stack(0x000000d20ec00000,0x000000d20ed00000) (1024K)]
  0x00000283634772a0 JavaThread "Attach Listener"            daemon [_thread_blocked, id=16400, stack(0x000000d20ed00000,0x000000d20ee00000) (1024K)]
  0x000002836347b260 JavaThread "Service Thread"             daemon [_thread_blocked, id=10724, stack(0x000000d20ee00000,0x000000d20ef00000) (1024K)]
  0x000002836347d340 JavaThread "Monitor Deflation Thread"   daemon [_thread_blocked, id=27952, stack(0x000000d20ef00000,0x000000d20f000000) (1024K)]
=>0x0000028363482c60 JavaThread "C2 CompilerThread0"         daemon [_thread_in_native, id=4600, stack(0x000000d20f000000,0x000000d20f100000) (1024K)]
  0x0000028363486ba0 JavaThread "C1 CompilerThread0"         daemon [_thread_blocked, id=10092, stack(0x000000d20f100000,0x000000d20f200000) (1024K)]
  0x000002837ba4ce40 JavaThread "Common-Cleaner"             daemon [_thread_blocked, id=30792, stack(0x000000d20f200000,0x000000d20f300000) (1024K)]
  0x000002837bc80b30 JavaThread "Notification Thread"        daemon [_thread_blocked, id=17232, stack(0x000000d20f300000,0x000000d20f400000) (1024K)]
  0x000002837cf19bd0 JavaThread "Active Thread: Equinox Container: 0bfa9d9c-eec1-4d4f-b44f-6c45763d4ae4"        [_thread_blocked, id=16600, stack(0x000000d20fa00000,0x000000d20fb00000) (1024K)]
  0x000002837cc6b9f0 JavaThread "Refresh Thread: Equinox Container: 0bfa9d9c-eec1-4d4f-b44f-6c45763d4ae4" daemon [_thread_blocked, id=28900, stack(0x000000d20fc00000,0x000000d20fd00000) (1024K)]
  0x000002837d2bc180 JavaThread "Framework Event Dispatcher: Equinox Container: 0bfa9d9c-eec1-4d4f-b44f-6c45763d4ae4" daemon [_thread_blocked, id=25500, stack(0x000000d20fd00000,0x000000d20fe00000) (1024K)]
  0x000002837d0d4d10 JavaThread "Start Level: Equinox Container: 0bfa9d9c-eec1-4d4f-b44f-6c45763d4ae4" daemon [_thread_blocked, id=32576, stack(0x000000d20fe00000,0x000000d20ff00000) (1024K)]
  0x000002837d65ec80 JavaThread "Bundle File Closer"         daemon [_thread_blocked, id=11644, stack(0x000000d210200000,0x000000d210300000) (1024K)]
  0x000002837d65e4d0 JavaThread "SCR Component Actor"        daemon [_thread_blocked, id=3796, stack(0x000000d210300000,0x000000d210400000) (1024K)]
  0x000002837d537ca0 JavaThread "Worker-JM"                         [_thread_blocked, id=26920, stack(0x000000d210500000,0x000000d210600000) (1024K)]
  0x000002837d539050 JavaThread "JNA Cleaner"                daemon [_thread_blocked, id=12804, stack(0x000000d210600000,0x000000d210700000) (1024K)]
  0x000002837d5396e0 JavaThread "Worker-0"                          [_thread_blocked, id=10948, stack(0x000000d210700000,0x000000d210800000) (1024K)]
  0x000002837d53a400 JavaThread "Worker-1: Java indexing... "        [_thread_blocked, id=1960, stack(0x000000d210800000,0x000000d210900000) (1024K)]
  0x000002837d539d70 JavaThread "Worker-2"                          [_thread_blocked, id=25080, stack(0x000000d210900000,0x000000d210a00000) (1024K)]
  0x000002837d53b120 JavaThread "Java indexing"              daemon [_thread_in_Java, id=26688, stack(0x000000d210a00000,0x000000d210b00000) (1024K)]
  0x000002834597a7c0 JavaThread "Worker-3"                          [_thread_blocked, id=22328, stack(0x000000d210b00000,0x000000d210c00000) (1024K)]
  0x000002834597c200 JavaThread "Worker-4"                          [_thread_blocked, id=27376, stack(0x000000d210c00000,0x000000d210d00000) (1024K)]
  0x000002834597c890 JavaThread "Worker-5: Initialize Workspace"        [_thread_blocked, id=23240, stack(0x000000d211000000,0x000000d211100000) (1024K)]
  0x0000028345979410 JavaThread "Thread-2"                   daemon [_thread_in_native, id=15584, stack(0x000000d211100000,0x000000d211200000) (1024K)]
  0x000002834597ae50 JavaThread "Thread-3"                   daemon [_thread_in_native, id=28620, stack(0x000000d211200000,0x000000d211300000) (1024K)]
  0x0000028345979aa0 JavaThread "Thread-4"                   daemon [_thread_in_native, id=9032, stack(0x000000d211300000,0x000000d211400000) (1024K)]
  0x000002834597a130 JavaThread "Thread-5"                   daemon [_thread_in_native, id=11896, stack(0x000000d211400000,0x000000d211500000) (1024K)]
  0x000002834597bb70 JavaThread "Thread-6"                   daemon [_thread_in_native, id=24212, stack(0x000000d211500000,0x000000d211600000) (1024K)]
  0x000002834597cf20 JavaThread "Thread-7"                   daemon [_thread_in_native, id=21712, stack(0x000000d211600000,0x000000d211700000) (1024K)]
  0x000002834597dc40 JavaThread "Thread-8"                   daemon [_thread_in_native, id=8508, stack(0x000000d211700000,0x000000d211800000) (1024K)]
  0x000002834597e2d0 JavaThread "Thread-9"                   daemon [_thread_in_native, id=21220, stack(0x000000d211800000,0x000000d211900000) (1024K)]
  0x000002834597e960 JavaThread "Thread-10"                  daemon [_thread_in_native, id=2176, stack(0x000000d211900000,0x000000d211a00000) (1024K)]
  0x000002834597d5b0 JavaThread "Thread-11"                  daemon [_thread_in_native, id=2604, stack(0x000000d211a00000,0x000000d211b00000) (1024K)]
  0x000002834597b4e0 JavaThread "Thread-12"                  daemon [_thread_in_native, id=11008, stack(0x000000d211b00000,0x000000d211c00000) (1024K)]
  0x000002834597eff0 JavaThread "Thread-13"                  daemon [_thread_in_native, id=27848, stack(0x000000d211c00000,0x000000d211d00000) (1024K)]
  0x000002834597f680 JavaThread "Thread-14"                  daemon [_thread_in_native, id=18384, stack(0x000000d211d00000,0x000000d211e00000) (1024K)]
  0x000002834597fd10 JavaThread "pool-2-thread-1"                   [_thread_blocked, id=32184, stack(0x000000d211e00000,0x000000d211f00000) (1024K)]
  0x00000283459803a0 JavaThread "Worker-6"                          [_thread_blocked, id=7404, stack(0x000000d211f00000,0x000000d212000000) (1024K)]
  0x0000028345980a30 JavaThread "Worker-7: Initialize workspace"        [_thread_blocked, id=27928, stack(0x000000d212000000,0x000000d212100000) (1024K)]
  0x000002837ce4ae60 JavaThread "WorkspaceEventsHandler"            [_thread_blocked, id=21652, stack(0x000000d212200000,0x000000d212300000) (1024K)]
  0x000002837ce48d90 JavaThread "pool-1-thread-1"                   [_thread_blocked, id=6272, stack(0x000000d212300000,0x000000d212400000) (1024K)]
  0x000002837ce4a140 JavaThread "LocalFile Deleter"          daemon [_thread_blocked, id=15404, stack(0x000000d210400000,0x000000d210500000) (1024K)]
  0x000002837ce4cf30 JavaThread "LocalFile Deleter"          daemon [_thread_blocked, id=21032, stack(0x000000d212400000,0x000000d212500000) (1024K)]
  0x000002837ce49ab0 JavaThread "LocalFile Deleter"          daemon [_thread_blocked, id=2956, stack(0x000000d212500000,0x000000d212600000) (1024K)]
  0x000002837ce4d5c0 JavaThread "LocalFile Deleter"          daemon [_thread_blocked, id=16156, stack(0x000000d212600000,0x000000d212700000) (1024K)]
  0x000002837ce4dc50 JavaThread "LocalFile Deleter"          daemon [_thread_blocked, id=19852, stack(0x000000d212700000,0x000000d212800000) (1024K)]
  0x000002837ce4a7d0 JavaThread "LocalFile Deleter"          daemon [_thread_blocked, id=9008, stack(0x000000d212800000,0x000000d212900000) (1024K)]
  0x000002837ce4f690 JavaThread "LocalFile Deleter"          daemon [_thread_blocked, id=31440, stack(0x000000d212900000,0x000000d212a00000) (1024K)]
  0x000002837ce4e970 JavaThread "LocalFile Deleter"          daemon [_thread_blocked, id=9620, stack(0x000000d212a00000,0x000000d212b00000) (1024K)]
  0x000002837ce4f000 JavaThread "LocalFile Deleter"          daemon [_thread_blocked, id=30632, stack(0x000000d212b00000,0x000000d212c00000) (1024K)]
  0x000002837ce4e2e0 JavaThread "LocalFile Deleter"          daemon [_thread_blocked, id=19328, stack(0x000000d212c00000,0x000000d212d00000) (1024K)]
  0x000002837ce4fd20 JavaThread "LocalFile Deleter"          daemon [_thread_blocked, id=13152, stack(0x000000d212d00000,0x000000d212e00000) (1024K)]
  0x000002837d538330 JavaThread "LocalFile Deleter"          daemon [_thread_blocked, id=3420, stack(0x000000d212e00000,0x000000d212f00000) (1024K)]
  0x000002834618b3c0 JavaThread "Compiler Source File Reader" daemon [_thread_blocked, id=30348, stack(0x000000d212f00000,0x000000d213000000) (1024K)]
  0x000002834618ba50 JavaThread "Compiler Source File Reader" daemon [_thread_blocked, id=30960, stack(0x000000d213000000,0x000000d213100000) (1024K)]
  0x000002834618ce00 JavaThread "Compiler Source File Reader" daemon [_thread_blocked, id=17836, stack(0x000000d213100000,0x000000d213200000) (1024K)]
  0x000002834618a6a0 JavaThread "Compiler Source File Reader" daemon [_thread_blocked, id=23008, stack(0x000000d213200000,0x000000d213300000) (1024K)]
  0x000002834618d490 JavaThread "Compiler Source File Reader" daemon [_thread_blocked, id=23420, stack(0x000000d213300000,0x000000d213400000) (1024K)]
  0x000002834618c0e0 JavaThread "Compiler Source File Reader" daemon [_thread_blocked, id=25944, stack(0x000000d213400000,0x000000d213500000) (1024K)]
  0x000002834618c770 JavaThread "Compiler Source File Reader" daemon [_thread_blocked, id=22896, stack(0x000000d213500000,0x000000d213600000) (1024K)]
  0x000002834618a010 JavaThread "Compiler Source File Reader" daemon [_thread_blocked, id=21016, stack(0x000000d213600000,0x000000d213700000) (1024K)]
  0x000002834618ad30 JavaThread "Compiler Source File Reader" daemon [_thread_blocked, id=13392, stack(0x000000d213700000,0x000000d213800000) (1024K)]
  0x000002834646ac80 JavaThread "Compiler Source File Reader" daemon [_thread_blocked, id=6024, stack(0x000000d213800000,0x000000d213900000) (1024K)]
  0x000002834646b310 JavaThread "Compiler Processing Task"   daemon [_thread_blocked, id=23956, stack(0x000000d213900000,0x000000d213a00000) (1024K)]
  0x000002834646e100 JavaThread "Compiler Class File Writer" daemon [_thread_blocked, id=19236, stack(0x000000d213a00000,0x000000d213b00000) (1024K)]
  0x000002834646e790 JavaThread "Compiler Class File Writer" daemon [_thread_blocked, id=28772, stack(0x000000d213b00000,0x000000d213c00000) (1024K)]
  0x000002834646b9a0 JavaThread "Compiler Class File Writer" daemon [_thread_blocked, id=15952, stack(0x000000d213c00000,0x000000d213d00000) (1024K)]
  0x000002834646c6c0 JavaThread "Compiler Class File Writer" daemon [_thread_blocked, id=32488, stack(0x000000d213d00000,0x000000d213e00000) (1024K)]
  0x000002834646f4b0 JavaThread "Compiler Class File Writer" daemon [_thread_blocked, id=3832, stack(0x000000d213e00000,0x000000d213f00000) (1024K)]
  0x000002834646c030 JavaThread "Compiler Class File Writer" daemon [_thread_blocked, id=6212, stack(0x000000d213f00000,0x000000d214000000) (1024K)]
  0x00000283464722a0 JavaThread "Compiler Class File Writer" daemon [_thread_blocked, id=14108, stack(0x000000d214000000,0x000000d214100000) (1024K)]
  0x000002834646fb40 JavaThread "Compiler Class File Writer" daemon [_thread_blocked, id=6492, stack(0x000000d214100000,0x000000d214200000) (1024K)]
  0x00000283464701d0 JavaThread "Compiler Class File Writer" daemon [_thread_blocked, id=7248, stack(0x000000d214200000,0x000000d214300000) (1024K)]
  0x0000028346471580 JavaThread "Compiler Class File Writer" daemon [_thread_blocked, id=27408, stack(0x000000d214300000,0x000000d214400000) (1024K)]
Total: 77

Other Threads:
  0x0000028361821030 VMThread "VM Thread"                           [id=26016, stack(0x000000d20e900000,0x000000d20ea00000) (1024K)]
  0x000002837a3eca00 WatcherThread "VM Periodic Task Thread"        [id=18540, stack(0x000000d20e800000,0x000000d20e900000) (1024K)]
  0x0000028361822990 WorkerThread "GC Thread#0"                     [id=23292, stack(0x000000d20e700000,0x000000d20e800000) (1024K)]
  0x0000028361821b10 WorkerThread "GC Thread#1"                     [id=9664, stack(0x000000d20f400000,0x000000d20f500000) (1024K)]
  0x0000028361822250 WorkerThread "GC Thread#2"                     [id=21172, stack(0x000000d20f500000,0x000000d20f600000) (1024K)]
  0x00000283618225f0 WorkerThread "GC Thread#3"                     [id=18408, stack(0x000000d20f600000,0x000000d20f700000) (1024K)]
  0x000002837cca8260 WorkerThread "GC Thread#4"                     [id=9424, stack(0x000000d20f700000,0x000000d20f800000) (1024K)]
  0x000002837ccaade0 WorkerThread "GC Thread#5"                     [id=7572, stack(0x000000d20f800000,0x000000d20f900000) (1024K)]
  0x000002837cca8600 WorkerThread "GC Thread#6"                     [id=29360, stack(0x000000d20f900000,0x000000d20fa00000) (1024K)]
  0x000002837cca7b20 WorkerThread "GC Thread#7"                     [id=27764, stack(0x000000d20fb00000,0x000000d20fc00000) (1024K)]
  0x000002837cca9bc0 WorkerThread "GC Thread#8"                     [id=3760, stack(0x000000d210000000,0x000000d210100000) (1024K)]
  0x000002837ccab180 WorkerThread "GC Thread#9"                     [id=3424, stack(0x000000d210100000,0x000000d210200000) (1024K)]
Total: 12

Threads with active compile tasks:
C2 CompilerThread0  70117 15477   !   4       org.eclipse.jdt.internal.compiler.classfmt.ClassFileReader::<init> (2135 bytes)
Total: 1

VM state: not at safepoint (normal execution)

VM Mutex/Monitor currently owned by a thread: None

Heap address: 0x0000000080000000, size: 2048 MB, Compressed Oops mode: 32-bit

CDS archive(s) mapped at: [0x0000028300000000-0x0000028300ba0000-0x0000028300ba0000), size 12189696, SharedBaseAddress: 0x0000028300000000, ArchiveRelocationMode: 1.
Compressed class space mapped at: 0x0000028301000000-0x0000028341000000, reserved size: 1073741824
Narrow klass base: 0x0000028300000000, Narrow klass shift: 0, Narrow klass range: 0x100000000

GC Precious Log:
 CardTable entry size: 512
 CPUs: 12 total, 12 available
 Memory: 6005M
 Large Page Support: Disabled
 NUMA Support: Disabled
 Compressed Oops: Enabled (32-bit)
 Alignments: Space 512K, Generation 512K, Heap 2M
 Heap Min Capacity: 100M
 Heap Initial Capacity: 100M
 Heap Max Capacity: 2G
 Pre-touch: Disabled
 Parallel Workers: 10

Heap:
 PSYoungGen      total 7680K, used 5299K [0x00000000d5580000, 0x00000000d5e00000, 0x0000000100000000)
  eden space 6144K, 74% used [0x00000000d5580000,0x00000000d59f4de0,0x00000000d5b80000)
  from space 1536K, 47% used [0x00000000d5b80000,0x00000000d5c38000,0x00000000d5d00000)
  to   space 1024K, 0% used [0x00000000d5d00000,0x00000000d5d00000,0x00000000d5e00000)
 ParOldGen       total 454144K, used 453773K [0x0000000080000000, 0x000000009bb80000, 0x00000000d5580000)
  object space 454144K, 99% used [0x0000000080000000,0x000000009bb23590,0x000000009bb80000)
 Metaspace       used 70838K, committed 72320K, reserved 1179648K
  class space    used 7124K, committed 7744K, reserved 1048576K

Card table byte_map: [0x0000028375850000,0x0000028375c60000] _byte_map_base: 0x0000028375450000

Marking Bits: (ParMarkBitMap*) 0x00007ffd9abf31f0
 Begin Bits: [0x0000028375f10000, 0x0000028377f10000)
 End Bits:   [0x0000028377f10000, 0x0000028379f10000)

Polling page: 0x0000028361b70000

Metaspace:

Usage:
  Non-class:     62.22 MB used.
      Class:      6.96 MB used.
       Both:     69.18 MB used.

Virtual space:
  Non-class space:      128.00 MB reserved,      63.06 MB ( 49%) committed,  2 nodes.
      Class space:        1.00 GB reserved,       7.56 MB ( <1%) committed,  1 nodes.
             Both:        1.12 GB reserved,      70.62 MB (  6%) committed. 

Chunk freelists:
   Non-Class:  15.44 MB
       Class:  8.45 MB
        Both:  23.90 MB

MaxMetaspaceSize: unlimited
CompressedClassSpaceSize: 1.00 GB
Initial GC threshold: 21.00 MB
Current GC threshold: 117.62 MB
CDS: on
 - commit_granule_bytes: 65536.
 - commit_granule_words: 8192.
 - virtual_space_node_default_size: 8388608.
 - enlarge_chunks_in_place: 1.
 - use_allocation_guard: 0.


Internal statistics:

num_allocs_failed_limit: 9.
num_arena_births: 1298.
num_arena_deaths: 22.
num_vsnodes_births: 3.
num_vsnodes_deaths: 0.
num_space_committed: 1130.
num_space_uncommitted: 0.
num_chunks_returned_to_freelist: 35.
num_chunks_taken_from_freelist: 4672.
num_chunk_merges: 15.
num_chunk_splits: 2708.
num_chunks_enlarged: 1360.
num_inconsistent_stats: 0.

CodeHeap 'non-profiled nmethods': size=120000Kb used=8457Kb max_used=8490Kb free=111542Kb
 bounds [0x000002836e140000, 0x000002836e9c0000, 0x0000028375670000]
CodeHeap 'profiled nmethods': size=120000Kb used=30750Kb max_used=32635Kb free=89249Kb
 bounds [0x0000028366670000, 0x00000283686a0000, 0x000002836dba0000]
CodeHeap 'non-nmethods': size=5760Kb used=1473Kb max_used=1537Kb free=4286Kb
 bounds [0x000002836dba0000, 0x000002836de10000, 0x000002836e140000]
 total_blobs=14465 nmethods=13682 adapters=687
 compilation: enabled
              stopped_count=0, restarted_count=0
 full_count=0

Compilation events (20 events):
Event: 66.995 Thread 0x0000028363482c60 nmethod 15467 0x000002836e1cd090 code [0x000002836e1cd2c0, 0x000002836e1cdd10]
Event: 67.247 Thread 0x0000028363482c60 15468       4       java.lang.String::replace (42 bytes)
Event: 67.263 Thread 0x0000028363482c60 nmethod 15468 0x000002836e2c7010 code [0x000002836e2c71c0, 0x000002836e2c7728]
Event: 67.389 Thread 0x0000028363486ba0 15469 % !   3       org.eclipse.jdt.internal.core.search.indexing.IndexNamesRegistry::save @ 114 (255 bytes)
Event: 67.392 Thread 0x0000028363486ba0 nmethod 15469% 0x000002836737ff10 code [0x0000028367380320, 0x0000028367382310]
Event: 67.418 Thread 0x0000028363486ba0 15470   !   3       java.security.SecureRandom::nextBytes (46 bytes)
Event: 67.418 Thread 0x0000028363486ba0 nmethod 15470 0x0000028366f38590 code [0x0000028366f387a0, 0x0000028366f38cb0]
Event: 67.503 Thread 0x0000028363486ba0 15471       3       java.io.OutputStreamWriter::<init> (40 bytes)
Event: 67.505 Thread 0x0000028363486ba0 nmethod 15471 0x00000283667a7510 code [0x00000283667a7780, 0x00000283667a8388]
Event: 67.505 Thread 0x0000028363486ba0 15472       3       java.io.BufferedWriter::<init> (42 bytes)
Event: 67.505 Thread 0x0000028363486ba0 nmethod 15472 0x0000028366a56a10 code [0x0000028366a56be0, 0x0000028366a56f18]
Event: 67.505 Thread 0x0000028363486ba0 15473   !   3       java.io.BufferedWriter::close (63 bytes)
Event: 67.506 Thread 0x0000028363486ba0 nmethod 15473 0x0000028366739090 code [0x0000028366739320, 0x000002836673a128]
Event: 67.526 Thread 0x0000028363486ba0 15474   !   3       org.eclipse.jdt.internal.compiler.classfmt.ClassFileReader::<init> (2135 bytes)
Event: 67.537 Thread 0x0000028363486ba0 nmethod 15474 0x0000028368685790 code [0x0000028368686280, 0x000002836868f360]
Event: 67.602 Thread 0x0000028363482c60 15475 % !   4       org.eclipse.jdt.internal.compiler.classfmt.ClassFileReader::<init> @ 802 (2135 bytes)
Event: 68.195 Thread 0x0000028363482c60 nmethod 15475% 0x000002836e9a3b10 code [0x000002836e9a42a0, 0x000002836e9ad1f8]
Event: 68.195 Thread 0x0000028363482c60 15476       4       org.eclipse.jdt.internal.compiler.classfmt.InnerClassInfo::<init> (55 bytes)
Event: 68.198 Thread 0x0000028363482c60 nmethod 15476 0x000002836e427e90 code [0x000002836e428020, 0x000002836e4281a0]
Event: 68.206 Thread 0x0000028363482c60 15477   !   4       org.eclipse.jdt.internal.compiler.classfmt.ClassFileReader::<init> (2135 bytes)

GC Heap History (20 events):
Event: 68.640 GC heap after
{Heap after GC invocations=1565 (full 4):
 PSYoungGen      total 7168K, used 800K [0x00000000d5580000, 0x00000000d5e00000, 0x0000000100000000)
  eden space 6144K, 0% used [0x00000000d5580000,0x00000000d5580000,0x00000000d5b80000)
  from space 1024K, 78% used [0x00000000d5c80000,0x00000000d5d48000,0x00000000d5d80000)
  to   space 512K, 0% used [0x00000000d5d80000,0x00000000d5d80000,0x00000000d5e00000)
 ParOldGen       total 445440K, used 445436K [0x0000000080000000, 0x000000009b300000, 0x00000000d5580000)
  object space 445440K, 99% used [0x0000000080000000,0x000000009b2ff360,0x000000009b300000)
 Metaspace       used 70838K, committed 72320K, reserved 1179648K
  class space    used 7124K, committed 7744K, reserved 1048576K
}
Event: 68.664 GC heap before
{Heap before GC invocations=1566 (full 4):
 PSYoungGen      total 7168K, used 6944K [0x00000000d5580000, 0x00000000d5e00000, 0x0000000100000000)
  eden space 6144K, 100% used [0x00000000d5580000,0x00000000d5b80000,0x00000000d5b80000)
  from space 1024K, 78% used [0x00000000d5c80000,0x00000000d5d48000,0x00000000d5d80000)
  to   space 512K, 0% used [0x00000000d5d80000,0x00000000d5d80000,0x00000000d5e00000)
 ParOldGen       total 445440K, used 445436K [0x0000000080000000, 0x000000009b300000, 0x00000000d5580000)
  object space 445440K, 99% used [0x0000000080000000,0x000000009b2ff360,0x000000009b300000)
 Metaspace       used 70838K, committed 72320K, reserved 1179648K
  class space    used 7124K, committed 7744K, reserved 1048576K
}
Event: 68.668 GC heap after
{Heap after GC invocations=1566 (full 4):
 PSYoungGen      total 6656K, used 504K [0x00000000d5580000, 0x00000000d5f80000, 0x0000000100000000)
  eden space 6144K, 0% used [0x00000000d5580000,0x00000000d5580000,0x00000000d5b80000)
  from space 512K, 98% used [0x00000000d5d80000,0x00000000d5dfe008,0x00000000d5e00000)
  to   space 2048K, 0% used [0x00000000d5b80000,0x00000000d5b80000,0x00000000d5d80000)
 ParOldGen       total 446464K, used 446458K [0x0000000080000000, 0x000000009b400000, 0x00000000d5580000)
  object space 446464K, 99% used [0x0000000080000000,0x000000009b3fe970,0x000000009b400000)
 Metaspace       used 70838K, committed 72320K, reserved 1179648K
  class space    used 7124K, committed 7744K, reserved 1048576K
}
Event: 68.689 GC heap before
{Heap before GC invocations=1567 (full 4):
 PSYoungGen      total 6656K, used 6648K [0x00000000d5580000, 0x00000000d5f80000, 0x0000000100000000)
  eden space 6144K, 100% used [0x00000000d5580000,0x00000000d5b80000,0x00000000d5b80000)
  from space 512K, 98% used [0x00000000d5d80000,0x00000000d5dfe008,0x00000000d5e00000)
  to   space 2048K, 0% used [0x00000000d5b80000,0x00000000d5b80000,0x00000000d5d80000)
 ParOldGen       total 446464K, used 446458K [0x0000000080000000, 0x000000009b400000, 0x00000000d5580000)
  object space 446464K, 99% used [0x0000000080000000,0x000000009b3fe970,0x000000009b400000)
 Metaspace       used 70838K, committed 72320K, reserved 1179648K
  class space    used 7124K, committed 7744K, reserved 1048576K
}
Event: 68.692 GC heap after
{Heap after GC invocations=1567 (full 4):
 PSYoungGen      total 7168K, used 768K [0x00000000d5580000, 0x00000000d5e80000, 0x0000000100000000)
  eden space 6144K, 0% used [0x00000000d5580000,0x00000000d5580000,0x00000000d5b80000)
  from space 1024K, 75% used [0x00000000d5b80000,0x00000000d5c40000,0x00000000d5c80000)
  to   space 1536K, 0% used [0x00000000d5d00000,0x00000000d5d00000,0x00000000d5e80000)
 ParOldGen       total 447488K, used 446986K [0x0000000080000000, 0x000000009b500000, 0x00000000d5580000)
  object space 447488K, 99% used [0x0000000080000000,0x000000009b482978,0x000000009b500000)
 Metaspace       used 70838K, committed 72320K, reserved 1179648K
  class space    used 7124K, committed 7744K, reserved 1048576K
}
Event: 68.714 GC heap before
{Heap before GC invocations=1568 (full 4):
 PSYoungGen      total 7168K, used 6912K [0x00000000d5580000, 0x00000000d5e80000, 0x0000000100000000)
  eden space 6144K, 100% used [0x00000000d5580000,0x00000000d5b80000,0x00000000d5b80000)
  from space 1024K, 75% used [0x00000000d5b80000,0x00000000d5c40000,0x00000000d5c80000)
  to   space 1536K, 0% used [0x00000000d5d00000,0x00000000d5d00000,0x00000000d5e80000)
 ParOldGen       total 447488K, used 446986K [0x0000000080000000, 0x000000009b500000, 0x00000000d5580000)
  object space 447488K, 99% used [0x0000000080000000,0x000000009b482978,0x000000009b500000)
 Metaspace       used 70838K, committed 72320K, reserved 1179648K
  class space    used 7124K, committed 7744K, reserved 1048576K
}
Event: 68.716 GC heap after
{Heap after GC invocations=1568 (full 4):
 PSYoungGen      total 7168K, used 736K [0x00000000d5580000, 0x00000000d5e00000, 0x0000000100000000)
  eden space 6144K, 0% used [0x00000000d5580000,0x00000000d5580000,0x00000000d5b80000)
  from space 1024K, 71% used [0x00000000d5d00000,0x00000000d5db8000,0x00000000d5e00000)
  to   space 1024K, 0% used [0x00000000d5b80000,0x00000000d5b80000,0x00000000d5c80000)
 ParOldGen       total 448000K, used 447642K [0x0000000080000000, 0x000000009b580000, 0x00000000d5580000)
  object space 448000K, 99% used [0x0000000080000000,0x000000009b526978,0x000000009b580000)
 Metaspace       used 70838K, committed 72320K, reserved 1179648K
  class space    used 7124K, committed 7744K, reserved 1048576K
}
Event: 68.738 GC heap before
{Heap before GC invocations=1569 (full 4):
 PSYoungGen      total 7168K, used 6869K [0x00000000d5580000, 0x00000000d5e00000, 0x0000000100000000)
  eden space 6144K, 99% used [0x00000000d5580000,0x00000000d5b7d4b0,0x00000000d5b80000)
  from space 1024K, 71% used [0x00000000d5d00000,0x00000000d5db8000,0x00000000d5e00000)
  to   space 1024K, 0% used [0x00000000d5b80000,0x00000000d5b80000,0x00000000d5c80000)
 ParOldGen       total 448000K, used 447642K [0x0000000080000000, 0x000000009b580000, 0x00000000d5580000)
  object space 448000K, 99% used [0x0000000080000000,0x000000009b526978,0x000000009b580000)
 Metaspace       used 70838K, committed 72320K, reserved 1179648K
  class space    used 7124K, committed 7744K, reserved 1048576K
}
Event: 68.740 GC heap after
{Heap after GC invocations=1569 (full 4):
 PSYoungGen      total 7168K, used 800K [0x00000000d5580000, 0x00000000d5d80000, 0x0000000100000000)
  eden space 6144K, 0% used [0x00000000d5580000,0x00000000d5580000,0x00000000d5b80000)
  from space 1024K, 78% used [0x00000000d5b80000,0x00000000d5c48000,0x00000000d5c80000)
  to   space 1024K, 0% used [0x00000000d5c80000,0x00000000d5c80000,0x00000000d5d80000)
 ParOldGen       total 448512K, used 448274K [0x0000000080000000, 0x000000009b600000, 0x00000000d5580000)
  object space 448512K, 99% used [0x0000000080000000,0x000000009b5c4978,0x000000009b600000)
 Metaspace       used 70838K, committed 72320K, reserved 1179648K
  class space    used 7124K, committed 7744K, reserved 1048576K
}
Event: 68.764 GC heap before
{Heap before GC invocations=1570 (full 4):
 PSYoungGen      total 7168K, used 6944K [0x00000000d5580000, 0x00000000d5d80000, 0x0000000100000000)
  eden space 6144K, 100% used [0x00000000d5580000,0x00000000d5b80000,0x00000000d5b80000)
  from space 1024K, 78% used [0x00000000d5b80000,0x00000000d5c48000,0x00000000d5c80000)
  to   space 1024K, 0% used [0x00000000d5c80000,0x00000000d5c80000,0x00000000d5d80000)
 ParOldGen       total 448512K, used 448274K [0x0000000080000000, 0x000000009b600000, 0x00000000d5580000)
  object space 448512K, 99% used [0x0000000080000000,0x000000009b5c4978,0x000000009b600000)
 Metaspace       used 70838K, committed 72320K, reserved 1179648K
  class space    used 7124K, committed 7744K, reserved 1048576K
}
Event: 68.767 GC heap after
{Heap after GC invocations=1570 (full 4):
 PSYoungGen      total 7168K, used 768K [0x00000000d5580000, 0x00000000d5d80000, 0x0000000100000000)
  eden space 6144K, 0% used [0x00000000d5580000,0x00000000d5580000,0x00000000d5b80000)
  from space 1024K, 75% used [0x00000000d5c80000,0x00000000d5d40000,0x00000000d5d80000)
  to   space 1024K, 0% used [0x00000000d5b80000,0x00000000d5b80000,0x00000000d5c80000)
 ParOldGen       total 449024K, used 448922K [0x0000000080000000, 0x000000009b680000, 0x00000000d5580000)
  object space 449024K, 99% used [0x0000000080000000,0x000000009b666978,0x000000009b680000)
 Metaspace       used 70838K, committed 72320K, reserved 1179648K
  class space    used 7124K, committed 7744K, reserved 1048576K
}
Event: 68.853 GC heap before
{Heap before GC invocations=1571 (full 4):
 PSYoungGen      total 7168K, used 6912K [0x00000000d5580000, 0x00000000d5d80000, 0x0000000100000000)
  eden space 6144K, 100% used [0x00000000d5580000,0x00000000d5b80000,0x00000000d5b80000)
  from space 1024K, 75% used [0x00000000d5c80000,0x00000000d5d40000,0x00000000d5d80000)
  to   space 1024K, 0% used [0x00000000d5b80000,0x00000000d5b80000,0x00000000d5c80000)
 ParOldGen       total 449024K, used 448922K [0x0000000080000000, 0x000000009b680000, 0x00000000d5580000)
  object space 449024K, 99% used [0x0000000080000000,0x000000009b666978,0x000000009b680000)
 Metaspace       used 70838K, committed 72320K, reserved 1179648K
  class space    used 7124K, committed 7744K, reserved 1048576K
}
Event: 68.855 GC heap after
{Heap after GC invocations=1571 (full 4):
 PSYoungGen      total 7168K, used 864K [0x00000000d5580000, 0x00000000d5d80000, 0x0000000100000000)
  eden space 6144K, 0% used [0x00000000d5580000,0x00000000d5580000,0x00000000d5b80000)
  from space 1024K, 84% used [0x00000000d5b80000,0x00000000d5c58000,0x00000000d5c80000)
  to   space 1024K, 0% used [0x00000000d5c80000,0x00000000d5c80000,0x00000000d5d80000)
 ParOldGen       total 450048K, used 449578K [0x0000000080000000, 0x000000009b780000, 0x00000000d5580000)
  object space 450048K, 99% used [0x0000000080000000,0x000000009b70a978,0x000000009b780000)
 Metaspace       used 70838K, committed 72320K, reserved 1179648K
  class space    used 7124K, committed 7744K, reserved 1048576K
}
Event: 68.878 GC heap before
{Heap before GC invocations=1572 (full 4):
 PSYoungGen      total 7168K, used 7008K [0x00000000d5580000, 0x00000000d5d80000, 0x0000000100000000)
  eden space 6144K, 100% used [0x00000000d5580000,0x00000000d5b80000,0x00000000d5b80000)
  from space 1024K, 84% used [0x00000000d5b80000,0x00000000d5c58000,0x00000000d5c80000)
  to   space 1024K, 0% used [0x00000000d5c80000,0x00000000d5c80000,0x00000000d5d80000)
 ParOldGen       total 450048K, used 449578K [0x0000000080000000, 0x000000009b780000, 0x00000000d5580000)
  object space 450048K, 99% used [0x0000000080000000,0x000000009b70a978,0x000000009b780000)
 Metaspace       used 70838K, committed 72320K, reserved 1179648K
  class space    used 7124K, committed 7744K, reserved 1048576K
}
Event: 68.880 GC heap after
{Heap after GC invocations=1572 (full 4):
 PSYoungGen      total 7168K, used 736K [0x00000000d5580000, 0x00000000d5d80000, 0x0000000100000000)
  eden space 6144K, 0% used [0x00000000d5580000,0x00000000d5580000,0x00000000d5b80000)
  from space 1024K, 71% used [0x00000000d5c80000,0x00000000d5d38000,0x00000000d5d80000)
  to   space 1024K, 0% used [0x00000000d5b80000,0x00000000d5b80000,0x00000000d5c80000)
 ParOldGen       total 450560K, used 450269K [0x0000000080000000, 0x000000009b800000, 0x00000000d5580000)
  object space 450560K, 99% used [0x0000000080000000,0x000000009b7b7588,0x000000009b800000)
 Metaspace       used 70838K, committed 72320K, reserved 1179648K
  class space    used 7124K, committed 7744K, reserved 1048576K
}
Event: 68.906 GC heap before
{Heap before GC invocations=1573 (full 4):
 PSYoungGen      total 7168K, used 6880K [0x00000000d5580000, 0x00000000d5d80000, 0x0000000100000000)
  eden space 6144K, 100% used [0x00000000d5580000,0x00000000d5b80000,0x00000000d5b80000)
  from space 1024K, 71% used [0x00000000d5c80000,0x00000000d5d38000,0x00000000d5d80000)
  to   space 1024K, 0% used [0x00000000d5b80000,0x00000000d5b80000,0x00000000d5c80000)
 ParOldGen       total 450560K, used 450269K [0x0000000080000000, 0x000000009b800000, 0x00000000d5580000)
  object space 450560K, 99% used [0x0000000080000000,0x000000009b7b7588,0x000000009b800000)
 Metaspace       used 70838K, committed 72320K, reserved 1179648K
  class space    used 7124K, committed 7744K, reserved 1048576K
}
Event: 68.908 GC heap after
{Heap after GC invocations=1573 (full 4):
 PSYoungGen      total 7168K, used 736K [0x00000000d5580000, 0x00000000d5d80000, 0x0000000100000000)
  eden space 6144K, 0% used [0x00000000d5580000,0x00000000d5580000,0x00000000d5b80000)
  from space 1024K, 71% used [0x00000000d5b80000,0x00000000d5c38000,0x00000000d5c80000)
  to   space 1024K, 0% used [0x00000000d5c80000,0x00000000d5c80000,0x00000000d5d80000)
 ParOldGen       total 451072K, used 450885K [0x0000000080000000, 0x000000009b880000, 0x00000000d5580000)
  object space 451072K, 99% used [0x0000000080000000,0x000000009b851588,0x000000009b880000)
 Metaspace       used 70838K, committed 72320K, reserved 1179648K
  class space    used 7124K, committed 7744K, reserved 1048576K
}
Event: 68.931 GC heap before
{Heap before GC invocations=1574 (full 4):
 PSYoungGen      total 7168K, used 6880K [0x00000000d5580000, 0x00000000d5d80000, 0x0000000100000000)
  eden space 6144K, 100% used [0x00000000d5580000,0x00000000d5b80000,0x00000000d5b80000)
  from space 1024K, 71% used [0x00000000d5b80000,0x00000000d5c38000,0x00000000d5c80000)
  to   space 1024K, 0% used [0x00000000d5c80000,0x00000000d5c80000,0x00000000d5d80000)
 ParOldGen       total 451072K, used 450885K [0x0000000080000000, 0x000000009b880000, 0x00000000d5580000)
  object space 451072K, 99% used [0x0000000080000000,0x000000009b851588,0x000000009b880000)
 Metaspace       used 70838K, committed 72320K, reserved 1179648K
  class space    used 7124K, committed 7744K, reserved 1048576K
}
Event: 68.933 GC heap after
{Heap after GC invocations=1574 (full 4):
 PSYoungGen      total 7168K, used 800K [0x00000000d5580000, 0x00000000d5d80000, 0x0000000100000000)
  eden space 6144K, 0% used [0x00000000d5580000,0x00000000d5580000,0x00000000d5b80000)
  from space 1024K, 78% used [0x00000000d5c80000,0x00000000d5d48000,0x00000000d5d80000)
  to   space 1024K, 0% used [0x00000000d5b80000,0x00000000d5b80000,0x00000000d5c80000)
 ParOldGen       total 451584K, used 451493K [0x0000000080000000, 0x000000009b900000, 0x00000000d5580000)
  object space 451584K, 99% used [0x0000000080000000,0x000000009b8e9588,0x000000009b900000)
 Metaspace       used 70838K, committed 72320K, reserved 1179648K
  class space    used 7124K, committed 7744K, reserved 1048576K
}
Event: 68.962 GC heap before
{Heap before GC invocations=1575 (full 4):
 PSYoungGen      total 7168K, used 6944K [0x00000000d5580000, 0x00000000d5d80000, 0x0000000100000000)
  eden space 6144K, 100% used [0x00000000d5580000,0x00000000d5b80000,0x00000000d5b80000)
  from space 1024K, 78% used [0x00000000d5c80000,0x00000000d5d48000,0x00000000d5d80000)
  to   space 1024K, 0% used [0x00000000d5b80000,0x00000000d5b80000,0x00000000d5c80000)
 ParOldGen       total 451584K, used 451493K [0x0000000080000000, 0x000000009b900000, 0x00000000d5580000)
  object space 451584K, 99% used [0x0000000080000000,0x000000009b8e9588,0x000000009b900000)
 Metaspace       used 70838K, committed 72320K, reserved 1179648K
  class space    used 7124K, committed 7744K, reserved 1048576K
}

Dll operation events (12 events):
Event: 0.038 Loaded shared library c:\Users\Admin\.vscode\extensions\redhat.java-1.43.1-win32-x64\jre\21.0.7-win32-x86_64\bin\java.dll
Event: 0.208 Loaded shared library c:\Users\Admin\.vscode\extensions\redhat.java-1.43.1-win32-x64\jre\21.0.7-win32-x86_64\bin\zip.dll
Event: 0.254 Loaded shared library C:\Users\Admin\.vscode\extensions\redhat.java-1.43.1-win32-x64\jre\21.0.7-win32-x86_64\bin\instrument.dll
Event: 0.267 Loaded shared library C:\Users\Admin\.vscode\extensions\redhat.java-1.43.1-win32-x64\jre\21.0.7-win32-x86_64\bin\net.dll
Event: 0.273 Loaded shared library C:\Users\Admin\.vscode\extensions\redhat.java-1.43.1-win32-x64\jre\21.0.7-win32-x86_64\bin\nio.dll
Event: 0.281 Loaded shared library C:\Users\Admin\.vscode\extensions\redhat.java-1.43.1-win32-x64\jre\21.0.7-win32-x86_64\bin\zip.dll
Event: 0.319 Loaded shared library C:\Users\Admin\.vscode\extensions\redhat.java-1.43.1-win32-x64\jre\21.0.7-win32-x86_64\bin\jimage.dll
Event: 0.507 Loaded shared library c:\Users\Admin\.vscode\extensions\redhat.java-1.43.1-win32-x64\jre\21.0.7-win32-x86_64\bin\verify.dll
Event: 3.131 Loaded shared library C:\Users\Admin\AppData\Roaming\Code\User\globalStorage\redhat.java\1.43.1\config_win\org.eclipse.equinox.launcher\org.eclipse.equinox.launcher.win32.win32.x86_64_1.2.1300.v20250331-1702\eclipse_11911.dll
Event: 6.614 Loaded shared library C:\Users\Admin\AppData\Local\Temp\jna-63116079\jna11947992654743178959.dll
Event: 10.970 Loaded shared library C:\Users\Admin\.vscode\extensions\redhat.java-1.43.1-win32-x64\jre\21.0.7-win32-x86_64\bin\sunmscapi.dll
Event: 11.760 Loaded shared library C:\Users\Admin\.vscode\extensions\redhat.java-1.43.1-win32-x64\jre\21.0.7-win32-x86_64\bin\extnet.dll

Deoptimization events (20 events):
Event: 68.780 Thread 0x000002837d53b120 DEOPT PACKING pc=0x000002836868d39a sp=0x000000d210afec40
Event: 68.780 Thread 0x000002837d53b120 DEOPT UNPACKING pc=0x000002836dbf4242 sp=0x000000d210afe1c8 mode 0
Event: 68.851 Thread 0x000002837d53b120 DEOPT PACKING pc=0x000002836868d39a sp=0x000000d210afec40
Event: 68.851 Thread 0x000002837d53b120 DEOPT UNPACKING pc=0x000002836dbf4242 sp=0x000000d210afe1c8 mode 0
Event: 68.864 Thread 0x000002837d53b120 DEOPT PACKING pc=0x000002836868d39a sp=0x000000d210afec40
Event: 68.864 Thread 0x000002837d53b120 DEOPT UNPACKING pc=0x000002836dbf4242 sp=0x000000d210afe1c8 mode 0
Event: 68.875 Thread 0x000002837d53b120 DEOPT PACKING pc=0x000002836868d39a sp=0x000000d210afec40
Event: 68.875 Thread 0x000002837d53b120 DEOPT UNPACKING pc=0x000002836dbf4242 sp=0x000000d210afe1c8 mode 0
Event: 68.892 Thread 0x000002837d53b120 DEOPT PACKING pc=0x000002836868d39a sp=0x000000d210afec40
Event: 68.892 Thread 0x000002837d53b120 DEOPT UNPACKING pc=0x000002836dbf4242 sp=0x000000d210afe1c8 mode 0
Event: 68.902 Thread 0x000002837d53b120 DEOPT PACKING pc=0x000002836868d39a sp=0x000000d210afec40
Event: 68.902 Thread 0x000002837d53b120 DEOPT UNPACKING pc=0x000002836dbf4242 sp=0x000000d210afe1c8 mode 0
Event: 68.915 Thread 0x000002837d53b120 DEOPT PACKING pc=0x000002836868d39a sp=0x000000d210afec40
Event: 68.915 Thread 0x000002837d53b120 DEOPT UNPACKING pc=0x000002836dbf4242 sp=0x000000d210afe1c8 mode 0
Event: 68.926 Thread 0x000002837d53b120 DEOPT PACKING pc=0x000002836868d39a sp=0x000000d210afec40
Event: 68.926 Thread 0x000002837d53b120 DEOPT UNPACKING pc=0x000002836dbf4242 sp=0x000000d210afe1c8 mode 0
Event: 68.946 Thread 0x000002837d53b120 DEOPT PACKING pc=0x000002836868d39a sp=0x000000d210afec40
Event: 68.946 Thread 0x000002837d53b120 DEOPT UNPACKING pc=0x000002836dbf4242 sp=0x000000d210afe1c8 mode 0
Event: 68.957 Thread 0x000002837d53b120 DEOPT PACKING pc=0x000002836868d39a sp=0x000000d210afec40
Event: 68.957 Thread 0x000002837d53b120 DEOPT UNPACKING pc=0x000002836dbf4242 sp=0x000000d210afe1c8 mode 0

Classes loaded (20 events):
Event: 34.621 Loading class java/util/TreeMap$ValueSpliterator
Event: 34.624 Loading class java/util/TreeMap$TreeMapSpliterator
Event: 34.625 Loading class java/util/TreeMap$TreeMapSpliterator done
Event: 34.625 Loading class java/util/TreeMap$ValueSpliterator done
Event: 34.725 Loading class java/util/concurrent/CompletionException
Event: 34.727 Loading class java/util/concurrent/CompletionException done
Event: 34.731 Loading class java/nio/file/FileTreeWalker$1
Event: 34.733 Loading class java/nio/file/FileTreeWalker$1 done
Event: 35.020 Loading class java/util/Collections$SynchronizedRandomAccessList
Event: 35.024 Loading class java/util/Collections$SynchronizedList
Event: 35.025 Loading class java/util/Collections$SynchronizedList done
Event: 35.025 Loading class java/util/Collections$SynchronizedRandomAccessList done
Event: 35.036 Loading class java/util/concurrent/CompletableFuture$Signaller
Event: 35.037 Loading class java/util/concurrent/CompletableFuture$Signaller done
Event: 43.359 Loading class sun/security/ssl/Alert
Event: 43.370 Loading class sun/security/ssl/Alert done
Event: 43.372 Loading class sun/security/ssl/Alert$AlertConsumer
Event: 43.374 Loading class sun/security/ssl/Alert$AlertConsumer done
Event: 43.374 Loading class sun/security/ssl/Alert$Level
Event: 43.375 Loading class sun/security/ssl/Alert$Level done

Classes unloaded (11 events):
Event: 7.707 Thread 0x0000028361821030 Unloading class 0x000002830119b800 'java/lang/invoke/LambdaForm$MH+0x000002830119b800'
Event: 7.707 Thread 0x0000028361821030 Unloading class 0x000002830119b400 'java/lang/invoke/LambdaForm$MH+0x000002830119b400'
Event: 7.707 Thread 0x0000028361821030 Unloading class 0x000002830119b000 'java/lang/invoke/LambdaForm$MH+0x000002830119b000'
Event: 7.707 Thread 0x0000028361821030 Unloading class 0x000002830119ac00 'java/lang/invoke/LambdaForm$MH+0x000002830119ac00'
Event: 7.707 Thread 0x0000028361821030 Unloading class 0x000002830119a800 'java/lang/invoke/LambdaForm$BMH+0x000002830119a800'
Event: 7.707 Thread 0x0000028361821030 Unloading class 0x000002830119a400 'java/lang/invoke/LambdaForm$DMH+0x000002830119a400'
Event: 7.707 Thread 0x0000028361821030 Unloading class 0x0000028301199000 'java/lang/invoke/LambdaForm$DMH+0x0000028301199000'
Event: 54.609 Thread 0x0000028361821030 Unloading class 0x0000028301735400 'java/lang/invoke/LambdaForm$DMH+0x0000028301735400'
Event: 54.609 Thread 0x0000028361821030 Unloading class 0x0000028301735000 'java/lang/invoke/LambdaForm$DMH+0x0000028301735000'
Event: 54.609 Thread 0x0000028361821030 Unloading class 0x0000028301734800 'java/lang/invoke/LambdaForm$DMH+0x0000028301734800'
Event: 54.609 Thread 0x0000028361821030 Unloading class 0x0000028301734c00 'java/lang/invoke/LambdaForm$DMH+0x0000028301734c00'

Classes redefined (0 events):
No events

Internal exceptions (20 events):
Event: 66.300 Thread 0x000002837d53b120 Exception <a 'sun/nio/fs/WindowsException'{0x00000000d5811f28}> (0x00000000d5811f28) 
thrown [s\src\hotspot\share\prims\jni.cpp, line 520]
Event: 66.446 Thread 0x000002837d53b120 Exception <a 'sun/nio/fs/WindowsException'{0x00000000d5d880a8}> (0x00000000d5d880a8) 
thrown [s\src\hotspot\share\prims\jni.cpp, line 520]
Event: 66.567 Thread 0x000002837d53b120 Exception <a 'sun/nio/fs/WindowsException'{0x00000000d5980718}> (0x00000000d5980718) 
thrown [s\src\hotspot\share\prims\jni.cpp, line 520]
Event: 66.648 Thread 0x000002837d53b120 Exception <a 'sun/nio/fs/WindowsException'{0x00000000d576b808}> (0x00000000d576b808) 
thrown [s\src\hotspot\share\prims\jni.cpp, line 520]
Event: 66.683 Thread 0x000002837d53b120 Exception <a 'sun/nio/fs/WindowsException'{0x00000000d5b50788}> (0x00000000d5b50788) 
thrown [s\src\hotspot\share\prims\jni.cpp, line 520]
Event: 66.700 Thread 0x000002837d53b120 Exception <a 'sun/nio/fs/WindowsException'{0x00000000d5bf3408}> (0x00000000d5bf3408) 
thrown [s\src\hotspot\share\prims\jni.cpp, line 520]
Event: 66.852 Thread 0x000002837d53b120 Exception <a 'sun/nio/fs/WindowsException'{0x00000000d5dd3e18}> (0x00000000d5dd3e18) 
thrown [s\src\hotspot\share\prims\jni.cpp, line 520]
Event: 66.972 Thread 0x000002837d53b120 Exception <a 'sun/nio/fs/WindowsException'{0x00000000d58f16e0}> (0x00000000d58f16e0) 
thrown [s\src\hotspot\share\prims\jni.cpp, line 520]
Event: 66.986 Thread 0x000002837d53b120 Exception <a 'sun/nio/fs/WindowsException'{0x00000000d5906520}> (0x00000000d5906520) 
thrown [s\src\hotspot\share\prims\jni.cpp, line 520]
Event: 67.218 Thread 0x000002837d53b120 Exception <a 'sun/nio/fs/WindowsException'{0x00000000d57f1080}> (0x00000000d57f1080) 
thrown [s\src\hotspot\share\prims\jni.cpp, line 520]
Event: 67.272 Thread 0x000002837d53b120 Exception <a 'sun/nio/fs/WindowsException'{0x00000000d5e7ad18}> (0x00000000d5e7ad18) 
thrown [s\src\hotspot\share\prims\jni.cpp, line 520]
Event: 67.338 Thread 0x000002837d53b120 Exception <a 'sun/nio/fs/WindowsException'{0x00000000d60eef28}> (0x00000000d60eef28) 
thrown [s\src\hotspot\share\prims\jni.cpp, line 520]
Event: 67.386 Thread 0x000002837d53b120 Exception <a 'sun/nio/fs/WindowsException'{0x00000000d5abbe48}> (0x00000000d5abbe48) 
thrown [s\src\hotspot\share\prims\jni.cpp, line 520]
Event: 67.415 Thread 0x000002837d53b120 Exception <a 'sun/nio/fs/WindowsException'{0x00000000d5ea74c0}> (0x00000000d5ea74c0) 
thrown [s\src\hotspot\share\prims\jni.cpp, line 520]
Event: 67.480 Thread 0x000002837d53b120 Exception <a 'sun/nio/fs/WindowsException'{0x00000000d5ea96d8}> (0x00000000d5ea96d8) 
thrown [s\src\hotspot\share\prims\jni.cpp, line 520]
Event: 67.501 Thread 0x000002837d53b120 Exception <a 'sun/nio/fs/WindowsException'{0x00000000d5ff8080}> (0x00000000d5ff8080) 
thrown [s\src\hotspot\share\prims\jni.cpp, line 520]
Event: 67.538 Thread 0x000002837d53b120 Exception <a 'sun/nio/fs/WindowsException'{0x00000000d5995628}> (0x00000000d5995628) 
thrown [s\src\hotspot\share\prims\jni.cpp, line 520]
Event: 67.739 Thread 0x000002837d53b120 Exception <a 'sun/nio/fs/WindowsException'{0x00000000d5648be0}> (0x00000000d5648be0) 
thrown [s\src\hotspot\share\prims\jni.cpp, line 520]
Event: 68.495 Thread 0x000002837d53b120 Exception <a 'sun/nio/fs/WindowsException'{0x00000000d585cd20}> (0x00000000d585cd20) 
thrown [s\src\hotspot\share\prims\jni.cpp, line 520]
Event: 68.511 Thread 0x000002837d53b120 Exception <a 'sun/nio/fs/WindowsException'{0x00000000d5927588}> (0x00000000d5927588) 
thrown [s\src\hotspot\share\prims\jni.cpp, line 520]

ZGC Phase Switch (0 events):
No events

VM Operations (20 events):
Event: 68.640 Executing VM operation: ParallelGCFailedAllocation (Allocation Failure) done
Event: 68.664 Executing VM operation: ParallelGCFailedAllocation (Allocation Failure)
Event: 68.668 Executing VM operation: ParallelGCFailedAllocation (Allocation Failure) done
Event: 68.689 Executing VM operation: ParallelGCFailedAllocation (Allocation Failure)
Event: 68.692 Executing VM operation: ParallelGCFailedAllocation (Allocation Failure) done
Event: 68.714 Executing VM operation: ParallelGCFailedAllocation (Allocation Failure)
Event: 68.717 Executing VM operation: ParallelGCFailedAllocation (Allocation Failure) done
Event: 68.738 Executing VM operation: ParallelGCFailedAllocation (Allocation Failure)
Event: 68.740 Executing VM operation: ParallelGCFailedAllocation (Allocation Failure) done
Event: 68.764 Executing VM operation: ParallelGCFailedAllocation (Allocation Failure)
Event: 68.767 Executing VM operation: ParallelGCFailedAllocation (Allocation Failure) done
Event: 68.853 Executing VM operation: ParallelGCFailedAllocation (Allocation Failure)
Event: 68.855 Executing VM operation: ParallelGCFailedAllocation (Allocation Failure) done
Event: 68.878 Executing VM operation: ParallelGCFailedAllocation (Allocation Failure)
Event: 68.880 Executing VM operation: ParallelGCFailedAllocation (Allocation Failure) done
Event: 68.906 Executing VM operation: ParallelGCFailedAllocation (Allocation Failure)
Event: 68.908 Executing VM operation: ParallelGCFailedAllocation (Allocation Failure) done
Event: 68.930 Executing VM operation: ParallelGCFailedAllocation (Allocation Failure)
Event: 68.933 Executing VM operation: ParallelGCFailedAllocation (Allocation Failure) done
Event: 68.962 Executing VM operation: ParallelGCFailedAllocation (Allocation Failure)

Memory protections (0 events):
No events

Nmethod flushes (20 events):
Event: 56.411 Thread 0x0000028361821030 flushing  nmethod 0x0000028367527e90
Event: 56.411 Thread 0x0000028361821030 flushing  nmethod 0x0000028367528690
Event: 56.411 Thread 0x0000028361821030 flushing osr nmethod 0x0000028367529890
Event: 56.411 Thread 0x0000028361821030 flushing  nmethod 0x000002836753f790
Event: 56.411 Thread 0x0000028361821030 flushing  nmethod 0x000002836756fd90
Event: 56.411 Thread 0x0000028361821030 flushing  nmethod 0x0000028367583710
Event: 56.411 Thread 0x0000028361821030 flushing osr nmethod 0x0000028367583e90
Event: 56.411 Thread 0x0000028361821030 flushing  nmethod 0x0000028367587590
Event: 56.411 Thread 0x0000028361821030 flushing  nmethod 0x0000028367588290
Event: 56.411 Thread 0x0000028361821030 flushing  nmethod 0x0000028367588a10
Event: 56.411 Thread 0x0000028361821030 flushing  nmethod 0x0000028367589c10
Event: 56.411 Thread 0x0000028361821030 flushing  nmethod 0x000002836758a690
Event: 56.411 Thread 0x0000028361821030 flushing  nmethod 0x000002836758b090
Event: 56.411 Thread 0x0000028361821030 flushing  nmethod 0x000002836758bb10
Event: 56.411 Thread 0x0000028361821030 flushing  nmethod 0x000002836758c010
Event: 56.411 Thread 0x0000028361821030 flushing  nmethod 0x000002836758d910
Event: 56.411 Thread 0x0000028361821030 flushing  nmethod 0x000002836758e490
Event: 56.411 Thread 0x0000028361821030 flushing  nmethod 0x000002836758ec10
Event: 56.411 Thread 0x0000028361821030 flushing  nmethod 0x0000028367591290
Event: 56.411 Thread 0x0000028361821030 flushing  nmethod 0x00000283675abb90

Events (20 events):
Event: 32.552 Thread 0x0000028345d917b0 Thread exited: 0x0000028345d917b0
Event: 32.552 Thread 0x0000028345d92b60 Thread exited: 0x0000028345d92b60
Event: 32.552 Thread 0x0000028345d94c30 Thread exited: 0x0000028345d94c30
Event: 32.555 Thread 0x0000028345d93f10 Thread exited: 0x0000028345d93f10
Event: 33.339 Thread 0x000002834597c200 Thread added: 0x0000028345d917b0
Event: 33.650 Thread 0x00000283459803a0 Thread added: 0x0000028345d952c0
Event: 33.650 Thread 0x00000283459803a0 Thread added: 0x0000028345d94c30
Event: 33.650 Thread 0x00000283459803a0 Thread added: 0x0000028345d93880
Event: 33.651 Thread 0x00000283459803a0 Thread added: 0x0000028345d945a0
Event: 33.651 Thread 0x00000283459803a0 Thread added: 0x0000028345d93f10
Event: 33.712 Thread 0x0000028345d945a0 Thread exited: 0x0000028345d945a0
Event: 33.712 Thread 0x0000028345d952c0 Thread exited: 0x0000028345d952c0
Event: 33.712 Thread 0x0000028345d93f10 Thread exited: 0x0000028345d93f10
Event: 33.712 Thread 0x0000028345d94c30 Thread exited: 0x0000028345d94c30
Event: 33.712 Thread 0x0000028345d93880 Thread exited: 0x0000028345d93880
Event: 48.421 Thread 0x0000028345d917b0 Thread exited: 0x0000028345d917b0
Event: 58.793 Thread 0x0000028363486ba0 Thread added: 0x000002837e0e56b0
Event: 58.958 Thread 0x000002837e0e56b0 Thread exited: 0x000002837e0e56b0
Event: 59.839 Thread 0x0000028363486ba0 Thread added: 0x000002837f20e2c0
Event: 60.358 Thread 0x000002837f20e2c0 Thread exited: 0x000002837f20e2c0


Dynamic libraries:
0x00007ff687190000 - 0x00007ff68719e000 	c:\Users\Admin\.vscode\extensions\redhat.java-1.43.1-win32-x64\jre\21.0.7-win32-x86_64\bin\java.exe
0x00007ffe128e0000 - 0x00007ffe12b43000 	C:\WINDOWS\SYSTEM32\ntdll.dll
0x00007ffe120f0000 - 0x00007ffe121b7000 	C:\WINDOWS\System32\KERNEL32.DLL
0x00007ffe0ff30000 - 0x00007ffe102f9000 	C:\WINDOWS\System32\KERNELBASE.dll
0x00007ffe10390000 - 0x00007ffe104dc000 	C:\WINDOWS\System32\ucrtbase.dll
0x00007ffe044e0000 - 0x00007ffe044f8000 	c:\Users\Admin\.vscode\extensions\redhat.java-1.43.1-win32-x64\jre\21.0.7-win32-x86_64\bin\jli.dll
0x00007ffe045d0000 - 0x00007ffe045ee000 	c:\Users\Admin\.vscode\extensions\redhat.java-1.43.1-win32-x64\jre\21.0.7-win32-x86_64\bin\VCRUNTIME140.dll
0x00007ffe11ea0000 - 0x00007ffe1206a000 	C:\WINDOWS\System32\USER32.dll
0x00007ffe0fd20000 - 0x00007ffe0fd47000 	C:\WINDOWS\System32\win32u.dll
0x00007ffe10c60000 - 0x00007ffe10c8a000 	C:\WINDOWS\System32\GDI32.dll
0x00007ffe0fd50000 - 0x00007ffe0fe81000 	C:\WINDOWS\System32\gdi32full.dll
0x00007ffe10650000 - 0x00007ffe106f3000 	C:\WINDOWS\System32\msvcp_win.dll
0x00007ffdf9ff0000 - 0x00007ffdfa280000 	C:\WINDOWS\WinSxS\amd64_microsoft.windows.common-controls_6595b64144ccf1df_6.0.26100.3323_none_3e088096e3344490\COMCTL32.dll
0x00007ffe10ee0000 - 0x00007ffe10f89000 	C:\WINDOWS\System32\msvcrt.dll
0x00007ffe116b0000 - 0x00007ffe116df000 	C:\WINDOWS\System32\IMM32.DLL
0x00007ffe07be0000 - 0x00007ffe07bec000 	c:\Users\Admin\.vscode\extensions\redhat.java-1.43.1-win32-x64\jre\21.0.7-win32-x86_64\bin\vcruntime140_1.dll
0x00007ffdcb4f0000 - 0x00007ffdcb57d000 	c:\Users\Admin\.vscode\extensions\redhat.java-1.43.1-win32-x64\jre\21.0.7-win32-x86_64\bin\msvcp140.dll
0x00007ffd99f40000 - 0x00007ffd9acd0000 	c:\Users\Admin\.vscode\extensions\redhat.java-1.43.1-win32-x64\jre\21.0.7-win32-x86_64\bin\server\jvm.dll
0x00007ffe122f0000 - 0x00007ffe123a2000 	C:\WINDOWS\System32\ADVAPI32.dll
0x00007ffe10870000 - 0x00007ffe10916000 	C:\WINDOWS\System32\sechost.dll
0x00007ffe121d0000 - 0x00007ffe122e6000 	C:\WINDOWS\System32\RPCRT4.dll
0x00007ffe10be0000 - 0x00007ffe10c54000 	C:\WINDOWS\System32\WS2_32.dll
0x00007ffe0f970000 - 0x00007ffe0f9be000 	C:\WINDOWS\SYSTEM32\POWRPROF.dll
0x00007ffe07090000 - 0x00007ffe070c6000 	C:\WINDOWS\SYSTEM32\WINMM.dll
0x00007ffe070d0000 - 0x00007ffe070db000 	C:\WINDOWS\SYSTEM32\VERSION.dll
0x00007ffe0f950000 - 0x00007ffe0f964000 	C:\WINDOWS\SYSTEM32\UMPDC.dll
0x00007ffe0e8c0000 - 0x00007ffe0e8da000 	C:\WINDOWS\SYSTEM32\kernel.appcore.dll
0x00007ffe045c0000 - 0x00007ffe045ca000 	c:\Users\Admin\.vscode\extensions\redhat.java-1.43.1-win32-x64\jre\21.0.7-win32-x86_64\bin\jimage.dll
0x00007ffe02d40000 - 0x00007ffe02f81000 	C:\WINDOWS\SYSTEM32\DBGHELP.DLL
0x00007ffe118e0000 - 0x00007ffe11c62000 	C:\WINDOWS\System32\combase.dll
0x00007ffe10790000 - 0x00007ffe10866000 	C:\WINDOWS\System32\OLEAUT32.dll
0x00007ffdffb30000 - 0x00007ffdffb69000 	C:\WINDOWS\SYSTEM32\dbgcore.DLL
0x00007ffe0fe90000 - 0x00007ffe0ff29000 	C:\WINDOWS\System32\bcryptPrimitives.dll
0x00007ffe0ad60000 - 0x00007ffe0ad6f000 	c:\Users\Admin\.vscode\extensions\redhat.java-1.43.1-win32-x64\jre\21.0.7-win32-x86_64\bin\instrument.dll
0x00007ffe03cb0000 - 0x00007ffe03ccf000 	c:\Users\Admin\.vscode\extensions\redhat.java-1.43.1-win32-x64\jre\21.0.7-win32-x86_64\bin\java.dll
0x00007ffe10f90000 - 0x00007ffe116a5000 	C:\WINDOWS\System32\SHELL32.dll
0x00007ffe104e0000 - 0x00007ffe10648000 	C:\WINDOWS\System32\wintypes.dll
0x00007ffe0d7a0000 - 0x00007ffe0dfe5000 	C:\WINDOWS\SYSTEM32\windows.storage.dll
0x00007ffe117f0000 - 0x00007ffe118db000 	C:\WINDOWS\System32\SHCORE.dll
0x00007ffe109d0000 - 0x00007ffe10a2d000 	C:\WINDOWS\System32\shlwapi.dll
0x00007ffe0f9f0000 - 0x00007ffe0fa1f000 	C:\WINDOWS\SYSTEM32\profapi.dll
0x00007ffdfd570000 - 0x00007ffdfd588000 	c:\Users\Admin\.vscode\extensions\redhat.java-1.43.1-win32-x64\jre\21.0.7-win32-x86_64\bin\zip.dll
0x00007ffe03c70000 - 0x00007ffe03c80000 	C:\Users\Admin\.vscode\extensions\redhat.java-1.43.1-win32-x64\jre\21.0.7-win32-x86_64\bin\net.dll
0x00007ffe081c0000 - 0x00007ffe082de000 	C:\WINDOWS\SYSTEM32\WINHTTP.dll
0x00007ffe0edc0000 - 0x00007ffe0ee2a000 	C:\WINDOWS\system32\mswsock.dll
0x00007ffdfcbe0000 - 0x00007ffdfcbf6000 	C:\Users\Admin\.vscode\extensions\redhat.java-1.43.1-win32-x64\jre\21.0.7-win32-x86_64\bin\nio.dll
0x00007ffe0ad50000 - 0x00007ffe0ad60000 	c:\Users\Admin\.vscode\extensions\redhat.java-1.43.1-win32-x64\jre\21.0.7-win32-x86_64\bin\verify.dll
0x00007ffe073b0000 - 0x00007ffe073f5000 	C:\Users\Admin\AppData\Roaming\Code\User\globalStorage\redhat.java\1.43.1\config_win\org.eclipse.equinox.launcher\org.eclipse.equinox.launcher.win32.win32.x86_64_1.2.1300.v20250331-1702\eclipse_11911.dll
0x00007ffe10d30000 - 0x00007ffe10ec5000 	C:\WINDOWS\System32\ole32.dll
0x00007ffe0f170000 - 0x00007ffe0f18c000 	C:\WINDOWS\SYSTEM32\CRYPTSP.dll
0x00007ffe0e820000 - 0x00007ffe0e85a000 	C:\WINDOWS\system32\rsaenh.dll
0x00007ffe0ee60000 - 0x00007ffe0ee8b000 	C:\WINDOWS\SYSTEM32\USERENV.dll
0x00007ffe0f300000 - 0x00007ffe0f326000 	C:\WINDOWS\SYSTEM32\bcrypt.dll
0x00007ffe0eff0000 - 0x00007ffe0effc000 	C:\WINDOWS\SYSTEM32\CRYPTBASE.dll
0x00007ffe0e2e0000 - 0x00007ffe0e313000 	C:\WINDOWS\SYSTEM32\IPHLPAPI.DLL
0x00007ffe10ed0000 - 0x00007ffe10eda000 	C:\WINDOWS\System32\NSI.dll
0x00007ffdf5160000 - 0x00007ffdf51a9000 	C:\Users\Admin\AppData\Local\Temp\jna-63116079\jna11947992654743178959.dll
0x00007ffe10b90000 - 0x00007ffe10b98000 	C:\WINDOWS\System32\PSAPI.DLL
0x00007ffe08630000 - 0x00007ffe0864f000 	C:\WINDOWS\SYSTEM32\dhcpcsvc6.DLL
0x00007ffe08940000 - 0x00007ffe08965000 	C:\WINDOWS\SYSTEM32\dhcpcsvc.DLL
0x00007ffe07c30000 - 0x00007ffe07c3e000 	C:\Users\Admin\.vscode\extensions\redhat.java-1.43.1-win32-x64\jre\21.0.7-win32-x86_64\bin\sunmscapi.dll
0x00007ffe0fba0000 - 0x00007ffe0fd17000 	C:\WINDOWS\System32\CRYPT32.dll
0x00007ffe0f2c0000 - 0x00007ffe0f2f0000 	C:\WINDOWS\SYSTEM32\ncrypt.dll
0x00007ffe0f270000 - 0x00007ffe0f2af000 	C:\WINDOWS\SYSTEM32\NTASN1.dll
0x00007ffe0e370000 - 0x00007ffe0e495000 	C:\WINDOWS\SYSTEM32\DNSAPI.dll
0x00007ffe08930000 - 0x00007ffe0893b000 	C:\Windows\System32\rasadhlp.dll
0x00007ffe04ac0000 - 0x00007ffe04b45000 	C:\WINDOWS\System32\fwpuclnt.dll
0x00007ffe074a0000 - 0x00007ffe074a9000 	C:\Users\Admin\.vscode\extensions\redhat.java-1.43.1-win32-x64\jre\21.0.7-win32-x86_64\bin\extnet.dll
0x00007ffe0e9e0000 - 0x00007ffe0ea15000 	C:\WINDOWS\SYSTEM32\ntmarta.dll

dbghelp: loaded successfully - version: 4.0.5 - missing functions: none
symbol engine: initialized successfully - sym options: 0x614 - pdb path: .;c:\Users\Admin\.vscode\extensions\redhat.java-1.43.1-win32-x64\jre\21.0.7-win32-x86_64\bin;C:\WINDOWS\SYSTEM32;C:\WINDOWS\WinSxS\amd64_microsoft.windows.common-controls_6595b64144ccf1df_6.0.26100.3323_none_3e088096e3344490;c:\Users\Admin\.vscode\extensions\redhat.java-1.43.1-win32-x64\jre\21.0.7-win32-x86_64\bin\server;C:\Users\Admin\AppData\Roaming\Code\User\globalStorage\redhat.java\1.43.1\config_win\org.eclipse.equinox.launcher\org.eclipse.equinox.launcher.win32.win32.x86_64_1.2.1300.v20250331-1702;C:\Users\Admin\AppData\Local\Temp\jna-63116079

VM Arguments:
jvm_args: --add-modules=ALL-SYSTEM --add-opens=java.base/java.util=ALL-UNNAMED --add-opens=java.base/java.lang=ALL-UNNAMED --add-opens=java.base/sun.nio.fs=ALL-UNNAMED -Declipse.application=org.eclipse.jdt.ls.core.id1 -Dosgi.bundles.defaultStartLevel=4 -Declipse.product=org.eclipse.jdt.ls.core.product -Djava.import.generatesMetadataFilesAtProjectRoot=false -DDetectVMInstallationsJob.disabled=true -Dfile.encoding=utf8 -XX:+UseParallelGC -XX:GCTimeRatio=4 -XX:AdaptiveSizePolicyWeight=90 -Dsun.zip.disableMemoryMapping=true -Xmx2G -Xms100m -Xlog:disable -javaagent:c:\Users\Admin\.vscode\extensions\redhat.java-1.43.1-win32-x64\lombok\lombok-1.18.39-4050.jar -XX:+HeapDumpOnOutOfMemoryError -XX:HeapDumpPath=c:\Users\Admin\AppData\Roaming\Code\User\workspaceStorage\91bfc2bb926e85cacc8896de9206306c\redhat.java -Daether.dependencyCollector.impl=bf 
java_command: c:\Users\Admin\.vscode\extensions\redhat.java-1.43.1-win32-x64\server\plugins\org.eclipse.equinox.launcher_1.7.0.v20250519-0528.jar -configuration c:\Users\Admin\AppData\Roaming\Code\User\globalStorage\redhat.java\1.43.1\config_win -data c:\Users\Admin\AppData\Roaming\Code\User\workspaceStorage\91bfc2bb926e85cacc8896de9206306c\redhat.java\jdt_ws --pipe=\\.\pipe\lsp-f206f602734da4b4b3f6f4c7c62de54f-sock
java_class_path (initial): c:\Users\Admin\.vscode\extensions\redhat.java-1.43.1-win32-x64\server\plugins\org.eclipse.equinox.launcher_1.7.0.v20250519-0528.jar
Launcher Type: SUN_STANDARD

[Global flags]
    uintx AdaptiveSizePolicyWeight                 = 90                                        {product} {command line}
     intx CICompilerCount                          = 4                                         {product} {ergonomic}
    uintx GCTimeRatio                              = 4                                         {product} {command line}
     bool HeapDumpOnOutOfMemoryError               = true                                   {manageable} {command line}
    ccstr HeapDumpPath                             = c:\Users\Admin\AppData\Roaming\Code\User\workspaceStorage\91bfc2bb926e85cacc8896de9206306c\redhat.java         {manageable} {command line}
   size_t InitialHeapSize                          = 104857600                                 {product} {command line}
   size_t MaxHeapSize                              = 2147483648                                {product} {command line}
   size_t MaxNewSize                               = 715653120                                 {product} {ergonomic}
   size_t MinHeapDeltaBytes                        = 524288                                    {product} {ergonomic}
   size_t MinHeapSize                              = 104857600                                 {product} {command line}
   size_t NewSize                                  = 34603008                                  {product} {ergonomic}
    uintx NonNMethodCodeHeapSize                   = 5839372                                {pd product} {ergonomic}
    uintx NonProfiledCodeHeapSize                  = 122909434                              {pd product} {ergonomic}
   size_t OldSize                                  = 70254592                                  {product} {ergonomic}
    uintx ProfiledCodeHeapSize                     = 122909434                              {pd product} {ergonomic}
    uintx ReservedCodeCacheSize                    = 251658240                              {pd product} {ergonomic}
     bool SegmentedCodeCache                       = true                                      {product} {ergonomic}
   size_t SoftMaxHeapSize                          = 2147483648                             {manageable} {ergonomic}
     bool UseCompressedOops                        = true                           {product lp64_product} {ergonomic}
     bool UseLargePagesIndividualAllocation        = false                                  {pd product} {ergonomic}
     bool UseParallelGC                            = true                                      {product} {command line}

Logging:
Log output configuration:
 #0: stdout all=off uptime,level,tags foldmultilines=false
 #1: stderr all=off uptime,level,tags foldmultilines=false

Environment Variables:
JAVA_HOME=C:\Program Files\Java\jdk-17
PATH=C:\Program Files\Java\jdk-17\bin;C:\Program Files\Java\jdk-21\bin;C:\Users\Admin\Downloads\kafka-3.9.0-src\kafka-3.9.0-src\bin;C:\Users\Admin\Downloads\gradle-8.11-bin\gradle-8.11\bin;D:\JDk\jdk1.8.0_281\bin;C:\Program Files\Common Files\Oracle\Java\javapath;C:\Program Files (x86)\Common Files\Oracle\Java\javapath;C:\WINDOWS\system32;C:\WINDOWS;C:\WINDOWS\System32\Wbem;C:\WINDOWS\System32\WindowsPowerShell\v1.0\;C:\WINDOWS\System32\OpenSSH\;C:\Program Files\nodejs\;C:\Program Files\Java\jdk-17\\bin;C:\Program Files\Git\cmd;C:\Program Files\PuTTY\;C:\Users\Admin\Desktop\mvn\apache-maven-3.9.4-bin\apache-maven-3.9.4\bin;C:\Program Files\Docker\Docker\resources\bin;C:\Users\Admin\Downloads\New folder (19)\strawberry-perl-5.40.0.1-64bit-portable\perl\bin;C:\Program Files\Maven\apache-maven-3.9.9-bin\apache-maven-3.9.9\bin;C:\Program Files\Java\jdk-17\bin;C:\Program Files\Java\jdk-21\bin;C:\Users\Admin\Downloads\kafka-3.9.0-src\kafka-3.9.0-src\bin;C:\Users\Admin\Downloads\gradle-8.11-bin\gradle-8.11\bin;D:\JDk\jdk1.8.0_281\bin;C:\Users\Admin\AppData\Local\Microsoft\WindowsApps;C:\Users\Admin\AppData\Local\Programs\Microsoft VS Code\bin;C:\Users\Admin\AppData\Roaming\npm;C:\Program Files\JetBrains\IntelliJ IDEA 2024.1.2\bin;;C:\Program Files\PHP;C:\Users\Admin\AppData\Local\Programs\MiKTeX\miktex\bin\x64\;C:\Users\Admin\Downloads\New folder (19)\strawberry-perl-5.40.0.1-64bit-portable\perl\bin;C:\Program Files\Maven\apache-maven-3.9.9-bin\apache-maven-3.9.9\bin;
USERNAME=Admin
OS=Windows_NT
PROCESSOR_IDENTIFIER=AMD64 Family 23 Model 104 Stepping 1, AuthenticAMD
TMP=C:\Users\Admin\AppData\Local\Temp
TEMP=C:\Users\Admin\AppData\Local\Temp




Periodic native trim disabled

---------------  S Y S T E M  ---------------

OS:
 Windows 11 , 64 bit Build 26100 (10.0.26100.3323)
OS uptime: 0 days 18:13 hours
Hyper-V role detected

CPU: total 12 (initial active 12) (12 cores per cpu, 2 threads per core) family 23 model 104 stepping 1 microcode 0x8608103, cx8, cmov, fxsr, ht, mmx, 3dnowpref, sse, sse2, sse3, ssse3, sse4a, sse4.1, sse4.2, popcnt, lzcnt, tsc, tscinvbit, avx, avx2, aes, clmul, bmi1, bmi2, adx, sha, fma, vzeroupper, clflush, clflushopt, hv, rdtscp, rdpid, f16c
Processor Information for the first 12 processors :
  Max Mhz: 2100, Current Mhz: 1988, Mhz Limit: 2100

Memory: 4k page, system-wide physical 6005M (325M free)
TotalPageFile size 24437M (AvailPageFile size 8M)
current process WorkingSet (physical memory assigned to process): 656M, peak: 656M
current process commit charge ("private bytes"): 781M, peak: 1661M

vm_info: OpenJDK 64-Bit Server VM (21.0.7+6-LTS) for windows-amd64 JRE (21.0.7+6-LTS), built on 2025-04-15T00:00:00Z by "admin" with MS VC++ 17.7 (VS2022)

END.
