#
# There is insufficient memory for the Java Runtime Environment to continue.
# Native memory allocation (malloc) failed to allocate 1111456 bytes. Error detail: Chunk::new
# Possible reasons:
#   The system is out of physical RAM or swap space
#   This process is running with CompressedOops enabled, and the Java Heap may be blocking the growth of the native heap
# Possible solutions:
#   Reduce memory load on the system
#   Increase physical memory or swap space
#   Check if swap backing store is full
#   Decrease Java heap size (-Xmx/-Xms)
#   Decrease number of Java threads
#   Decrease Java thread stack sizes (-Xss)
#   Set larger code cache with -XX:ReservedCodeCacheSize=
#   JVM is running with Unscaled Compressed Oops mode in which the Java heap is
#     placed in the first 4GB address space. The Java Heap base address is the
#     maximum limit for the native heap growth. Please use -XX:HeapBaseMinAddress
#     to set the Java Heap base and to place the Java Heap above 4GB virtual address.
# This output file may be truncated or incomplete.
#
#  Out of Memory Error (arena.cpp:168), pid=4944, tid=13704
#
# JRE version: OpenJDK Runtime Environment Temurin-21.0.7+6 (21.0.7+6) (build 21.0.7+6-LTS)
# Java VM: OpenJDK 64-Bit Server VM Temurin-21.0.7+6 (21.0.7+6-LTS, mixed mode, sharing, tiered, compressed oops, compressed class ptrs, parallel gc, windows-amd64)
# No core dump will be written. Minidumps are not enabled by default on client versions of Windows
#

---------------  S U M M A R Y ------------

Command Line: --add-modules=ALL-SYSTEM --add-opens=java.base/java.util=ALL-UNNAMED --add-opens=java.base/java.lang=ALL-UNNAMED --add-opens=java.base/sun.nio.fs=ALL-UNNAMED -Declipse.application=org.eclipse.jdt.ls.core.id1 -Dosgi.bundles.defaultStartLevel=4 -Declipse.product=org.eclipse.jdt.ls.core.product -Djava.import.generatesMetadataFilesAtProjectRoot=false -DDetectVMInstallationsJob.disabled=true -Dfile.encoding=utf8 -XX:+UseParallelGC -XX:GCTimeRatio=4 -XX:AdaptiveSizePolicyWeight=90 -Dsun.zip.disableMemoryMapping=true -Xmx2G -Xms100m -Xlog:disable -javaagent:c:\Users\Admin\.vscode\extensions\redhat.java-1.43.1-win32-x64\lombok\lombok-1.18.39-4050.jar -XX:+HeapDumpOnOutOfMemoryError -XX:HeapDumpPath=c:\Users\Admin\AppData\Roaming\Code\User\workspaceStorage\91bfc2bb926e85cacc8896de9206306c\redhat.java -Daether.dependencyCollector.impl=bf c:\Users\Admin\.vscode\extensions\redhat.java-1.43.1-win32-x64\server\plugins\org.eclipse.equinox.launcher_1.7.0.v20250519-0528.jar -configuration c:\Users\Admin\AppData\Roaming\Code\User\globalStorage\redhat.java\1.43.1\config_win -data c:\Users\Admin\AppData\Roaming\Code\User\workspaceStorage\91bfc2bb926e85cacc8896de9206306c\redhat.java\jdt_ws --pipe=\\.\pipe\lsp-e71f5fa5a824b058f318818648cb116d-sock

Host: AMD Ryzen 5 5500U with Radeon Graphics         , 12 cores, 5G,  Windows 11 , 64 bit Build 26100 (10.0.26100.3323)
Time: Thu Jul 10 11:55:16 2025 W. Central Africa Standard Time elapsed time: 362.631498 seconds (0d 0h 6m 2s)

---------------  T H R E A D  ---------------

Current thread (0x000001e7f457e710):  JavaThread "C2 CompilerThread0" daemon [_thread_in_native, id=13704, stack(0x0000009e70300000,0x0000009e70400000) (1024K)]


Current CompileTask:
C2:362631 18456       4       java.lang.invoke.DirectMethodHandle::make (275 bytes)

Stack: [0x0000009e70300000,0x0000009e70400000]
Native frames: (J=compiled Java code, j=interpreted, Vv=VM code, C=native code)
V  [jvm.dll+0x6ce119]
V  [jvm.dll+0x8a84a1]
V  [jvm.dll+0x8aa9ce]
V  [jvm.dll+0x8ab0b3]
V  [jvm.dll+0x27f8a6]
V  [jvm.dll+0xc507d]
V  [jvm.dll+0xc55b3]
V  [jvm.dll+0x3b692c]
V  [jvm.dll+0x382aa5]
V  [jvm.dll+0x381f0a]
V  [jvm.dll+0x247af0]
V  [jvm.dll+0x2470cf]
V  [jvm.dll+0x1c760e]
V  [jvm.dll+0x25695a]
V  [jvm.dll+0x254efa]
V  [jvm.dll+0x3f03f6]
V  [jvm.dll+0x851f6b]
V  [jvm.dll+0x6cc7dd]
C  [ucrtbase.dll+0x37b0]
C  [KERNEL32.DLL+0x2e8d7]
C  [ntdll.dll+0xbbf6c]


---------------  P R O C E S S  ---------------

Threads class SMR info:
_java_thread_list=0x000001e7fd1a10c0, length=65, elements={
0x000001e79abcdf90, 0x000001e7f45654c0, 0x000001e79ab7bd40, 0x000001e7f4574d80,
0x000001e7f4572620, 0x000001e7f4573340, 0x000001e7f4571900, 0x000001e7f457e710,
0x000001e7f459f640, 0x000001e7f4571f90, 0x000001e7f4572cb0, 0x000001e7f45739d0,
0x000001e7f4574060, 0x000001e7f97e3af0, 0x000001e7f97e1a20, 0x000001e7f97e2740,
0x000001e7f97e4810, 0x000001e7f97e4180, 0x000001e7f97e1390, 0x000001e7f97e5530,
0x000001e7f97e6f70, 0x000001e7f97e7600, 0x000001e7f97e68e0, 0x000001e7f97e8320,
0x000001e7f97e89b0, 0x000001e7fac9fbe0, 0x000001e7fac9cdf0, 0x000001e7faca0270,
0x000001e7fac9f550, 0x000001e7faca0900, 0x000001e7fac9d480, 0x000001e7fac9eec0,
0x000001e7faca0f90, 0x000001e7fac9db10, 0x000001e7faca1620, 0x000001e7fac9e1a0,
0x000001e7faca29d0, 0x000001e7faca3d80, 0x000001e7fc123d80, 0x000001e7fc1229d0,
0x000001e7fc124410, 0x000001e7fc125130, 0x000001e7fc1264e0, 0x000001e7fc123060,
0x000001e7fc129ff0, 0x000001e7fc6ca7a0, 0x000001e7fc6cb4c0, 0x000001e7fc6cae30,
0x000001e7fc6c8d60, 0x000001e7fc6ce2b0, 0x000001e7fc6cc870, 0x000001e7fc6ccf00,
0x000001e7f97e2dd0, 0x000001e7fac9e830, 0x000001e7faca3060, 0x000001e7faca2340,
0x000001e7f97e4ea0, 0x000001e7f97e5bc0, 0x000001e7f97e20b0, 0x000001e7f97e6250,
0x000001e7fab0b520, 0x000001e7fab09450, 0x000001e7fab0a800, 0x000001e7fb675a10,
0x000001e7fab0c240
}

Java Threads: ( => current thread )
  0x000001e79abcdf90 JavaThread "main"                              [_thread_blocked, id=28808, stack(0x0000009e6f900000,0x0000009e6fa00000) (1024K)]
  0x000001e7f45654c0 JavaThread "Reference Handler"          daemon [_thread_blocked, id=27780, stack(0x0000009e6fd00000,0x0000009e6fe00000) (1024K)]
  0x000001e79ab7bd40 JavaThread "Finalizer"                  daemon [_thread_blocked, id=12004, stack(0x0000009e6fe00000,0x0000009e6ff00000) (1024K)]
  0x000001e7f4574d80 JavaThread "Signal Dispatcher"          daemon [_thread_blocked, id=17288, stack(0x0000009e6ff00000,0x0000009e70000000) (1024K)]
  0x000001e7f4572620 JavaThread "Attach Listener"            daemon [_thread_blocked, id=3120, stack(0x0000009e70000000,0x0000009e70100000) (1024K)]
  0x000001e7f4573340 JavaThread "Service Thread"             daemon [_thread_blocked, id=23324, stack(0x0000009e70100000,0x0000009e70200000) (1024K)]
  0x000001e7f4571900 JavaThread "Monitor Deflation Thread"   daemon [_thread_blocked, id=11948, stack(0x0000009e70200000,0x0000009e70300000) (1024K)]
=>0x000001e7f457e710 JavaThread "C2 CompilerThread0"         daemon [_thread_in_native, id=13704, stack(0x0000009e70300000,0x0000009e70400000) (1024K)]
  0x000001e7f459f640 JavaThread "C1 CompilerThread0"         daemon [_thread_in_native, id=2160, stack(0x0000009e70400000,0x0000009e70500000) (1024K)]
  0x000001e7f4571f90 JavaThread "Common-Cleaner"             daemon [_thread_blocked, id=19236, stack(0x0000009e70500000,0x0000009e70600000) (1024K)]
  0x000001e7f4572cb0 JavaThread "Notification Thread"        daemon [_thread_blocked, id=15660, stack(0x0000009e70700000,0x0000009e70800000) (1024K)]
  0x000001e7f45739d0 JavaThread "Active Thread: Equinox Container: 8798d50d-e02f-478d-87bb-b4f12caac2ad"        [_thread_blocked, id=28100, stack(0x0000009e70d00000,0x0000009e70e00000) (1024K)]
  0x000001e7f4574060 JavaThread "Refresh Thread: Equinox Container: 8798d50d-e02f-478d-87bb-b4f12caac2ad" daemon [_thread_blocked, id=23408, stack(0x0000009e70e00000,0x0000009e70f00000) (1024K)]
  0x000001e7f97e3af0 JavaThread "Framework Event Dispatcher: Equinox Container: 8798d50d-e02f-478d-87bb-b4f12caac2ad" daemon [_thread_blocked, id=31736, stack(0x0000009e71000000,0x0000009e71100000) (1024K)]
  0x000001e7f97e1a20 JavaThread "Start Level: Equinox Container: 8798d50d-e02f-478d-87bb-b4f12caac2ad" daemon [_thread_blocked, id=19620, stack(0x0000009e71100000,0x0000009e71200000) (1024K)]
  0x000001e7f97e2740 JavaThread "Bundle File Closer"         daemon [_thread_blocked, id=32228, stack(0x0000009e71400000,0x0000009e71500000) (1024K)]
  0x000001e7f97e4810 JavaThread "SCR Component Actor"        daemon [_thread_blocked, id=17996, stack(0x0000009e71500000,0x0000009e71600000) (1024K)]
  0x000001e7f97e4180 JavaThread "Worker-JM"                         [_thread_blocked, id=32220, stack(0x0000009e71700000,0x0000009e71800000) (1024K)]
  0x000001e7f97e1390 JavaThread "JNA Cleaner"                daemon [_thread_blocked, id=22208, stack(0x0000009e71800000,0x0000009e71900000) (1024K)]
  0x000001e7f97e5530 JavaThread "Worker-0"                          [_thread_blocked, id=23188, stack(0x0000009e71900000,0x0000009e71a00000) (1024K)]
  0x000001e7f97e6f70 JavaThread "Java indexing"              daemon [_thread_blocked, id=24956, stack(0x0000009e71c00000,0x0000009e71d00000) (1024K)]
  0x000001e7f97e7600 JavaThread "Thread-2"                   daemon [_thread_in_native, id=2008, stack(0x0000009e72100000,0x0000009e72200000) (1024K)]
  0x000001e7f97e68e0 JavaThread "Thread-3"                   daemon [_thread_in_native, id=31008, stack(0x0000009e72200000,0x0000009e72300000) (1024K)]
  0x000001e7f97e8320 JavaThread "Thread-4"                   daemon [_thread_in_native, id=31500, stack(0x0000009e72300000,0x0000009e72400000) (1024K)]
  0x000001e7f97e89b0 JavaThread "Thread-5"                   daemon [_thread_in_native, id=23864, stack(0x0000009e72400000,0x0000009e72500000) (1024K)]
  0x000001e7fac9fbe0 JavaThread "Thread-6"                   daemon [_thread_in_native, id=22712, stack(0x0000009e72500000,0x0000009e72600000) (1024K)]
  0x000001e7fac9cdf0 JavaThread "Thread-7"                   daemon [_thread_in_native, id=19948, stack(0x0000009e72600000,0x0000009e72700000) (1024K)]
  0x000001e7faca0270 JavaThread "Thread-8"                   daemon [_thread_in_native, id=29156, stack(0x0000009e72700000,0x0000009e72800000) (1024K)]
  0x000001e7fac9f550 JavaThread "Thread-9"                   daemon [_thread_in_native, id=15644, stack(0x0000009e72800000,0x0000009e72900000) (1024K)]
  0x000001e7faca0900 JavaThread "Thread-10"                  daemon [_thread_in_native, id=24064, stack(0x0000009e72900000,0x0000009e72a00000) (1024K)]
  0x000001e7fac9d480 JavaThread "Thread-11"                  daemon [_thread_in_native, id=29784, stack(0x0000009e72a00000,0x0000009e72b00000) (1024K)]
  0x000001e7fac9eec0 JavaThread "Thread-12"                  daemon [_thread_in_native, id=2168, stack(0x0000009e72b00000,0x0000009e72c00000) (1024K)]
  0x000001e7faca0f90 JavaThread "Thread-13"                  daemon [_thread_in_native, id=31164, stack(0x0000009e72c00000,0x0000009e72d00000) (1024K)]
  0x000001e7fac9db10 JavaThread "Thread-14"                  daemon [_thread_in_native, id=6464, stack(0x0000009e72d00000,0x0000009e72e00000) (1024K)]
  0x000001e7faca1620 JavaThread "pool-2-thread-1"                   [_thread_blocked, id=31948, stack(0x0000009e72e00000,0x0000009e72f00000) (1024K)]
  0x000001e7fac9e1a0 JavaThread "Worker-5"                          [_thread_blocked, id=27820, stack(0x0000009e72f00000,0x0000009e73000000) (1024K)]
  0x000001e7faca29d0 JavaThread "WorkspaceEventsHandler"            [_thread_blocked, id=6840, stack(0x0000009e73200000,0x0000009e73300000) (1024K)]
  0x000001e7faca3d80 JavaThread "pool-1-thread-1"                   [_thread_blocked, id=30712, stack(0x0000009e73300000,0x0000009e73400000) (1024K)]
  0x000001e7fc123d80 JavaThread "LocalFile Deleter"          daemon [_thread_blocked, id=18344, stack(0x0000009e73800000,0x0000009e73900000) (1024K)]
  0x000001e7fc1229d0 JavaThread "LocalFile Deleter"          daemon [_thread_blocked, id=14620, stack(0x0000009e73900000,0x0000009e73a00000) (1024K)]
  0x000001e7fc124410 JavaThread "LocalFile Deleter"          daemon [_thread_blocked, id=12932, stack(0x0000009e73a00000,0x0000009e73b00000) (1024K)]
  0x000001e7fc125130 JavaThread "LocalFile Deleter"          daemon [_thread_blocked, id=14572, stack(0x0000009e73c00000,0x0000009e73d00000) (1024K)]
  0x000001e7fc1264e0 JavaThread "LocalFile Deleter"          daemon [_thread_blocked, id=21628, stack(0x0000009e73d00000,0x0000009e73e00000) (1024K)]
  0x000001e7fc123060 JavaThread "LocalFile Deleter"          daemon [_thread_blocked, id=27144, stack(0x0000009e73e00000,0x0000009e73f00000) (1024K)]
  0x000001e7fc129ff0 JavaThread "LocalFile Deleter"          daemon [_thread_blocked, id=16024, stack(0x0000009e73f00000,0x0000009e74000000) (1024K)]
  0x000001e7fc6ca7a0 JavaThread "ForkJoinPool.commonPool-worker-1" daemon [_thread_in_vm, id=28816, stack(0x0000009e6f600000,0x0000009e6f700000) (1024K)]
  0x000001e7fc6cb4c0 JavaThread "ForkJoinPool.commonPool-worker-2" daemon [_thread_blocked, id=12528, stack(0x0000009e75700000,0x0000009e75800000) (1024K)]
  0x000001e7fc6cae30 JavaThread "ForkJoinPool.commonPool-worker-3" daemon [_thread_blocked, id=16792, stack(0x0000009e75800000,0x0000009e75900000) (1024K)]
  0x000001e7fc6c8d60 JavaThread "ForkJoinPool.commonPool-worker-4" daemon [_thread_blocked, id=32180, stack(0x0000009e75900000,0x0000009e75a00000) (1024K)]
  0x000001e7fc6ce2b0 JavaThread "ForkJoinPool.commonPool-worker-6" daemon [_thread_blocked, id=26852, stack(0x0000009e71600000,0x0000009e71700000) (1024K)]
  0x000001e7fc6cc870 JavaThread "ForkJoinPool.commonPool-worker-8" daemon [_thread_blocked, id=17952, stack(0x0000009e75600000,0x0000009e75700000) (1024K)]
  0x000001e7fc6ccf00 JavaThread "ForkJoinPool.commonPool-worker-9" daemon [_thread_blocked, id=18876, stack(0x0000009e75a00000,0x0000009e75b00000) (1024K)]
  0x000001e7f97e2dd0 JavaThread "ForkJoinPool.commonPool-worker-11" daemon [_thread_blocked, id=6040, stack(0x0000009e75c00000,0x0000009e75d00000) (1024K)]
  0x000001e7fac9e830 JavaThread "Java Debug Server"          daemon [_thread_in_native, id=18440, stack(0x0000009e71a00000,0x0000009e71b00000) (1024K)]
  0x000001e7faca3060 JavaThread "pool-5-thread-1"                   [_thread_blocked, id=27784, stack(0x0000009e71b00000,0x0000009e71c00000) (1024K)]
  0x000001e7faca2340 JavaThread "RxSchedulerPurge-1"         daemon [_thread_blocked, id=20904, stack(0x0000009e71d00000,0x0000009e71e00000) (1024K)]
  0x000001e7f97e4ea0 JavaThread "RxCachedWorkerPoolEvictor-1" daemon [_thread_blocked, id=14480, stack(0x0000009e71e00000,0x0000009e71f00000) (1024K)]
  0x000001e7f97e5bc0 JavaThread "process reaper"             daemon [_thread_blocked, id=14832, stack(0x0000009e6f360000,0x0000009e6f380000) (128K)]
  0x000001e7f97e20b0 JavaThread "Worker-9"                          [_thread_blocked, id=6752, stack(0x0000009e6f700000,0x0000009e6f800000) (1024K)]
  0x000001e7f97e6250 JavaThread "Worker-10"                         [_thread_blocked, id=18752, stack(0x0000009e6f800000,0x0000009e6f900000) (1024K)]
  0x000001e7fab0b520 JavaThread "ForkJoinPool.commonPool-worker-12" daemon [_thread_blocked, id=31960, stack(0x0000009e71f00000,0x0000009e72000000) (1024K)]
  0x000001e7fab09450 JavaThread "ForkJoinPool.commonPool-worker-13" daemon [_thread_blocked, id=29284, stack(0x0000009e72000000,0x0000009e72100000) (1024K)]
  0x000001e7fab0a800 JavaThread "ForkJoinPool.commonPool-worker-14" daemon [_thread_blocked, id=10188, stack(0x0000009e73400000,0x0000009e73500000) (1024K)]
  0x000001e7fb675a10 JavaThread "C2 CompilerThread1"         daemon [_thread_in_native, id=13852, stack(0x0000009e73500000,0x0000009e73600000) (1024K)]
  0x000001e7fab0c240 JavaThread "Cleaner-0"                  daemon [_thread_blocked, id=24232, stack(0x0000009e73600000,0x0000009e73700000) (1024K)]
Total: 65

Other Threads:
  0x000001e79ab648a0 VMThread "VM Thread"                           [id=32000, stack(0x0000009e6fc00000,0x0000009e6fd00000) (1024K)]
  0x000001e79aa5ca00 WatcherThread "VM Periodic Task Thread"        [id=22444, stack(0x0000009e6fb00000,0x0000009e6fc00000) (1024K)]
  0x000001e79abec860 WorkerThread "GC Thread#0"                     [id=14512, stack(0x0000009e6fa00000,0x0000009e6fb00000) (1024K)]
  0x000001e7f9241ea0 WorkerThread "GC Thread#1"                     [id=28296, stack(0x0000009e70600000,0x0000009e70700000) (1024K)]
  0x000001e7f92cc870 WorkerThread "GC Thread#2"                     [id=30348, stack(0x0000009e70800000,0x0000009e70900000) (1024K)]
  0x000001e7f941b780 WorkerThread "GC Thread#3"                     [id=13796, stack(0x0000009e70900000,0x0000009e70a00000) (1024K)]
  0x000001e7f941bb20 WorkerThread "GC Thread#4"                     [id=28988, stack(0x0000009e70a00000,0x0000009e70b00000) (1024K)]
  0x000001e7f941c2c0 WorkerThread "GC Thread#5"                     [id=18932, stack(0x0000009e70b00000,0x0000009e70c00000) (1024K)]
  0x000001e7f92c9020 WorkerThread "GC Thread#6"                     [id=9620, stack(0x0000009e70c00000,0x0000009e70d00000) (1024K)]
  0x000001e7f9972a10 WorkerThread "GC Thread#7"                     [id=32436, stack(0x0000009e70f00000,0x0000009e71000000) (1024K)]
  0x000001e7f9b51830 WorkerThread "GC Thread#8"                     [id=6344, stack(0x0000009e71200000,0x0000009e71300000) (1024K)]
  0x000001e7f9cbc250 WorkerThread "GC Thread#9"                     [id=25644, stack(0x0000009e71300000,0x0000009e71400000) (1024K)]
Total: 12

Threads with active compile tasks:
C2 CompilerThread0  362714 18456       4       java.lang.invoke.DirectMethodHandle::make (275 bytes)
C2 CompilerThread1  362714 19288 %     4       org.lombokweb.asm.SymbolTable::<init> @ 98 (554 bytes)
Total: 2

VM state: not at safepoint (normal execution)

VM Mutex/Monitor currently owned by a thread: None

Heap address: 0x0000000080000000, size: 2048 MB, Compressed Oops mode: 32-bit

CDS archive(s) mapped at: [0x000001e7b2000000-0x000001e7b2ba0000-0x000001e7b2ba0000), size 12189696, SharedBaseAddress: 0x000001e7b2000000, ArchiveRelocationMode: 1.
Compressed class space mapped at: 0x000001e7b3000000-0x000001e7f3000000, reserved size: 1073741824
Narrow klass base: 0x000001e7b2000000, Narrow klass shift: 0, Narrow klass range: 0x100000000

GC Precious Log:
 CardTable entry size: 512
 CPUs: 12 total, 12 available
 Memory: 6005M
 Large Page Support: Disabled
 NUMA Support: Disabled
 Compressed Oops: Enabled (32-bit)
 Alignments: Space 512K, Generation 512K, Heap 2M
 Heap Min Capacity: 100M
 Heap Initial Capacity: 100M
 Heap Max Capacity: 2G
 Pre-touch: Disabled
 Parallel Workers: 10

Heap:
 PSYoungGen      total 27136K, used 9461K [0x00000000d5580000, 0x00000000d7600000, 0x0000000100000000)
  eden space 22528K, 29% used [0x00000000d5580000,0x00000000d5c188a8,0x00000000d6b80000)
  from space 4608K, 58% used [0x00000000d6e80000,0x00000000d7124e98,0x00000000d7300000)
  to   space 3072K, 0% used [0x00000000d7300000,0x00000000d7300000,0x00000000d7600000)
 ParOldGen       total 565760K, used 565748K [0x0000000080000000, 0x00000000a2880000, 0x00000000d5580000)
  object space 565760K, 99% used [0x0000000080000000,0x00000000a287d308,0x00000000a2880000)
 Metaspace       used 82448K, committed 84224K, reserved 1179648K
  class space    used 8375K, committed 9152K, reserved 1048576K

Card table byte_map: [0x000001e79a570000,0x000001e79a980000] _byte_map_base: 0x000001e79a170000

Marking Bits: (ParMarkBitMap*) 0x00007ffda44631f0
 Begin Bits: [0x000001e7ad070000, 0x000001e7af070000)
 End Bits:   [0x000001e7af070000, 0x000001e7b1070000)

Polling page: 0x000001e79a190000

Metaspace:

Usage:
  Non-class:     72.34 MB used.
      Class:      8.18 MB used.
       Both:     80.52 MB used.

Virtual space:
  Non-class space:      128.00 MB reserved,      73.31 MB ( 57%) committed,  2 nodes.
      Class space:        1.00 GB reserved,       8.94 MB ( <1%) committed,  1 nodes.
             Both:        1.12 GB reserved,      82.25 MB (  7%) committed. 

Chunk freelists:
   Non-Class:  5.78 MB
       Class:  7.06 MB
        Both:  12.84 MB

MaxMetaspaceSize: unlimited
CompressedClassSpaceSize: 1.00 GB
Initial GC threshold: 21.00 MB
Current GC threshold: 117.62 MB
CDS: on
 - commit_granule_bytes: 65536.
 - commit_granule_words: 8192.
 - virtual_space_node_default_size: 8388608.
 - enlarge_chunks_in_place: 1.
 - use_allocation_guard: 0.


Internal statistics:

num_allocs_failed_limit: 13.
num_arena_births: 1660.
num_arena_deaths: 20.
num_vsnodes_births: 3.
num_vsnodes_deaths: 0.
num_space_committed: 1316.
num_space_uncommitted: 0.
num_chunks_returned_to_freelist: 36.
num_chunks_taken_from_freelist: 5592.
num_chunk_merges: 17.
num_chunk_splits: 3382.
num_chunks_enlarged: 1824.
num_inconsistent_stats: 0.

CodeHeap 'non-profiled nmethods': size=120000Kb used=12162Kb max_used=12162Kb free=107837Kb
 bounds [0x000001e7a5890000, 0x000001e7a6480000, 0x000001e7acdc0000]
CodeHeap 'profiled nmethods': size=120000Kb used=41018Kb max_used=41018Kb free=78981Kb
 bounds [0x000001e79ddc0000, 0x000001e7a05d0000, 0x000001e7a52f0000]
CodeHeap 'non-nmethods': size=5760Kb used=1521Kb max_used=1618Kb free=4238Kb
 bounds [0x000001e7a52f0000, 0x000001e7a5560000, 0x000001e7a5890000]
 total_blobs=18346 nmethods=17501 adapters=749
 compilation: enabled
              stopped_count=0, restarted_count=0
 full_count=0

Compilation events (20 events):
Event: 361.508 Thread 0x000001e7fb675a10 nmethod 18538 0x000001e7a646a310 code [0x000001e7a646a560, 0x000001e7a646a9d8]
Event: 361.508 Thread 0x000001e7fb675a10 18543       4       com.google.gson.internal.bind.TypeAdapters$15::read (6 bytes)
Event: 361.517 Thread 0x000001e7fb675a10 nmethod 18543 0x000001e7a646ae90 code [0x000001e7a646b0c0, 0x000001e7a646b4b0]
Event: 361.517 Thread 0x000001e7fb675a10 18544       4       com.google.gson.internal.bind.TypeAdapters$15::read (38 bytes)
Event: 361.525 Thread 0x000001e7fb675a10 nmethod 18544 0x000001e7a646b890 code [0x000001e7a646bac0, 0x000001e7a646beb0]
Event: 361.525 Thread 0x000001e7fb675a10 18636       4       lombok.core.FieldAugment::access$1 (6 bytes)
Event: 361.525 Thread 0x000001e7fb675a10 nmethod 18636 0x000001e7a646c290 code [0x000001e7a646c420, 0x000001e7a646c4a8]
Event: 361.525 Thread 0x000001e7fb675a10 18527       4       java.io.FilterInputStream::read (9 bytes)
Event: 361.526 Thread 0x000001e7fb675a10 nmethod 18527 0x000001e7a646c590 code [0x000001e7a646c720, 0x000001e7a646c7e8]
Event: 361.526 Thread 0x000001e7fb675a10 18754       4       org.eclipse.jdt.internal.compiler.classfmt.ClassFileStruct::reset (11 bytes)
Event: 361.526 Thread 0x000001e7fb675a10 nmethod 18754 0x000001e7a646c890 code [0x000001e7a646ca20, 0x000001e7a646cab0]
Event: 361.526 Thread 0x000001e7fb675a10 18904       4       java.util.stream.ReferencePipeline::toArray (18 bytes)
Event: 361.574 Thread 0x000001e7fb675a10 nmethod 18904 0x000001e7a646cb90 code [0x000001e7a646ce20, 0x000001e7a646d9e0]
Event: 361.574 Thread 0x000001e7fb675a10 19287  s    4       java.util.Hashtable::putAll (52 bytes)
Event: 361.615 Thread 0x000001e7fb675a10 nmethod 19287 0x000001e7a646e510 code [0x000001e7a646e740, 0x000001e7a646f380]
Event: 361.615 Thread 0x000001e7fb675a10 19288 %     4       org.lombokweb.asm.SymbolTable::<init> @ 98 (554 bytes)
Event: 362.154 Thread 0x000001e7f459f640 19290       1       java.text.DontCareFieldPosition::getFieldDelegate (5 bytes)
Event: 362.154 Thread 0x000001e7f459f640 nmethod 19290 0x000001e7a646fb10 code [0x000001e7a646fca0, 0x000001e7a646fd68]
Event: 362.161 Thread 0x000001e7f459f640 19291       1       org.eclipse.osgi.framework.log.FrameworkLogEntry::getSeverity (5 bytes)
Event: 362.623 Thread 0x000001e7f459f640 nmethod 19291 0x000001e7a646fe10 code [0x000001e7a646ffa0, 0x000001e7a6470068]

GC Heap History (20 events):
Event: 355.798 GC heap before
{Heap before GC invocations=2140 (full 4):
 PSYoungGen      total 20992K, used 20981K [0x00000000d5580000, 0x00000000d8100000, 0x0000000100000000)
  eden space 18944K, 100% used [0x00000000d5580000,0x00000000d6800000,0x00000000d6800000)
  from space 2048K, 99% used [0x00000000d6800000,0x00000000d69fd788,0x00000000d6a00000)
  to   space 11776K, 0% used [0x00000000d7580000,0x00000000d7580000,0x00000000d8100000)
 ParOldGen       total 539136K, used 538820K [0x0000000080000000, 0x00000000a0e80000, 0x00000000d5580000)
  object space 539136K, 99% used [0x0000000080000000,0x00000000a0e31290,0x00000000a0e80000)
 Metaspace       used 79825K, committed 81600K, reserved 1179648K
  class space    used 8154K, committed 8960K, reserved 1048576K
}
Event: 355.814 GC heap after
{Heap after GC invocations=2140 (full 4):
 PSYoungGen      total 32768K, used 8828K [0x00000000d5580000, 0x00000000d7f80000, 0x0000000100000000)
  eden space 22528K, 0% used [0x00000000d5580000,0x00000000d5580000,0x00000000d6b80000)
  from space 10240K, 86% used [0x00000000d7580000,0x00000000d7e1f0a8,0x00000000d7f80000)
  to   space 10240K, 0% used [0x00000000d6b80000,0x00000000d6b80000,0x00000000d7580000)
 ParOldGen       total 541184K, used 540888K [0x0000000080000000, 0x00000000a1080000, 0x00000000d5580000)
  object space 541184K, 99% used [0x0000000080000000,0x00000000a1036378,0x00000000a1080000)
 Metaspace       used 79825K, committed 81600K, reserved 1179648K
  class space    used 8154K, committed 8960K, reserved 1048576K
}
Event: 356.230 GC heap before
{Heap before GC invocations=2141 (full 4):
 PSYoungGen      total 32768K, used 31356K [0x00000000d5580000, 0x00000000d7f80000, 0x0000000100000000)
  eden space 22528K, 100% used [0x00000000d5580000,0x00000000d6b80000,0x00000000d6b80000)
  from space 10240K, 86% used [0x00000000d7580000,0x00000000d7e1f0a8,0x00000000d7f80000)
  to   space 10240K, 0% used [0x00000000d6b80000,0x00000000d6b80000,0x00000000d7580000)
 ParOldGen       total 541184K, used 540888K [0x0000000080000000, 0x00000000a1080000, 0x00000000d5580000)
  object space 541184K, 99% used [0x0000000080000000,0x00000000a1036378,0x00000000a1080000)
 Metaspace       used 79920K, committed 81664K, reserved 1179648K
  class space    used 8159K, committed 8960K, reserved 1048576K
}
Event: 356.245 GC heap after
{Heap after GC invocations=2141 (full 4):
 PSYoungGen      total 23552K, used 778K [0x00000000d5580000, 0x00000000d7600000, 0x0000000100000000)
  eden space 22528K, 0% used [0x00000000d5580000,0x00000000d5580000,0x00000000d6b80000)
  from space 1024K, 75% used [0x00000000d6b80000,0x00000000d6c42800,0x00000000d6c80000)
  to   space 4096K, 0% used [0x00000000d7200000,0x00000000d7200000,0x00000000d7600000)
 ParOldGen       total 549888K, used 549451K [0x0000000080000000, 0x00000000a1900000, 0x00000000d5580000)
  object space 549888K, 99% used [0x0000000080000000,0x00000000a1892cc8,0x00000000a1900000)
 Metaspace       used 79920K, committed 81664K, reserved 1179648K
  class space    used 8159K, committed 8960K, reserved 1048576K
}
Event: 356.495 GC heap before
{Heap before GC invocations=2142 (full 4):
 PSYoungGen      total 23552K, used 23306K [0x00000000d5580000, 0x00000000d7600000, 0x0000000100000000)
  eden space 22528K, 100% used [0x00000000d5580000,0x00000000d6b80000,0x00000000d6b80000)
  from space 1024K, 75% used [0x00000000d6b80000,0x00000000d6c42800,0x00000000d6c80000)
  to   space 4096K, 0% used [0x00000000d7200000,0x00000000d7200000,0x00000000d7600000)
 ParOldGen       total 549888K, used 549451K [0x0000000080000000, 0x00000000a1900000, 0x00000000d5580000)
  object space 549888K, 99% used [0x0000000080000000,0x00000000a1892cc8,0x00000000a1900000)
 Metaspace       used 79961K, committed 81664K, reserved 1179648K
  class space    used 8160K, committed 8960K, reserved 1048576K
}
Event: 356.501 GC heap after
{Heap after GC invocations=2142 (full 4):
 PSYoungGen      total 25088K, used 2120K [0x00000000d5580000, 0x00000000d7480000, 0x0000000100000000)
  eden space 22528K, 0% used [0x00000000d5580000,0x00000000d5580000,0x00000000d6b80000)
  from space 2560K, 82% used [0x00000000d7200000,0x00000000d74122a0,0x00000000d7480000)
  to   space 2560K, 0% used [0x00000000d6f80000,0x00000000d6f80000,0x00000000d7200000)
 ParOldGen       total 550400K, used 550097K [0x0000000080000000, 0x00000000a1980000, 0x00000000d5580000)
  object space 550400K, 99% used [0x0000000080000000,0x00000000a19346b0,0x00000000a1980000)
 Metaspace       used 79961K, committed 81664K, reserved 1179648K
  class space    used 8160K, committed 8960K, reserved 1048576K
}
Event: 358.632 GC heap before
{Heap before GC invocations=2143 (full 4):
 PSYoungGen      total 25088K, used 24648K [0x00000000d5580000, 0x00000000d7480000, 0x0000000100000000)
  eden space 22528K, 100% used [0x00000000d5580000,0x00000000d6b80000,0x00000000d6b80000)
  from space 2560K, 82% used [0x00000000d7200000,0x00000000d74122a0,0x00000000d7480000)
  to   space 2560K, 0% used [0x00000000d6f80000,0x00000000d6f80000,0x00000000d7200000)
 ParOldGen       total 550400K, used 550097K [0x0000000080000000, 0x00000000a1980000, 0x00000000d5580000)
  object space 550400K, 99% used [0x0000000080000000,0x00000000a19346b0,0x00000000a1980000)
 Metaspace       used 79992K, committed 81728K, reserved 1179648K
  class space    used 8160K, committed 8960K, reserved 1048576K
}
Event: 358.647 GC heap after
{Heap after GC invocations=2143 (full 4):
 PSYoungGen      total 25088K, used 2556K [0x00000000d5580000, 0x00000000d7680000, 0x0000000100000000)
  eden space 22528K, 0% used [0x00000000d5580000,0x00000000d5580000,0x00000000d6b80000)
  from space 2560K, 99% used [0x00000000d6f80000,0x00000000d71ff088,0x00000000d7200000)
  to   space 4608K, 0% used [0x00000000d7200000,0x00000000d7200000,0x00000000d7680000)
 ParOldGen       total 552448K, used 552350K [0x0000000080000000, 0x00000000a1b80000, 0x00000000d5580000)
  object space 552448K, 99% used [0x0000000080000000,0x00000000a1b67928,0x00000000a1b80000)
 Metaspace       used 79992K, committed 81728K, reserved 1179648K
  class space    used 8160K, committed 8960K, reserved 1048576K
}
Event: 359.363 GC heap before
{Heap before GC invocations=2144 (full 4):
 PSYoungGen      total 25088K, used 25084K [0x00000000d5580000, 0x00000000d7680000, 0x0000000100000000)
  eden space 22528K, 100% used [0x00000000d5580000,0x00000000d6b80000,0x00000000d6b80000)
  from space 2560K, 99% used [0x00000000d6f80000,0x00000000d71ff088,0x00000000d7200000)
  to   space 4608K, 0% used [0x00000000d7200000,0x00000000d7200000,0x00000000d7680000)
 ParOldGen       total 552448K, used 552350K [0x0000000080000000, 0x00000000a1b80000, 0x00000000d5580000)
  object space 552448K, 99% used [0x0000000080000000,0x00000000a1b67928,0x00000000a1b80000)
 Metaspace       used 80238K, committed 82048K, reserved 1179648K
  class space    used 8176K, committed 9024K, reserved 1048576K
}
Event: 359.374 GC heap after
{Heap after GC invocations=2144 (full 4):
 PSYoungGen      total 25088K, used 2137K [0x00000000d5580000, 0x00000000d7480000, 0x0000000100000000)
  eden space 22528K, 0% used [0x00000000d5580000,0x00000000d5580000,0x00000000d6b80000)
  from space 2560K, 83% used [0x00000000d7200000,0x00000000d7416430,0x00000000d7480000)
  to   space 3584K, 0% used [0x00000000d6d80000,0x00000000d6d80000,0x00000000d7100000)
 ParOldGen       total 555008K, used 554867K [0x0000000080000000, 0x00000000a1e00000, 0x00000000d5580000)
  object space 555008K, 99% used [0x0000000080000000,0x00000000a1ddcc80,0x00000000a1e00000)
 Metaspace       used 80238K, committed 82048K, reserved 1179648K
  class space    used 8176K, committed 9024K, reserved 1048576K
}
Event: 360.014 GC heap before
{Heap before GC invocations=2145 (full 4):
 PSYoungGen      total 25088K, used 24665K [0x00000000d5580000, 0x00000000d7480000, 0x0000000100000000)
  eden space 22528K, 100% used [0x00000000d5580000,0x00000000d6b80000,0x00000000d6b80000)
  from space 2560K, 83% used [0x00000000d7200000,0x00000000d7416430,0x00000000d7480000)
  to   space 3584K, 0% used [0x00000000d6d80000,0x00000000d6d80000,0x00000000d7100000)
 ParOldGen       total 555008K, used 554867K [0x0000000080000000, 0x00000000a1e00000, 0x00000000d5580000)
  object space 555008K, 99% used [0x0000000080000000,0x00000000a1ddcc80,0x00000000a1e00000)
 Metaspace       used 81002K, committed 82688K, reserved 1179648K
  class space    used 8238K, committed 9024K, reserved 1048576K
}
Event: 360.028 GC heap after
{Heap after GC invocations=2145 (full 4):
 PSYoungGen      total 25088K, used 2244K [0x00000000d5580000, 0x00000000d7280000, 0x0000000100000000)
  eden space 22528K, 0% used [0x00000000d5580000,0x00000000d5580000,0x00000000d6b80000)
  from space 2560K, 87% used [0x00000000d6d80000,0x00000000d6fb1058,0x00000000d7000000)
  to   space 2560K, 0% used [0x00000000d7000000,0x00000000d7000000,0x00000000d7280000)
 ParOldGen       total 557056K, used 556739K [0x0000000080000000, 0x00000000a2000000, 0x00000000d5580000)
  object space 557056K, 99% used [0x0000000080000000,0x00000000a1fb0f58,0x00000000a2000000)
 Metaspace       used 81002K, committed 82688K, reserved 1179648K
  class space    used 8238K, committed 9024K, reserved 1048576K
}
Event: 360.420 GC heap before
{Heap before GC invocations=2146 (full 4):
 PSYoungGen      total 25088K, used 24772K [0x00000000d5580000, 0x00000000d7280000, 0x0000000100000000)
  eden space 22528K, 100% used [0x00000000d5580000,0x00000000d6b80000,0x00000000d6b80000)
  from space 2560K, 87% used [0x00000000d6d80000,0x00000000d6fb1058,0x00000000d7000000)
  to   space 2560K, 0% used [0x00000000d7000000,0x00000000d7000000,0x00000000d7280000)
 ParOldGen       total 557056K, used 556739K [0x0000000080000000, 0x00000000a2000000, 0x00000000d5580000)
  object space 557056K, 99% used [0x0000000080000000,0x00000000a1fb0f58,0x00000000a2000000)
 Metaspace       used 81395K, committed 83136K, reserved 1179648K
  class space    used 8269K, committed 9088K, reserved 1048576K
}
Event: 360.431 GC heap after
{Heap after GC invocations=2146 (full 4):
 PSYoungGen      total 25088K, used 2080K [0x00000000d5580000, 0x00000000d7280000, 0x0000000100000000)
  eden space 22528K, 0% used [0x00000000d5580000,0x00000000d5580000,0x00000000d6b80000)
  from space 2560K, 81% used [0x00000000d7000000,0x00000000d7208000,0x00000000d7280000)
  to   space 2560K, 0% used [0x00000000d6d80000,0x00000000d6d80000,0x00000000d7000000)
 ParOldGen       total 558592K, used 558552K [0x0000000080000000, 0x00000000a2180000, 0x00000000d5580000)
  object space 558592K, 99% used [0x0000000080000000,0x00000000a21762f8,0x00000000a2180000)
 Metaspace       used 81395K, committed 83136K, reserved 1179648K
  class space    used 8269K, committed 9088K, reserved 1048576K
}
Event: 360.613 GC heap before
{Heap before GC invocations=2147 (full 4):
 PSYoungGen      total 25088K, used 24596K [0x00000000d5580000, 0x00000000d7280000, 0x0000000100000000)
  eden space 22528K, 99% used [0x00000000d5580000,0x00000000d6b7d128,0x00000000d6b80000)
  from space 2560K, 81% used [0x00000000d7000000,0x00000000d7208000,0x00000000d7280000)
  to   space 2560K, 0% used [0x00000000d6d80000,0x00000000d6d80000,0x00000000d7000000)
 ParOldGen       total 558592K, used 558552K [0x0000000080000000, 0x00000000a2180000, 0x00000000d5580000)
  object space 558592K, 99% used [0x0000000080000000,0x00000000a21762f8,0x00000000a2180000)
 Metaspace       used 81516K, committed 83264K, reserved 1179648K
  class space    used 8278K, committed 9088K, reserved 1048576K
}
Event: 360.622 GC heap after
{Heap after GC invocations=2147 (full 4):
 PSYoungGen      total 25088K, used 2546K [0x00000000d5580000, 0x00000000d7f80000, 0x0000000100000000)
  eden space 22528K, 0% used [0x00000000d5580000,0x00000000d5580000,0x00000000d6b80000)
  from space 2560K, 99% used [0x00000000d6d80000,0x00000000d6ffc9e0,0x00000000d7000000)
  to   space 10240K, 0% used [0x00000000d7580000,0x00000000d7580000,0x00000000d7f80000)
 ParOldGen       total 565248K, used 564820K [0x0000000080000000, 0x00000000a2800000, 0x00000000d5580000)
  object space 565248K, 99% used [0x0000000080000000,0x00000000a2795308,0x00000000a2800000)
 Metaspace       used 81516K, committed 83264K, reserved 1179648K
  class space    used 8278K, committed 9088K, reserved 1048576K
}
Event: 360.962 GC heap before
{Heap before GC invocations=2148 (full 4):
 PSYoungGen      total 25088K, used 25074K [0x00000000d5580000, 0x00000000d7f80000, 0x0000000100000000)
  eden space 22528K, 100% used [0x00000000d5580000,0x00000000d6b80000,0x00000000d6b80000)
  from space 2560K, 99% used [0x00000000d6d80000,0x00000000d6ffc9e0,0x00000000d7000000)
  to   space 10240K, 0% used [0x00000000d7580000,0x00000000d7580000,0x00000000d7f80000)
 ParOldGen       total 565248K, used 564820K [0x0000000080000000, 0x00000000a2800000, 0x00000000d5580000)
  object space 565248K, 99% used [0x0000000080000000,0x00000000a2795308,0x00000000a2800000)
 Metaspace       used 81643K, committed 83392K, reserved 1179648K
  class space    used 8291K, committed 9088K, reserved 1048576K
}
Event: 360.972 GC heap after
{Heap after GC invocations=2148 (full 4):
 PSYoungGen      total 24576K, used 1748K [0x00000000d5580000, 0x00000000d7780000, 0x0000000100000000)
  eden space 22528K, 0% used [0x00000000d5580000,0x00000000d5580000,0x00000000d6b80000)
  from space 2048K, 85% used [0x00000000d7580000,0x00000000d77352e0,0x00000000d7780000)
  to   space 4608K, 0% used [0x00000000d6e80000,0x00000000d6e80000,0x00000000d7300000)
 ParOldGen       total 565760K, used 565748K [0x0000000080000000, 0x00000000a2880000, 0x00000000d5580000)
  object space 565760K, 99% used [0x0000000080000000,0x00000000a287d308,0x00000000a2880000)
 Metaspace       used 81643K, committed 83392K, reserved 1179648K
  class space    used 8291K, committed 9088K, reserved 1048576K
}
Event: 361.426 GC heap before
{Heap before GC invocations=2149 (full 4):
 PSYoungGen      total 24576K, used 24276K [0x00000000d5580000, 0x00000000d7780000, 0x0000000100000000)
  eden space 22528K, 100% used [0x00000000d5580000,0x00000000d6b80000,0x00000000d6b80000)
  from space 2048K, 85% used [0x00000000d7580000,0x00000000d77352e0,0x00000000d7780000)
  to   space 4608K, 0% used [0x00000000d6e80000,0x00000000d6e80000,0x00000000d7300000)
 ParOldGen       total 565760K, used 565748K [0x0000000080000000, 0x00000000a2880000, 0x00000000d5580000)
  object space 565760K, 99% used [0x0000000080000000,0x00000000a287d308,0x00000000a2880000)
 Metaspace       used 81935K, committed 83776K, reserved 1179648K
  class space    used 8323K, committed 9152K, reserved 1048576K
}
Event: 361.435 GC heap after
{Heap after GC invocations=2149 (full 4):
 PSYoungGen      total 27136K, used 2707K [0x00000000d5580000, 0x00000000d7600000, 0x0000000100000000)
  eden space 22528K, 0% used [0x00000000d5580000,0x00000000d5580000,0x00000000d6b80000)
  from space 4608K, 58% used [0x00000000d6e80000,0x00000000d7124e98,0x00000000d7300000)
  to   space 3072K, 0% used [0x00000000d7300000,0x00000000d7300000,0x00000000d7600000)
 ParOldGen       total 565760K, used 565748K [0x0000000080000000, 0x00000000a2880000, 0x00000000d5580000)
  object space 565760K, 99% used [0x0000000080000000,0x00000000a287d308,0x00000000a2880000)
 Metaspace       used 81935K, committed 83776K, reserved 1179648K
  class space    used 8323K, committed 9152K, reserved 1048576K
}

Dll operation events (12 events):
Event: 0.033 Loaded shared library c:\Users\Admin\.vscode\extensions\redhat.java-1.43.1-win32-x64\jre\21.0.7-win32-x86_64\bin\java.dll
Event: 0.312 Loaded shared library c:\Users\Admin\.vscode\extensions\redhat.java-1.43.1-win32-x64\jre\21.0.7-win32-x86_64\bin\zip.dll
Event: 0.463 Loaded shared library C:\Users\Admin\.vscode\extensions\redhat.java-1.43.1-win32-x64\jre\21.0.7-win32-x86_64\bin\instrument.dll
Event: 0.490 Loaded shared library C:\Users\Admin\.vscode\extensions\redhat.java-1.43.1-win32-x64\jre\21.0.7-win32-x86_64\bin\net.dll
Event: 0.501 Loaded shared library C:\Users\Admin\.vscode\extensions\redhat.java-1.43.1-win32-x64\jre\21.0.7-win32-x86_64\bin\nio.dll
Event: 0.515 Loaded shared library C:\Users\Admin\.vscode\extensions\redhat.java-1.43.1-win32-x64\jre\21.0.7-win32-x86_64\bin\zip.dll
Event: 0.568 Loaded shared library C:\Users\Admin\.vscode\extensions\redhat.java-1.43.1-win32-x64\jre\21.0.7-win32-x86_64\bin\jimage.dll
Event: 0.731 Loaded shared library c:\Users\Admin\.vscode\extensions\redhat.java-1.43.1-win32-x64\jre\21.0.7-win32-x86_64\bin\verify.dll
Event: 4.520 Loaded shared library C:\Users\Admin\AppData\Roaming\Code\User\globalStorage\redhat.java\1.43.1\config_win\org.eclipse.equinox.launcher\org.eclipse.equinox.launcher.win32.win32.x86_64_1.2.1300.v20250331-1702\eclipse_11911.dll
Event: 9.583 Loaded shared library C:\Users\Admin\AppData\Local\Temp\jna-63116079\jna7229399433094779118.dll
Event: 13.532 Loaded shared library C:\Users\Admin\.vscode\extensions\redhat.java-1.43.1-win32-x64\jre\21.0.7-win32-x86_64\bin\sunmscapi.dll
Event: 13.890 Loaded shared library C:\Users\Admin\.vscode\extensions\redhat.java-1.43.1-win32-x64\jre\21.0.7-win32-x86_64\bin\extnet.dll

Deoptimization events (20 events):
Event: 361.005 Thread 0x000001e7fc6cae30 DEOPT PACKING pc=0x000001e7a059b551 sp=0x0000009e758fd720
Event: 361.005 Thread 0x000001e7fc6cae30 DEOPT UNPACKING pc=0x000001e7a5344242 sp=0x0000009e758fcbf0 mode 0
Event: 361.010 Thread 0x000001e7fc6cae30 DEOPT PACKING pc=0x000001e7a059b551 sp=0x0000009e758fd720
Event: 361.010 Thread 0x000001e7fc6cae30 DEOPT UNPACKING pc=0x000001e7a5344242 sp=0x0000009e758fcbf0 mode 0
Event: 361.013 Thread 0x000001e7fc6cae30 DEOPT PACKING pc=0x000001e7a059b551 sp=0x0000009e758fd720
Event: 361.013 Thread 0x000001e7fc6cae30 DEOPT UNPACKING pc=0x000001e7a5344242 sp=0x0000009e758fcbf0 mode 0
Event: 361.067 Thread 0x000001e7fc6cae30 DEOPT PACKING pc=0x000001e7a059b551 sp=0x0000009e758fcc00
Event: 361.067 Thread 0x000001e7fc6cae30 DEOPT UNPACKING pc=0x000001e7a5344242 sp=0x0000009e758fc0d0 mode 0
Event: 361.115 Thread 0x000001e7fc6cc870 DEOPT PACKING pc=0x000001e7a059b551 sp=0x0000009e756fcb90
Event: 361.116 Thread 0x000001e7fc6cc870 DEOPT UNPACKING pc=0x000001e7a5344242 sp=0x0000009e756fc060 mode 0
Event: 361.116 Thread 0x000001e7fc6cc870 DEOPT PACKING pc=0x000001e7a059b551 sp=0x0000009e756fcb90
Event: 361.117 Thread 0x000001e7fc6cc870 DEOPT UNPACKING pc=0x000001e7a5344242 sp=0x0000009e756fc060 mode 0
Event: 361.120 Thread 0x000001e7fc6cc870 DEOPT PACKING pc=0x000001e7a059b551 sp=0x0000009e756fcb90
Event: 361.120 Thread 0x000001e7fc6cc870 DEOPT UNPACKING pc=0x000001e7a5344242 sp=0x0000009e756fc060 mode 0
Event: 361.125 Thread 0x000001e7fc6cc870 DEOPT PACKING pc=0x000001e7a059b551 sp=0x0000009e756fcb90
Event: 361.125 Thread 0x000001e7fc6cc870 DEOPT UNPACKING pc=0x000001e7a5344242 sp=0x0000009e756fc060 mode 0
Event: 361.125 Thread 0x000001e7fc6cc870 DEOPT PACKING pc=0x000001e7a059b551 sp=0x0000009e756fcb90
Event: 361.125 Thread 0x000001e7fc6cc870 DEOPT UNPACKING pc=0x000001e7a5344242 sp=0x0000009e756fc060 mode 0
Event: 361.568 Thread 0x000001e7fc6ca7a0 DEOPT PACKING pc=0x000001e79e783a84 sp=0x0000009e6f6fe940
Event: 361.568 Thread 0x000001e7fc6ca7a0 DEOPT UNPACKING pc=0x000001e7a5344242 sp=0x0000009e6f6fdde8 mode 0

Classes loaded (20 events):
Event: 314.815 Loading class java/util/stream/Nodes$ConcNode
Event: 314.817 Loading class java/util/stream/Nodes$AbstractConcNode
Event: 314.819 Loading class java/util/stream/Nodes$AbstractConcNode done
Event: 314.819 Loading class java/util/stream/Nodes$ConcNode done
Event: 315.011 Loading class java/io/ObjectOutputStream$BlockDataOutputStream
Event: 315.014 Loading class java/io/ObjectOutputStream$BlockDataOutputStream done
Event: 315.015 Loading class java/io/ObjectOutputStream$HandleTable
Event: 315.017 Loading class java/io/ObjectOutputStream$HandleTable done
Event: 315.018 Loading class java/io/ObjectOutputStream$ReplaceTable
Event: 315.018 Loading class java/io/ObjectOutputStream$ReplaceTable done
Event: 315.041 Loading class java/nio/charset/CharacterCodingException
Event: 315.042 Loading class java/nio/charset/CharacterCodingException done
Event: 346.638 Loading class java/io/SequenceInputStream
Event: 346.643 Loading class java/io/SequenceInputStream done
Event: 348.728 Loading class jdk/internal/event/SecurityPropertyModificationEvent
Event: 348.736 Loading class jdk/internal/event/SecurityPropertyModificationEvent done
Event: 349.330 Loading class java/util/zip/CheckedInputStream
Event: 349.333 Loading class java/util/zip/CheckedInputStream done
Event: 349.474 Loading class java/util/zip/GZIPInputStream$1
Event: 349.474 Loading class java/util/zip/GZIPInputStream$1 done

Classes unloaded (10 events):
Event: 10.626 Thread 0x000001e79ab648a0 Unloading class 0x000001e7b31a4800 'java/lang/invoke/LambdaForm$MH+0x000001e7b31a4800'
Event: 10.626 Thread 0x000001e79ab648a0 Unloading class 0x000001e7b31a4400 'java/lang/invoke/LambdaForm$MH+0x000001e7b31a4400'
Event: 10.626 Thread 0x000001e79ab648a0 Unloading class 0x000001e7b31a4000 'java/lang/invoke/LambdaForm$MH+0x000001e7b31a4000'
Event: 10.626 Thread 0x000001e79ab648a0 Unloading class 0x000001e7b31a3c00 'java/lang/invoke/LambdaForm$MH+0x000001e7b31a3c00'
Event: 10.626 Thread 0x000001e79ab648a0 Unloading class 0x000001e7b31a3800 'java/lang/invoke/LambdaForm$BMH+0x000001e7b31a3800'
Event: 10.626 Thread 0x000001e79ab648a0 Unloading class 0x000001e7b31a3400 'java/lang/invoke/LambdaForm$DMH+0x000001e7b31a3400'
Event: 10.626 Thread 0x000001e79ab648a0 Unloading class 0x000001e7b31a2000 'java/lang/invoke/LambdaForm$DMH+0x000001e7b31a2000'
Event: 73.550 Thread 0x000001e79ab648a0 Unloading class 0x000001e7b373c400 'java/lang/invoke/LambdaForm$DMH+0x000001e7b373c400'
Event: 73.550 Thread 0x000001e79ab648a0 Unloading class 0x000001e7b373c000 'java/lang/invoke/LambdaForm$DMH+0x000001e7b373c000'
Event: 73.550 Thread 0x000001e79ab648a0 Unloading class 0x000001e7b373cc00 'java/lang/invoke/LambdaForm$DMH+0x000001e7b373cc00'

Classes redefined (0 events):
No events

Internal exceptions (20 events):
Event: 302.879 Thread 0x000001e7f97e6250 Exception <a 'java/lang/NoSuchMethodError'{0x00000000d63961c0}: 'void java.lang.invoke.DelegatingMethodHandle$Holder.reinvoke_L(java.lang.Object, java.lang.Object, long)'> (0x00000000d63961c0) 
thrown [s\src\hotspot\share\interpreter\linkResolver.cpp, line 773]
Event: 304.053 Thread 0x000001e7f97e6250 Exception <a 'java/lang/NoSuchMethodError'{0x00000000d6474ba0}: 'long java.lang.invoke.Invokers$Holder.invokeExact_MT(java.lang.Object, java.lang.Object, java.lang.Object)'> (0x00000000d6474ba0) 
thrown [s\src\hotspot\share\interpreter\linkResolver.cpp, line 773]
Event: 315.128 Thread 0x000001e7fac9e1a0 Exception <a 'java/lang/NoSuchMethodError'{0x00000000d66348e0}: static [J.<clinit>()V> (0x00000000d66348e0) 
thrown [s\src\hotspot\share\prims\jni.cpp, line 1111]
Event: 315.205 Thread 0x000001e7fac9e1a0 Exception <a 'java/lang/NoSuchMethodError'{0x00000000d66768a8}: 'java.lang.Object java.lang.invoke.DirectMethodHandle$Holder.newInvokeSpecial(java.lang.Object, java.lang.Object, java.lang.Object, java.lang.Object, java.lang.Object, java.lang.Object, java.lang.Object, java.lang.Object)'> (0x00000000d66768a8) 
thrown [s\src\hotspot\share\interpreter\linkResolver.cpp, line 773]
Event: 346.804 Thread 0x000001e7faca3d80 Exception <a 'java/io/FileNotFoundException'{0x00000000d57f00a0}> (0x00000000d57f00a0) 
thrown [s\src\hotspot\share\prims\jni.cpp, line 520]
Event: 346.807 Thread 0x000001e7faca3d80 Exception <a 'java/io/FileNotFoundException'{0x00000000d57f10b8}> (0x00000000d57f10b8) 
thrown [s\src\hotspot\share\prims\jni.cpp, line 520]
Event: 347.710 Thread 0x000001e7faca3d80 Exception <a 'java/lang/IncompatibleClassChangeError'{0x00000000d58d94b0}: Found class java.lang.Object, but interface was expected> (0x00000000d58d94b0) 
thrown [s\src\hotspot\share\interpreter\linkResolver.cpp, line 840]
Event: 348.149 Thread 0x000001e7f97e5530 Exception <a 'java/lang/NoSuchMethodError'{0x00000000d5ab6018}: 'java.lang.Object java.lang.invoke.DirectMethodHandle$Holder.invokeSpecial(java.lang.Object, java.lang.Object, int, long)'> (0x00000000d5ab6018) 
thrown [s\src\hotspot\share\interpreter\linkResolver.cpp, line 773]
Event: 348.456 Thread 0x000001e7faca3d80 Exception <a 'java/lang/IncompatibleClassChangeError'{0x00000000d5d35248}: Found class java.lang.Object, but interface was expected> (0x00000000d5d35248) 
thrown [s\src\hotspot\share\interpreter\linkResolver.cpp, line 840]
Event: 348.494 Thread 0x000001e7faca3d80 Exception <a 'java/lang/IncompatibleClassChangeError'{0x00000000d5d89928}: Found class java.lang.Object, but interface was expected> (0x00000000d5d89928) 
thrown [s\src\hotspot\share\interpreter\linkResolver.cpp, line 840]
Event: 348.519 Thread 0x000001e7faca3d80 Exception <a 'java/lang/IncompatibleClassChangeError'{0x00000000d5dfbb60}: Found class java.lang.Object, but interface was expected> (0x00000000d5dfbb60) 
thrown [s\src\hotspot\share\interpreter\linkResolver.cpp, line 840]
Event: 348.551 Thread 0x000001e7faca3d80 Exception <a 'java/lang/IncompatibleClassChangeError'{0x00000000d5e69648}: Found class java.lang.Object, but interface was expected> (0x00000000d5e69648) 
thrown [s\src\hotspot\share\interpreter\linkResolver.cpp, line 840]
Event: 348.568 Thread 0x000001e7fc6c8d60 Exception <a 'java/lang/NoSuchMethodError'{0x00000000d5dc3a58}: 'java.lang.Object java.lang.invoke.DirectMethodHandle$Holder.invokeSpecial(java.lang.Object, java.lang.Object, java.lang.Object, java.lang.Object, int, java.lang.Object, java.lang.Object)'> (0x00000000d5dc3a58) 
thrown [s\src\hotspot\share\interpreter\linkResolver.cpp, line 773]
Event: 348.708 Thread 0x000001e7f97e2dd0 Exception <a 'java/lang/ArrayIndexOutOfBoundsException'{0x00000000d6134e90}> (0x00000000d6134e90) 
thrown [s\src\hotspot\share\runtime\sharedRuntime.cpp, line 625]
Event: 349.323 Thread 0x000001e7fc6ca7a0 Implicit null exception at 0x000001e7a5dd685d to 0x000001e7a5dd6921
Event: 349.325 Thread 0x000001e7fc6ca7a0 Exception <a 'java/lang/NoSuchMethodError'{0x00000000d56caaa8}: 'int java.lang.invoke.Invokers$Holder.invokeExact_MT(java.lang.Object, java.lang.Object)'> (0x00000000d56caaa8) 
thrown [s\src\hotspot\share\interpreter\linkResolver.cpp, line 773]
Event: 351.131 Thread 0x000001e7faca3d80 Exception <a 'java/lang/IncompatibleClassChangeError'{0x00000000d558c1b0}: Found class java.lang.Object, but interface was expected> (0x00000000d558c1b0) 
thrown [s\src\hotspot\share\interpreter\linkResolver.cpp, line 840]
Event: 359.820 Thread 0x000001e7fc6cae30 Implicit null exception at 0x000001e7a6258a7a to 0x000001e7a6258b34
Event: 359.820 Thread 0x000001e7fc6cc870 Implicit null exception at 0x000001e7a6258a7a to 0x000001e7a6258b34
Event: 359.820 Thread 0x000001e7fc6cae30 Implicit null exception at 0x000001e7a60c4e86 to 0x000001e7a60c69e4

ZGC Phase Switch (0 events):
No events

VM Operations (20 events):
Event: 359.374 Executing VM operation: ParallelGCFailedAllocation (Allocation Failure) done
Event: 360.003 Executing VM operation: ParallelGCFailedAllocation (Allocation Failure)
Event: 360.028 Executing VM operation: ParallelGCFailedAllocation (Allocation Failure) done
Event: 360.409 Executing VM operation: ParallelGCFailedAllocation (Allocation Failure)
Event: 360.431 Executing VM operation: ParallelGCFailedAllocation (Allocation Failure) done
Event: 360.613 Executing VM operation: ParallelGCFailedAllocation (Allocation Failure)
Event: 360.622 Executing VM operation: ParallelGCFailedAllocation (Allocation Failure) done
Event: 360.871 Executing VM operation: HandshakeAllThreads (HandshakeForDeflation)
Event: 360.961 Executing VM operation: HandshakeAllThreads (HandshakeForDeflation) done
Event: 360.961 Executing VM operation: ParallelGCFailedAllocation (Allocation Failure)
Event: 360.972 Executing VM operation: ParallelGCFailedAllocation (Allocation Failure) done
Event: 360.973 Executing VM operation: RendezvousGCThreads
Event: 360.973 Executing VM operation: RendezvousGCThreads done
Event: 361.355 Executing VM operation: HandshakeAllThreads (Deoptimize)
Event: 361.356 Executing VM operation: HandshakeAllThreads (Deoptimize) done
Event: 361.425 Executing VM operation: ParallelGCFailedAllocation (Allocation Failure)
Event: 361.435 Executing VM operation: ParallelGCFailedAllocation (Allocation Failure) done
Event: 361.520 Executing VM operation: HandshakeAllThreads (Deoptimize)
Event: 361.520 Executing VM operation: HandshakeAllThreads (Deoptimize) done
Event: 362.522 Executing VM operation: Cleanup

Memory protections (0 events):
No events

Nmethod flushes (20 events):
Event: 74.610 Thread 0x000001e79ab648a0 flushing  nmethod 0x000001e79eedbc90
Event: 74.610 Thread 0x000001e79ab648a0 flushing  nmethod 0x000001e79eedc890
Event: 74.610 Thread 0x000001e79ab648a0 flushing  nmethod 0x000001e79eedcd10
Event: 74.610 Thread 0x000001e79ab648a0 flushing  nmethod 0x000001e79eee8f90
Event: 74.610 Thread 0x000001e79ab648a0 flushing  nmethod 0x000001e79eeec510
Event: 74.610 Thread 0x000001e79ab648a0 flushing  nmethod 0x000001e79eeed410
Event: 74.610 Thread 0x000001e79ab648a0 flushing  nmethod 0x000001e79eeeee10
Event: 74.610 Thread 0x000001e79ab648a0 flushing  nmethod 0x000001e79eefb790
Event: 74.610 Thread 0x000001e79ab648a0 flushing  nmethod 0x000001e79eefda10
Event: 74.610 Thread 0x000001e79ab648a0 flushing  nmethod 0x000001e79eefdd90
Event: 74.610 Thread 0x000001e79ab648a0 flushing  nmethod 0x000001e79eefe490
Event: 74.610 Thread 0x000001e79ab648a0 flushing  nmethod 0x000001e79ef06e90
Event: 74.610 Thread 0x000001e79ab648a0 flushing  nmethod 0x000001e79ef07410
Event: 74.610 Thread 0x000001e79ab648a0 flushing  nmethod 0x000001e79ef30290
Event: 74.610 Thread 0x000001e79ab648a0 flushing  nmethod 0x000001e79ef85990
Event: 74.610 Thread 0x000001e79ab648a0 flushing  nmethod 0x000001e79ef86110
Event: 74.610 Thread 0x000001e79ab648a0 flushing  nmethod 0x000001e79ef86e90
Event: 74.610 Thread 0x000001e79ab648a0 flushing  nmethod 0x000001e79ef87910
Event: 74.610 Thread 0x000001e79ab648a0 flushing  nmethod 0x000001e79ef89210
Event: 74.610 Thread 0x000001e79ab648a0 flushing  nmethod 0x000001e79ef89c90

Events (20 events):
Event: 329.228 Thread 0x000001e7fab0dc80 Thread exited: 0x000001e7fab0dc80
Event: 329.229 Thread 0x000001e7fab0cf60 Thread exited: 0x000001e7fab0cf60
Event: 329.229 Thread 0x000001e7fab0e310 Thread exited: 0x000001e7fab0e310
Event: 329.246 Thread 0x000001e7fab0c240 Thread exited: 0x000001e7fab0c240
Event: 329.246 Thread 0x000001e7fab0ae90 Thread exited: 0x000001e7fab0ae90
Event: 329.246 Thread 0x000001e7fab0bbb0 Thread exited: 0x000001e7fab0bbb0
Event: 329.510 Thread 0x000001e7fc127f20 Thread exited: 0x000001e7fc127f20
Event: 329.511 Thread 0x000001e7fc1285b0 Thread exited: 0x000001e7fc1285b0
Event: 329.696 Thread 0x000001e7fc129960 Thread exited: 0x000001e7fc129960
Event: 330.072 Thread 0x000001e7fab09450 Thread exited: 0x000001e7fab09450
Event: 330.094 Thread 0x000001e7fab0c8d0 Thread exited: 0x000001e7fab0c8d0
Event: 335.981 Thread 0x000001e7f97e20b0 Thread exited: 0x000001e7f97e20b0
Event: 347.618 Thread 0x000001e7fac9e1a0 Thread added: 0x000001e7f97e20b0
Event: 347.621 Thread 0x000001e7faca3d80 Thread added: 0x000001e7f97e6250
Event: 348.617 Thread 0x000001e7faca3d80 Thread added: 0x000001e7fab0b520
Event: 348.626 Thread 0x000001e7faca3d80 Thread added: 0x000001e7fab09450
Event: 348.638 Thread 0x000001e7fab09450 Thread added: 0x000001e7fab0a800
Event: 349.159 Thread 0x000001e7fab09450 Thread added: 0x000001e7fab0bbb0
Event: 355.676 Thread 0x000001e7fab0bbb0 Thread exited: 0x000001e7fab0bbb0
Event: 355.687 Thread 0x000001e7f459f640 Thread added: 0x000001e7fb675a10


Dynamic libraries:
0x00007ff6fed20000 - 0x00007ff6fed2e000 	c:\Users\Admin\.vscode\extensions\redhat.java-1.43.1-win32-x64\jre\21.0.7-win32-x86_64\bin\java.exe
0x00007ffe128e0000 - 0x00007ffe12b43000 	C:\WINDOWS\SYSTEM32\ntdll.dll
0x00007ffe120f0000 - 0x00007ffe121b7000 	C:\WINDOWS\System32\KERNEL32.DLL
0x00007ffe0ff30000 - 0x00007ffe102f9000 	C:\WINDOWS\System32\KERNELBASE.dll
0x00007ffe10390000 - 0x00007ffe104dc000 	C:\WINDOWS\System32\ucrtbase.dll
0x00007ffe0cb60000 - 0x00007ffe0cb78000 	c:\Users\Admin\.vscode\extensions\redhat.java-1.43.1-win32-x64\jre\21.0.7-win32-x86_64\bin\jli.dll
0x00007ffe11ea0000 - 0x00007ffe1206a000 	C:\WINDOWS\System32\USER32.dll
0x00007ffe0fd20000 - 0x00007ffe0fd47000 	C:\WINDOWS\System32\win32u.dll
0x00007ffe10c60000 - 0x00007ffe10c8a000 	C:\WINDOWS\System32\GDI32.dll
0x00007ffe0fd50000 - 0x00007ffe0fe81000 	C:\WINDOWS\System32\gdi32full.dll
0x00007ffe10650000 - 0x00007ffe106f3000 	C:\WINDOWS\System32\msvcp_win.dll
0x00007ffe04640000 - 0x00007ffe0465e000 	c:\Users\Admin\.vscode\extensions\redhat.java-1.43.1-win32-x64\jre\21.0.7-win32-x86_64\bin\VCRUNTIME140.dll
0x00007ffdf9ff0000 - 0x00007ffdfa280000 	C:\WINDOWS\WinSxS\amd64_microsoft.windows.common-controls_6595b64144ccf1df_6.0.26100.3323_none_3e088096e3344490\COMCTL32.dll
0x00007ffe10ee0000 - 0x00007ffe10f89000 	C:\WINDOWS\System32\msvcrt.dll
0x00007ffe116b0000 - 0x00007ffe116df000 	C:\WINDOWS\System32\IMM32.DLL
0x00007ffe0ad60000 - 0x00007ffe0ad6c000 	c:\Users\Admin\.vscode\extensions\redhat.java-1.43.1-win32-x64\jre\21.0.7-win32-x86_64\bin\vcruntime140_1.dll
0x00007ffdcf1c0000 - 0x00007ffdcf24d000 	c:\Users\Admin\.vscode\extensions\redhat.java-1.43.1-win32-x64\jre\21.0.7-win32-x86_64\bin\msvcp140.dll
0x00007ffda37b0000 - 0x00007ffda4540000 	c:\Users\Admin\.vscode\extensions\redhat.java-1.43.1-win32-x64\jre\21.0.7-win32-x86_64\bin\server\jvm.dll
0x00007ffe122f0000 - 0x00007ffe123a2000 	C:\WINDOWS\System32\ADVAPI32.dll
0x00007ffe10870000 - 0x00007ffe10916000 	C:\WINDOWS\System32\sechost.dll
0x00007ffe121d0000 - 0x00007ffe122e6000 	C:\WINDOWS\System32\RPCRT4.dll
0x00007ffe10be0000 - 0x00007ffe10c54000 	C:\WINDOWS\System32\WS2_32.dll
0x00007ffe070d0000 - 0x00007ffe070db000 	C:\WINDOWS\SYSTEM32\VERSION.dll
0x00007ffe07090000 - 0x00007ffe070c6000 	C:\WINDOWS\SYSTEM32\WINMM.dll
0x00007ffe0f970000 - 0x00007ffe0f9be000 	C:\WINDOWS\SYSTEM32\POWRPROF.dll
0x00007ffe0f950000 - 0x00007ffe0f964000 	C:\WINDOWS\SYSTEM32\UMPDC.dll
0x00007ffe0e8c0000 - 0x00007ffe0e8da000 	C:\WINDOWS\SYSTEM32\kernel.appcore.dll
0x00007ffe07be0000 - 0x00007ffe07bea000 	c:\Users\Admin\.vscode\extensions\redhat.java-1.43.1-win32-x64\jre\21.0.7-win32-x86_64\bin\jimage.dll
0x00007ffe02d40000 - 0x00007ffe02f81000 	C:\WINDOWS\SYSTEM32\DBGHELP.DLL
0x00007ffe118e0000 - 0x00007ffe11c62000 	C:\WINDOWS\System32\combase.dll
0x00007ffe10790000 - 0x00007ffe10866000 	C:\WINDOWS\System32\OLEAUT32.dll
0x00007ffdffb30000 - 0x00007ffdffb69000 	C:\WINDOWS\SYSTEM32\dbgcore.DLL
0x00007ffe0fe90000 - 0x00007ffe0ff29000 	C:\WINDOWS\System32\bcryptPrimitives.dll
0x00007ffe044f0000 - 0x00007ffe044ff000 	c:\Users\Admin\.vscode\extensions\redhat.java-1.43.1-win32-x64\jre\21.0.7-win32-x86_64\bin\instrument.dll
0x00007ffdef1a0000 - 0x00007ffdef1bf000 	c:\Users\Admin\.vscode\extensions\redhat.java-1.43.1-win32-x64\jre\21.0.7-win32-x86_64\bin\java.dll
0x00007ffe10f90000 - 0x00007ffe116a5000 	C:\WINDOWS\System32\SHELL32.dll
0x00007ffe104e0000 - 0x00007ffe10648000 	C:\WINDOWS\System32\wintypes.dll
0x00007ffe0d7a0000 - 0x00007ffe0dfe5000 	C:\WINDOWS\SYSTEM32\windows.storage.dll
0x00007ffe117f0000 - 0x00007ffe118db000 	C:\WINDOWS\System32\SHCORE.dll
0x00007ffe109d0000 - 0x00007ffe10a2d000 	C:\WINDOWS\System32\shlwapi.dll
0x00007ffe0f9f0000 - 0x00007ffe0fa1f000 	C:\WINDOWS\SYSTEM32\profapi.dll
0x00007ffdef150000 - 0x00007ffdef168000 	c:\Users\Admin\.vscode\extensions\redhat.java-1.43.1-win32-x64\jre\21.0.7-win32-x86_64\bin\zip.dll
0x00007ffe044e0000 - 0x00007ffe044f0000 	C:\Users\Admin\.vscode\extensions\redhat.java-1.43.1-win32-x64\jre\21.0.7-win32-x86_64\bin\net.dll
0x00007ffe081c0000 - 0x00007ffe082de000 	C:\WINDOWS\SYSTEM32\WINHTTP.dll
0x00007ffe0edc0000 - 0x00007ffe0ee2a000 	C:\WINDOWS\system32\mswsock.dll
0x00007ffdeacd0000 - 0x00007ffdeace6000 	C:\Users\Admin\.vscode\extensions\redhat.java-1.43.1-win32-x64\jre\21.0.7-win32-x86_64\bin\nio.dll
0x00007ffe03cb0000 - 0x00007ffe03cc0000 	c:\Users\Admin\.vscode\extensions\redhat.java-1.43.1-win32-x64\jre\21.0.7-win32-x86_64\bin\verify.dll
0x00007ffde1470000 - 0x00007ffde14b5000 	C:\Users\Admin\AppData\Roaming\Code\User\globalStorage\redhat.java\1.43.1\config_win\org.eclipse.equinox.launcher\org.eclipse.equinox.launcher.win32.win32.x86_64_1.2.1300.v20250331-1702\eclipse_11911.dll
0x00007ffe10d30000 - 0x00007ffe10ec5000 	C:\WINDOWS\System32\ole32.dll
0x00007ffe0f170000 - 0x00007ffe0f18c000 	C:\WINDOWS\SYSTEM32\CRYPTSP.dll
0x00007ffe0e820000 - 0x00007ffe0e85a000 	C:\WINDOWS\system32\rsaenh.dll
0x00007ffe0ee60000 - 0x00007ffe0ee8b000 	C:\WINDOWS\SYSTEM32\USERENV.dll
0x00007ffe0f300000 - 0x00007ffe0f326000 	C:\WINDOWS\SYSTEM32\bcrypt.dll
0x00007ffe0eff0000 - 0x00007ffe0effc000 	C:\WINDOWS\SYSTEM32\CRYPTBASE.dll
0x00007ffe0e2e0000 - 0x00007ffe0e313000 	C:\WINDOWS\SYSTEM32\IPHLPAPI.DLL
0x00007ffe10ed0000 - 0x00007ffe10eda000 	C:\WINDOWS\System32\NSI.dll
0x00007ffddf3c0000 - 0x00007ffddf409000 	C:\Users\Admin\AppData\Local\Temp\jna-63116079\jna7229399433094779118.dll
0x00007ffe10b90000 - 0x00007ffe10b98000 	C:\WINDOWS\System32\PSAPI.DLL
0x00007ffe08630000 - 0x00007ffe0864f000 	C:\WINDOWS\SYSTEM32\dhcpcsvc6.DLL
0x00007ffe08940000 - 0x00007ffe08965000 	C:\WINDOWS\SYSTEM32\dhcpcsvc.DLL
0x00007ffe03ca0000 - 0x00007ffe03cae000 	C:\Users\Admin\.vscode\extensions\redhat.java-1.43.1-win32-x64\jre\21.0.7-win32-x86_64\bin\sunmscapi.dll
0x00007ffe0fba0000 - 0x00007ffe0fd17000 	C:\WINDOWS\System32\CRYPT32.dll
0x00007ffe0f2c0000 - 0x00007ffe0f2f0000 	C:\WINDOWS\SYSTEM32\ncrypt.dll
0x00007ffe0f270000 - 0x00007ffe0f2af000 	C:\WINDOWS\SYSTEM32\NTASN1.dll
0x00007ffe0e370000 - 0x00007ffe0e495000 	C:\WINDOWS\SYSTEM32\DNSAPI.dll
0x00007ffe08930000 - 0x00007ffe0893b000 	C:\Windows\System32\rasadhlp.dll
0x00007ffe04ac0000 - 0x00007ffe04b45000 	C:\WINDOWS\System32\fwpuclnt.dll
0x00007ffe03c50000 - 0x00007ffe03c59000 	C:\Users\Admin\.vscode\extensions\redhat.java-1.43.1-win32-x64\jre\21.0.7-win32-x86_64\bin\extnet.dll
0x00007ffe0e9e0000 - 0x00007ffe0ea15000 	C:\WINDOWS\SYSTEM32\ntmarta.dll

dbghelp: loaded successfully - version: 4.0.5 - missing functions: none
symbol engine: initialized successfully - sym options: 0x614 - pdb path: .;c:\Users\Admin\.vscode\extensions\redhat.java-1.43.1-win32-x64\jre\21.0.7-win32-x86_64\bin;C:\WINDOWS\SYSTEM32;C:\WINDOWS\WinSxS\amd64_microsoft.windows.common-controls_6595b64144ccf1df_6.0.26100.3323_none_3e088096e3344490;c:\Users\Admin\.vscode\extensions\redhat.java-1.43.1-win32-x64\jre\21.0.7-win32-x86_64\bin\server;C:\Users\Admin\AppData\Roaming\Code\User\globalStorage\redhat.java\1.43.1\config_win\org.eclipse.equinox.launcher\org.eclipse.equinox.launcher.win32.win32.x86_64_1.2.1300.v20250331-1702;C:\Users\Admin\AppData\Local\Temp\jna-63116079

VM Arguments:
jvm_args: --add-modules=ALL-SYSTEM --add-opens=java.base/java.util=ALL-UNNAMED --add-opens=java.base/java.lang=ALL-UNNAMED --add-opens=java.base/sun.nio.fs=ALL-UNNAMED -Declipse.application=org.eclipse.jdt.ls.core.id1 -Dosgi.bundles.defaultStartLevel=4 -Declipse.product=org.eclipse.jdt.ls.core.product -Djava.import.generatesMetadataFilesAtProjectRoot=false -DDetectVMInstallationsJob.disabled=true -Dfile.encoding=utf8 -XX:+UseParallelGC -XX:GCTimeRatio=4 -XX:AdaptiveSizePolicyWeight=90 -Dsun.zip.disableMemoryMapping=true -Xmx2G -Xms100m -Xlog:disable -javaagent:c:\Users\Admin\.vscode\extensions\redhat.java-1.43.1-win32-x64\lombok\lombok-1.18.39-4050.jar -XX:+HeapDumpOnOutOfMemoryError -XX:HeapDumpPath=c:\Users\Admin\AppData\Roaming\Code\User\workspaceStorage\91bfc2bb926e85cacc8896de9206306c\redhat.java -Daether.dependencyCollector.impl=bf 
java_command: c:\Users\Admin\.vscode\extensions\redhat.java-1.43.1-win32-x64\server\plugins\org.eclipse.equinox.launcher_1.7.0.v20250519-0528.jar -configuration c:\Users\Admin\AppData\Roaming\Code\User\globalStorage\redhat.java\1.43.1\config_win -data c:\Users\Admin\AppData\Roaming\Code\User\workspaceStorage\91bfc2bb926e85cacc8896de9206306c\redhat.java\jdt_ws --pipe=\\.\pipe\lsp-e71f5fa5a824b058f318818648cb116d-sock
java_class_path (initial): c:\Users\Admin\.vscode\extensions\redhat.java-1.43.1-win32-x64\server\plugins\org.eclipse.equinox.launcher_1.7.0.v20250519-0528.jar
Launcher Type: SUN_STANDARD

[Global flags]
    uintx AdaptiveSizePolicyWeight                 = 90                                        {product} {command line}
     intx CICompilerCount                          = 4                                         {product} {ergonomic}
    uintx GCTimeRatio                              = 4                                         {product} {command line}
     bool HeapDumpOnOutOfMemoryError               = true                                   {manageable} {command line}
    ccstr HeapDumpPath                             = c:\Users\Admin\AppData\Roaming\Code\User\workspaceStorage\91bfc2bb926e85cacc8896de9206306c\redhat.java         {manageable} {command line}
   size_t InitialHeapSize                          = 104857600                                 {product} {command line}
   size_t MaxHeapSize                              = 2147483648                                {product} {command line}
   size_t MaxNewSize                               = 715653120                                 {product} {ergonomic}
   size_t MinHeapDeltaBytes                        = 524288                                    {product} {ergonomic}
   size_t MinHeapSize                              = 104857600                                 {product} {command line}
   size_t NewSize                                  = 34603008                                  {product} {ergonomic}
    uintx NonNMethodCodeHeapSize                   = 5839372                                {pd product} {ergonomic}
    uintx NonProfiledCodeHeapSize                  = 122909434                              {pd product} {ergonomic}
   size_t OldSize                                  = 70254592                                  {product} {ergonomic}
    uintx ProfiledCodeHeapSize                     = 122909434                              {pd product} {ergonomic}
    uintx ReservedCodeCacheSize                    = 251658240                              {pd product} {ergonomic}
     bool SegmentedCodeCache                       = true                                      {product} {ergonomic}
   size_t SoftMaxHeapSize                          = 2147483648                             {manageable} {ergonomic}
     bool UseCompressedOops                        = true                           {product lp64_product} {ergonomic}
     bool UseLargePagesIndividualAllocation        = false                                  {pd product} {ergonomic}
     bool UseParallelGC                            = true                                      {product} {command line}

Logging:
Log output configuration:
 #0: stdout all=off uptime,level,tags foldmultilines=false
 #1: stderr all=off uptime,level,tags foldmultilines=false

Environment Variables:
JAVA_HOME=C:\Program Files\Java\jdk-17
PATH=C:\Program Files\Java\jdk-17\bin;C:\Program Files\Java\jdk-21\bin;C:\Users\Admin\Downloads\kafka-3.9.0-src\kafka-3.9.0-src\bin;C:\Users\Admin\Downloads\gradle-8.11-bin\gradle-8.11\bin;D:\JDk\jdk1.8.0_281\bin;C:\Program Files\Common Files\Oracle\Java\javapath;C:\Program Files (x86)\Common Files\Oracle\Java\javapath;C:\WINDOWS\system32;C:\WINDOWS;C:\WINDOWS\System32\Wbem;C:\WINDOWS\System32\WindowsPowerShell\v1.0\;C:\WINDOWS\System32\OpenSSH\;C:\Program Files\nodejs\;C:\Program Files\Java\jdk-17\\bin;C:\Program Files\Git\cmd;C:\Program Files\PuTTY\;C:\Users\Admin\Desktop\mvn\apache-maven-3.9.4-bin\apache-maven-3.9.4\bin;C:\Program Files\Docker\Docker\resources\bin;C:\Users\Admin\Downloads\New folder (19)\strawberry-perl-5.40.0.1-64bit-portable\perl\bin;C:\Program Files\Maven\apache-maven-3.9.9-bin\apache-maven-3.9.9\bin;C:\Program Files\Java\jdk-17\bin;C:\Program Files\Java\jdk-21\bin;C:\Users\Admin\Downloads\kafka-3.9.0-src\kafka-3.9.0-src\bin;C:\Users\Admin\Downloads\gradle-8.11-bin\gradle-8.11\bin;D:\JDk\jdk1.8.0_281\bin;C:\Users\Admin\AppData\Local\Microsoft\WindowsApps;C:\Users\Admin\AppData\Local\Programs\Microsoft VS Code\bin;C:\Users\Admin\AppData\Roaming\npm;C:\Program Files\JetBrains\IntelliJ IDEA 2024.1.2\bin;;C:\Program Files\PHP;C:\Users\Admin\AppData\Local\Programs\MiKTeX\miktex\bin\x64\;C:\Users\Admin\Downloads\New folder (19)\strawberry-perl-5.40.0.1-64bit-portable\perl\bin;C:\Program Files\Maven\apache-maven-3.9.9-bin\apache-maven-3.9.9\bin;
USERNAME=Admin
OS=Windows_NT
PROCESSOR_IDENTIFIER=AMD64 Family 23 Model 104 Stepping 1, AuthenticAMD
TMP=C:\Users\Admin\AppData\Local\Temp
TEMP=C:\Users\Admin\AppData\Local\Temp




Periodic native trim disabled

---------------  S Y S T E M  ---------------

OS:
 Windows 11 , 64 bit Build 26100 (10.0.26100.3323)
OS uptime: 0 days 17:56 hours
Hyper-V role detected

CPU: total 12 (initial active 12) (12 cores per cpu, 2 threads per core) family 23 model 104 stepping 1 microcode 0x8608103, cx8, cmov, fxsr, ht, mmx, 3dnowpref, sse, sse2, sse3, ssse3, sse4a, sse4.1, sse4.2, popcnt, lzcnt, tsc, tscinvbit, avx, avx2, aes, clmul, bmi1, bmi2, adx, sha, fma, vzeroupper, clflush, clflushopt, hv, rdtscp, rdpid, f16c
Processor Information for the first 12 processors :
  Max Mhz: 2100, Current Mhz: 1988, Mhz Limit: 2100

Memory: 4k page, system-wide physical 6005M (271M free)
TotalPageFile size 24437M (AvailPageFile size 0M)
current process WorkingSet (physical memory assigned to process): 335M, peak: 774M
current process commit charge ("private bytes"): 954M, peak: 1678M

vm_info: OpenJDK 64-Bit Server VM (21.0.7+6-LTS) for windows-amd64 JRE (21.0.7+6-LTS), built on 2025-04-15T00:00:00Z by "admin" with MS VC++ 17.7 (VS2022)

END.
