#
# There is insufficient memory for the Java Runtime Environment to continue.
# Native memory allocation (malloc) failed to allocate 1867216 bytes. Error detail: Chunk::new
# Possible reasons:
#   The system is out of physical RAM or swap space
#   This process is running with CompressedOops enabled, and the Java Heap may be blocking the growth of the native heap
# Possible solutions:
#   Reduce memory load on the system
#   Increase physical memory or swap space
#   Check if swap backing store is full
#   Decrease Java heap size (-Xmx/-Xms)
#   Decrease number of Java threads
#   Decrease Java thread stack sizes (-Xss)
#   Set larger code cache with -XX:ReservedCodeCacheSize=
#   JVM is running with Unscaled Compressed Oops mode in which the Java heap is
#     placed in the first 4GB address space. The Java Heap base address is the
#     maximum limit for the native heap growth. Please use -XX:HeapBaseMinAddress
#     to set the Java Heap base and to place the Java Heap above 4GB virtual address.
# This output file may be truncated or incomplete.
#
#  Out of Memory Error (arena.cpp:168), pid=23616, tid=16412
#
# JRE version: OpenJDK Runtime Environment Temurin-21.0.7+6 (21.0.7+6) (build 21.0.7+6-LTS)
# Java VM: OpenJDK 64-Bit Server VM Temurin-21.0.7+6 (21.0.7+6-LTS, mixed mode, sharing, tiered, compressed oops, compressed class ptrs, parallel gc, windows-amd64)
# No core dump will be written. Minidumps are not enabled by default on client versions of Windows
#

---------------  S U M M A R Y ------------

Command Line: --add-modules=ALL-SYSTEM --add-opens=java.base/java.util=ALL-UNNAMED --add-opens=java.base/java.lang=ALL-UNNAMED --add-opens=java.base/sun.nio.fs=ALL-UNNAMED -Declipse.application=org.eclipse.jdt.ls.core.id1 -Dosgi.bundles.defaultStartLevel=4 -Declipse.product=org.eclipse.jdt.ls.core.product -Djava.import.generatesMetadataFilesAtProjectRoot=false -DDetectVMInstallationsJob.disabled=true -Dfile.encoding=utf8 -XX:+UseParallelGC -XX:GCTimeRatio=4 -XX:AdaptiveSizePolicyWeight=90 -Dsun.zip.disableMemoryMapping=true -Xmx2G -Xms100m -Xlog:disable -javaagent:c:\Users\Admin\.vscode\extensions\redhat.java-1.43.1-win32-x64\lombok\lombok-1.18.39-4050.jar -XX:+HeapDumpOnOutOfMemoryError -XX:HeapDumpPath=c:\Users\Admin\AppData\Roaming\Code\User\workspaceStorage\91bfc2bb926e85cacc8896de9206306c\redhat.java -Daether.dependencyCollector.impl=bf c:\Users\Admin\.vscode\extensions\redhat.java-1.43.1-win32-x64\server\plugins\org.eclipse.equinox.launcher_1.7.0.v20250519-0528.jar -configuration c:\Users\Admin\AppData\Roaming\Code\User\globalStorage\redhat.java\1.43.1\config_win -data c:\Users\Admin\AppData\Roaming\Code\User\workspaceStorage\91bfc2bb926e85cacc8896de9206306c\redhat.java\jdt_ws --pipe=\\.\pipe\lsp-02988cbd4a3e153d393152c67c1e4235-sock

Host: AMD Ryzen 5 5500U with Radeon Graphics         , 12 cores, 5G,  Windows 11 , 64 bit Build 26100 (10.0.26100.3323)
Time: Wed Jul  9 10:23:56 2025 W. Central Africa Standard Time elapsed time: 2314.609186 seconds (0d 0h 38m 34s)

---------------  T H R E A D  ---------------

Current thread (0x00000204ff96a010):  JavaThread "C2 CompilerThread0" daemon [_thread_in_native, id=16412, stack(0x000000f711300000,0x000000f711400000) (1024K)]


Current CompileTask:
C2:2314618 18714       4       org.eclipse.jdt.internal.compiler.classfmt.ModuleInfo::readModuleAttribute (1166 bytes)

Stack: [0x000000f711300000,0x000000f711400000]
Native frames: (J=compiled Java code, j=interpreted, Vv=VM code, C=native code)
V  [jvm.dll+0x6ce119]
V  [jvm.dll+0x8a84a1]
V  [jvm.dll+0x8aa9ce]
V  [jvm.dll+0x8ab0b3]
V  [jvm.dll+0x27f8a6]
V  [jvm.dll+0xc507d]
V  [jvm.dll+0xc55b3]
V  [jvm.dll+0x3b68f2]
V  [jvm.dll+0x382aa5]
V  [jvm.dll+0x381f0a]
V  [jvm.dll+0x247af0]
V  [jvm.dll+0x2470cf]
V  [jvm.dll+0x1c760e]
V  [jvm.dll+0x25695a]
V  [jvm.dll+0x254efa]
V  [jvm.dll+0x3f03f6]
V  [jvm.dll+0x851f6b]
V  [jvm.dll+0x6cc7dd]
C  [ucrtbase.dll+0x37b0]
C  [KERNEL32.DLL+0x2e8d7]
C  [ntdll.dll+0xbbf6c]


---------------  P R O C E S S  ---------------

Threads class SMR info:
_java_thread_list=0x00000204c98e21a0, length=44, elements={
0x00000204e7b7e1d0, 0x00000204e7c1f3b0, 0x00000204e7c20160, 0x00000204e7c25de0,
0x00000204e7c26de0, 0x00000204e7c27ad0, 0x00000204e7c2a930, 0x00000204ff96a010,
0x00000204e7c3e830, 0x00000204ffa6de10, 0x00000204ffc30630, 0x00000204c641aac0,
0x00000204c644bbc0, 0x00000204c66fdd30, 0x00000204c670f0f0, 0x00000204c6a467b0,
0x00000204c6a27e20, 0x00000204c65fb400, 0x00000204c65fc7b0, 0x00000204c65fa050,
0x00000204c8911640, 0x00000204c8910920, 0x00000204c890f570, 0x00000204c890fc00,
0x00000204c890eee0, 0x00000204c8910290, 0x00000204c8911cd0, 0x00000204c890e850,
0x00000204c8913da0, 0x00000204c8914ac0, 0x00000204c8912360, 0x00000204c8915150,
0x00000204c8914430, 0x00000204c89157e0, 0x00000204c8915e70, 0x00000204c89129f0,
0x00000204c65fce40, 0x00000204c7bf9ff0, 0x00000204c7bfb3a0, 0x00000204c7bf8c40,
0x00000204c7bf92d0, 0x00000204c7bf9960, 0x00000204c7bfa680, 0x00000204c7bfad10
}

Java Threads: ( => current thread )
  0x00000204e7b7e1d0 JavaThread "main"                              [_thread_blocked, id=17840, stack(0x000000f710900000,0x000000f710a00000) (1024K)]
  0x00000204e7c1f3b0 JavaThread "Reference Handler"          daemon [_thread_blocked, id=30716, stack(0x000000f710d00000,0x000000f710e00000) (1024K)]
  0x00000204e7c20160 JavaThread "Finalizer"                  daemon [_thread_blocked, id=27764, stack(0x000000f710e00000,0x000000f710f00000) (1024K)]
  0x00000204e7c25de0 JavaThread "Signal Dispatcher"          daemon [_thread_blocked, id=3868, stack(0x000000f710f00000,0x000000f711000000) (1024K)]
  0x00000204e7c26de0 JavaThread "Attach Listener"            daemon [_thread_blocked, id=23348, stack(0x000000f711000000,0x000000f711100000) (1024K)]
  0x00000204e7c27ad0 JavaThread "Service Thread"             daemon [_thread_blocked, id=31928, stack(0x000000f711100000,0x000000f711200000) (1024K)]
  0x00000204e7c2a930 JavaThread "Monitor Deflation Thread"   daemon [_thread_blocked, id=32400, stack(0x000000f711200000,0x000000f711300000) (1024K)]
=>0x00000204ff96a010 JavaThread "C2 CompilerThread0"         daemon [_thread_in_native, id=16412, stack(0x000000f711300000,0x000000f711400000) (1024K)]
  0x00000204e7c3e830 JavaThread "C1 CompilerThread0"         daemon [_thread_blocked, id=12236, stack(0x000000f711400000,0x000000f711500000) (1024K)]
  0x00000204ffa6de10 JavaThread "Common-Cleaner"             daemon [_thread_blocked, id=21960, stack(0x000000f711500000,0x000000f711600000) (1024K)]
  0x00000204ffc30630 JavaThread "Notification Thread"        daemon [_thread_blocked, id=35160, stack(0x000000f711600000,0x000000f711700000) (1024K)]
  0x00000204c641aac0 JavaThread "Active Thread: Equinox Container: 78f656a4-ce52-4df8-bebf-2a0afa37fa74"        [_thread_blocked, id=252, stack(0x000000f711d00000,0x000000f711e00000) (1024K)]
  0x00000204c644bbc0 JavaThread "Refresh Thread: Equinox Container: 78f656a4-ce52-4df8-bebf-2a0afa37fa74" daemon [_thread_blocked, id=26204, stack(0x000000f711f00000,0x000000f712000000) (1024K)]
  0x00000204c66fdd30 JavaThread "Framework Event Dispatcher: Equinox Container: 78f656a4-ce52-4df8-bebf-2a0afa37fa74" daemon [_thread_blocked, id=3440, stack(0x000000f712000000,0x000000f712100000) (1024K)]
  0x00000204c670f0f0 JavaThread "Start Level: Equinox Container: 78f656a4-ce52-4df8-bebf-2a0afa37fa74" daemon [_thread_blocked, id=19864, stack(0x000000f712100000,0x000000f712200000) (1024K)]
  0x00000204c6a467b0 JavaThread "Bundle File Closer"         daemon [_thread_blocked, id=32316, stack(0x000000f712400000,0x000000f712500000) (1024K)]
  0x00000204c6a27e20 JavaThread "SCR Component Actor"        daemon [_thread_blocked, id=10752, stack(0x000000f712500000,0x000000f712600000) (1024K)]
  0x00000204c65fb400 JavaThread "Worker-JM"                         [_thread_blocked, id=35116, stack(0x000000f712700000,0x000000f712800000) (1024K)]
  0x00000204c65fc7b0 JavaThread "JNA Cleaner"                daemon [_thread_blocked, id=5892, stack(0x000000f712800000,0x000000f712900000) (1024K)]
  0x00000204c65fa050 JavaThread "Java indexing"              daemon [_thread_blocked, id=23744, stack(0x000000f712c00000,0x000000f712d00000) (1024K)]
  0x00000204c8911640 JavaThread "Thread-2"                   daemon [_thread_in_native, id=30712, stack(0x000000f713200000,0x000000f713300000) (1024K)]
  0x00000204c8910920 JavaThread "Thread-3"                   daemon [_thread_in_native, id=31036, stack(0x000000f713300000,0x000000f713400000) (1024K)]
  0x00000204c890f570 JavaThread "Thread-4"                   daemon [_thread_in_native, id=32096, stack(0x000000f713400000,0x000000f713500000) (1024K)]
  0x00000204c890fc00 JavaThread "Thread-5"                   daemon [_thread_in_native, id=27712, stack(0x000000f713500000,0x000000f713600000) (1024K)]
  0x00000204c890eee0 JavaThread "Thread-6"                   daemon [_thread_in_native, id=8868, stack(0x000000f713600000,0x000000f713700000) (1024K)]
  0x00000204c8910290 JavaThread "Thread-7"                   daemon [_thread_in_native, id=10532, stack(0x000000f713700000,0x000000f713800000) (1024K)]
  0x00000204c8911cd0 JavaThread "Thread-8"                   daemon [_thread_in_native, id=5536, stack(0x000000f713800000,0x000000f713900000) (1024K)]
  0x00000204c890e850 JavaThread "Thread-9"                   daemon [_thread_in_native, id=3016, stack(0x000000f713900000,0x000000f713a00000) (1024K)]
  0x00000204c8913da0 JavaThread "Thread-10"                  daemon [_thread_in_native, id=31052, stack(0x000000f713a00000,0x000000f713b00000) (1024K)]
  0x00000204c8914ac0 JavaThread "Thread-11"                  daemon [_thread_in_native, id=26556, stack(0x000000f713b00000,0x000000f713c00000) (1024K)]
  0x00000204c8912360 JavaThread "Thread-12"                  daemon [_thread_in_native, id=30316, stack(0x000000f713c00000,0x000000f713d00000) (1024K)]
  0x00000204c8915150 JavaThread "Thread-13"                  daemon [_thread_in_native, id=6420, stack(0x000000f713d00000,0x000000f713e00000) (1024K)]
  0x00000204c8914430 JavaThread "Thread-14"                  daemon [_thread_in_native, id=34740, stack(0x000000f713e00000,0x000000f713f00000) (1024K)]
  0x00000204c89157e0 JavaThread "pool-2-thread-1"                   [_thread_blocked, id=15084, stack(0x000000f713f00000,0x000000f714000000) (1024K)]
  0x00000204c8915e70 JavaThread "WorkspaceEventsHandler"            [_thread_blocked, id=28008, stack(0x000000f714000000,0x000000f714100000) (1024K)]
  0x00000204c89129f0 JavaThread "pool-1-thread-1"                   [_thread_blocked, id=35956, stack(0x000000f714100000,0x000000f714200000) (1024K)]
  0x00000204c65fce40 JavaThread "Worker-6"                          [_thread_blocked, id=35032, stack(0x000000f713000000,0x000000f713100000) (1024K)]
  0x00000204c7bf9ff0 JavaThread "Worker-10"                         [_thread_blocked, id=10792, stack(0x000000f710800000,0x000000f710900000) (1024K)]
  0x00000204c7bfb3a0 JavaThread "Worker-11"                         [_thread_blocked, id=33132, stack(0x000000f712600000,0x000000f712700000) (1024K)]
  0x00000204c7bf8c40 JavaThread "Worker-12"                         [_thread_blocked, id=25752, stack(0x000000f712900000,0x000000f712a00000) (1024K)]
  0x00000204c7bf92d0 JavaThread "ForkJoinPool.commonPool-worker-17" daemon [_thread_blocked, id=25808, stack(0x000000f710700000,0x000000f710800000) (1024K)]
  0x00000204c7bf9960 JavaThread "Worker-13"                         [_thread_blocked, id=23240, stack(0x000000f710600000,0x000000f710700000) (1024K)]
  0x00000204c7bfa680 JavaThread "Worker-14"                         [_thread_blocked, id=25076, stack(0x000000f712a00000,0x000000f712b00000) (1024K)]
  0x00000204c7bfad10 JavaThread "ForkJoinPool.commonPool-worker-18" daemon [_thread_blocked, id=1208, stack(0x000000f712b00000,0x000000f712c00000) (1024K)]
Total: 44

Other Threads:
  0x00000204fe604940 VMThread "VM Thread"                           [id=5012, stack(0x000000f710c00000,0x000000f710d00000) (1024K)]
  0x00000204fe4fca00 WatcherThread "VM Periodic Task Thread"        [id=31800, stack(0x000000f710b00000,0x000000f710c00000) (1024K)]
  0x00000204e7b9c960 WorkerThread "GC Thread#0"                     [id=29348, stack(0x000000f710a00000,0x000000f710b00000) (1024K)]
  0x00000204c61b8130 WorkerThread "GC Thread#1"                     [id=33084, stack(0x000000f711700000,0x000000f711800000) (1024K)]
  0x00000204c61b84d0 WorkerThread "GC Thread#2"                     [id=11900, stack(0x000000f711800000,0x000000f711900000) (1024K)]
  0x00000204c6047830 WorkerThread "GC Thread#3"                     [id=21012, stack(0x000000f711900000,0x000000f711a00000) (1024K)]
  0x00000204c6047bd0 WorkerThread "GC Thread#4"                     [id=18368, stack(0x000000f711a00000,0x000000f711b00000) (1024K)]
  0x00000204c622c6f0 WorkerThread "GC Thread#5"                     [id=2740, stack(0x000000f711b00000,0x000000f711c00000) (1024K)]
  0x00000204c622ca90 WorkerThread "GC Thread#6"                     [id=4724, stack(0x000000f711c00000,0x000000f711d00000) (1024K)]
  0x00000204c665d100 WorkerThread "GC Thread#7"                     [id=28212, stack(0x000000f711e00000,0x000000f711f00000) (1024K)]
  0x00000204c6a285a0 WorkerThread "GC Thread#8"                     [id=7904, stack(0x000000f712200000,0x000000f712300000) (1024K)]
  0x00000204c64c49d0 WorkerThread "GC Thread#9"                     [id=27012, stack(0x000000f712300000,0x000000f712400000) (1024K)]
Total: 12

Threads with active compile tasks:
C2 CompilerThread0  2314877 18714       4       org.eclipse.jdt.internal.compiler.classfmt.ModuleInfo::readModuleAttribute (1166 bytes)
Total: 1

VM state: not at safepoint (normal execution)

VM Mutex/Monitor currently owned by a thread: None

Heap address: 0x0000000080000000, size: 2048 MB, Compressed Oops mode: 32-bit

CDS archive(s) mapped at: [0x0000020480000000-0x0000020480ba0000-0x0000020480ba0000), size 12189696, SharedBaseAddress: 0x0000020480000000, ArchiveRelocationMode: 1.
Compressed class space mapped at: 0x0000020481000000-0x00000204c1000000, reserved size: 1073741824
Narrow klass base: 0x0000020480000000, Narrow klass shift: 0, Narrow klass range: 0x100000000

GC Precious Log:
 CardTable entry size: 512
 CPUs: 12 total, 12 available
 Memory: 6005M
 Large Page Support: Disabled
 NUMA Support: Disabled
 Compressed Oops: Enabled (32-bit)
 Alignments: Space 512K, Generation 512K, Heap 2M
 Heap Min Capacity: 100M
 Heap Initial Capacity: 100M
 Heap Max Capacity: 2G
 Pre-touch: Disabled
 Parallel Workers: 10

Heap:
 PSYoungGen      total 16896K, used 14408K [0x00000000d5580000, 0x00000000d6700000, 0x0000000100000000)
  eden space 15872K, 85% used [0x00000000d5580000,0x00000000d62ae330,0x00000000d6500000)
  from space 1024K, 89% used [0x00000000d6500000,0x00000000d65e4050,0x00000000d6600000)
  to   space 1024K, 0% used [0x00000000d6600000,0x00000000d6600000,0x00000000d6700000)
 ParOldGen       total 216064K, used 205544K [0x0000000080000000, 0x000000008d300000, 0x00000000d5580000)
  object space 216064K, 95% used [0x0000000080000000,0x000000008c8ba290,0x000000008d300000)
 Metaspace       used 71303K, committed 73216K, reserved 1179648K
  class space    used 7024K, committed 7936K, reserved 1048576K

Card table byte_map: [0x00000204e7530000,0x00000204e7940000] _byte_map_base: 0x00000204e7130000

Marking Bits: (ParMarkBitMap*) 0x00007ffa928831f0
 Begin Bits: [0x00000204fa020000, 0x00000204fc020000)
 End Bits:   [0x00000204fc020000, 0x00000204fe020000)

Polling page: 0x00000204e7200000

Metaspace:

Usage:
  Non-class:     62.77 MB used.
      Class:      6.86 MB used.
       Both:     69.63 MB used.

Virtual space:
  Non-class space:      128.00 MB reserved,      63.75 MB ( 50%) committed,  2 nodes.
      Class space:        1.00 GB reserved,       7.75 MB ( <1%) committed,  1 nodes.
             Both:        1.12 GB reserved,      71.50 MB (  6%) committed. 

Chunk freelists:
   Non-Class:  15.89 MB
       Class:  8.48 MB
        Both:  24.37 MB

MaxMetaspaceSize: unlimited
CompressedClassSpaceSize: 1.00 GB
Initial GC threshold: 21.00 MB
Current GC threshold: 118.88 MB
CDS: on
 - commit_granule_bytes: 65536.
 - commit_granule_words: 8192.
 - virtual_space_node_default_size: 8388608.
 - enlarge_chunks_in_place: 1.
 - use_allocation_guard: 0.


Internal statistics:

num_allocs_failed_limit: 9.
num_arena_births: 1568.
num_arena_deaths: 486.
num_vsnodes_births: 3.
num_vsnodes_deaths: 0.
num_space_committed: 1144.
num_space_uncommitted: 0.
num_chunks_returned_to_freelist: 568.
num_chunks_taken_from_freelist: 5125.
num_chunk_merges: 159.
num_chunk_splits: 3039.
num_chunks_enlarged: 1713.
num_inconsistent_stats: 0.

CodeHeap 'non-profiled nmethods': size=120000Kb used=10915Kb max_used=12574Kb free=109085Kb
 bounds [0x00000204f2840000, 0x00000204f3490000, 0x00000204f9d70000]
CodeHeap 'profiled nmethods': size=120000Kb used=28252Kb max_used=37264Kb free=91747Kb
 bounds [0x00000204ead70000, 0x00000204ed1e0000, 0x00000204f22a0000]
CodeHeap 'non-nmethods': size=5760Kb used=1461Kb max_used=1551Kb free=4298Kb
 bounds [0x00000204f22a0000, 0x00000204f2510000, 0x00000204f2840000]
 total_blobs=14350 nmethods=13574 adapters=681
 compilation: enabled
              stopped_count=0, restarted_count=0
 full_count=0

Compilation events (20 events):
Event: 2310.817 Thread 0x00000204ff96a010 nmethod 18706 0x00000204f2ec1710 code [0x00000204f2ec19c0, 0x00000204f2ec2740]
Event: 2311.497 Thread 0x00000204ff96a010 18707       4       org.eclipse.sisu.plexus.DefaultPlexusBeans$Itr::next (5 bytes)
Event: 2311.558 Thread 0x00000204ff96a010 nmethod 18707 0x00000204f2b1f890 code [0x00000204f2b1fb40, 0x00000204f2b206f0]
Event: 2311.558 Thread 0x00000204ff96a010 18708       4       java.lang.invoke.DirectMethodHandle$Holder::invokeStatic (15 bytes)
Event: 2311.562 Thread 0x00000204ff96a010 nmethod 18708 0x00000204f2ebe710 code [0x00000204f2ebe8a0, 0x00000204f2ebe988]
Event: 2311.599 Thread 0x00000204ff96a010 18709       4       java.lang.invoke.LambdaForm$MH/0x000002048152d800::invoke (48 bytes)
Event: 2311.602 Thread 0x00000204ff96a010 nmethod 18709 0x00000204f284a810 code [0x00000204f284a9e0, 0x00000204f284abb8]
Event: 2311.685 Thread 0x00000204ff96a010 18710       4       java.util.Spliterators$ArraySpliterator::tryAdvance (58 bytes)
Event: 2311.688 Thread 0x00000204e7c3e830 18713       1       org.eclipse.aether.DefaultRepositorySystemSession::getTransferListener (5 bytes)
Event: 2311.689 Thread 0x00000204e7c3e830 nmethod 18713 0x00000204f28b1210 code [0x00000204f28b13a0, 0x00000204f28b1468]
Event: 2311.695 Thread 0x00000204ff96a010 nmethod 18710 0x00000204f2944190 code [0x00000204f2944340, 0x00000204f2944530]
Event: 2311.695 Thread 0x00000204ff96a010 18711       4       org.eclipse.jdt.internal.core.ClasspathEntry::hasDotDot (39 bytes)
Event: 2311.707 Thread 0x00000204ff96a010 nmethod 18711 0x00000204f2851d10 code [0x00000204f2851ec0, 0x00000204f2852398]
Event: 2311.707 Thread 0x00000204ff96a010 18712       4       java.util.stream.MatchOps$1MatchSink::accept (44 bytes)
Event: 2311.709 Thread 0x00000204ff96a010 nmethod 18712 0x00000204f289a610 code [0x00000204f289a7a0, 0x00000204f289a8a8]
Event: 2311.784 Thread 0x00000204ff96a010 18714       4       org.eclipse.jdt.internal.compiler.classfmt.ModuleInfo::readModuleAttribute (1166 bytes)
Event: 2311.830 Thread 0x00000204e7c3e830 18718       3       java.util.concurrent.ForkJoinPool::awaitWork (321 bytes)
Event: 2311.842 Thread 0x00000204e7c3e830 nmethod 18718 0x00000204eae8a390 code [0x00000204eae8a6e0, 0x00000204eae8bb18]
Event: 2311.971 Thread 0x00000204e7c3e830 18724       3       com.google.gson.stream.JsonReader::readEscapeCharacter (417 bytes)
Event: 2311.977 Thread 0x00000204e7c3e830 nmethod 18724 0x00000204eae2f690 code [0x00000204eae2f9a0, 0x00000204eae307c8]

GC Heap History (20 events):
Event: 2194.292 GC heap before
{Heap before GC invocations=1607 (full 4):
 PSYoungGen      total 17408K, used 17088K [0x00000000d5580000, 0x00000000d6800000, 0x0000000100000000)
  eden space 15872K, 100% used [0x00000000d5580000,0x00000000d6500000,0x00000000d6500000)
  from space 1536K, 79% used [0x00000000d6680000,0x00000000d67b00c0,0x00000000d6800000)
  to   space 1536K, 0% used [0x00000000d6500000,0x00000000d6500000,0x00000000d6680000)
 ParOldGen       total 446464K, used 444423K [0x0000000080000000, 0x000000009b400000, 0x00000000d5580000)
  object space 446464K, 99% used [0x0000000080000000,0x000000009b201c10,0x000000009b400000)
 Metaspace       used 71221K, committed 72960K, reserved 1179648K
  class space    used 7092K, committed 7936K, reserved 1048576K
}
Event: 2194.308 GC heap after
{Heap after GC invocations=1607 (full 4):
 PSYoungGen      total 17408K, used 944K [0x00000000d5580000, 0x00000000d6800000, 0x0000000100000000)
  eden space 15872K, 0% used [0x00000000d5580000,0x00000000d5580000,0x00000000d6500000)
  from space 1536K, 61% used [0x00000000d6500000,0x00000000d65ec0b0,0x00000000d6680000)
  to   space 1536K, 0% used [0x00000000d6680000,0x00000000d6680000,0x00000000d6800000)
 ParOldGen       total 446464K, used 444575K [0x0000000080000000, 0x000000009b400000, 0x00000000d5580000)
  object space 446464K, 99% used [0x0000000080000000,0x000000009b227c10,0x000000009b400000)
 Metaspace       used 71221K, committed 72960K, reserved 1179648K
  class space    used 7092K, committed 7936K, reserved 1048576K
}
Event: 2203.221 GC heap before
{Heap before GC invocations=1608 (full 4):
 PSYoungGen      total 17408K, used 16813K [0x00000000d5580000, 0x00000000d6800000, 0x0000000100000000)
  eden space 15872K, 99% used [0x00000000d5580000,0x00000000d64ff358,0x00000000d6500000)
  from space 1536K, 61% used [0x00000000d6500000,0x00000000d65ec0b0,0x00000000d6680000)
  to   space 1536K, 0% used [0x00000000d6680000,0x00000000d6680000,0x00000000d6800000)
 ParOldGen       total 470016K, used 467615K [0x0000000080000000, 0x000000009cb00000, 0x00000000d5580000)
  object space 470016K, 99% used [0x0000000080000000,0x000000009c8a7c30,0x000000009cb00000)
 Metaspace       used 71271K, committed 73024K, reserved 1179648K
  class space    used 7092K, committed 7936K, reserved 1048576K
}
Event: 2203.364 GC heap after
{Heap after GC invocations=1608 (full 4):
 PSYoungGen      total 17408K, used 1072K [0x00000000d5580000, 0x00000000d6800000, 0x0000000100000000)
  eden space 15872K, 0% used [0x00000000d5580000,0x00000000d5580000,0x00000000d6500000)
  from space 1536K, 69% used [0x00000000d6680000,0x00000000d678c0b0,0x00000000d6800000)
  to   space 1536K, 0% used [0x00000000d6500000,0x00000000d6500000,0x00000000d6680000)
 ParOldGen       total 470016K, used 467711K [0x0000000080000000, 0x000000009cb00000, 0x00000000d5580000)
  object space 470016K, 99% used [0x0000000080000000,0x000000009c8bfc30,0x000000009cb00000)
 Metaspace       used 71271K, committed 73024K, reserved 1179648K
  class space    used 7092K, committed 7936K, reserved 1048576K
}
Event: 2208.227 GC heap before
{Heap before GC invocations=1609 (full 4):
 PSYoungGen      total 17408K, used 11072K [0x00000000d5580000, 0x00000000d6800000, 0x0000000100000000)
  eden space 15872K, 63% used [0x00000000d5580000,0x00000000d5f44068,0x00000000d6500000)
  from space 1536K, 69% used [0x00000000d6680000,0x00000000d678c0b0,0x00000000d6800000)
  to   space 1536K, 0% used [0x00000000d6500000,0x00000000d6500000,0x00000000d6680000)
 ParOldGen       total 470016K, used 467711K [0x0000000080000000, 0x000000009cb00000, 0x00000000d5580000)
  object space 470016K, 99% used [0x0000000080000000,0x000000009c8bfc30,0x000000009cb00000)
 Metaspace       used 71291K, committed 73024K, reserved 1179648K
  class space    used 7092K, committed 7936K, reserved 1048576K
}
Event: 2212.260 GC heap after
{Heap after GC invocations=1609 (full 4):
 PSYoungGen      total 17408K, used 11072K [0x00000000d5580000, 0x00000000d6800000, 0x0000000100000000)
  eden space 15872K, 63% used [0x00000000d5580000,0x00000000d5f44068,0x00000000d6500000)
  from space 1536K, 69% used [0x00000000d6680000,0x00000000d678c0b0,0x00000000d6800000)
  to   space 1536K, 64% used [0x00000000d6500000,0x00000000d65f80c0,0x00000000d6680000)
 ParOldGen       total 470016K, used 467807K [0x0000000080000000, 0x000000009cb00000, 0x00000000d5580000)
  object space 470016K, 99% used [0x0000000080000000,0x000000009c8d7c30,0x000000009cb00000)
 Metaspace       used 71291K, committed 73024K, reserved 1179648K
  class space    used 7092K, committed 7936K, reserved 1048576K
}
Event: 2212.261 GC heap before
{Heap before GC invocations=1610 (full 5):
 PSYoungGen      total 17408K, used 11072K [0x00000000d5580000, 0x00000000d6800000, 0x0000000100000000)
  eden space 15872K, 63% used [0x00000000d5580000,0x00000000d5f44068,0x00000000d6500000)
  from space 1536K, 69% used [0x00000000d6680000,0x00000000d678c0b0,0x00000000d6800000)
  to   space 1536K, 64% used [0x00000000d6500000,0x00000000d65f80c0,0x00000000d6680000)
 ParOldGen       total 470016K, used 467807K [0x0000000080000000, 0x000000009cb00000, 0x00000000d5580000)
  object space 470016K, 99% used [0x0000000080000000,0x000000009c8d7c30,0x000000009cb00000)
 Metaspace       used 71291K, committed 73024K, reserved 1179648K
  class space    used 7092K, committed 7936K, reserved 1048576K
}
Event: 2226.965 GC heap after
{Heap after GC invocations=1610 (full 5):
 PSYoungGen      total 17408K, used 0K [0x00000000d5580000, 0x00000000d6800000, 0x0000000100000000)
  eden space 15872K, 0% used [0x00000000d5580000,0x00000000d5580000,0x00000000d6500000)
  from space 1536K, 0% used [0x00000000d6500000,0x00000000d6500000,0x00000000d6680000)
  to   space 1536K, 0% used [0x00000000d6680000,0x00000000d6680000,0x00000000d6800000)
 ParOldGen       total 145408K, used 113368K [0x0000000080000000, 0x0000000088e00000, 0x00000000d5580000)
  object space 145408K, 77% used [0x0000000080000000,0x0000000086eb6210,0x0000000088e00000)
 Metaspace       used 70855K, committed 73024K, reserved 1179648K
  class space    used 6977K, committed 7936K, reserved 1048576K
}
Event: 2228.433 GC heap before
{Heap before GC invocations=1611 (full 5):
 PSYoungGen      total 17408K, used 15871K [0x00000000d5580000, 0x00000000d6800000, 0x0000000100000000)
  eden space 15872K, 99% used [0x00000000d5580000,0x00000000d64fff18,0x00000000d6500000)
  from space 1536K, 0% used [0x00000000d6500000,0x00000000d6500000,0x00000000d6680000)
  to   space 1536K, 0% used [0x00000000d6680000,0x00000000d6680000,0x00000000d6800000)
 ParOldGen       total 145408K, used 124888K [0x0000000080000000, 0x0000000088e00000, 0x00000000d5580000)
  object space 145408K, 85% used [0x0000000080000000,0x00000000879f6220,0x0000000088e00000)
 Metaspace       used 70864K, committed 73024K, reserved 1179648K
  class space    used 6977K, committed 7936K, reserved 1048576K
}
Event: 2228.599 GC heap after
{Heap after GC invocations=1611 (full 5):
 PSYoungGen      total 16384K, used 288K [0x00000000d5580000, 0x00000000d6700000, 0x0000000100000000)
  eden space 15872K, 0% used [0x00000000d5580000,0x00000000d5580000,0x00000000d6500000)
  from space 512K, 56% used [0x00000000d6680000,0x00000000d66c8000,0x00000000d6700000)
  to   space 1024K, 0% used [0x00000000d6500000,0x00000000d6500000,0x00000000d6600000)
 ParOldGen       total 145408K, used 136416K [0x0000000080000000, 0x0000000088e00000, 0x00000000d5580000)
  object space 145408K, 93% used [0x0000000080000000,0x0000000088538230,0x0000000088e00000)
 Metaspace       used 70864K, committed 73024K, reserved 1179648K
  class space    used 6977K, committed 7936K, reserved 1048576K
}
Event: 2293.033 GC heap before
{Heap before GC invocations=1612 (full 5):
 PSYoungGen      total 16384K, used 13824K [0x00000000d5580000, 0x00000000d6700000, 0x0000000100000000)
  eden space 15872K, 85% used [0x00000000d5580000,0x00000000d62b82c8,0x00000000d6500000)
  from space 512K, 56% used [0x00000000d6680000,0x00000000d66c8000,0x00000000d6700000)
  to   space 1024K, 0% used [0x00000000d6500000,0x00000000d6500000,0x00000000d6600000)
 ParOldGen       total 145408K, used 136416K [0x0000000080000000, 0x0000000088e00000, 0x00000000d5580000)
  object space 145408K, 93% used [0x0000000080000000,0x0000000088538230,0x0000000088e00000)
 Metaspace       used 70898K, committed 73088K, reserved 1179648K
  class space    used 6977K, committed 7936K, reserved 1048576K
}
Event: 2293.142 GC heap after
{Heap after GC invocations=1612 (full 5):
 PSYoungGen      total 16896K, used 480K [0x00000000d5580000, 0x00000000d6700000, 0x0000000100000000)
  eden space 15872K, 0% used [0x00000000d5580000,0x00000000d5580000,0x00000000d6500000)
  from space 1024K, 46% used [0x00000000d6500000,0x00000000d6578000,0x00000000d6600000)
  to   space 1024K, 0% used [0x00000000d6600000,0x00000000d6600000,0x00000000d6700000)
 ParOldGen       total 145408K, used 136416K [0x0000000080000000, 0x0000000088e00000, 0x00000000d5580000)
  object space 145408K, 93% used [0x0000000080000000,0x0000000088538230,0x0000000088e00000)
 Metaspace       used 70898K, committed 73088K, reserved 1179648K
  class space    used 6977K, committed 7936K, reserved 1048576K
}
Event: 2297.083 GC heap before
{Heap before GC invocations=1613 (full 5):
 PSYoungGen      total 16896K, used 16351K [0x00000000d5580000, 0x00000000d6700000, 0x0000000100000000)
  eden space 15872K, 99% used [0x00000000d5580000,0x00000000d64fffa8,0x00000000d6500000)
  from space 1024K, 46% used [0x00000000d6500000,0x00000000d6578000,0x00000000d6600000)
  to   space 1024K, 0% used [0x00000000d6600000,0x00000000d6600000,0x00000000d6700000)
 ParOldGen       total 168960K, used 159456K [0x0000000080000000, 0x000000008a500000, 0x00000000d5580000)
  object space 168960K, 94% used [0x0000000080000000,0x0000000089bb8250,0x000000008a500000)
 Metaspace       used 70903K, committed 73088K, reserved 1179648K
  class space    used 6977K, committed 7936K, reserved 1048576K
}
Event: 2297.104 GC heap after
{Heap after GC invocations=1613 (full 5):
 PSYoungGen      total 16896K, used 688K [0x00000000d5580000, 0x00000000d6700000, 0x0000000100000000)
  eden space 15872K, 0% used [0x00000000d5580000,0x00000000d5580000,0x00000000d6500000)
  from space 1024K, 67% used [0x00000000d6600000,0x00000000d66ac010,0x00000000d6700000)
  to   space 1024K, 0% used [0x00000000d6500000,0x00000000d6500000,0x00000000d6600000)
 ParOldGen       total 168960K, used 159456K [0x0000000080000000, 0x000000008a500000, 0x00000000d5580000)
  object space 168960K, 94% used [0x0000000080000000,0x0000000089bb8250,0x000000008a500000)
 Metaspace       used 70903K, committed 73088K, reserved 1179648K
  class space    used 6977K, committed 7936K, reserved 1048576K
}
Event: 2302.307 GC heap before
{Heap before GC invocations=1614 (full 5):
 PSYoungGen      total 16896K, used 16551K [0x00000000d5580000, 0x00000000d6700000, 0x0000000100000000)
  eden space 15872K, 99% used [0x00000000d5580000,0x00000000d64fdc68,0x00000000d6500000)
  from space 1024K, 67% used [0x00000000d6600000,0x00000000d66ac010,0x00000000d6700000)
  to   space 1024K, 0% used [0x00000000d6500000,0x00000000d6500000,0x00000000d6600000)
 ParOldGen       total 192512K, used 182496K [0x0000000080000000, 0x000000008bc00000, 0x00000000d5580000)
  object space 192512K, 94% used [0x0000000080000000,0x000000008b238270,0x000000008bc00000)
 Metaspace       used 70913K, committed 73088K, reserved 1179648K
  class space    used 6977K, committed 7936K, reserved 1048576K
}
Event: 2302.363 GC heap after
{Heap after GC invocations=1614 (full 5):
 PSYoungGen      total 16896K, used 608K [0x00000000d5580000, 0x00000000d6700000, 0x0000000100000000)
  eden space 15872K, 0% used [0x00000000d5580000,0x00000000d5580000,0x00000000d6500000)
  from space 1024K, 59% used [0x00000000d6500000,0x00000000d6598000,0x00000000d6600000)
  to   space 1024K, 0% used [0x00000000d6600000,0x00000000d6600000,0x00000000d6700000)
 ParOldGen       total 192512K, used 182504K [0x0000000080000000, 0x000000008bc00000, 0x00000000d5580000)
  object space 192512K, 94% used [0x0000000080000000,0x000000008b23a270,0x000000008bc00000)
 Metaspace       used 70913K, committed 73088K, reserved 1179648K
  class space    used 6977K, committed 7936K, reserved 1048576K
}
Event: 2306.762 GC heap before
{Heap before GC invocations=1615 (full 5):
 PSYoungGen      total 16896K, used 16480K [0x00000000d5580000, 0x00000000d6700000, 0x0000000100000000)
  eden space 15872K, 100% used [0x00000000d5580000,0x00000000d6500000,0x00000000d6500000)
  from space 1024K, 59% used [0x00000000d6500000,0x00000000d6598000,0x00000000d6600000)
  to   space 1024K, 0% used [0x00000000d6600000,0x00000000d6600000,0x00000000d6700000)
 ParOldGen       total 216064K, used 205544K [0x0000000080000000, 0x000000008d300000, 0x00000000d5580000)
  object space 216064K, 95% used [0x0000000080000000,0x000000008c8ba290,0x000000008d300000)
 Metaspace       used 71005K, committed 73088K, reserved 1179648K
  class space    used 6995K, committed 7936K, reserved 1048576K
}
Event: 2306.796 GC heap after
{Heap after GC invocations=1615 (full 5):
 PSYoungGen      total 16896K, used 608K [0x00000000d5580000, 0x00000000d6700000, 0x0000000100000000)
  eden space 15872K, 0% used [0x00000000d5580000,0x00000000d5580000,0x00000000d6500000)
  from space 1024K, 59% used [0x00000000d6600000,0x00000000d6698020,0x00000000d6700000)
  to   space 1024K, 0% used [0x00000000d6500000,0x00000000d6500000,0x00000000d6600000)
 ParOldGen       total 216064K, used 205544K [0x0000000080000000, 0x000000008d300000, 0x00000000d5580000)
  object space 216064K, 95% used [0x0000000080000000,0x000000008c8ba290,0x000000008d300000)
 Metaspace       used 71005K, committed 73088K, reserved 1179648K
  class space    used 6995K, committed 7936K, reserved 1048576K
}
Event: 2309.593 GC heap before
{Heap before GC invocations=1616 (full 5):
 PSYoungGen      total 16896K, used 16363K [0x00000000d5580000, 0x00000000d6700000, 0x0000000100000000)
  eden space 15872K, 99% used [0x00000000d5580000,0x00000000d64e2ec0,0x00000000d6500000)
  from space 1024K, 59% used [0x00000000d6600000,0x00000000d6698020,0x00000000d6700000)
  to   space 1024K, 0% used [0x00000000d6500000,0x00000000d6500000,0x00000000d6600000)
 ParOldGen       total 216064K, used 205544K [0x0000000080000000, 0x000000008d300000, 0x00000000d5580000)
  object space 216064K, 95% used [0x0000000080000000,0x000000008c8ba290,0x000000008d300000)
 Metaspace       used 71049K, committed 73088K, reserved 1179648K
  class space    used 7003K, committed 7936K, reserved 1048576K
}
Event: 2309.601 GC heap after
{Heap after GC invocations=1616 (full 5):
 PSYoungGen      total 16896K, used 912K [0x00000000d5580000, 0x00000000d6700000, 0x0000000100000000)
  eden space 15872K, 0% used [0x00000000d5580000,0x00000000d5580000,0x00000000d6500000)
  from space 1024K, 89% used [0x00000000d6500000,0x00000000d65e4050,0x00000000d6600000)
  to   space 1024K, 0% used [0x00000000d6600000,0x00000000d6600000,0x00000000d6700000)
 ParOldGen       total 216064K, used 205544K [0x0000000080000000, 0x000000008d300000, 0x00000000d5580000)
  object space 216064K, 95% used [0x0000000080000000,0x000000008c8ba290,0x000000008d300000)
 Metaspace       used 71049K, committed 73088K, reserved 1179648K
  class space    used 7003K, committed 7936K, reserved 1048576K
}

Dll operation events (10 events):
Event: 0.055 Loaded shared library c:\Users\Admin\.vscode\extensions\redhat.java-1.43.1-win32-x64\jre\21.0.7-win32-x86_64\bin\java.dll
Event: 0.284 Loaded shared library c:\Users\Admin\.vscode\extensions\redhat.java-1.43.1-win32-x64\jre\21.0.7-win32-x86_64\bin\zip.dll
Event: 0.355 Loaded shared library C:\Users\Admin\.vscode\extensions\redhat.java-1.43.1-win32-x64\jre\21.0.7-win32-x86_64\bin\instrument.dll
Event: 0.374 Loaded shared library C:\Users\Admin\.vscode\extensions\redhat.java-1.43.1-win32-x64\jre\21.0.7-win32-x86_64\bin\net.dll
Event: 0.382 Loaded shared library C:\Users\Admin\.vscode\extensions\redhat.java-1.43.1-win32-x64\jre\21.0.7-win32-x86_64\bin\nio.dll
Event: 0.392 Loaded shared library C:\Users\Admin\.vscode\extensions\redhat.java-1.43.1-win32-x64\jre\21.0.7-win32-x86_64\bin\zip.dll
Event: 0.449 Loaded shared library C:\Users\Admin\.vscode\extensions\redhat.java-1.43.1-win32-x64\jre\21.0.7-win32-x86_64\bin\jimage.dll
Event: 0.707 Loaded shared library c:\Users\Admin\.vscode\extensions\redhat.java-1.43.1-win32-x64\jre\21.0.7-win32-x86_64\bin\verify.dll
Event: 5.018 Loaded shared library C:\Users\Admin\AppData\Roaming\Code\User\globalStorage\redhat.java\1.43.1\config_win\org.eclipse.equinox.launcher\org.eclipse.equinox.launcher.win32.win32.x86_64_1.2.1300.v20250331-1702\eclipse_11911.dll
Event: 11.320 Loaded shared library C:\Users\Admin\AppData\Local\Temp\jna-63116079\jna3636412082725957841.dll

Deoptimization events (20 events):
Event: 2308.330 Thread 0x00000204c7bf92d0 Uncommon trap: trap_request=0xffffffde fr.pc=0x00000204f2d1adf0 relative=0x0000000000000fd0
Event: 2308.330 Thread 0x00000204c7bf92d0 Uncommon trap: reason=class_check action=maybe_recompile pc=0x00000204f2d1adf0 method=com.sun.org.apache.xerces.internal.impl.XMLDocumentFragmentScannerImpl.scanStartElement()Z @ 439 c2
Event: 2308.330 Thread 0x00000204c7bf92d0 DEOPT PACKING pc=0x00000204f2d1adf0 sp=0x000000f7107fe400
Event: 2308.330 Thread 0x00000204c7bf92d0 DEOPT UNPACKING pc=0x00000204f22f3aa2 sp=0x000000f7107fe3a8 mode 2
Event: 2311.687 Thread 0x00000204c7bf92d0 Uncommon trap: trap_request=0xffffffd6 fr.pc=0x00000204f2890528 relative=0x0000000000000448
Event: 2311.687 Thread 0x00000204c7bf92d0 Uncommon trap: reason=array_check action=maybe_recompile pc=0x00000204f2890528 method=java.util.LinkedHashMap.keysToArray([Ljava/lang/Object;Z)[Ljava/lang/Object; @ 67 c2
Event: 2311.687 Thread 0x00000204c7bf92d0 DEOPT PACKING pc=0x00000204f2890528 sp=0x000000f7107fe2e0
Event: 2311.687 Thread 0x00000204c7bf92d0 DEOPT UNPACKING pc=0x00000204f22f3aa2 sp=0x000000f7107fe1b0 mode 2
Event: 2311.825 Thread 0x00000204c7bf92d0 Uncommon trap: trap_request=0xffffffd6 fr.pc=0x00000204f2890528 relative=0x0000000000000448
Event: 2311.825 Thread 0x00000204c7bf92d0 Uncommon trap: reason=array_check action=maybe_recompile pc=0x00000204f2890528 method=java.util.LinkedHashMap.keysToArray([Ljava/lang/Object;Z)[Ljava/lang/Object; @ 67 c2
Event: 2311.825 Thread 0x00000204c7bf92d0 DEOPT PACKING pc=0x00000204f2890528 sp=0x000000f7107fe830
Event: 2311.825 Thread 0x00000204c7bf92d0 DEOPT UNPACKING pc=0x00000204f22f3aa2 sp=0x000000f7107fe700 mode 2
Event: 2311.826 Thread 0x00000204c7bf92d0 Uncommon trap: trap_request=0xffffff45 fr.pc=0x00000204f289fbdc relative=0x000000000000019c
Event: 2311.826 Thread 0x00000204c7bf92d0 Uncommon trap: reason=unstable_if action=reinterpret pc=0x00000204f289fbdc method=java.util.concurrent.ConcurrentHashMap.get(Ljava/lang/Object;)Ljava/lang/Object; @ 152 c2
Event: 2311.826 Thread 0x00000204c7bf92d0 DEOPT PACKING pc=0x00000204f289fbdc sp=0x000000f7107fe560
Event: 2311.826 Thread 0x00000204c7bf92d0 DEOPT UNPACKING pc=0x00000204f22f3aa2 sp=0x000000f7107fe4c8 mode 2
Event: 2313.244 Thread 0x00000204c7bf92d0 Uncommon trap: trap_request=0xffffff45 fr.pc=0x00000204f33e7804 relative=0x00000000000002a4
Event: 2313.244 Thread 0x00000204c7bf92d0 Uncommon trap: reason=unstable_if action=reinterpret pc=0x00000204f33e7804 method=java.util.regex.Pattern.escape(ZZZ)I @ 8 c2
Event: 2313.245 Thread 0x00000204c7bf92d0 DEOPT PACKING pc=0x00000204f33e7804 sp=0x000000f7107fd710
Event: 2313.245 Thread 0x00000204c7bf92d0 DEOPT UNPACKING pc=0x00000204f22f3aa2 sp=0x000000f7107fd688 mode 2

Classes loaded (20 events):
Event: 326.464 Loading class java/util/stream/Nodes$AbstractConcNode done
Event: 326.464 Loading class java/util/stream/Nodes$ConcNode done
Event: 327.173 Loading class java/io/ObjectOutputStream$BlockDataOutputStream
Event: 327.232 Loading class java/io/ObjectOutputStream$BlockDataOutputStream done
Event: 327.235 Loading class java/io/ObjectOutputStream$HandleTable
Event: 327.244 Loading class java/io/ObjectOutputStream$HandleTable done
Event: 327.245 Loading class java/io/ObjectOutputStream$ReplaceTable
Event: 327.280 Loading class java/io/ObjectOutputStream$ReplaceTable done
Event: 1401.710 Loading class org/xml/sax/SAXNotRecognizedException
Event: 1401.727 Loading class org/xml/sax/SAXNotRecognizedException done
Event: 1401.730 Loading class org/xml/sax/SAXNotSupportedException
Event: 1401.734 Loading class org/xml/sax/SAXNotSupportedException done
Event: 1401.909 Loading class com/sun/org/apache/xerces/internal/util/URI
Event: 1402.076 Loading class com/sun/org/apache/xerces/internal/util/URI done
Event: 1402.129 Loading class com/sun/org/apache/xerces/internal/xni/XNIException
Event: 1402.139 Loading class com/sun/org/apache/xerces/internal/xni/XNIException done
Event: 1403.304 Loading class com/sun/org/apache/xerces/internal/xni/parser/XMLParseException
Event: 1403.323 Loading class com/sun/org/apache/xerces/internal/xni/parser/XMLParseException done
Event: 1408.083 Loading class java/nio/BufferMismatch
Event: 1408.093 Loading class java/nio/BufferMismatch done

Classes unloaded (20 events):
Event: 2215.077 Thread 0x00000204fe604940 Unloading class 0x0000020481016400 'java/lang/invoke/LambdaForm$MH+0x0000020481016400'
Event: 2215.077 Thread 0x00000204fe604940 Unloading class 0x0000020481014800 'java/lang/invoke/LambdaForm$MH+0x0000020481014800'
Event: 2215.078 Thread 0x00000204fe604940 Unloading class 0x000002048100d800 'java/lang/invoke/LambdaForm$MH+0x000002048100d800'
Event: 2215.078 Thread 0x00000204fe604940 Unloading class 0x000002048100d400 'java/lang/invoke/LambdaForm$MH+0x000002048100d400'
Event: 2215.078 Thread 0x00000204fe604940 Unloading class 0x000002048100d000 'java/lang/invoke/LambdaForm$MH+0x000002048100d000'
Event: 2215.078 Thread 0x00000204fe604940 Unloading class 0x000002048100cc00 'java/lang/invoke/LambdaForm$MH+0x000002048100cc00'
Event: 2215.078 Thread 0x00000204fe604940 Unloading class 0x000002048100c800 'java/lang/invoke/LambdaForm$BMH+0x000002048100c800'
Event: 2215.078 Thread 0x00000204fe604940 Unloading class 0x000002048100c000 'java/lang/invoke/LambdaForm$DMH+0x000002048100c000'
Event: 2215.078 Thread 0x00000204fe604940 Unloading class 0x0000020481008400 'java/lang/invoke/LambdaForm$MH+0x0000020481008400'
Event: 2215.079 Thread 0x00000204fe604940 Unloading class 0x0000020481008000 'java/lang/invoke/LambdaForm$MH+0x0000020481008000'
Event: 2215.079 Thread 0x00000204fe604940 Unloading class 0x0000020481007c00 'java/lang/invoke/LambdaForm$MH+0x0000020481007c00'
Event: 2215.080 Thread 0x00000204fe604940 Unloading class 0x0000020481006800 'java/lang/invoke/LambdaForm$MH+0x0000020481006800'
Event: 2215.080 Thread 0x00000204fe604940 Unloading class 0x0000020481006000 'java/lang/invoke/LambdaForm$MH+0x0000020481006000'
Event: 2215.080 Thread 0x00000204fe604940 Unloading class 0x0000020481005c00 'java/lang/invoke/LambdaForm$MH+0x0000020481005c00'
Event: 2215.080 Thread 0x00000204fe604940 Unloading class 0x0000020481005800 'java/lang/invoke/LambdaForm$MH+0x0000020481005800'
Event: 2215.080 Thread 0x00000204fe604940 Unloading class 0x0000020481005400 'java/lang/invoke/LambdaForm$BMH+0x0000020481005400'
Event: 2215.080 Thread 0x00000204fe604940 Unloading class 0x0000020481004000 'java/lang/invoke/LambdaForm$DMH+0x0000020481004000'
Event: 2215.081 Thread 0x00000204fe604940 Unloading class 0x0000020481002400 'java/lang/invoke/LambdaForm$MH+0x0000020481002400'
Event: 2215.081 Thread 0x00000204fe604940 Unloading class 0x0000020481002000 'java/lang/invoke/LambdaForm$MH+0x0000020481002000'
Event: 2215.081 Thread 0x00000204fe604940 Unloading class 0x0000020481001800 'java/lang/invoke/LambdaForm$MH+0x0000020481001800'

Classes redefined (0 events):
No events

Internal exceptions (20 events):
Event: 1274.954 Thread 0x00000204c65fc120 Exception <a 'sun/nio/fs/WindowsException'{0x00000000d5f9fda8}> (0x00000000d5f9fda8) 
thrown [s\src\hotspot\share\prims\jni.cpp, line 520]
Event: 1275.143 Thread 0x00000204c65fc120 Exception <a 'sun/nio/fs/WindowsException'{0x00000000d604c5a8}> (0x00000000d604c5a8) 
thrown [s\src\hotspot\share\prims\jni.cpp, line 520]
Event: 1275.143 Thread 0x00000204c65fc120 Exception <a 'sun/nio/fs/WindowsException'{0x00000000d604ce88}> (0x00000000d604ce88) 
thrown [s\src\hotspot\share\prims\jni.cpp, line 520]
Event: 1275.231 Thread 0x00000204c65fc120 Exception <a 'sun/nio/fs/WindowsException'{0x00000000d581c728}> (0x00000000d581c728) 
thrown [s\src\hotspot\share\prims\jni.cpp, line 520]
Event: 1275.231 Thread 0x00000204c65fc120 Exception <a 'sun/nio/fs/WindowsException'{0x00000000d581d008}> (0x00000000d581d008) 
thrown [s\src\hotspot\share\prims\jni.cpp, line 520]
Event: 1275.306 Thread 0x00000204c65fc120 Implicit null exception at 0x00000204f3113b7a to 0x00000204f3113c34
Event: 1275.306 Thread 0x00000204c65fc120 Implicit null exception at 0x00000204f3114c46 to 0x00000204f3116448
Event: 1275.607 Thread 0x00000204c65fc120 Exception <a 'sun/nio/fs/WindowsException'{0x00000000d5bcdd18}> (0x00000000d5bcdd18) 
thrown [s\src\hotspot\share\prims\jni.cpp, line 520]
Event: 1275.607 Thread 0x00000204c65fc120 Exception <a 'sun/nio/fs/WindowsException'{0x00000000d5bce5f8}> (0x00000000d5bce5f8) 
thrown [s\src\hotspot\share\prims\jni.cpp, line 520]
Event: 2305.451 Thread 0x00000204c7bf92d0 Implicit null exception at 0x00000204f2ea5a0e to 0x00000204f2ea5aac
Event: 2306.360 Thread 0x00000204c7bf92d0 Implicit null exception at 0x00000204f3211851 to 0x00000204f3211ac8
Event: 2306.731 Thread 0x00000204c7bf92d0 Exception <a 'java/lang/NoSuchMethodError'{0x00000000d64b2f30}: 'int java.lang.invoke.DirectMethodHandle$Holder.invokeStatic(java.lang.Object)'> (0x00000000d64b2f30) 
thrown [s\src\hotspot\share\interpreter\linkResolver.cpp, line 773]
Event: 2308.383 Thread 0x00000204c7bf92d0 Exception <a 'sun/nio/fs/WindowsException'{0x00000000d5927e28}> (0x00000000d5927e28) 
thrown [s\src\hotspot\share\prims\jni.cpp, line 520]
Event: 2308.386 Thread 0x00000204c7bf92d0 Exception <a 'sun/nio/fs/WindowsException'{0x00000000d59286f0}> (0x00000000d59286f0) 
thrown [s\src\hotspot\share\prims\jni.cpp, line 520]
Event: 2308.395 Thread 0x00000204c7bf92d0 Exception <a 'sun/nio/fs/WindowsException'{0x00000000d5929408}> (0x00000000d5929408) 
thrown [s\src\hotspot\share\prims\jni.cpp, line 520]
Event: 2308.395 Thread 0x00000204c7bf92d0 Exception <a 'sun/nio/fs/WindowsException'{0x00000000d5929cd0}> (0x00000000d5929cd0) 
thrown [s\src\hotspot\share\prims\jni.cpp, line 520]
Event: 2308.409 Thread 0x00000204c7bf92d0 Exception <a 'sun/nio/fs/WindowsException'{0x00000000d592b418}> (0x00000000d592b418) 
thrown [s\src\hotspot\share\prims\jni.cpp, line 520]
Event: 2308.409 Thread 0x00000204c7bf92d0 Exception <a 'sun/nio/fs/WindowsException'{0x00000000d592bca0}> (0x00000000d592bca0) 
thrown [s\src\hotspot\share\prims\jni.cpp, line 520]
Event: 2308.431 Thread 0x00000204c7bf92d0 Exception <a 'sun/nio/fs/WindowsException'{0x00000000d594f280}> (0x00000000d594f280) 
thrown [s\src\hotspot\share\prims\jni.cpp, line 520]
Event: 2308.431 Thread 0x00000204c7bf92d0 Exception <a 'sun/nio/fs/WindowsException'{0x00000000d594fb48}> (0x00000000d594fb48) 
thrown [s\src\hotspot\share\prims\jni.cpp, line 520]

ZGC Phase Switch (0 events):
No events

VM Operations (20 events):
Event: 2306.417 Executing VM operation: Cleanup
Event: 2306.418 Executing VM operation: Cleanup done
Event: 2306.762 Executing VM operation: ParallelGCFailedAllocation (Allocation Failure)
Event: 2306.796 Executing VM operation: ParallelGCFailedAllocation (Allocation Failure) done
Event: 2308.198 Executing VM operation: HandshakeAllThreads (Deoptimize)
Event: 2308.198 Executing VM operation: HandshakeAllThreads (Deoptimize) done
Event: 2308.198 Executing VM operation: Cleanup
Event: 2308.198 Executing VM operation: Cleanup done
Event: 2309.210 Executing VM operation: Cleanup
Event: 2309.210 Executing VM operation: Cleanup done
Event: 2309.592 Executing VM operation: ParallelGCFailedAllocation (Allocation Failure)
Event: 2309.602 Executing VM operation: ParallelGCFailedAllocation (Allocation Failure) done
Event: 2310.607 Executing VM operation: Cleanup
Event: 2310.608 Executing VM operation: Cleanup done
Event: 2311.610 Executing VM operation: Cleanup
Event: 2311.610 Executing VM operation: Cleanup done
Event: 2312.618 Executing VM operation: Cleanup
Event: 2312.618 Executing VM operation: Cleanup done
Event: 2313.620 Executing VM operation: Cleanup
Event: 2313.620 Executing VM operation: Cleanup done

Memory protections (0 events):
No events

Nmethod flushes (20 events):
Event: 2222.683 Thread 0x00000204fe604940 flushing  nmethod 0x00000204ecda6190
Event: 2222.683 Thread 0x00000204fe604940 flushing  nmethod 0x00000204ecdafe90
Event: 2222.683 Thread 0x00000204fe604940 flushing  nmethod 0x00000204ecdb5110
Event: 2222.683 Thread 0x00000204fe604940 flushing  nmethod 0x00000204ecdc5a90
Event: 2222.683 Thread 0x00000204fe604940 flushing  nmethod 0x00000204ecdc9990
Event: 2222.683 Thread 0x00000204fe604940 flushing  nmethod 0x00000204ecde1890
Event: 2222.683 Thread 0x00000204fe604940 flushing  nmethod 0x00000204ecde6290
Event: 2222.685 Thread 0x00000204fe604940 flushing  nmethod 0x00000204ecdf7790
Event: 2222.685 Thread 0x00000204fe604940 flushing  nmethod 0x00000204ecdf7f90
Event: 2222.686 Thread 0x00000204fe604940 flushing  nmethod 0x00000204ece06c10
Event: 2222.686 Thread 0x00000204fe604940 flushing  nmethod 0x00000204ece59390
Event: 2222.686 Thread 0x00000204fe604940 flushing  nmethod 0x00000204ece80890
Event: 2222.686 Thread 0x00000204fe604940 flushing  nmethod 0x00000204ecea5d10
Event: 2222.687 Thread 0x00000204fe604940 flushing  nmethod 0x00000204eceb0710
Event: 2222.687 Thread 0x00000204fe604940 flushing  nmethod 0x00000204ecf1b210
Event: 2222.687 Thread 0x00000204fe604940 flushing  nmethod 0x00000204ecf22010
Event: 2222.687 Thread 0x00000204fe604940 flushing  nmethod 0x00000204ecf2e090
Event: 2222.687 Thread 0x00000204fe604940 flushing osr nmethod 0x00000204ecf40e10
Event: 2222.687 Thread 0x00000204fe604940 flushing  nmethod 0x00000204ecf72690
Event: 2222.687 Thread 0x00000204fe604940 flushing  nmethod 0x00000204ecf96e90

Events (20 events):
Event: 1408.943 Thread 0x00000204c8913080 Thread added: 0x00000204c7bf9960
Event: 1469.004 Thread 0x00000204c65fc120 Thread exited: 0x00000204c65fc120
Event: 1611.722 Thread 0x00000204c89129f0 Thread added: 0x00000204c7bf9ff0
Event: 1649.129 Thread 0x00000204c8913080 Thread exited: 0x00000204c8913080
Event: 1672.538 Thread 0x00000204c7bf9ff0 Thread exited: 0x00000204c7bf9ff0
Event: 1705.961 Thread 0x00000204c65fce40 Thread added: 0x00000204c7bf7f20
Event: 1706.030 Thread 0x00000204c7bf7f20 Thread exited: 0x00000204c7bf7f20
Event: 1723.372 Thread 0x00000204c89129f0 Thread added: 0x00000204c7bf9ff0
Event: 1769.293 Thread 0x00000204c7bf9960 Thread exited: 0x00000204c7bf9960
Event: 1803.339 Thread 0x00000204c7bf9ff0 Thread exited: 0x00000204c7bf9ff0
Event: 2163.266 Thread 0x00000204c89129f0 Thread added: 0x00000204c7bf85b0
Event: 2166.009 Thread 0x00000204c8915e70 Thread added: 0x00000204c7bf9ff0
Event: 2172.912 Thread 0x00000204c7bf9ff0 Thread added: 0x00000204c7bfb3a0
Event: 2178.321 Thread 0x00000204c65fce40 Thread added: 0x00000204c7bf8c40
Event: 2226.973 Thread 0x00000204c7bf85b0 Thread exited: 0x00000204c7bf85b0
Event: 2284.426 Thread 0x00000204c89129f0 Thread added: 0x00000204c7bf92d0
Event: 2291.537 Thread 0x00000204c65fad70 Thread exited: 0x00000204c65fad70
Event: 2293.947 Thread 0x00000204c7bf9ff0 Thread added: 0x00000204c7bf9960
Event: 2296.509 Thread 0x00000204c7bf8c40 Thread added: 0x00000204c7bfa680
Event: 2307.328 Thread 0x00000204c7bf92d0 Thread added: 0x00000204c7bfad10


Dynamic libraries:
0x00007ff644cc0000 - 0x00007ff644cce000 	c:\Users\Admin\.vscode\extensions\redhat.java-1.43.1-win32-x64\jre\21.0.7-win32-x86_64\bin\java.exe
0x00007ffb01e40000 - 0x00007ffb020a3000 	C:\WINDOWS\SYSTEM32\ntdll.dll
0x00007ffb01760000 - 0x00007ffb01827000 	C:\WINDOWS\System32\KERNEL32.DLL
0x00007ffaff0d0000 - 0x00007ffaff499000 	C:\WINDOWS\System32\KERNELBASE.dll
0x00007ffaffb10000 - 0x00007ffaffc5c000 	C:\WINDOWS\System32\ucrtbase.dll
0x00007ffafc030000 - 0x00007ffafc048000 	c:\Users\Admin\.vscode\extensions\redhat.java-1.43.1-win32-x64\jre\21.0.7-win32-x86_64\bin\jli.dll
0x00007ffb00f20000 - 0x00007ffb010ea000 	C:\WINDOWS\System32\USER32.dll
0x00007ffaffae0000 - 0x00007ffaffb07000 	C:\WINDOWS\System32\win32u.dll
0x00007ffb01a20000 - 0x00007ffb01a4a000 	C:\WINDOWS\System32\GDI32.dll
0x00007ffaff550000 - 0x00007ffaff681000 	C:\WINDOWS\System32\gdi32full.dll
0x00007ffaf8fc0000 - 0x00007ffaf8fde000 	c:\Users\Admin\.vscode\extensions\redhat.java-1.43.1-win32-x64\jre\21.0.7-win32-x86_64\bin\VCRUNTIME140.dll
0x00007ffaff4a0000 - 0x00007ffaff543000 	C:\WINDOWS\System32\msvcp_win.dll
0x00007ffaea280000 - 0x00007ffaea510000 	C:\WINDOWS\WinSxS\amd64_microsoft.windows.common-controls_6595b64144ccf1df_6.0.26100.3323_none_3e088096e3344490\COMCTL32.dll
0x00007ffb013c0000 - 0x00007ffb01469000 	C:\WINDOWS\System32\msvcrt.dll
0x00007ffb01db0000 - 0x00007ffb01ddf000 	C:\WINDOWS\System32\IMM32.DLL
0x00007ffafa1b0000 - 0x00007ffafa1bc000 	c:\Users\Admin\.vscode\extensions\redhat.java-1.43.1-win32-x64\jre\21.0.7-win32-x86_64\bin\vcruntime140_1.dll
0x00007ffae0170000 - 0x00007ffae01fd000 	c:\Users\Admin\.vscode\extensions\redhat.java-1.43.1-win32-x64\jre\21.0.7-win32-x86_64\bin\msvcp140.dll
0x00007ffa91bd0000 - 0x00007ffa92960000 	c:\Users\Admin\.vscode\extensions\redhat.java-1.43.1-win32-x64\jre\21.0.7-win32-x86_64\bin\server\jvm.dll
0x00007ffb01960000 - 0x00007ffb01a12000 	C:\WINDOWS\System32\ADVAPI32.dll
0x00007ffb018b0000 - 0x00007ffb01956000 	C:\WINDOWS\System32\sechost.dll
0x00007ffb015e0000 - 0x00007ffb016f6000 	C:\WINDOWS\System32\RPCRT4.dll
0x00007ffb01550000 - 0x00007ffb015c4000 	C:\WINDOWS\System32\WS2_32.dll
0x00007ffaf7320000 - 0x00007ffaf7356000 	C:\WINDOWS\SYSTEM32\WINMM.dll
0x00007ffafeed0000 - 0x00007ffafef1e000 	C:\WINDOWS\SYSTEM32\POWRPROF.dll
0x00007ffaf7360000 - 0x00007ffaf736b000 	C:\WINDOWS\SYSTEM32\VERSION.dll
0x00007ffafeeb0000 - 0x00007ffafeec4000 	C:\WINDOWS\SYSTEM32\UMPDC.dll
0x00007ffafde20000 - 0x00007ffafde3a000 	C:\WINDOWS\SYSTEM32\kernel.appcore.dll
0x00007ffaf9f50000 - 0x00007ffaf9f5a000 	c:\Users\Admin\.vscode\extensions\redhat.java-1.43.1-win32-x64\jre\21.0.7-win32-x86_64\bin\jimage.dll
0x00007ffaf1600000 - 0x00007ffaf1841000 	C:\WINDOWS\SYSTEM32\DBGHELP.DLL
0x00007ffb00b00000 - 0x00007ffb00e82000 	C:\WINDOWS\System32\combase.dll
0x00007ffb01470000 - 0x00007ffb01546000 	C:\WINDOWS\System32\OLEAUT32.dll
0x00007ffaeea90000 - 0x00007ffaeeac9000 	C:\WINDOWS\SYSTEM32\dbgcore.DLL
0x00007ffaff8d0000 - 0x00007ffaff969000 	C:\WINDOWS\System32\bcryptPrimitives.dll
0x00007ffaf9f00000 - 0x00007ffaf9f0f000 	c:\Users\Admin\.vscode\extensions\redhat.java-1.43.1-win32-x64\jre\21.0.7-win32-x86_64\bin\instrument.dll
0x00007ffaf4e70000 - 0x00007ffaf4e8f000 	c:\Users\Admin\.vscode\extensions\redhat.java-1.43.1-win32-x64\jre\21.0.7-win32-x86_64\bin\java.dll
0x00007ffaffc80000 - 0x00007ffb00395000 	C:\WINDOWS\System32\SHELL32.dll
0x00007ffaff970000 - 0x00007ffaffad8000 	C:\WINDOWS\System32\wintypes.dll
0x00007ffafcd00000 - 0x00007ffafd545000 	C:\WINDOWS\SYSTEM32\windows.storage.dll
0x00007ffb003a0000 - 0x00007ffb0048b000 	C:\WINDOWS\System32\SHCORE.dll
0x00007ffb01700000 - 0x00007ffb0175d000 	C:\WINDOWS\System32\shlwapi.dll
0x00007ffafef50000 - 0x00007ffafef7f000 	C:\WINDOWS\SYSTEM32\profapi.dll
0x00007ffaf3e20000 - 0x00007ffaf3e38000 	c:\Users\Admin\.vscode\extensions\redhat.java-1.43.1-win32-x64\jre\21.0.7-win32-x86_64\bin\zip.dll
0x00007ffaf8fb0000 - 0x00007ffaf8fc0000 	C:\Users\Admin\.vscode\extensions\redhat.java-1.43.1-win32-x64\jre\21.0.7-win32-x86_64\bin\net.dll
0x00007ffaf7150000 - 0x00007ffaf726e000 	C:\WINDOWS\SYSTEM32\WINHTTP.dll
0x00007ffafe320000 - 0x00007ffafe38a000 	C:\WINDOWS\system32\mswsock.dll
0x00007ffaf3190000 - 0x00007ffaf31a6000 	C:\Users\Admin\.vscode\extensions\redhat.java-1.43.1-win32-x64\jre\21.0.7-win32-x86_64\bin\nio.dll
0x00007ffaf48c0000 - 0x00007ffaf48d0000 	c:\Users\Admin\.vscode\extensions\redhat.java-1.43.1-win32-x64\jre\21.0.7-win32-x86_64\bin\verify.dll
0x00007ffab7750000 - 0x00007ffab7795000 	C:\Users\Admin\AppData\Roaming\Code\User\globalStorage\redhat.java\1.43.1\config_win\org.eclipse.equinox.launcher\org.eclipse.equinox.launcher.win32.win32.x86_64_1.2.1300.v20250331-1702\eclipse_11911.dll
0x00007ffb01220000 - 0x00007ffb013b5000 	C:\WINDOWS\System32\ole32.dll
0x00007ffafe6d0000 - 0x00007ffafe6ec000 	C:\WINDOWS\SYSTEM32\CRYPTSP.dll
0x00007ffafdd80000 - 0x00007ffafddba000 	C:\WINDOWS\system32\rsaenh.dll
0x00007ffafe3c0000 - 0x00007ffafe3eb000 	C:\WINDOWS\SYSTEM32\USERENV.dll
0x00007ffafe860000 - 0x00007ffafe886000 	C:\WINDOWS\SYSTEM32\bcrypt.dll
0x00007ffafe550000 - 0x00007ffafe55c000 	C:\WINDOWS\SYSTEM32\CRYPTBASE.dll
0x00007ffafd840000 - 0x00007ffafd873000 	C:\WINDOWS\SYSTEM32\IPHLPAPI.DLL
0x00007ffb015d0000 - 0x00007ffb015da000 	C:\WINDOWS\System32\NSI.dll
0x00007ffab52e0000 - 0x00007ffab5329000 	C:\Users\Admin\AppData\Local\Temp\jna-63116079\jna3636412082725957841.dll
0x00007ffb01df0000 - 0x00007ffb01df8000 	C:\WINDOWS\System32\PSAPI.DLL
0x00007ffaf72f0000 - 0x00007ffaf730f000 	C:\WINDOWS\SYSTEM32\dhcpcsvc6.DLL
0x00007ffaf4f30000 - 0x00007ffaf4f55000 	C:\WINDOWS\SYSTEM32\dhcpcsvc.DLL
0x00007ffafdf40000 - 0x00007ffafdf75000 	C:\WINDOWS\SYSTEM32\ntmarta.dll

dbghelp: loaded successfully - version: 4.0.5 - missing functions: none
symbol engine: initialized successfully - sym options: 0x614 - pdb path: .;c:\Users\Admin\.vscode\extensions\redhat.java-1.43.1-win32-x64\jre\21.0.7-win32-x86_64\bin;C:\WINDOWS\SYSTEM32;C:\WINDOWS\WinSxS\amd64_microsoft.windows.common-controls_6595b64144ccf1df_6.0.26100.3323_none_3e088096e3344490;c:\Users\Admin\.vscode\extensions\redhat.java-1.43.1-win32-x64\jre\21.0.7-win32-x86_64\bin\server;C:\Users\Admin\AppData\Roaming\Code\User\globalStorage\redhat.java\1.43.1\config_win\org.eclipse.equinox.launcher\org.eclipse.equinox.launcher.win32.win32.x86_64_1.2.1300.v20250331-1702;C:\Users\Admin\AppData\Local\Temp\jna-63116079

VM Arguments:
jvm_args: --add-modules=ALL-SYSTEM --add-opens=java.base/java.util=ALL-UNNAMED --add-opens=java.base/java.lang=ALL-UNNAMED --add-opens=java.base/sun.nio.fs=ALL-UNNAMED -Declipse.application=org.eclipse.jdt.ls.core.id1 -Dosgi.bundles.defaultStartLevel=4 -Declipse.product=org.eclipse.jdt.ls.core.product -Djava.import.generatesMetadataFilesAtProjectRoot=false -DDetectVMInstallationsJob.disabled=true -Dfile.encoding=utf8 -XX:+UseParallelGC -XX:GCTimeRatio=4 -XX:AdaptiveSizePolicyWeight=90 -Dsun.zip.disableMemoryMapping=true -Xmx2G -Xms100m -Xlog:disable -javaagent:c:\Users\Admin\.vscode\extensions\redhat.java-1.43.1-win32-x64\lombok\lombok-1.18.39-4050.jar -XX:+HeapDumpOnOutOfMemoryError -XX:HeapDumpPath=c:\Users\Admin\AppData\Roaming\Code\User\workspaceStorage\91bfc2bb926e85cacc8896de9206306c\redhat.java -Daether.dependencyCollector.impl=bf 
java_command: c:\Users\Admin\.vscode\extensions\redhat.java-1.43.1-win32-x64\server\plugins\org.eclipse.equinox.launcher_1.7.0.v20250519-0528.jar -configuration c:\Users\Admin\AppData\Roaming\Code\User\globalStorage\redhat.java\1.43.1\config_win -data c:\Users\Admin\AppData\Roaming\Code\User\workspaceStorage\91bfc2bb926e85cacc8896de9206306c\redhat.java\jdt_ws --pipe=\\.\pipe\lsp-02988cbd4a3e153d393152c67c1e4235-sock
java_class_path (initial): c:\Users\Admin\.vscode\extensions\redhat.java-1.43.1-win32-x64\server\plugins\org.eclipse.equinox.launcher_1.7.0.v20250519-0528.jar
Launcher Type: SUN_STANDARD

[Global flags]
    uintx AdaptiveSizePolicyWeight                 = 90                                        {product} {command line}
     intx CICompilerCount                          = 4                                         {product} {ergonomic}
    uintx GCTimeRatio                              = 4                                         {product} {command line}
     bool HeapDumpOnOutOfMemoryError               = true                                   {manageable} {command line}
    ccstr HeapDumpPath                             = c:\Users\Admin\AppData\Roaming\Code\User\workspaceStorage\91bfc2bb926e85cacc8896de9206306c\redhat.java         {manageable} {command line}
   size_t InitialHeapSize                          = 104857600                                 {product} {command line}
   size_t MaxHeapSize                              = 2147483648                                {product} {command line}
   size_t MaxNewSize                               = 715653120                                 {product} {ergonomic}
   size_t MinHeapDeltaBytes                        = 524288                                    {product} {ergonomic}
   size_t MinHeapSize                              = 104857600                                 {product} {command line}
   size_t NewSize                                  = 34603008                                  {product} {ergonomic}
    uintx NonNMethodCodeHeapSize                   = 5839372                                {pd product} {ergonomic}
    uintx NonProfiledCodeHeapSize                  = 122909434                              {pd product} {ergonomic}
   size_t OldSize                                  = 70254592                                  {product} {ergonomic}
    uintx ProfiledCodeHeapSize                     = 122909434                              {pd product} {ergonomic}
    uintx ReservedCodeCacheSize                    = 251658240                              {pd product} {ergonomic}
     bool SegmentedCodeCache                       = true                                      {product} {ergonomic}
   size_t SoftMaxHeapSize                          = 2147483648                             {manageable} {ergonomic}
     bool UseCompressedOops                        = true                           {product lp64_product} {ergonomic}
     bool UseLargePagesIndividualAllocation        = false                                  {pd product} {ergonomic}
     bool UseParallelGC                            = true                                      {product} {command line}

Logging:
Log output configuration:
 #0: stdout all=off uptime,level,tags foldmultilines=false
 #1: stderr all=off uptime,level,tags foldmultilines=false

Environment Variables:
JAVA_HOME=C:\Program Files\Java\jdk-17
PATH=C:\Program Files\Java\jdk-17\bin;C:\Program Files\Java\jdk-21\bin;C:\Users\Admin\Downloads\kafka-3.9.0-src\kafka-3.9.0-src\bin;C:\Users\Admin\Downloads\gradle-8.11-bin\gradle-8.11\bin;D:\JDk\jdk1.8.0_281\bin;C:\Program Files\Common Files\Oracle\Java\javapath;C:\Program Files (x86)\Common Files\Oracle\Java\javapath;C:\WINDOWS\system32;C:\WINDOWS;C:\WINDOWS\System32\Wbem;C:\WINDOWS\System32\WindowsPowerShell\v1.0\;C:\WINDOWS\System32\OpenSSH\;C:\Program Files\nodejs\;C:\Program Files\Java\jdk-17\\bin;C:\Program Files\Git\cmd;C:\Program Files\PuTTY\;C:\Users\Admin\Desktop\mvn\apache-maven-3.9.4-bin\apache-maven-3.9.4\bin;C:\Program Files\Docker\Docker\resources\bin;C:\Users\Admin\Downloads\New folder (19)\strawberry-perl-5.40.0.1-64bit-portable\perl\bin;C:\Program Files\Maven\apache-maven-3.9.9-bin\apache-maven-3.9.9\bin;C:\Program Files\Java\jdk-17\bin;C:\Program Files\Java\jdk-21\bin;C:\Users\Admin\Downloads\kafka-3.9.0-src\kafka-3.9.0-src\bin;C:\Users\Admin\Downloads\gradle-8.11-bin\gradle-8.11\bin;D:\JDk\jdk1.8.0_281\bin;C:\Users\Admin\AppData\Local\Microsoft\WindowsApps;C:\Users\Admin\AppData\Local\Programs\Microsoft VS Code\bin;C:\Users\Admin\AppData\Roaming\npm;C:\Program Files\JetBrains\IntelliJ IDEA 2024.1.2\bin;;C:\Program Files\PHP;C:\Users\Admin\AppData\Local\Programs\MiKTeX\miktex\bin\x64\;C:\Users\Admin\Downloads\New folder (19)\strawberry-perl-5.40.0.1-64bit-portable\perl\bin;C:\Program Files\Maven\apache-maven-3.9.9-bin\apache-maven-3.9.9\bin;
USERNAME=Admin
OS=Windows_NT
PROCESSOR_IDENTIFIER=AMD64 Family 23 Model 104 Stepping 1, AuthenticAMD
TMP=C:\Users\Admin\AppData\Local\Temp
TEMP=C:\Users\Admin\AppData\Local\Temp




Periodic native trim disabled

---------------  S Y S T E M  ---------------

OS:
 Windows 11 , 64 bit Build 26100 (10.0.26100.3323)
OS uptime: 1 days 1:13 hours
Hyper-V role detected

CPU: total 12 (initial active 12) (12 cores per cpu, 2 threads per core) family 23 model 104 stepping 1 microcode 0x8608103, cx8, cmov, fxsr, ht, mmx, 3dnowpref, sse, sse2, sse3, ssse3, sse4a, sse4.1, sse4.2, popcnt, lzcnt, tsc, tscinvbit, avx, avx2, aes, clmul, bmi1, bmi2, adx, sha, fma, vzeroupper, clflush, clflushopt, hv, rdtscp, rdpid, f16c
Processor Information for the first 12 processors :
  Max Mhz: 2100, Current Mhz: 1686, Mhz Limit: 2100

Memory: 4k page, system-wide physical 6005M (125M free)
TotalPageFile size 24437M (AvailPageFile size 15M)
current process WorkingSet (physical memory assigned to process): 154M, peak: 373M
current process commit charge ("private bytes"): 552M, peak: 1698M

vm_info: OpenJDK 64-Bit Server VM (21.0.7+6-LTS) for windows-amd64 JRE (21.0.7+6-LTS), built on 2025-04-15T00:00:00Z by "admin" with MS VC++ 17.7 (VS2022)

END.
